[0.012s] Invoking command in '/workspace/build/tutorial_interfaces': CMAKE_PREFIX_PATH=${CMAKE_PREFIX_PATH}:/workspace/install/pubsub:/workspace/install/srvcli:/workspace/install/my_py_pkg:/workspace/install/my_package:/opt/ros/humble /usr/bin/cmake /workspace/tutorial_interfaces -DCMAKE_INSTALL_PREFIX=/workspace/install/tutorial_interfaces
[0.073s] -- The C compiler identification is GNU 11.3.0
[0.133s] -- The CXX compiler identification is GNU 11.3.0
[0.140s] -- Detecting C compiler ABI info
[0.200s] -- Detecting C compiler ABI info - done
[0.208s] -- Check for working C compiler: /usr/bin/cc - skipped
[0.208s] -- Detecting C compile features
[0.208s] -- Detecting C compile features - done
[0.211s] -- Detecting CXX compiler ABI info
[0.286s] -- Detecting CXX compiler ABI info - done
[0.293s] -- Check for working CXX compiler: /usr/bin/c++ - skipped
[0.293s] -- Detecting CXX compile features
[0.293s] -- Detecting CXX compile features - done
[0.297s] -- Found ament_cmake: 1.3.3 (/opt/ros/humble/share/ament_cmake/cmake)
[0.463s] -- Found Python3: /usr/bin/python3.10 (found version "3.10.6") found components: Interpreter 
[0.564s] -- Found ament_lint_auto: 0.12.5 (/opt/ros/humble/share/ament_lint_auto/cmake)
[0.640s] -- Found geometry_msgs: 4.2.3 (/opt/ros/humble/share/geometry_msgs/cmake)
[0.683s] -- Found rosidl_generator_c: 3.1.4 (/opt/ros/humble/share/rosidl_generator_c/cmake)
[0.689s] -- Found rosidl_adapter: 3.1.4 (/opt/ros/humble/share/rosidl_adapter/cmake)
[0.699s] -- Found rosidl_generator_cpp: 3.1.4 (/opt/ros/humble/share/rosidl_generator_cpp/cmake)
[0.727s] -- Using all available rosidl_typesupport_c: rosidl_typesupport_fastrtps_c;rosidl_typesupport_introspection_c
[0.752s] -- Using all available rosidl_typesupport_cpp: rosidl_typesupport_fastrtps_cpp;rosidl_typesupport_introspection_cpp
[0.883s] -- Found rosidl_default_generators: 1.2.0 (/opt/ros/humble/share/rosidl_default_generators/cmake)
[1.191s] -- Found ament_cmake_ros: 0.10.0 (/opt/ros/humble/share/ament_cmake_ros/cmake)
[1.620s] -- Using all available rosidl_typesupport_c: rosidl_typesupport_fastrtps_c;rosidl_typesupport_introspection_c
[1.779s] -- Using all available rosidl_typesupport_cpp: rosidl_typesupport_fastrtps_cpp;rosidl_typesupport_introspection_cpp
[1.799s] -- Found PythonInterp: /usr/bin/python3 (found suitable version "3.10.6", minimum required is "3.6") 
[1.802s] -- Found python_cmake_module: 0.10.0 (/opt/ros/humble/share/python_cmake_module/cmake)
[1.826s] -- Found PythonLibs: /usr/lib/x86_64-linux-gnu/libpython3.10.so (found suitable version "3.10.6", minimum required is "3.5") 
[1.827s] -- Using PYTHON_EXECUTABLE: /usr/bin/python3
[1.827s] -- Using PYTHON_INCLUDE_DIRS: /usr/include/python3.10
[1.827s] -- Using PYTHON_LIBRARIES: /usr/lib/x86_64-linux-gnu/libpython3.10.so
[1.845s] -- Found PythonExtra: .so  
[1.912s] -- Added test 'lint_cmake' to check CMake code style
[1.913s] -- Added test 'xmllint' to check XML markup files
[1.917s] -- Configuring done
[1.995s] -- Generating done
[1.999s] -- Build files have been written to: /workspace/build/tutorial_interfaces
[2.012s] Invoked command in '/workspace/build/tutorial_interfaces' returned '0': CMAKE_PREFIX_PATH=${CMAKE_PREFIX_PATH}:/workspace/install/pubsub:/workspace/install/srvcli:/workspace/install/my_py_pkg:/workspace/install/my_package:/opt/ros/humble /usr/bin/cmake /workspace/tutorial_interfaces -DCMAKE_INSTALL_PREFIX=/workspace/install/tutorial_interfaces
[2.014s] Invoking command in '/workspace/build/tutorial_interfaces': CMAKE_PREFIX_PATH=${CMAKE_PREFIX_PATH}:/workspace/install/pubsub:/workspace/install/srvcli:/workspace/install/my_py_pkg:/workspace/install/my_package:/opt/ros/humble /usr/bin/cmake --build /workspace/build/tutorial_interfaces -- -j12 -l12
[2.062s] [35m[1mConsolidate compiler generated dependencies of target tutorial_interfaces__rosidl_generator_c[0m
[2.075s] [  1%] Built target tutorial_interfaces__cpp
[2.079s] [ 12%] Built target tutorial_interfaces__rosidl_generator_c
[2.091s] [ 12%] Built target ament_cmake_python_copy_tutorial_interfaces
[2.093s] [35m[1mConsolidate compiler generated dependencies of target tutorial_interfaces__rosidl_typesupport_introspection_cpp[0m
[2.094s] [35m[1mConsolidate compiler generated dependencies of target tutorial_interfaces__rosidl_typesupport_fastrtps_cpp[0m
[2.095s] [35m[1mConsolidate compiler generated dependencies of target tutorial_interfaces__rosidl_typesupport_cpp[0m
[2.103s] [35m[1mConsolidate compiler generated dependencies of target tutorial_interfaces__rosidl_typesupport_c[0m
[2.103s] [35m[1mConsolidate compiler generated dependencies of target tutorial_interfaces__rosidl_typesupport_fastrtps_c[0m
[2.105s] [35m[1mConsolidate compiler generated dependencies of target tutorial_interfaces__rosidl_typesupport_introspection_c[0m
[2.125s] [ 23%] Built target tutorial_interfaces__rosidl_typesupport_introspection_cpp
[2.131s] [ 46%] Built target tutorial_interfaces__rosidl_typesupport_introspection_c
[2.132s] [ 46%] Built target tutorial_interfaces__rosidl_typesupport_c
[2.132s] [ 61%] Built target tutorial_interfaces__rosidl_typesupport_fastrtps_cpp
[2.132s] [ 68%] Built target tutorial_interfaces__rosidl_typesupport_cpp
[2.140s] [ 79%] Built target tutorial_interfaces__rosidl_typesupport_fastrtps_c
[2.166s] [ 79%] Built target tutorial_interfaces
[2.195s] [ 80%] Built target tutorial_interfaces__py
[2.210s] [35m[1mConsolidate compiler generated dependencies of target tutorial_interfaces__rosidl_generator_py[0m
[2.232s] [ 90%] Built target tutorial_interfaces__rosidl_generator_py
[2.245s] [35m[1mConsolidate compiler generated dependencies of target tutorial_interfaces__rosidl_typesupport_introspection_c__pyext[0m
[2.245s] [35m[1mConsolidate compiler generated dependencies of target tutorial_interfaces__rosidl_typesupport_c__pyext[0m
[2.245s] [35m[1mConsolidate compiler generated dependencies of target tutorial_interfaces__rosidl_typesupport_fastrtps_c__pyext[0m
[2.261s] [ 96%] Built target tutorial_interfaces__rosidl_typesupport_introspection_c__pyext
[2.261s] [ 96%] Built target tutorial_interfaces__rosidl_typesupport_c__pyext
[2.261s] [100%] Built target tutorial_interfaces__rosidl_typesupport_fastrtps_c__pyext
[2.370s] running egg_info
[2.370s] writing tutorial_interfaces.egg-info/PKG-INFO
[2.371s] writing dependency_links to tutorial_interfaces.egg-info/dependency_links.txt
[2.371s] writing top-level names to tutorial_interfaces.egg-info/top_level.txt
[2.373s] reading manifest file 'tutorial_interfaces.egg-info/SOURCES.txt'
[2.373s] writing manifest file 'tutorial_interfaces.egg-info/SOURCES.txt'
[2.393s] [100%] Built target ament_cmake_python_build_tutorial_interfaces_egg
[2.403s] Invoked command in '/workspace/build/tutorial_interfaces' returned '0': CMAKE_PREFIX_PATH=${CMAKE_PREFIX_PATH}:/workspace/install/pubsub:/workspace/install/srvcli:/workspace/install/my_py_pkg:/workspace/install/my_package:/opt/ros/humble /usr/bin/cmake --build /workspace/build/tutorial_interfaces -- -j12 -l12
[2.567s] Invoking command in '/workspace/build/tutorial_interfaces': CMAKE_PREFIX_PATH=${CMAKE_PREFIX_PATH}:/workspace/install/pubsub:/workspace/install/srvcli:/workspace/install/my_py_pkg:/workspace/install/my_package:/opt/ros/humble /usr/bin/cmake --install /workspace/build/tutorial_interfaces
[2.574s] -- Install configuration: ""
[2.574s] -- Up-to-date: /workspace/install/tutorial_interfaces/share/ament_index/resource_index/rosidl_interfaces/tutorial_interfaces
[2.574s] -- Up-to-date: /workspace/install/tutorial_interfaces/include/tutorial_interfaces/tutorial_interfaces
[2.574s] -- Up-to-date: /workspace/install/tutorial_interfaces/include/tutorial_interfaces/tutorial_interfaces/action
[2.574s] -- Up-to-date: /workspace/install/tutorial_interfaces/include/tutorial_interfaces/tutorial_interfaces/action/detail
[2.574s] -- Up-to-date: /workspace/install/tutorial_interfaces/include/tutorial_interfaces/tutorial_interfaces/action/detail/count__type_support.h
[2.574s] -- Up-to-date: /workspace/install/tutorial_interfaces/include/tutorial_interfaces/tutorial_interfaces/action/detail/fibonacci__type_support.h
[2.575s] -- Up-to-date: /workspace/install/tutorial_interfaces/include/tutorial_interfaces/tutorial_interfaces/action/detail/count_down__functions.h
[2.575s] -- Up-to-date: /workspace/install/tutorial_interfaces/include/tutorial_interfaces/tutorial_interfaces/action/detail/count_down__struct.h
[2.575s] -- Up-to-date: /workspace/install/tutorial_interfaces/include/tutorial_interfaces/tutorial_interfaces/action/detail/fibonacci__struct.h
[2.575s] -- Up-to-date: /workspace/install/tutorial_interfaces/include/tutorial_interfaces/tutorial_interfaces/action/detail/count__functions.h
[2.575s] -- Up-to-date: /workspace/install/tutorial_interfaces/include/tutorial_interfaces/tutorial_interfaces/action/detail/count__functions.c
[2.575s] -- Up-to-date: /workspace/install/tutorial_interfaces/include/tutorial_interfaces/tutorial_interfaces/action/detail/fibonacci__functions.h
[2.575s] -- Up-to-date: /workspace/install/tutorial_interfaces/include/tutorial_interfaces/tutorial_interfaces/action/detail/count__struct.h
[2.575s] -- Up-to-date: /workspace/install/tutorial_interfaces/include/tutorial_interfaces/tutorial_interfaces/action/detail/fibonacci__functions.c
[2.575s] -- Up-to-date: /workspace/install/tutorial_interfaces/include/tutorial_interfaces/tutorial_interfaces/action/detail/count_down__type_support.h
[2.575s] -- Up-to-date: /workspace/install/tutorial_interfaces/include/tutorial_interfaces/tutorial_interfaces/action/detail/count_down__functions.c
[2.576s] -- Up-to-date: /workspace/install/tutorial_interfaces/include/tutorial_interfaces/tutorial_interfaces/action/count_down.h
[2.576s] -- Up-to-date: /workspace/install/tutorial_interfaces/include/tutorial_interfaces/tutorial_interfaces/action/fibonacci.h
[2.576s] -- Up-to-date: /workspace/install/tutorial_interfaces/include/tutorial_interfaces/tutorial_interfaces/action/count.h
[2.576s] -- Up-to-date: /workspace/install/tutorial_interfaces/include/tutorial_interfaces/tutorial_interfaces/srv
[2.576s] -- Up-to-date: /workspace/install/tutorial_interfaces/include/tutorial_interfaces/tutorial_interfaces/srv/detail
[2.576s] -- Up-to-date: /workspace/install/tutorial_interfaces/include/tutorial_interfaces/tutorial_interfaces/srv/detail/add_three_ints__functions.h
[2.576s] -- Up-to-date: /workspace/install/tutorial_interfaces/include/tutorial_interfaces/tutorial_interfaces/srv/detail/add_three_ints__struct.h
[2.576s] -- Up-to-date: /workspace/install/tutorial_interfaces/include/tutorial_interfaces/tutorial_interfaces/srv/detail/add_three_ints__functions.c
[2.576s] -- Up-to-date: /workspace/install/tutorial_interfaces/include/tutorial_interfaces/tutorial_interfaces/srv/detail/add_three_ints__type_support.h
[2.576s] -- Up-to-date: /workspace/install/tutorial_interfaces/include/tutorial_interfaces/tutorial_interfaces/srv/add_three_ints.h
[2.576s] -- Up-to-date: /workspace/install/tutorial_interfaces/include/tutorial_interfaces/tutorial_interfaces/msg
[2.577s] -- Up-to-date: /workspace/install/tutorial_interfaces/include/tutorial_interfaces/tutorial_interfaces/msg/num.h
[2.577s] -- Up-to-date: /workspace/install/tutorial_interfaces/include/tutorial_interfaces/tutorial_interfaces/msg/detail
[2.577s] -- Up-to-date: /workspace/install/tutorial_interfaces/include/tutorial_interfaces/tutorial_interfaces/msg/detail/num__struct.h
[2.577s] -- Up-to-date: /workspace/install/tutorial_interfaces/include/tutorial_interfaces/tutorial_interfaces/msg/detail/sphere__functions.h
[2.577s] -- Up-to-date: /workspace/install/tutorial_interfaces/include/tutorial_interfaces/tutorial_interfaces/msg/detail/sphere__functions.c
[2.577s] -- Up-to-date: /workspace/install/tutorial_interfaces/include/tutorial_interfaces/tutorial_interfaces/msg/detail/num__functions.h
[2.577s] -- Up-to-date: /workspace/install/tutorial_interfaces/include/tutorial_interfaces/tutorial_interfaces/msg/detail/sphere__struct.h
[2.577s] -- Up-to-date: /workspace/install/tutorial_interfaces/include/tutorial_interfaces/tutorial_interfaces/msg/detail/sphere__type_support.h
[2.577s] -- Up-to-date: /workspace/install/tutorial_interfaces/include/tutorial_interfaces/tutorial_interfaces/msg/detail/num__type_support.h
[2.577s] -- Up-to-date: /workspace/install/tutorial_interfaces/include/tutorial_interfaces/tutorial_interfaces/msg/detail/num__functions.c
[2.577s] -- Up-to-date: /workspace/install/tutorial_interfaces/include/tutorial_interfaces/tutorial_interfaces/msg/rosidl_generator_c__visibility_control.h
[2.578s] -- Up-to-date: /workspace/install/tutorial_interfaces/include/tutorial_interfaces/tutorial_interfaces/msg/sphere.h
[2.578s] -- Up-to-date: /workspace/install/tutorial_interfaces/share/tutorial_interfaces/environment/library_path.sh
[2.578s] -- Installing: /workspace/install/tutorial_interfaces/share/tutorial_interfaces/environment/library_path.dsv
[2.578s] -- Up-to-date: /workspace/install/tutorial_interfaces/lib/libtutorial_interfaces__rosidl_generator_c.so
[2.578s] -- Up-to-date: /workspace/install/tutorial_interfaces/include/tutorial_interfaces/tutorial_interfaces
[2.578s] -- Up-to-date: /workspace/install/tutorial_interfaces/include/tutorial_interfaces/tutorial_interfaces/action
[2.578s] -- Up-to-date: /workspace/install/tutorial_interfaces/include/tutorial_interfaces/tutorial_interfaces/action/detail
[2.578s] -- Up-to-date: /workspace/install/tutorial_interfaces/include/tutorial_interfaces/tutorial_interfaces/action/detail/count_down__rosidl_typesupport_fastrtps_c.h
[2.578s] -- Up-to-date: /workspace/install/tutorial_interfaces/include/tutorial_interfaces/tutorial_interfaces/action/detail/count__rosidl_typesupport_fastrtps_c.h
[2.578s] -- Up-to-date: /workspace/install/tutorial_interfaces/include/tutorial_interfaces/tutorial_interfaces/action/detail/fibonacci__rosidl_typesupport_fastrtps_c.h
[2.578s] -- Up-to-date: /workspace/install/tutorial_interfaces/include/tutorial_interfaces/tutorial_interfaces/srv
[2.578s] -- Up-to-date: /workspace/install/tutorial_interfaces/include/tutorial_interfaces/tutorial_interfaces/srv/detail
[2.579s] -- Up-to-date: /workspace/install/tutorial_interfaces/include/tutorial_interfaces/tutorial_interfaces/srv/detail/add_three_ints__rosidl_typesupport_fastrtps_c.h
[2.579s] -- Up-to-date: /workspace/install/tutorial_interfaces/include/tutorial_interfaces/tutorial_interfaces/msg
[2.579s] -- Up-to-date: /workspace/install/tutorial_interfaces/include/tutorial_interfaces/tutorial_interfaces/msg/detail
[2.579s] -- Up-to-date: /workspace/install/tutorial_interfaces/include/tutorial_interfaces/tutorial_interfaces/msg/detail/num__rosidl_typesupport_fastrtps_c.h
[2.579s] -- Up-to-date: /workspace/install/tutorial_interfaces/include/tutorial_interfaces/tutorial_interfaces/msg/detail/sphere__rosidl_typesupport_fastrtps_c.h
[2.579s] -- Up-to-date: /workspace/install/tutorial_interfaces/include/tutorial_interfaces/tutorial_interfaces/msg/rosidl_typesupport_fastrtps_c__visibility_control.h
[2.579s] -- Up-to-date: /workspace/install/tutorial_interfaces/lib/libtutorial_interfaces__rosidl_typesupport_fastrtps_c.so
[2.579s] -- Up-to-date: /workspace/install/tutorial_interfaces/include/tutorial_interfaces/tutorial_interfaces
[2.579s] -- Up-to-date: /workspace/install/tutorial_interfaces/include/tutorial_interfaces/tutorial_interfaces/action
[2.579s] -- Up-to-date: /workspace/install/tutorial_interfaces/include/tutorial_interfaces/tutorial_interfaces/action/detail
[2.580s] -- Up-to-date: /workspace/install/tutorial_interfaces/include/tutorial_interfaces/tutorial_interfaces/action/detail/count__struct.hpp
[2.580s] -- Up-to-date: /workspace/install/tutorial_interfaces/include/tutorial_interfaces/tutorial_interfaces/action/detail/count_down__builder.hpp
[2.580s] -- Up-to-date: /workspace/install/tutorial_interfaces/include/tutorial_interfaces/tutorial_interfaces/action/detail/count__traits.hpp
[2.580s] -- Up-to-date: /workspace/install/tutorial_interfaces/include/tutorial_interfaces/tutorial_interfaces/action/detail/fibonacci__struct.hpp
[2.580s] -- Up-to-date: /workspace/install/tutorial_interfaces/include/tutorial_interfaces/tutorial_interfaces/action/detail/count_down__struct.hpp
[2.580s] -- Up-to-date: /workspace/install/tutorial_interfaces/include/tutorial_interfaces/tutorial_interfaces/action/detail/fibonacci__traits.hpp
[2.580s] -- Up-to-date: /workspace/install/tutorial_interfaces/include/tutorial_interfaces/tutorial_interfaces/action/detail/count__builder.hpp
[2.580s] -- Up-to-date: /workspace/install/tutorial_interfaces/include/tutorial_interfaces/tutorial_interfaces/action/detail/fibonacci__builder.hpp
[2.580s] -- Up-to-date: /workspace/install/tutorial_interfaces/include/tutorial_interfaces/tutorial_interfaces/action/detail/count_down__traits.hpp
[2.580s] -- Up-to-date: /workspace/install/tutorial_interfaces/include/tutorial_interfaces/tutorial_interfaces/action/fibonacci.hpp
[2.580s] -- Up-to-date: /workspace/install/tutorial_interfaces/include/tutorial_interfaces/tutorial_interfaces/action/count.hpp
[2.580s] -- Up-to-date: /workspace/install/tutorial_interfaces/include/tutorial_interfaces/tutorial_interfaces/action/count_down.hpp
[2.580s] -- Up-to-date: /workspace/install/tutorial_interfaces/include/tutorial_interfaces/tutorial_interfaces/srv
[2.580s] -- Up-to-date: /workspace/install/tutorial_interfaces/include/tutorial_interfaces/tutorial_interfaces/srv/add_three_ints.hpp
[2.580s] -- Up-to-date: /workspace/install/tutorial_interfaces/include/tutorial_interfaces/tutorial_interfaces/srv/detail
[2.581s] -- Up-to-date: /workspace/install/tutorial_interfaces/include/tutorial_interfaces/tutorial_interfaces/srv/detail/add_three_ints__builder.hpp
[2.581s] -- Up-to-date: /workspace/install/tutorial_interfaces/include/tutorial_interfaces/tutorial_interfaces/srv/detail/add_three_ints__struct.hpp
[2.581s] -- Up-to-date: /workspace/install/tutorial_interfaces/include/tutorial_interfaces/tutorial_interfaces/srv/detail/add_three_ints__traits.hpp
[2.581s] -- Up-to-date: /workspace/install/tutorial_interfaces/include/tutorial_interfaces/tutorial_interfaces/msg
[2.581s] -- Up-to-date: /workspace/install/tutorial_interfaces/include/tutorial_interfaces/tutorial_interfaces/msg/detail
[2.581s] -- Up-to-date: /workspace/install/tutorial_interfaces/include/tutorial_interfaces/tutorial_interfaces/msg/detail/sphere__builder.hpp
[2.581s] -- Up-to-date: /workspace/install/tutorial_interfaces/include/tutorial_interfaces/tutorial_interfaces/msg/detail/num__struct.hpp
[2.581s] -- Up-to-date: /workspace/install/tutorial_interfaces/include/tutorial_interfaces/tutorial_interfaces/msg/detail/sphere__struct.hpp
[2.581s] -- Up-to-date: /workspace/install/tutorial_interfaces/include/tutorial_interfaces/tutorial_interfaces/msg/detail/sphere__traits.hpp
[2.582s] -- Up-to-date: /workspace/install/tutorial_interfaces/include/tutorial_interfaces/tutorial_interfaces/msg/detail/num__builder.hpp
[2.582s] -- Up-to-date: /workspace/install/tutorial_interfaces/include/tutorial_interfaces/tutorial_interfaces/msg/detail/num__traits.hpp
[2.582s] -- Up-to-date: /workspace/install/tutorial_interfaces/include/tutorial_interfaces/tutorial_interfaces/msg/num.hpp
[2.582s] -- Up-to-date: /workspace/install/tutorial_interfaces/include/tutorial_interfaces/tutorial_interfaces/msg/sphere.hpp
[2.582s] -- Up-to-date: /workspace/install/tutorial_interfaces/include/tutorial_interfaces/tutorial_interfaces
[2.582s] -- Up-to-date: /workspace/install/tutorial_interfaces/include/tutorial_interfaces/tutorial_interfaces/action
[2.582s] -- Up-to-date: /workspace/install/tutorial_interfaces/include/tutorial_interfaces/tutorial_interfaces/action/detail
[2.582s] -- Up-to-date: /workspace/install/tutorial_interfaces/include/tutorial_interfaces/tutorial_interfaces/action/detail/fibonacci__rosidl_typesupport_fastrtps_cpp.hpp
[2.582s] -- Up-to-date: /workspace/install/tutorial_interfaces/include/tutorial_interfaces/tutorial_interfaces/action/detail/count__rosidl_typesupport_fastrtps_cpp.hpp
[2.582s] -- Up-to-date: /workspace/install/tutorial_interfaces/include/tutorial_interfaces/tutorial_interfaces/action/detail/count_down__rosidl_typesupport_fastrtps_cpp.hpp
[2.582s] -- Up-to-date: /workspace/install/tutorial_interfaces/include/tutorial_interfaces/tutorial_interfaces/action/detail/dds_fastrtps
[2.582s] -- Up-to-date: /workspace/install/tutorial_interfaces/include/tutorial_interfaces/tutorial_interfaces/srv
[2.582s] -- Up-to-date: /workspace/install/tutorial_interfaces/include/tutorial_interfaces/tutorial_interfaces/srv/detail
[2.582s] -- Up-to-date: /workspace/install/tutorial_interfaces/include/tutorial_interfaces/tutorial_interfaces/srv/detail/add_three_ints__rosidl_typesupport_fastrtps_cpp.hpp
[2.582s] -- Up-to-date: /workspace/install/tutorial_interfaces/include/tutorial_interfaces/tutorial_interfaces/srv/detail/dds_fastrtps
[2.582s] -- Up-to-date: /workspace/install/tutorial_interfaces/include/tutorial_interfaces/tutorial_interfaces/msg
[2.583s] -- Up-to-date: /workspace/install/tutorial_interfaces/include/tutorial_interfaces/tutorial_interfaces/msg/detail
[2.583s] -- Up-to-date: /workspace/install/tutorial_interfaces/include/tutorial_interfaces/tutorial_interfaces/msg/detail/num__rosidl_typesupport_fastrtps_cpp.hpp
[2.583s] -- Up-to-date: /workspace/install/tutorial_interfaces/include/tutorial_interfaces/tutorial_interfaces/msg/detail/sphere__rosidl_typesupport_fastrtps_cpp.hpp
[2.583s] -- Up-to-date: /workspace/install/tutorial_interfaces/include/tutorial_interfaces/tutorial_interfaces/msg/detail/dds_fastrtps
[2.583s] -- Up-to-date: /workspace/install/tutorial_interfaces/include/tutorial_interfaces/tutorial_interfaces/msg/rosidl_typesupport_fastrtps_cpp__visibility_control.h
[2.583s] -- Up-to-date: /workspace/install/tutorial_interfaces/lib/libtutorial_interfaces__rosidl_typesupport_fastrtps_cpp.so
[2.583s] -- Up-to-date: /workspace/install/tutorial_interfaces/include/tutorial_interfaces/tutorial_interfaces
[2.583s] -- Up-to-date: /workspace/install/tutorial_interfaces/include/tutorial_interfaces/tutorial_interfaces/action
[2.583s] -- Up-to-date: /workspace/install/tutorial_interfaces/include/tutorial_interfaces/tutorial_interfaces/action/detail
[2.583s] -- Up-to-date: /workspace/install/tutorial_interfaces/include/tutorial_interfaces/tutorial_interfaces/action/detail/count__type_support.c
[2.583s] -- Up-to-date: /workspace/install/tutorial_interfaces/include/tutorial_interfaces/tutorial_interfaces/action/detail/fibonacci__rosidl_typesupport_introspection_c.h
[2.583s] -- Up-to-date: /workspace/install/tutorial_interfaces/include/tutorial_interfaces/tutorial_interfaces/action/detail/count_down__rosidl_typesupport_introspection_c.h
[2.583s] -- Up-to-date: /workspace/install/tutorial_interfaces/include/tutorial_interfaces/tutorial_interfaces/action/detail/count__rosidl_typesupport_introspection_c.h
[2.584s] -- Up-to-date: /workspace/install/tutorial_interfaces/include/tutorial_interfaces/tutorial_interfaces/action/detail/count_down__type_support.c
[2.584s] -- Up-to-date: /workspace/install/tutorial_interfaces/include/tutorial_interfaces/tutorial_interfaces/action/detail/fibonacci__type_support.c
[2.584s] -- Up-to-date: /workspace/install/tutorial_interfaces/include/tutorial_interfaces/tutorial_interfaces/srv
[2.584s] -- Up-to-date: /workspace/install/tutorial_interfaces/include/tutorial_interfaces/tutorial_interfaces/srv/detail
[2.584s] -- Up-to-date: /workspace/install/tutorial_interfaces/include/tutorial_interfaces/tutorial_interfaces/srv/detail/add_three_ints__type_support.c
[2.584s] -- Up-to-date: /workspace/install/tutorial_interfaces/include/tutorial_interfaces/tutorial_interfaces/srv/detail/add_three_ints__rosidl_typesupport_introspection_c.h
[2.584s] -- Up-to-date: /workspace/install/tutorial_interfaces/include/tutorial_interfaces/tutorial_interfaces/msg
[2.584s] -- Up-to-date: /workspace/install/tutorial_interfaces/include/tutorial_interfaces/tutorial_interfaces/msg/rosidl_typesupport_introspection_c__visibility_control.h
[2.584s] -- Up-to-date: /workspace/install/tutorial_interfaces/include/tutorial_interfaces/tutorial_interfaces/msg/detail
[2.584s] -- Up-to-date: /workspace/install/tutorial_interfaces/include/tutorial_interfaces/tutorial_interfaces/msg/detail/num__rosidl_typesupport_introspection_c.h
[2.584s] -- Up-to-date: /workspace/install/tutorial_interfaces/include/tutorial_interfaces/tutorial_interfaces/msg/detail/num__type_support.c
[2.584s] -- Up-to-date: /workspace/install/tutorial_interfaces/include/tutorial_interfaces/tutorial_interfaces/msg/detail/sphere__rosidl_typesupport_introspection_c.h
[2.584s] -- Up-to-date: /workspace/install/tutorial_interfaces/include/tutorial_interfaces/tutorial_interfaces/msg/detail/sphere__type_support.c
[2.584s] -- Up-to-date: /workspace/install/tutorial_interfaces/lib/libtutorial_interfaces__rosidl_typesupport_introspection_c.so
[2.584s] -- Up-to-date: /workspace/install/tutorial_interfaces/lib/libtutorial_interfaces__rosidl_typesupport_c.so
[2.584s] -- Up-to-date: /workspace/install/tutorial_interfaces/include/tutorial_interfaces/tutorial_interfaces
[2.584s] -- Up-to-date: /workspace/install/tutorial_interfaces/include/tutorial_interfaces/tutorial_interfaces/action
[2.584s] -- Up-to-date: /workspace/install/tutorial_interfaces/include/tutorial_interfaces/tutorial_interfaces/action/detail
[2.585s] -- Up-to-date: /workspace/install/tutorial_interfaces/include/tutorial_interfaces/tutorial_interfaces/action/detail/count_down__rosidl_typesupport_introspection_cpp.hpp
[2.585s] -- Up-to-date: /workspace/install/tutorial_interfaces/include/tutorial_interfaces/tutorial_interfaces/action/detail/count__rosidl_typesupport_introspection_cpp.hpp
[2.585s] -- Up-to-date: /workspace/install/tutorial_interfaces/include/tutorial_interfaces/tutorial_interfaces/action/detail/count_down__type_support.cpp
[2.585s] -- Up-to-date: /workspace/install/tutorial_interfaces/include/tutorial_interfaces/tutorial_interfaces/action/detail/fibonacci__type_support.cpp
[2.585s] -- Up-to-date: /workspace/install/tutorial_interfaces/include/tutorial_interfaces/tutorial_interfaces/action/detail/count__type_support.cpp
[2.585s] -- Up-to-date: /workspace/install/tutorial_interfaces/include/tutorial_interfaces/tutorial_interfaces/action/detail/fibonacci__rosidl_typesupport_introspection_cpp.hpp
[2.585s] -- Up-to-date: /workspace/install/tutorial_interfaces/include/tutorial_interfaces/tutorial_interfaces/srv
[2.585s] -- Up-to-date: /workspace/install/tutorial_interfaces/include/tutorial_interfaces/tutorial_interfaces/srv/detail
[2.585s] -- Up-to-date: /workspace/install/tutorial_interfaces/include/tutorial_interfaces/tutorial_interfaces/srv/detail/add_three_ints__type_support.cpp
[2.585s] -- Up-to-date: /workspace/install/tutorial_interfaces/include/tutorial_interfaces/tutorial_interfaces/srv/detail/add_three_ints__rosidl_typesupport_introspection_cpp.hpp
[2.585s] -- Up-to-date: /workspace/install/tutorial_interfaces/include/tutorial_interfaces/tutorial_interfaces/msg
[2.585s] -- Up-to-date: /workspace/install/tutorial_interfaces/include/tutorial_interfaces/tutorial_interfaces/msg/detail
[2.585s] -- Up-to-date: /workspace/install/tutorial_interfaces/include/tutorial_interfaces/tutorial_interfaces/msg/detail/num__type_support.cpp
[2.585s] -- Up-to-date: /workspace/install/tutorial_interfaces/include/tutorial_interfaces/tutorial_interfaces/msg/detail/sphere__rosidl_typesupport_introspection_cpp.hpp
[2.586s] -- Up-to-date: /workspace/install/tutorial_interfaces/include/tutorial_interfaces/tutorial_interfaces/msg/detail/sphere__type_support.cpp
[2.586s] -- Up-to-date: /workspace/install/tutorial_interfaces/include/tutorial_interfaces/tutorial_interfaces/msg/detail/num__rosidl_typesupport_introspection_cpp.hpp
[2.586s] -- Up-to-date: /workspace/install/tutorial_interfaces/lib/libtutorial_interfaces__rosidl_typesupport_introspection_cpp.so
[2.586s] -- Up-to-date: /workspace/install/tutorial_interfaces/lib/libtutorial_interfaces__rosidl_typesupport_cpp.so
[2.586s] -- Up-to-date: /workspace/install/tutorial_interfaces/share/tutorial_interfaces/environment/pythonpath.sh
[2.586s] -- Installing: /workspace/install/tutorial_interfaces/share/tutorial_interfaces/environment/pythonpath.dsv
[2.586s] -- Up-to-date: /workspace/install/tutorial_interfaces/local/lib/python3.10/dist-packages/tutorial_interfaces-0.0.0-py3.10.egg-info
[2.586s] -- Installing: /workspace/install/tutorial_interfaces/local/lib/python3.10/dist-packages/tutorial_interfaces-0.0.0-py3.10.egg-info/SOURCES.txt
[2.586s] -- Installing: /workspace/install/tutorial_interfaces/local/lib/python3.10/dist-packages/tutorial_interfaces-0.0.0-py3.10.egg-info/dependency_links.txt
[2.586s] -- Installing: /workspace/install/tutorial_interfaces/local/lib/python3.10/dist-packages/tutorial_interfaces-0.0.0-py3.10.egg-info/top_level.txt
[2.586s] -- Installing: /workspace/install/tutorial_interfaces/local/lib/python3.10/dist-packages/tutorial_interfaces-0.0.0-py3.10.egg-info/PKG-INFO
[2.586s] -- Up-to-date: /workspace/install/tutorial_interfaces/local/lib/python3.10/dist-packages/tutorial_interfaces
[2.586s] -- Up-to-date: /workspace/install/tutorial_interfaces/local/lib/python3.10/dist-packages/tutorial_interfaces/action
[2.586s] -- Up-to-date: /workspace/install/tutorial_interfaces/local/lib/python3.10/dist-packages/tutorial_interfaces/action/_count_s.c
[2.586s] -- Up-to-date: /workspace/install/tutorial_interfaces/local/lib/python3.10/dist-packages/tutorial_interfaces/action/_fibonacci.py
[2.587s] -- Up-to-date: /workspace/install/tutorial_interfaces/local/lib/python3.10/dist-packages/tutorial_interfaces/action/_count_down_s.c
[2.587s] -- Up-to-date: /workspace/install/tutorial_interfaces/local/lib/python3.10/dist-packages/tutorial_interfaces/action/_count.py
[2.587s] -- Up-to-date: /workspace/install/tutorial_interfaces/local/lib/python3.10/dist-packages/tutorial_interfaces/action/__init__.py
[2.587s] -- Up-to-date: /workspace/install/tutorial_interfaces/local/lib/python3.10/dist-packages/tutorial_interfaces/action/_count_down.py
[2.587s] -- Up-to-date: /workspace/install/tutorial_interfaces/local/lib/python3.10/dist-packages/tutorial_interfaces/action/_fibonacci_s.c
[2.587s] -- Up-to-date: /workspace/install/tutorial_interfaces/local/lib/python3.10/dist-packages/tutorial_interfaces/tutorial_interfaces_s__rosidl_typesupport_c.cpython-310-x86_64-linux-gnu.so
[2.587s] -- Up-to-date: /workspace/install/tutorial_interfaces/local/lib/python3.10/dist-packages/tutorial_interfaces/tutorial_interfaces_s__rosidl_typesupport_fastrtps_c.cpython-310-x86_64-linux-gnu.so
[2.587s] -- Up-to-date: /workspace/install/tutorial_interfaces/local/lib/python3.10/dist-packages/tutorial_interfaces/_tutorial_interfaces_s.ep.rosidl_typesupport_introspection_c.c
[2.587s] -- Up-to-date: /workspace/install/tutorial_interfaces/local/lib/python3.10/dist-packages/tutorial_interfaces/tutorial_interfaces_s__rosidl_typesupport_introspection_c.cpython-310-x86_64-linux-gnu.so
[2.587s] -- Up-to-date: /workspace/install/tutorial_interfaces/local/lib/python3.10/dist-packages/tutorial_interfaces/srv
[2.587s] -- Up-to-date: /workspace/install/tutorial_interfaces/local/lib/python3.10/dist-packages/tutorial_interfaces/srv/_add_three_ints.py
[2.587s] -- Up-to-date: /workspace/install/tutorial_interfaces/local/lib/python3.10/dist-packages/tutorial_interfaces/srv/__init__.py
[2.587s] -- Up-to-date: /workspace/install/tutorial_interfaces/local/lib/python3.10/dist-packages/tutorial_interfaces/srv/_add_three_ints_s.c
[2.587s] -- Up-to-date: /workspace/install/tutorial_interfaces/local/lib/python3.10/dist-packages/tutorial_interfaces/libtutorial_interfaces__rosidl_generator_py.so
[2.587s] -- Up-to-date: /workspace/install/tutorial_interfaces/local/lib/python3.10/dist-packages/tutorial_interfaces/msg
[2.587s] -- Up-to-date: /workspace/install/tutorial_interfaces/local/lib/python3.10/dist-packages/tutorial_interfaces/msg/_num.py
[2.588s] -- Up-to-date: /workspace/install/tutorial_interfaces/local/lib/python3.10/dist-packages/tutorial_interfaces/msg/_sphere.py
[2.588s] -- Up-to-date: /workspace/install/tutorial_interfaces/local/lib/python3.10/dist-packages/tutorial_interfaces/msg/_sphere_s.c
[2.588s] -- Up-to-date: /workspace/install/tutorial_interfaces/local/lib/python3.10/dist-packages/tutorial_interfaces/msg/_num_s.c
[2.588s] -- Up-to-date: /workspace/install/tutorial_interfaces/local/lib/python3.10/dist-packages/tutorial_interfaces/msg/__init__.py
[2.588s] -- Installing: /workspace/install/tutorial_interfaces/local/lib/python3.10/dist-packages/tutorial_interfaces/__init__.py
[2.588s] -- Up-to-date: /workspace/install/tutorial_interfaces/local/lib/python3.10/dist-packages/tutorial_interfaces/_tutorial_interfaces_s.ep.rosidl_typesupport_c.c
[2.588s] -- Up-to-date: /workspace/install/tutorial_interfaces/local/lib/python3.10/dist-packages/tutorial_interfaces/_tutorial_interfaces_s.ep.rosidl_typesupport_fastrtps_c.c
[2.614s] Listing '/workspace/install/tutorial_interfaces/local/lib/python3.10/dist-packages/tutorial_interfaces'...
[2.614s] Compiling '/workspace/install/tutorial_interfaces/local/lib/python3.10/dist-packages/tutorial_interfaces/__init__.py'...
[2.614s] Listing '/workspace/install/tutorial_interfaces/local/lib/python3.10/dist-packages/tutorial_interfaces/action'...
[2.614s] Listing '/workspace/install/tutorial_interfaces/local/lib/python3.10/dist-packages/tutorial_interfaces/msg'...
[2.614s] Listing '/workspace/install/tutorial_interfaces/local/lib/python3.10/dist-packages/tutorial_interfaces/srv'...
[2.618s] -- Up-to-date: /workspace/install/tutorial_interfaces/local/lib/python3.10/dist-packages/tutorial_interfaces/tutorial_interfaces_s__rosidl_typesupport_fastrtps_c.cpython-310-x86_64-linux-gnu.so
[2.618s] -- Up-to-date: /workspace/install/tutorial_interfaces/local/lib/python3.10/dist-packages/tutorial_interfaces/tutorial_interfaces_s__rosidl_typesupport_introspection_c.cpython-310-x86_64-linux-gnu.so
[2.619s] -- Up-to-date: /workspace/install/tutorial_interfaces/local/lib/python3.10/dist-packages/tutorial_interfaces/tutorial_interfaces_s__rosidl_typesupport_c.cpython-310-x86_64-linux-gnu.so
[2.619s] -- Up-to-date: /workspace/install/tutorial_interfaces/lib/libtutorial_interfaces__rosidl_generator_py.so
[2.619s] -- Up-to-date: /workspace/install/tutorial_interfaces/share/tutorial_interfaces/msg/Num.idl
[2.619s] -- Up-to-date: /workspace/install/tutorial_interfaces/share/tutorial_interfaces/msg/Sphere.idl
[2.620s] -- Up-to-date: /workspace/install/tutorial_interfaces/share/tutorial_interfaces/srv/AddThreeInts.idl
[2.620s] -- Up-to-date: /workspace/install/tutorial_interfaces/share/tutorial_interfaces/action/Fibonacci.idl
[2.620s] -- Up-to-date: /workspace/install/tutorial_interfaces/share/tutorial_interfaces/action/CountDown.idl
[2.620s] -- Up-to-date: /workspace/install/tutorial_interfaces/share/tutorial_interfaces/msg/Num.msg
[2.620s] -- Up-to-date: /workspace/install/tutorial_interfaces/share/tutorial_interfaces/msg/Sphere.msg
[2.620s] -- Up-to-date: /workspace/install/tutorial_interfaces/share/tutorial_interfaces/srv/AddThreeInts.srv
[2.620s] -- Up-to-date: /workspace/install/tutorial_interfaces/share/tutorial_interfaces/srv/AddThreeInts_Request.msg
[2.620s] -- Up-to-date: /workspace/install/tutorial_interfaces/share/tutorial_interfaces/srv/AddThreeInts_Response.msg
[2.620s] -- Up-to-date: /workspace/install/tutorial_interfaces/share/tutorial_interfaces/action/Fibonacci.action
[2.621s] -- Up-to-date: /workspace/install/tutorial_interfaces/share/tutorial_interfaces/action/CountDown.action
[2.621s] -- Up-to-date: /workspace/install/tutorial_interfaces/share/ament_index/resource_index/package_run_dependencies/tutorial_interfaces
[2.621s] -- Up-to-date: /workspace/install/tutorial_interfaces/share/ament_index/resource_index/parent_prefix_path/tutorial_interfaces
[2.621s] -- Up-to-date: /workspace/install/tutorial_interfaces/share/tutorial_interfaces/environment/ament_prefix_path.sh
[2.621s] -- Installing: /workspace/install/tutorial_interfaces/share/tutorial_interfaces/environment/ament_prefix_path.dsv
[2.621s] -- Up-to-date: /workspace/install/tutorial_interfaces/share/tutorial_interfaces/environment/path.sh
[2.622s] -- Installing: /workspace/install/tutorial_interfaces/share/tutorial_interfaces/environment/path.dsv
[2.622s] -- Up-to-date: /workspace/install/tutorial_interfaces/share/tutorial_interfaces/local_setup.bash
[2.622s] -- Up-to-date: /workspace/install/tutorial_interfaces/share/tutorial_interfaces/local_setup.sh
[2.622s] -- Up-to-date: /workspace/install/tutorial_interfaces/share/tutorial_interfaces/local_setup.zsh
[2.622s] -- Installing: /workspace/install/tutorial_interfaces/share/tutorial_interfaces/local_setup.dsv
[2.622s] -- Installing: /workspace/install/tutorial_interfaces/share/tutorial_interfaces/package.dsv
[2.623s] -- Up-to-date: /workspace/install/tutorial_interfaces/share/ament_index/resource_index/packages/tutorial_interfaces
[2.623s] -- Up-to-date: /workspace/install/tutorial_interfaces/share/tutorial_interfaces/cmake/export_tutorial_interfaces__rosidl_generator_cExport.cmake
[2.623s] -- Up-to-date: /workspace/install/tutorial_interfaces/share/tutorial_interfaces/cmake/export_tutorial_interfaces__rosidl_generator_cExport-noconfig.cmake
[2.623s] -- Up-to-date: /workspace/install/tutorial_interfaces/share/tutorial_interfaces/cmake/export_tutorial_interfaces__rosidl_typesupport_fastrtps_cExport.cmake
[2.623s] -- Up-to-date: /workspace/install/tutorial_interfaces/share/tutorial_interfaces/cmake/export_tutorial_interfaces__rosidl_typesupport_fastrtps_cExport-noconfig.cmake
[2.623s] -- Up-to-date: /workspace/install/tutorial_interfaces/share/tutorial_interfaces/cmake/export_tutorial_interfaces__rosidl_generator_cppExport.cmake
[2.623s] -- Up-to-date: /workspace/install/tutorial_interfaces/share/tutorial_interfaces/cmake/export_tutorial_interfaces__rosidl_typesupport_fastrtps_cppExport.cmake
[2.623s] -- Up-to-date: /workspace/install/tutorial_interfaces/share/tutorial_interfaces/cmake/export_tutorial_interfaces__rosidl_typesupport_fastrtps_cppExport-noconfig.cmake
[2.624s] -- Up-to-date: /workspace/install/tutorial_interfaces/share/tutorial_interfaces/cmake/tutorial_interfaces__rosidl_typesupport_introspection_cExport.cmake
[2.624s] -- Up-to-date: /workspace/install/tutorial_interfaces/share/tutorial_interfaces/cmake/tutorial_interfaces__rosidl_typesupport_introspection_cExport-noconfig.cmake
[2.624s] -- Up-to-date: /workspace/install/tutorial_interfaces/share/tutorial_interfaces/cmake/tutorial_interfaces__rosidl_typesupport_cExport.cmake
[2.624s] -- Up-to-date: /workspace/install/tutorial_interfaces/share/tutorial_interfaces/cmake/tutorial_interfaces__rosidl_typesupport_cExport-noconfig.cmake
[2.624s] -- Up-to-date: /workspace/install/tutorial_interfaces/share/tutorial_interfaces/cmake/tutorial_interfaces__rosidl_typesupport_introspection_cppExport.cmake
[2.624s] -- Up-to-date: /workspace/install/tutorial_interfaces/share/tutorial_interfaces/cmake/tutorial_interfaces__rosidl_typesupport_introspection_cppExport-noconfig.cmake
[2.624s] -- Up-to-date: /workspace/install/tutorial_interfaces/share/tutorial_interfaces/cmake/tutorial_interfaces__rosidl_typesupport_cppExport.cmake
[2.624s] -- Up-to-date: /workspace/install/tutorial_interfaces/share/tutorial_interfaces/cmake/tutorial_interfaces__rosidl_typesupport_cppExport-noconfig.cmake
[2.624s] -- Up-to-date: /workspace/install/tutorial_interfaces/share/tutorial_interfaces/cmake/export_tutorial_interfaces__rosidl_generator_pyExport.cmake
[2.624s] -- Up-to-date: /workspace/install/tutorial_interfaces/share/tutorial_interfaces/cmake/export_tutorial_interfaces__rosidl_generator_pyExport-noconfig.cmake
[2.625s] -- Up-to-date: /workspace/install/tutorial_interfaces/share/tutorial_interfaces/cmake/rosidl_cmake-extras.cmake
[2.625s] -- Up-to-date: /workspace/install/tutorial_interfaces/share/tutorial_interfaces/cmake/ament_cmake_export_dependencies-extras.cmake
[2.625s] -- Up-to-date: /workspace/install/tutorial_interfaces/share/tutorial_interfaces/cmake/ament_cmake_export_include_directories-extras.cmake
[2.625s] -- Up-to-date: /workspace/install/tutorial_interfaces/share/tutorial_interfaces/cmake/ament_cmake_export_libraries-extras.cmake
[2.625s] -- Up-to-date: /workspace/install/tutorial_interfaces/share/tutorial_interfaces/cmake/ament_cmake_export_targets-extras.cmake
[2.625s] -- Up-to-date: /workspace/install/tutorial_interfaces/share/tutorial_interfaces/cmake/rosidl_cmake_export_typesupport_targets-extras.cmake
[2.626s] -- Up-to-date: /workspace/install/tutorial_interfaces/share/tutorial_interfaces/cmake/rosidl_cmake_export_typesupport_libraries-extras.cmake
[2.626s] -- Up-to-date: /workspace/install/tutorial_interfaces/share/tutorial_interfaces/cmake/tutorial_interfacesConfig.cmake
[2.626s] -- Up-to-date: /workspace/install/tutorial_interfaces/share/tutorial_interfaces/cmake/tutorial_interfacesConfig-version.cmake
[2.627s] -- Up-to-date: /workspace/install/tutorial_interfaces/share/tutorial_interfaces/package.xml
[2.627s] Invoked command in '/workspace/build/tutorial_interfaces' returned '0': CMAKE_PREFIX_PATH=${CMAKE_PREFIX_PATH}:/workspace/install/pubsub:/workspace/install/srvcli:/workspace/install/my_py_pkg:/workspace/install/my_package:/opt/ros/humble /usr/bin/cmake --install /workspace/build/tutorial_interfaces
