[0.083s] Invoking command in '/workspace/src/build/ur5_ros2_gazebo': CMAKE_PREFIX_PATH=${CMAKE_PREFIX_PATH}:/opt/ros/humble /usr/bin/cmake /workspace/src/ros2_RobotSimulation/UniversalRobots/UR5/ur5_ros2_gazebo -DCMAKE_INSTALL_PREFIX=/workspace/src/install/ur5_ros2_gazebo
[0.629s] -- The C compiler identification is GNU 11.3.0
[0.629s] -- The CXX compiler identification is GNU 11.3.0
[0.630s] -- Detecting C compiler ABI info
[0.630s] -- Detecting C compiler ABI info - done
[0.630s] -- Check for working C compiler: /usr/bin/cc - skipped
[0.630s] -- Detecting C compile features
[0.630s] -- Detecting C compile features - done
[0.630s] -- Detecting CXX compiler ABI info
[0.751s] -- Detecting CXX compiler ABI info - done
[0.773s] -- Check for working CXX compiler: /usr/bin/c++ - skipped
[0.774s] -- Detecting CXX compile features
[0.776s] -- Detecting CXX compile features - done
[0.789s] -- Found ament_cmake: 1.3.4 (/opt/ros/humble/share/ament_cmake/cmake)
[1.285s] -- Found Python3: /usr/bin/python3.10 (found version "3.10.6") found components: Interpreter 
[1.520s] -- Found ament_lint_auto: 0.12.6 (/opt/ros/humble/share/ament_lint_auto/cmake)
[1.711s] -- Added test 'copyright' to check source files copyright and LICENSE
[1.719s] -- Added test 'flake8' to check Python code syntax and style conventions
[1.722s] -- Added test 'lint_cmake' to check CMake code style
[1.724s] -- Added test 'pep257' to check Python code against some of the docstring style conventions in PEP 257
[1.727s] -- Added test 'xmllint' to check XML markup files
[1.728s] -- Configuring done
[1.736s] -- Generating done
[1.738s] -- Build files have been written to: /workspace/src/build/ur5_ros2_gazebo
[1.749s] Invoked command in '/workspace/src/build/ur5_ros2_gazebo' returned '0': CMAKE_PREFIX_PATH=${CMAKE_PREFIX_PATH}:/opt/ros/humble /usr/bin/cmake /workspace/src/ros2_RobotSimulation/UniversalRobots/UR5/ur5_ros2_gazebo -DCMAKE_INSTALL_PREFIX=/workspace/src/install/ur5_ros2_gazebo
[1.752s] Invoking command in '/workspace/src/build/ur5_ros2_gazebo': CMAKE_PREFIX_PATH=${CMAKE_PREFIX_PATH}:/opt/ros/humble /usr/bin/cmake --build /workspace/src/build/ur5_ros2_gazebo -- -j12 -l12
[1.828s] Invoked command in '/workspace/src/build/ur5_ros2_gazebo' returned '0': CMAKE_PREFIX_PATH=${CMAKE_PREFIX_PATH}:/opt/ros/humble /usr/bin/cmake --build /workspace/src/build/ur5_ros2_gazebo -- -j12 -l12
[1.877s] Invoking command in '/workspace/src/build/ur5_ros2_gazebo': CMAKE_PREFIX_PATH=${CMAKE_PREFIX_PATH}:/opt/ros/humble /usr/bin/cmake --install /workspace/src/build/ur5_ros2_gazebo
[1.891s] -- Install configuration: ""
[1.894s] -- Installing: /workspace/src/install/ur5_ros2_gazebo/share/ur5_ros2_gazebo/config
[1.894s] -- Installing: /workspace/src/install/ur5_ros2_gazebo/share/ur5_ros2_gazebo/config/physical_parameters.yaml
[1.894s] -- Installing: /workspace/src/install/ur5_ros2_gazebo/share/ur5_ros2_gazebo/config/default_kinematics.yaml
[1.895s] -- Installing: /workspace/src/install/ur5_ros2_gazebo/share/ur5_ros2_gazebo/config/ur5_controller.yaml
[1.895s] -- Installing: /workspace/src/install/ur5_ros2_gazebo/share/ur5_ros2_gazebo/config/visual_parameters.yaml
[1.895s] -- Installing: /workspace/src/install/ur5_ros2_gazebo/share/ur5_ros2_gazebo/config/joint_limits.yaml
[1.895s] -- Installing: /workspace/src/install/ur5_ros2_gazebo/share/ur5_ros2_gazebo/config/initial_positions.yaml
[1.895s] -- Installing: /workspace/src/install/ur5_ros2_gazebo/share/ur5_ros2_gazebo/launch
[1.896s] -- Installing: /workspace/src/install/ur5_ros2_gazebo/share/ur5_ros2_gazebo/launch/ur5_simulation.launch.py
[1.896s] -- Installing: /workspace/src/install/ur5_ros2_gazebo/share/ur5_ros2_gazebo/urdf
[1.896s] -- Installing: /workspace/src/install/ur5_ros2_gazebo/share/ur5_ros2_gazebo/urdf/ur5.urdf.xacro
[1.897s] -- Installing: /workspace/src/install/ur5_ros2_gazebo/share/ur5_ros2_gazebo/urdf/ur5_transmission.xacro
[1.897s] -- Installing: /workspace/src/install/ur5_ros2_gazebo/share/ur5_ros2_gazebo/urdf/ur5_ros2control.xacro
[1.900s] -- Installing: /workspace/src/install/ur5_ros2_gazebo/share/ur5_ros2_gazebo/urdf/ur5_common.xacro
[1.900s] -- Installing: /workspace/src/install/ur5_ros2_gazebo/share/ur5_ros2_gazebo/urdf/ur5_macro.urdf.xacro
[1.902s] -- Installing: /workspace/src/install/ur5_ros2_gazebo/share/ur5_ros2_gazebo/worlds
[1.903s] -- Installing: /workspace/src/install/ur5_ros2_gazebo/share/ur5_ros2_gazebo/worlds/ur5.world
[1.903s] -- Installing: /workspace/src/install/ur5_ros2_gazebo/share/ur5_ros2_gazebo/meshes
[1.903s] -- Installing: /workspace/src/install/ur5_ros2_gazebo/share/ur5_ros2_gazebo/meshes/collision
[1.903s] -- Installing: /workspace/src/install/ur5_ros2_gazebo/share/ur5_ros2_gazebo/meshes/collision/shoulder.stl
[1.904s] -- Installing: /workspace/src/install/ur5_ros2_gazebo/share/ur5_ros2_gazebo/meshes/collision/forearm.stl
[1.904s] -- Installing: /workspace/src/install/ur5_ros2_gazebo/share/ur5_ros2_gazebo/meshes/collision/wrist1.stl
[1.904s] -- Installing: /workspace/src/install/ur5_ros2_gazebo/share/ur5_ros2_gazebo/meshes/collision/base.stl
[1.904s] -- Installing: /workspace/src/install/ur5_ros2_gazebo/share/ur5_ros2_gazebo/meshes/collision/upperarm.stl
[1.904s] -- Installing: /workspace/src/install/ur5_ros2_gazebo/share/ur5_ros2_gazebo/meshes/collision/wrist2.stl
[1.904s] -- Installing: /workspace/src/install/ur5_ros2_gazebo/share/ur5_ros2_gazebo/meshes/collision/wrist3.stl
[1.905s] -- Installing: /workspace/src/install/ur5_ros2_gazebo/share/ur5_ros2_gazebo/meshes/visual
[1.905s] -- Installing: /workspace/src/install/ur5_ros2_gazebo/share/ur5_ros2_gazebo/meshes/visual/base.dae
[1.905s] -- Installing: /workspace/src/install/ur5_ros2_gazebo/share/ur5_ros2_gazebo/meshes/visual/upperarm.dae
[1.914s] -- Installing: /workspace/src/install/ur5_ros2_gazebo/share/ur5_ros2_gazebo/meshes/visual/forearm.dae
[1.914s] -- Installing: /workspace/src/install/ur5_ros2_gazebo/share/ur5_ros2_gazebo/meshes/visual/wrist1.dae
[1.917s] -- Installing: /workspace/src/install/ur5_ros2_gazebo/share/ur5_ros2_gazebo/meshes/visual/shoulder.dae
[1.921s] -- Installing: /workspace/src/install/ur5_ros2_gazebo/share/ur5_ros2_gazebo/meshes/visual/wrist3.dae
[1.921s] -- Installing: /workspace/src/install/ur5_ros2_gazebo/share/ur5_ros2_gazebo/meshes/visual/wrist2.dae
[1.924s] -- Installing: /workspace/src/install/ur5_ros2_gazebo/share/ament_index/resource_index/package_run_dependencies/ur5_ros2_gazebo
[1.924s] -- Installing: /workspace/src/install/ur5_ros2_gazebo/share/ament_index/resource_index/parent_prefix_path/ur5_ros2_gazebo
[1.925s] -- Installing: /workspace/src/install/ur5_ros2_gazebo/share/ur5_ros2_gazebo/environment/ament_prefix_path.sh
[1.925s] -- Installing: /workspace/src/install/ur5_ros2_gazebo/share/ur5_ros2_gazebo/environment/ament_prefix_path.dsv
[1.925s] -- Installing: /workspace/src/install/ur5_ros2_gazebo/share/ur5_ros2_gazebo/environment/path.sh
[1.925s] -- Installing: /workspace/src/install/ur5_ros2_gazebo/share/ur5_ros2_gazebo/environment/path.dsv
[1.926s] -- Installing: /workspace/src/install/ur5_ros2_gazebo/share/ur5_ros2_gazebo/local_setup.bash
[1.926s] -- Installing: /workspace/src/install/ur5_ros2_gazebo/share/ur5_ros2_gazebo/local_setup.sh
[1.927s] -- Installing: /workspace/src/install/ur5_ros2_gazebo/share/ur5_ros2_gazebo/local_setup.zsh
[1.928s] -- Installing: /workspace/src/install/ur5_ros2_gazebo/share/ur5_ros2_gazebo/local_setup.dsv
[1.928s] -- Installing: /workspace/src/install/ur5_ros2_gazebo/share/ur5_ros2_gazebo/package.dsv
[1.928s] -- Installing: /workspace/src/install/ur5_ros2_gazebo/share/ament_index/resource_index/packages/ur5_ros2_gazebo
[1.928s] -- Installing: /workspace/src/install/ur5_ros2_gazebo/share/ur5_ros2_gazebo/cmake/ur5_ros2_gazeboConfig.cmake
[1.928s] -- Installing: /workspace/src/install/ur5_ros2_gazebo/share/ur5_ros2_gazebo/cmake/ur5_ros2_gazeboConfig-version.cmake
[1.928s] -- Installing: /workspace/src/install/ur5_ros2_gazebo/share/ur5_ros2_gazebo/package.xml
[1.958s] Invoked command in '/workspace/src/build/ur5_ros2_gazebo' returned '0': CMAKE_PREFIX_PATH=${CMAKE_PREFIX_PATH}:/opt/ros/humble /usr/bin/cmake --install /workspace/src/build/ur5_ros2_gazebo
