[0.011s] Invoking command in '/workspace/src/build/lakme_ros': CMAKE_PREFIX_PATH=${CMAKE_PREFIX_PATH}:/opt/ros/humble /usr/bin/cmake /workspace/src/lakme_ros -DCMAKE_INSTALL_PREFIX=/workspace/src/install/lakme_ros
[0.067s] -- The C compiler identification is GNU 11.3.0
[0.130s] -- The CXX compiler identification is GNU 11.3.0
[0.137s] -- Detecting C compiler ABI info
[0.203s] -- Detecting C compiler ABI info - done
[0.211s] -- Check for working C compiler: /usr/bin/cc - skipped
[0.212s] -- Detecting C compile features
[0.212s] -- Detecting C compile features - done
[0.215s] -- Detecting CXX compiler ABI info
[0.296s] -- Detecting CXX compiler ABI info - done
[0.308s] -- Check for working CXX compiler: /usr/bin/c++ - skipped
[0.308s] -- Detecting CXX compile features
[0.309s] -- Detecting CXX compile features - done
[0.313s] -- Found ament_cmake: 1.3.4 (/opt/ros/humble/share/ament_cmake/cmake)
[0.481s] -- Found Python3: /usr/bin/python3.10 (found version "3.10.6") found components: Interpreter 
[0.601s] -- Found ament_lint_auto: 0.12.6 (/opt/ros/humble/share/ament_lint_auto/cmake)
[0.697s] -- Added test 'copyright' to check source files copyright and LICENSE
[0.708s] -- Added test 'flake8' to check Python code syntax and style conventions
[0.710s] -- Added test 'lint_cmake' to check CMake code style
[0.711s] -- Added test 'pep257' to check Python code against some of the docstring style conventions in PEP 257
[0.716s] -- Added test 'xmllint' to check XML markup files
[0.718s] -- Configuring done
[0.723s] -- Generating done
[0.725s] -- Build files have been written to: /workspace/src/build/lakme_ros
[0.731s] Invoked command in '/workspace/src/build/lakme_ros' returned '0': CMAKE_PREFIX_PATH=${CMAKE_PREFIX_PATH}:/opt/ros/humble /usr/bin/cmake /workspace/src/lakme_ros -DCMAKE_INSTALL_PREFIX=/workspace/src/install/lakme_ros
[0.733s] Invoking command in '/workspace/src/build/lakme_ros': CMAKE_PREFIX_PATH=${CMAKE_PREFIX_PATH}:/opt/ros/humble /usr/bin/cmake --build /workspace/src/build/lakme_ros -- -j12 -l12
[0.773s] Invoked command in '/workspace/src/build/lakme_ros' returned '0': CMAKE_PREFIX_PATH=${CMAKE_PREFIX_PATH}:/opt/ros/humble /usr/bin/cmake --build /workspace/src/build/lakme_ros -- -j12 -l12
[0.801s] Invoking command in '/workspace/src/build/lakme_ros': CMAKE_PREFIX_PATH=${CMAKE_PREFIX_PATH}:/opt/ros/humble /usr/bin/cmake --install /workspace/src/build/lakme_ros
[0.807s] -- Install configuration: ""
[0.807s] -- Installing: /workspace/src/install/lakme_ros/share/lakme_ros/config
[0.807s] -- Installing: /workspace/src/install/lakme_ros/share/lakme_ros/config/empty.yaml
[0.807s] -- Installing: /workspace/src/install/lakme_ros/share/lakme_ros/description
[0.807s] -- Installing: /workspace/src/install/lakme_ros/share/lakme_ros/description/robot_core.urdf
[0.807s] -- Installing: /workspace/src/install/lakme_ros/share/lakme_ros/description/inertial_macros.xacro
[0.808s] -- Installing: /workspace/src/install/lakme_ros/share/lakme_ros/description/robot.urdf.xacro
[0.808s] -- Installing: /workspace/src/install/lakme_ros/share/lakme_ros/launch
[0.808s] -- Installing: /workspace/src/install/lakme_ros/share/lakme_ros/launch/rsp.launch.py
[0.808s] -- Installing: /workspace/src/install/lakme_ros/share/lakme_ros/launch/controller.launch.py
[0.808s] -- Installing: /workspace/src/install/lakme_ros/share/lakme_ros/worlds
[0.808s] -- Installing: /workspace/src/install/lakme_ros/share/lakme_ros/worlds/empty.world
[0.808s] -- Installing: /workspace/src/install/lakme_ros/share/lakme_ros/src
[0.808s] -- Installing: /workspace/src/install/lakme_ros/share/lakme_ros/src/move_robot.py
[0.808s] -- Installing: /workspace/src/install/lakme_ros/share/ament_index/resource_index/package_run_dependencies/lakme_ros
[0.808s] -- Installing: /workspace/src/install/lakme_ros/share/ament_index/resource_index/parent_prefix_path/lakme_ros
[0.808s] -- Installing: /workspace/src/install/lakme_ros/share/lakme_ros/environment/ament_prefix_path.sh
[0.809s] -- Installing: /workspace/src/install/lakme_ros/share/lakme_ros/environment/ament_prefix_path.dsv
[0.809s] -- Installing: /workspace/src/install/lakme_ros/share/lakme_ros/environment/path.sh
[0.809s] -- Installing: /workspace/src/install/lakme_ros/share/lakme_ros/environment/path.dsv
[0.809s] -- Installing: /workspace/src/install/lakme_ros/share/lakme_ros/local_setup.bash
[0.809s] -- Installing: /workspace/src/install/lakme_ros/share/lakme_ros/local_setup.sh
[0.809s] -- Installing: /workspace/src/install/lakme_ros/share/lakme_ros/local_setup.zsh
[0.809s] -- Installing: /workspace/src/install/lakme_ros/share/lakme_ros/local_setup.dsv
[0.809s] -- Installing: /workspace/src/install/lakme_ros/share/lakme_ros/package.dsv
[0.809s] -- Installing: /workspace/src/install/lakme_ros/share/ament_index/resource_index/packages/lakme_ros
[0.810s] -- Installing: /workspace/src/install/lakme_ros/share/lakme_ros/cmake/lakme_rosConfig.cmake
[0.810s] -- Installing: /workspace/src/install/lakme_ros/share/lakme_ros/cmake/lakme_rosConfig-version.cmake
[0.810s] -- Installing: /workspace/src/install/lakme_ros/share/lakme_ros/package.xml
[0.811s] Invoked command in '/workspace/src/build/lakme_ros' returned '0': CMAKE_PREFIX_PATH=${CMAKE_PREFIX_PATH}:/opt/ros/humble /usr/bin/cmake --install /workspace/src/build/lakme_ros
