[0.108s] Invoking command in '/workspace/src/build/panda_ros2_moveit2': AMENT_PREFIX_PATH=/workspace/src/install/ros2_data:${AMENT_PREFIX_PATH} CMAKE_PREFIX_PATH=/workspace/src/install/ros2_data:/workspace/src/install/lakme_ros:/workspace/install/lakme_ros:/opt/ros/humble LD_LIBRARY_PATH=/workspace/src/install/ros2_data/lib:${LD_LIBRARY_PATH} PYTHONPATH=/workspace/src/install/ros2_data/local/lib/python3.10/dist-packages:${PYTHONPATH} /usr/bin/cmake /workspace/src/ros2_RobotSimulation/PandaRobot/panda_ros2_moveit2 -DCMAKE_INSTALL_PREFIX=/workspace/src/install/panda_ros2_moveit2
[0.262s] -- The C compiler identification is GNU 11.3.0
[0.399s] -- The CXX compiler identification is GNU 11.3.0
[0.420s] -- Detecting C compiler ABI info
[0.578s] -- Detecting C compiler ABI info - done
[0.597s] -- Check for working C compiler: /usr/bin/cc - skipped
[0.598s] -- Detecting C compile features
[0.599s] -- Detecting C compile features - done
[0.604s] -- Detecting CXX compiler ABI info
[0.790s] -- Detecting CXX compiler ABI info - done
[0.812s] -- Check for working CXX compiler: /usr/bin/c++ - skipped
[0.813s] -- Detecting CXX compile features
[0.814s] -- Detecting CXX compile features - done
[0.823s] -- Found ament_cmake: 1.3.4 (/opt/ros/humble/share/ament_cmake/cmake)
[1.203s] -- Found Python3: /usr/bin/python3.10 (found version "3.10.6") found components: Interpreter 
[1.475s] -- Found ament_lint_auto: 0.12.6 (/opt/ros/humble/share/ament_lint_auto/cmake)
[1.684s] -- Added test 'copyright' to check source files copyright and LICENSE
[1.688s] -- Added test 'flake8' to check Python code syntax and style conventions
[1.689s] -- Added test 'lint_cmake' to check CMake code style
[1.690s] -- Added test 'pep257' to check Python code against some of the docstring style conventions in PEP 257
[1.693s] -- Added test 'xmllint' to check XML markup files
[1.696s] -- Configuring done
[1.710s] -- Generating done
[1.712s] -- Build files have been written to: /workspace/src/build/panda_ros2_moveit2
[1.724s] Invoked command in '/workspace/src/build/panda_ros2_moveit2' returned '0': AMENT_PREFIX_PATH=/workspace/src/install/ros2_data:${AMENT_PREFIX_PATH} CMAKE_PREFIX_PATH=/workspace/src/install/ros2_data:/workspace/src/install/lakme_ros:/workspace/install/lakme_ros:/opt/ros/humble LD_LIBRARY_PATH=/workspace/src/install/ros2_data/lib:${LD_LIBRARY_PATH} PYTHONPATH=/workspace/src/install/ros2_data/local/lib/python3.10/dist-packages:${PYTHONPATH} /usr/bin/cmake /workspace/src/ros2_RobotSimulation/PandaRobot/panda_ros2_moveit2 -DCMAKE_INSTALL_PREFIX=/workspace/src/install/panda_ros2_moveit2
[1.725s] Invoking command in '/workspace/src/build/panda_ros2_moveit2': AMENT_PREFIX_PATH=/workspace/src/install/ros2_data:${AMENT_PREFIX_PATH} CMAKE_PREFIX_PATH=/workspace/src/install/ros2_data:/workspace/src/install/lakme_ros:/workspace/install/lakme_ros:/opt/ros/humble LD_LIBRARY_PATH=/workspace/src/install/ros2_data/lib:${LD_LIBRARY_PATH} PYTHONPATH=/workspace/src/install/ros2_data/local/lib/python3.10/dist-packages:${PYTHONPATH} /usr/bin/cmake --build /workspace/src/build/panda_ros2_moveit2 -- -j12 -l12
[1.797s] Invoked command in '/workspace/src/build/panda_ros2_moveit2' returned '0': AMENT_PREFIX_PATH=/workspace/src/install/ros2_data:${AMENT_PREFIX_PATH} CMAKE_PREFIX_PATH=/workspace/src/install/ros2_data:/workspace/src/install/lakme_ros:/workspace/install/lakme_ros:/opt/ros/humble LD_LIBRARY_PATH=/workspace/src/install/ros2_data/lib:${LD_LIBRARY_PATH} PYTHONPATH=/workspace/src/install/ros2_data/local/lib/python3.10/dist-packages:${PYTHONPATH} /usr/bin/cmake --build /workspace/src/build/panda_ros2_moveit2 -- -j12 -l12
[1.879s] Invoking command in '/workspace/src/build/panda_ros2_moveit2': AMENT_PREFIX_PATH=/workspace/src/install/ros2_data:${AMENT_PREFIX_PATH} CMAKE_PREFIX_PATH=/workspace/src/install/ros2_data:/workspace/src/install/lakme_ros:/workspace/install/lakme_ros:/opt/ros/humble LD_LIBRARY_PATH=/workspace/src/install/ros2_data/lib:${LD_LIBRARY_PATH} PYTHONPATH=/workspace/src/install/ros2_data/local/lib/python3.10/dist-packages:${PYTHONPATH} /usr/bin/cmake --install /workspace/src/build/panda_ros2_moveit2
[1.899s] -- Install configuration: ""
[1.899s] -- Installing: /workspace/src/install/panda_ros2_moveit2/share/panda_ros2_moveit2/config
[1.900s] -- Installing: /workspace/src/install/panda_ros2_moveit2/share/panda_ros2_moveit2/config/ompl_planning.yaml
[1.900s] -- Installing: /workspace/src/install/panda_ros2_moveit2/share/panda_ros2_moveit2/config/ros2_controllers.yaml
[1.900s] -- Installing: /workspace/src/install/panda_ros2_moveit2/share/panda_ros2_moveit2/config/panda.srdf
[1.900s] -- Installing: /workspace/src/install/panda_ros2_moveit2/share/panda_ros2_moveit2/config/panda_controllers.yaml
[1.901s] -- Installing: /workspace/src/install/panda_ros2_moveit2/share/panda_ros2_moveit2/config/chomp_planning.yaml
[1.901s] -- Installing: /workspace/src/install/panda_ros2_moveit2/share/panda_ros2_moveit2/config/panda_moveit2.rviz
[1.901s] -- Installing: /workspace/src/install/panda_ros2_moveit2/share/panda_ros2_moveit2/config/kinematics.yaml
[1.902s] -- Installing: /workspace/src/install/panda_ros2_moveit2/share/panda_ros2_moveit2/launch
[1.902s] -- Installing: /workspace/src/install/panda_ros2_moveit2/share/panda_ros2_moveit2/launch/panda_interface.launch.py
[1.902s] -- Installing: /workspace/src/install/panda_ros2_moveit2/share/panda_ros2_moveit2/launch/panda.launch.py
[1.906s] -- Installing: /workspace/src/install/panda_ros2_moveit2/share/ament_index/resource_index/package_run_dependencies/panda_ros2_moveit2
[1.906s] -- Installing: /workspace/src/install/panda_ros2_moveit2/share/ament_index/resource_index/parent_prefix_path/panda_ros2_moveit2
[1.906s] -- Installing: /workspace/src/install/panda_ros2_moveit2/share/panda_ros2_moveit2/environment/ament_prefix_path.sh
[1.907s] -- Installing: /workspace/src/install/panda_ros2_moveit2/share/panda_ros2_moveit2/environment/ament_prefix_path.dsv
[1.907s] -- Installing: /workspace/src/install/panda_ros2_moveit2/share/panda_ros2_moveit2/environment/path.sh
[1.907s] -- Installing: /workspace/src/install/panda_ros2_moveit2/share/panda_ros2_moveit2/environment/path.dsv
[1.907s] -- Installing: /workspace/src/install/panda_ros2_moveit2/share/panda_ros2_moveit2/local_setup.bash
[1.908s] -- Installing: /workspace/src/install/panda_ros2_moveit2/share/panda_ros2_moveit2/local_setup.sh
[1.908s] -- Installing: /workspace/src/install/panda_ros2_moveit2/share/panda_ros2_moveit2/local_setup.zsh
[1.908s] -- Installing: /workspace/src/install/panda_ros2_moveit2/share/panda_ros2_moveit2/local_setup.dsv
[1.908s] -- Installing: /workspace/src/install/panda_ros2_moveit2/share/panda_ros2_moveit2/package.dsv
[1.909s] -- Installing: /workspace/src/install/panda_ros2_moveit2/share/ament_index/resource_index/packages/panda_ros2_moveit2
[1.909s] -- Installing: /workspace/src/install/panda_ros2_moveit2/share/panda_ros2_moveit2/cmake/panda_ros2_moveit2Config.cmake
[1.909s] -- Installing: /workspace/src/install/panda_ros2_moveit2/share/panda_ros2_moveit2/cmake/panda_ros2_moveit2Config-version.cmake
[1.912s] -- Installing: /workspace/src/install/panda_ros2_moveit2/share/panda_ros2_moveit2/package.xml
[1.974s] Invoked command in '/workspace/src/build/panda_ros2_moveit2' returned '0': AMENT_PREFIX_PATH=/workspace/src/install/ros2_data:${AMENT_PREFIX_PATH} CMAKE_PREFIX_PATH=/workspace/src/install/ros2_data:/workspace/src/install/lakme_ros:/workspace/install/lakme_ros:/opt/ros/humble LD_LIBRARY_PATH=/workspace/src/install/ros2_data/lib:${LD_LIBRARY_PATH} PYTHONPATH=/workspace/src/install/ros2_data/local/lib/python3.10/dist-packages:${PYTHONPATH} /usr/bin/cmake --install /workspace/src/build/panda_ros2_moveit2
