[0.841s] Invoking command in '/workspace/build/ros_interfaces': CMAKE_PREFIX_PATH=${CMAKE_PREFIX_PATH}:/workspace/install/inverse_kinematics:/workspace/install/srvcli:/workspace/install/pubsub:/workspace/install/my_py_pkg:/workspace/install/my_package:/workspace/install/inv_kine:/opt/ros/humble /usr/bin/cmake --build /workspace/build/ros_interfaces -- -j12 -l12
[0.915s] [  2%] Built target ros_interfaces__cpp
[0.915s] [ 12%] Built target ros_interfaces__rosidl_generator_c
[0.930s] [ 12%] Built target ament_cmake_python_copy_ros_interfaces
[0.955s] [ 23%] Built target ros_interfaces__rosidl_typesupport_introspection_c
[0.957s] [ 34%] Built target ros_interfaces__rosidl_typesupport_cpp
[0.957s] [ 44%] Built target ros_interfaces__rosidl_typesupport_c
[0.963s] [ 55%] Built target ros_interfaces__rosidl_typesupport_fastrtps_cpp
[0.964s] [ 65%] Built target ros_interfaces__rosidl_typesupport_introspection_cpp
[0.977s] [ 76%] Built target ros_interfaces__rosidl_typesupport_fastrtps_c
[1.010s] [ 76%] Built target ros_interfaces
[1.045s] [ 78%] Built target ros_interfaces__py
[1.076s] [ 87%] Built target ros_interfaces__rosidl_generator_py
[1.112s] [ 91%] Built target ros_interfaces__rosidl_typesupport_introspection_c__pyext
[1.114s] [ 95%] Built target ros_interfaces__rosidl_typesupport_fastrtps_c__pyext
[1.121s] [100%] Built target ros_interfaces__rosidl_typesupport_c__pyext
[1.268s] running egg_info
[1.270s] writing ros_interfaces.egg-info/PKG-INFO
[1.270s] writing dependency_links to ros_interfaces.egg-info/dependency_links.txt
[1.270s] writing top-level names to ros_interfaces.egg-info/top_level.txt
[1.276s] reading manifest file 'ros_interfaces.egg-info/SOURCES.txt'
[1.278s] writing manifest file 'ros_interfaces.egg-info/SOURCES.txt'
[1.324s] [100%] Built target ament_cmake_python_build_ros_interfaces_egg
[1.340s] Invoked command in '/workspace/build/ros_interfaces' returned '0': CMAKE_PREFIX_PATH=${CMAKE_PREFIX_PATH}:/workspace/install/inverse_kinematics:/workspace/install/srvcli:/workspace/install/pubsub:/workspace/install/my_py_pkg:/workspace/install/my_package:/workspace/install/inv_kine:/opt/ros/humble /usr/bin/cmake --build /workspace/build/ros_interfaces -- -j12 -l12
[1.507s] Invoking command in '/workspace/build/ros_interfaces': CMAKE_PREFIX_PATH=${CMAKE_PREFIX_PATH}:/workspace/install/inverse_kinematics:/workspace/install/srvcli:/workspace/install/pubsub:/workspace/install/my_py_pkg:/workspace/install/my_package:/workspace/install/inv_kine:/opt/ros/humble /usr/bin/cmake --install /workspace/build/ros_interfaces
[1.520s] -- Install configuration: ""
[1.520s] -- Up-to-date: /workspace/install/ros_interfaces/share/ament_index/resource_index/rosidl_interfaces/ros_interfaces
[1.526s] -- Up-to-date: /workspace/install/ros_interfaces/include/ros_interfaces/ros_interfaces
[1.526s] -- Up-to-date: /workspace/install/ros_interfaces/include/ros_interfaces/ros_interfaces/srv
[1.527s] -- Up-to-date: /workspace/install/ros_interfaces/include/ros_interfaces/ros_interfaces/srv/add_tree_ints.h
[1.527s] -- Up-to-date: /workspace/install/ros_interfaces/include/ros_interfaces/ros_interfaces/srv/detail
[1.527s] -- Up-to-date: /workspace/install/ros_interfaces/include/ros_interfaces/ros_interfaces/srv/detail/add_tree_ints__functions.c
[1.527s] -- Up-to-date: /workspace/install/ros_interfaces/include/ros_interfaces/ros_interfaces/srv/detail/add_tree_ints__functions.h
[1.528s] -- Up-to-date: /workspace/install/ros_interfaces/include/ros_interfaces/ros_interfaces/srv/detail/add_tree_ints__type_support.h
[1.528s] -- Up-to-date: /workspace/install/ros_interfaces/include/ros_interfaces/ros_interfaces/srv/detail/add_tree_ints__struct.h
[1.528s] -- Up-to-date: /workspace/install/ros_interfaces/include/ros_interfaces/ros_interfaces/msg
[1.529s] -- Up-to-date: /workspace/install/ros_interfaces/include/ros_interfaces/ros_interfaces/msg/num.h
[1.529s] -- Up-to-date: /workspace/install/ros_interfaces/include/ros_interfaces/ros_interfaces/msg/detail
[1.529s] -- Up-to-date: /workspace/install/ros_interfaces/include/ros_interfaces/ros_interfaces/msg/detail/num__struct.h
[1.529s] -- Up-to-date: /workspace/install/ros_interfaces/include/ros_interfaces/ros_interfaces/msg/detail/sphere__functions.h
[1.530s] -- Up-to-date: /workspace/install/ros_interfaces/include/ros_interfaces/ros_interfaces/msg/detail/sphere__functions.c
[1.530s] -- Up-to-date: /workspace/install/ros_interfaces/include/ros_interfaces/ros_interfaces/msg/detail/num__functions.h
[1.530s] -- Up-to-date: /workspace/install/ros_interfaces/include/ros_interfaces/ros_interfaces/msg/detail/sphere__struct.h
[1.530s] -- Up-to-date: /workspace/install/ros_interfaces/include/ros_interfaces/ros_interfaces/msg/detail/sphere__type_support.h
[1.531s] -- Up-to-date: /workspace/install/ros_interfaces/include/ros_interfaces/ros_interfaces/msg/detail/num__type_support.h
[1.531s] -- Up-to-date: /workspace/install/ros_interfaces/include/ros_interfaces/ros_interfaces/msg/detail/num__functions.c
[1.531s] -- Up-to-date: /workspace/install/ros_interfaces/include/ros_interfaces/ros_interfaces/msg/rosidl_generator_c__visibility_control.h
[1.531s] -- Up-to-date: /workspace/install/ros_interfaces/include/ros_interfaces/ros_interfaces/msg/sphere.h
[1.531s] -- Up-to-date: /workspace/install/ros_interfaces/share/ros_interfaces/environment/library_path.sh
[1.532s] -- Up-to-date: /workspace/install/ros_interfaces/share/ros_interfaces/environment/library_path.dsv
[1.532s] -- Up-to-date: /workspace/install/ros_interfaces/lib/libros_interfaces__rosidl_generator_c.so
[1.532s] -- Up-to-date: /workspace/install/ros_interfaces/include/ros_interfaces/ros_interfaces
[1.532s] -- Up-to-date: /workspace/install/ros_interfaces/include/ros_interfaces/ros_interfaces/srv
[1.532s] -- Up-to-date: /workspace/install/ros_interfaces/include/ros_interfaces/ros_interfaces/srv/detail
[1.533s] -- Up-to-date: /workspace/install/ros_interfaces/include/ros_interfaces/ros_interfaces/srv/detail/add_tree_ints__rosidl_typesupport_fastrtps_c.h
[1.533s] -- Up-to-date: /workspace/install/ros_interfaces/include/ros_interfaces/ros_interfaces/msg
[1.533s] -- Up-to-date: /workspace/install/ros_interfaces/include/ros_interfaces/ros_interfaces/msg/detail
[1.533s] -- Up-to-date: /workspace/install/ros_interfaces/include/ros_interfaces/ros_interfaces/msg/detail/num__rosidl_typesupport_fastrtps_c.h
[1.533s] -- Up-to-date: /workspace/install/ros_interfaces/include/ros_interfaces/ros_interfaces/msg/detail/sphere__rosidl_typesupport_fastrtps_c.h
[1.533s] -- Up-to-date: /workspace/install/ros_interfaces/include/ros_interfaces/ros_interfaces/msg/rosidl_typesupport_fastrtps_c__visibility_control.h
[1.534s] -- Up-to-date: /workspace/install/ros_interfaces/lib/libros_interfaces__rosidl_typesupport_fastrtps_c.so
[1.534s] -- Up-to-date: /workspace/install/ros_interfaces/include/ros_interfaces/ros_interfaces
[1.534s] -- Up-to-date: /workspace/install/ros_interfaces/include/ros_interfaces/ros_interfaces/srv
[1.534s] -- Up-to-date: /workspace/install/ros_interfaces/include/ros_interfaces/ros_interfaces/srv/add_tree_ints.hpp
[1.534s] -- Up-to-date: /workspace/install/ros_interfaces/include/ros_interfaces/ros_interfaces/srv/detail
[1.535s] -- Up-to-date: /workspace/install/ros_interfaces/include/ros_interfaces/ros_interfaces/srv/detail/add_tree_ints__struct.hpp
[1.535s] -- Up-to-date: /workspace/install/ros_interfaces/include/ros_interfaces/ros_interfaces/srv/detail/add_tree_ints__builder.hpp
[1.535s] -- Up-to-date: /workspace/install/ros_interfaces/include/ros_interfaces/ros_interfaces/srv/detail/add_tree_ints__traits.hpp
[1.535s] -- Up-to-date: /workspace/install/ros_interfaces/include/ros_interfaces/ros_interfaces/msg
[1.535s] -- Up-to-date: /workspace/install/ros_interfaces/include/ros_interfaces/ros_interfaces/msg/detail
[1.535s] -- Up-to-date: /workspace/install/ros_interfaces/include/ros_interfaces/ros_interfaces/msg/detail/sphere__builder.hpp
[1.536s] -- Up-to-date: /workspace/install/ros_interfaces/include/ros_interfaces/ros_interfaces/msg/detail/num__struct.hpp
[1.536s] -- Up-to-date: /workspace/install/ros_interfaces/include/ros_interfaces/ros_interfaces/msg/detail/sphere__struct.hpp
[1.536s] -- Up-to-date: /workspace/install/ros_interfaces/include/ros_interfaces/ros_interfaces/msg/detail/sphere__traits.hpp
[1.536s] -- Up-to-date: /workspace/install/ros_interfaces/include/ros_interfaces/ros_interfaces/msg/detail/num__builder.hpp
[1.537s] -- Up-to-date: /workspace/install/ros_interfaces/include/ros_interfaces/ros_interfaces/msg/detail/num__traits.hpp
[1.537s] -- Up-to-date: /workspace/install/ros_interfaces/include/ros_interfaces/ros_interfaces/msg/num.hpp
[1.537s] -- Up-to-date: /workspace/install/ros_interfaces/include/ros_interfaces/ros_interfaces/msg/sphere.hpp
[1.537s] -- Up-to-date: /workspace/install/ros_interfaces/include/ros_interfaces/ros_interfaces
[1.537s] -- Up-to-date: /workspace/install/ros_interfaces/include/ros_interfaces/ros_interfaces/srv
[1.537s] -- Up-to-date: /workspace/install/ros_interfaces/include/ros_interfaces/ros_interfaces/srv/detail
[1.538s] -- Up-to-date: /workspace/install/ros_interfaces/include/ros_interfaces/ros_interfaces/srv/detail/dds_fastrtps
[1.538s] -- Up-to-date: /workspace/install/ros_interfaces/include/ros_interfaces/ros_interfaces/srv/detail/add_tree_ints__rosidl_typesupport_fastrtps_cpp.hpp
[1.538s] -- Up-to-date: /workspace/install/ros_interfaces/include/ros_interfaces/ros_interfaces/msg
[1.538s] -- Up-to-date: /workspace/install/ros_interfaces/include/ros_interfaces/ros_interfaces/msg/detail
[1.541s] -- Up-to-date: /workspace/install/ros_interfaces/include/ros_interfaces/ros_interfaces/msg/detail/num__rosidl_typesupport_fastrtps_cpp.hpp
[1.541s] -- Up-to-date: /workspace/install/ros_interfaces/include/ros_interfaces/ros_interfaces/msg/detail/sphere__rosidl_typesupport_fastrtps_cpp.hpp
[1.542s] -- Up-to-date: /workspace/install/ros_interfaces/include/ros_interfaces/ros_interfaces/msg/detail/dds_fastrtps
[1.542s] -- Up-to-date: /workspace/install/ros_interfaces/include/ros_interfaces/ros_interfaces/msg/rosidl_typesupport_fastrtps_cpp__visibility_control.h
[1.542s] -- Up-to-date: /workspace/install/ros_interfaces/lib/libros_interfaces__rosidl_typesupport_fastrtps_cpp.so
[1.542s] -- Up-to-date: /workspace/install/ros_interfaces/include/ros_interfaces/ros_interfaces
[1.542s] -- Up-to-date: /workspace/install/ros_interfaces/include/ros_interfaces/ros_interfaces/srv
[1.543s] -- Up-to-date: /workspace/install/ros_interfaces/include/ros_interfaces/ros_interfaces/srv/detail
[1.543s] -- Up-to-date: /workspace/install/ros_interfaces/include/ros_interfaces/ros_interfaces/srv/detail/add_tree_ints__rosidl_typesupport_introspection_c.h
[1.543s] -- Up-to-date: /workspace/install/ros_interfaces/include/ros_interfaces/ros_interfaces/srv/detail/add_tree_ints__type_support.c
[1.543s] -- Up-to-date: /workspace/install/ros_interfaces/include/ros_interfaces/ros_interfaces/msg
[1.543s] -- Up-to-date: /workspace/install/ros_interfaces/include/ros_interfaces/ros_interfaces/msg/rosidl_typesupport_introspection_c__visibility_control.h
[1.543s] -- Up-to-date: /workspace/install/ros_interfaces/include/ros_interfaces/ros_interfaces/msg/detail
[1.544s] -- Up-to-date: /workspace/install/ros_interfaces/include/ros_interfaces/ros_interfaces/msg/detail/num__rosidl_typesupport_introspection_c.h
[1.544s] -- Up-to-date: /workspace/install/ros_interfaces/include/ros_interfaces/ros_interfaces/msg/detail/num__type_support.c
[1.544s] -- Up-to-date: /workspace/install/ros_interfaces/include/ros_interfaces/ros_interfaces/msg/detail/sphere__rosidl_typesupport_introspection_c.h
[1.544s] -- Up-to-date: /workspace/install/ros_interfaces/include/ros_interfaces/ros_interfaces/msg/detail/sphere__type_support.c
[1.545s] -- Up-to-date: /workspace/install/ros_interfaces/lib/libros_interfaces__rosidl_typesupport_introspection_c.so
[1.545s] -- Up-to-date: /workspace/install/ros_interfaces/lib/libros_interfaces__rosidl_typesupport_c.so
[1.545s] -- Up-to-date: /workspace/install/ros_interfaces/include/ros_interfaces/ros_interfaces
[1.545s] -- Up-to-date: /workspace/install/ros_interfaces/include/ros_interfaces/ros_interfaces/srv
[1.545s] -- Up-to-date: /workspace/install/ros_interfaces/include/ros_interfaces/ros_interfaces/srv/detail
[1.546s] -- Up-to-date: /workspace/install/ros_interfaces/include/ros_interfaces/ros_interfaces/srv/detail/add_tree_ints__rosidl_typesupport_introspection_cpp.hpp
[1.546s] -- Up-to-date: /workspace/install/ros_interfaces/include/ros_interfaces/ros_interfaces/srv/detail/add_tree_ints__type_support.cpp
[1.546s] -- Up-to-date: /workspace/install/ros_interfaces/include/ros_interfaces/ros_interfaces/msg
[1.546s] -- Up-to-date: /workspace/install/ros_interfaces/include/ros_interfaces/ros_interfaces/msg/detail
[1.546s] -- Up-to-date: /workspace/install/ros_interfaces/include/ros_interfaces/ros_interfaces/msg/detail/num__type_support.cpp
[1.547s] -- Up-to-date: /workspace/install/ros_interfaces/include/ros_interfaces/ros_interfaces/msg/detail/sphere__rosidl_typesupport_introspection_cpp.hpp
[1.547s] -- Up-to-date: /workspace/install/ros_interfaces/include/ros_interfaces/ros_interfaces/msg/detail/sphere__type_support.cpp
[1.547s] -- Up-to-date: /workspace/install/ros_interfaces/include/ros_interfaces/ros_interfaces/msg/detail/num__rosidl_typesupport_introspection_cpp.hpp
[1.547s] -- Up-to-date: /workspace/install/ros_interfaces/lib/libros_interfaces__rosidl_typesupport_introspection_cpp.so
[1.547s] -- Up-to-date: /workspace/install/ros_interfaces/lib/libros_interfaces__rosidl_typesupport_cpp.so
[1.547s] -- Up-to-date: /workspace/install/ros_interfaces/share/ros_interfaces/environment/pythonpath.sh
[1.555s] -- Up-to-date: /workspace/install/ros_interfaces/share/ros_interfaces/environment/pythonpath.dsv
[1.555s] -- Up-to-date: /workspace/install/ros_interfaces/local/lib/python3.10/dist-packages/ros_interfaces-0.0.0-py3.10.egg-info
[1.555s] -- Installing: /workspace/install/ros_interfaces/local/lib/python3.10/dist-packages/ros_interfaces-0.0.0-py3.10.egg-info/SOURCES.txt
[1.556s] -- Installing: /workspace/install/ros_interfaces/local/lib/python3.10/dist-packages/ros_interfaces-0.0.0-py3.10.egg-info/dependency_links.txt
[1.556s] -- Installing: /workspace/install/ros_interfaces/local/lib/python3.10/dist-packages/ros_interfaces-0.0.0-py3.10.egg-info/top_level.txt
[1.556s] -- Installing: /workspace/install/ros_interfaces/local/lib/python3.10/dist-packages/ros_interfaces-0.0.0-py3.10.egg-info/PKG-INFO
[1.557s] -- Up-to-date: /workspace/install/ros_interfaces/local/lib/python3.10/dist-packages/ros_interfaces
[1.557s] -- Up-to-date: /workspace/install/ros_interfaces/local/lib/python3.10/dist-packages/ros_interfaces/ros_interfaces_s__rosidl_typesupport_c.cpython-310-x86_64-linux-gnu.so
[1.557s] -- Up-to-date: /workspace/install/ros_interfaces/local/lib/python3.10/dist-packages/ros_interfaces/srv
[1.557s] -- Up-to-date: /workspace/install/ros_interfaces/local/lib/python3.10/dist-packages/ros_interfaces/srv/__init__.py
[1.557s] -- Up-to-date: /workspace/install/ros_interfaces/local/lib/python3.10/dist-packages/ros_interfaces/srv/_add_tree_ints.py
[1.557s] -- Up-to-date: /workspace/install/ros_interfaces/local/lib/python3.10/dist-packages/ros_interfaces/srv/_add_tree_ints_s.c
[1.558s] -- Up-to-date: /workspace/install/ros_interfaces/local/lib/python3.10/dist-packages/ros_interfaces/msg
[1.558s] -- Up-to-date: /workspace/install/ros_interfaces/local/lib/python3.10/dist-packages/ros_interfaces/msg/_num.py
[1.558s] -- Up-to-date: /workspace/install/ros_interfaces/local/lib/python3.10/dist-packages/ros_interfaces/msg/_sphere.py
[1.558s] -- Up-to-date: /workspace/install/ros_interfaces/local/lib/python3.10/dist-packages/ros_interfaces/msg/_sphere_s.c
[1.558s] -- Up-to-date: /workspace/install/ros_interfaces/local/lib/python3.10/dist-packages/ros_interfaces/msg/_num_s.c
[1.558s] -- Up-to-date: /workspace/install/ros_interfaces/local/lib/python3.10/dist-packages/ros_interfaces/msg/__init__.py
[1.559s] -- Up-to-date: /workspace/install/ros_interfaces/local/lib/python3.10/dist-packages/ros_interfaces/__init__.py
[1.559s] -- Up-to-date: /workspace/install/ros_interfaces/local/lib/python3.10/dist-packages/ros_interfaces/_ros_interfaces_s.ep.rosidl_typesupport_introspection_c.c
[1.559s] -- Up-to-date: /workspace/install/ros_interfaces/local/lib/python3.10/dist-packages/ros_interfaces/_ros_interfaces_s.ep.rosidl_typesupport_c.c
[1.559s] -- Up-to-date: /workspace/install/ros_interfaces/local/lib/python3.10/dist-packages/ros_interfaces/ros_interfaces_s__rosidl_typesupport_introspection_c.cpython-310-x86_64-linux-gnu.so
[1.559s] -- Up-to-date: /workspace/install/ros_interfaces/local/lib/python3.10/dist-packages/ros_interfaces/ros_interfaces_s__rosidl_typesupport_fastrtps_c.cpython-310-x86_64-linux-gnu.so
[1.560s] -- Up-to-date: /workspace/install/ros_interfaces/local/lib/python3.10/dist-packages/ros_interfaces/_ros_interfaces_s.ep.rosidl_typesupport_fastrtps_c.c
[1.560s] -- Up-to-date: /workspace/install/ros_interfaces/local/lib/python3.10/dist-packages/ros_interfaces/libros_interfaces__rosidl_generator_py.so
[1.591s] Listing '/workspace/install/ros_interfaces/local/lib/python3.10/dist-packages/ros_interfaces'...
[1.591s] Listing '/workspace/install/ros_interfaces/local/lib/python3.10/dist-packages/ros_interfaces/msg'...
[1.592s] Listing '/workspace/install/ros_interfaces/local/lib/python3.10/dist-packages/ros_interfaces/srv'...
[1.598s] -- Up-to-date: /workspace/install/ros_interfaces/local/lib/python3.10/dist-packages/ros_interfaces/ros_interfaces_s__rosidl_typesupport_fastrtps_c.cpython-310-x86_64-linux-gnu.so
[1.599s] -- Up-to-date: /workspace/install/ros_interfaces/local/lib/python3.10/dist-packages/ros_interfaces/ros_interfaces_s__rosidl_typesupport_introspection_c.cpython-310-x86_64-linux-gnu.so
[1.600s] -- Up-to-date: /workspace/install/ros_interfaces/local/lib/python3.10/dist-packages/ros_interfaces/ros_interfaces_s__rosidl_typesupport_c.cpython-310-x86_64-linux-gnu.so
[1.600s] -- Up-to-date: /workspace/install/ros_interfaces/lib/libros_interfaces__rosidl_generator_py.so
[1.601s] -- Up-to-date: /workspace/install/ros_interfaces/share/ros_interfaces/msg/Num.idl
[1.601s] -- Up-to-date: /workspace/install/ros_interfaces/share/ros_interfaces/msg/Sphere.idl
[1.602s] -- Up-to-date: /workspace/install/ros_interfaces/share/ros_interfaces/srv/AddTreeInts.idl
[1.602s] -- Up-to-date: /workspace/install/ros_interfaces/share/ros_interfaces/msg/Num.msg
[1.602s] -- Up-to-date: /workspace/install/ros_interfaces/share/ros_interfaces/msg/Sphere.msg
[1.602s] -- Up-to-date: /workspace/install/ros_interfaces/share/ros_interfaces/srv/AddTreeInts.srv
[1.603s] -- Up-to-date: /workspace/install/ros_interfaces/share/ros_interfaces/srv/AddTreeInts_Request.msg
[1.603s] -- Up-to-date: /workspace/install/ros_interfaces/share/ros_interfaces/srv/AddTreeInts_Response.msg
[1.603s] -- Up-to-date: /workspace/install/ros_interfaces/share/ament_index/resource_index/package_run_dependencies/ros_interfaces
[1.603s] -- Up-to-date: /workspace/install/ros_interfaces/share/ament_index/resource_index/parent_prefix_path/ros_interfaces
[1.604s] -- Up-to-date: /workspace/install/ros_interfaces/share/ros_interfaces/environment/ament_prefix_path.sh
[1.604s] -- Up-to-date: /workspace/install/ros_interfaces/share/ros_interfaces/environment/ament_prefix_path.dsv
[1.604s] -- Up-to-date: /workspace/install/ros_interfaces/share/ros_interfaces/environment/path.sh
[1.604s] -- Up-to-date: /workspace/install/ros_interfaces/share/ros_interfaces/environment/path.dsv
[1.605s] -- Up-to-date: /workspace/install/ros_interfaces/share/ros_interfaces/local_setup.bash
[1.605s] -- Up-to-date: /workspace/install/ros_interfaces/share/ros_interfaces/local_setup.sh
[1.605s] -- Up-to-date: /workspace/install/ros_interfaces/share/ros_interfaces/local_setup.zsh
[1.606s] -- Up-to-date: /workspace/install/ros_interfaces/share/ros_interfaces/local_setup.dsv
[1.606s] -- Installing: /workspace/install/ros_interfaces/share/ros_interfaces/package.dsv
[1.606s] -- Up-to-date: /workspace/install/ros_interfaces/share/ament_index/resource_index/packages/ros_interfaces
[1.606s] -- Up-to-date: /workspace/install/ros_interfaces/share/ros_interfaces/cmake/export_ros_interfaces__rosidl_generator_cExport.cmake
[1.607s] -- Up-to-date: /workspace/install/ros_interfaces/share/ros_interfaces/cmake/export_ros_interfaces__rosidl_generator_cExport-noconfig.cmake
[1.607s] -- Up-to-date: /workspace/install/ros_interfaces/share/ros_interfaces/cmake/export_ros_interfaces__rosidl_typesupport_fastrtps_cExport.cmake
[1.607s] -- Up-to-date: /workspace/install/ros_interfaces/share/ros_interfaces/cmake/export_ros_interfaces__rosidl_typesupport_fastrtps_cExport-noconfig.cmake
[1.607s] -- Up-to-date: /workspace/install/ros_interfaces/share/ros_interfaces/cmake/export_ros_interfaces__rosidl_generator_cppExport.cmake
[1.607s] -- Up-to-date: /workspace/install/ros_interfaces/share/ros_interfaces/cmake/export_ros_interfaces__rosidl_typesupport_fastrtps_cppExport.cmake
[1.608s] -- Up-to-date: /workspace/install/ros_interfaces/share/ros_interfaces/cmake/export_ros_interfaces__rosidl_typesupport_fastrtps_cppExport-noconfig.cmake
[1.608s] -- Up-to-date: /workspace/install/ros_interfaces/share/ros_interfaces/cmake/ros_interfaces__rosidl_typesupport_introspection_cExport.cmake
[1.608s] -- Up-to-date: /workspace/install/ros_interfaces/share/ros_interfaces/cmake/ros_interfaces__rosidl_typesupport_introspection_cExport-noconfig.cmake
[1.608s] -- Up-to-date: /workspace/install/ros_interfaces/share/ros_interfaces/cmake/ros_interfaces__rosidl_typesupport_cExport.cmake
[1.609s] -- Up-to-date: /workspace/install/ros_interfaces/share/ros_interfaces/cmake/ros_interfaces__rosidl_typesupport_cExport-noconfig.cmake
[1.609s] -- Up-to-date: /workspace/install/ros_interfaces/share/ros_interfaces/cmake/ros_interfaces__rosidl_typesupport_introspection_cppExport.cmake
[1.610s] -- Up-to-date: /workspace/install/ros_interfaces/share/ros_interfaces/cmake/ros_interfaces__rosidl_typesupport_introspection_cppExport-noconfig.cmake
[1.612s] -- Up-to-date: /workspace/install/ros_interfaces/share/ros_interfaces/cmake/ros_interfaces__rosidl_typesupport_cppExport.cmake
[1.612s] -- Up-to-date: /workspace/install/ros_interfaces/share/ros_interfaces/cmake/ros_interfaces__rosidl_typesupport_cppExport-noconfig.cmake
[1.613s] -- Up-to-date: /workspace/install/ros_interfaces/share/ros_interfaces/cmake/export_ros_interfaces__rosidl_generator_pyExport.cmake
[1.614s] -- Up-to-date: /workspace/install/ros_interfaces/share/ros_interfaces/cmake/export_ros_interfaces__rosidl_generator_pyExport-noconfig.cmake
[1.614s] -- Up-to-date: /workspace/install/ros_interfaces/share/ros_interfaces/cmake/rosidl_cmake-extras.cmake
[1.616s] -- Up-to-date: /workspace/install/ros_interfaces/share/ros_interfaces/cmake/ament_cmake_export_dependencies-extras.cmake
[1.617s] -- Up-to-date: /workspace/install/ros_interfaces/share/ros_interfaces/cmake/ament_cmake_export_include_directories-extras.cmake
[1.617s] -- Up-to-date: /workspace/install/ros_interfaces/share/ros_interfaces/cmake/ament_cmake_export_libraries-extras.cmake
[1.618s] -- Up-to-date: /workspace/install/ros_interfaces/share/ros_interfaces/cmake/ament_cmake_export_targets-extras.cmake
[1.619s] -- Up-to-date: /workspace/install/ros_interfaces/share/ros_interfaces/cmake/rosidl_cmake_export_typesupport_targets-extras.cmake
[1.620s] -- Up-to-date: /workspace/install/ros_interfaces/share/ros_interfaces/cmake/rosidl_cmake_export_typesupport_libraries-extras.cmake
[1.620s] -- Up-to-date: /workspace/install/ros_interfaces/share/ros_interfaces/cmake/ros_interfacesConfig.cmake
[1.621s] -- Up-to-date: /workspace/install/ros_interfaces/share/ros_interfaces/cmake/ros_interfacesConfig-version.cmake
[1.621s] -- Up-to-date: /workspace/install/ros_interfaces/share/ros_interfaces/package.xml
[1.621s] Invoked command in '/workspace/build/ros_interfaces' returned '0': CMAKE_PREFIX_PATH=${CMAKE_PREFIX_PATH}:/workspace/install/inverse_kinematics:/workspace/install/srvcli:/workspace/install/pubsub:/workspace/install/my_py_pkg:/workspace/install/my_package:/workspace/install/inv_kine:/opt/ros/humble /usr/bin/cmake --install /workspace/build/ros_interfaces
