[0.467s] Invoking command in '/workspace/src/build/irb6640_ros2_gazebo': CMAKE_PREFIX_PATH=${CMAKE_PREFIX_PATH}:/opt/ros/humble /usr/bin/cmake /workspace/src/ros2_RobotSimulation/ABBRobots/IRB6640/irb6640_ros2_gazebo -DCMAKE_INSTALL_PREFIX=/workspace/src/install/irb6640_ros2_gazebo
[1.155s] -- The C compiler identification is GNU 11.3.0
[1.155s] -- The CXX compiler identification is GNU 11.3.0
[1.155s] -- Detecting C compiler ABI info
[1.155s] -- Detecting C compiler ABI info - done
[1.155s] -- Check for working C compiler: /usr/bin/cc - skipped
[1.156s] -- Detecting C compile features
[1.156s] -- Detecting C compile features - done
[1.156s] -- Detecting CXX compiler ABI info
[1.156s] -- Detecting CXX compiler ABI info - done
[1.156s] -- Check for working CXX compiler: /usr/bin/c++ - skipped
[1.156s] -- Detecting CXX compile features
[1.157s] -- Detecting CXX compile features - done
[1.157s] -- Found ament_cmake: 1.3.4 (/opt/ros/humble/share/ament_cmake/cmake)
[1.801s] -- Found Python3: /usr/bin/python3.10 (found version "3.10.6") found components: Interpreter 
[2.167s] -- Found ament_lint_auto: 0.12.6 (/opt/ros/humble/share/ament_lint_auto/cmake)
[2.363s] -- Added test 'copyright' to check source files copyright and LICENSE
[2.373s] -- Added test 'flake8' to check Python code syntax and style conventions
[2.377s] -- Added test 'lint_cmake' to check CMake code style
[2.380s] -- Added test 'pep257' to check Python code against some of the docstring style conventions in PEP 257
[2.388s] -- Added test 'xmllint' to check XML markup files
[2.389s] -- Configuring done
[2.397s] -- Generating done
[2.399s] -- Build files have been written to: /workspace/src/build/irb6640_ros2_gazebo
[2.785s] Invoked command in '/workspace/src/build/irb6640_ros2_gazebo' returned '0': CMAKE_PREFIX_PATH=${CMAKE_PREFIX_PATH}:/opt/ros/humble /usr/bin/cmake /workspace/src/ros2_RobotSimulation/ABBRobots/IRB6640/irb6640_ros2_gazebo -DCMAKE_INSTALL_PREFIX=/workspace/src/install/irb6640_ros2_gazebo
[2.786s] Invoking command in '/workspace/src/build/irb6640_ros2_gazebo': CMAKE_PREFIX_PATH=${CMAKE_PREFIX_PATH}:/opt/ros/humble /usr/bin/cmake --build /workspace/src/build/irb6640_ros2_gazebo -- -j12 -l12
[2.859s] Invoked command in '/workspace/src/build/irb6640_ros2_gazebo' returned '0': CMAKE_PREFIX_PATH=${CMAKE_PREFIX_PATH}:/opt/ros/humble /usr/bin/cmake --build /workspace/src/build/irb6640_ros2_gazebo -- -j12 -l12
[2.973s] Invoking command in '/workspace/src/build/irb6640_ros2_gazebo': CMAKE_PREFIX_PATH=${CMAKE_PREFIX_PATH}:/opt/ros/humble /usr/bin/cmake --install /workspace/src/build/irb6640_ros2_gazebo
[2.993s] -- Install configuration: ""
[2.994s] -- Installing: /workspace/src/install/irb6640_ros2_gazebo/share/irb6640_ros2_gazebo/config
[2.994s] -- Installing: /workspace/src/install/irb6640_ros2_gazebo/share/irb6640_ros2_gazebo/config/irb6640_controller.yaml
[2.995s] -- Installing: /workspace/src/install/irb6640_ros2_gazebo/share/irb6640_ros2_gazebo/launch
[2.995s] -- Installing: /workspace/src/install/irb6640_ros2_gazebo/share/irb6640_ros2_gazebo/launch/irb6640_simulation.launch.py
[2.995s] -- Installing: /workspace/src/install/irb6640_ros2_gazebo/share/irb6640_ros2_gazebo/urdf
[2.996s] -- Installing: /workspace/src/install/irb6640_ros2_gazebo/share/irb6640_ros2_gazebo/urdf/irb6640.urdf.xacro
[2.996s] -- Installing: /workspace/src/install/irb6640_ros2_gazebo/share/irb6640_ros2_gazebo/urdf/irb6640_macro.urdf.xacro
[2.997s] -- Installing: /workspace/src/install/irb6640_ros2_gazebo/share/irb6640_ros2_gazebo/urdf/irb6640_transmission.xacro
[2.997s] -- Installing: /workspace/src/install/irb6640_ros2_gazebo/share/irb6640_ros2_gazebo/urdf/abb_resources
[2.997s] -- Installing: /workspace/src/install/irb6640_ros2_gazebo/share/irb6640_ros2_gazebo/urdf/abb_resources/common_materials.xacro
[2.997s] -- Installing: /workspace/src/install/irb6640_ros2_gazebo/share/irb6640_ros2_gazebo/urdf/abb_resources/common_colours.xacro
[2.998s] -- Installing: /workspace/src/install/irb6640_ros2_gazebo/share/irb6640_ros2_gazebo/urdf/irb6640_ros2control.xacro
[2.998s] -- Installing: /workspace/src/install/irb6640_ros2_gazebo/share/irb6640_ros2_gazebo/worlds
[2.998s] -- Installing: /workspace/src/install/irb6640_ros2_gazebo/share/irb6640_ros2_gazebo/worlds/irb6640.world
[2.998s] -- Installing: /workspace/src/install/irb6640_ros2_gazebo/share/irb6640_ros2_gazebo/meshes
[2.999s] -- Installing: /workspace/src/install/irb6640_ros2_gazebo/share/irb6640_ros2_gazebo/meshes/collision
[3.006s] -- Installing: /workspace/src/install/irb6640_ros2_gazebo/share/irb6640_ros2_gazebo/meshes/collision/link_4.stl
[3.006s] -- Installing: /workspace/src/install/irb6640_ros2_gazebo/share/irb6640_ros2_gazebo/meshes/collision/link_2.stl
[3.007s] -- Installing: /workspace/src/install/irb6640_ros2_gazebo/share/irb6640_ros2_gazebo/meshes/collision/cylinder_link.stl
[3.008s] -- Installing: /workspace/src/install/irb6640_ros2_gazebo/share/irb6640_ros2_gazebo/meshes/collision/link_1.stl
[3.008s] -- Installing: /workspace/src/install/irb6640_ros2_gazebo/share/irb6640_ros2_gazebo/meshes/collision/piston_link.stl
[3.008s] -- Installing: /workspace/src/install/irb6640_ros2_gazebo/share/irb6640_ros2_gazebo/meshes/collision/base_link.stl
[3.009s] -- Installing: /workspace/src/install/irb6640_ros2_gazebo/share/irb6640_ros2_gazebo/meshes/collision/link_3.stl
[3.009s] -- Installing: /workspace/src/install/irb6640_ros2_gazebo/share/irb6640_ros2_gazebo/meshes/collision/link_6.stl
[3.009s] -- Installing: /workspace/src/install/irb6640_ros2_gazebo/share/irb6640_ros2_gazebo/meshes/collision/link_5.stl
[3.009s] -- Installing: /workspace/src/install/irb6640_ros2_gazebo/share/irb6640_ros2_gazebo/meshes/visual
[3.010s] -- Installing: /workspace/src/install/irb6640_ros2_gazebo/share/irb6640_ros2_gazebo/meshes/visual/base_link.dae
[3.011s] -- Installing: /workspace/src/install/irb6640_ros2_gazebo/share/irb6640_ros2_gazebo/meshes/visual/cylinder_link.dae
[3.013s] -- Installing: /workspace/src/install/irb6640_ros2_gazebo/share/irb6640_ros2_gazebo/meshes/visual/link_2.dae
[3.014s] -- Installing: /workspace/src/install/irb6640_ros2_gazebo/share/irb6640_ros2_gazebo/meshes/visual/link_1.dae
[3.046s] -- Installing: /workspace/src/install/irb6640_ros2_gazebo/share/irb6640_ros2_gazebo/meshes/visual/link_4.dae
[3.051s] -- Installing: /workspace/src/install/irb6640_ros2_gazebo/share/irb6640_ros2_gazebo/meshes/visual/link_6.dae
[3.051s] -- Installing: /workspace/src/install/irb6640_ros2_gazebo/share/irb6640_ros2_gazebo/meshes/visual/piston_link.dae
[3.052s] -- Installing: /workspace/src/install/irb6640_ros2_gazebo/share/irb6640_ros2_gazebo/meshes/visual/link_5.dae
[3.056s] -- Installing: /workspace/src/install/irb6640_ros2_gazebo/share/irb6640_ros2_gazebo/meshes/visual/link_3.dae
[3.066s] -- Installing: /workspace/src/install/irb6640_ros2_gazebo/share/ament_index/resource_index/package_run_dependencies/irb6640_ros2_gazebo
[3.066s] -- Installing: /workspace/src/install/irb6640_ros2_gazebo/share/ament_index/resource_index/parent_prefix_path/irb6640_ros2_gazebo
[3.067s] -- Installing: /workspace/src/install/irb6640_ros2_gazebo/share/irb6640_ros2_gazebo/environment/ament_prefix_path.sh
[3.067s] -- Installing: /workspace/src/install/irb6640_ros2_gazebo/share/irb6640_ros2_gazebo/environment/ament_prefix_path.dsv
[3.068s] -- Installing: /workspace/src/install/irb6640_ros2_gazebo/share/irb6640_ros2_gazebo/environment/path.sh
[3.068s] -- Installing: /workspace/src/install/irb6640_ros2_gazebo/share/irb6640_ros2_gazebo/environment/path.dsv
[3.068s] -- Installing: /workspace/src/install/irb6640_ros2_gazebo/share/irb6640_ros2_gazebo/local_setup.bash
[3.068s] -- Installing: /workspace/src/install/irb6640_ros2_gazebo/share/irb6640_ros2_gazebo/local_setup.sh
[3.070s] -- Installing: /workspace/src/install/irb6640_ros2_gazebo/share/irb6640_ros2_gazebo/local_setup.zsh
[3.071s] -- Installing: /workspace/src/install/irb6640_ros2_gazebo/share/irb6640_ros2_gazebo/local_setup.dsv
[3.071s] -- Installing: /workspace/src/install/irb6640_ros2_gazebo/share/irb6640_ros2_gazebo/package.dsv
[3.071s] -- Installing: /workspace/src/install/irb6640_ros2_gazebo/share/ament_index/resource_index/packages/irb6640_ros2_gazebo
[3.072s] -- Installing: /workspace/src/install/irb6640_ros2_gazebo/share/irb6640_ros2_gazebo/cmake/irb6640_ros2_gazeboConfig.cmake
[3.072s] -- Installing: /workspace/src/install/irb6640_ros2_gazebo/share/irb6640_ros2_gazebo/cmake/irb6640_ros2_gazeboConfig-version.cmake
[3.072s] -- Installing: /workspace/src/install/irb6640_ros2_gazebo/share/irb6640_ros2_gazebo/package.xml
[3.161s] Invoked command in '/workspace/src/build/irb6640_ros2_gazebo' returned '0': CMAKE_PREFIX_PATH=${CMAKE_PREFIX_PATH}:/opt/ros/humble /usr/bin/cmake --install /workspace/src/build/irb6640_ros2_gazebo
