[0.696s] Invoking command in '/workspace/src/my_py_pkg': PYTHONPATH=/workspace/build/my_py_pkg/prefix_override:/workspace/install/my_py_pkg/lib/python3.10/site-packages:${PYTHONPATH} /usr/bin/python3 setup.py egg_info --egg-base ../../build/my_py_pkg build --build-base /workspace/build/my_py_pkg/build install --record /workspace/build/my_py_pkg/install.log --single-version-externally-managed
[1.036s] running egg_info
[1.037s] writing ../../build/my_py_pkg/my_py_pkg.egg-info/PKG-INFO
[1.038s] writing dependency_links to ../../build/my_py_pkg/my_py_pkg.egg-info/dependency_links.txt
[1.038s] writing entry points to ../../build/my_py_pkg/my_py_pkg.egg-info/entry_points.txt
[1.038s] writing requirements to ../../build/my_py_pkg/my_py_pkg.egg-info/requires.txt
[1.038s] writing top-level names to ../../build/my_py_pkg/my_py_pkg.egg-info/top_level.txt
[1.041s] reading manifest file '../../build/my_py_pkg/my_py_pkg.egg-info/SOURCES.txt'
[1.042s] writing manifest file '../../build/my_py_pkg/my_py_pkg.egg-info/SOURCES.txt'
[1.043s] running build
[1.043s] running build_py
[1.043s] running install
[1.044s] /usr/lib/python3/dist-packages/setuptools/command/install.py:34: SetuptoolsDeprecationWarning: setup.py install is deprecated. Use build and pip and other standards-based tools.
[1.044s]   warnings.warn(
[1.044s] running install_lib
[1.047s] running install_data
[1.047s] running install_egg_info
[1.049s] removing '/workspace/install/my_py_pkg/lib/python3.10/site-packages/my_py_pkg-0.0.0-py3.10.egg-info' (and everything under it)
[1.050s] Copying ../../build/my_py_pkg/my_py_pkg.egg-info to /workspace/install/my_py_pkg/lib/python3.10/site-packages/my_py_pkg-0.0.0-py3.10.egg-info
[1.051s] running install_scripts
[1.077s] Installing client script to /workspace/install/my_py_pkg/lib/my_py_pkg
[1.078s] Installing num_count script to /workspace/install/my_py_pkg/lib/my_py_pkg
[1.078s] Installing num_gen script to /workspace/install/my_py_pkg/lib/my_py_pkg
[1.078s] Installing num_reset script to /workspace/install/my_py_pkg/lib/my_py_pkg
[1.078s] Installing server script to /workspace/install/my_py_pkg/lib/my_py_pkg
[1.079s] writing list of installed files to '/workspace/build/my_py_pkg/install.log'
[1.110s] Invoked command in '/workspace/src/my_py_pkg' returned '0': PYTHONPATH=/workspace/build/my_py_pkg/prefix_override:/workspace/install/my_py_pkg/lib/python3.10/site-packages:${PYTHONPATH} /usr/bin/python3 setup.py egg_info --egg-base ../../build/my_py_pkg build --build-base /workspace/build/my_py_pkg/build install --record /workspace/build/my_py_pkg/install.log --single-version-externally-managed
