[0.278s] DEBUG:colcon:Command line arguments: ['/usr/bin/colcon', 'build']
[0.278s] DEBUG:colcon:Parsed command line arguments: Namespace(log_base=None, log_level=None, verb_name='build', build_base='build', install_base='install', merge_install=False, symlink_install=False, test_result_base=None, continue_on_error=False, executor='parallel', parallel_workers=12, event_handlers=None, ignore_user_meta=False, metas=['./colcon.meta'], base_paths=['.'], packages_ignore=None, packages_ignore_regex=None, paths=None, packages_up_to=None, packages_up_to_regex=None, packages_above=None, packages_above_and_dependencies=None, packages_above_depth=None, packages_select_by_dep=None, packages_skip_by_dep=None, packages_skip_up_to=None, packages_select_build_failed=False, packages_skip_build_finished=False, packages_select_test_failures=False, packages_skip_test_passed=False, packages_select=None, packages_skip=None, packages_select_regex=None, packages_skip_regex=None, packages_start=None, packages_end=None, cmake_args=None, cmake_target=None, cmake_target_skip_unavailable=False, cmake_clean_cache=False, cmake_clean_first=False, cmake_force_configure=False, ament_cmake_args=None, catkin_cmake_args=None, catkin_skip_building_tests=False, mixin_files=None, mixin=None, verb_parser=<colcon_mixin.mixin.mixin_argument.MixinArgumentDecorator object at 0x7f67c83bdf00>, verb_extension=<colcon_core.verb.build.BuildVerb object at 0x7f67c8ba52d0>, main=<bound method BuildVerb.main of <colcon_core.verb.build.BuildVerb object at 0x7f67c8ba52d0>>, mixin_verb=('build',))
[0.304s] Level 1:colcon.colcon_core.package_discovery:discover_packages(colcon_meta) check parameters
[0.304s] INFO:colcon.colcon_metadata.package_discovery.colcon_meta:Using configuration from '/root/.colcon/metadata/default/Gazebo.meta'
[0.305s] INFO:colcon.colcon_metadata.package_discovery.colcon_meta:Using configuration from '/root/.colcon/metadata/default/fastrtps.meta'
[0.305s] Level 1:colcon.colcon_core.package_discovery:discover_packages(recursive) check parameters
[0.305s] Level 1:colcon.colcon_core.package_discovery:discover_packages(ignore) check parameters
[0.305s] Level 1:colcon.colcon_core.package_discovery:discover_packages(path) check parameters
[0.305s] Level 1:colcon.colcon_core.package_discovery:discover_packages(colcon_meta) discover
[0.305s] Level 1:colcon.colcon_core.package_discovery:discover_packages(recursive) discover
[0.305s] INFO:colcon.colcon_core.package_discovery:Crawling recursively for packages in '/workspace'
[0.305s] Level 1:colcon.colcon_core.package_identification:_identify(.) by extensions ['ignore', 'ignore_ament_install']
[0.305s] Level 1:colcon.colcon_core.package_identification:_identify(.) by extension 'ignore'
[0.305s] Level 1:colcon.colcon_core.package_identification:_identify(.) by extension 'ignore_ament_install'
[0.305s] Level 1:colcon.colcon_core.package_identification:_identify(.) by extensions ['colcon_pkg']
[0.305s] Level 1:colcon.colcon_core.package_identification:_identify(.) by extension 'colcon_pkg'
[0.305s] Level 1:colcon.colcon_core.package_identification:_identify(.) by extensions ['colcon_meta']
[0.305s] Level 1:colcon.colcon_core.package_identification:_identify(.) by extension 'colcon_meta'
[0.305s] Level 1:colcon.colcon_core.package_identification:_identify(.) by extensions ['ros']
[0.305s] Level 1:colcon.colcon_core.package_identification:_identify(.) by extension 'ros'
[0.316s] Level 1:colcon.colcon_core.package_identification:_identify(.) by extensions ['cmake', 'python']
[0.316s] Level 1:colcon.colcon_core.package_identification:_identify(.) by extension 'cmake'
[0.316s] Level 1:colcon.colcon_core.package_identification:_identify(.) by extension 'python'
[0.316s] Level 1:colcon.colcon_core.package_identification:_identify(.) by extensions ['python_setup_py']
[0.316s] Level 1:colcon.colcon_core.package_identification:_identify(.) by extension 'python_setup_py'
[0.316s] Level 1:colcon.colcon_core.package_identification:_identify(Desktop) by extensions ['ignore', 'ignore_ament_install']
[0.316s] Level 1:colcon.colcon_core.package_identification:_identify(Desktop) by extension 'ignore'
[0.316s] Level 1:colcon.colcon_core.package_identification:_identify(Desktop) by extension 'ignore_ament_install'
[0.316s] Level 1:colcon.colcon_core.package_identification:_identify(Desktop) by extensions ['colcon_pkg']
[0.316s] Level 1:colcon.colcon_core.package_identification:_identify(Desktop) by extension 'colcon_pkg'
[0.316s] Level 1:colcon.colcon_core.package_identification:_identify(Desktop) by extensions ['colcon_meta']
[0.316s] Level 1:colcon.colcon_core.package_identification:_identify(Desktop) by extension 'colcon_meta'
[0.316s] Level 1:colcon.colcon_core.package_identification:_identify(Desktop) by extensions ['ros']
[0.316s] Level 1:colcon.colcon_core.package_identification:_identify(Desktop) by extension 'ros'
[0.316s] Level 1:colcon.colcon_core.package_identification:_identify(Desktop) by extensions ['cmake', 'python']
[0.316s] Level 1:colcon.colcon_core.package_identification:_identify(Desktop) by extension 'cmake'
[0.316s] Level 1:colcon.colcon_core.package_identification:_identify(Desktop) by extension 'python'
[0.316s] Level 1:colcon.colcon_core.package_identification:_identify(Desktop) by extensions ['python_setup_py']
[0.316s] Level 1:colcon.colcon_core.package_identification:_identify(Desktop) by extension 'python_setup_py'
[0.316s] Level 1:colcon.colcon_core.package_identification:_identify(build) by extensions ['ignore', 'ignore_ament_install']
[0.317s] Level 1:colcon.colcon_core.package_identification:_identify(build) by extension 'ignore'
[0.317s] Level 1:colcon.colcon_core.package_identification:_identify(build) ignored
[0.317s] Level 1:colcon.colcon_core.package_identification:_identify(install) by extensions ['ignore', 'ignore_ament_install']
[0.317s] Level 1:colcon.colcon_core.package_identification:_identify(install) by extension 'ignore'
[0.317s] Level 1:colcon.colcon_core.package_identification:_identify(install) ignored
[0.317s] Level 1:colcon.colcon_core.package_identification:_identify(log) by extensions ['ignore', 'ignore_ament_install']
[0.317s] Level 1:colcon.colcon_core.package_identification:_identify(log) by extension 'ignore'
[0.317s] Level 1:colcon.colcon_core.package_identification:_identify(log) ignored
[0.317s] Level 1:colcon.colcon_core.package_identification:_identify(src) by extensions ['ignore', 'ignore_ament_install']
[0.317s] Level 1:colcon.colcon_core.package_identification:_identify(src) by extension 'ignore'
[0.317s] Level 1:colcon.colcon_core.package_identification:_identify(src) by extension 'ignore_ament_install'
[0.317s] Level 1:colcon.colcon_core.package_identification:_identify(src) by extensions ['colcon_pkg']
[0.317s] Level 1:colcon.colcon_core.package_identification:_identify(src) by extension 'colcon_pkg'
[0.318s] Level 1:colcon.colcon_core.package_identification:_identify(src) by extensions ['colcon_meta']
[0.318s] Level 1:colcon.colcon_core.package_identification:_identify(src) by extension 'colcon_meta'
[0.318s] Level 1:colcon.colcon_core.package_identification:_identify(src) by extensions ['ros']
[0.318s] Level 1:colcon.colcon_core.package_identification:_identify(src) by extension 'ros'
[0.318s] Level 1:colcon.colcon_core.package_identification:_identify(src) by extensions ['cmake', 'python']
[0.318s] Level 1:colcon.colcon_core.package_identification:_identify(src) by extension 'cmake'
[0.318s] Level 1:colcon.colcon_core.package_identification:_identify(src) by extension 'python'
[0.318s] Level 1:colcon.colcon_core.package_identification:_identify(src) by extensions ['python_setup_py']
[0.318s] Level 1:colcon.colcon_core.package_identification:_identify(src) by extension 'python_setup_py'
[0.318s] Level 1:colcon.colcon_core.package_identification:_identify(src/my_py_pkg) by extensions ['ignore', 'ignore_ament_install']
[0.318s] Level 1:colcon.colcon_core.package_identification:_identify(src/my_py_pkg) by extension 'ignore'
[0.318s] Level 1:colcon.colcon_core.package_identification:_identify(src/my_py_pkg) by extension 'ignore_ament_install'
[0.318s] Level 1:colcon.colcon_core.package_identification:_identify(src/my_py_pkg) by extensions ['colcon_pkg']
[0.318s] Level 1:colcon.colcon_core.package_identification:_identify(src/my_py_pkg) by extension 'colcon_pkg'
[0.318s] Level 1:colcon.colcon_core.package_identification:_identify(src/my_py_pkg) by extensions ['colcon_meta']
[0.318s] Level 1:colcon.colcon_core.package_identification:_identify(src/my_py_pkg) by extension 'colcon_meta'
[0.318s] Level 1:colcon.colcon_core.package_identification:_identify(src/my_py_pkg) by extensions ['ros']
[0.318s] Level 1:colcon.colcon_core.package_identification:_identify(src/my_py_pkg) by extension 'ros'
[0.320s] DEBUG:colcon.colcon_core.package_identification:Package 'src/my_py_pkg' with type 'ros.ament_python' and name 'my_py_pkg'
[0.321s] Level 1:colcon.colcon_core.package_identification:_identify(src/pubsub) by extensions ['ignore', 'ignore_ament_install']
[0.321s] Level 1:colcon.colcon_core.package_identification:_identify(src/pubsub) by extension 'ignore'
[0.321s] Level 1:colcon.colcon_core.package_identification:_identify(src/pubsub) by extension 'ignore_ament_install'
[0.321s] Level 1:colcon.colcon_core.package_identification:_identify(src/pubsub) by extensions ['colcon_pkg']
[0.321s] Level 1:colcon.colcon_core.package_identification:_identify(src/pubsub) by extension 'colcon_pkg'
[0.321s] Level 1:colcon.colcon_core.package_identification:_identify(src/pubsub) by extensions ['colcon_meta']
[0.321s] Level 1:colcon.colcon_core.package_identification:_identify(src/pubsub) by extension 'colcon_meta'
[0.321s] Level 1:colcon.colcon_core.package_identification:_identify(src/pubsub) by extensions ['ros']
[0.321s] Level 1:colcon.colcon_core.package_identification:_identify(src/pubsub) by extension 'ros'
[0.321s] DEBUG:colcon.colcon_core.package_identification:Package 'src/pubsub' with type 'ros.ament_python' and name 'pubsub'
[0.322s] Level 1:colcon.colcon_core.package_identification:_identify(src/ros_interfaces) by extensions ['ignore', 'ignore_ament_install']
[0.322s] Level 1:colcon.colcon_core.package_identification:_identify(src/ros_interfaces) by extension 'ignore'
[0.322s] Level 1:colcon.colcon_core.package_identification:_identify(src/ros_interfaces) by extension 'ignore_ament_install'
[0.322s] Level 1:colcon.colcon_core.package_identification:_identify(src/ros_interfaces) by extensions ['colcon_pkg']
[0.322s] Level 1:colcon.colcon_core.package_identification:_identify(src/ros_interfaces) by extension 'colcon_pkg'
[0.322s] Level 1:colcon.colcon_core.package_identification:_identify(src/ros_interfaces) by extensions ['colcon_meta']
[0.322s] Level 1:colcon.colcon_core.package_identification:_identify(src/ros_interfaces) by extension 'colcon_meta'
[0.322s] Level 1:colcon.colcon_core.package_identification:_identify(src/ros_interfaces) by extensions ['ros']
[0.322s] Level 1:colcon.colcon_core.package_identification:_identify(src/ros_interfaces) by extension 'ros'
[0.323s] DEBUG:colcon.colcon_core.package_identification:Package 'src/ros_interfaces' with type 'ros.ament_cmake' and name 'ros_interfaces'
[0.323s] Level 1:colcon.colcon_core.package_identification:_identify(src/srvcli) by extensions ['ignore', 'ignore_ament_install']
[0.323s] Level 1:colcon.colcon_core.package_identification:_identify(src/srvcli) by extension 'ignore'
[0.323s] Level 1:colcon.colcon_core.package_identification:_identify(src/srvcli) by extension 'ignore_ament_install'
[0.323s] Level 1:colcon.colcon_core.package_identification:_identify(src/srvcli) by extensions ['colcon_pkg']
[0.323s] Level 1:colcon.colcon_core.package_identification:_identify(src/srvcli) by extension 'colcon_pkg'
[0.323s] Level 1:colcon.colcon_core.package_identification:_identify(src/srvcli) by extensions ['colcon_meta']
[0.323s] Level 1:colcon.colcon_core.package_identification:_identify(src/srvcli) by extension 'colcon_meta'
[0.323s] Level 1:colcon.colcon_core.package_identification:_identify(src/srvcli) by extensions ['ros']
[0.323s] Level 1:colcon.colcon_core.package_identification:_identify(src/srvcli) by extension 'ros'
[0.324s] DEBUG:colcon.colcon_core.package_identification:Package 'src/srvcli' with type 'ros.ament_python' and name 'srvcli'
[0.324s] Level 1:colcon.colcon_core.package_discovery:discover_packages(recursive) using defaults
[0.324s] Level 1:colcon.colcon_core.package_discovery:discover_packages(ignore) discover
[0.324s] Level 1:colcon.colcon_core.package_discovery:discover_packages(ignore) using defaults
[0.324s] Level 1:colcon.colcon_core.package_discovery:discover_packages(path) discover
[0.324s] Level 1:colcon.colcon_core.package_discovery:discover_packages(path) using defaults
[0.344s] Level 5:colcon.colcon_core.verb:set package 'my_py_pkg' build argument 'cmake_args' from command line to 'None'
[0.344s] Level 5:colcon.colcon_core.verb:set package 'my_py_pkg' build argument 'cmake_target' from command line to 'None'
[0.344s] Level 5:colcon.colcon_core.verb:set package 'my_py_pkg' build argument 'cmake_target_skip_unavailable' from command line to 'False'
[0.344s] Level 5:colcon.colcon_core.verb:set package 'my_py_pkg' build argument 'cmake_clean_cache' from command line to 'False'
[0.344s] Level 5:colcon.colcon_core.verb:set package 'my_py_pkg' build argument 'cmake_clean_first' from command line to 'False'
[0.344s] Level 5:colcon.colcon_core.verb:set package 'my_py_pkg' build argument 'cmake_force_configure' from command line to 'False'
[0.344s] Level 5:colcon.colcon_core.verb:set package 'my_py_pkg' build argument 'ament_cmake_args' from command line to 'None'
[0.344s] Level 5:colcon.colcon_core.verb:set package 'my_py_pkg' build argument 'catkin_cmake_args' from command line to 'None'
[0.344s] Level 5:colcon.colcon_core.verb:set package 'my_py_pkg' build argument 'catkin_skip_building_tests' from command line to 'False'
[0.344s] DEBUG:colcon.colcon_core.verb:Building package 'my_py_pkg' with the following arguments: {'ament_cmake_args': None, 'build_base': '/workspace/build/my_py_pkg', 'catkin_cmake_args': None, 'catkin_skip_building_tests': False, 'cmake_args': None, 'cmake_clean_cache': False, 'cmake_clean_first': False, 'cmake_force_configure': False, 'cmake_target': None, 'cmake_target_skip_unavailable': False, 'install_base': '/workspace/install/my_py_pkg', 'merge_install': False, 'path': '/workspace/src/my_py_pkg', 'symlink_install': False, 'test_result_base': None}
[0.345s] Level 5:colcon.colcon_core.verb:set package 'pubsub' build argument 'cmake_args' from command line to 'None'
[0.345s] Level 5:colcon.colcon_core.verb:set package 'pubsub' build argument 'cmake_target' from command line to 'None'
[0.345s] Level 5:colcon.colcon_core.verb:set package 'pubsub' build argument 'cmake_target_skip_unavailable' from command line to 'False'
[0.345s] Level 5:colcon.colcon_core.verb:set package 'pubsub' build argument 'cmake_clean_cache' from command line to 'False'
[0.345s] Level 5:colcon.colcon_core.verb:set package 'pubsub' build argument 'cmake_clean_first' from command line to 'False'
[0.345s] Level 5:colcon.colcon_core.verb:set package 'pubsub' build argument 'cmake_force_configure' from command line to 'False'
[0.345s] Level 5:colcon.colcon_core.verb:set package 'pubsub' build argument 'ament_cmake_args' from command line to 'None'
[0.345s] Level 5:colcon.colcon_core.verb:set package 'pubsub' build argument 'catkin_cmake_args' from command line to 'None'
[0.345s] Level 5:colcon.colcon_core.verb:set package 'pubsub' build argument 'catkin_skip_building_tests' from command line to 'False'
[0.345s] DEBUG:colcon.colcon_core.verb:Building package 'pubsub' with the following arguments: {'ament_cmake_args': None, 'build_base': '/workspace/build/pubsub', 'catkin_cmake_args': None, 'catkin_skip_building_tests': False, 'cmake_args': None, 'cmake_clean_cache': False, 'cmake_clean_first': False, 'cmake_force_configure': False, 'cmake_target': None, 'cmake_target_skip_unavailable': False, 'install_base': '/workspace/install/pubsub', 'merge_install': False, 'path': '/workspace/src/pubsub', 'symlink_install': False, 'test_result_base': None}
[0.346s] Level 5:colcon.colcon_core.verb:set package 'ros_interfaces' build argument 'cmake_args' from command line to 'None'
[0.346s] Level 5:colcon.colcon_core.verb:set package 'ros_interfaces' build argument 'cmake_target' from command line to 'None'
[0.346s] Level 5:colcon.colcon_core.verb:set package 'ros_interfaces' build argument 'cmake_target_skip_unavailable' from command line to 'False'
[0.346s] Level 5:colcon.colcon_core.verb:set package 'ros_interfaces' build argument 'cmake_clean_cache' from command line to 'False'
[0.346s] Level 5:colcon.colcon_core.verb:set package 'ros_interfaces' build argument 'cmake_clean_first' from command line to 'False'
[0.346s] Level 5:colcon.colcon_core.verb:set package 'ros_interfaces' build argument 'cmake_force_configure' from command line to 'False'
[0.346s] Level 5:colcon.colcon_core.verb:set package 'ros_interfaces' build argument 'ament_cmake_args' from command line to 'None'
[0.346s] Level 5:colcon.colcon_core.verb:set package 'ros_interfaces' build argument 'catkin_cmake_args' from command line to 'None'
[0.346s] Level 5:colcon.colcon_core.verb:set package 'ros_interfaces' build argument 'catkin_skip_building_tests' from command line to 'False'
[0.346s] DEBUG:colcon.colcon_core.verb:Building package 'ros_interfaces' with the following arguments: {'ament_cmake_args': None, 'build_base': '/workspace/build/ros_interfaces', 'catkin_cmake_args': None, 'catkin_skip_building_tests': False, 'cmake_args': None, 'cmake_clean_cache': False, 'cmake_clean_first': False, 'cmake_force_configure': False, 'cmake_target': None, 'cmake_target_skip_unavailable': False, 'install_base': '/workspace/install/ros_interfaces', 'merge_install': False, 'path': '/workspace/src/ros_interfaces', 'symlink_install': False, 'test_result_base': None}
[0.347s] Level 5:colcon.colcon_core.verb:set package 'srvcli' build argument 'cmake_args' from command line to 'None'
[0.347s] Level 5:colcon.colcon_core.verb:set package 'srvcli' build argument 'cmake_target' from command line to 'None'
[0.347s] Level 5:colcon.colcon_core.verb:set package 'srvcli' build argument 'cmake_target_skip_unavailable' from command line to 'False'
[0.347s] Level 5:colcon.colcon_core.verb:set package 'srvcli' build argument 'cmake_clean_cache' from command line to 'False'
[0.347s] Level 5:colcon.colcon_core.verb:set package 'srvcli' build argument 'cmake_clean_first' from command line to 'False'
[0.347s] Level 5:colcon.colcon_core.verb:set package 'srvcli' build argument 'cmake_force_configure' from command line to 'False'
[0.347s] Level 5:colcon.colcon_core.verb:set package 'srvcli' build argument 'ament_cmake_args' from command line to 'None'
[0.347s] Level 5:colcon.colcon_core.verb:set package 'srvcli' build argument 'catkin_cmake_args' from command line to 'None'
[0.347s] Level 5:colcon.colcon_core.verb:set package 'srvcli' build argument 'catkin_skip_building_tests' from command line to 'False'
[0.347s] DEBUG:colcon.colcon_core.verb:Building package 'srvcli' with the following arguments: {'ament_cmake_args': None, 'build_base': '/workspace/build/srvcli', 'catkin_cmake_args': None, 'catkin_skip_building_tests': False, 'cmake_args': None, 'cmake_clean_cache': False, 'cmake_clean_first': False, 'cmake_force_configure': False, 'cmake_target': None, 'cmake_target_skip_unavailable': False, 'install_base': '/workspace/install/srvcli', 'merge_install': False, 'path': '/workspace/src/srvcli', 'symlink_install': False, 'test_result_base': None}
[0.347s] INFO:colcon.colcon_core.executor:Executing jobs using 'parallel' executor
[0.351s] DEBUG:colcon.colcon_parallel_executor.executor.parallel:run_until_complete
[0.351s] INFO:colcon.colcon_ros.task.ament_python.build:Building ROS package in '/workspace/src/my_py_pkg' with build type 'ament_python'
[0.351s] Level 1:colcon.colcon_core.shell:create_environment_hook('my_py_pkg', 'ament_prefix_path')
[0.357s] INFO:colcon.colcon_core.plugin_system:Skipping extension 'colcon_core.shell.bat': Not used on non-Windows systems
[0.357s] INFO:colcon.colcon_core.shell:Creating environment hook '/workspace/install/my_py_pkg/share/my_py_pkg/hook/ament_prefix_path.ps1'
[0.358s] INFO:colcon.colcon_core.shell:Creating environment descriptor '/workspace/install/my_py_pkg/share/my_py_pkg/hook/ament_prefix_path.dsv'
[0.359s] INFO:colcon.colcon_core.shell:Creating environment hook '/workspace/install/my_py_pkg/share/my_py_pkg/hook/ament_prefix_path.sh'
[0.361s] INFO:colcon.colcon_core.shell:Skip shell extension 'powershell' for command environment: Not usable outside of PowerShell
[0.361s] DEBUG:colcon.colcon_core.shell:Skip shell extension 'dsv' for command environment
[0.368s] INFO:colcon.colcon_ros.task.ament_python.build:Building ROS package in '/workspace/src/pubsub' with build type 'ament_python'
[0.368s] Level 1:colcon.colcon_core.shell:create_environment_hook('pubsub', 'ament_prefix_path')
[0.369s] INFO:colcon.colcon_core.shell:Creating environment hook '/workspace/install/pubsub/share/pubsub/hook/ament_prefix_path.ps1'
[0.370s] INFO:colcon.colcon_core.shell:Creating environment descriptor '/workspace/install/pubsub/share/pubsub/hook/ament_prefix_path.dsv'
[0.370s] INFO:colcon.colcon_core.shell:Creating environment hook '/workspace/install/pubsub/share/pubsub/hook/ament_prefix_path.sh'
[0.373s] INFO:colcon.colcon_core.shell:Skip shell extension 'powershell' for command environment: Not usable outside of PowerShell
[0.373s] DEBUG:colcon.colcon_core.shell:Skip shell extension 'dsv' for command environment
[0.382s] INFO:colcon.colcon_ros.task.ament_cmake.build:Building ROS package in '/workspace/src/ros_interfaces' with build type 'ament_cmake'
[0.382s] INFO:colcon.colcon_cmake.task.cmake.build:Building CMake package in '/workspace/src/ros_interfaces'
[0.383s] INFO:colcon.colcon_core.shell:Skip shell extension 'powershell' for command environment: Not usable outside of PowerShell
[0.383s] DEBUG:colcon.colcon_core.shell:Skip shell extension 'dsv' for command environment
[0.388s] INFO:colcon.colcon_ros.task.ament_python.build:Building ROS package in '/workspace/src/srvcli' with build type 'ament_python'
[0.389s] Level 1:colcon.colcon_core.shell:create_environment_hook('srvcli', 'ament_prefix_path')
[0.390s] INFO:colcon.colcon_core.shell:Creating environment hook '/workspace/install/srvcli/share/srvcli/hook/ament_prefix_path.ps1'
[0.391s] INFO:colcon.colcon_core.shell:Creating environment descriptor '/workspace/install/srvcli/share/srvcli/hook/ament_prefix_path.dsv'
[0.391s] INFO:colcon.colcon_core.shell:Creating environment hook '/workspace/install/srvcli/share/srvcli/hook/ament_prefix_path.sh'
[0.395s] INFO:colcon.colcon_core.shell:Skip shell extension 'powershell' for command environment: Not usable outside of PowerShell
[0.395s] DEBUG:colcon.colcon_core.shell:Skip shell extension 'dsv' for command environment
[0.626s] INFO:colcon.colcon_core.task.python.build:Building Python package in '/workspace/src/my_py_pkg'
[0.627s] INFO:colcon.colcon_core.shell:Skip shell extension 'powershell' for command environment: Not usable outside of PowerShell
[0.627s] DEBUG:colcon.colcon_core.shell:Skip shell extension 'dsv' for command environment
[0.840s] INFO:colcon.colcon_core.task.python.build:Building Python package in '/workspace/src/pubsub'
[0.841s] INFO:colcon.colcon_core.shell:Skip shell extension 'powershell' for command environment: Not usable outside of PowerShell
[0.841s] DEBUG:colcon.colcon_core.shell:Skip shell extension 'dsv' for command environment
[0.848s] DEBUG:colcon.colcon_core.event_handler.log_command:Invoking command in '/workspace/build/ros_interfaces': CMAKE_PREFIX_PATH=${CMAKE_PREFIX_PATH}:/workspace/install/srvcli:/workspace/install/pubsub:/workspace/install/my_py_pkg:/workspace/install/my_package:/opt/ros/humble /usr/bin/cmake --build /workspace/build/ros_interfaces -- -j12 -l12
[1.115s] INFO:colcon.colcon_core.task.python.build:Building Python package in '/workspace/src/srvcli'
[1.116s] INFO:colcon.colcon_core.shell:Skip shell extension 'powershell' for command environment: Not usable outside of PowerShell
[1.116s] DEBUG:colcon.colcon_core.shell:Skip shell extension 'dsv' for command environment
[1.512s] DEBUG:colcon.colcon_core.event_handler.log_command:Invoking command in '/workspace/src/pubsub': PYTHONPATH=/workspace/build/pubsub/prefix_override:/workspace/install/pubsub/lib/python3.10/site-packages:${PYTHONPATH} /usr/bin/python3 setup.py egg_info --egg-base ../../build/pubsub build --build-base /workspace/build/pubsub/build install --record /workspace/build/pubsub/install.log --single-version-externally-managed
[1.515s] DEBUG:colcon.colcon_core.event_handler.log_command:Invoking command in '/workspace/src/my_py_pkg': PYTHONPATH=/workspace/build/my_py_pkg/prefix_override:/workspace/install/my_py_pkg/lib/python3.10/site-packages:${PYTHONPATH} /usr/bin/python3 setup.py egg_info --egg-base ../../build/my_py_pkg build --build-base /workspace/build/my_py_pkg/build install --record /workspace/build/my_py_pkg/install.log --single-version-externally-managed
[1.519s] DEBUG:colcon.colcon_core.event_handler.log_command:Invoking command in '/workspace/src/srvcli': PYTHONPATH=/workspace/build/srvcli/prefix_override:/workspace/install/srvcli/lib/python3.10/site-packages:${PYTHONPATH} /usr/bin/python3 setup.py egg_info --egg-base ../../build/srvcli build --build-base /workspace/build/srvcli/build install --record /workspace/build/srvcli/install.log --single-version-externally-managed
[1.915s] DEBUG:colcon.colcon_core.event_handler.log_command:Invoked command in '/workspace/src/my_py_pkg' returned '0': PYTHONPATH=/workspace/build/my_py_pkg/prefix_override:/workspace/install/my_py_pkg/lib/python3.10/site-packages:${PYTHONPATH} /usr/bin/python3 setup.py egg_info --egg-base ../../build/my_py_pkg build --build-base /workspace/build/my_py_pkg/build install --record /workspace/build/my_py_pkg/install.log --single-version-externally-managed
[1.921s] Level 1:colcon.colcon_core.environment:checking '/workspace/install/my_py_pkg' for CMake module files
[1.921s] Level 1:colcon.colcon_core.environment:checking '/workspace/install/my_py_pkg' for CMake config files
[1.922s] Level 1:colcon.colcon_core.environment:checking '/workspace/install/my_py_pkg/lib'
[1.922s] Level 1:colcon.colcon_core.environment:checking '/workspace/install/my_py_pkg/bin'
[1.922s] Level 1:colcon.colcon_core.environment:checking '/workspace/install/my_py_pkg/lib/pkgconfig/my_py_pkg.pc'
[1.922s] Level 1:colcon.colcon_core.environment:checking '/workspace/install/my_py_pkg/lib/python3.10/site-packages'
[1.922s] Level 1:colcon.colcon_core.shell:create_environment_hook('my_py_pkg', 'pythonpath')
[1.924s] INFO:colcon.colcon_core.shell:Creating environment hook '/workspace/install/my_py_pkg/share/my_py_pkg/hook/pythonpath.ps1'
[1.924s] INFO:colcon.colcon_core.shell:Creating environment descriptor '/workspace/install/my_py_pkg/share/my_py_pkg/hook/pythonpath.dsv'
[1.924s] INFO:colcon.colcon_core.shell:Creating environment hook '/workspace/install/my_py_pkg/share/my_py_pkg/hook/pythonpath.sh'
[1.925s] Level 1:colcon.colcon_core.environment:checking '/workspace/install/my_py_pkg/bin'
[1.925s] Level 1:colcon.colcon_core.environment:create_environment_scripts_only(my_py_pkg)
[1.928s] INFO:colcon.colcon_core.shell:Creating package script '/workspace/install/my_py_pkg/share/my_py_pkg/package.ps1'
[1.930s] INFO:colcon.colcon_core.shell:Creating package descriptor '/workspace/install/my_py_pkg/share/my_py_pkg/package.dsv'
[1.931s] INFO:colcon.colcon_core.shell:Creating package script '/workspace/install/my_py_pkg/share/my_py_pkg/package.sh'
[1.932s] INFO:colcon.colcon_core.shell:Creating package script '/workspace/install/my_py_pkg/share/my_py_pkg/package.bash'
[1.933s] INFO:colcon.colcon_core.shell:Creating package script '/workspace/install/my_py_pkg/share/my_py_pkg/package.zsh'
[1.934s] Level 1:colcon.colcon_core.environment:create_file_with_runtime_dependencies(/workspace/install/my_py_pkg/share/colcon-core/packages/my_py_pkg)
[1.937s] Level 1:colcon.colcon_core.environment:checking '/workspace/install/srvcli' for CMake module files
[1.938s] Level 1:colcon.colcon_core.environment:checking '/workspace/install/srvcli' for CMake config files
[1.939s] DEBUG:colcon.colcon_core.event_handler.log_command:Invoked command in '/workspace/src/srvcli' returned '0': PYTHONPATH=/workspace/build/srvcli/prefix_override:/workspace/install/srvcli/lib/python3.10/site-packages:${PYTHONPATH} /usr/bin/python3 setup.py egg_info --egg-base ../../build/srvcli build --build-base /workspace/build/srvcli/build install --record /workspace/build/srvcli/install.log --single-version-externally-managed
[1.940s] Level 1:colcon.colcon_core.environment:checking '/workspace/install/srvcli/lib'
[1.940s] Level 1:colcon.colcon_core.environment:checking '/workspace/install/srvcli/bin'
[1.940s] Level 1:colcon.colcon_core.environment:checking '/workspace/install/srvcli/lib/pkgconfig/srvcli.pc'
[1.940s] Level 1:colcon.colcon_core.environment:checking '/workspace/install/srvcli/lib/python3.10/site-packages'
[1.940s] Level 1:colcon.colcon_core.shell:create_environment_hook('srvcli', 'pythonpath')
[1.943s] INFO:colcon.colcon_core.shell:Creating environment hook '/workspace/install/srvcli/share/srvcli/hook/pythonpath.ps1'
[1.943s] INFO:colcon.colcon_core.shell:Creating environment descriptor '/workspace/install/srvcli/share/srvcli/hook/pythonpath.dsv'
[1.944s] INFO:colcon.colcon_core.shell:Creating environment hook '/workspace/install/srvcli/share/srvcli/hook/pythonpath.sh'
[1.946s] Level 1:colcon.colcon_core.environment:checking '/workspace/install/srvcli/bin'
[1.946s] Level 1:colcon.colcon_core.environment:create_environment_scripts_only(srvcli)
[1.948s] INFO:colcon.colcon_core.shell:Creating package script '/workspace/install/srvcli/share/srvcli/package.ps1'
[1.949s] INFO:colcon.colcon_core.shell:Creating package descriptor '/workspace/install/srvcli/share/srvcli/package.dsv'
[1.949s] INFO:colcon.colcon_core.shell:Creating package script '/workspace/install/srvcli/share/srvcli/package.sh'
[1.950s] INFO:colcon.colcon_core.shell:Creating package script '/workspace/install/srvcli/share/srvcli/package.bash'
[1.951s] INFO:colcon.colcon_core.shell:Creating package script '/workspace/install/srvcli/share/srvcli/package.zsh'
[1.951s] Level 1:colcon.colcon_core.environment:create_file_with_runtime_dependencies(/workspace/install/srvcli/share/colcon-core/packages/srvcli)
[1.982s] Level 1:colcon.colcon_core.environment:checking '/workspace/install/pubsub' for CMake module files
[1.983s] DEBUG:colcon.colcon_core.event_handler.log_command:Invoked command in '/workspace/src/pubsub' returned '0': PYTHONPATH=/workspace/build/pubsub/prefix_override:/workspace/install/pubsub/lib/python3.10/site-packages:${PYTHONPATH} /usr/bin/python3 setup.py egg_info --egg-base ../../build/pubsub build --build-base /workspace/build/pubsub/build install --record /workspace/build/pubsub/install.log --single-version-externally-managed
[1.983s] Level 1:colcon.colcon_core.environment:checking '/workspace/install/pubsub' for CMake config files
[1.983s] Level 1:colcon.colcon_core.environment:checking '/workspace/install/pubsub/lib'
[1.983s] Level 1:colcon.colcon_core.environment:checking '/workspace/install/pubsub/bin'
[1.983s] Level 1:colcon.colcon_core.environment:checking '/workspace/install/pubsub/lib/pkgconfig/pubsub.pc'
[1.984s] Level 1:colcon.colcon_core.environment:checking '/workspace/install/pubsub/lib/python3.10/site-packages'
[1.984s] Level 1:colcon.colcon_core.shell:create_environment_hook('pubsub', 'pythonpath')
[1.985s] INFO:colcon.colcon_core.shell:Creating environment hook '/workspace/install/pubsub/share/pubsub/hook/pythonpath.ps1'
[1.985s] INFO:colcon.colcon_core.shell:Creating environment descriptor '/workspace/install/pubsub/share/pubsub/hook/pythonpath.dsv'
[1.985s] INFO:colcon.colcon_core.shell:Creating environment hook '/workspace/install/pubsub/share/pubsub/hook/pythonpath.sh'
[1.986s] Level 1:colcon.colcon_core.environment:checking '/workspace/install/pubsub/bin'
[1.986s] Level 1:colcon.colcon_core.environment:create_environment_scripts_only(pubsub)
[1.987s] INFO:colcon.colcon_core.shell:Creating package script '/workspace/install/pubsub/share/pubsub/package.ps1'
[1.988s] INFO:colcon.colcon_core.shell:Creating package descriptor '/workspace/install/pubsub/share/pubsub/package.dsv'
[1.988s] INFO:colcon.colcon_core.shell:Creating package script '/workspace/install/pubsub/share/pubsub/package.sh'
[1.989s] INFO:colcon.colcon_core.shell:Creating package script '/workspace/install/pubsub/share/pubsub/package.bash'
[1.989s] INFO:colcon.colcon_core.shell:Creating package script '/workspace/install/pubsub/share/pubsub/package.zsh'
[1.989s] Level 1:colcon.colcon_core.environment:create_file_with_runtime_dependencies(/workspace/install/pubsub/share/colcon-core/packages/pubsub)
[3.195s] DEBUG:colcon.colcon_core.event_handler.log_command:Invoked command in '/workspace/build/ros_interfaces' returned '0': CMAKE_PREFIX_PATH=${CMAKE_PREFIX_PATH}:/workspace/install/srvcli:/workspace/install/pubsub:/workspace/install/my_py_pkg:/workspace/install/my_package:/opt/ros/humble /usr/bin/cmake --build /workspace/build/ros_interfaces -- -j12 -l12
[3.320s] DEBUG:colcon.colcon_core.event_handler.log_command:Invoking command in '/workspace/build/ros_interfaces': CMAKE_PREFIX_PATH=${CMAKE_PREFIX_PATH}:/workspace/install/srvcli:/workspace/install/pubsub:/workspace/install/my_py_pkg:/workspace/install/my_package:/opt/ros/humble /usr/bin/cmake --install /workspace/build/ros_interfaces
[3.387s] Level 1:colcon.colcon_core.environment:create_environment_scripts_only(ros_interfaces)
[3.389s] Level 1:colcon.colcon_core.environment:checking '/workspace/install/ros_interfaces' for CMake module files
[3.390s] Level 1:colcon.colcon_core.environment:checking '/workspace/install/ros_interfaces' for CMake config files
[3.390s] DEBUG:colcon.colcon_core.event_handler.log_command:Invoked command in '/workspace/build/ros_interfaces' returned '0': CMAKE_PREFIX_PATH=${CMAKE_PREFIX_PATH}:/workspace/install/srvcli:/workspace/install/pubsub:/workspace/install/my_py_pkg:/workspace/install/my_package:/opt/ros/humble /usr/bin/cmake --install /workspace/build/ros_interfaces
[3.391s] Level 1:colcon.colcon_core.shell:create_environment_hook('ros_interfaces', 'cmake_prefix_path')
[3.392s] INFO:colcon.colcon_core.shell:Creating environment hook '/workspace/install/ros_interfaces/share/ros_interfaces/hook/cmake_prefix_path.ps1'
[3.393s] INFO:colcon.colcon_core.shell:Creating environment descriptor '/workspace/install/ros_interfaces/share/ros_interfaces/hook/cmake_prefix_path.dsv'
[3.393s] INFO:colcon.colcon_core.shell:Creating environment hook '/workspace/install/ros_interfaces/share/ros_interfaces/hook/cmake_prefix_path.sh'
[3.393s] Level 1:colcon.colcon_core.environment:checking '/workspace/install/ros_interfaces/lib'
[3.393s] Level 1:colcon.colcon_core.shell:create_environment_hook('ros_interfaces', 'ld_library_path_lib')
[3.395s] INFO:colcon.colcon_core.shell:Creating environment hook '/workspace/install/ros_interfaces/share/ros_interfaces/hook/ld_library_path_lib.ps1'
[3.395s] INFO:colcon.colcon_core.shell:Creating environment descriptor '/workspace/install/ros_interfaces/share/ros_interfaces/hook/ld_library_path_lib.dsv'
[3.395s] INFO:colcon.colcon_core.shell:Creating environment hook '/workspace/install/ros_interfaces/share/ros_interfaces/hook/ld_library_path_lib.sh'
[3.395s] Level 1:colcon.colcon_core.environment:checking '/workspace/install/ros_interfaces/bin'
[3.396s] Level 1:colcon.colcon_core.environment:checking '/workspace/install/ros_interfaces/lib/pkgconfig/ros_interfaces.pc'
[3.396s] Level 1:colcon.colcon_core.environment:checking '/workspace/install/ros_interfaces/lib/python3.10/site-packages'
[3.396s] Level 1:colcon.colcon_core.environment:checking '/workspace/install/ros_interfaces/bin'
[3.397s] INFO:colcon.colcon_core.shell:Creating package script '/workspace/install/ros_interfaces/share/ros_interfaces/package.ps1'
[3.397s] INFO:colcon.colcon_core.shell:Creating package descriptor '/workspace/install/ros_interfaces/share/ros_interfaces/package.dsv'
[3.398s] INFO:colcon.colcon_core.shell:Creating package script '/workspace/install/ros_interfaces/share/ros_interfaces/package.sh'
[3.398s] INFO:colcon.colcon_core.shell:Creating package script '/workspace/install/ros_interfaces/share/ros_interfaces/package.bash'
[3.398s] INFO:colcon.colcon_core.shell:Creating package script '/workspace/install/ros_interfaces/share/ros_interfaces/package.zsh'
[3.399s] Level 1:colcon.colcon_core.environment:create_file_with_runtime_dependencies(/workspace/install/ros_interfaces/share/colcon-core/packages/ros_interfaces)
[3.522s] Level 1:colcon.colcon_core.environment:create_environment_scripts_only(ros_interfaces)
[3.523s] Level 1:colcon.colcon_core.environment:checking '/workspace/install/ros_interfaces' for CMake module files
[3.524s] Level 1:colcon.colcon_core.environment:checking '/workspace/install/ros_interfaces' for CMake config files
[3.524s] Level 1:colcon.colcon_core.shell:create_environment_hook('ros_interfaces', 'cmake_prefix_path')
[3.525s] INFO:colcon.colcon_core.shell:Creating environment hook '/workspace/install/ros_interfaces/share/ros_interfaces/hook/cmake_prefix_path.ps1'
[3.525s] INFO:colcon.colcon_core.shell:Creating environment descriptor '/workspace/install/ros_interfaces/share/ros_interfaces/hook/cmake_prefix_path.dsv'
[3.526s] INFO:colcon.colcon_core.shell:Creating environment hook '/workspace/install/ros_interfaces/share/ros_interfaces/hook/cmake_prefix_path.sh'
[3.526s] Level 1:colcon.colcon_core.environment:checking '/workspace/install/ros_interfaces/lib'
[3.526s] Level 1:colcon.colcon_core.shell:create_environment_hook('ros_interfaces', 'ld_library_path_lib')
[3.527s] INFO:colcon.colcon_core.shell:Creating environment hook '/workspace/install/ros_interfaces/share/ros_interfaces/hook/ld_library_path_lib.ps1'
[3.527s] INFO:colcon.colcon_core.shell:Creating environment descriptor '/workspace/install/ros_interfaces/share/ros_interfaces/hook/ld_library_path_lib.dsv'
[3.527s] INFO:colcon.colcon_core.shell:Creating environment hook '/workspace/install/ros_interfaces/share/ros_interfaces/hook/ld_library_path_lib.sh'
[3.528s] Level 1:colcon.colcon_core.environment:checking '/workspace/install/ros_interfaces/bin'
[3.528s] Level 1:colcon.colcon_core.environment:checking '/workspace/install/ros_interfaces/lib/pkgconfig/ros_interfaces.pc'
[3.528s] Level 1:colcon.colcon_core.environment:checking '/workspace/install/ros_interfaces/lib/python3.10/site-packages'
[3.528s] Level 1:colcon.colcon_core.environment:checking '/workspace/install/ros_interfaces/bin'
[3.529s] INFO:colcon.colcon_core.shell:Creating package script '/workspace/install/ros_interfaces/share/ros_interfaces/package.ps1'
[3.530s] INFO:colcon.colcon_core.shell:Creating package descriptor '/workspace/install/ros_interfaces/share/ros_interfaces/package.dsv'
[3.530s] INFO:colcon.colcon_core.shell:Creating package script '/workspace/install/ros_interfaces/share/ros_interfaces/package.sh'
[3.530s] INFO:colcon.colcon_core.shell:Creating package script '/workspace/install/ros_interfaces/share/ros_interfaces/package.bash'
[3.531s] INFO:colcon.colcon_core.shell:Creating package script '/workspace/install/ros_interfaces/share/ros_interfaces/package.zsh'
[3.531s] Level 1:colcon.colcon_core.environment:create_file_with_runtime_dependencies(/workspace/install/ros_interfaces/share/colcon-core/packages/ros_interfaces)
[3.531s] DEBUG:colcon.colcon_parallel_executor.executor.parallel:closing loop
[3.531s] DEBUG:colcon.colcon_parallel_executor.executor.parallel:loop closed
[3.531s] DEBUG:colcon.colcon_parallel_executor.executor.parallel:run_until_complete finished with '0'
[3.532s] DEBUG:colcon.colcon_core.event_reactor:joining thread
[3.539s] INFO:colcon.colcon_core.plugin_system:Skipping extension 'colcon_notification.desktop_notification.notify_send': Could not find 'notify-send'
[3.539s] INFO:colcon.colcon_core.plugin_system:Skipping extension 'colcon_notification.desktop_notification.terminal_notifier': Not used on non-Darwin systems
[3.539s] INFO:colcon.colcon_core.plugin_system:Skipping extension 'colcon_notification.desktop_notification.win32': Not used on non-Windows systems
[3.539s] INFO:colcon.colcon_notification.desktop_notification:Sending desktop notification using 'notify2'
[3.543s] DEBUG:colcon.colcon_notification.desktop_notification.notify2:Failed to initialize notify2: org.freedesktop.DBus.Error.Spawn.ExecFailed: /usr/bin/dbus-launch terminated abnormally without any error message
[3.543s] DEBUG:colcon.colcon_core.event_reactor:joined thread
[3.545s] INFO:colcon.colcon_core.shell:Creating prefix script '/workspace/install/local_setup.ps1'
[3.547s] INFO:colcon.colcon_core.shell:Creating prefix util module '/workspace/install/_local_setup_util_ps1.py'
[3.548s] INFO:colcon.colcon_core.shell:Creating prefix chain script '/workspace/install/setup.ps1'
[3.550s] INFO:colcon.colcon_core.shell:Creating prefix script '/workspace/install/local_setup.sh'
[3.550s] INFO:colcon.colcon_core.shell:Creating prefix util module '/workspace/install/_local_setup_util_sh.py'
[3.551s] INFO:colcon.colcon_core.shell:Creating prefix chain script '/workspace/install/setup.sh'
[3.552s] INFO:colcon.colcon_core.shell:Creating prefix script '/workspace/install/local_setup.bash'
[3.552s] INFO:colcon.colcon_core.shell:Creating prefix chain script '/workspace/install/setup.bash'
[3.553s] INFO:colcon.colcon_core.shell:Creating prefix script '/workspace/install/local_setup.zsh'
[3.554s] INFO:colcon.colcon_core.shell:Creating prefix chain script '/workspace/install/setup.zsh'
