[1.922s] Invoking command in '/workspace/src/pubsub': PYTHONPATH=/workspace/src/build/pubsub/prefix_override:/workspace/src/install/pubsub/lib/python3.10/site-packages:${PYTHONPATH} /usr/bin/python3 setup.py egg_info --egg-base ../build/pubsub build --build-base /workspace/src/build/pubsub/build install --record /workspace/src/build/pubsub/install.log --single-version-externally-managed
[2.560s] running egg_info
[2.562s] creating ../build/pubsub/pubsub.egg-info
[2.562s] writing ../build/pubsub/pubsub.egg-info/PKG-INFO
[2.563s] writing dependency_links to ../build/pubsub/pubsub.egg-info/dependency_links.txt
[2.563s] writing entry points to ../build/pubsub/pubsub.egg-info/entry_points.txt
[2.563s] writing requirements to ../build/pubsub/pubsub.egg-info/requires.txt
[2.563s] writing top-level names to ../build/pubsub/pubsub.egg-info/top_level.txt
[2.564s] writing manifest file '../build/pubsub/pubsub.egg-info/SOURCES.txt'
[2.568s] reading manifest file '../build/pubsub/pubsub.egg-info/SOURCES.txt'
[2.571s] writing manifest file '../build/pubsub/pubsub.egg-info/SOURCES.txt'
[2.572s] running build
[2.572s] running build_py
[2.572s] creating /workspace/src/build/pubsub/build
[2.572s] creating /workspace/src/build/pubsub/build/lib
[2.572s] creating /workspace/src/build/pubsub/build/lib/pubsub
[2.573s] copying pubsub/sub_mem_fn.py -> /workspace/src/build/pubsub/build/lib/pubsub
[2.573s] copying pubsub/pub_mem_fn.py -> /workspace/src/build/pubsub/build/lib/pubsub
[2.573s] copying pubsub/__init__.py -> /workspace/src/build/pubsub/build/lib/pubsub
[2.573s] running install
[2.574s] /usr/lib/python3/dist-packages/setuptools/command/install.py:34: SetuptoolsDeprecationWarning: setup.py install is deprecated. Use build and pip and other standards-based tools.
[2.574s]   warnings.warn(
[2.574s] running install_lib
[2.584s] creating /workspace/src/install/pubsub/lib/python3.10/site-packages/pubsub
[2.584s] copying /workspace/src/build/pubsub/build/lib/pubsub/sub_mem_fn.py -> /workspace/src/install/pubsub/lib/python3.10/site-packages/pubsub
[2.584s] copying /workspace/src/build/pubsub/build/lib/pubsub/pub_mem_fn.py -> /workspace/src/install/pubsub/lib/python3.10/site-packages/pubsub
[2.585s] copying /workspace/src/build/pubsub/build/lib/pubsub/__init__.py -> /workspace/src/install/pubsub/lib/python3.10/site-packages/pubsub
[2.585s] byte-compiling /workspace/src/install/pubsub/lib/python3.10/site-packages/pubsub/sub_mem_fn.py to sub_mem_fn.cpython-310.pyc
[2.585s] byte-compiling /workspace/src/install/pubsub/lib/python3.10/site-packages/pubsub/pub_mem_fn.py to pub_mem_fn.cpython-310.pyc
[2.585s] byte-compiling /workspace/src/install/pubsub/lib/python3.10/site-packages/pubsub/__init__.py to __init__.cpython-310.pyc
[2.585s] running install_data
[2.586s] creating /workspace/src/install/pubsub/share/ament_index
[2.586s] creating /workspace/src/install/pubsub/share/ament_index/resource_index
[2.586s] creating /workspace/src/install/pubsub/share/ament_index/resource_index/packages
[2.586s] copying resource/pubsub -> /workspace/src/install/pubsub/share/ament_index/resource_index/packages
[2.587s] copying package.xml -> /workspace/src/install/pubsub/share/pubsub
[2.587s] running install_egg_info
[2.587s] Copying ../build/pubsub/pubsub.egg-info to /workspace/src/install/pubsub/lib/python3.10/site-packages/pubsub-0.0.0-py3.10.egg-info
[2.587s] running install_scripts
[2.640s] Installing listener script to /workspace/src/install/pubsub/lib/pubsub
[2.641s] Installing talker script to /workspace/src/install/pubsub/lib/pubsub
[2.641s] writing list of installed files to '/workspace/src/build/pubsub/install.log'
[2.699s] Invoked command in '/workspace/src/pubsub' returned '0': PYTHONPATH=/workspace/src/build/pubsub/prefix_override:/workspace/src/install/pubsub/lib/python3.10/site-packages:${PYTHONPATH} /usr/bin/python3 setup.py egg_info --egg-base ../build/pubsub build --build-base /workspace/src/build/pubsub/build install --record /workspace/src/build/pubsub/install.log --single-version-externally-managed
