-- Install configuration: ""
-- Up-to-date: /workspace/src/install/irb120_ros2_gazebo/share/irb120_ros2_gazebo/config
-- Up-to-date: /workspace/src/install/irb120_ros2_gazebo/share/irb120_ros2_gazebo/config/irb120_controller.yaml
-- Up-to-date: /workspace/src/install/irb120_ros2_gazebo/share/irb120_ros2_gazebo/config/irb120egp64_controller.yaml
-- Up-to-date: /workspace/src/install/irb120_ros2_gazebo/share/irb120_ros2_gazebo/launch
-- Up-to-date: /workspace/src/install/irb120_ros2_gazebo/share/irb120_ros2_gazebo/launch/irb120_simulation.launch.py
-- Up-to-date: /workspace/src/install/irb120_ros2_gazebo/share/irb120_ros2_gazebo/urdf
-- Up-to-date: /workspace/src/install/irb120_ros2_gazebo/share/irb120_ros2_gazebo/urdf/abb_resources
-- Up-to-date: /workspace/src/install/irb120_ros2_gazebo/share/irb120_ros2_gazebo/urdf/abb_resources/common_materials.xacro
-- Up-to-date: /workspace/src/install/irb120_ros2_gazebo/share/irb120_ros2_gazebo/urdf/abb_resources/common_colours.xacro
-- Installing: /workspace/src/install/irb120_ros2_gazebo/share/irb120_ros2_gazebo/urdf/irb120.urdf.xacro
-- Up-to-date: /workspace/src/install/irb120_ros2_gazebo/share/irb120_ros2_gazebo/urdf/irb120_ros2control.xacro
-- Up-to-date: /workspace/src/install/irb120_ros2_gazebo/share/irb120_ros2_gazebo/urdf/irb120_transmission.xacro
-- Up-to-date: /workspace/src/install/irb120_ros2_gazebo/share/irb120_ros2_gazebo/urdf/irb120_macro.urdf.xacro
-- Up-to-date: /workspace/src/install/irb120_ros2_gazebo/share/irb120_ros2_gazebo/worlds
-- Up-to-date: /workspace/src/install/irb120_ros2_gazebo/share/irb120_ros2_gazebo/worlds/irb120.world
-- Up-to-date: /workspace/src/install/irb120_ros2_gazebo/share/irb120_ros2_gazebo/meshes
-- Up-to-date: /workspace/src/install/irb120_ros2_gazebo/share/irb120_ros2_gazebo/meshes/irb120_cell.dae
-- Up-to-date: /workspace/src/install/irb120_ros2_gazebo/share/irb120_ros2_gazebo/meshes/collision
-- Up-to-date: /workspace/src/install/irb120_ros2_gazebo/share/irb120_ros2_gazebo/meshes/collision/link_4.stl
-- Up-to-date: /workspace/src/install/irb120_ros2_gazebo/share/irb120_ros2_gazebo/meshes/collision/link_2.stl
-- Up-to-date: /workspace/src/install/irb120_ros2_gazebo/share/irb120_ros2_gazebo/meshes/collision/link_1.stl
-- Up-to-date: /workspace/src/install/irb120_ros2_gazebo/share/irb120_ros2_gazebo/meshes/collision/base_link.stl
-- Up-to-date: /workspace/src/install/irb120_ros2_gazebo/share/irb120_ros2_gazebo/meshes/collision/link_3.stl
-- Up-to-date: /workspace/src/install/irb120_ros2_gazebo/share/irb120_ros2_gazebo/meshes/collision/link_6.stl
-- Up-to-date: /workspace/src/install/irb120_ros2_gazebo/share/irb120_ros2_gazebo/meshes/collision/link_5.stl
-- Up-to-date: /workspace/src/install/irb120_ros2_gazebo/share/irb120_ros2_gazebo/meshes/visual
-- Up-to-date: /workspace/src/install/irb120_ros2_gazebo/share/irb120_ros2_gazebo/meshes/visual/base_link.dae
-- Up-to-date: /workspace/src/install/irb120_ros2_gazebo/share/irb120_ros2_gazebo/meshes/visual/link_2.dae
-- Up-to-date: /workspace/src/install/irb120_ros2_gazebo/share/irb120_ros2_gazebo/meshes/visual/link_1.dae
-- Up-to-date: /workspace/src/install/irb120_ros2_gazebo/share/irb120_ros2_gazebo/meshes/visual/link_4.dae
-- Up-to-date: /workspace/src/install/irb120_ros2_gazebo/share/irb120_ros2_gazebo/meshes/visual/link_6.dae
-- Up-to-date: /workspace/src/install/irb120_ros2_gazebo/share/irb120_ros2_gazebo/meshes/visual/link_5.dae
-- Up-to-date: /workspace/src/install/irb120_ros2_gazebo/share/irb120_ros2_gazebo/meshes/visual/link_3.dae
-- Up-to-date: /workspace/src/install/irb120_ros2_gazebo/share/irb120_ros2_gazebo/meshes/egp64
-- Up-to-date: /workspace/src/install/irb120_ros2_gazebo/share/irb120_ros2_gazebo/meshes/egp64/00. Schunk Gripper - Component POSES
-- Up-to-date: /workspace/src/install/irb120_ros2_gazebo/share/irb120_ros2_gazebo/meshes/egp64/egp64_RightFingerBase.dae
-- Up-to-date: /workspace/src/install/irb120_ros2_gazebo/share/irb120_ros2_gazebo/meshes/egp64/egp64_RightFinger.dae
-- Up-to-date: /workspace/src/install/irb120_ros2_gazebo/share/irb120_ros2_gazebo/meshes/egp64/egp64_Adapter.dae
-- Up-to-date: /workspace/src/install/irb120_ros2_gazebo/share/irb120_ros2_gazebo/meshes/egp64/egp64_LeftFingerBase.dae
-- Up-to-date: /workspace/src/install/irb120_ros2_gazebo/share/irb120_ros2_gazebo/meshes/egp64/egp64_BaseNoAdapter.dae
-- Up-to-date: /workspace/src/install/irb120_ros2_gazebo/share/irb120_ros2_gazebo/meshes/egp64/egp64_LeftFinger.dae
-- Up-to-date: /workspace/src/install/irb120_ros2_gazebo/share/ament_index/resource_index/package_run_dependencies/irb120_ros2_gazebo
-- Up-to-date: /workspace/src/install/irb120_ros2_gazebo/share/ament_index/resource_index/parent_prefix_path/irb120_ros2_gazebo
-- Up-to-date: /workspace/src/install/irb120_ros2_gazebo/share/irb120_ros2_gazebo/environment/ament_prefix_path.sh
-- Up-to-date: /workspace/src/install/irb120_ros2_gazebo/share/irb120_ros2_gazebo/environment/ament_prefix_path.dsv
-- Up-to-date: /workspace/src/install/irb120_ros2_gazebo/share/irb120_ros2_gazebo/environment/path.sh
-- Up-to-date: /workspace/src/install/irb120_ros2_gazebo/share/irb120_ros2_gazebo/environment/path.dsv
-- Up-to-date: /workspace/src/install/irb120_ros2_gazebo/share/irb120_ros2_gazebo/local_setup.bash
-- Up-to-date: /workspace/src/install/irb120_ros2_gazebo/share/irb120_ros2_gazebo/local_setup.sh
-- Up-to-date: /workspace/src/install/irb120_ros2_gazebo/share/irb120_ros2_gazebo/local_setup.zsh
-- Up-to-date: /workspace/src/install/irb120_ros2_gazebo/share/irb120_ros2_gazebo/local_setup.dsv
-- Up-to-date: /workspace/src/install/irb120_ros2_gazebo/share/irb120_ros2_gazebo/package.dsv
-- Up-to-date: /workspace/src/install/irb120_ros2_gazebo/share/ament_index/resource_index/packages/irb120_ros2_gazebo
-- Up-to-date: /workspace/src/install/irb120_ros2_gazebo/share/irb120_ros2_gazebo/cmake/irb120_ros2_gazeboConfig.cmake
-- Up-to-date: /workspace/src/install/irb120_ros2_gazebo/share/irb120_ros2_gazebo/cmake/irb120_ros2_gazeboConfig-version.cmake
-- Up-to-date: /workspace/src/install/irb120_ros2_gazebo/share/irb120_ros2_gazebo/package.xml
