[0.017s] Invoking command in '/workspace/src/build/irb120_ros2_gazebo': CMAKE_PREFIX_PATH=${CMAKE_PREFIX_PATH}:/workspace/src/install/srvcli:/workspace/src/install/pubsub:/workspace/src/install/my_py_pkg:/workspace/src/install/inverse_kinematics:/opt/ros/humble /usr/bin/cmake --build /workspace/src/build/irb120_ros2_gazebo -- -j12 -l12
[0.064s] Invoked command in '/workspace/src/build/irb120_ros2_gazebo' returned '0': CMAKE_PREFIX_PATH=${CMAKE_PREFIX_PATH}:/workspace/src/install/srvcli:/workspace/src/install/pubsub:/workspace/src/install/my_py_pkg:/workspace/src/install/inverse_kinematics:/opt/ros/humble /usr/bin/cmake --build /workspace/src/build/irb120_ros2_gazebo -- -j12 -l12
[0.095s] Invoking command in '/workspace/src/build/irb120_ros2_gazebo': CMAKE_PREFIX_PATH=${CMAKE_PREFIX_PATH}:/workspace/src/install/srvcli:/workspace/src/install/pubsub:/workspace/src/install/my_py_pkg:/workspace/src/install/inverse_kinematics:/opt/ros/humble /usr/bin/cmake --install /workspace/src/build/irb120_ros2_gazebo
[0.102s] -- Install configuration: ""
[0.102s] -- Up-to-date: /workspace/src/install/irb120_ros2_gazebo/share/irb120_ros2_gazebo/config
[0.102s] -- Up-to-date: /workspace/src/install/irb120_ros2_gazebo/share/irb120_ros2_gazebo/config/irb120_controller.yaml
[0.102s] -- Up-to-date: /workspace/src/install/irb120_ros2_gazebo/share/irb120_ros2_gazebo/config/irb120egp64_controller.yaml
[0.102s] -- Up-to-date: /workspace/src/install/irb120_ros2_gazebo/share/irb120_ros2_gazebo/launch
[0.102s] -- Up-to-date: /workspace/src/install/irb120_ros2_gazebo/share/irb120_ros2_gazebo/launch/irb120_simulation.launch.py
[0.103s] -- Up-to-date: /workspace/src/install/irb120_ros2_gazebo/share/irb120_ros2_gazebo/urdf
[0.103s] -- Up-to-date: /workspace/src/install/irb120_ros2_gazebo/share/irb120_ros2_gazebo/urdf/abb_resources
[0.103s] -- Up-to-date: /workspace/src/install/irb120_ros2_gazebo/share/irb120_ros2_gazebo/urdf/abb_resources/common_materials.xacro
[0.103s] -- Up-to-date: /workspace/src/install/irb120_ros2_gazebo/share/irb120_ros2_gazebo/urdf/abb_resources/common_colours.xacro
[0.103s] -- Installing: /workspace/src/install/irb120_ros2_gazebo/share/irb120_ros2_gazebo/urdf/irb120.urdf.xacro
[0.103s] -- Up-to-date: /workspace/src/install/irb120_ros2_gazebo/share/irb120_ros2_gazebo/urdf/irb120_ros2control.xacro
[0.103s] -- Up-to-date: /workspace/src/install/irb120_ros2_gazebo/share/irb120_ros2_gazebo/urdf/irb120_transmission.xacro
[0.103s] -- Up-to-date: /workspace/src/install/irb120_ros2_gazebo/share/irb120_ros2_gazebo/urdf/irb120_macro.urdf.xacro
[0.103s] -- Up-to-date: /workspace/src/install/irb120_ros2_gazebo/share/irb120_ros2_gazebo/worlds
[0.103s] -- Up-to-date: /workspace/src/install/irb120_ros2_gazebo/share/irb120_ros2_gazebo/worlds/irb120.world
[0.103s] -- Up-to-date: /workspace/src/install/irb120_ros2_gazebo/share/irb120_ros2_gazebo/meshes
[0.103s] -- Up-to-date: /workspace/src/install/irb120_ros2_gazebo/share/irb120_ros2_gazebo/meshes/irb120_cell.dae
[0.104s] -- Up-to-date: /workspace/src/install/irb120_ros2_gazebo/share/irb120_ros2_gazebo/meshes/collision
[0.104s] -- Up-to-date: /workspace/src/install/irb120_ros2_gazebo/share/irb120_ros2_gazebo/meshes/collision/link_4.stl
[0.104s] -- Up-to-date: /workspace/src/install/irb120_ros2_gazebo/share/irb120_ros2_gazebo/meshes/collision/link_2.stl
[0.104s] -- Up-to-date: /workspace/src/install/irb120_ros2_gazebo/share/irb120_ros2_gazebo/meshes/collision/link_1.stl
[0.104s] -- Up-to-date: /workspace/src/install/irb120_ros2_gazebo/share/irb120_ros2_gazebo/meshes/collision/base_link.stl
[0.104s] -- Up-to-date: /workspace/src/install/irb120_ros2_gazebo/share/irb120_ros2_gazebo/meshes/collision/link_3.stl
[0.104s] -- Up-to-date: /workspace/src/install/irb120_ros2_gazebo/share/irb120_ros2_gazebo/meshes/collision/link_6.stl
[0.104s] -- Up-to-date: /workspace/src/install/irb120_ros2_gazebo/share/irb120_ros2_gazebo/meshes/collision/link_5.stl
[0.104s] -- Up-to-date: /workspace/src/install/irb120_ros2_gazebo/share/irb120_ros2_gazebo/meshes/visual
[0.104s] -- Up-to-date: /workspace/src/install/irb120_ros2_gazebo/share/irb120_ros2_gazebo/meshes/visual/base_link.dae
[0.104s] -- Up-to-date: /workspace/src/install/irb120_ros2_gazebo/share/irb120_ros2_gazebo/meshes/visual/link_2.dae
[0.104s] -- Up-to-date: /workspace/src/install/irb120_ros2_gazebo/share/irb120_ros2_gazebo/meshes/visual/link_1.dae
[0.104s] -- Up-to-date: /workspace/src/install/irb120_ros2_gazebo/share/irb120_ros2_gazebo/meshes/visual/link_4.dae
[0.104s] -- Up-to-date: /workspace/src/install/irb120_ros2_gazebo/share/irb120_ros2_gazebo/meshes/visual/link_6.dae
[0.104s] -- Up-to-date: /workspace/src/install/irb120_ros2_gazebo/share/irb120_ros2_gazebo/meshes/visual/link_5.dae
[0.104s] -- Up-to-date: /workspace/src/install/irb120_ros2_gazebo/share/irb120_ros2_gazebo/meshes/visual/link_3.dae
[0.105s] -- Up-to-date: /workspace/src/install/irb120_ros2_gazebo/share/irb120_ros2_gazebo/meshes/egp64
[0.105s] -- Up-to-date: /workspace/src/install/irb120_ros2_gazebo/share/irb120_ros2_gazebo/meshes/egp64/00. Schunk Gripper - Component POSES
[0.105s] -- Up-to-date: /workspace/src/install/irb120_ros2_gazebo/share/irb120_ros2_gazebo/meshes/egp64/egp64_RightFingerBase.dae
[0.105s] -- Up-to-date: /workspace/src/install/irb120_ros2_gazebo/share/irb120_ros2_gazebo/meshes/egp64/egp64_RightFinger.dae
[0.105s] -- Up-to-date: /workspace/src/install/irb120_ros2_gazebo/share/irb120_ros2_gazebo/meshes/egp64/egp64_Adapter.dae
[0.105s] -- Up-to-date: /workspace/src/install/irb120_ros2_gazebo/share/irb120_ros2_gazebo/meshes/egp64/egp64_LeftFingerBase.dae
[0.105s] -- Up-to-date: /workspace/src/install/irb120_ros2_gazebo/share/irb120_ros2_gazebo/meshes/egp64/egp64_BaseNoAdapter.dae
[0.105s] -- Up-to-date: /workspace/src/install/irb120_ros2_gazebo/share/irb120_ros2_gazebo/meshes/egp64/egp64_LeftFinger.dae
[0.105s] -- Up-to-date: /workspace/src/install/irb120_ros2_gazebo/share/ament_index/resource_index/package_run_dependencies/irb120_ros2_gazebo
[0.105s] -- Up-to-date: /workspace/src/install/irb120_ros2_gazebo/share/ament_index/resource_index/parent_prefix_path/irb120_ros2_gazebo
[0.105s] -- Up-to-date: /workspace/src/install/irb120_ros2_gazebo/share/irb120_ros2_gazebo/environment/ament_prefix_path.sh
[0.105s] -- Up-to-date: /workspace/src/install/irb120_ros2_gazebo/share/irb120_ros2_gazebo/environment/ament_prefix_path.dsv
[0.106s] -- Up-to-date: /workspace/src/install/irb120_ros2_gazebo/share/irb120_ros2_gazebo/environment/path.sh
[0.106s] -- Up-to-date: /workspace/src/install/irb120_ros2_gazebo/share/irb120_ros2_gazebo/environment/path.dsv
[0.107s] -- Up-to-date: /workspace/src/install/irb120_ros2_gazebo/share/irb120_ros2_gazebo/local_setup.bash
[0.107s] -- Up-to-date: /workspace/src/install/irb120_ros2_gazebo/share/irb120_ros2_gazebo/local_setup.sh
[0.107s] -- Up-to-date: /workspace/src/install/irb120_ros2_gazebo/share/irb120_ros2_gazebo/local_setup.zsh
[0.107s] -- Up-to-date: /workspace/src/install/irb120_ros2_gazebo/share/irb120_ros2_gazebo/local_setup.dsv
[0.108s] -- Up-to-date: /workspace/src/install/irb120_ros2_gazebo/share/irb120_ros2_gazebo/package.dsv
[0.108s] -- Up-to-date: /workspace/src/install/irb120_ros2_gazebo/share/ament_index/resource_index/packages/irb120_ros2_gazebo
[0.108s] -- Up-to-date: /workspace/src/install/irb120_ros2_gazebo/share/irb120_ros2_gazebo/cmake/irb120_ros2_gazeboConfig.cmake
[0.108s] -- Up-to-date: /workspace/src/install/irb120_ros2_gazebo/share/irb120_ros2_gazebo/cmake/irb120_ros2_gazeboConfig-version.cmake
[0.108s] -- Up-to-date: /workspace/src/install/irb120_ros2_gazebo/share/irb120_ros2_gazebo/package.xml
[0.109s] Invoked command in '/workspace/src/build/irb120_ros2_gazebo' returned '0': CMAKE_PREFIX_PATH=${CMAKE_PREFIX_PATH}:/workspace/src/install/srvcli:/workspace/src/install/pubsub:/workspace/src/install/my_py_pkg:/workspace/src/install/inverse_kinematics:/opt/ros/humble /usr/bin/cmake --install /workspace/src/build/irb120_ros2_gazebo
