[1.035s] Invoking command in '/workspace/src/build/my_robot_package': CMAKE_PREFIX_PATH=${CMAKE_PREFIX_PATH}:/opt/ros/humble /usr/bin/cmake /workspace/src/my_robot_package -DCMAKE_INSTALL_PREFIX=/workspace/src/install/my_robot_package
[1.815s] -- The C compiler identification is GNU 11.3.0
[1.815s] -- The CXX compiler identification is GNU 11.3.0
[1.815s] -- Detecting C compiler ABI info
[1.815s] -- Detecting C compiler ABI info - done
[1.815s] -- Check for working C compiler: /usr/bin/cc - skipped
[1.816s] -- Detecting C compile features
[1.816s] -- Detecting C compile features - done
[1.821s] -- Detecting CXX compiler ABI info
[2.042s] -- Detecting CXX compiler ABI info - done
[2.071s] -- Check for working CXX compiler: /usr/bin/c++ - skipped
[2.072s] -- Detecting CXX compile features
[2.079s] -- Detecting CXX compile features - done
[2.088s] -- Found ament_cmake: 1.3.4 (/opt/ros/humble/share/ament_cmake/cmake)
[2.491s] -- Found Python3: /usr/bin/python3.10 (found version "3.10.6") found components: Interpreter 
[2.632s] -- Found ament_lint_auto: 0.12.6 (/opt/ros/humble/share/ament_lint_auto/cmake)
[2.748s] -- Added test 'flake8' to check Python code syntax and style conventions
[2.749s] -- Added test 'lint_cmake' to check CMake code style
[2.750s] -- Added test 'pep257' to check Python code against some of the docstring style conventions in PEP 257
[2.751s] -- Added test 'xmllint' to check XML markup files
[2.752s] -- Configuring done
[2.759s] -- Generating done
[2.759s] -- Build files have been written to: /workspace/src/build/my_robot_package
[2.788s] Invoked command in '/workspace/src/build/my_robot_package' returned '0': CMAKE_PREFIX_PATH=${CMAKE_PREFIX_PATH}:/opt/ros/humble /usr/bin/cmake /workspace/src/my_robot_package -DCMAKE_INSTALL_PREFIX=/workspace/src/install/my_robot_package
[2.789s] Invoking command in '/workspace/src/build/my_robot_package': CMAKE_PREFIX_PATH=${CMAKE_PREFIX_PATH}:/opt/ros/humble /usr/bin/cmake --build /workspace/src/build/my_robot_package -- -j12 -l12
[2.911s] Invoked command in '/workspace/src/build/my_robot_package' returned '0': CMAKE_PREFIX_PATH=${CMAKE_PREFIX_PATH}:/opt/ros/humble /usr/bin/cmake --build /workspace/src/build/my_robot_package -- -j12 -l12
[3.149s] Invoking command in '/workspace/src/build/my_robot_package': CMAKE_PREFIX_PATH=${CMAKE_PREFIX_PATH}:/opt/ros/humble /usr/bin/cmake --install /workspace/src/build/my_robot_package
[3.180s] -- Install configuration: ""
[3.180s] -- Installing: /workspace/src/install/my_robot_package/share/my_robot_package/config
[3.181s] -- Installing: /workspace/src/install/my_robot_package/share/my_robot_package/launch
[3.181s] -- Installing: /workspace/src/install/my_robot_package/share/my_robot_package/launch/rviz2.launch.py
[3.181s] -- Installing: /workspace/src/install/my_robot_package/share/ament_index/resource_index/package_run_dependencies/my_robot_package
[3.181s] -- Installing: /workspace/src/install/my_robot_package/share/ament_index/resource_index/parent_prefix_path/my_robot_package
[3.183s] -- Installing: /workspace/src/install/my_robot_package/share/my_robot_package/environment/ament_prefix_path.sh
[3.183s] -- Installing: /workspace/src/install/my_robot_package/share/my_robot_package/environment/ament_prefix_path.dsv
[3.183s] -- Installing: /workspace/src/install/my_robot_package/share/my_robot_package/environment/path.sh
[3.184s] -- Installing: /workspace/src/install/my_robot_package/share/my_robot_package/environment/path.dsv
[3.184s] -- Installing: /workspace/src/install/my_robot_package/share/my_robot_package/local_setup.bash
[3.185s] -- Installing: /workspace/src/install/my_robot_package/share/my_robot_package/local_setup.sh
[3.187s] -- Installing: /workspace/src/install/my_robot_package/share/my_robot_package/local_setup.zsh
[3.187s] -- Installing: /workspace/src/install/my_robot_package/share/my_robot_package/local_setup.dsv
[3.187s] -- Installing: /workspace/src/install/my_robot_package/share/my_robot_package/package.dsv
[3.188s] -- Installing: /workspace/src/install/my_robot_package/share/ament_index/resource_index/packages/my_robot_package
[3.189s] -- Installing: /workspace/src/install/my_robot_package/share/my_robot_package/cmake/my_robot_packageConfig.cmake
[3.190s] -- Installing: /workspace/src/install/my_robot_package/share/my_robot_package/cmake/my_robot_packageConfig-version.cmake
[3.190s] -- Installing: /workspace/src/install/my_robot_package/share/my_robot_package/package.xml
[3.305s] Invoked command in '/workspace/src/build/my_robot_package' returned '0': CMAKE_PREFIX_PATH=${CMAKE_PREFIX_PATH}:/opt/ros/humble /usr/bin/cmake --install /workspace/src/build/my_robot_package
