[  6%] Built target ros_interfaces__cpp
[ 12%] Built target ros_interfaces__rosidl_generator_c
[ 12%] Built target ament_cmake_python_copy_ros_interfaces
[ 23%] Built target ros_interfaces__rosidl_typesupport_c
[ 34%] Built target ros_interfaces__rosidl_typesupport_introspection_c
[ 51%] Built target ros_interfaces__rosidl_typesupport_cpp
[ 55%] Built target ros_interfaces__rosidl_typesupport_introspection_cpp
[ 72%] Built target ros_interfaces__rosidl_typesupport_fastrtps_c
[ 76%] Built target ros_interfaces__rosidl_typesupport_fastrtps_cpp
[ 76%] Built target ros_interfaces
[ 78%] Built target ros_interfaces__py
[ 87%] Built target ros_interfaces__rosidl_generator_py
[ 91%] Built target ros_interfaces__rosidl_typesupport_introspection_c__pyext
[ 95%] Built target ros_interfaces__rosidl_typesupport_c__pyext
[100%] Built target ros_interfaces__rosidl_typesupport_fastrtps_c__pyext
running egg_info
writing ros_interfaces.egg-info/PKG-INFO
writing dependency_links to ros_interfaces.egg-info/dependency_links.txt
writing top-level names to ros_interfaces.egg-info/top_level.txt
reading manifest file 'ros_interfaces.egg-info/SOURCES.txt'
writing manifest file 'ros_interfaces.egg-info/SOURCES.txt'
[100%] Built target ament_cmake_python_build_ros_interfaces_egg
