[0.252s] Invoking command in '/workspace/build/ros_interfaces': CMAKE_PREFIX_PATH=${CMAKE_PREFIX_PATH}:/workspace/install/pubsub:/workspace/install/srvcli:/workspace/install/my_py_pkg:/workspace/install/my_package:/opt/ros/humble /usr/bin/cmake --build /workspace/build/ros_interfaces -- -j12 -l12
[0.310s] [  6%] Built target ros_interfaces__cpp
[0.310s] [ 12%] Built target ros_interfaces__rosidl_generator_c
[0.326s] [ 12%] Built target ament_cmake_python_copy_ros_interfaces
[0.351s] [ 23%] Built target ros_interfaces__rosidl_typesupport_c
[0.352s] [ 34%] Built target ros_interfaces__rosidl_typesupport_introspection_c
[0.352s] [ 51%] Built target ros_interfaces__rosidl_typesupport_cpp
[0.353s] [ 55%] Built target ros_interfaces__rosidl_typesupport_introspection_cpp
[0.356s] [ 72%] Built target ros_interfaces__rosidl_typesupport_fastrtps_c
[0.356s] [ 76%] Built target ros_interfaces__rosidl_typesupport_fastrtps_cpp
[0.379s] [ 76%] Built target ros_interfaces
[0.408s] [ 78%] Built target ros_interfaces__py
[0.440s] [ 87%] Built target ros_interfaces__rosidl_generator_py
[0.476s] [ 91%] Built target ros_interfaces__rosidl_typesupport_introspection_c__pyext
[0.479s] [ 95%] Built target ros_interfaces__rosidl_typesupport_c__pyext
[0.479s] [100%] Built target ros_interfaces__rosidl_typesupport_fastrtps_c__pyext
[0.633s] running egg_info
[0.634s] writing ros_interfaces.egg-info/PKG-INFO
[0.634s] writing dependency_links to ros_interfaces.egg-info/dependency_links.txt
[0.634s] writing top-level names to ros_interfaces.egg-info/top_level.txt
[0.637s] reading manifest file 'ros_interfaces.egg-info/SOURCES.txt'
[0.637s] writing manifest file 'ros_interfaces.egg-info/SOURCES.txt'
[0.666s] [100%] Built target ament_cmake_python_build_ros_interfaces_egg
