[0.017s] Invoking command in '/workspace/build/ros_interfaces': CMAKE_PREFIX_PATH=${CMAKE_PREFIX_PATH}:/workspace/install/srvcli:/workspace/install/pubsub:/workspace/install/my_py_pkg:/workspace/install/my_package:/opt/ros/humble /usr/bin/cmake --build /workspace/build/ros_interfaces -- -j12 -l12
[0.043s] -- Found ament_cmake: 1.3.3 (/opt/ros/humble/share/ament_cmake/cmake)
[0.180s] -- Found ament_lint_auto: 0.12.5 (/opt/ros/humble/share/ament_lint_auto/cmake)
[0.246s] -- Found geometry_msgs: 4.2.3 (/opt/ros/humble/share/geometry_msgs/cmake)
[0.270s] -- Found rosidl_generator_c: 3.1.4 (/opt/ros/humble/share/rosidl_generator_c/cmake)
[0.272s] -- Found rosidl_adapter: 3.1.4 (/opt/ros/humble/share/rosidl_adapter/cmake)
[0.277s] -- Found rosidl_generator_cpp: 3.1.4 (/opt/ros/humble/share/rosidl_generator_cpp/cmake)
[0.287s] -- Using all available rosidl_typesupport_c: rosidl_typesupport_fastrtps_c;rosidl_typesupport_introspection_c
[0.302s] -- Using all available rosidl_typesupport_cpp: rosidl_typesupport_fastrtps_cpp;rosidl_typesupport_introspection_cpp
[0.414s] -- Found rosidl_default_generators: 1.2.0 (/opt/ros/humble/share/rosidl_default_generators/cmake)
[0.740s] -- Found ament_cmake_ros: 0.10.0 (/opt/ros/humble/share/ament_cmake_ros/cmake)
[1.149s] -- Using all available rosidl_typesupport_c: rosidl_typesupport_fastrtps_c;rosidl_typesupport_introspection_c
[1.301s] -- Using all available rosidl_typesupport_cpp: rosidl_typesupport_fastrtps_cpp;rosidl_typesupport_introspection_cpp
[1.324s] -- Found python_cmake_module: 0.10.0 (/opt/ros/humble/share/python_cmake_module/cmake)
[1.345s] -- Using PYTHON_EXECUTABLE: /usr/bin/python3
[1.345s] -- Using PYTHON_INCLUDE_DIRS: /usr/include/python3.10
[1.345s] -- Using PYTHON_LIBRARIES: /usr/lib/x86_64-linux-gnu/libpython3.10.so
[1.390s] -- Added test 'lint_cmake' to check CMake code style
[1.391s] -- Added test 'xmllint' to check XML markup files
[1.394s] -- Configuring done
[1.462s] -- Generating done
[1.467s] -- Build files have been written to: /workspace/build/ros_interfaces
[1.498s] [  1%] [34m[1mGenerating C code for ROS interfaces[0m
[1.509s] [  3%] [34m[1mGenerating C++ code for ROS interfaces[0m
[1.522s] [  3%] Built target ament_cmake_python_copy_ros_interfaces
[1.765s] running egg_info
[1.766s] writing ros_interfaces.egg-info/PKG-INFO
[1.766s] writing dependency_links to ros_interfaces.egg-info/dependency_links.txt
[1.766s] writing top-level names to ros_interfaces.egg-info/top_level.txt
[1.768s] reading manifest file 'ros_interfaces.egg-info/SOURCES.txt'
[1.769s] writing manifest file 'ros_interfaces.egg-info/SOURCES.txt'
[1.792s] [  3%] Built target ament_cmake_python_build_ros_interfaces_egg
[2.423s] [  3%] Built target ros_interfaces__cpp
[2.436s] [  4%] [34m[1mGenerating C++ type support dispatch for ROS interfaces[0m
[2.436s] [  6%] [34m[1mGenerating C++ type support for eProsima Fast-RTPS[0m
[2.437s] [  7%] [34m[1mGenerating C++ introspection for ROS interfaces[0m
[2.526s] [35m[1mConsolidate compiler generated dependencies of target ros_interfaces__rosidl_generator_c[0m
[2.545s] [  9%] [32mBuilding C object CMakeFiles/ros_interfaces__rosidl_generator_c.dir/rosidl_generator_c/ros_interfaces/msg/detail/num__functions.c.o[0m
[2.545s] [ 11%] [32mBuilding C object CMakeFiles/ros_interfaces__rosidl_generator_c.dir/rosidl_generator_c/ros_interfaces/srv/detail/add_tree_ints__functions.c.o[0m
[2.545s] [ 12%] [32mBuilding C object CMakeFiles/ros_interfaces__rosidl_generator_c.dir/rosidl_generator_c/ros_interfaces/action/detail/fibonacci__functions.c.o[0m
[2.548s] [ 14%] [32mBuilding C object CMakeFiles/ros_interfaces__rosidl_generator_c.dir/rosidl_generator_c/ros_interfaces/msg/detail/sphere__functions.c.o[0m
[2.550s] [ 15%] [32mBuilding C object CMakeFiles/ros_interfaces__rosidl_generator_c.dir/rosidl_generator_c/ros_interfaces/action/detail/count_down__functions.c.o[0m
[2.737s] [ 17%] [32m[1mLinking C shared library libros_interfaces__rosidl_generator_c.so[0m
[2.783s] [ 17%] Built target ros_interfaces__rosidl_generator_c
[2.796s] [ 22%] [34m[1mGenerating C introspection for ROS interfaces[0m
[2.796s] [ 22%] [34m[1mGenerating C type support dispatch for ROS interfaces[0m
[2.796s] [ 22%] [34m[1mGenerating C type support for eProsima Fast-RTPS[0m
[3.084s] [35m[1mConsolidate compiler generated dependencies of target ros_interfaces__rosidl_typesupport_cpp[0m
[3.115s] [ 23%] [32mBuilding CXX object CMakeFiles/ros_interfaces__rosidl_typesupport_cpp.dir/rosidl_typesupport_cpp/ros_interfaces/srv/add_tree_ints__type_support.cpp.o[0m
[3.116s] [ 25%] [32mBuilding CXX object CMakeFiles/ros_interfaces__rosidl_typesupport_cpp.dir/rosidl_typesupport_cpp/ros_interfaces/msg/num__type_support.cpp.o[0m
[3.116s] [ 28%] [32mBuilding CXX object CMakeFiles/ros_interfaces__rosidl_typesupport_cpp.dir/rosidl_typesupport_cpp/ros_interfaces/action/fibonacci__type_support.cpp.o[0m
[3.116s] [ 28%] [32mBuilding CXX object CMakeFiles/ros_interfaces__rosidl_typesupport_cpp.dir/rosidl_typesupport_cpp/ros_interfaces/action/count_down__type_support.cpp.o[0m
[3.121s] [ 30%] [32mBuilding CXX object CMakeFiles/ros_interfaces__rosidl_typesupport_cpp.dir/rosidl_typesupport_cpp/ros_interfaces/msg/sphere__type_support.cpp.o[0m
[3.368s] [35m[1mConsolidate compiler generated dependencies of target ros_interfaces__rosidl_typesupport_introspection_cpp[0m
[3.401s] [ 31%] [32mBuilding CXX object CMakeFiles/ros_interfaces__rosidl_typesupport_introspection_cpp.dir/rosidl_typesupport_introspection_cpp/ros_interfaces/msg/detail/num__type_support.cpp.o[0m
[3.402s] [ 33%] [32mBuilding CXX object CMakeFiles/ros_interfaces__rosidl_typesupport_introspection_cpp.dir/rosidl_typesupport_introspection_cpp/ros_interfaces/srv/detail/add_tree_ints__type_support.cpp.o[0m
[3.415s] [ 34%] [32mBuilding CXX object CMakeFiles/ros_interfaces__rosidl_typesupport_introspection_cpp.dir/rosidl_typesupport_introspection_cpp/ros_interfaces/msg/detail/sphere__type_support.cpp.o[0m
[3.712s] [ 36%] [32mBuilding CXX object CMakeFiles/ros_interfaces__rosidl_typesupport_introspection_cpp.dir/rosidl_typesupport_introspection_cpp/ros_interfaces/action/detail/fibonacci__type_support.cpp.o[0m
[3.747s] [ 38%] [32mBuilding CXX object CMakeFiles/ros_interfaces__rosidl_typesupport_introspection_cpp.dir/rosidl_typesupport_introspection_cpp/ros_interfaces/action/detail/count_down__type_support.cpp.o[0m
[3.757s] [35m[1mConsolidate compiler generated dependencies of target ros_interfaces__rosidl_typesupport_c[0m
[3.789s] [ 39%] [32mBuilding CXX object CMakeFiles/ros_interfaces__rosidl_typesupport_c.dir/rosidl_typesupport_c/ros_interfaces/msg/num__type_support.cpp.o[0m
[3.822s] [ 41%] [32mBuilding CXX object CMakeFiles/ros_interfaces__rosidl_typesupport_c.dir/rosidl_typesupport_c/ros_interfaces/msg/sphere__type_support.cpp.o[0m
[3.856s] [ 42%] [32mBuilding CXX object CMakeFiles/ros_interfaces__rosidl_typesupport_c.dir/rosidl_typesupport_c/ros_interfaces/srv/add_tree_ints__type_support.cpp.o[0m
[3.884s] [ 44%] [32mBuilding CXX object CMakeFiles/ros_interfaces__rosidl_typesupport_c.dir/rosidl_typesupport_c/ros_interfaces/action/fibonacci__type_support.cpp.o[0m
[3.892s] [35m[1mConsolidate compiler generated dependencies of target ros_interfaces__rosidl_typesupport_fastrtps_cpp[0m
[3.929s] [ 46%] [32mBuilding CXX object CMakeFiles/ros_interfaces__rosidl_typesupport_c.dir/rosidl_typesupport_c/ros_interfaces/action/count_down__type_support.cpp.o[0m
[3.961s] [ 47%] [32mBuilding CXX object CMakeFiles/ros_interfaces__rosidl_typesupport_fastrtps_cpp.dir/rosidl_typesupport_fastrtps_cpp/ros_interfaces/msg/detail/dds_fastrtps/num__type_support.cpp.o[0m
[4.044s] [ 49%] [32mBuilding CXX object CMakeFiles/ros_interfaces__rosidl_typesupport_fastrtps_cpp.dir/rosidl_typesupport_fastrtps_cpp/ros_interfaces/msg/detail/dds_fastrtps/sphere__type_support.cpp.o[0m
[4.114s] [ 50%] [32m[1mLinking CXX shared library libros_interfaces__rosidl_typesupport_c.so[0m
[4.159s] [ 52%] [32mBuilding CXX object CMakeFiles/ros_interfaces__rosidl_typesupport_fastrtps_cpp.dir/rosidl_typesupport_fastrtps_cpp/ros_interfaces/srv/detail/dds_fastrtps/add_tree_ints__type_support.cpp.o[0m
[4.201s] [ 53%] [32m[1mLinking CXX shared library libros_interfaces__rosidl_typesupport_cpp.so[0m
[4.222s] [ 53%] Built target ros_interfaces__rosidl_typesupport_c
[4.254s] [ 55%] [32mBuilding CXX object CMakeFiles/ros_interfaces__rosidl_typesupport_fastrtps_cpp.dir/rosidl_typesupport_fastrtps_cpp/ros_interfaces/action/detail/dds_fastrtps/fibonacci__type_support.cpp.o[0m
[4.310s] [ 57%] [32mBuilding CXX object CMakeFiles/ros_interfaces__rosidl_typesupport_fastrtps_cpp.dir/rosidl_typesupport_fastrtps_cpp/ros_interfaces/action/detail/dds_fastrtps/count_down__type_support.cpp.o[0m
[4.365s] [ 57%] Built target ros_interfaces__rosidl_typesupport_cpp
[4.439s] [35m[1mConsolidate compiler generated dependencies of target ros_interfaces__rosidl_typesupport_introspection_c[0m
[4.525s] [ 58%] [32mBuilding C object CMakeFiles/ros_interfaces__rosidl_typesupport_introspection_c.dir/rosidl_typesupport_introspection_c/ros_interfaces/msg/detail/num__type_support.c.o[0m
[4.543s] [ 60%] [32mBuilding C object CMakeFiles/ros_interfaces__rosidl_typesupport_introspection_c.dir/rosidl_typesupport_introspection_c/ros_interfaces/msg/detail/sphere__type_support.c.o[0m
[4.550s] [35m[1mConsolidate compiler generated dependencies of target ros_interfaces__rosidl_typesupport_fastrtps_c[0m
[4.556s] [ 61%] [32mBuilding C object CMakeFiles/ros_interfaces__rosidl_typesupport_introspection_c.dir/rosidl_typesupport_introspection_c/ros_interfaces/srv/detail/add_tree_ints__type_support.c.o[0m
[4.566s] [ 63%] [32mBuilding C object CMakeFiles/ros_interfaces__rosidl_typesupport_introspection_c.dir/rosidl_typesupport_introspection_c/ros_interfaces/action/detail/fibonacci__type_support.c.o[0m
[4.630s] [ 65%] [32mBuilding CXX object CMakeFiles/ros_interfaces__rosidl_typesupport_fastrtps_c.dir/rosidl_typesupport_fastrtps_c/ros_interfaces/msg/detail/num__type_support_c.cpp.o[0m
[4.654s] [ 66%] [32mBuilding CXX object CMakeFiles/ros_interfaces__rosidl_typesupport_fastrtps_c.dir/rosidl_typesupport_fastrtps_c/ros_interfaces/msg/detail/sphere__type_support_c.cpp.o[0m
[4.672s] [ 68%] [32mBuilding C object CMakeFiles/ros_interfaces__rosidl_typesupport_introspection_c.dir/rosidl_typesupport_introspection_c/ros_interfaces/action/detail/count_down__type_support.c.o[0m
[4.680s] [ 69%] [32mBuilding CXX object CMakeFiles/ros_interfaces__rosidl_typesupport_fastrtps_c.dir/rosidl_typesupport_fastrtps_c/ros_interfaces/srv/detail/add_tree_ints__type_support_c.cpp.o[0m
[4.708s] [ 71%] [32mBuilding CXX object CMakeFiles/ros_interfaces__rosidl_typesupport_fastrtps_c.dir/rosidl_typesupport_fastrtps_c/ros_interfaces/action/detail/fibonacci__type_support_c.cpp.o[0m
[4.795s] [ 73%] [32m[1mLinking C shared library libros_interfaces__rosidl_typesupport_introspection_c.so[0m
[4.878s] [ 74%] [32mBuilding CXX object CMakeFiles/ros_interfaces__rosidl_typesupport_fastrtps_c.dir/rosidl_typesupport_fastrtps_c/ros_interfaces/action/detail/count_down__type_support_c.cpp.o[0m
[4.894s] [ 74%] Built target ros_interfaces__rosidl_typesupport_introspection_c
[5.117s] [ 76%] [32m[1mLinking CXX shared library libros_interfaces__rosidl_typesupport_introspection_cpp.so[0m
[5.277s] [ 76%] Built target ros_interfaces__rosidl_typesupport_introspection_cpp
[5.503s] [ 77%] [32m[1mLinking CXX shared library libros_interfaces__rosidl_typesupport_fastrtps_cpp.so[0m
[5.515s] [ 79%] [32m[1mLinking CXX shared library libros_interfaces__rosidl_typesupport_fastrtps_c.so[0m
[5.600s] [ 79%] Built target ros_interfaces__rosidl_typesupport_fastrtps_cpp
[5.609s] [ 79%] Built target ros_interfaces__rosidl_typesupport_fastrtps_c
[5.632s] [ 79%] Built target ros_interfaces
[5.653s] [ 80%] [34m[1mGenerating Python code for ROS interfaces[0m
[7.136s] [ 80%] Built target ros_interfaces__py
[7.146s] [35m[1mConsolidate compiler generated dependencies of target ros_interfaces__rosidl_generator_py[0m
[7.167s] [ 84%] [32mBuilding C object CMakeFiles/ros_interfaces__rosidl_generator_py.dir/rosidl_generator_py/ros_interfaces/msg/_sphere_s.c.o[0m
[7.168s] [ 84%] [32mBuilding C object CMakeFiles/ros_interfaces__rosidl_generator_py.dir/rosidl_generator_py/ros_interfaces/msg/_num_s.c.o[0m
[7.168s] [ 85%] [32mBuilding C object CMakeFiles/ros_interfaces__rosidl_generator_py.dir/rosidl_generator_py/ros_interfaces/srv/_add_tree_ints_s.c.o[0m
[7.169s] [ 87%] [32mBuilding C object CMakeFiles/ros_interfaces__rosidl_generator_py.dir/rosidl_generator_py/ros_interfaces/action/_fibonacci_s.c.o[0m
[7.169s] [ 88%] [32mBuilding C object CMakeFiles/ros_interfaces__rosidl_generator_py.dir/rosidl_generator_py/ros_interfaces/action/_count_down_s.c.o[0m
[7.351s] [ 90%] [32m[1mLinking C shared library rosidl_generator_py/ros_interfaces/libros_interfaces__rosidl_generator_py.so[0m
[7.392s] [ 90%] Built target ros_interfaces__rosidl_generator_py
[7.404s] [35m[1mConsolidate compiler generated dependencies of target ros_interfaces__rosidl_typesupport_c__pyext[0m
[7.404s] [35m[1mConsolidate compiler generated dependencies of target ros_interfaces__rosidl_typesupport_fastrtps_c__pyext[0m
[7.404s] [35m[1mConsolidate compiler generated dependencies of target ros_interfaces__rosidl_typesupport_introspection_c__pyext[0m
[7.419s] [ 93%] [32mBuilding C object CMakeFiles/ros_interfaces__rosidl_typesupport_introspection_c__pyext.dir/rosidl_generator_py/ros_interfaces/_ros_interfaces_s.ep.rosidl_typesupport_introspection_c.c.o[0m
[7.420s] [ 93%] [32mBuilding C object CMakeFiles/ros_interfaces__rosidl_typesupport_fastrtps_c__pyext.dir/rosidl_generator_py/ros_interfaces/_ros_interfaces_s.ep.rosidl_typesupport_fastrtps_c.c.o[0m
[7.420s] [ 95%] [32mBuilding C object CMakeFiles/ros_interfaces__rosidl_typesupport_c__pyext.dir/rosidl_generator_py/ros_interfaces/_ros_interfaces_s.ep.rosidl_typesupport_c.c.o[0m
[7.623s] [ 96%] [32m[1mLinking C shared library rosidl_generator_py/ros_interfaces/ros_interfaces_s__rosidl_typesupport_c.cpython-310-x86_64-linux-gnu.so[0m
[7.625s] [ 98%] [32m[1mLinking C shared library rosidl_generator_py/ros_interfaces/ros_interfaces_s__rosidl_typesupport_introspection_c.cpython-310-x86_64-linux-gnu.so[0m
[7.625s] [100%] [32m[1mLinking C shared library rosidl_generator_py/ros_interfaces/ros_interfaces_s__rosidl_typesupport_fastrtps_c.cpython-310-x86_64-linux-gnu.so[0m
[7.680s] [100%] Built target ros_interfaces__rosidl_typesupport_introspection_c__pyext
[7.680s] [100%] Built target ros_interfaces__rosidl_typesupport_fastrtps_c__pyext
[7.680s] [100%] Built target ros_interfaces__rosidl_typesupport_c__pyext
[7.691s] Invoked command in '/workspace/build/ros_interfaces' returned '0': CMAKE_PREFIX_PATH=${CMAKE_PREFIX_PATH}:/workspace/install/srvcli:/workspace/install/pubsub:/workspace/install/my_py_pkg:/workspace/install/my_package:/opt/ros/humble /usr/bin/cmake --build /workspace/build/ros_interfaces -- -j12 -l12
[7.845s] Invoking command in '/workspace/build/ros_interfaces': CMAKE_PREFIX_PATH=${CMAKE_PREFIX_PATH}:/workspace/install/srvcli:/workspace/install/pubsub:/workspace/install/my_py_pkg:/workspace/install/my_package:/opt/ros/humble /usr/bin/cmake --install /workspace/build/ros_interfaces
[7.853s] -- Install configuration: ""
[7.853s] -- Installing: /workspace/install/ros_interfaces/share/ament_index/resource_index/rosidl_interfaces/ros_interfaces
[7.854s] -- Up-to-date: /workspace/install/ros_interfaces/include/ros_interfaces/ros_interfaces
[7.854s] -- Up-to-date: /workspace/install/ros_interfaces/include/ros_interfaces/ros_interfaces/action
[7.854s] -- Up-to-date: /workspace/install/ros_interfaces/include/ros_interfaces/ros_interfaces/action/detail
[7.854s] -- Installing: /workspace/install/ros_interfaces/include/ros_interfaces/ros_interfaces/action/detail/fibonacci__type_support.h
[7.854s] -- Installing: /workspace/install/ros_interfaces/include/ros_interfaces/ros_interfaces/action/detail/count_down__functions.h
[7.855s] -- Installing: /workspace/install/ros_interfaces/include/ros_interfaces/ros_interfaces/action/detail/count_down__struct.h
[7.855s] -- Installing: /workspace/install/ros_interfaces/include/ros_interfaces/ros_interfaces/action/detail/fibonacci__struct.h
[7.855s] -- Installing: /workspace/install/ros_interfaces/include/ros_interfaces/ros_interfaces/action/detail/fibonacci__functions.h
[7.855s] -- Installing: /workspace/install/ros_interfaces/include/ros_interfaces/ros_interfaces/action/detail/fibonacci__functions.c
[7.855s] -- Installing: /workspace/install/ros_interfaces/include/ros_interfaces/ros_interfaces/action/detail/count_down__type_support.h
[7.856s] -- Installing: /workspace/install/ros_interfaces/include/ros_interfaces/ros_interfaces/action/detail/count_down__functions.c
[7.856s] -- Installing: /workspace/install/ros_interfaces/include/ros_interfaces/ros_interfaces/action/count_down.h
[7.856s] -- Installing: /workspace/install/ros_interfaces/include/ros_interfaces/ros_interfaces/action/fibonacci.h
[7.856s] -- Up-to-date: /workspace/install/ros_interfaces/include/ros_interfaces/ros_interfaces/srv
[7.857s] -- Installing: /workspace/install/ros_interfaces/include/ros_interfaces/ros_interfaces/srv/add_tree_ints.h
[7.857s] -- Up-to-date: /workspace/install/ros_interfaces/include/ros_interfaces/ros_interfaces/srv/detail
[7.857s] -- Installing: /workspace/install/ros_interfaces/include/ros_interfaces/ros_interfaces/srv/detail/add_tree_ints__functions.c
[7.857s] -- Installing: /workspace/install/ros_interfaces/include/ros_interfaces/ros_interfaces/srv/detail/add_tree_ints__functions.h
[7.857s] -- Installing: /workspace/install/ros_interfaces/include/ros_interfaces/ros_interfaces/srv/detail/add_tree_ints__type_support.h
[7.858s] -- Installing: /workspace/install/ros_interfaces/include/ros_interfaces/ros_interfaces/srv/detail/add_tree_ints__struct.h
[7.858s] -- Up-to-date: /workspace/install/ros_interfaces/include/ros_interfaces/ros_interfaces/msg
[7.858s] -- Installing: /workspace/install/ros_interfaces/include/ros_interfaces/ros_interfaces/msg/num.h
[7.858s] -- Up-to-date: /workspace/install/ros_interfaces/include/ros_interfaces/ros_interfaces/msg/detail
[7.858s] -- Installing: /workspace/install/ros_interfaces/include/ros_interfaces/ros_interfaces/msg/detail/num__struct.h
[7.859s] -- Installing: /workspace/install/ros_interfaces/include/ros_interfaces/ros_interfaces/msg/detail/sphere__functions.h
[7.859s] -- Installing: /workspace/install/ros_interfaces/include/ros_interfaces/ros_interfaces/msg/detail/sphere__functions.c
[7.859s] -- Installing: /workspace/install/ros_interfaces/include/ros_interfaces/ros_interfaces/msg/detail/num__functions.h
[7.859s] -- Installing: /workspace/install/ros_interfaces/include/ros_interfaces/ros_interfaces/msg/detail/sphere__struct.h
[7.859s] -- Installing: /workspace/install/ros_interfaces/include/ros_interfaces/ros_interfaces/msg/detail/sphere__type_support.h
[7.859s] -- Installing: /workspace/install/ros_interfaces/include/ros_interfaces/ros_interfaces/msg/detail/num__type_support.h
[7.860s] -- Installing: /workspace/install/ros_interfaces/include/ros_interfaces/ros_interfaces/msg/detail/num__functions.c
[7.860s] -- Up-to-date: /workspace/install/ros_interfaces/include/ros_interfaces/ros_interfaces/msg/rosidl_generator_c__visibility_control.h
[7.860s] -- Installing: /workspace/install/ros_interfaces/include/ros_interfaces/ros_interfaces/msg/sphere.h
[7.860s] -- Up-to-date: /workspace/install/ros_interfaces/share/ros_interfaces/environment/library_path.sh
[7.860s] -- Installing: /workspace/install/ros_interfaces/share/ros_interfaces/environment/library_path.dsv
[7.861s] -- Installing: /workspace/install/ros_interfaces/lib/libros_interfaces__rosidl_generator_c.so
[7.861s] -- Set runtime path of "/workspace/install/ros_interfaces/lib/libros_interfaces__rosidl_generator_c.so" to ""
[7.862s] -- Up-to-date: /workspace/install/ros_interfaces/include/ros_interfaces/ros_interfaces
[7.862s] -- Up-to-date: /workspace/install/ros_interfaces/include/ros_interfaces/ros_interfaces/action
[7.862s] -- Up-to-date: /workspace/install/ros_interfaces/include/ros_interfaces/ros_interfaces/action/detail
[7.862s] -- Installing: /workspace/install/ros_interfaces/include/ros_interfaces/ros_interfaces/action/detail/count_down__rosidl_typesupport_fastrtps_c.h
[7.862s] -- Installing: /workspace/install/ros_interfaces/include/ros_interfaces/ros_interfaces/action/detail/fibonacci__rosidl_typesupport_fastrtps_c.h
[7.863s] -- Up-to-date: /workspace/install/ros_interfaces/include/ros_interfaces/ros_interfaces/srv
[7.863s] -- Up-to-date: /workspace/install/ros_interfaces/include/ros_interfaces/ros_interfaces/srv/detail
[7.863s] -- Installing: /workspace/install/ros_interfaces/include/ros_interfaces/ros_interfaces/srv/detail/add_tree_ints__rosidl_typesupport_fastrtps_c.h
[7.863s] -- Up-to-date: /workspace/install/ros_interfaces/include/ros_interfaces/ros_interfaces/msg
[7.863s] -- Up-to-date: /workspace/install/ros_interfaces/include/ros_interfaces/ros_interfaces/msg/detail
[7.864s] -- Installing: /workspace/install/ros_interfaces/include/ros_interfaces/ros_interfaces/msg/detail/num__rosidl_typesupport_fastrtps_c.h
[7.864s] -- Installing: /workspace/install/ros_interfaces/include/ros_interfaces/ros_interfaces/msg/detail/sphere__rosidl_typesupport_fastrtps_c.h
[7.864s] -- Up-to-date: /workspace/install/ros_interfaces/include/ros_interfaces/ros_interfaces/msg/rosidl_typesupport_fastrtps_c__visibility_control.h
[7.864s] -- Installing: /workspace/install/ros_interfaces/lib/libros_interfaces__rosidl_typesupport_fastrtps_c.so
[7.864s] -- Set runtime path of "/workspace/install/ros_interfaces/lib/libros_interfaces__rosidl_typesupport_fastrtps_c.so" to ""
[7.864s] -- Up-to-date: /workspace/install/ros_interfaces/include/ros_interfaces/ros_interfaces
[7.865s] -- Up-to-date: /workspace/install/ros_interfaces/include/ros_interfaces/ros_interfaces/action
[7.865s] -- Up-to-date: /workspace/install/ros_interfaces/include/ros_interfaces/ros_interfaces/action/detail
[7.865s] -- Installing: /workspace/install/ros_interfaces/include/ros_interfaces/ros_interfaces/action/detail/count_down__builder.hpp
[7.865s] -- Installing: /workspace/install/ros_interfaces/include/ros_interfaces/ros_interfaces/action/detail/fibonacci__struct.hpp
[7.865s] -- Installing: /workspace/install/ros_interfaces/include/ros_interfaces/ros_interfaces/action/detail/count_down__struct.hpp
[7.866s] -- Installing: /workspace/install/ros_interfaces/include/ros_interfaces/ros_interfaces/action/detail/fibonacci__traits.hpp
[7.866s] -- Installing: /workspace/install/ros_interfaces/include/ros_interfaces/ros_interfaces/action/detail/fibonacci__builder.hpp
[7.866s] -- Installing: /workspace/install/ros_interfaces/include/ros_interfaces/ros_interfaces/action/detail/count_down__traits.hpp
[7.866s] -- Installing: /workspace/install/ros_interfaces/include/ros_interfaces/ros_interfaces/action/fibonacci.hpp
[7.866s] -- Installing: /workspace/install/ros_interfaces/include/ros_interfaces/ros_interfaces/action/count_down.hpp
[7.866s] -- Up-to-date: /workspace/install/ros_interfaces/include/ros_interfaces/ros_interfaces/srv
[7.867s] -- Installing: /workspace/install/ros_interfaces/include/ros_interfaces/ros_interfaces/srv/add_tree_ints.hpp
[7.867s] -- Up-to-date: /workspace/install/ros_interfaces/include/ros_interfaces/ros_interfaces/srv/detail
[7.867s] -- Installing: /workspace/install/ros_interfaces/include/ros_interfaces/ros_interfaces/srv/detail/add_tree_ints__struct.hpp
[7.867s] -- Installing: /workspace/install/ros_interfaces/include/ros_interfaces/ros_interfaces/srv/detail/add_tree_ints__builder.hpp
[7.867s] -- Installing: /workspace/install/ros_interfaces/include/ros_interfaces/ros_interfaces/srv/detail/add_tree_ints__traits.hpp
[7.867s] -- Up-to-date: /workspace/install/ros_interfaces/include/ros_interfaces/ros_interfaces/msg
[7.868s] -- Up-to-date: /workspace/install/ros_interfaces/include/ros_interfaces/ros_interfaces/msg/detail
[7.868s] -- Installing: /workspace/install/ros_interfaces/include/ros_interfaces/ros_interfaces/msg/detail/sphere__builder.hpp
[7.868s] -- Installing: /workspace/install/ros_interfaces/include/ros_interfaces/ros_interfaces/msg/detail/num__struct.hpp
[7.868s] -- Installing: /workspace/install/ros_interfaces/include/ros_interfaces/ros_interfaces/msg/detail/sphere__struct.hpp
[7.868s] -- Installing: /workspace/install/ros_interfaces/include/ros_interfaces/ros_interfaces/msg/detail/sphere__traits.hpp
[7.869s] -- Installing: /workspace/install/ros_interfaces/include/ros_interfaces/ros_interfaces/msg/detail/num__builder.hpp
[7.869s] -- Installing: /workspace/install/ros_interfaces/include/ros_interfaces/ros_interfaces/msg/detail/num__traits.hpp
[7.869s] -- Installing: /workspace/install/ros_interfaces/include/ros_interfaces/ros_interfaces/msg/num.hpp
[7.869s] -- Installing: /workspace/install/ros_interfaces/include/ros_interfaces/ros_interfaces/msg/sphere.hpp
[7.869s] -- Up-to-date: /workspace/install/ros_interfaces/include/ros_interfaces/ros_interfaces
[7.870s] -- Up-to-date: /workspace/install/ros_interfaces/include/ros_interfaces/ros_interfaces/action
[7.870s] -- Up-to-date: /workspace/install/ros_interfaces/include/ros_interfaces/ros_interfaces/action/detail
[7.870s] -- Installing: /workspace/install/ros_interfaces/include/ros_interfaces/ros_interfaces/action/detail/fibonacci__rosidl_typesupport_fastrtps_cpp.hpp
[7.870s] -- Installing: /workspace/install/ros_interfaces/include/ros_interfaces/ros_interfaces/action/detail/count_down__rosidl_typesupport_fastrtps_cpp.hpp
[7.870s] -- Up-to-date: /workspace/install/ros_interfaces/include/ros_interfaces/ros_interfaces/action/detail/dds_fastrtps
[7.870s] -- Up-to-date: /workspace/install/ros_interfaces/include/ros_interfaces/ros_interfaces/srv
[7.871s] -- Up-to-date: /workspace/install/ros_interfaces/include/ros_interfaces/ros_interfaces/srv/detail
[7.871s] -- Up-to-date: /workspace/install/ros_interfaces/include/ros_interfaces/ros_interfaces/srv/detail/dds_fastrtps
[7.871s] -- Installing: /workspace/install/ros_interfaces/include/ros_interfaces/ros_interfaces/srv/detail/add_tree_ints__rosidl_typesupport_fastrtps_cpp.hpp
[7.871s] -- Up-to-date: /workspace/install/ros_interfaces/include/ros_interfaces/ros_interfaces/msg
[7.871s] -- Up-to-date: /workspace/install/ros_interfaces/include/ros_interfaces/ros_interfaces/msg/detail
[7.871s] -- Installing: /workspace/install/ros_interfaces/include/ros_interfaces/ros_interfaces/msg/detail/num__rosidl_typesupport_fastrtps_cpp.hpp
[7.872s] -- Installing: /workspace/install/ros_interfaces/include/ros_interfaces/ros_interfaces/msg/detail/sphere__rosidl_typesupport_fastrtps_cpp.hpp
[7.872s] -- Up-to-date: /workspace/install/ros_interfaces/include/ros_interfaces/ros_interfaces/msg/detail/dds_fastrtps
[7.872s] -- Up-to-date: /workspace/install/ros_interfaces/include/ros_interfaces/ros_interfaces/msg/rosidl_typesupport_fastrtps_cpp__visibility_control.h
[7.872s] -- Installing: /workspace/install/ros_interfaces/lib/libros_interfaces__rosidl_typesupport_fastrtps_cpp.so
[7.872s] -- Set runtime path of "/workspace/install/ros_interfaces/lib/libros_interfaces__rosidl_typesupport_fastrtps_cpp.so" to ""
[7.872s] -- Up-to-date: /workspace/install/ros_interfaces/include/ros_interfaces/ros_interfaces
[7.873s] -- Up-to-date: /workspace/install/ros_interfaces/include/ros_interfaces/ros_interfaces/action
[7.873s] -- Up-to-date: /workspace/install/ros_interfaces/include/ros_interfaces/ros_interfaces/action/detail
[7.873s] -- Installing: /workspace/install/ros_interfaces/include/ros_interfaces/ros_interfaces/action/detail/fibonacci__rosidl_typesupport_introspection_c.h
[7.873s] -- Installing: /workspace/install/ros_interfaces/include/ros_interfaces/ros_interfaces/action/detail/count_down__rosidl_typesupport_introspection_c.h
[7.873s] -- Installing: /workspace/install/ros_interfaces/include/ros_interfaces/ros_interfaces/action/detail/count_down__type_support.c
[7.873s] -- Installing: /workspace/install/ros_interfaces/include/ros_interfaces/ros_interfaces/action/detail/fibonacci__type_support.c
[7.874s] -- Up-to-date: /workspace/install/ros_interfaces/include/ros_interfaces/ros_interfaces/srv
[7.874s] -- Up-to-date: /workspace/install/ros_interfaces/include/ros_interfaces/ros_interfaces/srv/detail
[7.874s] -- Installing: /workspace/install/ros_interfaces/include/ros_interfaces/ros_interfaces/srv/detail/add_tree_ints__rosidl_typesupport_introspection_c.h
[7.874s] -- Installing: /workspace/install/ros_interfaces/include/ros_interfaces/ros_interfaces/srv/detail/add_tree_ints__type_support.c
[7.874s] -- Up-to-date: /workspace/install/ros_interfaces/include/ros_interfaces/ros_interfaces/msg
[7.875s] -- Up-to-date: /workspace/install/ros_interfaces/include/ros_interfaces/ros_interfaces/msg/rosidl_typesupport_introspection_c__visibility_control.h
[7.875s] -- Up-to-date: /workspace/install/ros_interfaces/include/ros_interfaces/ros_interfaces/msg/detail
[7.875s] -- Installing: /workspace/install/ros_interfaces/include/ros_interfaces/ros_interfaces/msg/detail/num__rosidl_typesupport_introspection_c.h
[7.875s] -- Installing: /workspace/install/ros_interfaces/include/ros_interfaces/ros_interfaces/msg/detail/num__type_support.c
[7.875s] -- Installing: /workspace/install/ros_interfaces/include/ros_interfaces/ros_interfaces/msg/detail/sphere__rosidl_typesupport_introspection_c.h
[7.875s] -- Installing: /workspace/install/ros_interfaces/include/ros_interfaces/ros_interfaces/msg/detail/sphere__type_support.c
[7.876s] -- Installing: /workspace/install/ros_interfaces/lib/libros_interfaces__rosidl_typesupport_introspection_c.so
[7.876s] -- Set runtime path of "/workspace/install/ros_interfaces/lib/libros_interfaces__rosidl_typesupport_introspection_c.so" to ""
[7.876s] -- Installing: /workspace/install/ros_interfaces/lib/libros_interfaces__rosidl_typesupport_c.so
[7.876s] -- Set runtime path of "/workspace/install/ros_interfaces/lib/libros_interfaces__rosidl_typesupport_c.so" to ""
[7.876s] -- Up-to-date: /workspace/install/ros_interfaces/include/ros_interfaces/ros_interfaces
[7.876s] -- Up-to-date: /workspace/install/ros_interfaces/include/ros_interfaces/ros_interfaces/action
[7.877s] -- Up-to-date: /workspace/install/ros_interfaces/include/ros_interfaces/ros_interfaces/action/detail
[7.877s] -- Installing: /workspace/install/ros_interfaces/include/ros_interfaces/ros_interfaces/action/detail/count_down__rosidl_typesupport_introspection_cpp.hpp
[7.877s] -- Installing: /workspace/install/ros_interfaces/include/ros_interfaces/ros_interfaces/action/detail/count_down__type_support.cpp
[7.877s] -- Installing: /workspace/install/ros_interfaces/include/ros_interfaces/ros_interfaces/action/detail/fibonacci__type_support.cpp
[7.877s] -- Installing: /workspace/install/ros_interfaces/include/ros_interfaces/ros_interfaces/action/detail/fibonacci__rosidl_typesupport_introspection_cpp.hpp
[7.877s] -- Up-to-date: /workspace/install/ros_interfaces/include/ros_interfaces/ros_interfaces/srv
[7.878s] -- Up-to-date: /workspace/install/ros_interfaces/include/ros_interfaces/ros_interfaces/srv/detail
[7.878s] -- Installing: /workspace/install/ros_interfaces/include/ros_interfaces/ros_interfaces/srv/detail/add_tree_ints__rosidl_typesupport_introspection_cpp.hpp
[7.878s] -- Installing: /workspace/install/ros_interfaces/include/ros_interfaces/ros_interfaces/srv/detail/add_tree_ints__type_support.cpp
[7.878s] -- Up-to-date: /workspace/install/ros_interfaces/include/ros_interfaces/ros_interfaces/msg
[7.878s] -- Up-to-date: /workspace/install/ros_interfaces/include/ros_interfaces/ros_interfaces/msg/detail
[7.879s] -- Installing: /workspace/install/ros_interfaces/include/ros_interfaces/ros_interfaces/msg/detail/num__type_support.cpp
[7.879s] -- Installing: /workspace/install/ros_interfaces/include/ros_interfaces/ros_interfaces/msg/detail/sphere__rosidl_typesupport_introspection_cpp.hpp
[7.879s] -- Installing: /workspace/install/ros_interfaces/include/ros_interfaces/ros_interfaces/msg/detail/sphere__type_support.cpp
[7.879s] -- Installing: /workspace/install/ros_interfaces/include/ros_interfaces/ros_interfaces/msg/detail/num__rosidl_typesupport_introspection_cpp.hpp
[7.879s] -- Installing: /workspace/install/ros_interfaces/lib/libros_interfaces__rosidl_typesupport_introspection_cpp.so
[7.879s] -- Set runtime path of "/workspace/install/ros_interfaces/lib/libros_interfaces__rosidl_typesupport_introspection_cpp.so" to ""
[7.880s] -- Installing: /workspace/install/ros_interfaces/lib/libros_interfaces__rosidl_typesupport_cpp.so
[7.880s] -- Set runtime path of "/workspace/install/ros_interfaces/lib/libros_interfaces__rosidl_typesupport_cpp.so" to ""
[7.880s] -- Up-to-date: /workspace/install/ros_interfaces/share/ros_interfaces/environment/pythonpath.sh
[7.881s] -- Installing: /workspace/install/ros_interfaces/share/ros_interfaces/environment/pythonpath.dsv
[7.881s] -- Up-to-date: /workspace/install/ros_interfaces/local/lib/python3.10/dist-packages/ros_interfaces-0.0.0-py3.10.egg-info
[7.881s] -- Installing: /workspace/install/ros_interfaces/local/lib/python3.10/dist-packages/ros_interfaces-0.0.0-py3.10.egg-info/SOURCES.txt
[7.881s] -- Installing: /workspace/install/ros_interfaces/local/lib/python3.10/dist-packages/ros_interfaces-0.0.0-py3.10.egg-info/dependency_links.txt
[7.881s] -- Installing: /workspace/install/ros_interfaces/local/lib/python3.10/dist-packages/ros_interfaces-0.0.0-py3.10.egg-info/top_level.txt
[7.882s] -- Installing: /workspace/install/ros_interfaces/local/lib/python3.10/dist-packages/ros_interfaces-0.0.0-py3.10.egg-info/PKG-INFO
[7.882s] -- Up-to-date: /workspace/install/ros_interfaces/local/lib/python3.10/dist-packages/ros_interfaces
[7.882s] -- Up-to-date: /workspace/install/ros_interfaces/local/lib/python3.10/dist-packages/ros_interfaces/action
[7.882s] -- Installing: /workspace/install/ros_interfaces/local/lib/python3.10/dist-packages/ros_interfaces/action/_fibonacci.py
[7.882s] -- Installing: /workspace/install/ros_interfaces/local/lib/python3.10/dist-packages/ros_interfaces/action/_count_down_s.c
[7.882s] -- Installing: /workspace/install/ros_interfaces/local/lib/python3.10/dist-packages/ros_interfaces/action/__init__.py
[7.883s] -- Installing: /workspace/install/ros_interfaces/local/lib/python3.10/dist-packages/ros_interfaces/action/_count_down.py
[7.883s] -- Installing: /workspace/install/ros_interfaces/local/lib/python3.10/dist-packages/ros_interfaces/action/_fibonacci_s.c
[7.883s] -- Installing: /workspace/install/ros_interfaces/local/lib/python3.10/dist-packages/ros_interfaces/ros_interfaces_s__rosidl_typesupport_c.cpython-310-x86_64-linux-gnu.so
[7.883s] -- Up-to-date: /workspace/install/ros_interfaces/local/lib/python3.10/dist-packages/ros_interfaces/srv
[7.883s] -- Installing: /workspace/install/ros_interfaces/local/lib/python3.10/dist-packages/ros_interfaces/srv/__init__.py
[7.883s] -- Installing: /workspace/install/ros_interfaces/local/lib/python3.10/dist-packages/ros_interfaces/srv/_add_tree_ints.py
[7.884s] -- Installing: /workspace/install/ros_interfaces/local/lib/python3.10/dist-packages/ros_interfaces/srv/_add_tree_ints_s.c
[7.884s] -- Up-to-date: /workspace/install/ros_interfaces/local/lib/python3.10/dist-packages/ros_interfaces/msg
[7.884s] -- Installing: /workspace/install/ros_interfaces/local/lib/python3.10/dist-packages/ros_interfaces/msg/_num.py
[7.884s] -- Installing: /workspace/install/ros_interfaces/local/lib/python3.10/dist-packages/ros_interfaces/msg/_sphere.py
[7.884s] -- Installing: /workspace/install/ros_interfaces/local/lib/python3.10/dist-packages/ros_interfaces/msg/_sphere_s.c
[7.885s] -- Installing: /workspace/install/ros_interfaces/local/lib/python3.10/dist-packages/ros_interfaces/msg/_num_s.c
[7.885s] -- Installing: /workspace/install/ros_interfaces/local/lib/python3.10/dist-packages/ros_interfaces/msg/__init__.py
[7.885s] -- Installing: /workspace/install/ros_interfaces/local/lib/python3.10/dist-packages/ros_interfaces/__init__.py
[7.885s] -- Installing: /workspace/install/ros_interfaces/local/lib/python3.10/dist-packages/ros_interfaces/_ros_interfaces_s.ep.rosidl_typesupport_introspection_c.c
[7.885s] -- Installing: /workspace/install/ros_interfaces/local/lib/python3.10/dist-packages/ros_interfaces/_ros_interfaces_s.ep.rosidl_typesupport_c.c
[7.885s] -- Installing: /workspace/install/ros_interfaces/local/lib/python3.10/dist-packages/ros_interfaces/ros_interfaces_s__rosidl_typesupport_introspection_c.cpython-310-x86_64-linux-gnu.so
[7.886s] -- Installing: /workspace/install/ros_interfaces/local/lib/python3.10/dist-packages/ros_interfaces/ros_interfaces_s__rosidl_typesupport_fastrtps_c.cpython-310-x86_64-linux-gnu.so
[7.886s] -- Installing: /workspace/install/ros_interfaces/local/lib/python3.10/dist-packages/ros_interfaces/_ros_interfaces_s.ep.rosidl_typesupport_fastrtps_c.c
[7.886s] -- Installing: /workspace/install/ros_interfaces/local/lib/python3.10/dist-packages/ros_interfaces/libros_interfaces__rosidl_generator_py.so
[7.947s] Listing '/workspace/install/ros_interfaces/local/lib/python3.10/dist-packages/ros_interfaces'...
[7.947s] Compiling '/workspace/install/ros_interfaces/local/lib/python3.10/dist-packages/ros_interfaces/__init__.py'...
[7.947s] Listing '/workspace/install/ros_interfaces/local/lib/python3.10/dist-packages/ros_interfaces/action'...
[7.947s] Compiling '/workspace/install/ros_interfaces/local/lib/python3.10/dist-packages/ros_interfaces/action/__init__.py'...
[7.947s] Compiling '/workspace/install/ros_interfaces/local/lib/python3.10/dist-packages/ros_interfaces/action/_count_down.py'...
[7.947s] Compiling '/workspace/install/ros_interfaces/local/lib/python3.10/dist-packages/ros_interfaces/action/_fibonacci.py'...
[7.947s] Listing '/workspace/install/ros_interfaces/local/lib/python3.10/dist-packages/ros_interfaces/msg'...
[7.947s] Compiling '/workspace/install/ros_interfaces/local/lib/python3.10/dist-packages/ros_interfaces/msg/__init__.py'...
[7.947s] Compiling '/workspace/install/ros_interfaces/local/lib/python3.10/dist-packages/ros_interfaces/msg/_num.py'...
[7.947s] Compiling '/workspace/install/ros_interfaces/local/lib/python3.10/dist-packages/ros_interfaces/msg/_sphere.py'...
[7.947s] Listing '/workspace/install/ros_interfaces/local/lib/python3.10/dist-packages/ros_interfaces/srv'...
[7.948s] Compiling '/workspace/install/ros_interfaces/local/lib/python3.10/dist-packages/ros_interfaces/srv/__init__.py'...
[7.948s] Compiling '/workspace/install/ros_interfaces/local/lib/python3.10/dist-packages/ros_interfaces/srv/_add_tree_ints.py'...
[7.954s] -- Installing: /workspace/install/ros_interfaces/local/lib/python3.10/dist-packages/ros_interfaces/ros_interfaces_s__rosidl_typesupport_fastrtps_c.cpython-310-x86_64-linux-gnu.so
[7.955s] -- Set runtime path of "/workspace/install/ros_interfaces/local/lib/python3.10/dist-packages/ros_interfaces/ros_interfaces_s__rosidl_typesupport_fastrtps_c.cpython-310-x86_64-linux-gnu.so" to ""
[7.955s] -- Installing: /workspace/install/ros_interfaces/local/lib/python3.10/dist-packages/ros_interfaces/ros_interfaces_s__rosidl_typesupport_introspection_c.cpython-310-x86_64-linux-gnu.so
[7.956s] -- Set runtime path of "/workspace/install/ros_interfaces/local/lib/python3.10/dist-packages/ros_interfaces/ros_interfaces_s__rosidl_typesupport_introspection_c.cpython-310-x86_64-linux-gnu.so" to ""
[7.956s] -- Installing: /workspace/install/ros_interfaces/local/lib/python3.10/dist-packages/ros_interfaces/ros_interfaces_s__rosidl_typesupport_c.cpython-310-x86_64-linux-gnu.so
[7.957s] -- Set runtime path of "/workspace/install/ros_interfaces/local/lib/python3.10/dist-packages/ros_interfaces/ros_interfaces_s__rosidl_typesupport_c.cpython-310-x86_64-linux-gnu.so" to ""
[7.957s] -- Installing: /workspace/install/ros_interfaces/lib/libros_interfaces__rosidl_generator_py.so
[7.958s] -- Set runtime path of "/workspace/install/ros_interfaces/lib/libros_interfaces__rosidl_generator_py.so" to ""
[7.958s] -- Up-to-date: /workspace/install/ros_interfaces/share/ros_interfaces/msg/Num.idl
[7.958s] -- Up-to-date: /workspace/install/ros_interfaces/share/ros_interfaces/msg/Sphere.idl
[7.958s] -- Up-to-date: /workspace/install/ros_interfaces/share/ros_interfaces/srv/AddTreeInts.idl
[7.958s] -- Up-to-date: /workspace/install/ros_interfaces/share/ros_interfaces/action/Fibonacci.idl
[7.959s] -- Installing: /workspace/install/ros_interfaces/share/ros_interfaces/action/CountDown.idl
[7.959s] -- Up-to-date: /workspace/install/ros_interfaces/share/ros_interfaces/msg/Num.msg
[7.959s] -- Up-to-date: /workspace/install/ros_interfaces/share/ros_interfaces/msg/Sphere.msg
[7.959s] -- Up-to-date: /workspace/install/ros_interfaces/share/ros_interfaces/srv/AddTreeInts.srv
[7.959s] -- Up-to-date: /workspace/install/ros_interfaces/share/ros_interfaces/srv/AddTreeInts_Request.msg
[7.959s] -- Up-to-date: /workspace/install/ros_interfaces/share/ros_interfaces/srv/AddTreeInts_Response.msg
[7.959s] -- Up-to-date: /workspace/install/ros_interfaces/share/ros_interfaces/action/Fibonacci.action
[7.960s] -- Installing: /workspace/install/ros_interfaces/share/ros_interfaces/action/CountDown.action
[7.960s] -- Up-to-date: /workspace/install/ros_interfaces/share/ament_index/resource_index/package_run_dependencies/ros_interfaces
[7.960s] -- Up-to-date: /workspace/install/ros_interfaces/share/ament_index/resource_index/parent_prefix_path/ros_interfaces
[7.960s] -- Up-to-date: /workspace/install/ros_interfaces/share/ros_interfaces/environment/ament_prefix_path.sh
[7.960s] -- Installing: /workspace/install/ros_interfaces/share/ros_interfaces/environment/ament_prefix_path.dsv
[7.960s] -- Up-to-date: /workspace/install/ros_interfaces/share/ros_interfaces/environment/path.sh
[7.960s] -- Installing: /workspace/install/ros_interfaces/share/ros_interfaces/environment/path.dsv
[7.960s] -- Up-to-date: /workspace/install/ros_interfaces/share/ros_interfaces/local_setup.bash
[7.961s] -- Up-to-date: /workspace/install/ros_interfaces/share/ros_interfaces/local_setup.sh
[7.961s] -- Up-to-date: /workspace/install/ros_interfaces/share/ros_interfaces/local_setup.zsh
[7.961s] -- Installing: /workspace/install/ros_interfaces/share/ros_interfaces/local_setup.dsv
[7.961s] -- Installing: /workspace/install/ros_interfaces/share/ros_interfaces/package.dsv
[7.961s] -- Up-to-date: /workspace/install/ros_interfaces/share/ament_index/resource_index/packages/ros_interfaces
[7.961s] -- Up-to-date: /workspace/install/ros_interfaces/share/ros_interfaces/cmake/export_ros_interfaces__rosidl_generator_cExport.cmake
[7.961s] -- Up-to-date: /workspace/install/ros_interfaces/share/ros_interfaces/cmake/export_ros_interfaces__rosidl_generator_cExport-noconfig.cmake
[7.961s] -- Up-to-date: /workspace/install/ros_interfaces/share/ros_interfaces/cmake/export_ros_interfaces__rosidl_typesupport_fastrtps_cExport.cmake
[7.961s] -- Up-to-date: /workspace/install/ros_interfaces/share/ros_interfaces/cmake/export_ros_interfaces__rosidl_typesupport_fastrtps_cExport-noconfig.cmake
[7.961s] -- Up-to-date: /workspace/install/ros_interfaces/share/ros_interfaces/cmake/export_ros_interfaces__rosidl_generator_cppExport.cmake
[7.962s] -- Up-to-date: /workspace/install/ros_interfaces/share/ros_interfaces/cmake/export_ros_interfaces__rosidl_typesupport_fastrtps_cppExport.cmake
[7.962s] -- Up-to-date: /workspace/install/ros_interfaces/share/ros_interfaces/cmake/export_ros_interfaces__rosidl_typesupport_fastrtps_cppExport-noconfig.cmake
[7.962s] -- Up-to-date: /workspace/install/ros_interfaces/share/ros_interfaces/cmake/ros_interfaces__rosidl_typesupport_introspection_cExport.cmake
[7.962s] -- Up-to-date: /workspace/install/ros_interfaces/share/ros_interfaces/cmake/ros_interfaces__rosidl_typesupport_introspection_cExport-noconfig.cmake
[7.962s] -- Up-to-date: /workspace/install/ros_interfaces/share/ros_interfaces/cmake/ros_interfaces__rosidl_typesupport_cExport.cmake
[7.962s] -- Up-to-date: /workspace/install/ros_interfaces/share/ros_interfaces/cmake/ros_interfaces__rosidl_typesupport_cExport-noconfig.cmake
[7.962s] -- Up-to-date: /workspace/install/ros_interfaces/share/ros_interfaces/cmake/ros_interfaces__rosidl_typesupport_introspection_cppExport.cmake
[7.962s] -- Up-to-date: /workspace/install/ros_interfaces/share/ros_interfaces/cmake/ros_interfaces__rosidl_typesupport_introspection_cppExport-noconfig.cmake
[7.962s] -- Up-to-date: /workspace/install/ros_interfaces/share/ros_interfaces/cmake/ros_interfaces__rosidl_typesupport_cppExport.cmake
[7.962s] -- Up-to-date: /workspace/install/ros_interfaces/share/ros_interfaces/cmake/ros_interfaces__rosidl_typesupport_cppExport-noconfig.cmake
[7.962s] -- Up-to-date: /workspace/install/ros_interfaces/share/ros_interfaces/cmake/export_ros_interfaces__rosidl_generator_pyExport.cmake
[7.963s] -- Up-to-date: /workspace/install/ros_interfaces/share/ros_interfaces/cmake/export_ros_interfaces__rosidl_generator_pyExport-noconfig.cmake
[7.963s] -- Installing: /workspace/install/ros_interfaces/share/ros_interfaces/cmake/rosidl_cmake-extras.cmake
[7.963s] -- Up-to-date: /workspace/install/ros_interfaces/share/ros_interfaces/cmake/ament_cmake_export_dependencies-extras.cmake
[7.963s] -- Up-to-date: /workspace/install/ros_interfaces/share/ros_interfaces/cmake/ament_cmake_export_include_directories-extras.cmake
[7.963s] -- Up-to-date: /workspace/install/ros_interfaces/share/ros_interfaces/cmake/ament_cmake_export_libraries-extras.cmake
[7.963s] -- Up-to-date: /workspace/install/ros_interfaces/share/ros_interfaces/cmake/ament_cmake_export_targets-extras.cmake
[7.963s] -- Up-to-date: /workspace/install/ros_interfaces/share/ros_interfaces/cmake/rosidl_cmake_export_typesupport_targets-extras.cmake
[7.963s] -- Up-to-date: /workspace/install/ros_interfaces/share/ros_interfaces/cmake/rosidl_cmake_export_typesupport_libraries-extras.cmake
[7.963s] -- Up-to-date: /workspace/install/ros_interfaces/share/ros_interfaces/cmake/ros_interfacesConfig.cmake
[7.963s] -- Up-to-date: /workspace/install/ros_interfaces/share/ros_interfaces/cmake/ros_interfacesConfig-version.cmake
[7.963s] -- Up-to-date: /workspace/install/ros_interfaces/share/ros_interfaces/package.xml
[7.966s] Invoked command in '/workspace/build/ros_interfaces' returned '0': CMAKE_PREFIX_PATH=${CMAKE_PREFIX_PATH}:/workspace/install/srvcli:/workspace/install/pubsub:/workspace/install/my_py_pkg:/workspace/install/my_package:/opt/ros/humble /usr/bin/cmake --install /workspace/build/ros_interfaces
