[0.477s] Invoking command in '/workspace/build/ros_interfaces': CMAKE_PREFIX_PATH=${CMAKE_PREFIX_PATH}:/workspace/install/srvcli:/workspace/install/pubsub:/workspace/install/my_py_pkg:/workspace/install/my_package:/opt/ros/humble /usr/bin/cmake --build /workspace/build/ros_interfaces -- -j12 -l12
[0.518s] -- Found ament_cmake: 1.3.3 (/opt/ros/humble/share/ament_cmake/cmake)
[0.669s] -- Found ament_lint_auto: 0.12.5 (/opt/ros/humble/share/ament_lint_auto/cmake)
[0.743s] -- Found geometry_msgs: 4.2.3 (/opt/ros/humble/share/geometry_msgs/cmake)
[0.773s] -- Found rosidl_generator_c: 3.1.4 (/opt/ros/humble/share/rosidl_generator_c/cmake)
[0.775s] -- Found rosidl_adapter: 3.1.4 (/opt/ros/humble/share/rosidl_adapter/cmake)
[0.783s] -- Found rosidl_generator_cpp: 3.1.4 (/opt/ros/humble/share/rosidl_generator_cpp/cmake)
[0.799s] -- Using all available rosidl_typesupport_c: rosidl_typesupport_fastrtps_c;rosidl_typesupport_introspection_c
[0.823s] -- Using all available rosidl_typesupport_cpp: rosidl_typesupport_fastrtps_cpp;rosidl_typesupport_introspection_cpp
[0.975s] -- Found rosidl_default_generators: 1.2.0 (/opt/ros/humble/share/rosidl_default_generators/cmake)
[1.400s] -- Found ament_cmake_ros: 0.10.0 (/opt/ros/humble/share/ament_cmake_ros/cmake)
[1.896s] -- Using all available rosidl_typesupport_c: rosidl_typesupport_fastrtps_c;rosidl_typesupport_introspection_c
[2.055s] -- Using all available rosidl_typesupport_cpp: rosidl_typesupport_fastrtps_cpp;rosidl_typesupport_introspection_cpp
[2.078s] -- Found python_cmake_module: 0.10.0 (/opt/ros/humble/share/python_cmake_module/cmake)
[2.102s] -- Using PYTHON_EXECUTABLE: /usr/bin/python3
[2.102s] -- Using PYTHON_INCLUDE_DIRS: /usr/include/python3.10
[2.102s] -- Using PYTHON_LIBRARIES: /usr/lib/x86_64-linux-gnu/libpython3.10.so
[2.152s] -- Added test 'lint_cmake' to check CMake code style
[2.153s] -- Added test 'xmllint' to check XML markup files
[2.156s] -- Configuring done
[2.203s] -- Generating done
[2.207s] -- Build files have been written to: /workspace/build/ros_interfaces
[2.235s] [  1%] [34m[1mGenerating C code for ROS interfaces[0m
[2.246s] [  3%] [34m[1mGenerating C++ code for ROS interfaces[0m
[2.259s] [  3%] Built target ament_cmake_python_copy_ros_interfaces
[2.509s] running egg_info
[2.509s] writing ros_interfaces.egg-info/PKG-INFO
[2.510s] writing dependency_links to ros_interfaces.egg-info/dependency_links.txt
[2.510s] writing top-level names to ros_interfaces.egg-info/top_level.txt
[2.512s] reading manifest file 'ros_interfaces.egg-info/SOURCES.txt'
[2.513s] writing manifest file 'ros_interfaces.egg-info/SOURCES.txt'
[2.539s] [  3%] Built target ament_cmake_python_build_ros_interfaces_egg
[3.214s] [35m[1mConsolidate compiler generated dependencies of target ros_interfaces__rosidl_generator_c[0m
[3.235s] [  4%] [32mBuilding C object CMakeFiles/ros_interfaces__rosidl_generator_c.dir/rosidl_generator_c/ros_interfaces/msg/detail/num__functions.c.o[0m
[3.236s] [  6%] [32mBuilding C object CMakeFiles/ros_interfaces__rosidl_generator_c.dir/rosidl_generator_c/ros_interfaces/action/detail/fibonacci__functions.c.o[0m
[3.239s] [  9%] [32mBuilding C object CMakeFiles/ros_interfaces__rosidl_generator_c.dir/rosidl_generator_c/ros_interfaces/srv/detail/add_tree_ints__functions.c.o[0m
[3.239s] [  9%] [32mBuilding C object CMakeFiles/ros_interfaces__rosidl_generator_c.dir/rosidl_generator_c/ros_interfaces/action/detail/countdown__functions.c.o[0m
[3.239s] [ 11%] [32mBuilding C object CMakeFiles/ros_interfaces__rosidl_generator_c.dir/rosidl_generator_c/ros_interfaces/msg/detail/sphere__functions.c.o[0m
[3.358s] [ 11%] Built target ros_interfaces__cpp
[3.376s] [ 12%] [34m[1mGenerating C++ type support dispatch for ROS interfaces[0m
[3.376s] [ 14%] [34m[1mGenerating C++ type support for eProsima Fast-RTPS[0m
[3.379s] [ 15%] [34m[1mGenerating C++ introspection for ROS interfaces[0m
[3.446s] [ 17%] [32m[1mLinking C shared library libros_interfaces__rosidl_generator_c.so[0m
[3.499s] [ 17%] Built target ros_interfaces__rosidl_generator_c
[3.522s] [ 22%] [34m[1mGenerating C type support dispatch for ROS interfaces[0m
[3.523s] [ 22%] [34m[1mGenerating C introspection for ROS interfaces[0m
[3.524s] [ 22%] [34m[1mGenerating C type support for eProsima Fast-RTPS[0m
[4.411s] [35m[1mConsolidate compiler generated dependencies of target ros_interfaces__rosidl_typesupport_cpp[0m
[4.447s] [ 23%] [32mBuilding CXX object CMakeFiles/ros_interfaces__rosidl_typesupport_cpp.dir/rosidl_typesupport_cpp/ros_interfaces/msg/num__type_support.cpp.o[0m
[4.449s] [ 25%] [32mBuilding CXX object CMakeFiles/ros_interfaces__rosidl_typesupport_cpp.dir/rosidl_typesupport_cpp/ros_interfaces/msg/sphere__type_support.cpp.o[0m
[4.452s] [ 26%] [32mBuilding CXX object CMakeFiles/ros_interfaces__rosidl_typesupport_cpp.dir/rosidl_typesupport_cpp/ros_interfaces/srv/add_tree_ints__type_support.cpp.o[0m
[4.455s] [ 28%] [32mBuilding CXX object CMakeFiles/ros_interfaces__rosidl_typesupport_cpp.dir/rosidl_typesupport_cpp/ros_interfaces/action/countdown__type_support.cpp.o[0m
[4.461s] [ 30%] [32mBuilding CXX object CMakeFiles/ros_interfaces__rosidl_typesupport_cpp.dir/rosidl_typesupport_cpp/ros_interfaces/action/fibonacci__type_support.cpp.o[0m
[4.467s] [35m[1mConsolidate compiler generated dependencies of target ros_interfaces__rosidl_typesupport_introspection_cpp[0m
[4.506s] [ 31%] [32mBuilding CXX object CMakeFiles/ros_interfaces__rosidl_typesupport_introspection_cpp.dir/rosidl_typesupport_introspection_cpp/ros_interfaces/msg/detail/sphere__type_support.cpp.o[0m
[4.517s] [ 33%] [32mBuilding CXX object CMakeFiles/ros_interfaces__rosidl_typesupport_introspection_cpp.dir/rosidl_typesupport_introspection_cpp/ros_interfaces/srv/detail/add_tree_ints__type_support.cpp.o[0m
[4.524s] [35m[1mConsolidate compiler generated dependencies of target ros_interfaces__rosidl_typesupport_c[0m
[4.536s] [ 34%] [32mBuilding CXX object CMakeFiles/ros_interfaces__rosidl_typesupport_introspection_cpp.dir/rosidl_typesupport_introspection_cpp/ros_interfaces/msg/detail/num__type_support.cpp.o[0m
[4.554s] [ 36%] [32mBuilding CXX object CMakeFiles/ros_interfaces__rosidl_typesupport_c.dir/rosidl_typesupport_c/ros_interfaces/msg/num__type_support.cpp.o[0m
[4.690s] [ 38%] [32mBuilding CXX object CMakeFiles/ros_interfaces__rosidl_typesupport_c.dir/rosidl_typesupport_c/ros_interfaces/msg/sphere__type_support.cpp.o[0m
[4.863s] [ 39%] [32mBuilding CXX object CMakeFiles/ros_interfaces__rosidl_typesupport_c.dir/rosidl_typesupport_c/ros_interfaces/srv/add_tree_ints__type_support.cpp.o[0m
[4.975s] [ 41%] [32mBuilding CXX object CMakeFiles/ros_interfaces__rosidl_typesupport_c.dir/rosidl_typesupport_c/ros_interfaces/action/fibonacci__type_support.cpp.o[0m
[4.994s] [35m[1mConsolidate compiler generated dependencies of target ros_interfaces__rosidl_typesupport_fastrtps_cpp[0m
[5.023s] [35m[1mConsolidate compiler generated dependencies of target ros_interfaces__rosidl_typesupport_fastrtps_c[0m
[5.031s] [ 42%] [32mBuilding CXX object CMakeFiles/ros_interfaces__rosidl_typesupport_fastrtps_cpp.dir/rosidl_typesupport_fastrtps_cpp/ros_interfaces/msg/detail/dds_fastrtps/num__type_support.cpp.o[0m
[5.076s] [ 44%] [32mBuilding CXX object CMakeFiles/ros_interfaces__rosidl_typesupport_fastrtps_cpp.dir/rosidl_typesupport_fastrtps_cpp/ros_interfaces/msg/detail/dds_fastrtps/sphere__type_support.cpp.o[0m
[5.086s] [ 46%] [32mBuilding CXX object CMakeFiles/ros_interfaces__rosidl_typesupport_fastrtps_c.dir/rosidl_typesupport_fastrtps_c/ros_interfaces/msg/detail/num__type_support_c.cpp.o[0m
[5.106s] [ 47%] [32mBuilding CXX object CMakeFiles/ros_interfaces__rosidl_typesupport_fastrtps_c.dir/rosidl_typesupport_fastrtps_c/ros_interfaces/msg/detail/sphere__type_support_c.cpp.o[0m
[5.131s] [ 50%] [32mBuilding CXX object CMakeFiles/ros_interfaces__rosidl_typesupport_c.dir/rosidl_typesupport_c/ros_interfaces/action/countdown__type_support.cpp.o[0m
[5.132s] [ 50%] [32mBuilding CXX object CMakeFiles/ros_interfaces__rosidl_typesupport_fastrtps_cpp.dir/rosidl_typesupport_fastrtps_cpp/ros_interfaces/srv/detail/dds_fastrtps/add_tree_ints__type_support.cpp.o[0m
[5.282s] [ 52%] [32m[1mLinking CXX shared library libros_interfaces__rosidl_typesupport_c.so[0m
[5.308s] [35m[1mConsolidate compiler generated dependencies of target ros_interfaces__rosidl_typesupport_introspection_c[0m
[5.357s] [ 53%] [32mBuilding C object CMakeFiles/ros_interfaces__rosidl_typesupport_introspection_c.dir/rosidl_typesupport_introspection_c/ros_interfaces/msg/detail/num__type_support.c.o[0m
[5.394s] [ 55%] [32mBuilding CXX object CMakeFiles/ros_interfaces__rosidl_typesupport_introspection_cpp.dir/rosidl_typesupport_introspection_cpp/ros_interfaces/action/detail/fibonacci__type_support.cpp.o[0m
[5.424s] [ 57%] [32mBuilding CXX object CMakeFiles/ros_interfaces__rosidl_typesupport_introspection_cpp.dir/rosidl_typesupport_introspection_cpp/ros_interfaces/action/detail/countdown__type_support.cpp.o[0m
[5.453s] [ 58%] [32mBuilding C object CMakeFiles/ros_interfaces__rosidl_typesupport_introspection_c.dir/rosidl_typesupport_introspection_c/ros_interfaces/msg/detail/sphere__type_support.c.o[0m
[5.454s] [ 58%] Built target ros_interfaces__rosidl_typesupport_c
[5.469s] [ 60%] [32mBuilding C object CMakeFiles/ros_interfaces__rosidl_typesupport_introspection_c.dir/rosidl_typesupport_introspection_c/ros_interfaces/srv/detail/add_tree_ints__type_support.c.o[0m
[5.479s] [ 61%] [32mBuilding CXX object CMakeFiles/ros_interfaces__rosidl_typesupport_fastrtps_cpp.dir/rosidl_typesupport_fastrtps_cpp/ros_interfaces/action/detail/dds_fastrtps/fibonacci__type_support.cpp.o[0m
[5.510s] [ 63%] [32mBuilding CXX object CMakeFiles/ros_interfaces__rosidl_typesupport_fastrtps_c.dir/rosidl_typesupport_fastrtps_c/ros_interfaces/srv/detail/add_tree_ints__type_support_c.cpp.o[0m
[5.534s] [ 65%] [32mBuilding C object CMakeFiles/ros_interfaces__rosidl_typesupport_introspection_c.dir/rosidl_typesupport_introspection_c/ros_interfaces/action/detail/fibonacci__type_support.c.o[0m
[5.552s] [ 66%] [32mBuilding C object CMakeFiles/ros_interfaces__rosidl_typesupport_introspection_c.dir/rosidl_typesupport_introspection_c/ros_interfaces/action/detail/countdown__type_support.c.o[0m
[5.555s] [ 68%] [32m[1mLinking CXX shared library libros_interfaces__rosidl_typesupport_cpp.so[0m
[5.671s] [ 69%] [32m[1mLinking C shared library libros_interfaces__rosidl_typesupport_introspection_c.so[0m
[5.684s] [ 71%] [32mBuilding CXX object CMakeFiles/ros_interfaces__rosidl_typesupport_fastrtps_cpp.dir/rosidl_typesupport_fastrtps_cpp/ros_interfaces/action/detail/dds_fastrtps/countdown__type_support.cpp.o[0m
[5.740s] [ 71%] Built target ros_interfaces__rosidl_typesupport_cpp
[5.764s] [ 73%] [32mBuilding CXX object CMakeFiles/ros_interfaces__rosidl_typesupport_fastrtps_c.dir/rosidl_typesupport_fastrtps_c/ros_interfaces/action/detail/fibonacci__type_support_c.cpp.o[0m
[5.781s] [ 73%] Built target ros_interfaces__rosidl_typesupport_introspection_c
[5.801s] [ 74%] [32mBuilding CXX object CMakeFiles/ros_interfaces__rosidl_typesupport_fastrtps_c.dir/rosidl_typesupport_fastrtps_c/ros_interfaces/action/detail/countdown__type_support_c.cpp.o[0m
[6.441s] [ 76%] [32m[1mLinking CXX shared library libros_interfaces__rosidl_typesupport_fastrtps_c.so[0m
[6.536s] [ 76%] Built target ros_interfaces__rosidl_typesupport_fastrtps_c
[6.633s] [ 77%] [32m[1mLinking CXX shared library libros_interfaces__rosidl_typesupport_introspection_cpp.so[0m
[6.634s] [ 79%] [32m[1mLinking CXX shared library libros_interfaces__rosidl_typesupport_fastrtps_cpp.so[0m
[6.707s] [ 79%] Built target ros_interfaces__rosidl_typesupport_fastrtps_cpp
[6.707s] [ 79%] Built target ros_interfaces__rosidl_typesupport_introspection_cpp
[6.728s] [ 79%] Built target ros_interfaces
[6.747s] [ 80%] [34m[1mGenerating Python code for ROS interfaces[0m
[8.137s] [ 80%] Built target ros_interfaces__py
[8.147s] [35m[1mConsolidate compiler generated dependencies of target ros_interfaces__rosidl_generator_py[0m
[8.163s] [ 82%] [32mBuilding C object CMakeFiles/ros_interfaces__rosidl_generator_py.dir/rosidl_generator_py/ros_interfaces/msg/_num_s.c.o[0m
[8.163s] [ 84%] [32mBuilding C object CMakeFiles/ros_interfaces__rosidl_generator_py.dir/rosidl_generator_py/ros_interfaces/msg/_sphere_s.c.o[0m
[8.164s] [ 85%] [32mBuilding C object CMakeFiles/ros_interfaces__rosidl_generator_py.dir/rosidl_generator_py/ros_interfaces/srv/_add_tree_ints_s.c.o[0m
[8.164s] [ 87%] [32mBuilding C object CMakeFiles/ros_interfaces__rosidl_generator_py.dir/rosidl_generator_py/ros_interfaces/action/_countdown_s.c.o[0m
[8.165s] [ 88%] [32mBuilding C object CMakeFiles/ros_interfaces__rosidl_generator_py.dir/rosidl_generator_py/ros_interfaces/action/_fibonacci_s.c.o[0m
[8.355s] [ 90%] [32m[1mLinking C shared library rosidl_generator_py/ros_interfaces/libros_interfaces__rosidl_generator_py.so[0m
[8.401s] [ 90%] Built target ros_interfaces__rosidl_generator_py
[8.414s] [35m[1mConsolidate compiler generated dependencies of target ros_interfaces__rosidl_typesupport_fastrtps_c__pyext[0m
[8.414s] [35m[1mConsolidate compiler generated dependencies of target ros_interfaces__rosidl_typesupport_introspection_c__pyext[0m
[8.414s] [35m[1mConsolidate compiler generated dependencies of target ros_interfaces__rosidl_typesupport_c__pyext[0m
[8.433s] [ 93%] [32mBuilding C object CMakeFiles/ros_interfaces__rosidl_typesupport_c__pyext.dir/rosidl_generator_py/ros_interfaces/_ros_interfaces_s.ep.rosidl_typesupport_c.c.o[0m
[8.433s] [ 93%] [32mBuilding C object CMakeFiles/ros_interfaces__rosidl_typesupport_fastrtps_c__pyext.dir/rosidl_generator_py/ros_interfaces/_ros_interfaces_s.ep.rosidl_typesupport_fastrtps_c.c.o[0m
[8.433s] [ 95%] [32mBuilding C object CMakeFiles/ros_interfaces__rosidl_typesupport_introspection_c__pyext.dir/rosidl_generator_py/ros_interfaces/_ros_interfaces_s.ep.rosidl_typesupport_introspection_c.c.o[0m
[8.622s] [ 96%] [32m[1mLinking C shared library rosidl_generator_py/ros_interfaces/ros_interfaces_s__rosidl_typesupport_c.cpython-310-x86_64-linux-gnu.so[0m
[8.625s] [ 98%] [32m[1mLinking C shared library rosidl_generator_py/ros_interfaces/ros_interfaces_s__rosidl_typesupport_fastrtps_c.cpython-310-x86_64-linux-gnu.so[0m
[8.630s] [100%] [32m[1mLinking C shared library rosidl_generator_py/ros_interfaces/ros_interfaces_s__rosidl_typesupport_introspection_c.cpython-310-x86_64-linux-gnu.so[0m
[8.677s] [100%] Built target ros_interfaces__rosidl_typesupport_c__pyext
[8.679s] [100%] Built target ros_interfaces__rosidl_typesupport_fastrtps_c__pyext
[8.685s] [100%] Built target ros_interfaces__rosidl_typesupport_introspection_c__pyext
[8.695s] Invoked command in '/workspace/build/ros_interfaces' returned '0': CMAKE_PREFIX_PATH=${CMAKE_PREFIX_PATH}:/workspace/install/srvcli:/workspace/install/pubsub:/workspace/install/my_py_pkg:/workspace/install/my_package:/opt/ros/humble /usr/bin/cmake --build /workspace/build/ros_interfaces -- -j12 -l12
[8.846s] Invoking command in '/workspace/build/ros_interfaces': CMAKE_PREFIX_PATH=${CMAKE_PREFIX_PATH}:/workspace/install/srvcli:/workspace/install/pubsub:/workspace/install/my_py_pkg:/workspace/install/my_package:/opt/ros/humble /usr/bin/cmake --install /workspace/build/ros_interfaces
[8.853s] -- Install configuration: ""
[8.853s] -- Installing: /workspace/install/ros_interfaces/share/ament_index/resource_index/rosidl_interfaces/ros_interfaces
[8.854s] -- Up-to-date: /workspace/install/ros_interfaces/include/ros_interfaces/ros_interfaces
[8.854s] -- Up-to-date: /workspace/install/ros_interfaces/include/ros_interfaces/ros_interfaces/action
[8.854s] -- Up-to-date: /workspace/install/ros_interfaces/include/ros_interfaces/ros_interfaces/action/detail
[8.854s] -- Installing: /workspace/install/ros_interfaces/include/ros_interfaces/ros_interfaces/action/detail/fibonacci__type_support.h
[8.854s] -- Up-to-date: /workspace/install/ros_interfaces/include/ros_interfaces/ros_interfaces/action/detail/count_down__functions.h
[8.854s] -- Installing: /workspace/install/ros_interfaces/include/ros_interfaces/ros_interfaces/action/detail/countdown__type_support.h
[8.854s] -- Up-to-date: /workspace/install/ros_interfaces/include/ros_interfaces/ros_interfaces/action/detail/count_down__struct.h
[8.854s] -- Installing: /workspace/install/ros_interfaces/include/ros_interfaces/ros_interfaces/action/detail/fibonacci__struct.h
[8.855s] -- Installing: /workspace/install/ros_interfaces/include/ros_interfaces/ros_interfaces/action/detail/countdown__functions.c
[8.855s] -- Installing: /workspace/install/ros_interfaces/include/ros_interfaces/ros_interfaces/action/detail/countdown__struct.h
[8.855s] -- Installing: /workspace/install/ros_interfaces/include/ros_interfaces/ros_interfaces/action/detail/fibonacci__functions.h
[8.855s] -- Installing: /workspace/install/ros_interfaces/include/ros_interfaces/ros_interfaces/action/detail/countdown__functions.h
[8.855s] -- Installing: /workspace/install/ros_interfaces/include/ros_interfaces/ros_interfaces/action/detail/fibonacci__functions.c
[8.855s] -- Up-to-date: /workspace/install/ros_interfaces/include/ros_interfaces/ros_interfaces/action/detail/count_down__type_support.h
[8.856s] -- Up-to-date: /workspace/install/ros_interfaces/include/ros_interfaces/ros_interfaces/action/detail/count_down__functions.c
[8.856s] -- Up-to-date: /workspace/install/ros_interfaces/include/ros_interfaces/ros_interfaces/action/count_down.h
[8.856s] -- Installing: /workspace/install/ros_interfaces/include/ros_interfaces/ros_interfaces/action/fibonacci.h
[8.856s] -- Installing: /workspace/install/ros_interfaces/include/ros_interfaces/ros_interfaces/action/countdown.h
[8.856s] -- Up-to-date: /workspace/install/ros_interfaces/include/ros_interfaces/ros_interfaces/srv
[8.856s] -- Installing: /workspace/install/ros_interfaces/include/ros_interfaces/ros_interfaces/srv/add_tree_ints.h
[8.856s] -- Up-to-date: /workspace/install/ros_interfaces/include/ros_interfaces/ros_interfaces/srv/detail
[8.856s] -- Installing: /workspace/install/ros_interfaces/include/ros_interfaces/ros_interfaces/srv/detail/add_tree_ints__functions.c
[8.857s] -- Installing: /workspace/install/ros_interfaces/include/ros_interfaces/ros_interfaces/srv/detail/add_tree_ints__functions.h
[8.857s] -- Installing: /workspace/install/ros_interfaces/include/ros_interfaces/ros_interfaces/srv/detail/add_tree_ints__type_support.h
[8.857s] -- Installing: /workspace/install/ros_interfaces/include/ros_interfaces/ros_interfaces/srv/detail/add_tree_ints__struct.h
[8.857s] -- Up-to-date: /workspace/install/ros_interfaces/include/ros_interfaces/ros_interfaces/msg
[8.857s] -- Installing: /workspace/install/ros_interfaces/include/ros_interfaces/ros_interfaces/msg/num.h
[8.857s] -- Up-to-date: /workspace/install/ros_interfaces/include/ros_interfaces/ros_interfaces/msg/detail
[8.857s] -- Installing: /workspace/install/ros_interfaces/include/ros_interfaces/ros_interfaces/msg/detail/num__struct.h
[8.857s] -- Installing: /workspace/install/ros_interfaces/include/ros_interfaces/ros_interfaces/msg/detail/sphere__functions.h
[8.857s] -- Installing: /workspace/install/ros_interfaces/include/ros_interfaces/ros_interfaces/msg/detail/sphere__functions.c
[8.857s] -- Installing: /workspace/install/ros_interfaces/include/ros_interfaces/ros_interfaces/msg/detail/num__functions.h
[8.857s] -- Installing: /workspace/install/ros_interfaces/include/ros_interfaces/ros_interfaces/msg/detail/sphere__struct.h
[8.857s] -- Installing: /workspace/install/ros_interfaces/include/ros_interfaces/ros_interfaces/msg/detail/sphere__type_support.h
[8.857s] -- Installing: /workspace/install/ros_interfaces/include/ros_interfaces/ros_interfaces/msg/detail/num__type_support.h
[8.858s] -- Installing: /workspace/install/ros_interfaces/include/ros_interfaces/ros_interfaces/msg/detail/num__functions.c
[8.858s] -- Up-to-date: /workspace/install/ros_interfaces/include/ros_interfaces/ros_interfaces/msg/rosidl_generator_c__visibility_control.h
[8.858s] -- Installing: /workspace/install/ros_interfaces/include/ros_interfaces/ros_interfaces/msg/sphere.h
[8.858s] -- Up-to-date: /workspace/install/ros_interfaces/share/ros_interfaces/environment/library_path.sh
[8.858s] -- Installing: /workspace/install/ros_interfaces/share/ros_interfaces/environment/library_path.dsv
[8.859s] -- Installing: /workspace/install/ros_interfaces/lib/libros_interfaces__rosidl_generator_c.so
[8.859s] -- Set runtime path of "/workspace/install/ros_interfaces/lib/libros_interfaces__rosidl_generator_c.so" to ""
[8.859s] -- Up-to-date: /workspace/install/ros_interfaces/include/ros_interfaces/ros_interfaces
[8.859s] -- Up-to-date: /workspace/install/ros_interfaces/include/ros_interfaces/ros_interfaces/action
[8.860s] -- Up-to-date: /workspace/install/ros_interfaces/include/ros_interfaces/ros_interfaces/action/detail
[8.860s] -- Installing: /workspace/install/ros_interfaces/include/ros_interfaces/ros_interfaces/action/detail/countdown__rosidl_typesupport_fastrtps_c.h
[8.860s] -- Up-to-date: /workspace/install/ros_interfaces/include/ros_interfaces/ros_interfaces/action/detail/count_down__rosidl_typesupport_fastrtps_c.h
[8.860s] -- Installing: /workspace/install/ros_interfaces/include/ros_interfaces/ros_interfaces/action/detail/fibonacci__rosidl_typesupport_fastrtps_c.h
[8.860s] -- Up-to-date: /workspace/install/ros_interfaces/include/ros_interfaces/ros_interfaces/srv
[8.860s] -- Up-to-date: /workspace/install/ros_interfaces/include/ros_interfaces/ros_interfaces/srv/detail
[8.860s] -- Installing: /workspace/install/ros_interfaces/include/ros_interfaces/ros_interfaces/srv/detail/add_tree_ints__rosidl_typesupport_fastrtps_c.h
[8.860s] -- Up-to-date: /workspace/install/ros_interfaces/include/ros_interfaces/ros_interfaces/msg
[8.860s] -- Up-to-date: /workspace/install/ros_interfaces/include/ros_interfaces/ros_interfaces/msg/detail
[8.860s] -- Installing: /workspace/install/ros_interfaces/include/ros_interfaces/ros_interfaces/msg/detail/num__rosidl_typesupport_fastrtps_c.h
[8.860s] -- Installing: /workspace/install/ros_interfaces/include/ros_interfaces/ros_interfaces/msg/detail/sphere__rosidl_typesupport_fastrtps_c.h
[8.860s] -- Up-to-date: /workspace/install/ros_interfaces/include/ros_interfaces/ros_interfaces/msg/rosidl_typesupport_fastrtps_c__visibility_control.h
[8.860s] -- Installing: /workspace/install/ros_interfaces/lib/libros_interfaces__rosidl_typesupport_fastrtps_c.so
[8.861s] -- Set runtime path of "/workspace/install/ros_interfaces/lib/libros_interfaces__rosidl_typesupport_fastrtps_c.so" to ""
[8.861s] -- Up-to-date: /workspace/install/ros_interfaces/include/ros_interfaces/ros_interfaces
[8.861s] -- Up-to-date: /workspace/install/ros_interfaces/include/ros_interfaces/ros_interfaces/action
[8.862s] -- Installing: /workspace/install/ros_interfaces/include/ros_interfaces/ros_interfaces/action/countdown.hpp
[8.862s] -- Up-to-date: /workspace/install/ros_interfaces/include/ros_interfaces/ros_interfaces/action/detail
[8.862s] -- Up-to-date: /workspace/install/ros_interfaces/include/ros_interfaces/ros_interfaces/action/detail/count_down__builder.hpp
[8.862s] -- Installing: /workspace/install/ros_interfaces/include/ros_interfaces/ros_interfaces/action/detail/fibonacci__struct.hpp
[8.862s] -- Installing: /workspace/install/ros_interfaces/include/ros_interfaces/ros_interfaces/action/detail/countdown__traits.hpp
[8.862s] -- Up-to-date: /workspace/install/ros_interfaces/include/ros_interfaces/ros_interfaces/action/detail/count_down__struct.hpp
[8.862s] -- Installing: /workspace/install/ros_interfaces/include/ros_interfaces/ros_interfaces/action/detail/fibonacci__traits.hpp
[8.862s] -- Installing: /workspace/install/ros_interfaces/include/ros_interfaces/ros_interfaces/action/detail/countdown__builder.hpp
[8.862s] -- Installing: /workspace/install/ros_interfaces/include/ros_interfaces/ros_interfaces/action/detail/fibonacci__builder.hpp
[8.862s] -- Installing: /workspace/install/ros_interfaces/include/ros_interfaces/ros_interfaces/action/detail/countdown__struct.hpp
[8.863s] -- Up-to-date: /workspace/install/ros_interfaces/include/ros_interfaces/ros_interfaces/action/detail/count_down__traits.hpp
[8.863s] -- Installing: /workspace/install/ros_interfaces/include/ros_interfaces/ros_interfaces/action/fibonacci.hpp
[8.863s] -- Up-to-date: /workspace/install/ros_interfaces/include/ros_interfaces/ros_interfaces/action/count_down.hpp
[8.863s] -- Up-to-date: /workspace/install/ros_interfaces/include/ros_interfaces/ros_interfaces/srv
[8.863s] -- Installing: /workspace/install/ros_interfaces/include/ros_interfaces/ros_interfaces/srv/add_tree_ints.hpp
[8.863s] -- Up-to-date: /workspace/install/ros_interfaces/include/ros_interfaces/ros_interfaces/srv/detail
[8.863s] -- Installing: /workspace/install/ros_interfaces/include/ros_interfaces/ros_interfaces/srv/detail/add_tree_ints__struct.hpp
[8.863s] -- Installing: /workspace/install/ros_interfaces/include/ros_interfaces/ros_interfaces/srv/detail/add_tree_ints__builder.hpp
[8.863s] -- Installing: /workspace/install/ros_interfaces/include/ros_interfaces/ros_interfaces/srv/detail/add_tree_ints__traits.hpp
[8.864s] -- Up-to-date: /workspace/install/ros_interfaces/include/ros_interfaces/ros_interfaces/msg
[8.864s] -- Up-to-date: /workspace/install/ros_interfaces/include/ros_interfaces/ros_interfaces/msg/detail
[8.864s] -- Installing: /workspace/install/ros_interfaces/include/ros_interfaces/ros_interfaces/msg/detail/sphere__builder.hpp
[8.864s] -- Installing: /workspace/install/ros_interfaces/include/ros_interfaces/ros_interfaces/msg/detail/num__struct.hpp
[8.864s] -- Installing: /workspace/install/ros_interfaces/include/ros_interfaces/ros_interfaces/msg/detail/sphere__struct.hpp
[8.865s] -- Installing: /workspace/install/ros_interfaces/include/ros_interfaces/ros_interfaces/msg/detail/sphere__traits.hpp
[8.865s] -- Installing: /workspace/install/ros_interfaces/include/ros_interfaces/ros_interfaces/msg/detail/num__builder.hpp
[8.865s] -- Installing: /workspace/install/ros_interfaces/include/ros_interfaces/ros_interfaces/msg/detail/num__traits.hpp
[8.865s] -- Installing: /workspace/install/ros_interfaces/include/ros_interfaces/ros_interfaces/msg/num.hpp
[8.866s] -- Installing: /workspace/install/ros_interfaces/include/ros_interfaces/ros_interfaces/msg/sphere.hpp
[8.866s] -- Up-to-date: /workspace/install/ros_interfaces/include/ros_interfaces/ros_interfaces
[8.866s] -- Up-to-date: /workspace/install/ros_interfaces/include/ros_interfaces/ros_interfaces/action
[8.866s] -- Up-to-date: /workspace/install/ros_interfaces/include/ros_interfaces/ros_interfaces/action/detail
[8.866s] -- Installing: /workspace/install/ros_interfaces/include/ros_interfaces/ros_interfaces/action/detail/fibonacci__rosidl_typesupport_fastrtps_cpp.hpp
[8.867s] -- Installing: /workspace/install/ros_interfaces/include/ros_interfaces/ros_interfaces/action/detail/countdown__rosidl_typesupport_fastrtps_cpp.hpp
[8.867s] -- Up-to-date: /workspace/install/ros_interfaces/include/ros_interfaces/ros_interfaces/action/detail/count_down__rosidl_typesupport_fastrtps_cpp.hpp
[8.867s] -- Up-to-date: /workspace/install/ros_interfaces/include/ros_interfaces/ros_interfaces/action/detail/dds_fastrtps
[8.867s] -- Up-to-date: /workspace/install/ros_interfaces/include/ros_interfaces/ros_interfaces/srv
[8.867s] -- Up-to-date: /workspace/install/ros_interfaces/include/ros_interfaces/ros_interfaces/srv/detail
[8.868s] -- Up-to-date: /workspace/install/ros_interfaces/include/ros_interfaces/ros_interfaces/srv/detail/dds_fastrtps
[8.868s] -- Installing: /workspace/install/ros_interfaces/include/ros_interfaces/ros_interfaces/srv/detail/add_tree_ints__rosidl_typesupport_fastrtps_cpp.hpp
[8.868s] -- Up-to-date: /workspace/install/ros_interfaces/include/ros_interfaces/ros_interfaces/msg
[8.868s] -- Up-to-date: /workspace/install/ros_interfaces/include/ros_interfaces/ros_interfaces/msg/detail
[8.868s] -- Installing: /workspace/install/ros_interfaces/include/ros_interfaces/ros_interfaces/msg/detail/num__rosidl_typesupport_fastrtps_cpp.hpp
[8.868s] -- Installing: /workspace/install/ros_interfaces/include/ros_interfaces/ros_interfaces/msg/detail/sphere__rosidl_typesupport_fastrtps_cpp.hpp
[8.868s] -- Up-to-date: /workspace/install/ros_interfaces/include/ros_interfaces/ros_interfaces/msg/detail/dds_fastrtps
[8.869s] -- Up-to-date: /workspace/install/ros_interfaces/include/ros_interfaces/ros_interfaces/msg/rosidl_typesupport_fastrtps_cpp__visibility_control.h
[8.869s] -- Installing: /workspace/install/ros_interfaces/lib/libros_interfaces__rosidl_typesupport_fastrtps_cpp.so
[8.869s] -- Set runtime path of "/workspace/install/ros_interfaces/lib/libros_interfaces__rosidl_typesupport_fastrtps_cpp.so" to ""
[8.869s] -- Up-to-date: /workspace/install/ros_interfaces/include/ros_interfaces/ros_interfaces
[8.869s] -- Up-to-date: /workspace/install/ros_interfaces/include/ros_interfaces/ros_interfaces/action
[8.869s] -- Up-to-date: /workspace/install/ros_interfaces/include/ros_interfaces/ros_interfaces/action/detail
[8.869s] -- Installing: /workspace/install/ros_interfaces/include/ros_interfaces/ros_interfaces/action/detail/fibonacci__rosidl_typesupport_introspection_c.h
[8.869s] -- Up-to-date: /workspace/install/ros_interfaces/include/ros_interfaces/ros_interfaces/action/detail/count_down__rosidl_typesupport_introspection_c.h
[8.869s] -- Installing: /workspace/install/ros_interfaces/include/ros_interfaces/ros_interfaces/action/detail/countdown__rosidl_typesupport_introspection_c.h
[8.870s] -- Up-to-date: /workspace/install/ros_interfaces/include/ros_interfaces/ros_interfaces/action/detail/count_down__type_support.c
[8.870s] -- Installing: /workspace/install/ros_interfaces/include/ros_interfaces/ros_interfaces/action/detail/countdown__type_support.c
[8.870s] -- Installing: /workspace/install/ros_interfaces/include/ros_interfaces/ros_interfaces/action/detail/fibonacci__type_support.c
[8.870s] -- Up-to-date: /workspace/install/ros_interfaces/include/ros_interfaces/ros_interfaces/srv
[8.870s] -- Up-to-date: /workspace/install/ros_interfaces/include/ros_interfaces/ros_interfaces/srv/detail
[8.870s] -- Installing: /workspace/install/ros_interfaces/include/ros_interfaces/ros_interfaces/srv/detail/add_tree_ints__rosidl_typesupport_introspection_c.h
[8.870s] -- Installing: /workspace/install/ros_interfaces/include/ros_interfaces/ros_interfaces/srv/detail/add_tree_ints__type_support.c
[8.870s] -- Up-to-date: /workspace/install/ros_interfaces/include/ros_interfaces/ros_interfaces/msg
[8.870s] -- Up-to-date: /workspace/install/ros_interfaces/include/ros_interfaces/ros_interfaces/msg/rosidl_typesupport_introspection_c__visibility_control.h
[8.871s] -- Up-to-date: /workspace/install/ros_interfaces/include/ros_interfaces/ros_interfaces/msg/detail
[8.871s] -- Installing: /workspace/install/ros_interfaces/include/ros_interfaces/ros_interfaces/msg/detail/num__rosidl_typesupport_introspection_c.h
[8.871s] -- Installing: /workspace/install/ros_interfaces/include/ros_interfaces/ros_interfaces/msg/detail/num__type_support.c
[8.871s] -- Installing: /workspace/install/ros_interfaces/include/ros_interfaces/ros_interfaces/msg/detail/sphere__rosidl_typesupport_introspection_c.h
[8.871s] -- Installing: /workspace/install/ros_interfaces/include/ros_interfaces/ros_interfaces/msg/detail/sphere__type_support.c
[8.871s] -- Installing: /workspace/install/ros_interfaces/lib/libros_interfaces__rosidl_typesupport_introspection_c.so
[8.872s] -- Set runtime path of "/workspace/install/ros_interfaces/lib/libros_interfaces__rosidl_typesupport_introspection_c.so" to ""
[8.872s] -- Installing: /workspace/install/ros_interfaces/lib/libros_interfaces__rosidl_typesupport_c.so
[8.873s] -- Set runtime path of "/workspace/install/ros_interfaces/lib/libros_interfaces__rosidl_typesupport_c.so" to ""
[8.873s] -- Up-to-date: /workspace/install/ros_interfaces/include/ros_interfaces/ros_interfaces
[8.873s] -- Up-to-date: /workspace/install/ros_interfaces/include/ros_interfaces/ros_interfaces/action
[8.873s] -- Up-to-date: /workspace/install/ros_interfaces/include/ros_interfaces/ros_interfaces/action/detail
[8.873s] -- Up-to-date: /workspace/install/ros_interfaces/include/ros_interfaces/ros_interfaces/action/detail/count_down__rosidl_typesupport_introspection_cpp.hpp
[8.873s] -- Up-to-date: /workspace/install/ros_interfaces/include/ros_interfaces/ros_interfaces/action/detail/count_down__type_support.cpp
[8.873s] -- Installing: /workspace/install/ros_interfaces/include/ros_interfaces/ros_interfaces/action/detail/fibonacci__type_support.cpp
[8.873s] -- Installing: /workspace/install/ros_interfaces/include/ros_interfaces/ros_interfaces/action/detail/countdown__rosidl_typesupport_introspection_cpp.hpp
[8.873s] -- Installing: /workspace/install/ros_interfaces/include/ros_interfaces/ros_interfaces/action/detail/countdown__type_support.cpp
[8.874s] -- Installing: /workspace/install/ros_interfaces/include/ros_interfaces/ros_interfaces/action/detail/fibonacci__rosidl_typesupport_introspection_cpp.hpp
[8.874s] -- Up-to-date: /workspace/install/ros_interfaces/include/ros_interfaces/ros_interfaces/srv
[8.874s] -- Up-to-date: /workspace/install/ros_interfaces/include/ros_interfaces/ros_interfaces/srv/detail
[8.874s] -- Installing: /workspace/install/ros_interfaces/include/ros_interfaces/ros_interfaces/srv/detail/add_tree_ints__rosidl_typesupport_introspection_cpp.hpp
[8.874s] -- Installing: /workspace/install/ros_interfaces/include/ros_interfaces/ros_interfaces/srv/detail/add_tree_ints__type_support.cpp
[8.874s] -- Up-to-date: /workspace/install/ros_interfaces/include/ros_interfaces/ros_interfaces/msg
[8.875s] -- Up-to-date: /workspace/install/ros_interfaces/include/ros_interfaces/ros_interfaces/msg/detail
[8.875s] -- Installing: /workspace/install/ros_interfaces/include/ros_interfaces/ros_interfaces/msg/detail/num__type_support.cpp
[8.875s] -- Installing: /workspace/install/ros_interfaces/include/ros_interfaces/ros_interfaces/msg/detail/sphere__rosidl_typesupport_introspection_cpp.hpp
[8.875s] -- Installing: /workspace/install/ros_interfaces/include/ros_interfaces/ros_interfaces/msg/detail/sphere__type_support.cpp
[8.875s] -- Installing: /workspace/install/ros_interfaces/include/ros_interfaces/ros_interfaces/msg/detail/num__rosidl_typesupport_introspection_cpp.hpp
[8.875s] -- Installing: /workspace/install/ros_interfaces/lib/libros_interfaces__rosidl_typesupport_introspection_cpp.so
[8.876s] -- Set runtime path of "/workspace/install/ros_interfaces/lib/libros_interfaces__rosidl_typesupport_introspection_cpp.so" to ""
[8.877s] -- Installing: /workspace/install/ros_interfaces/lib/libros_interfaces__rosidl_typesupport_cpp.so
[8.878s] -- Set runtime path of "/workspace/install/ros_interfaces/lib/libros_interfaces__rosidl_typesupport_cpp.so" to ""
[8.878s] -- Up-to-date: /workspace/install/ros_interfaces/share/ros_interfaces/environment/pythonpath.sh
[8.878s] -- Installing: /workspace/install/ros_interfaces/share/ros_interfaces/environment/pythonpath.dsv
[8.878s] -- Up-to-date: /workspace/install/ros_interfaces/local/lib/python3.10/dist-packages/ros_interfaces-0.0.0-py3.10.egg-info
[8.878s] -- Installing: /workspace/install/ros_interfaces/local/lib/python3.10/dist-packages/ros_interfaces-0.0.0-py3.10.egg-info/SOURCES.txt
[8.879s] -- Installing: /workspace/install/ros_interfaces/local/lib/python3.10/dist-packages/ros_interfaces-0.0.0-py3.10.egg-info/dependency_links.txt
[8.879s] -- Installing: /workspace/install/ros_interfaces/local/lib/python3.10/dist-packages/ros_interfaces-0.0.0-py3.10.egg-info/top_level.txt
[8.879s] -- Installing: /workspace/install/ros_interfaces/local/lib/python3.10/dist-packages/ros_interfaces-0.0.0-py3.10.egg-info/PKG-INFO
[8.879s] -- Up-to-date: /workspace/install/ros_interfaces/local/lib/python3.10/dist-packages/ros_interfaces
[8.879s] -- Up-to-date: /workspace/install/ros_interfaces/local/lib/python3.10/dist-packages/ros_interfaces/action
[8.879s] -- Installing: /workspace/install/ros_interfaces/local/lib/python3.10/dist-packages/ros_interfaces/action/_fibonacci.py
[8.879s] -- Up-to-date: /workspace/install/ros_interfaces/local/lib/python3.10/dist-packages/ros_interfaces/action/_count_down_s.c
[8.879s] -- Installing: /workspace/install/ros_interfaces/local/lib/python3.10/dist-packages/ros_interfaces/action/__init__.py
[8.880s] -- Installing: /workspace/install/ros_interfaces/local/lib/python3.10/dist-packages/ros_interfaces/action/_countdown.py
[8.880s] -- Up-to-date: /workspace/install/ros_interfaces/local/lib/python3.10/dist-packages/ros_interfaces/action/_count_down.py
[8.880s] -- Installing: /workspace/install/ros_interfaces/local/lib/python3.10/dist-packages/ros_interfaces/action/_countdown_s.c
[8.880s] -- Installing: /workspace/install/ros_interfaces/local/lib/python3.10/dist-packages/ros_interfaces/action/_fibonacci_s.c
[8.880s] -- Installing: /workspace/install/ros_interfaces/local/lib/python3.10/dist-packages/ros_interfaces/ros_interfaces_s__rosidl_typesupport_c.cpython-310-x86_64-linux-gnu.so
[8.880s] -- Up-to-date: /workspace/install/ros_interfaces/local/lib/python3.10/dist-packages/ros_interfaces/srv
[8.880s] -- Installing: /workspace/install/ros_interfaces/local/lib/python3.10/dist-packages/ros_interfaces/srv/__init__.py
[8.880s] -- Installing: /workspace/install/ros_interfaces/local/lib/python3.10/dist-packages/ros_interfaces/srv/_add_tree_ints.py
[8.881s] -- Installing: /workspace/install/ros_interfaces/local/lib/python3.10/dist-packages/ros_interfaces/srv/_add_tree_ints_s.c
[8.881s] -- Up-to-date: /workspace/install/ros_interfaces/local/lib/python3.10/dist-packages/ros_interfaces/msg
[8.881s] -- Installing: /workspace/install/ros_interfaces/local/lib/python3.10/dist-packages/ros_interfaces/msg/_num.py
[8.881s] -- Installing: /workspace/install/ros_interfaces/local/lib/python3.10/dist-packages/ros_interfaces/msg/_sphere.py
[8.881s] -- Installing: /workspace/install/ros_interfaces/local/lib/python3.10/dist-packages/ros_interfaces/msg/_sphere_s.c
[8.881s] -- Installing: /workspace/install/ros_interfaces/local/lib/python3.10/dist-packages/ros_interfaces/msg/_num_s.c
[8.882s] -- Installing: /workspace/install/ros_interfaces/local/lib/python3.10/dist-packages/ros_interfaces/msg/__init__.py
[8.882s] -- Installing: /workspace/install/ros_interfaces/local/lib/python3.10/dist-packages/ros_interfaces/__init__.py
[8.882s] -- Installing: /workspace/install/ros_interfaces/local/lib/python3.10/dist-packages/ros_interfaces/_ros_interfaces_s.ep.rosidl_typesupport_introspection_c.c
[8.882s] -- Installing: /workspace/install/ros_interfaces/local/lib/python3.10/dist-packages/ros_interfaces/_ros_interfaces_s.ep.rosidl_typesupport_c.c
[8.883s] -- Installing: /workspace/install/ros_interfaces/local/lib/python3.10/dist-packages/ros_interfaces/ros_interfaces_s__rosidl_typesupport_introspection_c.cpython-310-x86_64-linux-gnu.so
[8.883s] -- Installing: /workspace/install/ros_interfaces/local/lib/python3.10/dist-packages/ros_interfaces/ros_interfaces_s__rosidl_typesupport_fastrtps_c.cpython-310-x86_64-linux-gnu.so
[8.883s] -- Installing: /workspace/install/ros_interfaces/local/lib/python3.10/dist-packages/ros_interfaces/_ros_interfaces_s.ep.rosidl_typesupport_fastrtps_c.c
[8.884s] -- Installing: /workspace/install/ros_interfaces/local/lib/python3.10/dist-packages/ros_interfaces/libros_interfaces__rosidl_generator_py.so
[8.954s] Listing '/workspace/install/ros_interfaces/local/lib/python3.10/dist-packages/ros_interfaces'...
[8.954s] Compiling '/workspace/install/ros_interfaces/local/lib/python3.10/dist-packages/ros_interfaces/__init__.py'...
[8.954s] Listing '/workspace/install/ros_interfaces/local/lib/python3.10/dist-packages/ros_interfaces/action'...
[8.955s] Compiling '/workspace/install/ros_interfaces/local/lib/python3.10/dist-packages/ros_interfaces/action/__init__.py'...
[8.955s] Compiling '/workspace/install/ros_interfaces/local/lib/python3.10/dist-packages/ros_interfaces/action/_countdown.py'...
[8.955s] Compiling '/workspace/install/ros_interfaces/local/lib/python3.10/dist-packages/ros_interfaces/action/_fibonacci.py'...
[8.955s] Listing '/workspace/install/ros_interfaces/local/lib/python3.10/dist-packages/ros_interfaces/msg'...
[8.955s] Compiling '/workspace/install/ros_interfaces/local/lib/python3.10/dist-packages/ros_interfaces/msg/__init__.py'...
[8.955s] Compiling '/workspace/install/ros_interfaces/local/lib/python3.10/dist-packages/ros_interfaces/msg/_num.py'...
[8.956s] Compiling '/workspace/install/ros_interfaces/local/lib/python3.10/dist-packages/ros_interfaces/msg/_sphere.py'...
[8.956s] Listing '/workspace/install/ros_interfaces/local/lib/python3.10/dist-packages/ros_interfaces/srv'...
[8.956s] Compiling '/workspace/install/ros_interfaces/local/lib/python3.10/dist-packages/ros_interfaces/srv/__init__.py'...
[8.956s] Compiling '/workspace/install/ros_interfaces/local/lib/python3.10/dist-packages/ros_interfaces/srv/_add_tree_ints.py'...
[8.960s] -- Installing: /workspace/install/ros_interfaces/local/lib/python3.10/dist-packages/ros_interfaces/ros_interfaces_s__rosidl_typesupport_fastrtps_c.cpython-310-x86_64-linux-gnu.so
[8.960s] -- Set runtime path of "/workspace/install/ros_interfaces/local/lib/python3.10/dist-packages/ros_interfaces/ros_interfaces_s__rosidl_typesupport_fastrtps_c.cpython-310-x86_64-linux-gnu.so" to ""
[8.960s] -- Installing: /workspace/install/ros_interfaces/local/lib/python3.10/dist-packages/ros_interfaces/ros_interfaces_s__rosidl_typesupport_introspection_c.cpython-310-x86_64-linux-gnu.so
[8.961s] -- Set runtime path of "/workspace/install/ros_interfaces/local/lib/python3.10/dist-packages/ros_interfaces/ros_interfaces_s__rosidl_typesupport_introspection_c.cpython-310-x86_64-linux-gnu.so" to ""
[8.961s] -- Installing: /workspace/install/ros_interfaces/local/lib/python3.10/dist-packages/ros_interfaces/ros_interfaces_s__rosidl_typesupport_c.cpython-310-x86_64-linux-gnu.so
[8.962s] -- Set runtime path of "/workspace/install/ros_interfaces/local/lib/python3.10/dist-packages/ros_interfaces/ros_interfaces_s__rosidl_typesupport_c.cpython-310-x86_64-linux-gnu.so" to ""
[8.962s] -- Installing: /workspace/install/ros_interfaces/lib/libros_interfaces__rosidl_generator_py.so
[8.963s] -- Set runtime path of "/workspace/install/ros_interfaces/lib/libros_interfaces__rosidl_generator_py.so" to ""
[8.963s] -- Up-to-date: /workspace/install/ros_interfaces/share/ros_interfaces/msg/Num.idl
[8.963s] -- Up-to-date: /workspace/install/ros_interfaces/share/ros_interfaces/msg/Sphere.idl
[8.963s] -- Up-to-date: /workspace/install/ros_interfaces/share/ros_interfaces/srv/AddTreeInts.idl
[8.963s] -- Up-to-date: /workspace/install/ros_interfaces/share/ros_interfaces/action/Fibonacci.idl
[8.964s] -- Installing: /workspace/install/ros_interfaces/share/ros_interfaces/action/Countdown.idl
[8.964s] -- Up-to-date: /workspace/install/ros_interfaces/share/ros_interfaces/msg/Num.msg
[8.964s] -- Up-to-date: /workspace/install/ros_interfaces/share/ros_interfaces/msg/Sphere.msg
[8.964s] -- Up-to-date: /workspace/install/ros_interfaces/share/ros_interfaces/srv/AddTreeInts.srv
[8.964s] -- Up-to-date: /workspace/install/ros_interfaces/share/ros_interfaces/srv/AddTreeInts_Request.msg
[8.964s] -- Up-to-date: /workspace/install/ros_interfaces/share/ros_interfaces/srv/AddTreeInts_Response.msg
[8.964s] -- Up-to-date: /workspace/install/ros_interfaces/share/ros_interfaces/action/Fibonacci.action
[8.965s] -- Installing: /workspace/install/ros_interfaces/share/ros_interfaces/action/Countdown.action
[8.965s] -- Up-to-date: /workspace/install/ros_interfaces/share/ament_index/resource_index/package_run_dependencies/ros_interfaces
[8.965s] -- Up-to-date: /workspace/install/ros_interfaces/share/ament_index/resource_index/parent_prefix_path/ros_interfaces
[8.965s] -- Up-to-date: /workspace/install/ros_interfaces/share/ros_interfaces/environment/ament_prefix_path.sh
[8.966s] -- Installing: /workspace/install/ros_interfaces/share/ros_interfaces/environment/ament_prefix_path.dsv
[8.966s] -- Up-to-date: /workspace/install/ros_interfaces/share/ros_interfaces/environment/path.sh
[8.966s] -- Installing: /workspace/install/ros_interfaces/share/ros_interfaces/environment/path.dsv
[8.966s] -- Up-to-date: /workspace/install/ros_interfaces/share/ros_interfaces/local_setup.bash
[8.966s] -- Up-to-date: /workspace/install/ros_interfaces/share/ros_interfaces/local_setup.sh
[8.966s] -- Up-to-date: /workspace/install/ros_interfaces/share/ros_interfaces/local_setup.zsh
[8.967s] -- Installing: /workspace/install/ros_interfaces/share/ros_interfaces/local_setup.dsv
[8.967s] -- Installing: /workspace/install/ros_interfaces/share/ros_interfaces/package.dsv
[8.967s] -- Up-to-date: /workspace/install/ros_interfaces/share/ament_index/resource_index/packages/ros_interfaces
[8.967s] -- Up-to-date: /workspace/install/ros_interfaces/share/ros_interfaces/cmake/export_ros_interfaces__rosidl_generator_cExport.cmake
[8.967s] -- Up-to-date: /workspace/install/ros_interfaces/share/ros_interfaces/cmake/export_ros_interfaces__rosidl_generator_cExport-noconfig.cmake
[8.967s] -- Up-to-date: /workspace/install/ros_interfaces/share/ros_interfaces/cmake/export_ros_interfaces__rosidl_typesupport_fastrtps_cExport.cmake
[8.967s] -- Up-to-date: /workspace/install/ros_interfaces/share/ros_interfaces/cmake/export_ros_interfaces__rosidl_typesupport_fastrtps_cExport-noconfig.cmake
[8.967s] -- Up-to-date: /workspace/install/ros_interfaces/share/ros_interfaces/cmake/export_ros_interfaces__rosidl_generator_cppExport.cmake
[8.968s] -- Up-to-date: /workspace/install/ros_interfaces/share/ros_interfaces/cmake/export_ros_interfaces__rosidl_typesupport_fastrtps_cppExport.cmake
[8.968s] -- Up-to-date: /workspace/install/ros_interfaces/share/ros_interfaces/cmake/export_ros_interfaces__rosidl_typesupport_fastrtps_cppExport-noconfig.cmake
[8.968s] -- Up-to-date: /workspace/install/ros_interfaces/share/ros_interfaces/cmake/ros_interfaces__rosidl_typesupport_introspection_cExport.cmake
[8.968s] -- Up-to-date: /workspace/install/ros_interfaces/share/ros_interfaces/cmake/ros_interfaces__rosidl_typesupport_introspection_cExport-noconfig.cmake
[8.968s] -- Up-to-date: /workspace/install/ros_interfaces/share/ros_interfaces/cmake/ros_interfaces__rosidl_typesupport_cExport.cmake
[8.969s] -- Up-to-date: /workspace/install/ros_interfaces/share/ros_interfaces/cmake/ros_interfaces__rosidl_typesupport_cExport-noconfig.cmake
[8.973s] -- Up-to-date: /workspace/install/ros_interfaces/share/ros_interfaces/cmake/ros_interfaces__rosidl_typesupport_introspection_cppExport.cmake
[8.973s] -- Up-to-date: /workspace/install/ros_interfaces/share/ros_interfaces/cmake/ros_interfaces__rosidl_typesupport_introspection_cppExport-noconfig.cmake
[8.973s] -- Up-to-date: /workspace/install/ros_interfaces/share/ros_interfaces/cmake/ros_interfaces__rosidl_typesupport_cppExport.cmake
[8.973s] -- Up-to-date: /workspace/install/ros_interfaces/share/ros_interfaces/cmake/ros_interfaces__rosidl_typesupport_cppExport-noconfig.cmake
[8.974s] -- Up-to-date: /workspace/install/ros_interfaces/share/ros_interfaces/cmake/export_ros_interfaces__rosidl_generator_pyExport.cmake
[8.974s] -- Up-to-date: /workspace/install/ros_interfaces/share/ros_interfaces/cmake/export_ros_interfaces__rosidl_generator_pyExport-noconfig.cmake
[8.974s] -- Installing: /workspace/install/ros_interfaces/share/ros_interfaces/cmake/rosidl_cmake-extras.cmake
[8.974s] -- Up-to-date: /workspace/install/ros_interfaces/share/ros_interfaces/cmake/ament_cmake_export_dependencies-extras.cmake
[8.975s] -- Up-to-date: /workspace/install/ros_interfaces/share/ros_interfaces/cmake/ament_cmake_export_include_directories-extras.cmake
[8.975s] -- Up-to-date: /workspace/install/ros_interfaces/share/ros_interfaces/cmake/ament_cmake_export_libraries-extras.cmake
[8.975s] -- Up-to-date: /workspace/install/ros_interfaces/share/ros_interfaces/cmake/ament_cmake_export_targets-extras.cmake
[8.975s] -- Up-to-date: /workspace/install/ros_interfaces/share/ros_interfaces/cmake/rosidl_cmake_export_typesupport_targets-extras.cmake
[8.976s] -- Up-to-date: /workspace/install/ros_interfaces/share/ros_interfaces/cmake/rosidl_cmake_export_typesupport_libraries-extras.cmake
[8.976s] -- Up-to-date: /workspace/install/ros_interfaces/share/ros_interfaces/cmake/ros_interfacesConfig.cmake
[8.976s] -- Up-to-date: /workspace/install/ros_interfaces/share/ros_interfaces/cmake/ros_interfacesConfig-version.cmake
[8.976s] -- Up-to-date: /workspace/install/ros_interfaces/share/ros_interfaces/package.xml
[8.977s] Invoked command in '/workspace/build/ros_interfaces' returned '0': CMAKE_PREFIX_PATH=${CMAKE_PREFIX_PATH}:/workspace/install/srvcli:/workspace/install/pubsub:/workspace/install/my_py_pkg:/workspace/install/my_package:/opt/ros/humble /usr/bin/cmake --install /workspace/build/ros_interfaces
