[0.833s] Invoking command in '/workspace/src/pubsub': AMENT_PREFIX_PATH=/workspace/install/tutorial_interfaces:/workspace/install/srvcli:/workspace/install/pubsub:/workspace/install/ros_interfaces:/workspace/install/my_py_pkg:/workspace/install/my_package:/opt/ros/humble PYTHONPATH=/workspace/build/pubsub/prefix_override:/workspace/install/pubsub/lib/python3.10/site-packages:/workspace/install/tutorial_interfaces/lib/python3.10/site-packages:${PYTHONPATH} /usr/bin/python3 setup.py egg_info --egg-base ../../build/pubsub build --build-base /workspace/build/pubsub/build install --record /workspace/build/pubsub/install.log --single-version-externally-managed
[1.042s] running egg_info
[1.043s] writing ../../build/pubsub/pubsub.egg-info/PKG-INFO
[1.043s] writing dependency_links to ../../build/pubsub/pubsub.egg-info/dependency_links.txt
[1.043s] writing entry points to ../../build/pubsub/pubsub.egg-info/entry_points.txt
[1.043s] writing requirements to ../../build/pubsub/pubsub.egg-info/requires.txt
[1.043s] writing top-level names to ../../build/pubsub/pubsub.egg-info/top_level.txt
[1.046s] reading manifest file '../../build/pubsub/pubsub.egg-info/SOURCES.txt'
[1.047s] writing manifest file '../../build/pubsub/pubsub.egg-info/SOURCES.txt'
[1.047s] running build
[1.047s] running build_py
[1.048s] running install
[1.048s] /usr/lib/python3/dist-packages/setuptools/command/install.py:34: SetuptoolsDeprecationWarning: setup.py install is deprecated. Use build and pip and other standards-based tools.
[1.048s]   warnings.warn(
[1.048s] running install_lib
[1.050s] running install_data
[1.051s] running install_egg_info
[1.053s] removing '/workspace/install/pubsub/lib/python3.10/site-packages/pubsub-0.0.0-py3.10.egg-info' (and everything under it)
[1.053s] Copying ../../build/pubsub/pubsub.egg-info to /workspace/install/pubsub/lib/python3.10/site-packages/pubsub-0.0.0-py3.10.egg-info
[1.054s] running install_scripts
[1.076s] Installing listener script to /workspace/install/pubsub/lib/pubsub
[1.076s] Installing talker script to /workspace/install/pubsub/lib/pubsub
[1.076s] writing list of installed files to '/workspace/build/pubsub/install.log'
[1.109s] Invoked command in '/workspace/src/pubsub' returned '0': AMENT_PREFIX_PATH=/workspace/install/tutorial_interfaces:/workspace/install/srvcli:/workspace/install/pubsub:/workspace/install/ros_interfaces:/workspace/install/my_py_pkg:/workspace/install/my_package:/opt/ros/humble PYTHONPATH=/workspace/build/pubsub/prefix_override:/workspace/install/pubsub/lib/python3.10/site-packages:/workspace/install/tutorial_interfaces/lib/python3.10/site-packages:${PYTHONPATH} /usr/bin/python3 setup.py egg_info --egg-base ../../build/pubsub build --build-base /workspace/build/pubsub/build install --record /workspace/build/pubsub/install.log --single-version-externally-managed
