running egg_info
creating ../../build/tutorial_interfaces/tutorial_interfaces.egg-info
writing ../../build/tutorial_interfaces/tutorial_interfaces.egg-info/PKG-INFO
writing dependency_links to ../../build/tutorial_interfaces/tutorial_interfaces.egg-info/dependency_links.txt
writing entry points to ../../build/tutorial_interfaces/tutorial_interfaces.egg-info/entry_points.txt
writing requirements to ../../build/tutorial_interfaces/tutorial_interfaces.egg-info/requires.txt
writing top-level names to ../../build/tutorial_interfaces/tutorial_interfaces.egg-info/top_level.txt
writing manifest file '../../build/tutorial_interfaces/tutorial_interfaces.egg-info/SOURCES.txt'
reading manifest file '../../build/tutorial_interfaces/tutorial_interfaces.egg-info/SOURCES.txt'
writing manifest file '../../build/tutorial_interfaces/tutorial_interfaces.egg-info/SOURCES.txt'
running build
running build_py
creating /workspace/build/tutorial_interfaces/build
creating /workspace/build/tutorial_interfaces/build/lib
creating /workspace/build/tutorial_interfaces/build/lib/tutorial_interfaces
copying tutorial_interfaces/__init__.py -> /workspace/build/tutorial_interfaces/build/lib/tutorial_interfaces
running install
running install_lib
creating /workspace/install/tutorial_interfaces/lib/python3.10/site-packages/tutorial_interfaces
copying /workspace/build/tutorial_interfaces/build/lib/tutorial_interfaces/__init__.py -> /workspace/install/tutorial_interfaces/lib/python3.10/site-packages/tutorial_interfaces
byte-compiling /workspace/install/tutorial_interfaces/lib/python3.10/site-packages/tutorial_interfaces/__init__.py to __init__.cpython-310.pyc
running install_data
copying resource/tutorial_interfaces -> /workspace/install/tutorial_interfaces/share/ament_index/resource_index/packages
copying package.xml -> /workspace/install/tutorial_interfaces/share/tutorial_interfaces
running install_egg_info
Copying ../../build/tutorial_interfaces/tutorial_interfaces.egg-info to /workspace/install/tutorial_interfaces/lib/python3.10/site-packages/tutorial_interfaces-0.0.0-py3.10.egg-info
running install_scripts
writing list of installed files to '/workspace/build/tutorial_interfaces/install.log'
