-- Install configuration: ""
-- Up-to-date: /workspace/src/install/lakme_ros/share/lakme_ros/config
-- Up-to-date: /workspace/src/install/lakme_ros/share/lakme_ros/config/empty.yaml
-- Up-to-date: /workspace/src/install/lakme_ros/share/lakme_ros/description
-- Up-to-date: /workspace/src/install/lakme_ros/share/lakme_ros/description/robot_core.urdf
-- Up-to-date: /workspace/src/install/lakme_ros/share/lakme_ros/description/inertial_macros.xacro
-- Up-to-date: /workspace/src/install/lakme_ros/share/lakme_ros/description/robot.urdf.xacro
-- Up-to-date: /workspace/src/install/lakme_ros/share/lakme_ros/launch
-- Up-to-date: /workspace/src/install/lakme_ros/share/lakme_ros/launch/rsp.launch.py
-- Up-to-date: /workspace/src/install/lakme_ros/share/lakme_ros/launch/controller.launch.py
-- Up-to-date: /workspace/src/install/lakme_ros/share/lakme_ros/worlds
-- Up-to-date: /workspace/src/install/lakme_ros/share/lakme_ros/worlds/empty.world
-- Up-to-date: /workspace/src/install/lakme_ros/share/lakme_ros/src
-- Up-to-date: /workspace/src/install/lakme_ros/share/lakme_ros/src/move_robot.py
-- Up-to-date: /workspace/src/install/lakme_ros/share/ament_index/resource_index/package_run_dependencies/lakme_ros
-- Up-to-date: /workspace/src/install/lakme_ros/share/ament_index/resource_index/parent_prefix_path/lakme_ros
-- Up-to-date: /workspace/src/install/lakme_ros/share/lakme_ros/environment/ament_prefix_path.sh
-- Up-to-date: /workspace/src/install/lakme_ros/share/lakme_ros/environment/ament_prefix_path.dsv
-- Up-to-date: /workspace/src/install/lakme_ros/share/lakme_ros/environment/path.sh
-- Up-to-date: /workspace/src/install/lakme_ros/share/lakme_ros/environment/path.dsv
-- Up-to-date: /workspace/src/install/lakme_ros/share/lakme_ros/local_setup.bash
-- Up-to-date: /workspace/src/install/lakme_ros/share/lakme_ros/local_setup.sh
-- Up-to-date: /workspace/src/install/lakme_ros/share/lakme_ros/local_setup.zsh
-- Up-to-date: /workspace/src/install/lakme_ros/share/lakme_ros/local_setup.dsv
-- Up-to-date: /workspace/src/install/lakme_ros/share/lakme_ros/package.dsv
-- Up-to-date: /workspace/src/install/lakme_ros/share/ament_index/resource_index/packages/lakme_ros
-- Up-to-date: /workspace/src/install/lakme_ros/share/lakme_ros/cmake/lakme_rosConfig.cmake
-- Up-to-date: /workspace/src/install/lakme_ros/share/lakme_ros/cmake/lakme_rosConfig-version.cmake
-- Up-to-date: /workspace/src/install/lakme_ros/share/lakme_ros/package.xml
