[0.546s] Invoking command in '/workspace/src/build/lakme_ros': CMAKE_PREFIX_PATH=${CMAKE_PREFIX_PATH}:/opt/ros/humble /usr/bin/cmake --build /workspace/src/build/lakme_ros -- -j12 -l12
[1.104s] Invoked command in '/workspace/src/build/lakme_ros' returned '0': CMAKE_PREFIX_PATH=${CMAKE_PREFIX_PATH}:/opt/ros/humble /usr/bin/cmake --build /workspace/src/build/lakme_ros -- -j12 -l12
[1.206s] Invoking command in '/workspace/src/build/lakme_ros': CMAKE_PREFIX_PATH=${CMAKE_PREFIX_PATH}:/opt/ros/humble /usr/bin/cmake --install /workspace/src/build/lakme_ros
[1.521s] -- Install configuration: ""
[1.544s] -- Up-to-date: /workspace/src/install/lakme_ros/share/lakme_ros/config
[1.544s] -- Up-to-date: /workspace/src/install/lakme_ros/share/lakme_ros/config/empty.yaml
[1.545s] -- Up-to-date: /workspace/src/install/lakme_ros/share/lakme_ros/description
[1.545s] -- Up-to-date: /workspace/src/install/lakme_ros/share/lakme_ros/description/robot_core.urdf
[1.545s] -- Up-to-date: /workspace/src/install/lakme_ros/share/lakme_ros/description/inertial_macros.xacro
[1.545s] -- Up-to-date: /workspace/src/install/lakme_ros/share/lakme_ros/description/robot.urdf.xacro
[1.546s] -- Up-to-date: /workspace/src/install/lakme_ros/share/lakme_ros/launch
[1.546s] -- Up-to-date: /workspace/src/install/lakme_ros/share/lakme_ros/launch/rsp.launch.py
[1.546s] -- Up-to-date: /workspace/src/install/lakme_ros/share/lakme_ros/launch/controller.launch.py
[1.546s] -- Up-to-date: /workspace/src/install/lakme_ros/share/lakme_ros/worlds
[1.546s] -- Up-to-date: /workspace/src/install/lakme_ros/share/lakme_ros/worlds/empty.world
[1.547s] -- Up-to-date: /workspace/src/install/lakme_ros/share/lakme_ros/src
[1.547s] -- Up-to-date: /workspace/src/install/lakme_ros/share/lakme_ros/src/move_robot.py
[1.547s] -- Up-to-date: /workspace/src/install/lakme_ros/share/ament_index/resource_index/package_run_dependencies/lakme_ros
[1.547s] -- Up-to-date: /workspace/src/install/lakme_ros/share/ament_index/resource_index/parent_prefix_path/lakme_ros
[1.547s] -- Up-to-date: /workspace/src/install/lakme_ros/share/lakme_ros/environment/ament_prefix_path.sh
[1.547s] -- Up-to-date: /workspace/src/install/lakme_ros/share/lakme_ros/environment/ament_prefix_path.dsv
[1.547s] -- Up-to-date: /workspace/src/install/lakme_ros/share/lakme_ros/environment/path.sh
[1.548s] -- Up-to-date: /workspace/src/install/lakme_ros/share/lakme_ros/environment/path.dsv
[1.548s] -- Up-to-date: /workspace/src/install/lakme_ros/share/lakme_ros/local_setup.bash
[1.548s] -- Up-to-date: /workspace/src/install/lakme_ros/share/lakme_ros/local_setup.sh
[1.548s] -- Up-to-date: /workspace/src/install/lakme_ros/share/lakme_ros/local_setup.zsh
[1.548s] -- Up-to-date: /workspace/src/install/lakme_ros/share/lakme_ros/local_setup.dsv
[1.548s] -- Up-to-date: /workspace/src/install/lakme_ros/share/lakme_ros/package.dsv
[1.549s] -- Up-to-date: /workspace/src/install/lakme_ros/share/ament_index/resource_index/packages/lakme_ros
[1.549s] -- Up-to-date: /workspace/src/install/lakme_ros/share/lakme_ros/cmake/lakme_rosConfig.cmake
[1.549s] -- Up-to-date: /workspace/src/install/lakme_ros/share/lakme_ros/cmake/lakme_rosConfig-version.cmake
[1.549s] -- Up-to-date: /workspace/src/install/lakme_ros/share/lakme_ros/package.xml
[1.563s] Invoked command in '/workspace/src/build/lakme_ros' returned '0': CMAKE_PREFIX_PATH=${CMAKE_PREFIX_PATH}:/opt/ros/humble /usr/bin/cmake --install /workspace/src/build/lakme_ros
