[0.063s] Invoking command in '/workspace/src/build/ur3_ros2_moveit2': AMENT_PREFIX_PATH=/workspace/src/install/ros2_data:${AMENT_PREFIX_PATH} CMAKE_PREFIX_PATH=/workspace/src/install/ros2_data:/workspace/src/install/lakme_ros:/workspace/install/lakme_ros:/opt/ros/humble LD_LIBRARY_PATH=/workspace/src/install/ros2_data/lib:${LD_LIBRARY_PATH} PYTHONPATH=/workspace/src/install/ros2_data/local/lib/python3.10/dist-packages:${PYTHONPATH} /usr/bin/cmake /workspace/src/ros2_RobotSimulation/UniversalRobots/UR3/ur3_ros2_moveit2 -DCMAKE_INSTALL_PREFIX=/workspace/src/install/ur3_ros2_moveit2
[1.695s] -- The C compiler identification is GNU 11.3.0
[1.696s] -- The CXX compiler identification is GNU 11.3.0
[1.697s] -- Detecting C compiler ABI info
[1.697s] -- Detecting C compiler ABI info - done
[1.697s] -- Check for working C compiler: /usr/bin/cc - skipped
[1.701s] -- Detecting C compile features
[1.702s] -- Detecting C compile features - done
[1.702s] -- Detecting CXX compiler ABI info
[1.702s] -- Detecting CXX compiler ABI info - done
[1.702s] -- Check for working CXX compiler: /usr/bin/c++ - skipped
[1.702s] -- Detecting CXX compile features
[1.703s] -- Detecting CXX compile features - done
[1.703s] -- Found ament_cmake: 1.3.4 (/opt/ros/humble/share/ament_cmake/cmake)
[1.704s] -- Found Python3: /usr/bin/python3.10 (found version "3.10.6") found components: Interpreter 
[1.705s] -- Found ament_lint_auto: 0.12.6 (/opt/ros/humble/share/ament_lint_auto/cmake)
[1.744s] -- Added test 'copyright' to check source files copyright and LICENSE
[1.747s] -- Added test 'flake8' to check Python code syntax and style conventions
[1.747s] -- Added test 'lint_cmake' to check CMake code style
[1.748s] -- Added test 'pep257' to check Python code against some of the docstring style conventions in PEP 257
[1.748s] -- Added test 'xmllint' to check XML markup files
[1.749s] -- Configuring done
[1.755s] -- Generating done
[1.757s] -- Build files have been written to: /workspace/src/build/ur3_ros2_moveit2
[1.765s] Invoked command in '/workspace/src/build/ur3_ros2_moveit2' returned '0': AMENT_PREFIX_PATH=/workspace/src/install/ros2_data:${AMENT_PREFIX_PATH} CMAKE_PREFIX_PATH=/workspace/src/install/ros2_data:/workspace/src/install/lakme_ros:/workspace/install/lakme_ros:/opt/ros/humble LD_LIBRARY_PATH=/workspace/src/install/ros2_data/lib:${LD_LIBRARY_PATH} PYTHONPATH=/workspace/src/install/ros2_data/local/lib/python3.10/dist-packages:${PYTHONPATH} /usr/bin/cmake /workspace/src/ros2_RobotSimulation/UniversalRobots/UR3/ur3_ros2_moveit2 -DCMAKE_INSTALL_PREFIX=/workspace/src/install/ur3_ros2_moveit2
[1.768s] Invoking command in '/workspace/src/build/ur3_ros2_moveit2': AMENT_PREFIX_PATH=/workspace/src/install/ros2_data:${AMENT_PREFIX_PATH} CMAKE_PREFIX_PATH=/workspace/src/install/ros2_data:/workspace/src/install/lakme_ros:/workspace/install/lakme_ros:/opt/ros/humble LD_LIBRARY_PATH=/workspace/src/install/ros2_data/lib:${LD_LIBRARY_PATH} PYTHONPATH=/workspace/src/install/ros2_data/local/lib/python3.10/dist-packages:${PYTHONPATH} /usr/bin/cmake --build /workspace/src/build/ur3_ros2_moveit2 -- -j12 -l12
[1.861s] Invoked command in '/workspace/src/build/ur3_ros2_moveit2' returned '0': AMENT_PREFIX_PATH=/workspace/src/install/ros2_data:${AMENT_PREFIX_PATH} CMAKE_PREFIX_PATH=/workspace/src/install/ros2_data:/workspace/src/install/lakme_ros:/workspace/install/lakme_ros:/opt/ros/humble LD_LIBRARY_PATH=/workspace/src/install/ros2_data/lib:${LD_LIBRARY_PATH} PYTHONPATH=/workspace/src/install/ros2_data/local/lib/python3.10/dist-packages:${PYTHONPATH} /usr/bin/cmake --build /workspace/src/build/ur3_ros2_moveit2 -- -j12 -l12
[1.936s] Invoking command in '/workspace/src/build/ur3_ros2_moveit2': AMENT_PREFIX_PATH=/workspace/src/install/ros2_data:${AMENT_PREFIX_PATH} CMAKE_PREFIX_PATH=/workspace/src/install/ros2_data:/workspace/src/install/lakme_ros:/workspace/install/lakme_ros:/opt/ros/humble LD_LIBRARY_PATH=/workspace/src/install/ros2_data/lib:${LD_LIBRARY_PATH} PYTHONPATH=/workspace/src/install/ros2_data/local/lib/python3.10/dist-packages:${PYTHONPATH} /usr/bin/cmake --install /workspace/src/build/ur3_ros2_moveit2
[1.975s] -- Install configuration: ""
[1.975s] -- Installing: /workspace/src/install/ur3_ros2_moveit2/share/ur3_ros2_moveit2/config
[1.975s] -- Installing: /workspace/src/install/ur3_ros2_moveit2/share/ur3_ros2_moveit2/config/ur3_moveit2.rviz
[1.976s] -- Installing: /workspace/src/install/ur3_ros2_moveit2/share/ur3_ros2_moveit2/config/ompl_planning.yaml
[1.976s] -- Installing: /workspace/src/install/ur3_ros2_moveit2/share/ur3_ros2_moveit2/config/ur3_controllers.yaml
[1.976s] -- Installing: /workspace/src/install/ur3_ros2_moveit2/share/ur3_ros2_moveit2/config/chomp_planning.yaml
[1.977s] -- Installing: /workspace/src/install/ur3_ros2_moveit2/share/ur3_ros2_moveit2/config/kinematics.yaml
[1.978s] -- Installing: /workspace/src/install/ur3_ros2_moveit2/share/ur3_ros2_moveit2/config/ur3.srdf
[1.978s] -- Installing: /workspace/src/install/ur3_ros2_moveit2/share/ur3_ros2_moveit2/launch
[1.978s] -- Installing: /workspace/src/install/ur3_ros2_moveit2/share/ur3_ros2_moveit2/launch/ur3.launch.py
[1.978s] -- Installing: /workspace/src/install/ur3_ros2_moveit2/share/ur3_ros2_moveit2/launch/ur3_interface.launch.py
[1.979s] -- Installing: /workspace/src/install/ur3_ros2_moveit2/share/ament_index/resource_index/package_run_dependencies/ur3_ros2_moveit2
[1.979s] -- Installing: /workspace/src/install/ur3_ros2_moveit2/share/ament_index/resource_index/parent_prefix_path/ur3_ros2_moveit2
[1.980s] -- Installing: /workspace/src/install/ur3_ros2_moveit2/share/ur3_ros2_moveit2/environment/ament_prefix_path.sh
[1.982s] -- Installing: /workspace/src/install/ur3_ros2_moveit2/share/ur3_ros2_moveit2/environment/ament_prefix_path.dsv
[1.983s] -- Installing: /workspace/src/install/ur3_ros2_moveit2/share/ur3_ros2_moveit2/environment/path.sh
[1.983s] -- Installing: /workspace/src/install/ur3_ros2_moveit2/share/ur3_ros2_moveit2/environment/path.dsv
[1.984s] -- Installing: /workspace/src/install/ur3_ros2_moveit2/share/ur3_ros2_moveit2/local_setup.bash
[1.985s] -- Installing: /workspace/src/install/ur3_ros2_moveit2/share/ur3_ros2_moveit2/local_setup.sh
[1.985s] -- Installing: /workspace/src/install/ur3_ros2_moveit2/share/ur3_ros2_moveit2/local_setup.zsh
[1.985s] -- Installing: /workspace/src/install/ur3_ros2_moveit2/share/ur3_ros2_moveit2/local_setup.dsv
[1.985s] -- Installing: /workspace/src/install/ur3_ros2_moveit2/share/ur3_ros2_moveit2/package.dsv
[1.985s] -- Installing: /workspace/src/install/ur3_ros2_moveit2/share/ament_index/resource_index/packages/ur3_ros2_moveit2
[1.986s] -- Installing: /workspace/src/install/ur3_ros2_moveit2/share/ur3_ros2_moveit2/cmake/ur3_ros2_moveit2Config.cmake
[1.986s] -- Installing: /workspace/src/install/ur3_ros2_moveit2/share/ur3_ros2_moveit2/cmake/ur3_ros2_moveit2Config-version.cmake
[1.989s] -- Installing: /workspace/src/install/ur3_ros2_moveit2/share/ur3_ros2_moveit2/package.xml
[2.006s] Invoked command in '/workspace/src/build/ur3_ros2_moveit2' returned '0': AMENT_PREFIX_PATH=/workspace/src/install/ros2_data:${AMENT_PREFIX_PATH} CMAKE_PREFIX_PATH=/workspace/src/install/ros2_data:/workspace/src/install/lakme_ros:/workspace/install/lakme_ros:/opt/ros/humble LD_LIBRARY_PATH=/workspace/src/install/ros2_data/lib:${LD_LIBRARY_PATH} PYTHONPATH=/workspace/src/install/ros2_data/local/lib/python3.10/dist-packages:${PYTHONPATH} /usr/bin/cmake --install /workspace/src/build/ur3_ros2_moveit2
