[0.242s] Invoking command in '/workspace/build/ros_interfaces': CMAKE_PREFIX_PATH=${CMAKE_PREFIX_PATH}:/workspace/install/pubsub:/workspace/install/srvcli:/workspace/install/my_py_pkg:/workspace/install/my_package:/opt/ros/humble /usr/bin/cmake --build /workspace/build/ros_interfaces -- -j12 -l12
[0.298s] [  2%] Built target ros_interfaces__cpp
[0.300s] [ 12%] Built target ros_interfaces__rosidl_generator_c
[0.321s] [ 12%] Built target ament_cmake_python_copy_ros_interfaces
[0.343s] [ 42%] Built target ros_interfaces__rosidl_typesupport_introspection_c
[0.344s] [ 44%] Built target ros_interfaces__rosidl_typesupport_c
[0.344s] [ 44%] Built target ros_interfaces__rosidl_typesupport_introspection_cpp
[0.346s] [ 55%] Built target ros_interfaces__rosidl_typesupport_fastrtps_cpp
[0.346s] [ 65%] Built target ros_interfaces__rosidl_typesupport_cpp
[0.347s] [ 76%] Built target ros_interfaces__rosidl_typesupport_fastrtps_c
[0.372s] [ 76%] Built target ros_interfaces
[0.400s] [ 78%] Built target ros_interfaces__py
[0.430s] [ 87%] Built target ros_interfaces__rosidl_generator_py
[0.460s] [100%] Built target ros_interfaces__rosidl_typesupport_introspection_c__pyext
[0.460s] [100%] Built target ros_interfaces__rosidl_typesupport_c__pyext
[0.460s] [100%] Built target ros_interfaces__rosidl_typesupport_fastrtps_c__pyext
[0.593s] running egg_info
[0.594s] writing ros_interfaces.egg-info/PKG-INFO
[0.594s] writing dependency_links to ros_interfaces.egg-info/dependency_links.txt
[0.595s] writing top-level names to ros_interfaces.egg-info/top_level.txt
[0.597s] reading manifest file 'ros_interfaces.egg-info/SOURCES.txt'
[0.598s] writing manifest file 'ros_interfaces.egg-info/SOURCES.txt'
[0.630s] [100%] Built target ament_cmake_python_build_ros_interfaces_egg
