[0.204s] Invoking command in '/workspace/src/build/ros2_execution': CMAKE_PREFIX_PATH=${CMAKE_PREFIX_PATH}:/opt/ros/humble /usr/bin/cmake /workspace/src/ros2_RobotSimulation/ros2_execution -DCMAKE_INSTALL_PREFIX=/workspace/src/install/ros2_execution
[0.330s] -- The C compiler identification is GNU 11.3.0
[0.478s] -- The CXX compiler identification is GNU 11.3.0
[0.502s] -- Detecting C compiler ABI info
[0.723s] -- Detecting C compiler ABI info - done
[0.744s] -- Check for working C compiler: /usr/bin/cc - skipped
[0.745s] -- Detecting C compile features
[0.746s] -- Detecting C compile features - done
[0.753s] -- Detecting CXX compiler ABI info
[0.893s] -- Detecting CXX compiler ABI info - done
[0.910s] -- Check for working CXX compiler: /usr/bin/c++ - skipped
[0.910s] -- Detecting CXX compile features
[0.911s] -- Detecting CXX compile features - done
[0.921s] -- Found ament_cmake: 1.3.4 (/opt/ros/humble/share/ament_cmake/cmake)
[1.260s] -- Found Python3: /usr/bin/python3.10 (found version "3.10.6") found components: Interpreter 
[1.586s] -- Found ament_lint_auto: 0.12.6 (/opt/ros/humble/share/ament_lint_auto/cmake)
[1.818s] -- Added test 'copyright' to check source files copyright and LICENSE
[1.822s] -- Added test 'flake8' to check Python code syntax and style conventions
[1.823s] -- Added test 'lint_cmake' to check CMake code style
[1.824s] -- Added test 'pep257' to check Python code against some of the docstring style conventions in PEP 257
[1.826s] -- Added test 'xmllint' to check XML markup files
[1.829s] -- Configuring done
[1.835s] -- Generating done
[1.837s] -- Build files have been written to: /workspace/src/build/ros2_execution
[1.846s] Invoked command in '/workspace/src/build/ros2_execution' returned '0': CMAKE_PREFIX_PATH=${CMAKE_PREFIX_PATH}:/opt/ros/humble /usr/bin/cmake /workspace/src/ros2_RobotSimulation/ros2_execution -DCMAKE_INSTALL_PREFIX=/workspace/src/install/ros2_execution
[1.849s] Invoking command in '/workspace/src/build/ros2_execution': CMAKE_PREFIX_PATH=${CMAKE_PREFIX_PATH}:/opt/ros/humble /usr/bin/cmake --build /workspace/src/build/ros2_execution -- -j12 -l12
[1.934s] Invoked command in '/workspace/src/build/ros2_execution' returned '0': CMAKE_PREFIX_PATH=${CMAKE_PREFIX_PATH}:/opt/ros/humble /usr/bin/cmake --build /workspace/src/build/ros2_execution -- -j12 -l12
[1.992s] Invoking command in '/workspace/src/build/ros2_execution': CMAKE_PREFIX_PATH=${CMAKE_PREFIX_PATH}:/opt/ros/humble /usr/bin/cmake --install /workspace/src/build/ros2_execution
[2.029s] -- Install configuration: ""
[2.032s] -- Installing: /workspace/src/install/ros2_execution/share/ros2_execution/scripts
[2.033s] -- Installing: /workspace/src/install/ros2_execution/share/ros2_execution/scripts/ros2_execution.py
[2.041s] -- Installing: /workspace/src/install/ros2_execution/lib/ros2_execution/ros2_execution.py
[2.041s] -- Installing: /workspace/src/install/ros2_execution/share/ament_index/resource_index/package_run_dependencies/ros2_execution
[2.042s] -- Installing: /workspace/src/install/ros2_execution/share/ament_index/resource_index/parent_prefix_path/ros2_execution
[2.042s] -- Installing: /workspace/src/install/ros2_execution/share/ros2_execution/environment/ament_prefix_path.sh
[2.042s] -- Installing: /workspace/src/install/ros2_execution/share/ros2_execution/environment/ament_prefix_path.dsv
[2.042s] -- Installing: /workspace/src/install/ros2_execution/share/ros2_execution/environment/path.sh
[2.043s] -- Installing: /workspace/src/install/ros2_execution/share/ros2_execution/environment/path.dsv
[2.043s] -- Installing: /workspace/src/install/ros2_execution/share/ros2_execution/local_setup.bash
[2.044s] -- Installing: /workspace/src/install/ros2_execution/share/ros2_execution/local_setup.sh
[2.044s] -- Installing: /workspace/src/install/ros2_execution/share/ros2_execution/local_setup.zsh
[2.045s] -- Installing: /workspace/src/install/ros2_execution/share/ros2_execution/local_setup.dsv
[2.046s] -- Installing: /workspace/src/install/ros2_execution/share/ros2_execution/package.dsv
[2.046s] -- Installing: /workspace/src/install/ros2_execution/share/ament_index/resource_index/packages/ros2_execution
[2.047s] -- Installing: /workspace/src/install/ros2_execution/share/ros2_execution/cmake/ros2_executionConfig.cmake
[2.047s] -- Installing: /workspace/src/install/ros2_execution/share/ros2_execution/cmake/ros2_executionConfig-version.cmake
[2.047s] -- Installing: /workspace/src/install/ros2_execution/share/ros2_execution/package.xml
[2.061s] Invoked command in '/workspace/src/build/ros2_execution' returned '0': CMAKE_PREFIX_PATH=${CMAKE_PREFIX_PATH}:/opt/ros/humble /usr/bin/cmake --install /workspace/src/build/ros2_execution
