[0.117s] Invoking command in '/workspace/src/build/iiwa_ros2_gazebo': CMAKE_PREFIX_PATH=${CMAKE_PREFIX_PATH}:/opt/ros/humble /usr/bin/cmake /workspace/src/ros2_RobotSimulation/Kuka/LBRiiwa/iiwa_ros2_gazebo -DCMAKE_INSTALL_PREFIX=/workspace/src/install/iiwa_ros2_gazebo
[1.188s] -- The C compiler identification is GNU 11.3.0
[1.188s] -- The CXX compiler identification is GNU 11.3.0
[1.188s] -- Detecting C compiler ABI info
[1.188s] -- Detecting C compiler ABI info - done
[1.189s] -- Check for working C compiler: /usr/bin/cc - skipped
[1.189s] -- Detecting C compile features
[1.189s] -- Detecting C compile features - done
[1.189s] -- Detecting CXX compiler ABI info
[1.189s] -- Detecting CXX compiler ABI info - done
[1.189s] -- Check for working CXX compiler: /usr/bin/c++ - skipped
[1.190s] -- Detecting CXX compile features
[1.190s] -- Detecting CXX compile features - done
[1.190s] -- Found ament_cmake: 1.3.4 (/opt/ros/humble/share/ament_cmake/cmake)
[1.190s] -- Found Python3: /usr/bin/python3.10 (found version "3.10.6") found components: Interpreter 
[1.505s] -- Found ament_lint_auto: 0.12.6 (/opt/ros/humble/share/ament_lint_auto/cmake)
[1.838s] -- Added test 'copyright' to check source files copyright and LICENSE
[1.853s] -- Added test 'flake8' to check Python code syntax and style conventions
[1.856s] -- Added test 'lint_cmake' to check CMake code style
[1.861s] -- Added test 'pep257' to check Python code against some of the docstring style conventions in PEP 257
[1.866s] -- Added test 'xmllint' to check XML markup files
[1.868s] -- Configuring done
[1.877s] -- Generating done
[1.879s] -- Build files have been written to: /workspace/src/build/iiwa_ros2_gazebo
[1.902s] Invoked command in '/workspace/src/build/iiwa_ros2_gazebo' returned '0': CMAKE_PREFIX_PATH=${CMAKE_PREFIX_PATH}:/opt/ros/humble /usr/bin/cmake /workspace/src/ros2_RobotSimulation/Kuka/LBRiiwa/iiwa_ros2_gazebo -DCMAKE_INSTALL_PREFIX=/workspace/src/install/iiwa_ros2_gazebo
[1.904s] Invoking command in '/workspace/src/build/iiwa_ros2_gazebo': CMAKE_PREFIX_PATH=${CMAKE_PREFIX_PATH}:/opt/ros/humble /usr/bin/cmake --build /workspace/src/build/iiwa_ros2_gazebo -- -j12 -l12
[2.031s] Invoked command in '/workspace/src/build/iiwa_ros2_gazebo' returned '0': CMAKE_PREFIX_PATH=${CMAKE_PREFIX_PATH}:/opt/ros/humble /usr/bin/cmake --build /workspace/src/build/iiwa_ros2_gazebo -- -j12 -l12
[2.131s] Invoking command in '/workspace/src/build/iiwa_ros2_gazebo': CMAKE_PREFIX_PATH=${CMAKE_PREFIX_PATH}:/opt/ros/humble /usr/bin/cmake --install /workspace/src/build/iiwa_ros2_gazebo
[2.153s] -- Install configuration: ""
[2.154s] -- Installing: /workspace/src/install/iiwa_ros2_gazebo/share/iiwa_ros2_gazebo/config
[2.154s] -- Installing: /workspace/src/install/iiwa_ros2_gazebo/share/iiwa_ros2_gazebo/config/iiwa_controller.yaml
[2.154s] -- Installing: /workspace/src/install/iiwa_ros2_gazebo/share/iiwa_ros2_gazebo/launch
[2.154s] -- Installing: /workspace/src/install/iiwa_ros2_gazebo/share/iiwa_ros2_gazebo/launch/iiwa_simulation.launch.py
[2.155s] -- Installing: /workspace/src/install/iiwa_ros2_gazebo/share/iiwa_ros2_gazebo/urdf
[2.155s] -- Installing: /workspace/src/install/iiwa_ros2_gazebo/share/iiwa_ros2_gazebo/urdf/iiwa.urdf.xacro
[2.155s] -- Installing: /workspace/src/install/iiwa_ros2_gazebo/share/iiwa_ros2_gazebo/urdf/iiwa_macro.urdf.xacro
[2.155s] -- Installing: /workspace/src/install/iiwa_ros2_gazebo/share/iiwa_ros2_gazebo/urdf/iiwa_ros2control.xacro
[2.156s] -- Installing: /workspace/src/install/iiwa_ros2_gazebo/share/iiwa_ros2_gazebo/urdf/iiwa_transmission.xacro
[2.156s] -- Installing: /workspace/src/install/iiwa_ros2_gazebo/share/iiwa_ros2_gazebo/worlds
[2.156s] -- Installing: /workspace/src/install/iiwa_ros2_gazebo/share/iiwa_ros2_gazebo/worlds/iiwa.world
[2.156s] -- Installing: /workspace/src/install/iiwa_ros2_gazebo/share/iiwa_ros2_gazebo/meshes
[2.156s] -- Installing: /workspace/src/install/iiwa_ros2_gazebo/share/iiwa_ros2_gazebo/meshes/collision
[2.157s] -- Installing: /workspace/src/install/iiwa_ros2_gazebo/share/iiwa_ros2_gazebo/meshes/collision/link_4.stl
[2.157s] -- Installing: /workspace/src/install/iiwa_ros2_gazebo/share/iiwa_ros2_gazebo/meshes/collision/link_2.stl
[2.157s] -- Installing: /workspace/src/install/iiwa_ros2_gazebo/share/iiwa_ros2_gazebo/meshes/collision/link_1.stl
[2.157s] -- Installing: /workspace/src/install/iiwa_ros2_gazebo/share/iiwa_ros2_gazebo/meshes/collision/link_7.stl
[2.157s] -- Installing: /workspace/src/install/iiwa_ros2_gazebo/share/iiwa_ros2_gazebo/meshes/collision/base_link.stl
[2.157s] -- Installing: /workspace/src/install/iiwa_ros2_gazebo/share/iiwa_ros2_gazebo/meshes/collision/link_3.stl
[2.158s] -- Installing: /workspace/src/install/iiwa_ros2_gazebo/share/iiwa_ros2_gazebo/meshes/collision/link_6.stl
[2.158s] -- Installing: /workspace/src/install/iiwa_ros2_gazebo/share/iiwa_ros2_gazebo/meshes/collision/link_5.stl
[2.158s] -- Installing: /workspace/src/install/iiwa_ros2_gazebo/share/iiwa_ros2_gazebo/meshes/visual
[2.158s] -- Installing: /workspace/src/install/iiwa_ros2_gazebo/share/iiwa_ros2_gazebo/meshes/visual/base_link.dae
[2.163s] -- Installing: /workspace/src/install/iiwa_ros2_gazebo/share/iiwa_ros2_gazebo/meshes/visual/link_2.dae
[2.164s] -- Installing: /workspace/src/install/iiwa_ros2_gazebo/share/iiwa_ros2_gazebo/meshes/visual/link_1.dae
[2.165s] -- Installing: /workspace/src/install/iiwa_ros2_gazebo/share/iiwa_ros2_gazebo/meshes/visual/link_4.dae
[2.166s] -- Installing: /workspace/src/install/iiwa_ros2_gazebo/share/iiwa_ros2_gazebo/meshes/visual/link_6.dae
[2.168s] -- Installing: /workspace/src/install/iiwa_ros2_gazebo/share/iiwa_ros2_gazebo/meshes/visual/link_7.dae
[2.175s] -- Installing: /workspace/src/install/iiwa_ros2_gazebo/share/iiwa_ros2_gazebo/meshes/visual/link_5.dae
[2.176s] -- Installing: /workspace/src/install/iiwa_ros2_gazebo/share/iiwa_ros2_gazebo/meshes/visual/link_3.dae
[2.177s] -- Installing: /workspace/src/install/iiwa_ros2_gazebo/share/ament_index/resource_index/package_run_dependencies/iiwa_ros2_gazebo
[2.177s] -- Installing: /workspace/src/install/iiwa_ros2_gazebo/share/ament_index/resource_index/parent_prefix_path/iiwa_ros2_gazebo
[2.178s] -- Installing: /workspace/src/install/iiwa_ros2_gazebo/share/iiwa_ros2_gazebo/environment/ament_prefix_path.sh
[2.178s] -- Installing: /workspace/src/install/iiwa_ros2_gazebo/share/iiwa_ros2_gazebo/environment/ament_prefix_path.dsv
[2.179s] -- Installing: /workspace/src/install/iiwa_ros2_gazebo/share/iiwa_ros2_gazebo/environment/path.sh
[2.180s] -- Installing: /workspace/src/install/iiwa_ros2_gazebo/share/iiwa_ros2_gazebo/environment/path.dsv
[2.180s] -- Installing: /workspace/src/install/iiwa_ros2_gazebo/share/iiwa_ros2_gazebo/local_setup.bash
[2.180s] -- Installing: /workspace/src/install/iiwa_ros2_gazebo/share/iiwa_ros2_gazebo/local_setup.sh
[2.180s] -- Installing: /workspace/src/install/iiwa_ros2_gazebo/share/iiwa_ros2_gazebo/local_setup.zsh
[2.181s] -- Installing: /workspace/src/install/iiwa_ros2_gazebo/share/iiwa_ros2_gazebo/local_setup.dsv
[2.181s] -- Installing: /workspace/src/install/iiwa_ros2_gazebo/share/iiwa_ros2_gazebo/package.dsv
[2.181s] -- Installing: /workspace/src/install/iiwa_ros2_gazebo/share/ament_index/resource_index/packages/iiwa_ros2_gazebo
[2.181s] -- Installing: /workspace/src/install/iiwa_ros2_gazebo/share/iiwa_ros2_gazebo/cmake/iiwa_ros2_gazeboConfig.cmake
[2.182s] -- Installing: /workspace/src/install/iiwa_ros2_gazebo/share/iiwa_ros2_gazebo/cmake/iiwa_ros2_gazeboConfig-version.cmake
[2.185s] -- Installing: /workspace/src/install/iiwa_ros2_gazebo/share/iiwa_ros2_gazebo/package.xml
[2.247s] Invoked command in '/workspace/src/build/iiwa_ros2_gazebo' returned '0': CMAKE_PREFIX_PATH=${CMAKE_PREFIX_PATH}:/opt/ros/humble /usr/bin/cmake --install /workspace/src/build/iiwa_ros2_gazebo
