[0.660s] Invoking command in '/workspace/src/build/ur3_ros2_gazebo': CMAKE_PREFIX_PATH=${CMAKE_PREFIX_PATH}:/opt/ros/humble /usr/bin/cmake /workspace/src/ros2_RobotSimulation/UniversalRobots/UR3/ur3_ros2_gazebo -DCMAKE_INSTALL_PREFIX=/workspace/src/install/ur3_ros2_gazebo
[0.846s] -- The C compiler identification is GNU 11.3.0
[0.992s] -- The CXX compiler identification is GNU 11.3.0
[1.010s] -- Detecting C compiler ABI info
[1.188s] -- Detecting C compiler ABI info - done
[1.210s] -- Check for working C compiler: /usr/bin/cc - skipped
[1.213s] -- Detecting C compile features
[1.213s] -- Detecting C compile features - done
[1.223s] -- Detecting CXX compiler ABI info
[1.435s] -- Detecting CXX compiler ABI info - done
[1.458s] -- Check for working CXX compiler: /usr/bin/c++ - skipped
[1.458s] -- Detecting CXX compile features
[1.460s] -- Detecting CXX compile features - done
[1.474s] -- Found ament_cmake: 1.3.4 (/opt/ros/humble/share/ament_cmake/cmake)
[1.922s] -- Found Python3: /usr/bin/python3.10 (found version "3.10.6") found components: Interpreter 
[2.162s] -- Found ament_lint_auto: 0.12.6 (/opt/ros/humble/share/ament_lint_auto/cmake)
[2.399s] -- Added test 'copyright' to check source files copyright and LICENSE
[2.407s] -- Added test 'flake8' to check Python code syntax and style conventions
[2.409s] -- Added test 'lint_cmake' to check CMake code style
[2.411s] -- Added test 'pep257' to check Python code against some of the docstring style conventions in PEP 257
[2.414s] -- Added test 'xmllint' to check XML markup files
[2.417s] -- Configuring done
[2.423s] -- Generating done
[2.426s] -- Build files have been written to: /workspace/src/build/ur3_ros2_gazebo
[2.437s] Invoked command in '/workspace/src/build/ur3_ros2_gazebo' returned '0': CMAKE_PREFIX_PATH=${CMAKE_PREFIX_PATH}:/opt/ros/humble /usr/bin/cmake /workspace/src/ros2_RobotSimulation/UniversalRobots/UR3/ur3_ros2_gazebo -DCMAKE_INSTALL_PREFIX=/workspace/src/install/ur3_ros2_gazebo
[2.438s] Invoking command in '/workspace/src/build/ur3_ros2_gazebo': CMAKE_PREFIX_PATH=${CMAKE_PREFIX_PATH}:/opt/ros/humble /usr/bin/cmake --build /workspace/src/build/ur3_ros2_gazebo -- -j12 -l12
[2.512s] Invoked command in '/workspace/src/build/ur3_ros2_gazebo' returned '0': CMAKE_PREFIX_PATH=${CMAKE_PREFIX_PATH}:/opt/ros/humble /usr/bin/cmake --build /workspace/src/build/ur3_ros2_gazebo -- -j12 -l12
[2.572s] Invoking command in '/workspace/src/build/ur3_ros2_gazebo': CMAKE_PREFIX_PATH=${CMAKE_PREFIX_PATH}:/opt/ros/humble /usr/bin/cmake --install /workspace/src/build/ur3_ros2_gazebo
[2.588s] -- Install configuration: ""
[2.589s] -- Installing: /workspace/src/install/ur3_ros2_gazebo/share/ur3_ros2_gazebo/config
[2.589s] -- Installing: /workspace/src/install/ur3_ros2_gazebo/share/ur3_ros2_gazebo/config/physical_parameters.yaml
[2.589s] -- Installing: /workspace/src/install/ur3_ros2_gazebo/share/ur3_ros2_gazebo/config/default_kinematics.yaml
[2.589s] -- Installing: /workspace/src/install/ur3_ros2_gazebo/share/ur3_ros2_gazebo/config/ur3_controller.yaml
[2.589s] -- Installing: /workspace/src/install/ur3_ros2_gazebo/share/ur3_ros2_gazebo/config/visual_parameters.yaml
[2.590s] -- Installing: /workspace/src/install/ur3_ros2_gazebo/share/ur3_ros2_gazebo/config/joint_limits.yaml
[2.590s] -- Installing: /workspace/src/install/ur3_ros2_gazebo/share/ur3_ros2_gazebo/config/initial_positions.yaml
[2.590s] -- Installing: /workspace/src/install/ur3_ros2_gazebo/share/ur3_ros2_gazebo/launch
[2.591s] -- Installing: /workspace/src/install/ur3_ros2_gazebo/share/ur3_ros2_gazebo/launch/ur3_simulation.launch.py
[2.591s] -- Installing: /workspace/src/install/ur3_ros2_gazebo/share/ur3_ros2_gazebo/urdf
[2.591s] -- Installing: /workspace/src/install/ur3_ros2_gazebo/share/ur3_ros2_gazebo/urdf/ur3_ros2control.xacro
[2.591s] -- Installing: /workspace/src/install/ur3_ros2_gazebo/share/ur3_ros2_gazebo/urdf/ur3_transmission.xacro
[2.591s] -- Installing: /workspace/src/install/ur3_ros2_gazebo/share/ur3_ros2_gazebo/urdf/ur3_macro.urdf.xacro
[2.592s] -- Installing: /workspace/src/install/ur3_ros2_gazebo/share/ur3_ros2_gazebo/urdf/ur3_common.xacro
[2.592s] -- Installing: /workspace/src/install/ur3_ros2_gazebo/share/ur3_ros2_gazebo/urdf/ur3.urdf.xacro
[2.592s] -- Installing: /workspace/src/install/ur3_ros2_gazebo/share/ur3_ros2_gazebo/worlds
[2.593s] -- Installing: /workspace/src/install/ur3_ros2_gazebo/share/ur3_ros2_gazebo/worlds/ur3.world
[2.593s] -- Installing: /workspace/src/install/ur3_ros2_gazebo/share/ur3_ros2_gazebo/meshes
[2.593s] -- Installing: /workspace/src/install/ur3_ros2_gazebo/share/ur3_ros2_gazebo/meshes/collision
[2.593s] -- Installing: /workspace/src/install/ur3_ros2_gazebo/share/ur3_ros2_gazebo/meshes/collision/shoulder.stl
[2.593s] -- Installing: /workspace/src/install/ur3_ros2_gazebo/share/ur3_ros2_gazebo/meshes/collision/forearm.stl
[2.594s] -- Installing: /workspace/src/install/ur3_ros2_gazebo/share/ur3_ros2_gazebo/meshes/collision/wrist1.stl
[2.595s] -- Installing: /workspace/src/install/ur3_ros2_gazebo/share/ur3_ros2_gazebo/meshes/collision/base.stl
[2.596s] -- Installing: /workspace/src/install/ur3_ros2_gazebo/share/ur3_ros2_gazebo/meshes/collision/upperarm.stl
[2.599s] -- Installing: /workspace/src/install/ur3_ros2_gazebo/share/ur3_ros2_gazebo/meshes/collision/wrist2.stl
[2.599s] -- Installing: /workspace/src/install/ur3_ros2_gazebo/share/ur3_ros2_gazebo/meshes/collision/wrist3.stl
[2.599s] -- Installing: /workspace/src/install/ur3_ros2_gazebo/share/ur3_ros2_gazebo/meshes/visual
[2.599s] -- Installing: /workspace/src/install/ur3_ros2_gazebo/share/ur3_ros2_gazebo/meshes/visual/base.dae
[2.601s] -- Installing: /workspace/src/install/ur3_ros2_gazebo/share/ur3_ros2_gazebo/meshes/visual/upperarm.dae
[2.606s] -- Installing: /workspace/src/install/ur3_ros2_gazebo/share/ur3_ros2_gazebo/meshes/visual/forearm.dae
[2.609s] -- Installing: /workspace/src/install/ur3_ros2_gazebo/share/ur3_ros2_gazebo/meshes/visual/wrist1.dae
[2.618s] -- Installing: /workspace/src/install/ur3_ros2_gazebo/share/ur3_ros2_gazebo/meshes/visual/shoulder.dae
[2.618s] -- Installing: /workspace/src/install/ur3_ros2_gazebo/share/ur3_ros2_gazebo/meshes/visual/wrist3.dae
[2.618s] -- Installing: /workspace/src/install/ur3_ros2_gazebo/share/ur3_ros2_gazebo/meshes/visual/wrist2.dae
[2.619s] -- Installing: /workspace/src/install/ur3_ros2_gazebo/share/ament_index/resource_index/package_run_dependencies/ur3_ros2_gazebo
[2.619s] -- Installing: /workspace/src/install/ur3_ros2_gazebo/share/ament_index/resource_index/parent_prefix_path/ur3_ros2_gazebo
[2.619s] -- Installing: /workspace/src/install/ur3_ros2_gazebo/share/ur3_ros2_gazebo/environment/ament_prefix_path.sh
[2.620s] -- Installing: /workspace/src/install/ur3_ros2_gazebo/share/ur3_ros2_gazebo/environment/ament_prefix_path.dsv
[2.620s] -- Installing: /workspace/src/install/ur3_ros2_gazebo/share/ur3_ros2_gazebo/environment/path.sh
[2.620s] -- Installing: /workspace/src/install/ur3_ros2_gazebo/share/ur3_ros2_gazebo/environment/path.dsv
[2.620s] -- Installing: /workspace/src/install/ur3_ros2_gazebo/share/ur3_ros2_gazebo/local_setup.bash
[2.621s] -- Installing: /workspace/src/install/ur3_ros2_gazebo/share/ur3_ros2_gazebo/local_setup.sh
[2.621s] -- Installing: /workspace/src/install/ur3_ros2_gazebo/share/ur3_ros2_gazebo/local_setup.zsh
[2.621s] -- Installing: /workspace/src/install/ur3_ros2_gazebo/share/ur3_ros2_gazebo/local_setup.dsv
[2.621s] -- Installing: /workspace/src/install/ur3_ros2_gazebo/share/ur3_ros2_gazebo/package.dsv
[2.621s] -- Installing: /workspace/src/install/ur3_ros2_gazebo/share/ament_index/resource_index/packages/ur3_ros2_gazebo
[2.625s] -- Installing: /workspace/src/install/ur3_ros2_gazebo/share/ur3_ros2_gazebo/cmake/ur3_ros2_gazeboConfig.cmake
[2.626s] -- Installing: /workspace/src/install/ur3_ros2_gazebo/share/ur3_ros2_gazebo/cmake/ur3_ros2_gazeboConfig-version.cmake
[2.626s] -- Installing: /workspace/src/install/ur3_ros2_gazebo/share/ur3_ros2_gazebo/package.xml
[2.638s] Invoked command in '/workspace/src/build/ur3_ros2_gazebo' returned '0': CMAKE_PREFIX_PATH=${CMAKE_PREFIX_PATH}:/opt/ros/humble /usr/bin/cmake --install /workspace/src/build/ur3_ros2_gazebo
