[0.735s] Invoking command in '/workspace/src/inverse_kinematics': PYTHONPATH=/workspace/build/inverse_kinematics/prefix_override:/workspace/install/inverse_kinematics/lib/python3.10/site-packages:${PYTHONPATH} /usr/bin/python3 setup.py egg_info --egg-base ../../build/inverse_kinematics build --build-base /workspace/build/inverse_kinematics/build install --record /workspace/build/inverse_kinematics/install.log --single-version-externally-managed
[0.987s] running egg_info
[0.988s] writing ../../build/inverse_kinematics/inverse_kinematics.egg-info/PKG-INFO
[0.988s] writing dependency_links to ../../build/inverse_kinematics/inverse_kinematics.egg-info/dependency_links.txt
[0.989s] writing entry points to ../../build/inverse_kinematics/inverse_kinematics.egg-info/entry_points.txt
[0.989s] writing requirements to ../../build/inverse_kinematics/inverse_kinematics.egg-info/requires.txt
[0.989s] writing top-level names to ../../build/inverse_kinematics/inverse_kinematics.egg-info/top_level.txt
[0.991s] reading manifest file '../../build/inverse_kinematics/inverse_kinematics.egg-info/SOURCES.txt'
[0.992s] writing manifest file '../../build/inverse_kinematics/inverse_kinematics.egg-info/SOURCES.txt'
[0.992s] running build
[0.992s] running build_py
[0.992s] copying inverse_kinematics/client.py -> /workspace/build/inverse_kinematics/build/lib/inverse_kinematics
[0.993s] running install
[0.993s] /usr/lib/python3/dist-packages/setuptools/command/install.py:34: SetuptoolsDeprecationWarning: setup.py install is deprecated. Use build and pip and other standards-based tools.
[0.993s]   warnings.warn(
[0.993s] running install_lib
[0.994s] copying /workspace/build/inverse_kinematics/build/lib/inverse_kinematics/client.py -> /workspace/install/inverse_kinematics/lib/python3.10/site-packages/inverse_kinematics
[0.995s] byte-compiling /workspace/install/inverse_kinematics/lib/python3.10/site-packages/inverse_kinematics/client.py to client.cpython-310.pyc
[0.996s] running install_data
[0.997s] running install_egg_info
[0.998s] removing '/workspace/install/inverse_kinematics/lib/python3.10/site-packages/inverse_kinematics-0.0.0-py3.10.egg-info' (and everything under it)
[0.999s] Copying ../../build/inverse_kinematics/inverse_kinematics.egg-info to /workspace/install/inverse_kinematics/lib/python3.10/site-packages/inverse_kinematics-0.0.0-py3.10.egg-info
[1.000s] running install_scripts
[1.024s] Installing client script to /workspace/install/inverse_kinematics/lib/inverse_kinematics
[1.024s] Installing server script to /workspace/install/inverse_kinematics/lib/inverse_kinematics
[1.025s] writing list of installed files to '/workspace/build/inverse_kinematics/install.log'
[1.052s] Invoked command in '/workspace/src/inverse_kinematics' returned '0': PYTHONPATH=/workspace/build/inverse_kinematics/prefix_override:/workspace/install/inverse_kinematics/lib/python3.10/site-packages:${PYTHONPATH} /usr/bin/python3 setup.py egg_info --egg-base ../../build/inverse_kinematics build --build-base /workspace/build/inverse_kinematics/build install --record /workspace/build/inverse_kinematics/install.log --single-version-externally-managed
