[0.071s] Invoking command in '/workspace/src/build/ur10_ros2_moveit2': AMENT_PREFIX_PATH=/workspace/src/install/ros2_data:${AMENT_PREFIX_PATH} CMAKE_PREFIX_PATH=/workspace/src/install/ros2_data:/workspace/src/install/lakme_ros:/workspace/install/lakme_ros:/opt/ros/humble LD_LIBRARY_PATH=/workspace/src/install/ros2_data/lib:${LD_LIBRARY_PATH} PYTHONPATH=/workspace/src/install/ros2_data/local/lib/python3.10/dist-packages:${PYTHONPATH} /usr/bin/cmake /workspace/src/ros2_RobotSimulation/UniversalRobots/UR10/ur10_ros2_moveit2 -DCMAKE_INSTALL_PREFIX=/workspace/src/install/ur10_ros2_moveit2
[0.222s] -- The C compiler identification is GNU 11.3.0
[0.354s] -- The CXX compiler identification is GNU 11.3.0
[0.370s] -- Detecting C compiler ABI info
[0.610s] -- Detecting C compiler ABI info - done
[0.629s] -- Check for working C compiler: /usr/bin/cc - skipped
[0.630s] -- Detecting C compile features
[0.630s] -- Detecting C compile features - done
[0.638s] -- Detecting CXX compiler ABI info
[0.839s] -- Detecting CXX compiler ABI info - done
[0.865s] -- Check for working CXX compiler: /usr/bin/c++ - skipped
[0.865s] -- Detecting CXX compile features
[0.867s] -- Detecting CXX compile features - done
[0.876s] -- Found ament_cmake: 1.3.4 (/opt/ros/humble/share/ament_cmake/cmake)
[1.311s] -- Found Python3: /usr/bin/python3.10 (found version "3.10.6") found components: Interpreter 
[1.543s] -- Found ament_lint_auto: 0.12.6 (/opt/ros/humble/share/ament_lint_auto/cmake)
[1.735s] -- Added test 'copyright' to check source files copyright and LICENSE
[1.740s] -- Added test 'flake8' to check Python code syntax and style conventions
[1.741s] -- Added test 'lint_cmake' to check CMake code style
[1.751s] -- Added test 'pep257' to check Python code against some of the docstring style conventions in PEP 257
[1.753s] -- Added test 'xmllint' to check XML markup files
[1.756s] -- Configuring done
[1.757s] -- Generating done
[1.758s] -- Build files have been written to: /workspace/src/build/ur10_ros2_moveit2
[1.770s] Invoked command in '/workspace/src/build/ur10_ros2_moveit2' returned '0': AMENT_PREFIX_PATH=/workspace/src/install/ros2_data:${AMENT_PREFIX_PATH} CMAKE_PREFIX_PATH=/workspace/src/install/ros2_data:/workspace/src/install/lakme_ros:/workspace/install/lakme_ros:/opt/ros/humble LD_LIBRARY_PATH=/workspace/src/install/ros2_data/lib:${LD_LIBRARY_PATH} PYTHONPATH=/workspace/src/install/ros2_data/local/lib/python3.10/dist-packages:${PYTHONPATH} /usr/bin/cmake /workspace/src/ros2_RobotSimulation/UniversalRobots/UR10/ur10_ros2_moveit2 -DCMAKE_INSTALL_PREFIX=/workspace/src/install/ur10_ros2_moveit2
[1.772s] Invoking command in '/workspace/src/build/ur10_ros2_moveit2': AMENT_PREFIX_PATH=/workspace/src/install/ros2_data:${AMENT_PREFIX_PATH} CMAKE_PREFIX_PATH=/workspace/src/install/ros2_data:/workspace/src/install/lakme_ros:/workspace/install/lakme_ros:/opt/ros/humble LD_LIBRARY_PATH=/workspace/src/install/ros2_data/lib:${LD_LIBRARY_PATH} PYTHONPATH=/workspace/src/install/ros2_data/local/lib/python3.10/dist-packages:${PYTHONPATH} /usr/bin/cmake --build /workspace/src/build/ur10_ros2_moveit2 -- -j12 -l12
[1.870s] Invoked command in '/workspace/src/build/ur10_ros2_moveit2' returned '0': AMENT_PREFIX_PATH=/workspace/src/install/ros2_data:${AMENT_PREFIX_PATH} CMAKE_PREFIX_PATH=/workspace/src/install/ros2_data:/workspace/src/install/lakme_ros:/workspace/install/lakme_ros:/opt/ros/humble LD_LIBRARY_PATH=/workspace/src/install/ros2_data/lib:${LD_LIBRARY_PATH} PYTHONPATH=/workspace/src/install/ros2_data/local/lib/python3.10/dist-packages:${PYTHONPATH} /usr/bin/cmake --build /workspace/src/build/ur10_ros2_moveit2 -- -j12 -l12
[1.939s] Invoking command in '/workspace/src/build/ur10_ros2_moveit2': AMENT_PREFIX_PATH=/workspace/src/install/ros2_data:${AMENT_PREFIX_PATH} CMAKE_PREFIX_PATH=/workspace/src/install/ros2_data:/workspace/src/install/lakme_ros:/workspace/install/lakme_ros:/opt/ros/humble LD_LIBRARY_PATH=/workspace/src/install/ros2_data/lib:${LD_LIBRARY_PATH} PYTHONPATH=/workspace/src/install/ros2_data/local/lib/python3.10/dist-packages:${PYTHONPATH} /usr/bin/cmake --install /workspace/src/build/ur10_ros2_moveit2
[1.980s] -- Install configuration: ""
[1.980s] -- Installing: /workspace/src/install/ur10_ros2_moveit2/share/ur10_ros2_moveit2/config
[1.980s] -- Installing: /workspace/src/install/ur10_ros2_moveit2/share/ur10_ros2_moveit2/config/ur10_controllers.yaml
[1.981s] -- Installing: /workspace/src/install/ur10_ros2_moveit2/share/ur10_ros2_moveit2/config/ompl_planning.yaml
[1.983s] -- Installing: /workspace/src/install/ur10_ros2_moveit2/share/ur10_ros2_moveit2/config/ur10_moveit2.rviz
[1.983s] -- Installing: /workspace/src/install/ur10_ros2_moveit2/share/ur10_ros2_moveit2/config/ur10.srdf
[1.984s] -- Installing: /workspace/src/install/ur10_ros2_moveit2/share/ur10_ros2_moveit2/config/chomp_planning.yaml
[1.984s] -- Installing: /workspace/src/install/ur10_ros2_moveit2/share/ur10_ros2_moveit2/config/kinematics.yaml
[1.984s] -- Installing: /workspace/src/install/ur10_ros2_moveit2/share/ur10_ros2_moveit2/launch
[1.984s] -- Installing: /workspace/src/install/ur10_ros2_moveit2/share/ur10_ros2_moveit2/launch/ur10.launch.py
[1.984s] -- Installing: /workspace/src/install/ur10_ros2_moveit2/share/ur10_ros2_moveit2/launch/ur10_interface.launch.py
[1.985s] -- Installing: /workspace/src/install/ur10_ros2_moveit2/share/ament_index/resource_index/package_run_dependencies/ur10_ros2_moveit2
[1.985s] -- Installing: /workspace/src/install/ur10_ros2_moveit2/share/ament_index/resource_index/parent_prefix_path/ur10_ros2_moveit2
[1.985s] -- Installing: /workspace/src/install/ur10_ros2_moveit2/share/ur10_ros2_moveit2/environment/ament_prefix_path.sh
[1.985s] -- Installing: /workspace/src/install/ur10_ros2_moveit2/share/ur10_ros2_moveit2/environment/ament_prefix_path.dsv
[1.988s] -- Installing: /workspace/src/install/ur10_ros2_moveit2/share/ur10_ros2_moveit2/environment/path.sh
[1.988s] -- Installing: /workspace/src/install/ur10_ros2_moveit2/share/ur10_ros2_moveit2/environment/path.dsv
[1.988s] -- Installing: /workspace/src/install/ur10_ros2_moveit2/share/ur10_ros2_moveit2/local_setup.bash
[1.988s] -- Installing: /workspace/src/install/ur10_ros2_moveit2/share/ur10_ros2_moveit2/local_setup.sh
[1.989s] -- Installing: /workspace/src/install/ur10_ros2_moveit2/share/ur10_ros2_moveit2/local_setup.zsh
[1.989s] -- Installing: /workspace/src/install/ur10_ros2_moveit2/share/ur10_ros2_moveit2/local_setup.dsv
[1.989s] -- Installing: /workspace/src/install/ur10_ros2_moveit2/share/ur10_ros2_moveit2/package.dsv
[1.992s] -- Installing: /workspace/src/install/ur10_ros2_moveit2/share/ament_index/resource_index/packages/ur10_ros2_moveit2
[1.993s] -- Installing: /workspace/src/install/ur10_ros2_moveit2/share/ur10_ros2_moveit2/cmake/ur10_ros2_moveit2Config.cmake
[1.993s] -- Installing: /workspace/src/install/ur10_ros2_moveit2/share/ur10_ros2_moveit2/cmake/ur10_ros2_moveit2Config-version.cmake
[1.994s] -- Installing: /workspace/src/install/ur10_ros2_moveit2/share/ur10_ros2_moveit2/package.xml
[2.000s] Invoked command in '/workspace/src/build/ur10_ros2_moveit2' returned '0': AMENT_PREFIX_PATH=/workspace/src/install/ros2_data:${AMENT_PREFIX_PATH} CMAKE_PREFIX_PATH=/workspace/src/install/ros2_data:/workspace/src/install/lakme_ros:/workspace/install/lakme_ros:/opt/ros/humble LD_LIBRARY_PATH=/workspace/src/install/ros2_data/lib:${LD_LIBRARY_PATH} PYTHONPATH=/workspace/src/install/ros2_data/local/lib/python3.10/dist-packages:${PYTHONPATH} /usr/bin/cmake --install /workspace/src/build/ur10_ros2_moveit2
