[0.568s] Invoking command in '/workspace/src/build/irb1200_ros2_gazebo': CMAKE_PREFIX_PATH=${CMAKE_PREFIX_PATH}:/opt/ros/humble /usr/bin/cmake /workspace/src/ros2_RobotSimulation/ABBRobots/IRB1200/irb1200_ros2_gazebo -DCMAKE_INSTALL_PREFIX=/workspace/src/install/irb1200_ros2_gazebo
[1.114s] -- The C compiler identification is GNU 11.3.0
[1.114s] -- The CXX compiler identification is GNU 11.3.0
[1.114s] -- Detecting C compiler ABI info
[1.114s] -- Detecting C compiler ABI info - done
[1.114s] -- Check for working C compiler: /usr/bin/cc - skipped
[1.115s] -- Detecting C compile features
[1.115s] -- Detecting C compile features - done
[1.115s] -- Detecting CXX compiler ABI info
[1.115s] -- Detecting CXX compiler ABI info - done
[1.161s] -- Check for working CXX compiler: /usr/bin/c++ - skipped
[1.162s] -- Detecting CXX compile features
[1.163s] -- Detecting CXX compile features - done
[1.172s] -- Found ament_cmake: 1.3.4 (/opt/ros/humble/share/ament_cmake/cmake)
[1.611s] -- Found Python3: /usr/bin/python3.10 (found version "3.10.6") found components: Interpreter 
[1.921s] -- Found ament_lint_auto: 0.12.6 (/opt/ros/humble/share/ament_lint_auto/cmake)
[2.090s] -- Added test 'copyright' to check source files copyright and LICENSE
[2.100s] -- Added test 'flake8' to check Python code syntax and style conventions
[2.102s] -- Added test 'lint_cmake' to check CMake code style
[2.105s] -- Added test 'pep257' to check Python code against some of the docstring style conventions in PEP 257
[2.118s] -- Added test 'xmllint' to check XML markup files
[2.121s] -- Configuring done
[2.127s] -- Generating done
[2.129s] -- Build files have been written to: /workspace/src/build/irb1200_ros2_gazebo
[2.281s] Invoked command in '/workspace/src/build/irb1200_ros2_gazebo' returned '0': CMAKE_PREFIX_PATH=${CMAKE_PREFIX_PATH}:/opt/ros/humble /usr/bin/cmake /workspace/src/ros2_RobotSimulation/ABBRobots/IRB1200/irb1200_ros2_gazebo -DCMAKE_INSTALL_PREFIX=/workspace/src/install/irb1200_ros2_gazebo
[2.284s] Invoking command in '/workspace/src/build/irb1200_ros2_gazebo': CMAKE_PREFIX_PATH=${CMAKE_PREFIX_PATH}:/opt/ros/humble /usr/bin/cmake --build /workspace/src/build/irb1200_ros2_gazebo -- -j12 -l12
[2.457s] Invoked command in '/workspace/src/build/irb1200_ros2_gazebo' returned '0': CMAKE_PREFIX_PATH=${CMAKE_PREFIX_PATH}:/opt/ros/humble /usr/bin/cmake --build /workspace/src/build/irb1200_ros2_gazebo -- -j12 -l12
[2.568s] Invoking command in '/workspace/src/build/irb1200_ros2_gazebo': CMAKE_PREFIX_PATH=${CMAKE_PREFIX_PATH}:/opt/ros/humble /usr/bin/cmake --install /workspace/src/build/irb1200_ros2_gazebo
[2.606s] -- Install configuration: ""
[2.606s] -- Installing: /workspace/src/install/irb1200_ros2_gazebo/share/irb1200_ros2_gazebo/config
[2.606s] -- Installing: /workspace/src/install/irb1200_ros2_gazebo/share/irb1200_ros2_gazebo/config/irb1200_controller.yaml
[2.606s] -- Installing: /workspace/src/install/irb1200_ros2_gazebo/share/irb1200_ros2_gazebo/launch
[2.606s] -- Installing: /workspace/src/install/irb1200_ros2_gazebo/share/irb1200_ros2_gazebo/launch/irb1200_simulation.launch.py
[2.607s] -- Installing: /workspace/src/install/irb1200_ros2_gazebo/share/irb1200_ros2_gazebo/urdf
[2.607s] -- Installing: /workspace/src/install/irb1200_ros2_gazebo/share/irb1200_ros2_gazebo/urdf/abb_resources
[2.608s] -- Installing: /workspace/src/install/irb1200_ros2_gazebo/share/irb1200_ros2_gazebo/urdf/abb_resources/common_materials.xacro
[2.608s] -- Installing: /workspace/src/install/irb1200_ros2_gazebo/share/irb1200_ros2_gazebo/urdf/abb_resources/common_colours.xacro
[2.608s] -- Installing: /workspace/src/install/irb1200_ros2_gazebo/share/irb1200_ros2_gazebo/urdf/irb1200_ros2control.xacro
[2.609s] -- Installing: /workspace/src/install/irb1200_ros2_gazebo/share/irb1200_ros2_gazebo/urdf/irb1200_macro.urdf.xacro
[2.609s] -- Installing: /workspace/src/install/irb1200_ros2_gazebo/share/irb1200_ros2_gazebo/urdf/irb1200_transmission.xacro
[2.609s] -- Installing: /workspace/src/install/irb1200_ros2_gazebo/share/irb1200_ros2_gazebo/urdf/irb1200.urdf.xacro
[2.609s] -- Installing: /workspace/src/install/irb1200_ros2_gazebo/share/irb1200_ros2_gazebo/worlds
[2.609s] -- Installing: /workspace/src/install/irb1200_ros2_gazebo/share/irb1200_ros2_gazebo/worlds/irb1200.world
[2.609s] -- Installing: /workspace/src/install/irb1200_ros2_gazebo/share/irb1200_ros2_gazebo/meshes
[2.610s] -- Installing: /workspace/src/install/irb1200_ros2_gazebo/share/irb1200_ros2_gazebo/meshes/collision
[2.610s] -- Installing: /workspace/src/install/irb1200_ros2_gazebo/share/irb1200_ros2_gazebo/meshes/collision/link_4.stl
[2.610s] -- Installing: /workspace/src/install/irb1200_ros2_gazebo/share/irb1200_ros2_gazebo/meshes/collision/link_2.stl
[2.610s] -- Installing: /workspace/src/install/irb1200_ros2_gazebo/share/irb1200_ros2_gazebo/meshes/collision/link_1.stl
[2.610s] -- Installing: /workspace/src/install/irb1200_ros2_gazebo/share/irb1200_ros2_gazebo/meshes/collision/base_link.stl
[2.611s] -- Installing: /workspace/src/install/irb1200_ros2_gazebo/share/irb1200_ros2_gazebo/meshes/collision/link_3.stl
[2.611s] -- Installing: /workspace/src/install/irb1200_ros2_gazebo/share/irb1200_ros2_gazebo/meshes/collision/link_6.stl
[2.611s] -- Installing: /workspace/src/install/irb1200_ros2_gazebo/share/irb1200_ros2_gazebo/meshes/collision/link_5.stl
[2.611s] -- Installing: /workspace/src/install/irb1200_ros2_gazebo/share/irb1200_ros2_gazebo/meshes/visual
[2.611s] -- Installing: /workspace/src/install/irb1200_ros2_gazebo/share/irb1200_ros2_gazebo/meshes/visual/base_link.dae
[2.611s] -- Installing: /workspace/src/install/irb1200_ros2_gazebo/share/irb1200_ros2_gazebo/meshes/visual/link_2.dae
[2.612s] -- Installing: /workspace/src/install/irb1200_ros2_gazebo/share/irb1200_ros2_gazebo/meshes/visual/link_1.dae
[2.613s] -- Installing: /workspace/src/install/irb1200_ros2_gazebo/share/irb1200_ros2_gazebo/meshes/visual/link_4.dae
[2.614s] -- Installing: /workspace/src/install/irb1200_ros2_gazebo/share/irb1200_ros2_gazebo/meshes/visual/link_6.dae
[2.614s] -- Installing: /workspace/src/install/irb1200_ros2_gazebo/share/irb1200_ros2_gazebo/meshes/visual/link_5.dae
[2.615s] -- Installing: /workspace/src/install/irb1200_ros2_gazebo/share/irb1200_ros2_gazebo/meshes/visual/link_3.dae
[2.620s] -- Installing: /workspace/src/install/irb1200_ros2_gazebo/share/ament_index/resource_index/package_run_dependencies/irb1200_ros2_gazebo
[2.621s] -- Installing: /workspace/src/install/irb1200_ros2_gazebo/share/ament_index/resource_index/parent_prefix_path/irb1200_ros2_gazebo
[2.621s] -- Installing: /workspace/src/install/irb1200_ros2_gazebo/share/irb1200_ros2_gazebo/environment/ament_prefix_path.sh
[2.621s] -- Installing: /workspace/src/install/irb1200_ros2_gazebo/share/irb1200_ros2_gazebo/environment/ament_prefix_path.dsv
[2.621s] -- Installing: /workspace/src/install/irb1200_ros2_gazebo/share/irb1200_ros2_gazebo/environment/path.sh
[2.622s] -- Installing: /workspace/src/install/irb1200_ros2_gazebo/share/irb1200_ros2_gazebo/environment/path.dsv
[2.622s] -- Installing: /workspace/src/install/irb1200_ros2_gazebo/share/irb1200_ros2_gazebo/local_setup.bash
[2.622s] -- Installing: /workspace/src/install/irb1200_ros2_gazebo/share/irb1200_ros2_gazebo/local_setup.sh
[2.623s] -- Installing: /workspace/src/install/irb1200_ros2_gazebo/share/irb1200_ros2_gazebo/local_setup.zsh
[2.623s] -- Installing: /workspace/src/install/irb1200_ros2_gazebo/share/irb1200_ros2_gazebo/local_setup.dsv
[2.623s] -- Installing: /workspace/src/install/irb1200_ros2_gazebo/share/irb1200_ros2_gazebo/package.dsv
[2.630s] -- Installing: /workspace/src/install/irb1200_ros2_gazebo/share/ament_index/resource_index/packages/irb1200_ros2_gazebo
[2.630s] -- Installing: /workspace/src/install/irb1200_ros2_gazebo/share/irb1200_ros2_gazebo/cmake/irb1200_ros2_gazeboConfig.cmake
[2.630s] -- Installing: /workspace/src/install/irb1200_ros2_gazebo/share/irb1200_ros2_gazebo/cmake/irb1200_ros2_gazeboConfig-version.cmake
[2.631s] -- Installing: /workspace/src/install/irb1200_ros2_gazebo/share/irb1200_ros2_gazebo/package.xml
[2.753s] Invoked command in '/workspace/src/build/irb1200_ros2_gazebo' returned '0': CMAKE_PREFIX_PATH=${CMAKE_PREFIX_PATH}:/opt/ros/humble /usr/bin/cmake --install /workspace/src/build/irb1200_ros2_gazebo
