[0.154s] Invoking command in '/workspace/src/build/ros2_mid_actions': CMAKE_PREFIX_PATH=${CMAKE_PREFIX_PATH}:/opt/ros/humble /usr/bin/cmake /workspace/src/ros2_mid_actions -DCMAKE_INSTALL_PREFIX=/workspace/src/install/ros2_mid_actions
[0.326s] -- The C compiler identification is GNU 11.3.0
[0.482s] -- The CXX compiler identification is GNU 11.3.0
[0.503s] -- Detecting C compiler ABI info
[0.662s] -- Detecting C compiler ABI info - done
[0.680s] -- Check for working C compiler: /usr/bin/cc - skipped
[0.681s] -- Detecting C compile features
[0.683s] -- Detecting C compile features - done
[0.690s] -- Detecting CXX compiler ABI info
[0.812s] -- Detecting CXX compiler ABI info - done
[0.834s] -- Check for working CXX compiler: /usr/bin/c++ - skipped
[0.835s] -- Detecting CXX compile features
[0.836s] -- Detecting CXX compile features - done
[0.845s] -- Found ament_cmake: 1.3.4 (/opt/ros/humble/share/ament_cmake/cmake)
[1.171s] -- Found Python3: /usr/bin/python3.10 (found version "3.10.6") found components: Interpreter 
[1.476s] -- Found ament_lint_auto: 0.12.6 (/opt/ros/humble/share/ament_lint_auto/cmake)
[1.694s] -- Found rosidl_default_generators: 1.2.0 (/opt/ros/humble/share/rosidl_default_generators/cmake)
[1.707s] -- Using all available rosidl_typesupport_c: rosidl_typesupport_fastrtps_c;rosidl_typesupport_introspection_c
[1.755s] -- Found rosidl_adapter: 3.1.4 (/opt/ros/humble/share/rosidl_adapter/cmake)
[1.903s] -- Using all available rosidl_typesupport_cpp: rosidl_typesupport_fastrtps_cpp;rosidl_typesupport_introspection_cpp
[2.702s] -- Found ament_cmake_ros: 0.10.0 (/opt/ros/humble/share/ament_cmake_ros/cmake)
[3.097s] -- Using all available rosidl_typesupport_c: rosidl_typesupport_fastrtps_c;rosidl_typesupport_introspection_c
[3.535s] -- Using all available rosidl_typesupport_cpp: rosidl_typesupport_fastrtps_cpp;rosidl_typesupport_introspection_cpp
[3.565s] -- Found PythonInterp: /usr/bin/python3 (found suitable version "3.10.6", minimum required is "3.6") 
[3.571s] -- Found python_cmake_module: 0.10.0 (/opt/ros/humble/share/python_cmake_module/cmake)
[3.608s] -- Found PythonLibs: /usr/lib/x86_64-linux-gnu/libpython3.10.so (found suitable version "3.10.6", minimum required is "3.5") 
[3.609s] -- Using PYTHON_EXECUTABLE: /usr/bin/python3
[3.609s] -- Using PYTHON_INCLUDE_DIRS: /usr/include/python3.10
[3.609s] -- Using PYTHON_LIBRARIES: /usr/lib/x86_64-linux-gnu/libpython3.10.so
[3.644s] -- Found PythonExtra: .so  
[3.742s] -- Added test 'lint_cmake' to check CMake code style
[3.758s] -- Added test 'xmllint' to check XML markup files
[3.797s] -- Configuring done
[3.872s] -- Generating done
[3.877s] -- Build files have been written to: /workspace/src/build/ros2_mid_actions
[3.898s] Invoked command in '/workspace/src/build/ros2_mid_actions' returned '0': CMAKE_PREFIX_PATH=${CMAKE_PREFIX_PATH}:/opt/ros/humble /usr/bin/cmake /workspace/src/ros2_mid_actions -DCMAKE_INSTALL_PREFIX=/workspace/src/install/ros2_mid_actions
[3.900s] Invoking command in '/workspace/src/build/ros2_mid_actions': CMAKE_PREFIX_PATH=${CMAKE_PREFIX_PATH}:/opt/ros/humble /usr/bin/cmake --build /workspace/src/build/ros2_mid_actions -- -j12 -l12
[3.967s] [  3%] [34m[1mGenerating C code for ROS interfaces[0m
[3.988s] [  6%] [34m[1mGenerating C++ code for ROS interfaces[0m
[4.004s] [  6%] Built target ament_cmake_python_copy_ros2_mid_actions
[4.449s] running egg_info
[4.449s] creating ros2_mid_actions.egg-info
[4.450s] writing ros2_mid_actions.egg-info/PKG-INFO
[4.450s] writing dependency_links to ros2_mid_actions.egg-info/dependency_links.txt
[4.450s] writing top-level names to ros2_mid_actions.egg-info/top_level.txt
[4.451s] writing manifest file 'ros2_mid_actions.egg-info/SOURCES.txt'
[4.453s] reading manifest file 'ros2_mid_actions.egg-info/SOURCES.txt'
[4.454s] writing manifest file 'ros2_mid_actions.egg-info/SOURCES.txt'
[4.483s] [  6%] Built target ament_cmake_python_build_ros2_mid_actions_egg
[4.863s] [  9%] [32mBuilding C object CMakeFiles/ros2_mid_actions__rosidl_generator_c.dir/rosidl_generator_c/ros2_mid_actions/action/detail/inverse_kinematics__functions.c.o[0m
[4.989s] [  9%] Built target ros2_mid_actions__cpp
[5.012s] [ 12%] [34m[1mGenerating C++ type support for eProsima Fast-RTPS[0m
[5.032s] [ 16%] [34m[1mGenerating C++ type support dispatch for ROS interfaces[0m
[5.032s] [ 19%] [34m[1mGenerating C++ introspection for ROS interfaces[0m
[5.199s] [ 22%] [32m[1mLinking C shared library libros2_mid_actions__rosidl_generator_c.so[0m
[5.420s] [ 22%] Built target ros2_mid_actions__rosidl_generator_c
[5.448s] [ 25%] [34m[1mGenerating C type support for eProsima Fast-RTPS[0m
[5.463s] [ 29%] [34m[1mGenerating C type support dispatch for ROS interfaces[0m
[5.486s] [ 32%] [34m[1mGenerating C introspection for ROS interfaces[0m
[5.935s] [ 35%] [32mBuilding CXX object CMakeFiles/ros2_mid_actions__rosidl_typesupport_cpp.dir/rosidl_typesupport_cpp/ros2_mid_actions/action/inverse_kinematics__type_support.cpp.o[0m
[6.027s] [ 38%] [32mBuilding CXX object CMakeFiles/ros2_mid_actions__rosidl_typesupport_introspection_cpp.dir/rosidl_typesupport_introspection_cpp/ros2_mid_actions/action/detail/inverse_kinematics__type_support.cpp.o[0m
[6.384s] [ 41%] [32mBuilding CXX object CMakeFiles/ros2_mid_actions__rosidl_typesupport_fastrtps_cpp.dir/rosidl_typesupport_fastrtps_cpp/ros2_mid_actions/action/detail/dds_fastrtps/inverse_kinematics__type_support.cpp.o[0m
[6.781s] [ 45%] [32mBuilding CXX object CMakeFiles/ros2_mid_actions__rosidl_typesupport_fastrtps_c.dir/rosidl_typesupport_fastrtps_c/ros2_mid_actions/action/detail/inverse_kinematics__type_support_c.cpp.o[0m
[6.797s] [ 48%] [32mBuilding CXX object CMakeFiles/ros2_mid_actions__rosidl_typesupport_c.dir/rosidl_typesupport_c/ros2_mid_actions/action/inverse_kinematics__type_support.cpp.o[0m
[6.949s] [ 51%] [32mBuilding C object CMakeFiles/ros2_mid_actions__rosidl_typesupport_introspection_c.dir/rosidl_typesupport_introspection_c/ros2_mid_actions/action/detail/inverse_kinematics__type_support.c.o[0m
[7.117s] [ 54%] [32m[1mLinking CXX shared library libros2_mid_actions__rosidl_typesupport_c.so[0m
[7.275s] [ 58%] [32m[1mLinking C shared library libros2_mid_actions__rosidl_typesupport_introspection_c.so[0m
[7.359s] [ 58%] Built target ros2_mid_actions__rosidl_typesupport_c
[7.513s] [ 58%] Built target ros2_mid_actions__rosidl_typesupport_introspection_c
[7.547s] [ 61%] [32m[1mLinking CXX shared library libros2_mid_actions__rosidl_typesupport_cpp.so[0m
[7.791s] [ 61%] Built target ros2_mid_actions__rosidl_typesupport_cpp
[8.275s] [ 64%] [32m[1mLinking CXX shared library libros2_mid_actions__rosidl_typesupport_fastrtps_c.so[0m
[8.508s] [ 67%] [32m[1mLinking CXX shared library libros2_mid_actions__rosidl_typesupport_introspection_cpp.so[0m
[8.576s] [ 67%] Built target ros2_mid_actions__rosidl_typesupport_fastrtps_c
[8.661s] [ 70%] [32m[1mLinking CXX shared library libros2_mid_actions__rosidl_typesupport_fastrtps_cpp.so[0m
[8.736s] [ 70%] Built target ros2_mid_actions__rosidl_typesupport_introspection_cpp
[8.839s] [ 70%] Built target ros2_mid_actions__rosidl_typesupport_fastrtps_cpp
[8.877s] [ 70%] Built target ros2_mid_actions
[8.930s] [ 74%] [34m[1mGenerating Python code for ROS interfaces[0m
[10.813s] [ 74%] Built target ros2_mid_actions__py
[10.860s] [ 77%] [32mBuilding C object CMakeFiles/ros2_mid_actions__rosidl_generator_py.dir/rosidl_generator_py/ros2_mid_actions/action/_inverse_kinematics_s.c.o[0m
[11.205s] [ 80%] [32m[1mLinking C shared library rosidl_generator_py/ros2_mid_actions/libros2_mid_actions__rosidl_generator_py.so[0m
[11.297s] [ 80%] Built target ros2_mid_actions__rosidl_generator_py
[11.391s] [ 83%] [32mBuilding C object CMakeFiles/ros2_mid_actions__rosidl_typesupport_fastrtps_c__pyext.dir/rosidl_generator_py/ros2_mid_actions/_ros2_mid_actions_s.ep.rosidl_typesupport_fastrtps_c.c.o[0m
[11.399s] [ 87%] [32mBuilding C object CMakeFiles/ros2_mid_actions__rosidl_typesupport_c__pyext.dir/rosidl_generator_py/ros2_mid_actions/_ros2_mid_actions_s.ep.rosidl_typesupport_c.c.o[0m
[11.427s] [ 90%] [32mBuilding C object CMakeFiles/ros2_mid_actions__rosidl_typesupport_introspection_c__pyext.dir/rosidl_generator_py/ros2_mid_actions/_ros2_mid_actions_s.ep.rosidl_typesupport_introspection_c.c.o[0m
[11.691s] [ 93%] [32m[1mLinking C shared library rosidl_generator_py/ros2_mid_actions/ros2_mid_actions_s__rosidl_typesupport_fastrtps_c.cpython-310-x86_64-linux-gnu.so[0m
[11.711s] [ 96%] [32m[1mLinking C shared library rosidl_generator_py/ros2_mid_actions/ros2_mid_actions_s__rosidl_typesupport_introspection_c.cpython-310-x86_64-linux-gnu.so[0m
[11.736s] [100%] [32m[1mLinking C shared library rosidl_generator_py/ros2_mid_actions/ros2_mid_actions_s__rosidl_typesupport_c.cpython-310-x86_64-linux-gnu.so[0m
[11.779s] [100%] Built target ros2_mid_actions__rosidl_typesupport_fastrtps_c__pyext
[11.796s] [100%] Built target ros2_mid_actions__rosidl_typesupport_introspection_c__pyext
[11.824s] [100%] Built target ros2_mid_actions__rosidl_typesupport_c__pyext
[11.845s] Invoked command in '/workspace/src/build/ros2_mid_actions' returned '0': CMAKE_PREFIX_PATH=${CMAKE_PREFIX_PATH}:/opt/ros/humble /usr/bin/cmake --build /workspace/src/build/ros2_mid_actions -- -j12 -l12
[11.966s] Invoking command in '/workspace/src/build/ros2_mid_actions': CMAKE_PREFIX_PATH=${CMAKE_PREFIX_PATH}:/opt/ros/humble /usr/bin/cmake --install /workspace/src/build/ros2_mid_actions
[11.980s] -- Install configuration: ""
[11.980s] -- Installing: /workspace/src/install/ros2_mid_actions/share/ament_index/resource_index/rosidl_interfaces/ros2_mid_actions
[11.982s] -- Installing: /workspace/src/install/ros2_mid_actions/include/ros2_mid_actions/ros2_mid_actions
[11.982s] -- Installing: /workspace/src/install/ros2_mid_actions/include/ros2_mid_actions/ros2_mid_actions/action
[11.982s] -- Installing: /workspace/src/install/ros2_mid_actions/include/ros2_mid_actions/ros2_mid_actions/action/detail
[11.982s] -- Installing: /workspace/src/install/ros2_mid_actions/include/ros2_mid_actions/ros2_mid_actions/action/detail/inverse_kinematics__type_support.h
[11.983s] -- Installing: /workspace/src/install/ros2_mid_actions/include/ros2_mid_actions/ros2_mid_actions/action/detail/inverse_kinematics__struct.h
[11.983s] -- Installing: /workspace/src/install/ros2_mid_actions/include/ros2_mid_actions/ros2_mid_actions/action/detail/inverse_kinematics__functions.h
[11.983s] -- Installing: /workspace/src/install/ros2_mid_actions/include/ros2_mid_actions/ros2_mid_actions/action/detail/inverse_kinematics__functions.c
[11.983s] -- Installing: /workspace/src/install/ros2_mid_actions/include/ros2_mid_actions/ros2_mid_actions/action/inverse_kinematics.h
[11.984s] -- Installing: /workspace/src/install/ros2_mid_actions/include/ros2_mid_actions/ros2_mid_actions/msg
[11.984s] -- Installing: /workspace/src/install/ros2_mid_actions/include/ros2_mid_actions/ros2_mid_actions/msg/rosidl_generator_c__visibility_control.h
[11.984s] -- Installing: /workspace/src/install/ros2_mid_actions/share/ros2_mid_actions/environment/library_path.sh
[11.984s] -- Installing: /workspace/src/install/ros2_mid_actions/share/ros2_mid_actions/environment/library_path.dsv
[11.984s] -- Installing: /workspace/src/install/ros2_mid_actions/lib/libros2_mid_actions__rosidl_generator_c.so
[11.985s] -- Set runtime path of "/workspace/src/install/ros2_mid_actions/lib/libros2_mid_actions__rosidl_generator_c.so" to ""
[11.985s] -- Up-to-date: /workspace/src/install/ros2_mid_actions/include/ros2_mid_actions/ros2_mid_actions
[11.986s] -- Up-to-date: /workspace/src/install/ros2_mid_actions/include/ros2_mid_actions/ros2_mid_actions/action
[11.986s] -- Up-to-date: /workspace/src/install/ros2_mid_actions/include/ros2_mid_actions/ros2_mid_actions/action/detail
[11.986s] -- Installing: /workspace/src/install/ros2_mid_actions/include/ros2_mid_actions/ros2_mid_actions/action/detail/inverse_kinematics__rosidl_typesupport_fastrtps_c.h
[11.986s] -- Up-to-date: /workspace/src/install/ros2_mid_actions/include/ros2_mid_actions/ros2_mid_actions/msg
[11.986s] -- Installing: /workspace/src/install/ros2_mid_actions/include/ros2_mid_actions/ros2_mid_actions/msg/rosidl_typesupport_fastrtps_c__visibility_control.h
[11.987s] -- Installing: /workspace/src/install/ros2_mid_actions/lib/libros2_mid_actions__rosidl_typesupport_fastrtps_c.so
[11.987s] -- Set runtime path of "/workspace/src/install/ros2_mid_actions/lib/libros2_mid_actions__rosidl_typesupport_fastrtps_c.so" to ""
[11.987s] -- Up-to-date: /workspace/src/install/ros2_mid_actions/include/ros2_mid_actions/ros2_mid_actions
[11.987s] -- Up-to-date: /workspace/src/install/ros2_mid_actions/include/ros2_mid_actions/ros2_mid_actions/action
[11.988s] -- Up-to-date: /workspace/src/install/ros2_mid_actions/include/ros2_mid_actions/ros2_mid_actions/action/detail
[11.988s] -- Installing: /workspace/src/install/ros2_mid_actions/include/ros2_mid_actions/ros2_mid_actions/action/detail/inverse_kinematics__rosidl_typesupport_introspection_c.h
[11.988s] -- Installing: /workspace/src/install/ros2_mid_actions/include/ros2_mid_actions/ros2_mid_actions/action/detail/inverse_kinematics__type_support.c
[11.988s] -- Up-to-date: /workspace/src/install/ros2_mid_actions/include/ros2_mid_actions/ros2_mid_actions/msg
[11.988s] -- Installing: /workspace/src/install/ros2_mid_actions/include/ros2_mid_actions/ros2_mid_actions/msg/rosidl_typesupport_introspection_c__visibility_control.h
[11.989s] -- Installing: /workspace/src/install/ros2_mid_actions/lib/libros2_mid_actions__rosidl_typesupport_introspection_c.so
[11.989s] -- Set runtime path of "/workspace/src/install/ros2_mid_actions/lib/libros2_mid_actions__rosidl_typesupport_introspection_c.so" to ""
[11.989s] -- Installing: /workspace/src/install/ros2_mid_actions/lib/libros2_mid_actions__rosidl_typesupport_c.so
[11.990s] -- Set runtime path of "/workspace/src/install/ros2_mid_actions/lib/libros2_mid_actions__rosidl_typesupport_c.so" to ""
[11.990s] -- Up-to-date: /workspace/src/install/ros2_mid_actions/include/ros2_mid_actions/ros2_mid_actions
[11.990s] -- Up-to-date: /workspace/src/install/ros2_mid_actions/include/ros2_mid_actions/ros2_mid_actions/action
[11.990s] -- Up-to-date: /workspace/src/install/ros2_mid_actions/include/ros2_mid_actions/ros2_mid_actions/action/detail
[11.991s] -- Installing: /workspace/src/install/ros2_mid_actions/include/ros2_mid_actions/ros2_mid_actions/action/detail/inverse_kinematics__builder.hpp
[11.991s] -- Installing: /workspace/src/install/ros2_mid_actions/include/ros2_mid_actions/ros2_mid_actions/action/detail/inverse_kinematics__traits.hpp
[11.991s] -- Installing: /workspace/src/install/ros2_mid_actions/include/ros2_mid_actions/ros2_mid_actions/action/detail/inverse_kinematics__struct.hpp
[11.991s] -- Installing: /workspace/src/install/ros2_mid_actions/include/ros2_mid_actions/ros2_mid_actions/action/inverse_kinematics.hpp
[11.991s] -- Up-to-date: /workspace/src/install/ros2_mid_actions/include/ros2_mid_actions/ros2_mid_actions
[11.991s] -- Up-to-date: /workspace/src/install/ros2_mid_actions/include/ros2_mid_actions/ros2_mid_actions/action
[11.992s] -- Up-to-date: /workspace/src/install/ros2_mid_actions/include/ros2_mid_actions/ros2_mid_actions/action/detail
[11.992s] -- Installing: /workspace/src/install/ros2_mid_actions/include/ros2_mid_actions/ros2_mid_actions/action/detail/dds_fastrtps
[11.993s] -- Installing: /workspace/src/install/ros2_mid_actions/include/ros2_mid_actions/ros2_mid_actions/action/detail/inverse_kinematics__rosidl_typesupport_fastrtps_cpp.hpp
[11.993s] -- Up-to-date: /workspace/src/install/ros2_mid_actions/include/ros2_mid_actions/ros2_mid_actions/msg
[11.993s] -- Installing: /workspace/src/install/ros2_mid_actions/include/ros2_mid_actions/ros2_mid_actions/msg/rosidl_typesupport_fastrtps_cpp__visibility_control.h
[11.994s] -- Installing: /workspace/src/install/ros2_mid_actions/lib/libros2_mid_actions__rosidl_typesupport_fastrtps_cpp.so
[11.994s] -- Set runtime path of "/workspace/src/install/ros2_mid_actions/lib/libros2_mid_actions__rosidl_typesupport_fastrtps_cpp.so" to ""
[11.994s] -- Up-to-date: /workspace/src/install/ros2_mid_actions/include/ros2_mid_actions/ros2_mid_actions
[11.994s] -- Up-to-date: /workspace/src/install/ros2_mid_actions/include/ros2_mid_actions/ros2_mid_actions/action
[11.995s] -- Up-to-date: /workspace/src/install/ros2_mid_actions/include/ros2_mid_actions/ros2_mid_actions/action/detail
[11.995s] -- Installing: /workspace/src/install/ros2_mid_actions/include/ros2_mid_actions/ros2_mid_actions/action/detail/inverse_kinematics__type_support.cpp
[11.995s] -- Installing: /workspace/src/install/ros2_mid_actions/include/ros2_mid_actions/ros2_mid_actions/action/detail/inverse_kinematics__rosidl_typesupport_introspection_cpp.hpp
[11.995s] -- Installing: /workspace/src/install/ros2_mid_actions/lib/libros2_mid_actions__rosidl_typesupport_introspection_cpp.so
[11.995s] -- Set runtime path of "/workspace/src/install/ros2_mid_actions/lib/libros2_mid_actions__rosidl_typesupport_introspection_cpp.so" to ""
[11.996s] -- Installing: /workspace/src/install/ros2_mid_actions/lib/libros2_mid_actions__rosidl_typesupport_cpp.so
[11.996s] -- Set runtime path of "/workspace/src/install/ros2_mid_actions/lib/libros2_mid_actions__rosidl_typesupport_cpp.so" to ""
[11.996s] -- Installing: /workspace/src/install/ros2_mid_actions/share/ros2_mid_actions/environment/pythonpath.sh
[11.997s] -- Installing: /workspace/src/install/ros2_mid_actions/share/ros2_mid_actions/environment/pythonpath.dsv
[11.997s] -- Installing: /workspace/src/install/ros2_mid_actions/local/lib/python3.10/dist-packages/ros2_mid_actions-0.0.0-py3.10.egg-info
[11.997s] -- Installing: /workspace/src/install/ros2_mid_actions/local/lib/python3.10/dist-packages/ros2_mid_actions-0.0.0-py3.10.egg-info/SOURCES.txt
[11.997s] -- Installing: /workspace/src/install/ros2_mid_actions/local/lib/python3.10/dist-packages/ros2_mid_actions-0.0.0-py3.10.egg-info/dependency_links.txt
[11.998s] -- Installing: /workspace/src/install/ros2_mid_actions/local/lib/python3.10/dist-packages/ros2_mid_actions-0.0.0-py3.10.egg-info/top_level.txt
[11.998s] -- Installing: /workspace/src/install/ros2_mid_actions/local/lib/python3.10/dist-packages/ros2_mid_actions-0.0.0-py3.10.egg-info/PKG-INFO
[11.998s] -- Installing: /workspace/src/install/ros2_mid_actions/local/lib/python3.10/dist-packages/ros2_mid_actions
[11.998s] -- Installing: /workspace/src/install/ros2_mid_actions/local/lib/python3.10/dist-packages/ros2_mid_actions/action
[11.999s] -- Installing: /workspace/src/install/ros2_mid_actions/local/lib/python3.10/dist-packages/ros2_mid_actions/action/_inverse_kinematics.py
[11.999s] -- Installing: /workspace/src/install/ros2_mid_actions/local/lib/python3.10/dist-packages/ros2_mid_actions/action/_inverse_kinematics_s.c
[11.999s] -- Installing: /workspace/src/install/ros2_mid_actions/local/lib/python3.10/dist-packages/ros2_mid_actions/action/__init__.py
[11.999s] -- Installing: /workspace/src/install/ros2_mid_actions/local/lib/python3.10/dist-packages/ros2_mid_actions/libros2_mid_actions__rosidl_generator_py.so
[12.000s] -- Installing: /workspace/src/install/ros2_mid_actions/local/lib/python3.10/dist-packages/ros2_mid_actions/ros2_mid_actions_s__rosidl_typesupport_c.cpython-310-x86_64-linux-gnu.so
[12.000s] -- Installing: /workspace/src/install/ros2_mid_actions/local/lib/python3.10/dist-packages/ros2_mid_actions/ros2_mid_actions_s__rosidl_typesupport_introspection_c.cpython-310-x86_64-linux-gnu.so
[12.000s] -- Installing: /workspace/src/install/ros2_mid_actions/local/lib/python3.10/dist-packages/ros2_mid_actions/_ros2_mid_actions_s.ep.rosidl_typesupport_fastrtps_c.c
[12.001s] -- Installing: /workspace/src/install/ros2_mid_actions/local/lib/python3.10/dist-packages/ros2_mid_actions/_ros2_mid_actions_s.ep.rosidl_typesupport_introspection_c.c
[12.001s] -- Installing: /workspace/src/install/ros2_mid_actions/local/lib/python3.10/dist-packages/ros2_mid_actions/__init__.py
[12.001s] -- Installing: /workspace/src/install/ros2_mid_actions/local/lib/python3.10/dist-packages/ros2_mid_actions/ros2_mid_actions_s__rosidl_typesupport_fastrtps_c.cpython-310-x86_64-linux-gnu.so
[12.002s] -- Installing: /workspace/src/install/ros2_mid_actions/local/lib/python3.10/dist-packages/ros2_mid_actions/_ros2_mid_actions_s.ep.rosidl_typesupport_c.c
[12.106s] Listing '/workspace/src/install/ros2_mid_actions/local/lib/python3.10/dist-packages/ros2_mid_actions'...
[12.106s] Compiling '/workspace/src/install/ros2_mid_actions/local/lib/python3.10/dist-packages/ros2_mid_actions/__init__.py'...
[12.106s] Listing '/workspace/src/install/ros2_mid_actions/local/lib/python3.10/dist-packages/ros2_mid_actions/action'...
[12.106s] Compiling '/workspace/src/install/ros2_mid_actions/local/lib/python3.10/dist-packages/ros2_mid_actions/action/__init__.py'...
[12.106s] Compiling '/workspace/src/install/ros2_mid_actions/local/lib/python3.10/dist-packages/ros2_mid_actions/action/_inverse_kinematics.py'...
[12.115s] -- Installing: /workspace/src/install/ros2_mid_actions/local/lib/python3.10/dist-packages/ros2_mid_actions/ros2_mid_actions_s__rosidl_typesupport_fastrtps_c.cpython-310-x86_64-linux-gnu.so
[12.116s] -- Set runtime path of "/workspace/src/install/ros2_mid_actions/local/lib/python3.10/dist-packages/ros2_mid_actions/ros2_mid_actions_s__rosidl_typesupport_fastrtps_c.cpython-310-x86_64-linux-gnu.so" to ""
[12.116s] -- Installing: /workspace/src/install/ros2_mid_actions/local/lib/python3.10/dist-packages/ros2_mid_actions/ros2_mid_actions_s__rosidl_typesupport_introspection_c.cpython-310-x86_64-linux-gnu.so
[12.117s] -- Set runtime path of "/workspace/src/install/ros2_mid_actions/local/lib/python3.10/dist-packages/ros2_mid_actions/ros2_mid_actions_s__rosidl_typesupport_introspection_c.cpython-310-x86_64-linux-gnu.so" to ""
[12.118s] -- Installing: /workspace/src/install/ros2_mid_actions/local/lib/python3.10/dist-packages/ros2_mid_actions/ros2_mid_actions_s__rosidl_typesupport_c.cpython-310-x86_64-linux-gnu.so
[12.119s] -- Set runtime path of "/workspace/src/install/ros2_mid_actions/local/lib/python3.10/dist-packages/ros2_mid_actions/ros2_mid_actions_s__rosidl_typesupport_c.cpython-310-x86_64-linux-gnu.so" to ""
[12.121s] -- Installing: /workspace/src/install/ros2_mid_actions/lib/libros2_mid_actions__rosidl_generator_py.so
[12.121s] -- Set runtime path of "/workspace/src/install/ros2_mid_actions/lib/libros2_mid_actions__rosidl_generator_py.so" to ""
[12.121s] -- Installing: /workspace/src/install/ros2_mid_actions/share/ros2_mid_actions/action/InverseKinematics.idl
[12.122s] -- Installing: /workspace/src/install/ros2_mid_actions/share/ros2_mid_actions/action/InverseKinematics.action
[12.122s] -- Installing: /workspace/src/install/ros2_mid_actions/share/ament_index/resource_index/package_run_dependencies/ros2_mid_actions
[12.122s] -- Installing: /workspace/src/install/ros2_mid_actions/share/ament_index/resource_index/parent_prefix_path/ros2_mid_actions
[12.135s] -- Installing: /workspace/src/install/ros2_mid_actions/share/ros2_mid_actions/environment/ament_prefix_path.sh
[12.135s] -- Installing: /workspace/src/install/ros2_mid_actions/share/ros2_mid_actions/environment/ament_prefix_path.dsv
[12.135s] -- Installing: /workspace/src/install/ros2_mid_actions/share/ros2_mid_actions/environment/path.sh
[12.135s] -- Installing: /workspace/src/install/ros2_mid_actions/share/ros2_mid_actions/environment/path.dsv
[12.136s] -- Installing: /workspace/src/install/ros2_mid_actions/share/ros2_mid_actions/local_setup.bash
[12.136s] -- Installing: /workspace/src/install/ros2_mid_actions/share/ros2_mid_actions/local_setup.sh
[12.137s] -- Installing: /workspace/src/install/ros2_mid_actions/share/ros2_mid_actions/local_setup.zsh
[12.137s] -- Installing: /workspace/src/install/ros2_mid_actions/share/ros2_mid_actions/local_setup.dsv
[12.137s] -- Installing: /workspace/src/install/ros2_mid_actions/share/ros2_mid_actions/package.dsv
[12.137s] -- Installing: /workspace/src/install/ros2_mid_actions/share/ament_index/resource_index/packages/ros2_mid_actions
[12.138s] -- Installing: /workspace/src/install/ros2_mid_actions/share/ros2_mid_actions/cmake/export_ros2_mid_actions__rosidl_generator_cExport.cmake
[12.138s] -- Installing: /workspace/src/install/ros2_mid_actions/share/ros2_mid_actions/cmake/export_ros2_mid_actions__rosidl_generator_cExport-noconfig.cmake
[12.139s] -- Installing: /workspace/src/install/ros2_mid_actions/share/ros2_mid_actions/cmake/export_ros2_mid_actions__rosidl_typesupport_fastrtps_cExport.cmake
[12.139s] -- Installing: /workspace/src/install/ros2_mid_actions/share/ros2_mid_actions/cmake/export_ros2_mid_actions__rosidl_typesupport_fastrtps_cExport-noconfig.cmake
[12.139s] -- Installing: /workspace/src/install/ros2_mid_actions/share/ros2_mid_actions/cmake/ros2_mid_actions__rosidl_typesupport_introspection_cExport.cmake
[12.139s] -- Installing: /workspace/src/install/ros2_mid_actions/share/ros2_mid_actions/cmake/ros2_mid_actions__rosidl_typesupport_introspection_cExport-noconfig.cmake
[12.139s] -- Installing: /workspace/src/install/ros2_mid_actions/share/ros2_mid_actions/cmake/ros2_mid_actions__rosidl_typesupport_cExport.cmake
[12.140s] -- Installing: /workspace/src/install/ros2_mid_actions/share/ros2_mid_actions/cmake/ros2_mid_actions__rosidl_typesupport_cExport-noconfig.cmake
[12.140s] -- Installing: /workspace/src/install/ros2_mid_actions/share/ros2_mid_actions/cmake/export_ros2_mid_actions__rosidl_generator_cppExport.cmake
[12.140s] -- Installing: /workspace/src/install/ros2_mid_actions/share/ros2_mid_actions/cmake/export_ros2_mid_actions__rosidl_typesupport_fastrtps_cppExport.cmake
[12.140s] -- Installing: /workspace/src/install/ros2_mid_actions/share/ros2_mid_actions/cmake/export_ros2_mid_actions__rosidl_typesupport_fastrtps_cppExport-noconfig.cmake
[12.140s] -- Installing: /workspace/src/install/ros2_mid_actions/share/ros2_mid_actions/cmake/ros2_mid_actions__rosidl_typesupport_introspection_cppExport.cmake
[12.140s] -- Installing: /workspace/src/install/ros2_mid_actions/share/ros2_mid_actions/cmake/ros2_mid_actions__rosidl_typesupport_introspection_cppExport-noconfig.cmake
[12.141s] -- Installing: /workspace/src/install/ros2_mid_actions/share/ros2_mid_actions/cmake/ros2_mid_actions__rosidl_typesupport_cppExport.cmake
[12.141s] -- Installing: /workspace/src/install/ros2_mid_actions/share/ros2_mid_actions/cmake/ros2_mid_actions__rosidl_typesupport_cppExport-noconfig.cmake
[12.141s] -- Installing: /workspace/src/install/ros2_mid_actions/share/ros2_mid_actions/cmake/export_ros2_mid_actions__rosidl_generator_pyExport.cmake
[12.141s] -- Installing: /workspace/src/install/ros2_mid_actions/share/ros2_mid_actions/cmake/export_ros2_mid_actions__rosidl_generator_pyExport-noconfig.cmake
[12.141s] -- Installing: /workspace/src/install/ros2_mid_actions/share/ros2_mid_actions/cmake/rosidl_cmake-extras.cmake
[12.142s] -- Installing: /workspace/src/install/ros2_mid_actions/share/ros2_mid_actions/cmake/ament_cmake_export_dependencies-extras.cmake
[12.142s] -- Installing: /workspace/src/install/ros2_mid_actions/share/ros2_mid_actions/cmake/ament_cmake_export_include_directories-extras.cmake
[12.142s] -- Installing: /workspace/src/install/ros2_mid_actions/share/ros2_mid_actions/cmake/ament_cmake_export_libraries-extras.cmake
[12.142s] -- Installing: /workspace/src/install/ros2_mid_actions/share/ros2_mid_actions/cmake/ament_cmake_export_targets-extras.cmake
[12.142s] -- Installing: /workspace/src/install/ros2_mid_actions/share/ros2_mid_actions/cmake/rosidl_cmake_export_typesupport_targets-extras.cmake
[12.142s] -- Installing: /workspace/src/install/ros2_mid_actions/share/ros2_mid_actions/cmake/rosidl_cmake_export_typesupport_libraries-extras.cmake
[12.142s] -- Installing: /workspace/src/install/ros2_mid_actions/share/ros2_mid_actions/cmake/ros2_mid_actionsConfig.cmake
[12.148s] -- Installing: /workspace/src/install/ros2_mid_actions/share/ros2_mid_actions/cmake/ros2_mid_actionsConfig-version.cmake
[12.148s] -- Installing: /workspace/src/install/ros2_mid_actions/share/ros2_mid_actions/package.xml
[12.191s] Invoked command in '/workspace/src/build/ros2_mid_actions' returned '0': CMAKE_PREFIX_PATH=${CMAKE_PREFIX_PATH}:/opt/ros/humble /usr/bin/cmake --install /workspace/src/build/ros2_mid_actions
