[0.651s] Invoking command in '/workspace/src/build/ur10_ros2_gazebo': CMAKE_PREFIX_PATH=${CMAKE_PREFIX_PATH}:/opt/ros/humble /usr/bin/cmake /workspace/src/ros2_RobotSimulation/UniversalRobots/UR10/ur10_ros2_gazebo -DCMAKE_INSTALL_PREFIX=/workspace/src/install/ur10_ros2_gazebo
[0.793s] -- The C compiler identification is GNU 11.3.0
[0.965s] -- The CXX compiler identification is GNU 11.3.0
[0.982s] -- Detecting C compiler ABI info
[1.134s] -- Detecting C compiler ABI info - done
[1.161s] -- Check for working C compiler: /usr/bin/cc - skipped
[1.162s] -- Detecting C compile features
[1.164s] -- Detecting C compile features - done
[1.171s] -- Detecting CXX compiler ABI info
[1.378s] -- Detecting CXX compiler ABI info - done
[1.396s] -- Check for working CXX compiler: /usr/bin/c++ - skipped
[1.398s] -- Detecting CXX compile features
[1.400s] -- Detecting CXX compile features - done
[1.410s] -- Found ament_cmake: 1.3.4 (/opt/ros/humble/share/ament_cmake/cmake)
[1.890s] -- Found Python3: /usr/bin/python3.10 (found version "3.10.6") found components: Interpreter 
[2.121s] -- Found ament_lint_auto: 0.12.6 (/opt/ros/humble/share/ament_lint_auto/cmake)
[2.358s] -- Added test 'copyright' to check source files copyright and LICENSE
[2.368s] -- Added test 'flake8' to check Python code syntax and style conventions
[2.370s] -- Added test 'lint_cmake' to check CMake code style
[2.371s] -- Added test 'pep257' to check Python code against some of the docstring style conventions in PEP 257
[2.375s] -- Added test 'xmllint' to check XML markup files
[2.378s] -- Configuring done
[2.386s] -- Generating done
[2.386s] -- Build files have been written to: /workspace/src/build/ur10_ros2_gazebo
[2.405s] Invoked command in '/workspace/src/build/ur10_ros2_gazebo' returned '0': CMAKE_PREFIX_PATH=${CMAKE_PREFIX_PATH}:/opt/ros/humble /usr/bin/cmake /workspace/src/ros2_RobotSimulation/UniversalRobots/UR10/ur10_ros2_gazebo -DCMAKE_INSTALL_PREFIX=/workspace/src/install/ur10_ros2_gazebo
[2.407s] Invoking command in '/workspace/src/build/ur10_ros2_gazebo': CMAKE_PREFIX_PATH=${CMAKE_PREFIX_PATH}:/opt/ros/humble /usr/bin/cmake --build /workspace/src/build/ur10_ros2_gazebo -- -j12 -l12
[2.489s] Invoked command in '/workspace/src/build/ur10_ros2_gazebo' returned '0': CMAKE_PREFIX_PATH=${CMAKE_PREFIX_PATH}:/opt/ros/humble /usr/bin/cmake --build /workspace/src/build/ur10_ros2_gazebo -- -j12 -l12
[2.528s] Invoking command in '/workspace/src/build/ur10_ros2_gazebo': CMAKE_PREFIX_PATH=${CMAKE_PREFIX_PATH}:/opt/ros/humble /usr/bin/cmake --install /workspace/src/build/ur10_ros2_gazebo
[2.544s] -- Install configuration: ""
[2.544s] -- Installing: /workspace/src/install/ur10_ros2_gazebo/share/ur10_ros2_gazebo/config
[2.544s] -- Installing: /workspace/src/install/ur10_ros2_gazebo/share/ur10_ros2_gazebo/config/physical_parameters.yaml
[2.545s] -- Installing: /workspace/src/install/ur10_ros2_gazebo/share/ur10_ros2_gazebo/config/default_kinematics.yaml
[2.545s] -- Installing: /workspace/src/install/ur10_ros2_gazebo/share/ur10_ros2_gazebo/config/visual_parameters.yaml
[2.545s] -- Installing: /workspace/src/install/ur10_ros2_gazebo/share/ur10_ros2_gazebo/config/joint_limits.yaml
[2.545s] -- Installing: /workspace/src/install/ur10_ros2_gazebo/share/ur10_ros2_gazebo/config/initial_positions.yaml
[2.545s] -- Installing: /workspace/src/install/ur10_ros2_gazebo/share/ur10_ros2_gazebo/config/ur10_controller.yaml
[2.546s] -- Installing: /workspace/src/install/ur10_ros2_gazebo/share/ur10_ros2_gazebo/launch
[2.546s] -- Installing: /workspace/src/install/ur10_ros2_gazebo/share/ur10_ros2_gazebo/launch/ur10_simulation.launch.py
[2.546s] -- Installing: /workspace/src/install/ur10_ros2_gazebo/share/ur10_ros2_gazebo/urdf
[2.546s] -- Installing: /workspace/src/install/ur10_ros2_gazebo/share/ur10_ros2_gazebo/urdf/ur10_transmission.xacro
[2.546s] -- Installing: /workspace/src/install/ur10_ros2_gazebo/share/ur10_ros2_gazebo/urdf/ur10.urdf.xacro
[2.546s] -- Installing: /workspace/src/install/ur10_ros2_gazebo/share/ur10_ros2_gazebo/urdf/ur10_common.xacro
[2.547s] -- Installing: /workspace/src/install/ur10_ros2_gazebo/share/ur10_ros2_gazebo/urdf/ur10_ros2control.xacro
[2.547s] -- Installing: /workspace/src/install/ur10_ros2_gazebo/share/ur10_ros2_gazebo/urdf/ur10_macro.urdf.xacro
[2.547s] -- Installing: /workspace/src/install/ur10_ros2_gazebo/share/ur10_ros2_gazebo/worlds
[2.547s] -- Installing: /workspace/src/install/ur10_ros2_gazebo/share/ur10_ros2_gazebo/worlds/ur10.world
[2.547s] -- Installing: /workspace/src/install/ur10_ros2_gazebo/share/ur10_ros2_gazebo/meshes
[2.548s] -- Installing: /workspace/src/install/ur10_ros2_gazebo/share/ur10_ros2_gazebo/meshes/collision
[2.548s] -- Installing: /workspace/src/install/ur10_ros2_gazebo/share/ur10_ros2_gazebo/meshes/collision/shoulder.stl
[2.548s] -- Installing: /workspace/src/install/ur10_ros2_gazebo/share/ur10_ros2_gazebo/meshes/collision/forearm.stl
[2.548s] -- Installing: /workspace/src/install/ur10_ros2_gazebo/share/ur10_ros2_gazebo/meshes/collision/wrist1.stl
[2.549s] -- Installing: /workspace/src/install/ur10_ros2_gazebo/share/ur10_ros2_gazebo/meshes/collision/base.stl
[2.549s] -- Installing: /workspace/src/install/ur10_ros2_gazebo/share/ur10_ros2_gazebo/meshes/collision/upperarm.stl
[2.549s] -- Installing: /workspace/src/install/ur10_ros2_gazebo/share/ur10_ros2_gazebo/meshes/collision/wrist2.stl
[2.549s] -- Installing: /workspace/src/install/ur10_ros2_gazebo/share/ur10_ros2_gazebo/meshes/collision/wrist3.stl
[2.549s] -- Installing: /workspace/src/install/ur10_ros2_gazebo/share/ur10_ros2_gazebo/meshes/visual
[2.550s] -- Installing: /workspace/src/install/ur10_ros2_gazebo/share/ur10_ros2_gazebo/meshes/visual/base.dae
[2.550s] -- Installing: /workspace/src/install/ur10_ros2_gazebo/share/ur10_ros2_gazebo/meshes/visual/upperarm.dae
[2.553s] -- Installing: /workspace/src/install/ur10_ros2_gazebo/share/ur10_ros2_gazebo/meshes/visual/forearm.dae
[2.556s] -- Installing: /workspace/src/install/ur10_ros2_gazebo/share/ur10_ros2_gazebo/meshes/visual/wrist1.dae
[2.558s] -- Installing: /workspace/src/install/ur10_ros2_gazebo/share/ur10_ros2_gazebo/meshes/visual/shoulder.dae
[2.559s] -- Installing: /workspace/src/install/ur10_ros2_gazebo/share/ur10_ros2_gazebo/meshes/visual/wrist3.dae
[2.560s] -- Installing: /workspace/src/install/ur10_ros2_gazebo/share/ur10_ros2_gazebo/meshes/visual/wrist2.dae
[2.563s] -- Installing: /workspace/src/install/ur10_ros2_gazebo/share/ament_index/resource_index/package_run_dependencies/ur10_ros2_gazebo
[2.563s] -- Installing: /workspace/src/install/ur10_ros2_gazebo/share/ament_index/resource_index/parent_prefix_path/ur10_ros2_gazebo
[2.563s] -- Installing: /workspace/src/install/ur10_ros2_gazebo/share/ur10_ros2_gazebo/environment/ament_prefix_path.sh
[2.564s] -- Installing: /workspace/src/install/ur10_ros2_gazebo/share/ur10_ros2_gazebo/environment/ament_prefix_path.dsv
[2.564s] -- Installing: /workspace/src/install/ur10_ros2_gazebo/share/ur10_ros2_gazebo/environment/path.sh
[2.564s] -- Installing: /workspace/src/install/ur10_ros2_gazebo/share/ur10_ros2_gazebo/environment/path.dsv
[2.565s] -- Installing: /workspace/src/install/ur10_ros2_gazebo/share/ur10_ros2_gazebo/local_setup.bash
[2.565s] -- Installing: /workspace/src/install/ur10_ros2_gazebo/share/ur10_ros2_gazebo/local_setup.sh
[2.565s] -- Installing: /workspace/src/install/ur10_ros2_gazebo/share/ur10_ros2_gazebo/local_setup.zsh
[2.565s] -- Installing: /workspace/src/install/ur10_ros2_gazebo/share/ur10_ros2_gazebo/local_setup.dsv
[2.565s] -- Installing: /workspace/src/install/ur10_ros2_gazebo/share/ur10_ros2_gazebo/package.dsv
[2.566s] -- Installing: /workspace/src/install/ur10_ros2_gazebo/share/ament_index/resource_index/packages/ur10_ros2_gazebo
[2.566s] -- Installing: /workspace/src/install/ur10_ros2_gazebo/share/ur10_ros2_gazebo/cmake/ur10_ros2_gazeboConfig.cmake
[2.566s] -- Installing: /workspace/src/install/ur10_ros2_gazebo/share/ur10_ros2_gazebo/cmake/ur10_ros2_gazeboConfig-version.cmake
[2.566s] -- Installing: /workspace/src/install/ur10_ros2_gazebo/share/ur10_ros2_gazebo/package.xml
[2.574s] Invoked command in '/workspace/src/build/ur10_ros2_gazebo' returned '0': CMAKE_PREFIX_PATH=${CMAKE_PREFIX_PATH}:/opt/ros/humble /usr/bin/cmake --install /workspace/src/build/ur10_ros2_gazebo
