[0.657s] Invoking command in '/workspace/src/my_package': PYTHONPATH=/workspace/build/my_package/prefix_override:/workspace/install/my_package/lib/python3.10/site-packages:${PYTHONPATH} /usr/bin/python3 setup.py egg_info --egg-base ../../build/my_package build --build-base /workspace/build/my_package/build install --record /workspace/build/my_package/install.log --single-version-externally-managed
[0.869s] running egg_info
[0.869s] writing ../../build/my_package/my_package.egg-info/PKG-INFO
[0.870s] writing dependency_links to ../../build/my_package/my_package.egg-info/dependency_links.txt
[0.870s] writing entry points to ../../build/my_package/my_package.egg-info/entry_points.txt
[0.870s] writing requirements to ../../build/my_package/my_package.egg-info/requires.txt
[0.871s] writing top-level names to ../../build/my_package/my_package.egg-info/top_level.txt
[0.872s] file my_node.py (for module my_node) not found
[0.872s] reading manifest file '../../build/my_package/my_package.egg-info/SOURCES.txt'
[0.873s] writing manifest file '../../build/my_package/my_package.egg-info/SOURCES.txt'
[0.873s] running build
[0.873s] running build_py
[0.873s] file my_node.py (for module my_node) not found
[0.873s] file my_node.py (for module my_node) not found
[0.874s] running install
[0.874s] /usr/lib/python3/dist-packages/setuptools/command/install.py:34: SetuptoolsDeprecationWarning: setup.py install is deprecated. Use build and pip and other standards-based tools.
[0.874s]   warnings.warn(
[0.874s] running install_lib
[0.875s] running install_egg_info
[0.876s] removing '/workspace/install/my_package/lib/python3.10/site-packages/my_package-0.0.0-py3.10.egg-info' (and everything under it)
[0.877s] Copying ../../build/my_package/my_package.egg-info to /workspace/install/my_package/lib/python3.10/site-packages/my_package-0.0.0-py3.10.egg-info
[0.878s] running install_scripts
[0.904s] Installing client script to /workspace/install/my_package/lib/my_package
[0.904s] Installing num_count script to /workspace/install/my_package/lib/my_package
[0.904s] Installing num_gen script to /workspace/install/my_package/lib/my_package
[0.904s] Installing server script to /workspace/install/my_package/lib/my_package
[0.905s] file my_node.py (for module my_node) not found
[0.905s] writing list of installed files to '/workspace/build/my_package/install.log'
[0.936s] Invoked command in '/workspace/src/my_package' returned '0': PYTHONPATH=/workspace/build/my_package/prefix_override:/workspace/install/my_package/lib/python3.10/site-packages:${PYTHONPATH} /usr/bin/python3 setup.py egg_info --egg-base ../../build/my_package build --build-base /workspace/build/my_package/build install --record /workspace/build/my_package/install.log --single-version-externally-managed
