[0.927s] Invoking command in '/workspace/build/ros2_mid_actions': CMAKE_PREFIX_PATH=${CMAKE_PREFIX_PATH}:/workspace/install/inverse_kinematics:/workspace/install/srvcli:/workspace/install/pubsub:/workspace/install/my_py_pkg:/workspace/install/my_package:/workspace/install/inv_kine:/opt/ros/humble /usr/bin/cmake --build /workspace/build/ros2_mid_actions -- -j12 -l12
[0.959s] -- Found ament_cmake: 1.3.3 (/opt/ros/humble/share/ament_cmake/cmake)
[1.217s] -- Found ament_lint_auto: 0.12.5 (/opt/ros/humble/share/ament_lint_auto/cmake)
[1.308s] -- Found rosidl_default_generators: 1.2.0 (/opt/ros/humble/share/rosidl_default_generators/cmake)
[1.311s] -- Using all available rosidl_typesupport_c: rosidl_typesupport_fastrtps_c;rosidl_typesupport_introspection_c
[1.316s] -- Found rosidl_adapter: 3.1.4 (/opt/ros/humble/share/rosidl_adapter/cmake)
[1.386s] -- Using all available rosidl_typesupport_cpp: rosidl_typesupport_fastrtps_cpp;rosidl_typesupport_introspection_cpp
[2.032s] -- Found ament_cmake_ros: 0.10.0 (/opt/ros/humble/share/ament_cmake_ros/cmake)
[2.440s] -- Using all available rosidl_typesupport_c: rosidl_typesupport_fastrtps_c;rosidl_typesupport_introspection_c
[2.894s] -- Using all available rosidl_typesupport_cpp: rosidl_typesupport_fastrtps_cpp;rosidl_typesupport_introspection_cpp
[2.921s] -- Found python_cmake_module: 0.10.0 (/opt/ros/humble/share/python_cmake_module/cmake)
[2.949s] -- Using PYTHON_EXECUTABLE: /usr/bin/python3
[2.949s] -- Using PYTHON_INCLUDE_DIRS: /usr/include/python3.10
[2.949s] -- Using PYTHON_LIBRARIES: /usr/lib/x86_64-linux-gnu/libpython3.10.so
[2.989s] -- Added test 'lint_cmake' to check CMake code style
[2.991s] -- Added test 'xmllint' to check XML markup files
[2.998s] -- Configuring done
[3.063s] -- Generating done
[3.070s] -- Build files have been written to: /workspace/build/ros2_mid_actions
[3.116s] [  3%] [34m[1mGenerating C code for ROS interfaces[0m
[3.133s] [  6%] [34m[1mGenerating C++ code for ROS interfaces[0m
[3.155s] [  6%] Built target ament_cmake_python_copy_ros2_mid_actions
[3.537s] running egg_info
[3.538s] writing ros2_mid_actions.egg-info/PKG-INFO
[3.538s] writing dependency_links to ros2_mid_actions.egg-info/dependency_links.txt
[3.538s] writing top-level names to ros2_mid_actions.egg-info/top_level.txt
[3.541s] reading manifest file 'ros2_mid_actions.egg-info/SOURCES.txt'
[3.542s] writing manifest file 'ros2_mid_actions.egg-info/SOURCES.txt'
[3.580s] [  6%] Built target ament_cmake_python_build_ros2_mid_actions_egg
[3.779s] [  6%] Built target ros2_mid_actions__cpp
[3.795s] [  9%] [34m[1mGenerating C++ type support for eProsima Fast-RTPS[0m
[3.795s] [ 12%] [34m[1mGenerating C++ introspection for ROS interfaces[0m
[3.796s] [ 16%] [34m[1mGenerating C++ type support dispatch for ROS interfaces[0m
[3.848s] [35m[1mConsolidate compiler generated dependencies of target ros2_mid_actions__rosidl_generator_c[0m
[3.866s] [ 19%] [32mBuilding C object CMakeFiles/ros2_mid_actions__rosidl_generator_c.dir/rosidl_generator_c/ros2_mid_actions/action/detail/inverse_kinematics__functions.c.o[0m
[4.070s] [ 22%] [32m[1mLinking C shared library libros2_mid_actions__rosidl_generator_c.so[0m
[4.123s] [ 22%] Built target ros2_mid_actions__rosidl_generator_c
[4.137s] [ 25%] [34m[1mGenerating C introspection for ROS interfaces[0m
[4.138s] [ 29%] [34m[1mGenerating C type support dispatch for ROS interfaces[0m
[4.141s] [ 32%] [34m[1mGenerating C type support for eProsima Fast-RTPS[0m
[4.252s] [35m[1mConsolidate compiler generated dependencies of target ros2_mid_actions__rosidl_typesupport_cpp[0m
[4.276s] [ 35%] [32mBuilding CXX object CMakeFiles/ros2_mid_actions__rosidl_typesupport_cpp.dir/rosidl_typesupport_cpp/ros2_mid_actions/action/inverse_kinematics__type_support.cpp.o[0m
[4.361s] [35m[1mConsolidate compiler generated dependencies of target ros2_mid_actions__rosidl_typesupport_introspection_cpp[0m
[4.389s] [ 38%] [32mBuilding CXX object CMakeFiles/ros2_mid_actions__rosidl_typesupport_introspection_cpp.dir/rosidl_typesupport_introspection_cpp/ros2_mid_actions/action/detail/inverse_kinematics__type_support.cpp.o[0m
[4.447s] [35m[1mConsolidate compiler generated dependencies of target ros2_mid_actions__rosidl_typesupport_fastrtps_cpp[0m
[4.470s] [ 41%] [32mBuilding CXX object CMakeFiles/ros2_mid_actions__rosidl_typesupport_fastrtps_cpp.dir/rosidl_typesupport_fastrtps_cpp/ros2_mid_actions/action/detail/dds_fastrtps/inverse_kinematics__type_support.cpp.o[0m
[4.541s] [35m[1mConsolidate compiler generated dependencies of target ros2_mid_actions__rosidl_typesupport_c[0m
[4.557s] [ 45%] [32mBuilding CXX object CMakeFiles/ros2_mid_actions__rosidl_typesupport_c.dir/rosidl_typesupport_c/ros2_mid_actions/action/inverse_kinematics__type_support.cpp.o[0m
[4.633s] [ 48%] [32m[1mLinking CXX shared library libros2_mid_actions__rosidl_typesupport_c.so[0m
[4.696s] [ 48%] Built target ros2_mid_actions__rosidl_typesupport_c
[4.929s] [35m[1mConsolidate compiler generated dependencies of target ros2_mid_actions__rosidl_typesupport_introspection_c[0m
[4.935s] [ 51%] [32m[1mLinking CXX shared library libros2_mid_actions__rosidl_typesupport_cpp.so[0m
[4.945s] [ 54%] [32mBuilding C object CMakeFiles/ros2_mid_actions__rosidl_typesupport_introspection_c.dir/rosidl_typesupport_introspection_c/ros2_mid_actions/action/detail/inverse_kinematics__type_support.c.o[0m
[4.966s] [35m[1mConsolidate compiler generated dependencies of target ros2_mid_actions__rosidl_typesupport_fastrtps_c[0m
[4.993s] [ 58%] [32mBuilding CXX object CMakeFiles/ros2_mid_actions__rosidl_typesupport_fastrtps_c.dir/rosidl_typesupport_fastrtps_c/ros2_mid_actions/action/detail/inverse_kinematics__type_support_c.cpp.o[0m
[5.000s] [ 58%] Built target ros2_mid_actions__rosidl_typesupport_cpp
[5.020s] [ 61%] [32m[1mLinking C shared library libros2_mid_actions__rosidl_typesupport_introspection_c.so[0m
[5.062s] [ 61%] Built target ros2_mid_actions__rosidl_typesupport_introspection_c
[5.218s] [ 64%] [32m[1mLinking CXX shared library libros2_mid_actions__rosidl_typesupport_introspection_cpp.so[0m
[5.271s] [ 67%] [32m[1mLinking CXX shared library libros2_mid_actions__rosidl_typesupport_fastrtps_cpp.so[0m
[5.320s] [ 67%] Built target ros2_mid_actions__rosidl_typesupport_introspection_cpp
[5.361s] [ 67%] Built target ros2_mid_actions__rosidl_typesupport_fastrtps_cpp
[5.498s] [ 70%] [32m[1mLinking CXX shared library libros2_mid_actions__rosidl_typesupport_fastrtps_c.so[0m
[5.572s] [ 70%] Built target ros2_mid_actions__rosidl_typesupport_fastrtps_c
[5.600s] [ 70%] Built target ros2_mid_actions
[5.621s] [ 74%] [34m[1mGenerating Python code for ROS interfaces[0m
[6.481s] [ 74%] Built target ros2_mid_actions__py
[6.498s] [35m[1mConsolidate compiler generated dependencies of target ros2_mid_actions__rosidl_generator_py[0m
[6.521s] [ 77%] [32mBuilding C object CMakeFiles/ros2_mid_actions__rosidl_generator_py.dir/rosidl_generator_py/ros2_mid_actions/action/_inverse_kinematics_s.c.o[0m
[6.690s] [ 80%] [32m[1mLinking C shared library rosidl_generator_py/ros2_mid_actions/libros2_mid_actions__rosidl_generator_py.so[0m
[6.741s] [ 80%] Built target ros2_mid_actions__rosidl_generator_py
[6.754s] [35m[1mConsolidate compiler generated dependencies of target ros2_mid_actions__rosidl_typesupport_fastrtps_c__pyext[0m
[6.754s] [35m[1mConsolidate compiler generated dependencies of target ros2_mid_actions__rosidl_typesupport_introspection_c__pyext[0m
[6.755s] [35m[1mConsolidate compiler generated dependencies of target ros2_mid_actions__rosidl_typesupport_c__pyext[0m
[6.774s] [ 87%] [32mBuilding C object CMakeFiles/ros2_mid_actions__rosidl_typesupport_introspection_c__pyext.dir/rosidl_generator_py/ros2_mid_actions/_ros2_mid_actions_s.ep.rosidl_typesupport_introspection_c.c.o[0m
[6.774s] [ 87%] [32mBuilding C object CMakeFiles/ros2_mid_actions__rosidl_typesupport_c__pyext.dir/rosidl_generator_py/ros2_mid_actions/_ros2_mid_actions_s.ep.rosidl_typesupport_c.c.o[0m
[6.776s] [ 90%] [32mBuilding C object CMakeFiles/ros2_mid_actions__rosidl_typesupport_fastrtps_c__pyext.dir/rosidl_generator_py/ros2_mid_actions/_ros2_mid_actions_s.ep.rosidl_typesupport_fastrtps_c.c.o[0m
[6.956s] [ 93%] [32m[1mLinking C shared library rosidl_generator_py/ros2_mid_actions/ros2_mid_actions_s__rosidl_typesupport_c.cpython-310-x86_64-linux-gnu.so[0m
[6.962s] [ 96%] [32m[1mLinking C shared library rosidl_generator_py/ros2_mid_actions/ros2_mid_actions_s__rosidl_typesupport_introspection_c.cpython-310-x86_64-linux-gnu.so[0m
[6.964s] [100%] [32m[1mLinking C shared library rosidl_generator_py/ros2_mid_actions/ros2_mid_actions_s__rosidl_typesupport_fastrtps_c.cpython-310-x86_64-linux-gnu.so[0m
[7.015s] [100%] Built target ros2_mid_actions__rosidl_typesupport_c__pyext
[7.022s] [100%] Built target ros2_mid_actions__rosidl_typesupport_introspection_c__pyext
[7.025s] [100%] Built target ros2_mid_actions__rosidl_typesupport_fastrtps_c__pyext
[7.039s] Invoked command in '/workspace/build/ros2_mid_actions' returned '0': CMAKE_PREFIX_PATH=${CMAKE_PREFIX_PATH}:/workspace/install/inverse_kinematics:/workspace/install/srvcli:/workspace/install/pubsub:/workspace/install/my_py_pkg:/workspace/install/my_package:/workspace/install/inv_kine:/opt/ros/humble /usr/bin/cmake --build /workspace/build/ros2_mid_actions -- -j12 -l12
[7.126s] Invoking command in '/workspace/build/ros2_mid_actions': CMAKE_PREFIX_PATH=${CMAKE_PREFIX_PATH}:/workspace/install/inverse_kinematics:/workspace/install/srvcli:/workspace/install/pubsub:/workspace/install/my_py_pkg:/workspace/install/my_package:/workspace/install/inv_kine:/opt/ros/humble /usr/bin/cmake --install /workspace/build/ros2_mid_actions
[7.137s] -- Install configuration: ""
[7.137s] -- Up-to-date: /workspace/install/ros2_mid_actions/share/ament_index/resource_index/rosidl_interfaces/ros2_mid_actions
[7.137s] -- Up-to-date: /workspace/install/ros2_mid_actions/include/ros2_mid_actions/ros2_mid_actions
[7.137s] -- Up-to-date: /workspace/install/ros2_mid_actions/include/ros2_mid_actions/ros2_mid_actions/action
[7.138s] -- Up-to-date: /workspace/install/ros2_mid_actions/include/ros2_mid_actions/ros2_mid_actions/action/detail
[7.138s] -- Up-to-date: /workspace/install/ros2_mid_actions/include/ros2_mid_actions/ros2_mid_actions/action/detail/ik__struct.h
[7.138s] -- Installing: /workspace/install/ros2_mid_actions/include/ros2_mid_actions/ros2_mid_actions/action/detail/inverse_kinematics__type_support.h
[7.138s] -- Up-to-date: /workspace/install/ros2_mid_actions/include/ros2_mid_actions/ros2_mid_actions/action/detail/ik__type_support.h
[7.138s] -- Up-to-date: /workspace/install/ros2_mid_actions/include/ros2_mid_actions/ros2_mid_actions/action/detail/ik__functions.c
[7.138s] -- Installing: /workspace/install/ros2_mid_actions/include/ros2_mid_actions/ros2_mid_actions/action/detail/inverse_kinematics__struct.h
[7.138s] -- Up-to-date: /workspace/install/ros2_mid_actions/include/ros2_mid_actions/ros2_mid_actions/action/detail/ik__functions.h
[7.138s] -- Up-to-date: /workspace/install/ros2_mid_actions/include/ros2_mid_actions/ros2_mid_actions/action/detail/two_r__functions.h
[7.139s] -- Up-to-date: /workspace/install/ros2_mid_actions/include/ros2_mid_actions/ros2_mid_actions/action/detail/two_r__functions.c
[7.139s] -- Up-to-date: /workspace/install/ros2_mid_actions/include/ros2_mid_actions/ros2_mid_actions/action/detail/two_r__type_support.h
[7.139s] -- Installing: /workspace/install/ros2_mid_actions/include/ros2_mid_actions/ros2_mid_actions/action/detail/inverse_kinematics__functions.h
[7.139s] -- Up-to-date: /workspace/install/ros2_mid_actions/include/ros2_mid_actions/ros2_mid_actions/action/detail/two_r__struct.h
[7.139s] -- Installing: /workspace/install/ros2_mid_actions/include/ros2_mid_actions/ros2_mid_actions/action/detail/inverse_kinematics__functions.c
[7.139s] -- Up-to-date: /workspace/install/ros2_mid_actions/include/ros2_mid_actions/ros2_mid_actions/action/ik.h
[7.139s] -- Up-to-date: /workspace/install/ros2_mid_actions/include/ros2_mid_actions/ros2_mid_actions/action/two_r.h
[7.139s] -- Installing: /workspace/install/ros2_mid_actions/include/ros2_mid_actions/ros2_mid_actions/action/inverse_kinematics.h
[7.139s] -- Up-to-date: /workspace/install/ros2_mid_actions/include/ros2_mid_actions/ros2_mid_actions/msg
[7.139s] -- Up-to-date: /workspace/install/ros2_mid_actions/include/ros2_mid_actions/ros2_mid_actions/msg/rosidl_generator_c__visibility_control.h
[7.140s] -- Up-to-date: /workspace/install/ros2_mid_actions/share/ros2_mid_actions/environment/library_path.sh
[7.140s] -- Installing: /workspace/install/ros2_mid_actions/share/ros2_mid_actions/environment/library_path.dsv
[7.140s] -- Installing: /workspace/install/ros2_mid_actions/lib/libros2_mid_actions__rosidl_generator_c.so
[7.140s] -- Set runtime path of "/workspace/install/ros2_mid_actions/lib/libros2_mid_actions__rosidl_generator_c.so" to ""
[7.140s] -- Up-to-date: /workspace/install/ros2_mid_actions/include/ros2_mid_actions/ros2_mid_actions
[7.141s] -- Up-to-date: /workspace/install/ros2_mid_actions/include/ros2_mid_actions/ros2_mid_actions/action
[7.141s] -- Up-to-date: /workspace/install/ros2_mid_actions/include/ros2_mid_actions/ros2_mid_actions/action/detail
[7.141s] -- Installing: /workspace/install/ros2_mid_actions/include/ros2_mid_actions/ros2_mid_actions/action/detail/inverse_kinematics__rosidl_typesupport_fastrtps_c.h
[7.141s] -- Up-to-date: /workspace/install/ros2_mid_actions/include/ros2_mid_actions/ros2_mid_actions/action/detail/ik__rosidl_typesupport_fastrtps_c.h
[7.141s] -- Up-to-date: /workspace/install/ros2_mid_actions/include/ros2_mid_actions/ros2_mid_actions/action/detail/two_r__rosidl_typesupport_fastrtps_c.h
[7.141s] -- Up-to-date: /workspace/install/ros2_mid_actions/include/ros2_mid_actions/ros2_mid_actions/msg
[7.141s] -- Up-to-date: /workspace/install/ros2_mid_actions/include/ros2_mid_actions/ros2_mid_actions/msg/rosidl_typesupport_fastrtps_c__visibility_control.h
[7.141s] -- Installing: /workspace/install/ros2_mid_actions/lib/libros2_mid_actions__rosidl_typesupport_fastrtps_c.so
[7.142s] -- Set runtime path of "/workspace/install/ros2_mid_actions/lib/libros2_mid_actions__rosidl_typesupport_fastrtps_c.so" to ""
[7.142s] -- Up-to-date: /workspace/install/ros2_mid_actions/include/ros2_mid_actions/ros2_mid_actions
[7.142s] -- Up-to-date: /workspace/install/ros2_mid_actions/include/ros2_mid_actions/ros2_mid_actions/action
[7.142s] -- Up-to-date: /workspace/install/ros2_mid_actions/include/ros2_mid_actions/ros2_mid_actions/action/detail
[7.142s] -- Installing: /workspace/install/ros2_mid_actions/include/ros2_mid_actions/ros2_mid_actions/action/detail/inverse_kinematics__rosidl_typesupport_introspection_c.h
[7.143s] -- Up-to-date: /workspace/install/ros2_mid_actions/include/ros2_mid_actions/ros2_mid_actions/action/detail/ik__type_support.c
[7.143s] -- Installing: /workspace/install/ros2_mid_actions/include/ros2_mid_actions/ros2_mid_actions/action/detail/inverse_kinematics__type_support.c
[7.143s] -- Up-to-date: /workspace/install/ros2_mid_actions/include/ros2_mid_actions/ros2_mid_actions/action/detail/two_r__rosidl_typesupport_introspection_c.h
[7.143s] -- Up-to-date: /workspace/install/ros2_mid_actions/include/ros2_mid_actions/ros2_mid_actions/action/detail/two_r__type_support.c
[7.143s] -- Up-to-date: /workspace/install/ros2_mid_actions/include/ros2_mid_actions/ros2_mid_actions/action/detail/ik__rosidl_typesupport_introspection_c.h
[7.143s] -- Up-to-date: /workspace/install/ros2_mid_actions/include/ros2_mid_actions/ros2_mid_actions/msg
[7.143s] -- Up-to-date: /workspace/install/ros2_mid_actions/include/ros2_mid_actions/ros2_mid_actions/msg/rosidl_typesupport_introspection_c__visibility_control.h
[7.143s] -- Installing: /workspace/install/ros2_mid_actions/lib/libros2_mid_actions__rosidl_typesupport_introspection_c.so
[7.144s] -- Set runtime path of "/workspace/install/ros2_mid_actions/lib/libros2_mid_actions__rosidl_typesupport_introspection_c.so" to ""
[7.144s] -- Installing: /workspace/install/ros2_mid_actions/lib/libros2_mid_actions__rosidl_typesupport_c.so
[7.145s] -- Set runtime path of "/workspace/install/ros2_mid_actions/lib/libros2_mid_actions__rosidl_typesupport_c.so" to ""
[7.146s] -- Up-to-date: /workspace/install/ros2_mid_actions/include/ros2_mid_actions/ros2_mid_actions
[7.146s] -- Up-to-date: /workspace/install/ros2_mid_actions/include/ros2_mid_actions/ros2_mid_actions/action
[7.146s] -- Up-to-date: /workspace/install/ros2_mid_actions/include/ros2_mid_actions/ros2_mid_actions/action/detail
[7.146s] -- Up-to-date: /workspace/install/ros2_mid_actions/include/ros2_mid_actions/ros2_mid_actions/action/detail/ik__traits.hpp
[7.146s] -- Up-to-date: /workspace/install/ros2_mid_actions/include/ros2_mid_actions/ros2_mid_actions/action/detail/two_r__struct.hpp
[7.146s] -- Up-to-date: /workspace/install/ros2_mid_actions/include/ros2_mid_actions/ros2_mid_actions/action/detail/ik__builder.hpp
[7.146s] -- Installing: /workspace/install/ros2_mid_actions/include/ros2_mid_actions/ros2_mid_actions/action/detail/inverse_kinematics__builder.hpp
[7.146s] -- Up-to-date: /workspace/install/ros2_mid_actions/include/ros2_mid_actions/ros2_mid_actions/action/detail/two_r__builder.hpp
[7.146s] -- Up-to-date: /workspace/install/ros2_mid_actions/include/ros2_mid_actions/ros2_mid_actions/action/detail/two_r__traits.hpp
[7.147s] -- Installing: /workspace/install/ros2_mid_actions/include/ros2_mid_actions/ros2_mid_actions/action/detail/inverse_kinematics__traits.hpp
[7.147s] -- Installing: /workspace/install/ros2_mid_actions/include/ros2_mid_actions/ros2_mid_actions/action/detail/inverse_kinematics__struct.hpp
[7.147s] -- Up-to-date: /workspace/install/ros2_mid_actions/include/ros2_mid_actions/ros2_mid_actions/action/detail/ik__struct.hpp
[7.147s] -- Up-to-date: /workspace/install/ros2_mid_actions/include/ros2_mid_actions/ros2_mid_actions/action/ik.hpp
[7.147s] -- Installing: /workspace/install/ros2_mid_actions/include/ros2_mid_actions/ros2_mid_actions/action/inverse_kinematics.hpp
[7.147s] -- Up-to-date: /workspace/install/ros2_mid_actions/include/ros2_mid_actions/ros2_mid_actions/action/two_r.hpp
[7.147s] -- Up-to-date: /workspace/install/ros2_mid_actions/include/ros2_mid_actions/ros2_mid_actions
[7.148s] -- Up-to-date: /workspace/install/ros2_mid_actions/include/ros2_mid_actions/ros2_mid_actions/action
[7.148s] -- Up-to-date: /workspace/install/ros2_mid_actions/include/ros2_mid_actions/ros2_mid_actions/action/detail
[7.148s] -- Up-to-date: /workspace/install/ros2_mid_actions/include/ros2_mid_actions/ros2_mid_actions/action/detail/ik__rosidl_typesupport_fastrtps_cpp.hpp
[7.148s] -- Up-to-date: /workspace/install/ros2_mid_actions/include/ros2_mid_actions/ros2_mid_actions/action/detail/dds_fastrtps
[7.148s] -- Installing: /workspace/install/ros2_mid_actions/include/ros2_mid_actions/ros2_mid_actions/action/detail/inverse_kinematics__rosidl_typesupport_fastrtps_cpp.hpp
[7.148s] -- Up-to-date: /workspace/install/ros2_mid_actions/include/ros2_mid_actions/ros2_mid_actions/action/detail/two_r__rosidl_typesupport_fastrtps_cpp.hpp
[7.148s] -- Up-to-date: /workspace/install/ros2_mid_actions/include/ros2_mid_actions/ros2_mid_actions/msg
[7.148s] -- Up-to-date: /workspace/install/ros2_mid_actions/include/ros2_mid_actions/ros2_mid_actions/msg/rosidl_typesupport_fastrtps_cpp__visibility_control.h
[7.149s] -- Installing: /workspace/install/ros2_mid_actions/lib/libros2_mid_actions__rosidl_typesupport_fastrtps_cpp.so
[7.150s] -- Set runtime path of "/workspace/install/ros2_mid_actions/lib/libros2_mid_actions__rosidl_typesupport_fastrtps_cpp.so" to ""
[7.150s] -- Up-to-date: /workspace/install/ros2_mid_actions/include/ros2_mid_actions/ros2_mid_actions
[7.150s] -- Up-to-date: /workspace/install/ros2_mid_actions/include/ros2_mid_actions/ros2_mid_actions/action
[7.150s] -- Up-to-date: /workspace/install/ros2_mid_actions/include/ros2_mid_actions/ros2_mid_actions/action/detail
[7.150s] -- Up-to-date: /workspace/install/ros2_mid_actions/include/ros2_mid_actions/ros2_mid_actions/action/detail/two_r__type_support.cpp
[7.150s] -- Installing: /workspace/install/ros2_mid_actions/include/ros2_mid_actions/ros2_mid_actions/action/detail/inverse_kinematics__type_support.cpp
[7.150s] -- Installing: /workspace/install/ros2_mid_actions/include/ros2_mid_actions/ros2_mid_actions/action/detail/inverse_kinematics__rosidl_typesupport_introspection_cpp.hpp
[7.151s] -- Up-to-date: /workspace/install/ros2_mid_actions/include/ros2_mid_actions/ros2_mid_actions/action/detail/two_r__rosidl_typesupport_introspection_cpp.hpp
[7.151s] -- Up-to-date: /workspace/install/ros2_mid_actions/include/ros2_mid_actions/ros2_mid_actions/action/detail/ik__type_support.cpp
[7.151s] -- Up-to-date: /workspace/install/ros2_mid_actions/include/ros2_mid_actions/ros2_mid_actions/action/detail/ik__rosidl_typesupport_introspection_cpp.hpp
[7.151s] -- Installing: /workspace/install/ros2_mid_actions/lib/libros2_mid_actions__rosidl_typesupport_introspection_cpp.so
[7.152s] -- Set runtime path of "/workspace/install/ros2_mid_actions/lib/libros2_mid_actions__rosidl_typesupport_introspection_cpp.so" to ""
[7.152s] -- Installing: /workspace/install/ros2_mid_actions/lib/libros2_mid_actions__rosidl_typesupport_cpp.so
[7.153s] -- Set runtime path of "/workspace/install/ros2_mid_actions/lib/libros2_mid_actions__rosidl_typesupport_cpp.so" to ""
[7.153s] -- Up-to-date: /workspace/install/ros2_mid_actions/share/ros2_mid_actions/environment/pythonpath.sh
[7.153s] -- Installing: /workspace/install/ros2_mid_actions/share/ros2_mid_actions/environment/pythonpath.dsv
[7.154s] -- Up-to-date: /workspace/install/ros2_mid_actions/local/lib/python3.10/dist-packages/ros2_mid_actions-0.0.0-py3.10.egg-info
[7.154s] -- Installing: /workspace/install/ros2_mid_actions/local/lib/python3.10/dist-packages/ros2_mid_actions-0.0.0-py3.10.egg-info/SOURCES.txt
[7.154s] -- Installing: /workspace/install/ros2_mid_actions/local/lib/python3.10/dist-packages/ros2_mid_actions-0.0.0-py3.10.egg-info/dependency_links.txt
[7.154s] -- Installing: /workspace/install/ros2_mid_actions/local/lib/python3.10/dist-packages/ros2_mid_actions-0.0.0-py3.10.egg-info/top_level.txt
[7.156s] -- Installing: /workspace/install/ros2_mid_actions/local/lib/python3.10/dist-packages/ros2_mid_actions-0.0.0-py3.10.egg-info/PKG-INFO
[7.157s] -- Up-to-date: /workspace/install/ros2_mid_actions/local/lib/python3.10/dist-packages/ros2_mid_actions
[7.157s] -- Up-to-date: /workspace/install/ros2_mid_actions/local/lib/python3.10/dist-packages/ros2_mid_actions/action
[7.157s] -- Up-to-date: /workspace/install/ros2_mid_actions/local/lib/python3.10/dist-packages/ros2_mid_actions/action/_two_r.py
[7.157s] -- Up-to-date: /workspace/install/ros2_mid_actions/local/lib/python3.10/dist-packages/ros2_mid_actions/action/_ik.py
[7.157s] -- Installing: /workspace/install/ros2_mid_actions/local/lib/python3.10/dist-packages/ros2_mid_actions/action/_inverse_kinematics.py
[7.158s] -- Up-to-date: /workspace/install/ros2_mid_actions/local/lib/python3.10/dist-packages/ros2_mid_actions/action/_ik_s.c
[7.158s] -- Installing: /workspace/install/ros2_mid_actions/local/lib/python3.10/dist-packages/ros2_mid_actions/action/_inverse_kinematics_s.c
[7.158s] -- Up-to-date: /workspace/install/ros2_mid_actions/local/lib/python3.10/dist-packages/ros2_mid_actions/action/_two_r_s.c
[7.158s] -- Installing: /workspace/install/ros2_mid_actions/local/lib/python3.10/dist-packages/ros2_mid_actions/action/__init__.py
[7.158s] -- Installing: /workspace/install/ros2_mid_actions/local/lib/python3.10/dist-packages/ros2_mid_actions/libros2_mid_actions__rosidl_generator_py.so
[7.158s] -- Installing: /workspace/install/ros2_mid_actions/local/lib/python3.10/dist-packages/ros2_mid_actions/ros2_mid_actions_s__rosidl_typesupport_c.cpython-310-x86_64-linux-gnu.so
[7.159s] -- Installing: /workspace/install/ros2_mid_actions/local/lib/python3.10/dist-packages/ros2_mid_actions/ros2_mid_actions_s__rosidl_typesupport_introspection_c.cpython-310-x86_64-linux-gnu.so
[7.159s] -- Installing: /workspace/install/ros2_mid_actions/local/lib/python3.10/dist-packages/ros2_mid_actions/_ros2_mid_actions_s.ep.rosidl_typesupport_fastrtps_c.c
[7.159s] -- Installing: /workspace/install/ros2_mid_actions/local/lib/python3.10/dist-packages/ros2_mid_actions/_ros2_mid_actions_s.ep.rosidl_typesupport_introspection_c.c
[7.160s] -- Installing: /workspace/install/ros2_mid_actions/local/lib/python3.10/dist-packages/ros2_mid_actions/__init__.py
[7.160s] -- Installing: /workspace/install/ros2_mid_actions/local/lib/python3.10/dist-packages/ros2_mid_actions/ros2_mid_actions_s__rosidl_typesupport_fastrtps_c.cpython-310-x86_64-linux-gnu.so
[7.161s] -- Installing: /workspace/install/ros2_mid_actions/local/lib/python3.10/dist-packages/ros2_mid_actions/_ros2_mid_actions_s.ep.rosidl_typesupport_c.c
[7.238s] Listing '/workspace/install/ros2_mid_actions/local/lib/python3.10/dist-packages/ros2_mid_actions'...
[7.238s] Compiling '/workspace/install/ros2_mid_actions/local/lib/python3.10/dist-packages/ros2_mid_actions/__init__.py'...
[7.238s] Listing '/workspace/install/ros2_mid_actions/local/lib/python3.10/dist-packages/ros2_mid_actions/action'...
[7.238s] Compiling '/workspace/install/ros2_mid_actions/local/lib/python3.10/dist-packages/ros2_mid_actions/action/__init__.py'...
[7.238s] Compiling '/workspace/install/ros2_mid_actions/local/lib/python3.10/dist-packages/ros2_mid_actions/action/_inverse_kinematics.py'...
[7.245s] -- Installing: /workspace/install/ros2_mid_actions/local/lib/python3.10/dist-packages/ros2_mid_actions/ros2_mid_actions_s__rosidl_typesupport_fastrtps_c.cpython-310-x86_64-linux-gnu.so
[7.246s] -- Set runtime path of "/workspace/install/ros2_mid_actions/local/lib/python3.10/dist-packages/ros2_mid_actions/ros2_mid_actions_s__rosidl_typesupport_fastrtps_c.cpython-310-x86_64-linux-gnu.so" to ""
[7.246s] -- Installing: /workspace/install/ros2_mid_actions/local/lib/python3.10/dist-packages/ros2_mid_actions/ros2_mid_actions_s__rosidl_typesupport_introspection_c.cpython-310-x86_64-linux-gnu.so
[7.247s] -- Set runtime path of "/workspace/install/ros2_mid_actions/local/lib/python3.10/dist-packages/ros2_mid_actions/ros2_mid_actions_s__rosidl_typesupport_introspection_c.cpython-310-x86_64-linux-gnu.so" to ""
[7.248s] -- Installing: /workspace/install/ros2_mid_actions/local/lib/python3.10/dist-packages/ros2_mid_actions/ros2_mid_actions_s__rosidl_typesupport_c.cpython-310-x86_64-linux-gnu.so
[7.249s] -- Set runtime path of "/workspace/install/ros2_mid_actions/local/lib/python3.10/dist-packages/ros2_mid_actions/ros2_mid_actions_s__rosidl_typesupport_c.cpython-310-x86_64-linux-gnu.so" to ""
[7.249s] -- Installing: /workspace/install/ros2_mid_actions/lib/libros2_mid_actions__rosidl_generator_py.so
[7.250s] -- Set runtime path of "/workspace/install/ros2_mid_actions/lib/libros2_mid_actions__rosidl_generator_py.so" to ""
[7.250s] -- Installing: /workspace/install/ros2_mid_actions/share/ros2_mid_actions/action/InverseKinematics.idl
[7.250s] -- Installing: /workspace/install/ros2_mid_actions/share/ros2_mid_actions/action/InverseKinematics.action
[7.251s] -- Up-to-date: /workspace/install/ros2_mid_actions/share/ament_index/resource_index/package_run_dependencies/ros2_mid_actions
[7.251s] -- Up-to-date: /workspace/install/ros2_mid_actions/share/ament_index/resource_index/parent_prefix_path/ros2_mid_actions
[7.251s] -- Up-to-date: /workspace/install/ros2_mid_actions/share/ros2_mid_actions/environment/ament_prefix_path.sh
[7.251s] -- Installing: /workspace/install/ros2_mid_actions/share/ros2_mid_actions/environment/ament_prefix_path.dsv
[7.251s] -- Up-to-date: /workspace/install/ros2_mid_actions/share/ros2_mid_actions/environment/path.sh
[7.251s] -- Installing: /workspace/install/ros2_mid_actions/share/ros2_mid_actions/environment/path.dsv
[7.252s] -- Up-to-date: /workspace/install/ros2_mid_actions/share/ros2_mid_actions/local_setup.bash
[7.252s] -- Up-to-date: /workspace/install/ros2_mid_actions/share/ros2_mid_actions/local_setup.sh
[7.252s] -- Up-to-date: /workspace/install/ros2_mid_actions/share/ros2_mid_actions/local_setup.zsh
[7.252s] -- Installing: /workspace/install/ros2_mid_actions/share/ros2_mid_actions/local_setup.dsv
[7.252s] -- Installing: /workspace/install/ros2_mid_actions/share/ros2_mid_actions/package.dsv
[7.252s] -- Up-to-date: /workspace/install/ros2_mid_actions/share/ament_index/resource_index/packages/ros2_mid_actions
[7.253s] -- Up-to-date: /workspace/install/ros2_mid_actions/share/ros2_mid_actions/cmake/export_ros2_mid_actions__rosidl_generator_cExport.cmake
[7.253s] -- Up-to-date: /workspace/install/ros2_mid_actions/share/ros2_mid_actions/cmake/export_ros2_mid_actions__rosidl_generator_cExport-noconfig.cmake
[7.253s] -- Up-to-date: /workspace/install/ros2_mid_actions/share/ros2_mid_actions/cmake/export_ros2_mid_actions__rosidl_typesupport_fastrtps_cExport.cmake
[7.253s] -- Up-to-date: /workspace/install/ros2_mid_actions/share/ros2_mid_actions/cmake/export_ros2_mid_actions__rosidl_typesupport_fastrtps_cExport-noconfig.cmake
[7.253s] -- Up-to-date: /workspace/install/ros2_mid_actions/share/ros2_mid_actions/cmake/ros2_mid_actions__rosidl_typesupport_introspection_cExport.cmake
[7.253s] -- Up-to-date: /workspace/install/ros2_mid_actions/share/ros2_mid_actions/cmake/ros2_mid_actions__rosidl_typesupport_introspection_cExport-noconfig.cmake
[7.253s] -- Up-to-date: /workspace/install/ros2_mid_actions/share/ros2_mid_actions/cmake/ros2_mid_actions__rosidl_typesupport_cExport.cmake
[7.254s] -- Up-to-date: /workspace/install/ros2_mid_actions/share/ros2_mid_actions/cmake/ros2_mid_actions__rosidl_typesupport_cExport-noconfig.cmake
[7.254s] -- Up-to-date: /workspace/install/ros2_mid_actions/share/ros2_mid_actions/cmake/export_ros2_mid_actions__rosidl_generator_cppExport.cmake
[7.254s] -- Up-to-date: /workspace/install/ros2_mid_actions/share/ros2_mid_actions/cmake/export_ros2_mid_actions__rosidl_typesupport_fastrtps_cppExport.cmake
[7.254s] -- Up-to-date: /workspace/install/ros2_mid_actions/share/ros2_mid_actions/cmake/export_ros2_mid_actions__rosidl_typesupport_fastrtps_cppExport-noconfig.cmake
[7.254s] -- Up-to-date: /workspace/install/ros2_mid_actions/share/ros2_mid_actions/cmake/ros2_mid_actions__rosidl_typesupport_introspection_cppExport.cmake
[7.255s] -- Up-to-date: /workspace/install/ros2_mid_actions/share/ros2_mid_actions/cmake/ros2_mid_actions__rosidl_typesupport_introspection_cppExport-noconfig.cmake
[7.255s] -- Up-to-date: /workspace/install/ros2_mid_actions/share/ros2_mid_actions/cmake/ros2_mid_actions__rosidl_typesupport_cppExport.cmake
[7.255s] -- Up-to-date: /workspace/install/ros2_mid_actions/share/ros2_mid_actions/cmake/ros2_mid_actions__rosidl_typesupport_cppExport-noconfig.cmake
[7.255s] -- Up-to-date: /workspace/install/ros2_mid_actions/share/ros2_mid_actions/cmake/export_ros2_mid_actions__rosidl_generator_pyExport.cmake
[7.255s] -- Up-to-date: /workspace/install/ros2_mid_actions/share/ros2_mid_actions/cmake/export_ros2_mid_actions__rosidl_generator_pyExport-noconfig.cmake
[7.255s] -- Up-to-date: /workspace/install/ros2_mid_actions/share/ros2_mid_actions/cmake/rosidl_cmake-extras.cmake
[7.256s] -- Up-to-date: /workspace/install/ros2_mid_actions/share/ros2_mid_actions/cmake/ament_cmake_export_dependencies-extras.cmake
[7.256s] -- Up-to-date: /workspace/install/ros2_mid_actions/share/ros2_mid_actions/cmake/ament_cmake_export_include_directories-extras.cmake
[7.256s] -- Up-to-date: /workspace/install/ros2_mid_actions/share/ros2_mid_actions/cmake/ament_cmake_export_libraries-extras.cmake
[7.256s] -- Up-to-date: /workspace/install/ros2_mid_actions/share/ros2_mid_actions/cmake/ament_cmake_export_targets-extras.cmake
[7.256s] -- Up-to-date: /workspace/install/ros2_mid_actions/share/ros2_mid_actions/cmake/rosidl_cmake_export_typesupport_targets-extras.cmake
[7.256s] -- Up-to-date: /workspace/install/ros2_mid_actions/share/ros2_mid_actions/cmake/rosidl_cmake_export_typesupport_libraries-extras.cmake
[7.256s] -- Up-to-date: /workspace/install/ros2_mid_actions/share/ros2_mid_actions/cmake/ros2_mid_actionsConfig.cmake
[7.257s] -- Up-to-date: /workspace/install/ros2_mid_actions/share/ros2_mid_actions/cmake/ros2_mid_actionsConfig-version.cmake
[7.257s] -- Up-to-date: /workspace/install/ros2_mid_actions/share/ros2_mid_actions/package.xml
[7.263s] Invoked command in '/workspace/build/ros2_mid_actions' returned '0': CMAKE_PREFIX_PATH=${CMAKE_PREFIX_PATH}:/workspace/install/inverse_kinematics:/workspace/install/srvcli:/workspace/install/pubsub:/workspace/install/my_py_pkg:/workspace/install/my_package:/workspace/install/inv_kine:/opt/ros/humble /usr/bin/cmake --install /workspace/build/ros2_mid_actions
