[1.857s] Invoking command in '/workspace/src/srvcli': PYTHONPATH=/workspace/build/srvcli/prefix_override:/workspace/install/srvcli/lib/python3.10/site-packages:${PYTHONPATH} /usr/bin/python3 setup.py egg_info --egg-base ../../build/srvcli build --build-base /workspace/build/srvcli/build install --record /workspace/build/srvcli/install.log --single-version-externally-managed
[2.216s] running egg_info
[2.216s] writing ../../build/srvcli/srvcli.egg-info/PKG-INFO
[2.217s] writing dependency_links to ../../build/srvcli/srvcli.egg-info/dependency_links.txt
[2.217s] writing entry points to ../../build/srvcli/srvcli.egg-info/entry_points.txt
[2.217s] writing requirements to ../../build/srvcli/srvcli.egg-info/requires.txt
[2.217s] writing top-level names to ../../build/srvcli/srvcli.egg-info/top_level.txt
[2.220s] reading manifest file '../../build/srvcli/srvcli.egg-info/SOURCES.txt'
[2.222s] writing manifest file '../../build/srvcli/srvcli.egg-info/SOURCES.txt'
[2.222s] running build
[2.222s] running build_py
[2.222s] running install
[2.222s] /usr/lib/python3/dist-packages/setuptools/command/install.py:34: SetuptoolsDeprecationWarning: setup.py install is deprecated. Use build and pip and other standards-based tools.
[2.223s]   warnings.warn(
[2.223s] running install_lib
[2.224s] running install_data
[2.225s] running install_egg_info
[2.227s] removing '/workspace/install/srvcli/lib/python3.10/site-packages/srvcli-0.0.0-py3.10.egg-info' (and everything under it)
[2.227s] Copying ../../build/srvcli/srvcli.egg-info to /workspace/install/srvcli/lib/python3.10/site-packages/srvcli-0.0.0-py3.10.egg-info
[2.228s] running install_scripts
[2.257s] Installing client script to /workspace/install/srvcli/lib/srvcli
[2.257s] Installing service script to /workspace/install/srvcli/lib/srvcli
[2.257s] writing list of installed files to '/workspace/build/srvcli/install.log'
[2.312s] Invoked command in '/workspace/src/srvcli' returned '0': PYTHONPATH=/workspace/build/srvcli/prefix_override:/workspace/install/srvcli/lib/python3.10/site-packages:${PYTHONPATH} /usr/bin/python3 setup.py egg_info --egg-base ../../build/srvcli build --build-base /workspace/build/srvcli/build install --record /workspace/build/srvcli/install.log --single-version-externally-managed
