[0.313s] Invoking command in '/workspace/src/build/ros_interfaces': CMAKE_PREFIX_PATH=${CMAKE_PREFIX_PATH}:/opt/ros/humble /usr/bin/cmake /workspace/src/ros_interfaces -DCMAKE_INSTALL_PREFIX=/workspace/src/install/ros_interfaces
[0.464s] -- The C compiler identification is GNU 11.3.0
[0.604s] -- The CXX compiler identification is GNU 11.3.0
[0.619s] -- Detecting C compiler ABI info
[0.725s] -- Detecting C compiler ABI info - done
[0.741s] -- Check for working C compiler: /usr/bin/cc - skipped
[0.741s] -- Detecting C compile features
[0.743s] -- Detecting C compile features - done
[0.751s] -- Detecting CXX compiler ABI info
[0.881s] -- Detecting CXX compiler ABI info - done
[0.901s] -- Check for working CXX compiler: /usr/bin/c++ - skipped
[0.902s] -- Detecting CXX compile features
[0.903s] -- Detecting CXX compile features - done
[0.909s] -- Found ament_cmake: 1.3.4 (/opt/ros/humble/share/ament_cmake/cmake)
[1.368s] -- Found Python3: /usr/bin/python3.10 (found version "3.10.6") found components: Interpreter 
[1.643s] -- Found ament_lint_auto: 0.12.6 (/opt/ros/humble/share/ament_lint_auto/cmake)
[1.878s] -- Found geometry_msgs: 4.2.3 (/opt/ros/humble/share/geometry_msgs/cmake)
[2.071s] -- Found rosidl_generator_c: 3.1.4 (/opt/ros/humble/share/rosidl_generator_c/cmake)
[2.095s] -- Found rosidl_adapter: 3.1.4 (/opt/ros/humble/share/rosidl_adapter/cmake)
[2.132s] -- Found rosidl_generator_cpp: 3.1.4 (/opt/ros/humble/share/rosidl_generator_cpp/cmake)
[2.181s] -- Using all available rosidl_typesupport_c: rosidl_typesupport_fastrtps_c;rosidl_typesupport_introspection_c
[2.253s] -- Using all available rosidl_typesupport_cpp: rosidl_typesupport_fastrtps_cpp;rosidl_typesupport_introspection_cpp
[2.617s] -- Found rosidl_default_generators: 1.2.0 (/opt/ros/humble/share/rosidl_default_generators/cmake)
[3.101s] -- Found ament_cmake_ros: 0.10.0 (/opt/ros/humble/share/ament_cmake_ros/cmake)
[3.895s] -- Using all available rosidl_typesupport_c: rosidl_typesupport_fastrtps_c;rosidl_typesupport_introspection_c
[4.241s] -- Using all available rosidl_typesupport_cpp: rosidl_typesupport_fastrtps_cpp;rosidl_typesupport_introspection_cpp
[4.273s] -- Found PythonInterp: /usr/bin/python3 (found suitable version "3.10.6", minimum required is "3.6") 
[4.280s] -- Found python_cmake_module: 0.10.0 (/opt/ros/humble/share/python_cmake_module/cmake)
[4.320s] -- Found PythonLibs: /usr/lib/x86_64-linux-gnu/libpython3.10.so (found suitable version "3.10.6", minimum required is "3.5") 
[4.320s] -- Using PYTHON_EXECUTABLE: /usr/bin/python3
[4.321s] -- Using PYTHON_INCLUDE_DIRS: /usr/include/python3.10
[4.321s] -- Using PYTHON_LIBRARIES: /usr/lib/x86_64-linux-gnu/libpython3.10.so
[4.349s] -- Found PythonExtra: .so  
[4.472s] -- Added test 'lint_cmake' to check CMake code style
[4.474s] -- Added test 'xmllint' to check XML markup files
[4.483s] -- Configuring done
[4.575s] -- Generating done
[4.580s] -- Build files have been written to: /workspace/src/build/ros_interfaces
[4.600s] Invoked command in '/workspace/src/build/ros_interfaces' returned '0': CMAKE_PREFIX_PATH=${CMAKE_PREFIX_PATH}:/opt/ros/humble /usr/bin/cmake /workspace/src/ros_interfaces -DCMAKE_INSTALL_PREFIX=/workspace/src/install/ros_interfaces
[4.604s] Invoking command in '/workspace/src/build/ros_interfaces': CMAKE_PREFIX_PATH=${CMAKE_PREFIX_PATH}:/opt/ros/humble /usr/bin/cmake --build /workspace/src/build/ros_interfaces -- -j12 -l12
[4.679s] [  2%] [34m[1mGenerating C code for ROS interfaces[0m
[4.700s] [  4%] [34m[1mGenerating C++ code for ROS interfaces[0m
[4.730s] [  4%] Built target ament_cmake_python_copy_ros_interfaces
[5.327s] running egg_info
[5.328s] creating ros_interfaces.egg-info
[5.329s] writing ros_interfaces.egg-info/PKG-INFO
[5.329s] writing dependency_links to ros_interfaces.egg-info/dependency_links.txt
[5.330s] writing top-level names to ros_interfaces.egg-info/top_level.txt
[5.330s] writing manifest file 'ros_interfaces.egg-info/SOURCES.txt'
[5.335s] reading manifest file 'ros_interfaces.egg-info/SOURCES.txt'
[5.336s] writing manifest file 'ros_interfaces.egg-info/SOURCES.txt'
[5.427s] [  4%] Built target ament_cmake_python_build_ros_interfaces_egg
[5.872s] [  6%] [32mBuilding C object CMakeFiles/ros_interfaces__rosidl_generator_c.dir/rosidl_generator_c/ros_interfaces/msg/detail/num__functions.c.o[0m
[5.897s] [  8%] [32mBuilding C object CMakeFiles/ros_interfaces__rosidl_generator_c.dir/rosidl_generator_c/ros_interfaces/msg/detail/sphere__functions.c.o[0m
[5.902s] [ 10%] [32mBuilding C object CMakeFiles/ros_interfaces__rosidl_generator_c.dir/rosidl_generator_c/ros_interfaces/srv/detail/add_tree_ints__functions.c.o[0m
[5.913s] [ 10%] Built target ros_interfaces__cpp
[5.991s] [ 14%] [34m[1mGenerating C++ type support dispatch for ROS interfaces[0m
[5.992s] [ 14%] [34m[1mGenerating C++ introspection for ROS interfaces[0m
[6.016s] [ 17%] [34m[1mGenerating C++ type support for eProsima Fast-RTPS[0m
[6.168s] [ 19%] [32m[1mLinking C shared library libros_interfaces__rosidl_generator_c.so[0m
[6.409s] [ 19%] Built target ros_interfaces__rosidl_generator_c
[6.472s] [ 21%] [34m[1mGenerating C introspection for ROS interfaces[0m
[6.478s] [ 23%] [34m[1mGenerating C type support dispatch for ROS interfaces[0m
[6.493s] [ 25%] [34m[1mGenerating C type support for eProsima Fast-RTPS[0m
[7.159s] [ 29%] [32mBuilding CXX object CMakeFiles/ros_interfaces__rosidl_typesupport_introspection_cpp.dir/rosidl_typesupport_introspection_cpp/ros_interfaces/msg/detail/sphere__type_support.cpp.o[0m
[7.161s] [ 29%] [32mBuilding CXX object CMakeFiles/ros_interfaces__rosidl_typesupport_introspection_cpp.dir/rosidl_typesupport_introspection_cpp/ros_interfaces/msg/detail/num__type_support.cpp.o[0m
[7.207s] [ 31%] [32mBuilding CXX object CMakeFiles/ros_interfaces__rosidl_typesupport_introspection_cpp.dir/rosidl_typesupport_introspection_cpp/ros_interfaces/srv/detail/add_tree_ints__type_support.cpp.o[0m
[7.301s] [ 34%] [32mBuilding CXX object CMakeFiles/ros_interfaces__rosidl_typesupport_cpp.dir/rosidl_typesupport_cpp/ros_interfaces/msg/num__type_support.cpp.o[0m
[7.323s] [ 36%] [32mBuilding CXX object CMakeFiles/ros_interfaces__rosidl_typesupport_cpp.dir/rosidl_typesupport_cpp/ros_interfaces/msg/sphere__type_support.cpp.o[0m
[7.348s] [ 38%] [32mBuilding CXX object CMakeFiles/ros_interfaces__rosidl_typesupport_cpp.dir/rosidl_typesupport_cpp/ros_interfaces/srv/add_tree_ints__type_support.cpp.o[0m
[7.378s] [ 40%] [32mBuilding CXX object CMakeFiles/ros_interfaces__rosidl_typesupport_fastrtps_cpp.dir/rosidl_typesupport_fastrtps_cpp/ros_interfaces/msg/detail/dds_fastrtps/num__type_support.cpp.o[0m
[7.388s] [ 42%] [32mBuilding CXX object CMakeFiles/ros_interfaces__rosidl_typesupport_fastrtps_cpp.dir/rosidl_typesupport_fastrtps_cpp/ros_interfaces/msg/detail/dds_fastrtps/sphere__type_support.cpp.o[0m
[7.434s] [ 44%] [32mBuilding CXX object CMakeFiles/ros_interfaces__rosidl_typesupport_fastrtps_cpp.dir/rosidl_typesupport_fastrtps_cpp/ros_interfaces/srv/detail/dds_fastrtps/add_tree_ints__type_support.cpp.o[0m
[7.666s] [ 46%] [32mBuilding C object CMakeFiles/ros_interfaces__rosidl_typesupport_introspection_c.dir/rosidl_typesupport_introspection_c/ros_interfaces/msg/detail/num__type_support.c.o[0m
[7.800s] [ 48%] [32mBuilding CXX object CMakeFiles/ros_interfaces__rosidl_typesupport_c.dir/rosidl_typesupport_c/ros_interfaces/msg/num__type_support.cpp.o[0m
[7.805s] [ 51%] [32mBuilding CXX object CMakeFiles/ros_interfaces__rosidl_typesupport_fastrtps_c.dir/rosidl_typesupport_fastrtps_c/ros_interfaces/msg/detail/num__type_support_c.cpp.o[0m
[7.933s] [ 53%] [32mBuilding C object CMakeFiles/ros_interfaces__rosidl_typesupport_introspection_c.dir/rosidl_typesupport_introspection_c/ros_interfaces/msg/detail/sphere__type_support.c.o[0m
[8.018s] [ 55%] [32mBuilding CXX object CMakeFiles/ros_interfaces__rosidl_typesupport_c.dir/rosidl_typesupport_c/ros_interfaces/msg/sphere__type_support.cpp.o[0m
[8.119s] [ 57%] [32mBuilding C object CMakeFiles/ros_interfaces__rosidl_typesupport_introspection_c.dir/rosidl_typesupport_introspection_c/ros_interfaces/srv/detail/add_tree_ints__type_support.c.o[0m
[8.173s] [ 59%] [32mBuilding CXX object CMakeFiles/ros_interfaces__rosidl_typesupport_c.dir/rosidl_typesupport_c/ros_interfaces/srv/add_tree_ints__type_support.cpp.o[0m
[8.266s] [ 61%] [32mBuilding CXX object CMakeFiles/ros_interfaces__rosidl_typesupport_fastrtps_c.dir/rosidl_typesupport_fastrtps_c/ros_interfaces/msg/detail/sphere__type_support_c.cpp.o[0m
[8.274s] [ 63%] [32m[1mLinking C shared library libros_interfaces__rosidl_typesupport_introspection_c.so[0m
[8.299s] [ 65%] [32m[1mLinking CXX shared library libros_interfaces__rosidl_typesupport_c.so[0m
[8.346s] [ 68%] [32mBuilding CXX object CMakeFiles/ros_interfaces__rosidl_typesupport_fastrtps_c.dir/rosidl_typesupport_fastrtps_c/ros_interfaces/srv/detail/add_tree_ints__type_support_c.cpp.o[0m
[8.415s] [ 68%] Built target ros_interfaces__rosidl_typesupport_introspection_c
[8.425s] [ 70%] [32m[1mLinking CXX shared library libros_interfaces__rosidl_typesupport_cpp.so[0m
[8.500s] [ 70%] Built target ros_interfaces__rosidl_typesupport_c
[8.569s] [ 70%] Built target ros_interfaces__rosidl_typesupport_cpp
[8.674s] [ 72%] [32m[1mLinking CXX shared library libros_interfaces__rosidl_typesupport_introspection_cpp.so[0m
[8.815s] [ 72%] Built target ros_interfaces__rosidl_typesupport_introspection_cpp
[8.881s] [ 74%] [32m[1mLinking CXX shared library libros_interfaces__rosidl_typesupport_fastrtps_cpp.so[0m
[9.064s] [ 74%] Built target ros_interfaces__rosidl_typesupport_fastrtps_cpp
[9.242s] [ 76%] [32m[1mLinking CXX shared library libros_interfaces__rosidl_typesupport_fastrtps_c.so[0m
[9.443s] [ 76%] Built target ros_interfaces__rosidl_typesupport_fastrtps_c
[9.479s] [ 76%] Built target ros_interfaces
[9.511s] [ 78%] [34m[1mGenerating Python code for ROS interfaces[0m
[10.665s] [ 78%] Built target ros_interfaces__py
[10.704s] [ 80%] [32mBuilding C object CMakeFiles/ros_interfaces__rosidl_generator_py.dir/rosidl_generator_py/ros_interfaces/msg/_num_s.c.o[0m
[10.705s] [ 82%] [32mBuilding C object CMakeFiles/ros_interfaces__rosidl_generator_py.dir/rosidl_generator_py/ros_interfaces/srv/_add_tree_ints_s.c.o[0m
[10.709s] [ 85%] [32mBuilding C object CMakeFiles/ros_interfaces__rosidl_generator_py.dir/rosidl_generator_py/ros_interfaces/msg/_sphere_s.c.o[0m
[10.959s] [ 87%] [32m[1mLinking C shared library rosidl_generator_py/ros_interfaces/libros_interfaces__rosidl_generator_py.so[0m
[11.043s] [ 87%] Built target ros_interfaces__rosidl_generator_py
[11.085s] [ 89%] [32mBuilding C object CMakeFiles/ros_interfaces__rosidl_typesupport_fastrtps_c__pyext.dir/rosidl_generator_py/ros_interfaces/_ros_interfaces_s.ep.rosidl_typesupport_fastrtps_c.c.o[0m
[11.095s] [ 91%] [32mBuilding C object CMakeFiles/ros_interfaces__rosidl_typesupport_c__pyext.dir/rosidl_generator_py/ros_interfaces/_ros_interfaces_s.ep.rosidl_typesupport_c.c.o[0m
[11.109s] [ 93%] [32mBuilding C object CMakeFiles/ros_interfaces__rosidl_typesupport_introspection_c__pyext.dir/rosidl_generator_py/ros_interfaces/_ros_interfaces_s.ep.rosidl_typesupport_introspection_c.c.o[0m
[11.404s] [ 95%] [32m[1mLinking C shared library rosidl_generator_py/ros_interfaces/ros_interfaces_s__rosidl_typesupport_introspection_c.cpython-310-x86_64-linux-gnu.so[0m
[11.406s] [ 97%] [32m[1mLinking C shared library rosidl_generator_py/ros_interfaces/ros_interfaces_s__rosidl_typesupport_c.cpython-310-x86_64-linux-gnu.so[0m
[11.419s] [100%] [32m[1mLinking C shared library rosidl_generator_py/ros_interfaces/ros_interfaces_s__rosidl_typesupport_fastrtps_c.cpython-310-x86_64-linux-gnu.so[0m
[11.502s] [100%] Built target ros_interfaces__rosidl_typesupport_c__pyext
[11.506s] [100%] Built target ros_interfaces__rosidl_typesupport_fastrtps_c__pyext
[11.520s] [100%] Built target ros_interfaces__rosidl_typesupport_introspection_c__pyext
[11.538s] Invoked command in '/workspace/src/build/ros_interfaces' returned '0': CMAKE_PREFIX_PATH=${CMAKE_PREFIX_PATH}:/opt/ros/humble /usr/bin/cmake --build /workspace/src/build/ros_interfaces -- -j12 -l12
[11.775s] Invoking command in '/workspace/src/build/ros_interfaces': CMAKE_PREFIX_PATH=${CMAKE_PREFIX_PATH}:/opt/ros/humble /usr/bin/cmake --install /workspace/src/build/ros_interfaces
[11.790s] -- Install configuration: ""
[11.790s] -- Installing: /workspace/src/install/ros_interfaces/share/ament_index/resource_index/rosidl_interfaces/ros_interfaces
[11.791s] -- Installing: /workspace/src/install/ros_interfaces/include/ros_interfaces/ros_interfaces
[11.791s] -- Installing: /workspace/src/install/ros_interfaces/include/ros_interfaces/ros_interfaces/srv
[11.791s] -- Installing: /workspace/src/install/ros_interfaces/include/ros_interfaces/ros_interfaces/srv/add_tree_ints.h
[11.791s] -- Installing: /workspace/src/install/ros_interfaces/include/ros_interfaces/ros_interfaces/srv/detail
[11.792s] -- Installing: /workspace/src/install/ros_interfaces/include/ros_interfaces/ros_interfaces/srv/detail/add_tree_ints__functions.c
[11.792s] -- Installing: /workspace/src/install/ros_interfaces/include/ros_interfaces/ros_interfaces/srv/detail/add_tree_ints__functions.h
[11.792s] -- Installing: /workspace/src/install/ros_interfaces/include/ros_interfaces/ros_interfaces/srv/detail/add_tree_ints__type_support.h
[11.793s] -- Installing: /workspace/src/install/ros_interfaces/include/ros_interfaces/ros_interfaces/srv/detail/add_tree_ints__struct.h
[11.793s] -- Installing: /workspace/src/install/ros_interfaces/include/ros_interfaces/ros_interfaces/msg
[11.793s] -- Installing: /workspace/src/install/ros_interfaces/include/ros_interfaces/ros_interfaces/msg/num.h
[11.793s] -- Installing: /workspace/src/install/ros_interfaces/include/ros_interfaces/ros_interfaces/msg/detail
[11.794s] -- Installing: /workspace/src/install/ros_interfaces/include/ros_interfaces/ros_interfaces/msg/detail/num__struct.h
[11.794s] -- Installing: /workspace/src/install/ros_interfaces/include/ros_interfaces/ros_interfaces/msg/detail/sphere__functions.h
[11.794s] -- Installing: /workspace/src/install/ros_interfaces/include/ros_interfaces/ros_interfaces/msg/detail/sphere__functions.c
[11.794s] -- Installing: /workspace/src/install/ros_interfaces/include/ros_interfaces/ros_interfaces/msg/detail/num__functions.h
[11.795s] -- Installing: /workspace/src/install/ros_interfaces/include/ros_interfaces/ros_interfaces/msg/detail/sphere__struct.h
[11.795s] -- Installing: /workspace/src/install/ros_interfaces/include/ros_interfaces/ros_interfaces/msg/detail/sphere__type_support.h
[11.795s] -- Installing: /workspace/src/install/ros_interfaces/include/ros_interfaces/ros_interfaces/msg/detail/num__type_support.h
[11.796s] -- Installing: /workspace/src/install/ros_interfaces/include/ros_interfaces/ros_interfaces/msg/detail/num__functions.c
[11.796s] -- Installing: /workspace/src/install/ros_interfaces/include/ros_interfaces/ros_interfaces/msg/rosidl_generator_c__visibility_control.h
[11.796s] -- Installing: /workspace/src/install/ros_interfaces/include/ros_interfaces/ros_interfaces/msg/sphere.h
[11.796s] -- Installing: /workspace/src/install/ros_interfaces/share/ros_interfaces/environment/library_path.sh
[11.797s] -- Installing: /workspace/src/install/ros_interfaces/share/ros_interfaces/environment/library_path.dsv
[11.797s] -- Installing: /workspace/src/install/ros_interfaces/lib/libros_interfaces__rosidl_generator_c.so
[11.797s] -- Set runtime path of "/workspace/src/install/ros_interfaces/lib/libros_interfaces__rosidl_generator_c.so" to ""
[11.797s] -- Up-to-date: /workspace/src/install/ros_interfaces/include/ros_interfaces/ros_interfaces
[11.798s] -- Up-to-date: /workspace/src/install/ros_interfaces/include/ros_interfaces/ros_interfaces/srv
[11.798s] -- Up-to-date: /workspace/src/install/ros_interfaces/include/ros_interfaces/ros_interfaces/srv/detail
[11.798s] -- Installing: /workspace/src/install/ros_interfaces/include/ros_interfaces/ros_interfaces/srv/detail/add_tree_ints__rosidl_typesupport_fastrtps_c.h
[11.799s] -- Up-to-date: /workspace/src/install/ros_interfaces/include/ros_interfaces/ros_interfaces/msg
[11.799s] -- Up-to-date: /workspace/src/install/ros_interfaces/include/ros_interfaces/ros_interfaces/msg/detail
[11.799s] -- Installing: /workspace/src/install/ros_interfaces/include/ros_interfaces/ros_interfaces/msg/detail/num__rosidl_typesupport_fastrtps_c.h
[11.800s] -- Installing: /workspace/src/install/ros_interfaces/include/ros_interfaces/ros_interfaces/msg/detail/sphere__rosidl_typesupport_fastrtps_c.h
[11.800s] -- Installing: /workspace/src/install/ros_interfaces/include/ros_interfaces/ros_interfaces/msg/rosidl_typesupport_fastrtps_c__visibility_control.h
[11.801s] -- Installing: /workspace/src/install/ros_interfaces/lib/libros_interfaces__rosidl_typesupport_fastrtps_c.so
[11.802s] -- Set runtime path of "/workspace/src/install/ros_interfaces/lib/libros_interfaces__rosidl_typesupport_fastrtps_c.so" to ""
[11.802s] -- Up-to-date: /workspace/src/install/ros_interfaces/include/ros_interfaces/ros_interfaces
[11.802s] -- Up-to-date: /workspace/src/install/ros_interfaces/include/ros_interfaces/ros_interfaces/srv
[11.803s] -- Installing: /workspace/src/install/ros_interfaces/include/ros_interfaces/ros_interfaces/srv/add_tree_ints.hpp
[11.804s] -- Up-to-date: /workspace/src/install/ros_interfaces/include/ros_interfaces/ros_interfaces/srv/detail
[11.805s] -- Installing: /workspace/src/install/ros_interfaces/include/ros_interfaces/ros_interfaces/srv/detail/add_tree_ints__struct.hpp
[11.805s] -- Installing: /workspace/src/install/ros_interfaces/include/ros_interfaces/ros_interfaces/srv/detail/add_tree_ints__builder.hpp
[11.806s] -- Installing: /workspace/src/install/ros_interfaces/include/ros_interfaces/ros_interfaces/srv/detail/add_tree_ints__traits.hpp
[11.806s] -- Up-to-date: /workspace/src/install/ros_interfaces/include/ros_interfaces/ros_interfaces/msg
[11.807s] -- Up-to-date: /workspace/src/install/ros_interfaces/include/ros_interfaces/ros_interfaces/msg/detail
[11.807s] -- Installing: /workspace/src/install/ros_interfaces/include/ros_interfaces/ros_interfaces/msg/detail/sphere__builder.hpp
[11.808s] -- Installing: /workspace/src/install/ros_interfaces/include/ros_interfaces/ros_interfaces/msg/detail/num__struct.hpp
[11.808s] -- Installing: /workspace/src/install/ros_interfaces/include/ros_interfaces/ros_interfaces/msg/detail/sphere__struct.hpp
[11.809s] -- Installing: /workspace/src/install/ros_interfaces/include/ros_interfaces/ros_interfaces/msg/detail/sphere__traits.hpp
[11.809s] -- Installing: /workspace/src/install/ros_interfaces/include/ros_interfaces/ros_interfaces/msg/detail/num__builder.hpp
[11.810s] -- Installing: /workspace/src/install/ros_interfaces/include/ros_interfaces/ros_interfaces/msg/detail/num__traits.hpp
[11.810s] -- Installing: /workspace/src/install/ros_interfaces/include/ros_interfaces/ros_interfaces/msg/num.hpp
[11.811s] -- Installing: /workspace/src/install/ros_interfaces/include/ros_interfaces/ros_interfaces/msg/sphere.hpp
[11.811s] -- Up-to-date: /workspace/src/install/ros_interfaces/include/ros_interfaces/ros_interfaces
[11.811s] -- Up-to-date: /workspace/src/install/ros_interfaces/include/ros_interfaces/ros_interfaces/srv
[11.812s] -- Up-to-date: /workspace/src/install/ros_interfaces/include/ros_interfaces/ros_interfaces/srv/detail
[11.812s] -- Installing: /workspace/src/install/ros_interfaces/include/ros_interfaces/ros_interfaces/srv/detail/dds_fastrtps
[11.813s] -- Installing: /workspace/src/install/ros_interfaces/include/ros_interfaces/ros_interfaces/srv/detail/add_tree_ints__rosidl_typesupport_fastrtps_cpp.hpp
[11.813s] -- Up-to-date: /workspace/src/install/ros_interfaces/include/ros_interfaces/ros_interfaces/msg
[11.814s] -- Up-to-date: /workspace/src/install/ros_interfaces/include/ros_interfaces/ros_interfaces/msg/detail
[11.814s] -- Installing: /workspace/src/install/ros_interfaces/include/ros_interfaces/ros_interfaces/msg/detail/num__rosidl_typesupport_fastrtps_cpp.hpp
[11.814s] -- Installing: /workspace/src/install/ros_interfaces/include/ros_interfaces/ros_interfaces/msg/detail/sphere__rosidl_typesupport_fastrtps_cpp.hpp
[11.815s] -- Installing: /workspace/src/install/ros_interfaces/include/ros_interfaces/ros_interfaces/msg/detail/dds_fastrtps
[11.815s] -- Installing: /workspace/src/install/ros_interfaces/include/ros_interfaces/ros_interfaces/msg/rosidl_typesupport_fastrtps_cpp__visibility_control.h
[11.815s] -- Installing: /workspace/src/install/ros_interfaces/lib/libros_interfaces__rosidl_typesupport_fastrtps_cpp.so
[11.817s] -- Set runtime path of "/workspace/src/install/ros_interfaces/lib/libros_interfaces__rosidl_typesupport_fastrtps_cpp.so" to ""
[11.817s] -- Up-to-date: /workspace/src/install/ros_interfaces/include/ros_interfaces/ros_interfaces
[11.818s] -- Up-to-date: /workspace/src/install/ros_interfaces/include/ros_interfaces/ros_interfaces/srv
[11.819s] -- Up-to-date: /workspace/src/install/ros_interfaces/include/ros_interfaces/ros_interfaces/srv/detail
[11.819s] -- Installing: /workspace/src/install/ros_interfaces/include/ros_interfaces/ros_interfaces/srv/detail/add_tree_ints__rosidl_typesupport_introspection_c.h
[11.819s] -- Installing: /workspace/src/install/ros_interfaces/include/ros_interfaces/ros_interfaces/srv/detail/add_tree_ints__type_support.c
[11.819s] -- Up-to-date: /workspace/src/install/ros_interfaces/include/ros_interfaces/ros_interfaces/msg
[11.820s] -- Installing: /workspace/src/install/ros_interfaces/include/ros_interfaces/ros_interfaces/msg/rosidl_typesupport_introspection_c__visibility_control.h
[11.820s] -- Up-to-date: /workspace/src/install/ros_interfaces/include/ros_interfaces/ros_interfaces/msg/detail
[11.820s] -- Installing: /workspace/src/install/ros_interfaces/include/ros_interfaces/ros_interfaces/msg/detail/num__rosidl_typesupport_introspection_c.h
[11.820s] -- Installing: /workspace/src/install/ros_interfaces/include/ros_interfaces/ros_interfaces/msg/detail/num__type_support.c
[11.820s] -- Installing: /workspace/src/install/ros_interfaces/include/ros_interfaces/ros_interfaces/msg/detail/sphere__rosidl_typesupport_introspection_c.h
[11.821s] -- Installing: /workspace/src/install/ros_interfaces/include/ros_interfaces/ros_interfaces/msg/detail/sphere__type_support.c
[11.821s] -- Installing: /workspace/src/install/ros_interfaces/lib/libros_interfaces__rosidl_typesupport_introspection_c.so
[11.821s] -- Set runtime path of "/workspace/src/install/ros_interfaces/lib/libros_interfaces__rosidl_typesupport_introspection_c.so" to ""
[11.821s] -- Installing: /workspace/src/install/ros_interfaces/lib/libros_interfaces__rosidl_typesupport_c.so
[11.821s] -- Set runtime path of "/workspace/src/install/ros_interfaces/lib/libros_interfaces__rosidl_typesupport_c.so" to ""
[11.822s] -- Up-to-date: /workspace/src/install/ros_interfaces/include/ros_interfaces/ros_interfaces
[11.822s] -- Up-to-date: /workspace/src/install/ros_interfaces/include/ros_interfaces/ros_interfaces/srv
[11.822s] -- Up-to-date: /workspace/src/install/ros_interfaces/include/ros_interfaces/ros_interfaces/srv/detail
[11.822s] -- Installing: /workspace/src/install/ros_interfaces/include/ros_interfaces/ros_interfaces/srv/detail/add_tree_ints__rosidl_typesupport_introspection_cpp.hpp
[11.822s] -- Installing: /workspace/src/install/ros_interfaces/include/ros_interfaces/ros_interfaces/srv/detail/add_tree_ints__type_support.cpp
[11.823s] -- Up-to-date: /workspace/src/install/ros_interfaces/include/ros_interfaces/ros_interfaces/msg
[11.823s] -- Up-to-date: /workspace/src/install/ros_interfaces/include/ros_interfaces/ros_interfaces/msg/detail
[11.823s] -- Installing: /workspace/src/install/ros_interfaces/include/ros_interfaces/ros_interfaces/msg/detail/num__type_support.cpp
[11.823s] -- Installing: /workspace/src/install/ros_interfaces/include/ros_interfaces/ros_interfaces/msg/detail/sphere__rosidl_typesupport_introspection_cpp.hpp
[11.823s] -- Installing: /workspace/src/install/ros_interfaces/include/ros_interfaces/ros_interfaces/msg/detail/sphere__type_support.cpp
[11.823s] -- Installing: /workspace/src/install/ros_interfaces/include/ros_interfaces/ros_interfaces/msg/detail/num__rosidl_typesupport_introspection_cpp.hpp
[11.824s] -- Installing: /workspace/src/install/ros_interfaces/lib/libros_interfaces__rosidl_typesupport_introspection_cpp.so
[11.824s] -- Set runtime path of "/workspace/src/install/ros_interfaces/lib/libros_interfaces__rosidl_typesupport_introspection_cpp.so" to ""
[11.824s] -- Installing: /workspace/src/install/ros_interfaces/lib/libros_interfaces__rosidl_typesupport_cpp.so
[11.825s] -- Set runtime path of "/workspace/src/install/ros_interfaces/lib/libros_interfaces__rosidl_typesupport_cpp.so" to ""
[11.825s] -- Installing: /workspace/src/install/ros_interfaces/share/ros_interfaces/environment/pythonpath.sh
[11.825s] -- Installing: /workspace/src/install/ros_interfaces/share/ros_interfaces/environment/pythonpath.dsv
[11.825s] -- Installing: /workspace/src/install/ros_interfaces/local/lib/python3.10/dist-packages/ros_interfaces-0.0.0-py3.10.egg-info
[11.826s] -- Installing: /workspace/src/install/ros_interfaces/local/lib/python3.10/dist-packages/ros_interfaces-0.0.0-py3.10.egg-info/SOURCES.txt
[11.826s] -- Installing: /workspace/src/install/ros_interfaces/local/lib/python3.10/dist-packages/ros_interfaces-0.0.0-py3.10.egg-info/dependency_links.txt
[11.826s] -- Installing: /workspace/src/install/ros_interfaces/local/lib/python3.10/dist-packages/ros_interfaces-0.0.0-py3.10.egg-info/top_level.txt
[11.826s] -- Installing: /workspace/src/install/ros_interfaces/local/lib/python3.10/dist-packages/ros_interfaces-0.0.0-py3.10.egg-info/PKG-INFO
[11.826s] -- Installing: /workspace/src/install/ros_interfaces/local/lib/python3.10/dist-packages/ros_interfaces
[11.826s] -- Installing: /workspace/src/install/ros_interfaces/local/lib/python3.10/dist-packages/ros_interfaces/ros_interfaces_s__rosidl_typesupport_c.cpython-310-x86_64-linux-gnu.so
[11.827s] -- Installing: /workspace/src/install/ros_interfaces/local/lib/python3.10/dist-packages/ros_interfaces/srv
[11.827s] -- Installing: /workspace/src/install/ros_interfaces/local/lib/python3.10/dist-packages/ros_interfaces/srv/__init__.py
[11.827s] -- Installing: /workspace/src/install/ros_interfaces/local/lib/python3.10/dist-packages/ros_interfaces/srv/_add_tree_ints.py
[11.827s] -- Installing: /workspace/src/install/ros_interfaces/local/lib/python3.10/dist-packages/ros_interfaces/srv/_add_tree_ints_s.c
[11.828s] -- Installing: /workspace/src/install/ros_interfaces/local/lib/python3.10/dist-packages/ros_interfaces/msg
[11.828s] -- Installing: /workspace/src/install/ros_interfaces/local/lib/python3.10/dist-packages/ros_interfaces/msg/_num.py
[11.828s] -- Installing: /workspace/src/install/ros_interfaces/local/lib/python3.10/dist-packages/ros_interfaces/msg/_sphere.py
[11.828s] -- Installing: /workspace/src/install/ros_interfaces/local/lib/python3.10/dist-packages/ros_interfaces/msg/_sphere_s.c
[11.829s] -- Installing: /workspace/src/install/ros_interfaces/local/lib/python3.10/dist-packages/ros_interfaces/msg/_num_s.c
[11.829s] -- Installing: /workspace/src/install/ros_interfaces/local/lib/python3.10/dist-packages/ros_interfaces/msg/__init__.py
[11.829s] -- Installing: /workspace/src/install/ros_interfaces/local/lib/python3.10/dist-packages/ros_interfaces/__init__.py
[11.829s] -- Installing: /workspace/src/install/ros_interfaces/local/lib/python3.10/dist-packages/ros_interfaces/_ros_interfaces_s.ep.rosidl_typesupport_introspection_c.c
[11.830s] -- Installing: /workspace/src/install/ros_interfaces/local/lib/python3.10/dist-packages/ros_interfaces/_ros_interfaces_s.ep.rosidl_typesupport_c.c
[11.830s] -- Installing: /workspace/src/install/ros_interfaces/local/lib/python3.10/dist-packages/ros_interfaces/ros_interfaces_s__rosidl_typesupport_introspection_c.cpython-310-x86_64-linux-gnu.so
[11.830s] -- Installing: /workspace/src/install/ros_interfaces/local/lib/python3.10/dist-packages/ros_interfaces/ros_interfaces_s__rosidl_typesupport_fastrtps_c.cpython-310-x86_64-linux-gnu.so
[11.830s] -- Installing: /workspace/src/install/ros_interfaces/local/lib/python3.10/dist-packages/ros_interfaces/_ros_interfaces_s.ep.rosidl_typesupport_fastrtps_c.c
[11.833s] -- Installing: /workspace/src/install/ros_interfaces/local/lib/python3.10/dist-packages/ros_interfaces/libros_interfaces__rosidl_generator_py.so
[11.911s] Listing '/workspace/src/install/ros_interfaces/local/lib/python3.10/dist-packages/ros_interfaces'...
[11.911s] Compiling '/workspace/src/install/ros_interfaces/local/lib/python3.10/dist-packages/ros_interfaces/__init__.py'...
[11.911s] Listing '/workspace/src/install/ros_interfaces/local/lib/python3.10/dist-packages/ros_interfaces/msg'...
[11.912s] Compiling '/workspace/src/install/ros_interfaces/local/lib/python3.10/dist-packages/ros_interfaces/msg/__init__.py'...
[11.912s] Compiling '/workspace/src/install/ros_interfaces/local/lib/python3.10/dist-packages/ros_interfaces/msg/_num.py'...
[11.912s] Compiling '/workspace/src/install/ros_interfaces/local/lib/python3.10/dist-packages/ros_interfaces/msg/_sphere.py'...
[11.912s] Listing '/workspace/src/install/ros_interfaces/local/lib/python3.10/dist-packages/ros_interfaces/srv'...
[11.912s] Compiling '/workspace/src/install/ros_interfaces/local/lib/python3.10/dist-packages/ros_interfaces/srv/__init__.py'...
[11.912s] Compiling '/workspace/src/install/ros_interfaces/local/lib/python3.10/dist-packages/ros_interfaces/srv/_add_tree_ints.py'...
[11.938s] -- Installing: /workspace/src/install/ros_interfaces/local/lib/python3.10/dist-packages/ros_interfaces/ros_interfaces_s__rosidl_typesupport_fastrtps_c.cpython-310-x86_64-linux-gnu.so
[11.938s] -- Set runtime path of "/workspace/src/install/ros_interfaces/local/lib/python3.10/dist-packages/ros_interfaces/ros_interfaces_s__rosidl_typesupport_fastrtps_c.cpython-310-x86_64-linux-gnu.so" to ""
[11.938s] -- Installing: /workspace/src/install/ros_interfaces/local/lib/python3.10/dist-packages/ros_interfaces/ros_interfaces_s__rosidl_typesupport_introspection_c.cpython-310-x86_64-linux-gnu.so
[11.939s] -- Set runtime path of "/workspace/src/install/ros_interfaces/local/lib/python3.10/dist-packages/ros_interfaces/ros_interfaces_s__rosidl_typesupport_introspection_c.cpython-310-x86_64-linux-gnu.so" to ""
[11.941s] -- Installing: /workspace/src/install/ros_interfaces/local/lib/python3.10/dist-packages/ros_interfaces/ros_interfaces_s__rosidl_typesupport_c.cpython-310-x86_64-linux-gnu.so
[11.941s] -- Set runtime path of "/workspace/src/install/ros_interfaces/local/lib/python3.10/dist-packages/ros_interfaces/ros_interfaces_s__rosidl_typesupport_c.cpython-310-x86_64-linux-gnu.so" to ""
[11.942s] -- Installing: /workspace/src/install/ros_interfaces/lib/libros_interfaces__rosidl_generator_py.so
[11.943s] -- Set runtime path of "/workspace/src/install/ros_interfaces/lib/libros_interfaces__rosidl_generator_py.so" to ""
[11.944s] -- Installing: /workspace/src/install/ros_interfaces/share/ros_interfaces/msg/Num.idl
[11.944s] -- Installing: /workspace/src/install/ros_interfaces/share/ros_interfaces/msg/Sphere.idl
[11.945s] -- Installing: /workspace/src/install/ros_interfaces/share/ros_interfaces/srv/AddTreeInts.idl
[11.945s] -- Installing: /workspace/src/install/ros_interfaces/share/ros_interfaces/msg/Num.msg
[11.946s] -- Installing: /workspace/src/install/ros_interfaces/share/ros_interfaces/msg/Sphere.msg
[11.946s] -- Installing: /workspace/src/install/ros_interfaces/share/ros_interfaces/srv/AddTreeInts.srv
[11.947s] -- Installing: /workspace/src/install/ros_interfaces/share/ros_interfaces/srv/AddTreeInts_Request.msg
[11.947s] -- Installing: /workspace/src/install/ros_interfaces/share/ros_interfaces/srv/AddTreeInts_Response.msg
[11.947s] -- Installing: /workspace/src/install/ros_interfaces/share/ament_index/resource_index/package_run_dependencies/ros_interfaces
[11.948s] -- Installing: /workspace/src/install/ros_interfaces/share/ament_index/resource_index/parent_prefix_path/ros_interfaces
[11.948s] -- Installing: /workspace/src/install/ros_interfaces/share/ros_interfaces/environment/ament_prefix_path.sh
[11.948s] -- Installing: /workspace/src/install/ros_interfaces/share/ros_interfaces/environment/ament_prefix_path.dsv
[11.948s] -- Installing: /workspace/src/install/ros_interfaces/share/ros_interfaces/environment/path.sh
[11.949s] -- Installing: /workspace/src/install/ros_interfaces/share/ros_interfaces/environment/path.dsv
[11.949s] -- Installing: /workspace/src/install/ros_interfaces/share/ros_interfaces/local_setup.bash
[11.949s] -- Installing: /workspace/src/install/ros_interfaces/share/ros_interfaces/local_setup.sh
[11.949s] -- Installing: /workspace/src/install/ros_interfaces/share/ros_interfaces/local_setup.zsh
[11.950s] -- Installing: /workspace/src/install/ros_interfaces/share/ros_interfaces/local_setup.dsv
[11.950s] -- Installing: /workspace/src/install/ros_interfaces/share/ros_interfaces/package.dsv
[11.950s] -- Installing: /workspace/src/install/ros_interfaces/share/ament_index/resource_index/packages/ros_interfaces
[11.950s] -- Installing: /workspace/src/install/ros_interfaces/share/ros_interfaces/cmake/export_ros_interfaces__rosidl_generator_cExport.cmake
[11.950s] -- Installing: /workspace/src/install/ros_interfaces/share/ros_interfaces/cmake/export_ros_interfaces__rosidl_generator_cExport-noconfig.cmake
[11.951s] -- Installing: /workspace/src/install/ros_interfaces/share/ros_interfaces/cmake/export_ros_interfaces__rosidl_typesupport_fastrtps_cExport.cmake
[11.972s] -- Installing: /workspace/src/install/ros_interfaces/share/ros_interfaces/cmake/export_ros_interfaces__rosidl_typesupport_fastrtps_cExport-noconfig.cmake
[11.972s] -- Installing: /workspace/src/install/ros_interfaces/share/ros_interfaces/cmake/export_ros_interfaces__rosidl_generator_cppExport.cmake
[11.973s] -- Installing: /workspace/src/install/ros_interfaces/share/ros_interfaces/cmake/export_ros_interfaces__rosidl_typesupport_fastrtps_cppExport.cmake
[11.974s] -- Installing: /workspace/src/install/ros_interfaces/share/ros_interfaces/cmake/export_ros_interfaces__rosidl_typesupport_fastrtps_cppExport-noconfig.cmake
[11.974s] -- Installing: /workspace/src/install/ros_interfaces/share/ros_interfaces/cmake/ros_interfaces__rosidl_typesupport_introspection_cExport.cmake
[11.974s] -- Installing: /workspace/src/install/ros_interfaces/share/ros_interfaces/cmake/ros_interfaces__rosidl_typesupport_introspection_cExport-noconfig.cmake
[11.974s] -- Installing: /workspace/src/install/ros_interfaces/share/ros_interfaces/cmake/ros_interfaces__rosidl_typesupport_cExport.cmake
[11.974s] -- Installing: /workspace/src/install/ros_interfaces/share/ros_interfaces/cmake/ros_interfaces__rosidl_typesupport_cExport-noconfig.cmake
[11.974s] -- Installing: /workspace/src/install/ros_interfaces/share/ros_interfaces/cmake/ros_interfaces__rosidl_typesupport_introspection_cppExport.cmake
[11.975s] -- Installing: /workspace/src/install/ros_interfaces/share/ros_interfaces/cmake/ros_interfaces__rosidl_typesupport_introspection_cppExport-noconfig.cmake
[11.975s] -- Installing: /workspace/src/install/ros_interfaces/share/ros_interfaces/cmake/ros_interfaces__rosidl_typesupport_cppExport.cmake
[11.975s] -- Installing: /workspace/src/install/ros_interfaces/share/ros_interfaces/cmake/ros_interfaces__rosidl_typesupport_cppExport-noconfig.cmake
[11.975s] -- Installing: /workspace/src/install/ros_interfaces/share/ros_interfaces/cmake/export_ros_interfaces__rosidl_generator_pyExport.cmake
[11.975s] -- Installing: /workspace/src/install/ros_interfaces/share/ros_interfaces/cmake/export_ros_interfaces__rosidl_generator_pyExport-noconfig.cmake
[11.976s] -- Installing: /workspace/src/install/ros_interfaces/share/ros_interfaces/cmake/rosidl_cmake-extras.cmake
[11.976s] -- Installing: /workspace/src/install/ros_interfaces/share/ros_interfaces/cmake/ament_cmake_export_dependencies-extras.cmake
[11.976s] -- Installing: /workspace/src/install/ros_interfaces/share/ros_interfaces/cmake/ament_cmake_export_include_directories-extras.cmake
[11.976s] -- Installing: /workspace/src/install/ros_interfaces/share/ros_interfaces/cmake/ament_cmake_export_libraries-extras.cmake
[11.976s] -- Installing: /workspace/src/install/ros_interfaces/share/ros_interfaces/cmake/ament_cmake_export_targets-extras.cmake
[11.976s] -- Installing: /workspace/src/install/ros_interfaces/share/ros_interfaces/cmake/rosidl_cmake_export_typesupport_targets-extras.cmake
[11.977s] -- Installing: /workspace/src/install/ros_interfaces/share/ros_interfaces/cmake/rosidl_cmake_export_typesupport_libraries-extras.cmake
[11.977s] -- Installing: /workspace/src/install/ros_interfaces/share/ros_interfaces/cmake/ros_interfacesConfig.cmake
[11.977s] -- Installing: /workspace/src/install/ros_interfaces/share/ros_interfaces/cmake/ros_interfacesConfig-version.cmake
[11.977s] -- Installing: /workspace/src/install/ros_interfaces/share/ros_interfaces/package.xml
[12.005s] Invoked command in '/workspace/src/build/ros_interfaces' returned '0': CMAKE_PREFIX_PATH=${CMAKE_PREFIX_PATH}:/opt/ros/humble /usr/bin/cmake --install /workspace/src/build/ros_interfaces
