-- The C compiler identification is GNU 11.3.0
-- The CXX compiler identification is GNU 11.3.0
-- Detecting C compiler ABI info
-- Detecting C compiler ABI info - done
-- Check for working C compiler: /usr/bin/cc - skipped
-- Detecting C compile features
-- Detecting C compile features - done
-- Detecting CXX compiler ABI info
-- Detecting CXX compiler ABI info - done
-- Check for working CXX compiler: /usr/bin/c++ - skipped
-- Detecting CXX compile features
-- Detecting CXX compile features - done
-- Found ament_cmake: 1.3.4 (/opt/ros/humble/share/ament_cmake/cmake)
-- Found Python3: /usr/bin/python3.10 (found version "3.10.6") found components: Interpreter 
-- Found ament_lint_auto: 0.12.6 (/opt/ros/humble/share/ament_lint_auto/cmake)
-- Found rosidl_default_generators: 1.2.0 (/opt/ros/humble/share/rosidl_default_generators/cmake)
-- Using all available rosidl_typesupport_c: rosidl_typesupport_fastrtps_c;rosidl_typesupport_introspection_c
-- Found rosidl_adapter: 3.1.4 (/opt/ros/humble/share/rosidl_adapter/cmake)
-- Using all available rosidl_typesupport_cpp: rosidl_typesupport_fastrtps_cpp;rosidl_typesupport_introspection_cpp
-- Found ament_cmake_ros: 0.10.0 (/opt/ros/humble/share/ament_cmake_ros/cmake)
-- Using all available rosidl_typesupport_c: rosidl_typesupport_fastrtps_c;rosidl_typesupport_introspection_c
-- Using all available rosidl_typesupport_cpp: rosidl_typesupport_fastrtps_cpp;rosidl_typesupport_introspection_cpp
-- Found PythonInterp: /usr/bin/python3 (found suitable version "3.10.6", minimum required is "3.6") 
-- Found python_cmake_module: 0.10.0 (/opt/ros/humble/share/python_cmake_module/cmake)
-- Found PythonLibs: /usr/lib/x86_64-linux-gnu/libpython3.10.so (found suitable version "3.10.6", minimum required is "3.5") 
-- Using PYTHON_EXECUTABLE: /usr/bin/python3
-- Using PYTHON_INCLUDE_DIRS: /usr/include/python3.10
-- Using PYTHON_LIBRARIES: /usr/lib/x86_64-linux-gnu/libpython3.10.so
-- Found PythonExtra: .so  
-- Added test 'lint_cmake' to check CMake code style
-- Added test 'xmllint' to check XML markup files
-- Configuring done
-- Generating done
-- Build files have been written to: /workspace/src/build/ros2_mid_actions
[  3%] [34m[1mGenerating C code for ROS interfaces[0m
[  6%] [34m[1mGenerating C++ code for ROS interfaces[0m
[  6%] Built target ament_cmake_python_copy_ros2_mid_actions
running egg_info
creating ros2_mid_actions.egg-info
writing ros2_mid_actions.egg-info/PKG-INFO
writing dependency_links to ros2_mid_actions.egg-info/dependency_links.txt
writing top-level names to ros2_mid_actions.egg-info/top_level.txt
writing manifest file 'ros2_mid_actions.egg-info/SOURCES.txt'
reading manifest file 'ros2_mid_actions.egg-info/SOURCES.txt'
writing manifest file 'ros2_mid_actions.egg-info/SOURCES.txt'
[  6%] Built target ament_cmake_python_build_ros2_mid_actions_egg
[  9%] [32mBuilding C object CMakeFiles/ros2_mid_actions__rosidl_generator_c.dir/rosidl_generator_c/ros2_mid_actions/action/detail/inverse_kinematics__functions.c.o[0m
[  9%] Built target ros2_mid_actions__cpp
[ 12%] [34m[1mGenerating C++ type support for eProsima Fast-RTPS[0m
[ 16%] [34m[1mGenerating C++ type support dispatch for ROS interfaces[0m
[ 19%] [34m[1mGenerating C++ introspection for ROS interfaces[0m
[ 22%] [32m[1mLinking C shared library libros2_mid_actions__rosidl_generator_c.so[0m
[ 22%] Built target ros2_mid_actions__rosidl_generator_c
[ 25%] [34m[1mGenerating C type support for eProsima Fast-RTPS[0m
[ 29%] [34m[1mGenerating C introspection for ROS interfaces[0m
[ 32%] [34m[1mGenerating C type support dispatch for ROS interfaces[0m
[ 35%] [32mBuilding CXX object CMakeFiles/ros2_mid_actions__rosidl_typesupport_cpp.dir/rosidl_typesupport_cpp/ros2_mid_actions/action/inverse_kinematics__type_support.cpp.o[0m
[ 38%] [32mBuilding CXX object CMakeFiles/ros2_mid_actions__rosidl_typesupport_introspection_cpp.dir/rosidl_typesupport_introspection_cpp/ros2_mid_actions/action/detail/inverse_kinematics__type_support.cpp.o[0m
[ 41%] [32mBuilding CXX object CMakeFiles/ros2_mid_actions__rosidl_typesupport_fastrtps_cpp.dir/rosidl_typesupport_fastrtps_cpp/ros2_mid_actions/action/detail/dds_fastrtps/inverse_kinematics__type_support.cpp.o[0m
[ 45%] [32mBuilding CXX object CMakeFiles/ros2_mid_actions__rosidl_typesupport_c.dir/rosidl_typesupport_c/ros2_mid_actions/action/inverse_kinematics__type_support.cpp.o[0m
[ 48%] [32mBuilding CXX object CMakeFiles/ros2_mid_actions__rosidl_typesupport_fastrtps_c.dir/rosidl_typesupport_fastrtps_c/ros2_mid_actions/action/detail/inverse_kinematics__type_support_c.cpp.o[0m
[ 51%] [32mBuilding C object CMakeFiles/ros2_mid_actions__rosidl_typesupport_introspection_c.dir/rosidl_typesupport_introspection_c/ros2_mid_actions/action/detail/inverse_kinematics__type_support.c.o[0m
[ 54%] [32m[1mLinking CXX shared library libros2_mid_actions__rosidl_typesupport_c.so[0m
[ 54%] Built target ros2_mid_actions__rosidl_typesupport_c
[ 58%] [32m[1mLinking C shared library libros2_mid_actions__rosidl_typesupport_introspection_c.so[0m
[ 58%] Built target ros2_mid_actions__rosidl_typesupport_introspection_c
[ 61%] [32m[1mLinking CXX shared library libros2_mid_actions__rosidl_typesupport_cpp.so[0m
[ 61%] Built target ros2_mid_actions__rosidl_typesupport_cpp
[ 64%] [32m[1mLinking CXX shared library libros2_mid_actions__rosidl_typesupport_fastrtps_cpp.so[0m
[ 67%] [32m[1mLinking CXX shared library libros2_mid_actions__rosidl_typesupport_fastrtps_c.so[0m
[ 67%] Built target ros2_mid_actions__rosidl_typesupport_fastrtps_cpp
[ 67%] Built target ros2_mid_actions__rosidl_typesupport_fastrtps_c
[ 70%] [32m[1mLinking CXX shared library libros2_mid_actions__rosidl_typesupport_introspection_cpp.so[0m
[ 70%] Built target ros2_mid_actions__rosidl_typesupport_introspection_cpp
[ 70%] Built target ros2_mid_actions
[ 74%] [34m[1mGenerating Python code for ROS interfaces[0m
[ 74%] Built target ros2_mid_actions__py
[ 77%] [32mBuilding C object CMakeFiles/ros2_mid_actions__rosidl_generator_py.dir/rosidl_generator_py/ros2_mid_actions/action/_inverse_kinematics_s.c.o[0m
[ 80%] [32m[1mLinking C shared library rosidl_generator_py/ros2_mid_actions/libros2_mid_actions__rosidl_generator_py.so[0m
[ 80%] Built target ros2_mid_actions__rosidl_generator_py
[ 87%] [32mBuilding C object CMakeFiles/ros2_mid_actions__rosidl_typesupport_introspection_c__pyext.dir/rosidl_generator_py/ros2_mid_actions/_ros2_mid_actions_s.ep.rosidl_typesupport_introspection_c.c.o[0m
[ 87%] [32mBuilding C object CMakeFiles/ros2_mid_actions__rosidl_typesupport_fastrtps_c__pyext.dir/rosidl_generator_py/ros2_mid_actions/_ros2_mid_actions_s.ep.rosidl_typesupport_fastrtps_c.c.o[0m
[ 90%] [32mBuilding C object CMakeFiles/ros2_mid_actions__rosidl_typesupport_c__pyext.dir/rosidl_generator_py/ros2_mid_actions/_ros2_mid_actions_s.ep.rosidl_typesupport_c.c.o[0m
[ 93%] [32m[1mLinking C shared library rosidl_generator_py/ros2_mid_actions/ros2_mid_actions_s__rosidl_typesupport_fastrtps_c.cpython-310-x86_64-linux-gnu.so[0m
[ 96%] [32m[1mLinking C shared library rosidl_generator_py/ros2_mid_actions/ros2_mid_actions_s__rosidl_typesupport_introspection_c.cpython-310-x86_64-linux-gnu.so[0m
[100%] [32m[1mLinking C shared library rosidl_generator_py/ros2_mid_actions/ros2_mid_actions_s__rosidl_typesupport_c.cpython-310-x86_64-linux-gnu.so[0m
[100%] Built target ros2_mid_actions__rosidl_typesupport_fastrtps_c__pyext
[100%] Built target ros2_mid_actions__rosidl_typesupport_introspection_c__pyext
[100%] Built target ros2_mid_actions__rosidl_typesupport_c__pyext
-- Install configuration: ""
-- Installing: /workspace/src/install/ros2_mid_actions/share/ament_index/resource_index/rosidl_interfaces/ros2_mid_actions
-- Installing: /workspace/src/install/ros2_mid_actions/include/ros2_mid_actions/ros2_mid_actions
-- Installing: /workspace/src/install/ros2_mid_actions/include/ros2_mid_actions/ros2_mid_actions/action
-- Installing: /workspace/src/install/ros2_mid_actions/include/ros2_mid_actions/ros2_mid_actions/action/detail
-- Installing: /workspace/src/install/ros2_mid_actions/include/ros2_mid_actions/ros2_mid_actions/action/detail/inverse_kinematics__type_support.h
-- Installing: /workspace/src/install/ros2_mid_actions/include/ros2_mid_actions/ros2_mid_actions/action/detail/inverse_kinematics__struct.h
-- Installing: /workspace/src/install/ros2_mid_actions/include/ros2_mid_actions/ros2_mid_actions/action/detail/inverse_kinematics__functions.h
-- Installing: /workspace/src/install/ros2_mid_actions/include/ros2_mid_actions/ros2_mid_actions/action/detail/inverse_kinematics__functions.c
-- Installing: /workspace/src/install/ros2_mid_actions/include/ros2_mid_actions/ros2_mid_actions/action/inverse_kinematics.h
-- Installing: /workspace/src/install/ros2_mid_actions/include/ros2_mid_actions/ros2_mid_actions/msg
-- Installing: /workspace/src/install/ros2_mid_actions/include/ros2_mid_actions/ros2_mid_actions/msg/rosidl_generator_c__visibility_control.h
-- Installing: /workspace/src/install/ros2_mid_actions/share/ros2_mid_actions/environment/library_path.sh
-- Installing: /workspace/src/install/ros2_mid_actions/share/ros2_mid_actions/environment/library_path.dsv
-- Installing: /workspace/src/install/ros2_mid_actions/lib/libros2_mid_actions__rosidl_generator_c.so
-- Set runtime path of "/workspace/src/install/ros2_mid_actions/lib/libros2_mid_actions__rosidl_generator_c.so" to ""
-- Up-to-date: /workspace/src/install/ros2_mid_actions/include/ros2_mid_actions/ros2_mid_actions
-- Up-to-date: /workspace/src/install/ros2_mid_actions/include/ros2_mid_actions/ros2_mid_actions/action
-- Up-to-date: /workspace/src/install/ros2_mid_actions/include/ros2_mid_actions/ros2_mid_actions/action/detail
-- Installing: /workspace/src/install/ros2_mid_actions/include/ros2_mid_actions/ros2_mid_actions/action/detail/inverse_kinematics__rosidl_typesupport_fastrtps_c.h
-- Up-to-date: /workspace/src/install/ros2_mid_actions/include/ros2_mid_actions/ros2_mid_actions/msg
-- Installing: /workspace/src/install/ros2_mid_actions/include/ros2_mid_actions/ros2_mid_actions/msg/rosidl_typesupport_fastrtps_c__visibility_control.h
-- Installing: /workspace/src/install/ros2_mid_actions/lib/libros2_mid_actions__rosidl_typesupport_fastrtps_c.so
-- Set runtime path of "/workspace/src/install/ros2_mid_actions/lib/libros2_mid_actions__rosidl_typesupport_fastrtps_c.so" to ""
-- Up-to-date: /workspace/src/install/ros2_mid_actions/include/ros2_mid_actions/ros2_mid_actions
-- Up-to-date: /workspace/src/install/ros2_mid_actions/include/ros2_mid_actions/ros2_mid_actions/action
-- Up-to-date: /workspace/src/install/ros2_mid_actions/include/ros2_mid_actions/ros2_mid_actions/action/detail
-- Installing: /workspace/src/install/ros2_mid_actions/include/ros2_mid_actions/ros2_mid_actions/action/detail/inverse_kinematics__rosidl_typesupport_introspection_c.h
-- Installing: /workspace/src/install/ros2_mid_actions/include/ros2_mid_actions/ros2_mid_actions/action/detail/inverse_kinematics__type_support.c
-- Up-to-date: /workspace/src/install/ros2_mid_actions/include/ros2_mid_actions/ros2_mid_actions/msg
-- Installing: /workspace/src/install/ros2_mid_actions/include/ros2_mid_actions/ros2_mid_actions/msg/rosidl_typesupport_introspection_c__visibility_control.h
-- Installing: /workspace/src/install/ros2_mid_actions/lib/libros2_mid_actions__rosidl_typesupport_introspection_c.so
-- Set runtime path of "/workspace/src/install/ros2_mid_actions/lib/libros2_mid_actions__rosidl_typesupport_introspection_c.so" to ""
-- Installing: /workspace/src/install/ros2_mid_actions/lib/libros2_mid_actions__rosidl_typesupport_c.so
-- Set runtime path of "/workspace/src/install/ros2_mid_actions/lib/libros2_mid_actions__rosidl_typesupport_c.so" to ""
-- Up-to-date: /workspace/src/install/ros2_mid_actions/include/ros2_mid_actions/ros2_mid_actions
-- Up-to-date: /workspace/src/install/ros2_mid_actions/include/ros2_mid_actions/ros2_mid_actions/action
-- Up-to-date: /workspace/src/install/ros2_mid_actions/include/ros2_mid_actions/ros2_mid_actions/action/detail
-- Installing: /workspace/src/install/ros2_mid_actions/include/ros2_mid_actions/ros2_mid_actions/action/detail/inverse_kinematics__builder.hpp
-- Installing: /workspace/src/install/ros2_mid_actions/include/ros2_mid_actions/ros2_mid_actions/action/detail/inverse_kinematics__traits.hpp
-- Installing: /workspace/src/install/ros2_mid_actions/include/ros2_mid_actions/ros2_mid_actions/action/detail/inverse_kinematics__struct.hpp
-- Installing: /workspace/src/install/ros2_mid_actions/include/ros2_mid_actions/ros2_mid_actions/action/inverse_kinematics.hpp
-- Up-to-date: /workspace/src/install/ros2_mid_actions/include/ros2_mid_actions/ros2_mid_actions
-- Up-to-date: /workspace/src/install/ros2_mid_actions/include/ros2_mid_actions/ros2_mid_actions/action
-- Up-to-date: /workspace/src/install/ros2_mid_actions/include/ros2_mid_actions/ros2_mid_actions/action/detail
-- Installing: /workspace/src/install/ros2_mid_actions/include/ros2_mid_actions/ros2_mid_actions/action/detail/dds_fastrtps
-- Installing: /workspace/src/install/ros2_mid_actions/include/ros2_mid_actions/ros2_mid_actions/action/detail/inverse_kinematics__rosidl_typesupport_fastrtps_cpp.hpp
-- Up-to-date: /workspace/src/install/ros2_mid_actions/include/ros2_mid_actions/ros2_mid_actions/msg
-- Installing: /workspace/src/install/ros2_mid_actions/include/ros2_mid_actions/ros2_mid_actions/msg/rosidl_typesupport_fastrtps_cpp__visibility_control.h
-- Installing: /workspace/src/install/ros2_mid_actions/lib/libros2_mid_actions__rosidl_typesupport_fastrtps_cpp.so
-- Set runtime path of "/workspace/src/install/ros2_mid_actions/lib/libros2_mid_actions__rosidl_typesupport_fastrtps_cpp.so" to ""
-- Up-to-date: /workspace/src/install/ros2_mid_actions/include/ros2_mid_actions/ros2_mid_actions
-- Up-to-date: /workspace/src/install/ros2_mid_actions/include/ros2_mid_actions/ros2_mid_actions/action
-- Up-to-date: /workspace/src/install/ros2_mid_actions/include/ros2_mid_actions/ros2_mid_actions/action/detail
-- Installing: /workspace/src/install/ros2_mid_actions/include/ros2_mid_actions/ros2_mid_actions/action/detail/inverse_kinematics__type_support.cpp
-- Installing: /workspace/src/install/ros2_mid_actions/include/ros2_mid_actions/ros2_mid_actions/action/detail/inverse_kinematics__rosidl_typesupport_introspection_cpp.hpp
-- Installing: /workspace/src/install/ros2_mid_actions/lib/libros2_mid_actions__rosidl_typesupport_introspection_cpp.so
-- Set runtime path of "/workspace/src/install/ros2_mid_actions/lib/libros2_mid_actions__rosidl_typesupport_introspection_cpp.so" to ""
-- Installing: /workspace/src/install/ros2_mid_actions/lib/libros2_mid_actions__rosidl_typesupport_cpp.so
-- Set runtime path of "/workspace/src/install/ros2_mid_actions/lib/libros2_mid_actions__rosidl_typesupport_cpp.so" to ""
-- Installing: /workspace/src/install/ros2_mid_actions/share/ros2_mid_actions/environment/pythonpath.sh
-- Installing: /workspace/src/install/ros2_mid_actions/share/ros2_mid_actions/environment/pythonpath.dsv
-- Installing: /workspace/src/install/ros2_mid_actions/local/lib/python3.10/dist-packages/ros2_mid_actions-0.0.0-py3.10.egg-info
-- Installing: /workspace/src/install/ros2_mid_actions/local/lib/python3.10/dist-packages/ros2_mid_actions-0.0.0-py3.10.egg-info/SOURCES.txt
-- Installing: /workspace/src/install/ros2_mid_actions/local/lib/python3.10/dist-packages/ros2_mid_actions-0.0.0-py3.10.egg-info/dependency_links.txt
-- Installing: /workspace/src/install/ros2_mid_actions/local/lib/python3.10/dist-packages/ros2_mid_actions-0.0.0-py3.10.egg-info/top_level.txt
-- Installing: /workspace/src/install/ros2_mid_actions/local/lib/python3.10/dist-packages/ros2_mid_actions-0.0.0-py3.10.egg-info/PKG-INFO
-- Installing: /workspace/src/install/ros2_mid_actions/local/lib/python3.10/dist-packages/ros2_mid_actions
-- Installing: /workspace/src/install/ros2_mid_actions/local/lib/python3.10/dist-packages/ros2_mid_actions/action
-- Installing: /workspace/src/install/ros2_mid_actions/local/lib/python3.10/dist-packages/ros2_mid_actions/action/_inverse_kinematics.py
-- Installing: /workspace/src/install/ros2_mid_actions/local/lib/python3.10/dist-packages/ros2_mid_actions/action/_inverse_kinematics_s.c
-- Installing: /workspace/src/install/ros2_mid_actions/local/lib/python3.10/dist-packages/ros2_mid_actions/action/__init__.py
-- Installing: /workspace/src/install/ros2_mid_actions/local/lib/python3.10/dist-packages/ros2_mid_actions/libros2_mid_actions__rosidl_generator_py.so
-- Installing: /workspace/src/install/ros2_mid_actions/local/lib/python3.10/dist-packages/ros2_mid_actions/ros2_mid_actions_s__rosidl_typesupport_c.cpython-310-x86_64-linux-gnu.so
-- Installing: /workspace/src/install/ros2_mid_actions/local/lib/python3.10/dist-packages/ros2_mid_actions/ros2_mid_actions_s__rosidl_typesupport_introspection_c.cpython-310-x86_64-linux-gnu.so
-- Installing: /workspace/src/install/ros2_mid_actions/local/lib/python3.10/dist-packages/ros2_mid_actions/_ros2_mid_actions_s.ep.rosidl_typesupport_fastrtps_c.c
-- Installing: /workspace/src/install/ros2_mid_actions/local/lib/python3.10/dist-packages/ros2_mid_actions/_ros2_mid_actions_s.ep.rosidl_typesupport_introspection_c.c
-- Installing: /workspace/src/install/ros2_mid_actions/local/lib/python3.10/dist-packages/ros2_mid_actions/__init__.py
-- Installing: /workspace/src/install/ros2_mid_actions/local/lib/python3.10/dist-packages/ros2_mid_actions/ros2_mid_actions_s__rosidl_typesupport_fastrtps_c.cpython-310-x86_64-linux-gnu.so
-- Installing: /workspace/src/install/ros2_mid_actions/local/lib/python3.10/dist-packages/ros2_mid_actions/_ros2_mid_actions_s.ep.rosidl_typesupport_c.c
Listing '/workspace/src/install/ros2_mid_actions/local/lib/python3.10/dist-packages/ros2_mid_actions'...
Compiling '/workspace/src/install/ros2_mid_actions/local/lib/python3.10/dist-packages/ros2_mid_actions/__init__.py'...
Listing '/workspace/src/install/ros2_mid_actions/local/lib/python3.10/dist-packages/ros2_mid_actions/action'...
Compiling '/workspace/src/install/ros2_mid_actions/local/lib/python3.10/dist-packages/ros2_mid_actions/action/__init__.py'...
Compiling '/workspace/src/install/ros2_mid_actions/local/lib/python3.10/dist-packages/ros2_mid_actions/action/_inverse_kinematics.py'...
-- Installing: /workspace/src/install/ros2_mid_actions/local/lib/python3.10/dist-packages/ros2_mid_actions/ros2_mid_actions_s__rosidl_typesupport_fastrtps_c.cpython-310-x86_64-linux-gnu.so
-- Set runtime path of "/workspace/src/install/ros2_mid_actions/local/lib/python3.10/dist-packages/ros2_mid_actions/ros2_mid_actions_s__rosidl_typesupport_fastrtps_c.cpython-310-x86_64-linux-gnu.so" to ""
-- Installing: /workspace/src/install/ros2_mid_actions/local/lib/python3.10/dist-packages/ros2_mid_actions/ros2_mid_actions_s__rosidl_typesupport_introspection_c.cpython-310-x86_64-linux-gnu.so
-- Set runtime path of "/workspace/src/install/ros2_mid_actions/local/lib/python3.10/dist-packages/ros2_mid_actions/ros2_mid_actions_s__rosidl_typesupport_introspection_c.cpython-310-x86_64-linux-gnu.so" to ""
-- Installing: /workspace/src/install/ros2_mid_actions/local/lib/python3.10/dist-packages/ros2_mid_actions/ros2_mid_actions_s__rosidl_typesupport_c.cpython-310-x86_64-linux-gnu.so
-- Set runtime path of "/workspace/src/install/ros2_mid_actions/local/lib/python3.10/dist-packages/ros2_mid_actions/ros2_mid_actions_s__rosidl_typesupport_c.cpython-310-x86_64-linux-gnu.so" to ""
-- Installing: /workspace/src/install/ros2_mid_actions/lib/libros2_mid_actions__rosidl_generator_py.so
-- Set runtime path of "/workspace/src/install/ros2_mid_actions/lib/libros2_mid_actions__rosidl_generator_py.so" to ""
-- Installing: /workspace/src/install/ros2_mid_actions/share/ros2_mid_actions/action/InverseKinematics.idl
-- Installing: /workspace/src/install/ros2_mid_actions/share/ros2_mid_actions/action/InverseKinematics.action
-- Installing: /workspace/src/install/ros2_mid_actions/share/ament_index/resource_index/package_run_dependencies/ros2_mid_actions
-- Installing: /workspace/src/install/ros2_mid_actions/share/ament_index/resource_index/parent_prefix_path/ros2_mid_actions
-- Installing: /workspace/src/install/ros2_mid_actions/share/ros2_mid_actions/environment/ament_prefix_path.sh
-- Installing: /workspace/src/install/ros2_mid_actions/share/ros2_mid_actions/environment/ament_prefix_path.dsv
-- Installing: /workspace/src/install/ros2_mid_actions/share/ros2_mid_actions/environment/path.sh
-- Installing: /workspace/src/install/ros2_mid_actions/share/ros2_mid_actions/environment/path.dsv
-- Installing: /workspace/src/install/ros2_mid_actions/share/ros2_mid_actions/local_setup.bash
-- Installing: /workspace/src/install/ros2_mid_actions/share/ros2_mid_actions/local_setup.sh
-- Installing: /workspace/src/install/ros2_mid_actions/share/ros2_mid_actions/local_setup.zsh
-- Installing: /workspace/src/install/ros2_mid_actions/share/ros2_mid_actions/local_setup.dsv
-- Installing: /workspace/src/install/ros2_mid_actions/share/ros2_mid_actions/package.dsv
-- Installing: /workspace/src/install/ros2_mid_actions/share/ament_index/resource_index/packages/ros2_mid_actions
-- Installing: /workspace/src/install/ros2_mid_actions/share/ros2_mid_actions/cmake/export_ros2_mid_actions__rosidl_generator_cExport.cmake
-- Installing: /workspace/src/install/ros2_mid_actions/share/ros2_mid_actions/cmake/export_ros2_mid_actions__rosidl_generator_cExport-noconfig.cmake
-- Installing: /workspace/src/install/ros2_mid_actions/share/ros2_mid_actions/cmake/export_ros2_mid_actions__rosidl_typesupport_fastrtps_cExport.cmake
-- Installing: /workspace/src/install/ros2_mid_actions/share/ros2_mid_actions/cmake/export_ros2_mid_actions__rosidl_typesupport_fastrtps_cExport-noconfig.cmake
-- Installing: /workspace/src/install/ros2_mid_actions/share/ros2_mid_actions/cmake/ros2_mid_actions__rosidl_typesupport_introspection_cExport.cmake
-- Installing: /workspace/src/install/ros2_mid_actions/share/ros2_mid_actions/cmake/ros2_mid_actions__rosidl_typesupport_introspection_cExport-noconfig.cmake
-- Installing: /workspace/src/install/ros2_mid_actions/share/ros2_mid_actions/cmake/ros2_mid_actions__rosidl_typesupport_cExport.cmake
-- Installing: /workspace/src/install/ros2_mid_actions/share/ros2_mid_actions/cmake/ros2_mid_actions__rosidl_typesupport_cExport-noconfig.cmake
-- Installing: /workspace/src/install/ros2_mid_actions/share/ros2_mid_actions/cmake/export_ros2_mid_actions__rosidl_generator_cppExport.cmake
-- Installing: /workspace/src/install/ros2_mid_actions/share/ros2_mid_actions/cmake/export_ros2_mid_actions__rosidl_typesupport_fastrtps_cppExport.cmake
-- Installing: /workspace/src/install/ros2_mid_actions/share/ros2_mid_actions/cmake/export_ros2_mid_actions__rosidl_typesupport_fastrtps_cppExport-noconfig.cmake
-- Installing: /workspace/src/install/ros2_mid_actions/share/ros2_mid_actions/cmake/ros2_mid_actions__rosidl_typesupport_introspection_cppExport.cmake
-- Installing: /workspace/src/install/ros2_mid_actions/share/ros2_mid_actions/cmake/ros2_mid_actions__rosidl_typesupport_introspection_cppExport-noconfig.cmake
-- Installing: /workspace/src/install/ros2_mid_actions/share/ros2_mid_actions/cmake/ros2_mid_actions__rosidl_typesupport_cppExport.cmake
-- Installing: /workspace/src/install/ros2_mid_actions/share/ros2_mid_actions/cmake/ros2_mid_actions__rosidl_typesupport_cppExport-noconfig.cmake
-- Installing: /workspace/src/install/ros2_mid_actions/share/ros2_mid_actions/cmake/export_ros2_mid_actions__rosidl_generator_pyExport.cmake
-- Installing: /workspace/src/install/ros2_mid_actions/share/ros2_mid_actions/cmake/export_ros2_mid_actions__rosidl_generator_pyExport-noconfig.cmake
-- Installing: /workspace/src/install/ros2_mid_actions/share/ros2_mid_actions/cmake/rosidl_cmake-extras.cmake
-- Installing: /workspace/src/install/ros2_mid_actions/share/ros2_mid_actions/cmake/ament_cmake_export_dependencies-extras.cmake
-- Installing: /workspace/src/install/ros2_mid_actions/share/ros2_mid_actions/cmake/ament_cmake_export_include_directories-extras.cmake
-- Installing: /workspace/src/install/ros2_mid_actions/share/ros2_mid_actions/cmake/ament_cmake_export_libraries-extras.cmake
-- Installing: /workspace/src/install/ros2_mid_actions/share/ros2_mid_actions/cmake/ament_cmake_export_targets-extras.cmake
-- Installing: /workspace/src/install/ros2_mid_actions/share/ros2_mid_actions/cmake/rosidl_cmake_export_typesupport_targets-extras.cmake
-- Installing: /workspace/src/install/ros2_mid_actions/share/ros2_mid_actions/cmake/rosidl_cmake_export_typesupport_libraries-extras.cmake
-- Installing: /workspace/src/install/ros2_mid_actions/share/ros2_mid_actions/cmake/ros2_mid_actionsConfig.cmake
-- Installing: /workspace/src/install/ros2_mid_actions/share/ros2_mid_actions/cmake/ros2_mid_actionsConfig-version.cmake
-- Installing: /workspace/src/install/ros2_mid_actions/share/ros2_mid_actions/package.xml
