[0.163s] Invoking command in '/workspace/src/build/ros2_mid_actions': CMAKE_PREFIX_PATH=${CMAKE_PREFIX_PATH}:/opt/ros/humble /usr/bin/cmake /workspace/src/ros2_mid_actions -DCMAKE_INSTALL_PREFIX=/workspace/src/install/ros2_mid_actions
[0.289s] -- The C compiler identification is GNU 11.3.0
[0.477s] -- The CXX compiler identification is GNU 11.3.0
[0.490s] -- Detecting C compiler ABI info
[0.632s] -- Detecting C compiler ABI info - done
[0.649s] -- Check for working C compiler: /usr/bin/cc - skipped
[0.650s] -- Detecting C compile features
[0.651s] -- Detecting C compile features - done
[0.656s] -- Detecting CXX compiler ABI info
[0.797s] -- Detecting CXX compiler ABI info - done
[0.819s] -- Check for working CXX compiler: /usr/bin/c++ - skipped
[0.819s] -- Detecting CXX compile features
[0.821s] -- Detecting CXX compile features - done
[0.830s] -- Found ament_cmake: 1.3.4 (/opt/ros/humble/share/ament_cmake/cmake)
[1.216s] -- Found Python3: /usr/bin/python3.10 (found version "3.10.6") found components: Interpreter 
[1.520s] -- Found ament_lint_auto: 0.12.6 (/opt/ros/humble/share/ament_lint_auto/cmake)
[1.708s] -- Found rosidl_default_generators: 1.2.0 (/opt/ros/humble/share/rosidl_default_generators/cmake)
[1.723s] -- Using all available rosidl_typesupport_c: rosidl_typesupport_fastrtps_c;rosidl_typesupport_introspection_c
[1.753s] -- Found rosidl_adapter: 3.1.4 (/opt/ros/humble/share/rosidl_adapter/cmake)
[1.941s] -- Using all available rosidl_typesupport_cpp: rosidl_typesupport_fastrtps_cpp;rosidl_typesupport_introspection_cpp
[2.674s] -- Found ament_cmake_ros: 0.10.0 (/opt/ros/humble/share/ament_cmake_ros/cmake)
[3.152s] -- Using all available rosidl_typesupport_c: rosidl_typesupport_fastrtps_c;rosidl_typesupport_introspection_c
[3.546s] -- Using all available rosidl_typesupport_cpp: rosidl_typesupport_fastrtps_cpp;rosidl_typesupport_introspection_cpp
[3.579s] -- Found PythonInterp: /usr/bin/python3 (found suitable version "3.10.6", minimum required is "3.6") 
[3.586s] -- Found python_cmake_module: 0.10.0 (/opt/ros/humble/share/python_cmake_module/cmake)
[3.623s] -- Found PythonLibs: /usr/lib/x86_64-linux-gnu/libpython3.10.so (found suitable version "3.10.6", minimum required is "3.5") 
[3.623s] -- Using PYTHON_EXECUTABLE: /usr/bin/python3
[3.623s] -- Using PYTHON_INCLUDE_DIRS: /usr/include/python3.10
[3.623s] -- Using PYTHON_LIBRARIES: /usr/lib/x86_64-linux-gnu/libpython3.10.so
[3.656s] -- Found PythonExtra: .so  
[3.732s] -- Added test 'lint_cmake' to check CMake code style
[3.734s] -- Added test 'xmllint' to check XML markup files
[3.742s] -- Configuring done
[3.806s] -- Generating done
[3.811s] -- Build files have been written to: /workspace/src/build/ros2_mid_actions
[3.825s] Invoked command in '/workspace/src/build/ros2_mid_actions' returned '0': CMAKE_PREFIX_PATH=${CMAKE_PREFIX_PATH}:/opt/ros/humble /usr/bin/cmake /workspace/src/ros2_mid_actions -DCMAKE_INSTALL_PREFIX=/workspace/src/install/ros2_mid_actions
[3.828s] Invoking command in '/workspace/src/build/ros2_mid_actions': CMAKE_PREFIX_PATH=${CMAKE_PREFIX_PATH}:/opt/ros/humble /usr/bin/cmake --build /workspace/src/build/ros2_mid_actions -- -j12 -l12
[3.892s] [  3%] [34m[1mGenerating C code for ROS interfaces[0m
[3.908s] [  6%] [34m[1mGenerating C++ code for ROS interfaces[0m
[3.930s] [  6%] Built target ament_cmake_python_copy_ros2_mid_actions
[4.406s] running egg_info
[4.407s] creating ros2_mid_actions.egg-info
[4.408s] writing ros2_mid_actions.egg-info/PKG-INFO
[4.408s] writing dependency_links to ros2_mid_actions.egg-info/dependency_links.txt
[4.408s] writing top-level names to ros2_mid_actions.egg-info/top_level.txt
[4.409s] writing manifest file 'ros2_mid_actions.egg-info/SOURCES.txt'
[4.412s] reading manifest file 'ros2_mid_actions.egg-info/SOURCES.txt'
[4.412s] writing manifest file 'ros2_mid_actions.egg-info/SOURCES.txt'
[4.457s] [  6%] Built target ament_cmake_python_build_ros2_mid_actions_egg
[4.694s] [  9%] [32mBuilding C object CMakeFiles/ros2_mid_actions__rosidl_generator_c.dir/rosidl_generator_c/ros2_mid_actions/action/detail/inverse_kinematics__functions.c.o[0m
[4.942s] [  9%] Built target ros2_mid_actions__cpp
[4.962s] [ 12%] [34m[1mGenerating C++ type support for eProsima Fast-RTPS[0m
[4.963s] [ 16%] [34m[1mGenerating C++ type support dispatch for ROS interfaces[0m
[4.998s] [ 19%] [34m[1mGenerating C++ introspection for ROS interfaces[0m
[5.102s] [ 22%] [32m[1mLinking C shared library libros2_mid_actions__rosidl_generator_c.so[0m
[5.270s] [ 22%] Built target ros2_mid_actions__rosidl_generator_c
[5.357s] [ 25%] [34m[1mGenerating C type support for eProsima Fast-RTPS[0m
[5.363s] [ 29%] [34m[1mGenerating C introspection for ROS interfaces[0m
[5.374s] [ 32%] [34m[1mGenerating C type support dispatch for ROS interfaces[0m
[5.898s] [ 35%] [32mBuilding CXX object CMakeFiles/ros2_mid_actions__rosidl_typesupport_cpp.dir/rosidl_typesupport_cpp/ros2_mid_actions/action/inverse_kinematics__type_support.cpp.o[0m
[6.378s] [ 38%] [32mBuilding CXX object CMakeFiles/ros2_mid_actions__rosidl_typesupport_introspection_cpp.dir/rosidl_typesupport_introspection_cpp/ros2_mid_actions/action/detail/inverse_kinematics__type_support.cpp.o[0m
[6.442s] [ 41%] [32mBuilding CXX object CMakeFiles/ros2_mid_actions__rosidl_typesupport_fastrtps_cpp.dir/rosidl_typesupport_fastrtps_cpp/ros2_mid_actions/action/detail/dds_fastrtps/inverse_kinematics__type_support.cpp.o[0m
[6.672s] [ 45%] [32mBuilding CXX object CMakeFiles/ros2_mid_actions__rosidl_typesupport_c.dir/rosidl_typesupport_c/ros2_mid_actions/action/inverse_kinematics__type_support.cpp.o[0m
[6.752s] [ 48%] [32mBuilding CXX object CMakeFiles/ros2_mid_actions__rosidl_typesupport_fastrtps_c.dir/rosidl_typesupport_fastrtps_c/ros2_mid_actions/action/detail/inverse_kinematics__type_support_c.cpp.o[0m
[6.925s] [ 51%] [32mBuilding C object CMakeFiles/ros2_mid_actions__rosidl_typesupport_introspection_c.dir/rosidl_typesupport_introspection_c/ros2_mid_actions/action/detail/inverse_kinematics__type_support.c.o[0m
[6.937s] [ 54%] [32m[1mLinking CXX shared library libros2_mid_actions__rosidl_typesupport_c.so[0m
[7.122s] [ 54%] Built target ros2_mid_actions__rosidl_typesupport_c
[7.234s] [ 58%] [32m[1mLinking C shared library libros2_mid_actions__rosidl_typesupport_introspection_c.so[0m
[7.395s] [ 58%] Built target ros2_mid_actions__rosidl_typesupport_introspection_c
[7.578s] [ 61%] [32m[1mLinking CXX shared library libros2_mid_actions__rosidl_typesupport_cpp.so[0m
[7.880s] [ 61%] Built target ros2_mid_actions__rosidl_typesupport_cpp
[8.130s] [ 64%] [32m[1mLinking CXX shared library libros2_mid_actions__rosidl_typesupport_fastrtps_cpp.so[0m
[8.258s] [ 67%] [32m[1mLinking CXX shared library libros2_mid_actions__rosidl_typesupport_fastrtps_c.so[0m
[8.472s] [ 67%] Built target ros2_mid_actions__rosidl_typesupport_fastrtps_cpp
[8.594s] [ 67%] Built target ros2_mid_actions__rosidl_typesupport_fastrtps_c
[8.889s] [ 70%] [32m[1mLinking CXX shared library libros2_mid_actions__rosidl_typesupport_introspection_cpp.so[0m
[9.122s] [ 70%] Built target ros2_mid_actions__rosidl_typesupport_introspection_cpp
[9.253s] [ 70%] Built target ros2_mid_actions
[9.317s] [ 74%] [34m[1mGenerating Python code for ROS interfaces[0m
[10.593s] [ 74%] Built target ros2_mid_actions__py
[10.626s] [ 77%] [32mBuilding C object CMakeFiles/ros2_mid_actions__rosidl_generator_py.dir/rosidl_generator_py/ros2_mid_actions/action/_inverse_kinematics_s.c.o[0m
[11.028s] [ 80%] [32m[1mLinking C shared library rosidl_generator_py/ros2_mid_actions/libros2_mid_actions__rosidl_generator_py.so[0m
[11.115s] [ 80%] Built target ros2_mid_actions__rosidl_generator_py
[11.157s] [ 87%] [32mBuilding C object CMakeFiles/ros2_mid_actions__rosidl_typesupport_introspection_c__pyext.dir/rosidl_generator_py/ros2_mid_actions/_ros2_mid_actions_s.ep.rosidl_typesupport_introspection_c.c.o[0m
[11.158s] [ 87%] [32mBuilding C object CMakeFiles/ros2_mid_actions__rosidl_typesupport_fastrtps_c__pyext.dir/rosidl_generator_py/ros2_mid_actions/_ros2_mid_actions_s.ep.rosidl_typesupport_fastrtps_c.c.o[0m
[11.159s] [ 90%] [32mBuilding C object CMakeFiles/ros2_mid_actions__rosidl_typesupport_c__pyext.dir/rosidl_generator_py/ros2_mid_actions/_ros2_mid_actions_s.ep.rosidl_typesupport_c.c.o[0m
[11.463s] [ 93%] [32m[1mLinking C shared library rosidl_generator_py/ros2_mid_actions/ros2_mid_actions_s__rosidl_typesupport_fastrtps_c.cpython-310-x86_64-linux-gnu.so[0m
[11.464s] [ 96%] [32m[1mLinking C shared library rosidl_generator_py/ros2_mid_actions/ros2_mid_actions_s__rosidl_typesupport_introspection_c.cpython-310-x86_64-linux-gnu.so[0m
[11.469s] [100%] [32m[1mLinking C shared library rosidl_generator_py/ros2_mid_actions/ros2_mid_actions_s__rosidl_typesupport_c.cpython-310-x86_64-linux-gnu.so[0m
[11.536s] [100%] Built target ros2_mid_actions__rosidl_typesupport_fastrtps_c__pyext
[11.545s] [100%] Built target ros2_mid_actions__rosidl_typesupport_introspection_c__pyext
[11.559s] [100%] Built target ros2_mid_actions__rosidl_typesupport_c__pyext
[11.590s] Invoked command in '/workspace/src/build/ros2_mid_actions' returned '0': CMAKE_PREFIX_PATH=${CMAKE_PREFIX_PATH}:/opt/ros/humble /usr/bin/cmake --build /workspace/src/build/ros2_mid_actions -- -j12 -l12
[11.709s] Invoking command in '/workspace/src/build/ros2_mid_actions': CMAKE_PREFIX_PATH=${CMAKE_PREFIX_PATH}:/opt/ros/humble /usr/bin/cmake --install /workspace/src/build/ros2_mid_actions
[11.741s] -- Install configuration: ""
[11.741s] -- Installing: /workspace/src/install/ros2_mid_actions/share/ament_index/resource_index/rosidl_interfaces/ros2_mid_actions
[11.742s] -- Installing: /workspace/src/install/ros2_mid_actions/include/ros2_mid_actions/ros2_mid_actions
[11.742s] -- Installing: /workspace/src/install/ros2_mid_actions/include/ros2_mid_actions/ros2_mid_actions/action
[11.742s] -- Installing: /workspace/src/install/ros2_mid_actions/include/ros2_mid_actions/ros2_mid_actions/action/detail
[11.742s] -- Installing: /workspace/src/install/ros2_mid_actions/include/ros2_mid_actions/ros2_mid_actions/action/detail/inverse_kinematics__type_support.h
[11.742s] -- Installing: /workspace/src/install/ros2_mid_actions/include/ros2_mid_actions/ros2_mid_actions/action/detail/inverse_kinematics__struct.h
[11.742s] -- Installing: /workspace/src/install/ros2_mid_actions/include/ros2_mid_actions/ros2_mid_actions/action/detail/inverse_kinematics__functions.h
[11.743s] -- Installing: /workspace/src/install/ros2_mid_actions/include/ros2_mid_actions/ros2_mid_actions/action/detail/inverse_kinematics__functions.c
[11.743s] -- Installing: /workspace/src/install/ros2_mid_actions/include/ros2_mid_actions/ros2_mid_actions/action/inverse_kinematics.h
[11.743s] -- Installing: /workspace/src/install/ros2_mid_actions/include/ros2_mid_actions/ros2_mid_actions/msg
[11.743s] -- Installing: /workspace/src/install/ros2_mid_actions/include/ros2_mid_actions/ros2_mid_actions/msg/rosidl_generator_c__visibility_control.h
[11.743s] -- Installing: /workspace/src/install/ros2_mid_actions/share/ros2_mid_actions/environment/library_path.sh
[11.743s] -- Installing: /workspace/src/install/ros2_mid_actions/share/ros2_mid_actions/environment/library_path.dsv
[11.743s] -- Installing: /workspace/src/install/ros2_mid_actions/lib/libros2_mid_actions__rosidl_generator_c.so
[11.744s] -- Set runtime path of "/workspace/src/install/ros2_mid_actions/lib/libros2_mid_actions__rosidl_generator_c.so" to ""
[11.744s] -- Up-to-date: /workspace/src/install/ros2_mid_actions/include/ros2_mid_actions/ros2_mid_actions
[11.744s] -- Up-to-date: /workspace/src/install/ros2_mid_actions/include/ros2_mid_actions/ros2_mid_actions/action
[11.744s] -- Up-to-date: /workspace/src/install/ros2_mid_actions/include/ros2_mid_actions/ros2_mid_actions/action/detail
[11.744s] -- Installing: /workspace/src/install/ros2_mid_actions/include/ros2_mid_actions/ros2_mid_actions/action/detail/inverse_kinematics__rosidl_typesupport_fastrtps_c.h
[11.744s] -- Up-to-date: /workspace/src/install/ros2_mid_actions/include/ros2_mid_actions/ros2_mid_actions/msg
[11.744s] -- Installing: /workspace/src/install/ros2_mid_actions/include/ros2_mid_actions/ros2_mid_actions/msg/rosidl_typesupport_fastrtps_c__visibility_control.h
[11.745s] -- Installing: /workspace/src/install/ros2_mid_actions/lib/libros2_mid_actions__rosidl_typesupport_fastrtps_c.so
[11.745s] -- Set runtime path of "/workspace/src/install/ros2_mid_actions/lib/libros2_mid_actions__rosidl_typesupport_fastrtps_c.so" to ""
[11.745s] -- Up-to-date: /workspace/src/install/ros2_mid_actions/include/ros2_mid_actions/ros2_mid_actions
[11.745s] -- Up-to-date: /workspace/src/install/ros2_mid_actions/include/ros2_mid_actions/ros2_mid_actions/action
[11.745s] -- Up-to-date: /workspace/src/install/ros2_mid_actions/include/ros2_mid_actions/ros2_mid_actions/action/detail
[11.745s] -- Installing: /workspace/src/install/ros2_mid_actions/include/ros2_mid_actions/ros2_mid_actions/action/detail/inverse_kinematics__rosidl_typesupport_introspection_c.h
[11.745s] -- Installing: /workspace/src/install/ros2_mid_actions/include/ros2_mid_actions/ros2_mid_actions/action/detail/inverse_kinematics__type_support.c
[11.745s] -- Up-to-date: /workspace/src/install/ros2_mid_actions/include/ros2_mid_actions/ros2_mid_actions/msg
[11.746s] -- Installing: /workspace/src/install/ros2_mid_actions/include/ros2_mid_actions/ros2_mid_actions/msg/rosidl_typesupport_introspection_c__visibility_control.h
[11.746s] -- Installing: /workspace/src/install/ros2_mid_actions/lib/libros2_mid_actions__rosidl_typesupport_introspection_c.so
[11.746s] -- Set runtime path of "/workspace/src/install/ros2_mid_actions/lib/libros2_mid_actions__rosidl_typesupport_introspection_c.so" to ""
[11.746s] -- Installing: /workspace/src/install/ros2_mid_actions/lib/libros2_mid_actions__rosidl_typesupport_c.so
[11.746s] -- Set runtime path of "/workspace/src/install/ros2_mid_actions/lib/libros2_mid_actions__rosidl_typesupport_c.so" to ""
[11.746s] -- Up-to-date: /workspace/src/install/ros2_mid_actions/include/ros2_mid_actions/ros2_mid_actions
[11.746s] -- Up-to-date: /workspace/src/install/ros2_mid_actions/include/ros2_mid_actions/ros2_mid_actions/action
[11.747s] -- Up-to-date: /workspace/src/install/ros2_mid_actions/include/ros2_mid_actions/ros2_mid_actions/action/detail
[11.747s] -- Installing: /workspace/src/install/ros2_mid_actions/include/ros2_mid_actions/ros2_mid_actions/action/detail/inverse_kinematics__builder.hpp
[11.747s] -- Installing: /workspace/src/install/ros2_mid_actions/include/ros2_mid_actions/ros2_mid_actions/action/detail/inverse_kinematics__traits.hpp
[11.748s] -- Installing: /workspace/src/install/ros2_mid_actions/include/ros2_mid_actions/ros2_mid_actions/action/detail/inverse_kinematics__struct.hpp
[11.748s] -- Installing: /workspace/src/install/ros2_mid_actions/include/ros2_mid_actions/ros2_mid_actions/action/inverse_kinematics.hpp
[11.748s] -- Up-to-date: /workspace/src/install/ros2_mid_actions/include/ros2_mid_actions/ros2_mid_actions
[11.748s] -- Up-to-date: /workspace/src/install/ros2_mid_actions/include/ros2_mid_actions/ros2_mid_actions/action
[11.748s] -- Up-to-date: /workspace/src/install/ros2_mid_actions/include/ros2_mid_actions/ros2_mid_actions/action/detail
[11.748s] -- Installing: /workspace/src/install/ros2_mid_actions/include/ros2_mid_actions/ros2_mid_actions/action/detail/dds_fastrtps
[11.748s] -- Installing: /workspace/src/install/ros2_mid_actions/include/ros2_mid_actions/ros2_mid_actions/action/detail/inverse_kinematics__rosidl_typesupport_fastrtps_cpp.hpp
[11.749s] -- Up-to-date: /workspace/src/install/ros2_mid_actions/include/ros2_mid_actions/ros2_mid_actions/msg
[11.749s] -- Installing: /workspace/src/install/ros2_mid_actions/include/ros2_mid_actions/ros2_mid_actions/msg/rosidl_typesupport_fastrtps_cpp__visibility_control.h
[11.749s] -- Installing: /workspace/src/install/ros2_mid_actions/lib/libros2_mid_actions__rosidl_typesupport_fastrtps_cpp.so
[11.749s] -- Set runtime path of "/workspace/src/install/ros2_mid_actions/lib/libros2_mid_actions__rosidl_typesupport_fastrtps_cpp.so" to ""
[11.749s] -- Up-to-date: /workspace/src/install/ros2_mid_actions/include/ros2_mid_actions/ros2_mid_actions
[11.749s] -- Up-to-date: /workspace/src/install/ros2_mid_actions/include/ros2_mid_actions/ros2_mid_actions/action
[11.749s] -- Up-to-date: /workspace/src/install/ros2_mid_actions/include/ros2_mid_actions/ros2_mid_actions/action/detail
[11.750s] -- Installing: /workspace/src/install/ros2_mid_actions/include/ros2_mid_actions/ros2_mid_actions/action/detail/inverse_kinematics__type_support.cpp
[11.750s] -- Installing: /workspace/src/install/ros2_mid_actions/include/ros2_mid_actions/ros2_mid_actions/action/detail/inverse_kinematics__rosidl_typesupport_introspection_cpp.hpp
[11.750s] -- Installing: /workspace/src/install/ros2_mid_actions/lib/libros2_mid_actions__rosidl_typesupport_introspection_cpp.so
[11.750s] -- Set runtime path of "/workspace/src/install/ros2_mid_actions/lib/libros2_mid_actions__rosidl_typesupport_introspection_cpp.so" to ""
[11.750s] -- Installing: /workspace/src/install/ros2_mid_actions/lib/libros2_mid_actions__rosidl_typesupport_cpp.so
[11.750s] -- Set runtime path of "/workspace/src/install/ros2_mid_actions/lib/libros2_mid_actions__rosidl_typesupport_cpp.so" to ""
[11.750s] -- Installing: /workspace/src/install/ros2_mid_actions/share/ros2_mid_actions/environment/pythonpath.sh
[11.751s] -- Installing: /workspace/src/install/ros2_mid_actions/share/ros2_mid_actions/environment/pythonpath.dsv
[11.751s] -- Installing: /workspace/src/install/ros2_mid_actions/local/lib/python3.10/dist-packages/ros2_mid_actions-0.0.0-py3.10.egg-info
[11.752s] -- Installing: /workspace/src/install/ros2_mid_actions/local/lib/python3.10/dist-packages/ros2_mid_actions-0.0.0-py3.10.egg-info/SOURCES.txt
[11.752s] -- Installing: /workspace/src/install/ros2_mid_actions/local/lib/python3.10/dist-packages/ros2_mid_actions-0.0.0-py3.10.egg-info/dependency_links.txt
[11.752s] -- Installing: /workspace/src/install/ros2_mid_actions/local/lib/python3.10/dist-packages/ros2_mid_actions-0.0.0-py3.10.egg-info/top_level.txt
[11.752s] -- Installing: /workspace/src/install/ros2_mid_actions/local/lib/python3.10/dist-packages/ros2_mid_actions-0.0.0-py3.10.egg-info/PKG-INFO
[11.753s] -- Installing: /workspace/src/install/ros2_mid_actions/local/lib/python3.10/dist-packages/ros2_mid_actions
[11.753s] -- Installing: /workspace/src/install/ros2_mid_actions/local/lib/python3.10/dist-packages/ros2_mid_actions/action
[11.753s] -- Installing: /workspace/src/install/ros2_mid_actions/local/lib/python3.10/dist-packages/ros2_mid_actions/action/_inverse_kinematics.py
[11.753s] -- Installing: /workspace/src/install/ros2_mid_actions/local/lib/python3.10/dist-packages/ros2_mid_actions/action/_inverse_kinematics_s.c
[11.753s] -- Installing: /workspace/src/install/ros2_mid_actions/local/lib/python3.10/dist-packages/ros2_mid_actions/action/__init__.py
[11.753s] -- Installing: /workspace/src/install/ros2_mid_actions/local/lib/python3.10/dist-packages/ros2_mid_actions/libros2_mid_actions__rosidl_generator_py.so
[11.754s] -- Installing: /workspace/src/install/ros2_mid_actions/local/lib/python3.10/dist-packages/ros2_mid_actions/ros2_mid_actions_s__rosidl_typesupport_c.cpython-310-x86_64-linux-gnu.so
[11.755s] -- Installing: /workspace/src/install/ros2_mid_actions/local/lib/python3.10/dist-packages/ros2_mid_actions/ros2_mid_actions_s__rosidl_typesupport_introspection_c.cpython-310-x86_64-linux-gnu.so
[11.755s] -- Installing: /workspace/src/install/ros2_mid_actions/local/lib/python3.10/dist-packages/ros2_mid_actions/_ros2_mid_actions_s.ep.rosidl_typesupport_fastrtps_c.c
[11.755s] -- Installing: /workspace/src/install/ros2_mid_actions/local/lib/python3.10/dist-packages/ros2_mid_actions/_ros2_mid_actions_s.ep.rosidl_typesupport_introspection_c.c
[11.755s] -- Installing: /workspace/src/install/ros2_mid_actions/local/lib/python3.10/dist-packages/ros2_mid_actions/__init__.py
[11.756s] -- Installing: /workspace/src/install/ros2_mid_actions/local/lib/python3.10/dist-packages/ros2_mid_actions/ros2_mid_actions_s__rosidl_typesupport_fastrtps_c.cpython-310-x86_64-linux-gnu.so
[11.756s] -- Installing: /workspace/src/install/ros2_mid_actions/local/lib/python3.10/dist-packages/ros2_mid_actions/_ros2_mid_actions_s.ep.rosidl_typesupport_c.c
[11.813s] Listing '/workspace/src/install/ros2_mid_actions/local/lib/python3.10/dist-packages/ros2_mid_actions'...
[11.813s] Compiling '/workspace/src/install/ros2_mid_actions/local/lib/python3.10/dist-packages/ros2_mid_actions/__init__.py'...
[11.813s] Listing '/workspace/src/install/ros2_mid_actions/local/lib/python3.10/dist-packages/ros2_mid_actions/action'...
[11.814s] Compiling '/workspace/src/install/ros2_mid_actions/local/lib/python3.10/dist-packages/ros2_mid_actions/action/__init__.py'...
[11.814s] Compiling '/workspace/src/install/ros2_mid_actions/local/lib/python3.10/dist-packages/ros2_mid_actions/action/_inverse_kinematics.py'...
[11.845s] -- Installing: /workspace/src/install/ros2_mid_actions/local/lib/python3.10/dist-packages/ros2_mid_actions/ros2_mid_actions_s__rosidl_typesupport_fastrtps_c.cpython-310-x86_64-linux-gnu.so
[11.846s] -- Set runtime path of "/workspace/src/install/ros2_mid_actions/local/lib/python3.10/dist-packages/ros2_mid_actions/ros2_mid_actions_s__rosidl_typesupport_fastrtps_c.cpython-310-x86_64-linux-gnu.so" to ""
[11.846s] -- Installing: /workspace/src/install/ros2_mid_actions/local/lib/python3.10/dist-packages/ros2_mid_actions/ros2_mid_actions_s__rosidl_typesupport_introspection_c.cpython-310-x86_64-linux-gnu.so
[11.847s] -- Set runtime path of "/workspace/src/install/ros2_mid_actions/local/lib/python3.10/dist-packages/ros2_mid_actions/ros2_mid_actions_s__rosidl_typesupport_introspection_c.cpython-310-x86_64-linux-gnu.so" to ""
[11.847s] -- Installing: /workspace/src/install/ros2_mid_actions/local/lib/python3.10/dist-packages/ros2_mid_actions/ros2_mid_actions_s__rosidl_typesupport_c.cpython-310-x86_64-linux-gnu.so
[11.848s] -- Set runtime path of "/workspace/src/install/ros2_mid_actions/local/lib/python3.10/dist-packages/ros2_mid_actions/ros2_mid_actions_s__rosidl_typesupport_c.cpython-310-x86_64-linux-gnu.so" to ""
[11.848s] -- Installing: /workspace/src/install/ros2_mid_actions/lib/libros2_mid_actions__rosidl_generator_py.so
[11.849s] -- Set runtime path of "/workspace/src/install/ros2_mid_actions/lib/libros2_mid_actions__rosidl_generator_py.so" to ""
[11.849s] -- Installing: /workspace/src/install/ros2_mid_actions/share/ros2_mid_actions/action/InverseKinematics.idl
[11.849s] -- Installing: /workspace/src/install/ros2_mid_actions/share/ros2_mid_actions/action/InverseKinematics.action
[11.850s] -- Installing: /workspace/src/install/ros2_mid_actions/share/ament_index/resource_index/package_run_dependencies/ros2_mid_actions
[11.850s] -- Installing: /workspace/src/install/ros2_mid_actions/share/ament_index/resource_index/parent_prefix_path/ros2_mid_actions
[11.850s] -- Installing: /workspace/src/install/ros2_mid_actions/share/ros2_mid_actions/environment/ament_prefix_path.sh
[11.851s] -- Installing: /workspace/src/install/ros2_mid_actions/share/ros2_mid_actions/environment/ament_prefix_path.dsv
[11.851s] -- Installing: /workspace/src/install/ros2_mid_actions/share/ros2_mid_actions/environment/path.sh
[11.852s] -- Installing: /workspace/src/install/ros2_mid_actions/share/ros2_mid_actions/environment/path.dsv
[11.853s] -- Installing: /workspace/src/install/ros2_mid_actions/share/ros2_mid_actions/local_setup.bash
[11.853s] -- Installing: /workspace/src/install/ros2_mid_actions/share/ros2_mid_actions/local_setup.sh
[11.854s] -- Installing: /workspace/src/install/ros2_mid_actions/share/ros2_mid_actions/local_setup.zsh
[11.854s] -- Installing: /workspace/src/install/ros2_mid_actions/share/ros2_mid_actions/local_setup.dsv
[11.854s] -- Installing: /workspace/src/install/ros2_mid_actions/share/ros2_mid_actions/package.dsv
[11.854s] -- Installing: /workspace/src/install/ros2_mid_actions/share/ament_index/resource_index/packages/ros2_mid_actions
[11.855s] -- Installing: /workspace/src/install/ros2_mid_actions/share/ros2_mid_actions/cmake/export_ros2_mid_actions__rosidl_generator_cExport.cmake
[11.856s] -- Installing: /workspace/src/install/ros2_mid_actions/share/ros2_mid_actions/cmake/export_ros2_mid_actions__rosidl_generator_cExport-noconfig.cmake
[11.856s] -- Installing: /workspace/src/install/ros2_mid_actions/share/ros2_mid_actions/cmake/export_ros2_mid_actions__rosidl_typesupport_fastrtps_cExport.cmake
[11.857s] -- Installing: /workspace/src/install/ros2_mid_actions/share/ros2_mid_actions/cmake/export_ros2_mid_actions__rosidl_typesupport_fastrtps_cExport-noconfig.cmake
[11.857s] -- Installing: /workspace/src/install/ros2_mid_actions/share/ros2_mid_actions/cmake/ros2_mid_actions__rosidl_typesupport_introspection_cExport.cmake
[11.858s] -- Installing: /workspace/src/install/ros2_mid_actions/share/ros2_mid_actions/cmake/ros2_mid_actions__rosidl_typesupport_introspection_cExport-noconfig.cmake
[11.858s] -- Installing: /workspace/src/install/ros2_mid_actions/share/ros2_mid_actions/cmake/ros2_mid_actions__rosidl_typesupport_cExport.cmake
[11.859s] -- Installing: /workspace/src/install/ros2_mid_actions/share/ros2_mid_actions/cmake/ros2_mid_actions__rosidl_typesupport_cExport-noconfig.cmake
[11.860s] -- Installing: /workspace/src/install/ros2_mid_actions/share/ros2_mid_actions/cmake/export_ros2_mid_actions__rosidl_generator_cppExport.cmake
[11.860s] -- Installing: /workspace/src/install/ros2_mid_actions/share/ros2_mid_actions/cmake/export_ros2_mid_actions__rosidl_typesupport_fastrtps_cppExport.cmake
[11.861s] -- Installing: /workspace/src/install/ros2_mid_actions/share/ros2_mid_actions/cmake/export_ros2_mid_actions__rosidl_typesupport_fastrtps_cppExport-noconfig.cmake
[11.862s] -- Installing: /workspace/src/install/ros2_mid_actions/share/ros2_mid_actions/cmake/ros2_mid_actions__rosidl_typesupport_introspection_cppExport.cmake
[11.863s] -- Installing: /workspace/src/install/ros2_mid_actions/share/ros2_mid_actions/cmake/ros2_mid_actions__rosidl_typesupport_introspection_cppExport-noconfig.cmake
[11.863s] -- Installing: /workspace/src/install/ros2_mid_actions/share/ros2_mid_actions/cmake/ros2_mid_actions__rosidl_typesupport_cppExport.cmake
[11.864s] -- Installing: /workspace/src/install/ros2_mid_actions/share/ros2_mid_actions/cmake/ros2_mid_actions__rosidl_typesupport_cppExport-noconfig.cmake
[11.864s] -- Installing: /workspace/src/install/ros2_mid_actions/share/ros2_mid_actions/cmake/export_ros2_mid_actions__rosidl_generator_pyExport.cmake
[11.865s] -- Installing: /workspace/src/install/ros2_mid_actions/share/ros2_mid_actions/cmake/export_ros2_mid_actions__rosidl_generator_pyExport-noconfig.cmake
[11.865s] -- Installing: /workspace/src/install/ros2_mid_actions/share/ros2_mid_actions/cmake/rosidl_cmake-extras.cmake
[11.866s] -- Installing: /workspace/src/install/ros2_mid_actions/share/ros2_mid_actions/cmake/ament_cmake_export_dependencies-extras.cmake
[11.866s] -- Installing: /workspace/src/install/ros2_mid_actions/share/ros2_mid_actions/cmake/ament_cmake_export_include_directories-extras.cmake
[11.867s] -- Installing: /workspace/src/install/ros2_mid_actions/share/ros2_mid_actions/cmake/ament_cmake_export_libraries-extras.cmake
[11.867s] -- Installing: /workspace/src/install/ros2_mid_actions/share/ros2_mid_actions/cmake/ament_cmake_export_targets-extras.cmake
[11.868s] -- Installing: /workspace/src/install/ros2_mid_actions/share/ros2_mid_actions/cmake/rosidl_cmake_export_typesupport_targets-extras.cmake
[11.869s] -- Installing: /workspace/src/install/ros2_mid_actions/share/ros2_mid_actions/cmake/rosidl_cmake_export_typesupport_libraries-extras.cmake
[11.869s] -- Installing: /workspace/src/install/ros2_mid_actions/share/ros2_mid_actions/cmake/ros2_mid_actionsConfig.cmake
[11.870s] -- Installing: /workspace/src/install/ros2_mid_actions/share/ros2_mid_actions/cmake/ros2_mid_actionsConfig-version.cmake
[11.870s] -- Installing: /workspace/src/install/ros2_mid_actions/share/ros2_mid_actions/package.xml
[11.889s] Invoked command in '/workspace/src/build/ros2_mid_actions' returned '0': CMAKE_PREFIX_PATH=${CMAKE_PREFIX_PATH}:/opt/ros/humble /usr/bin/cmake --install /workspace/src/build/ros2_mid_actions
