[0.801s] Invoking command in '/workspace/src/my_py_pkg': PYTHONPATH=/workspace/build/my_py_pkg/prefix_override:/workspace/install/my_py_pkg/lib/python3.10/site-packages:${PYTHONPATH} /usr/bin/python3 setup.py egg_info --egg-base ../../build/my_py_pkg build --build-base /workspace/build/my_py_pkg/build install --record /workspace/build/my_py_pkg/install.log --single-version-externally-managed
[1.060s] running egg_info
[1.061s] writing ../../build/my_py_pkg/my_py_pkg.egg-info/PKG-INFO
[1.061s] writing dependency_links to ../../build/my_py_pkg/my_py_pkg.egg-info/dependency_links.txt
[1.061s] writing entry points to ../../build/my_py_pkg/my_py_pkg.egg-info/entry_points.txt
[1.061s] writing requirements to ../../build/my_py_pkg/my_py_pkg.egg-info/requires.txt
[1.062s] writing top-level names to ../../build/my_py_pkg/my_py_pkg.egg-info/top_level.txt
[1.064s] reading manifest file '../../build/my_py_pkg/my_py_pkg.egg-info/SOURCES.txt'
[1.065s] writing manifest file '../../build/my_py_pkg/my_py_pkg.egg-info/SOURCES.txt'
[1.065s] running build
[1.065s] running build_py
[1.066s] running install
[1.066s] /usr/lib/python3/dist-packages/setuptools/command/install.py:34: SetuptoolsDeprecationWarning: setup.py install is deprecated. Use build and pip and other standards-based tools.
[1.066s]   warnings.warn(
[1.066s] running install_lib
[1.067s] running install_data
[1.068s] running install_egg_info
[1.069s] removing '/workspace/install/my_py_pkg/lib/python3.10/site-packages/my_py_pkg-0.0.0-py3.10.egg-info' (and everything under it)
[1.070s] Copying ../../build/my_py_pkg/my_py_pkg.egg-info to /workspace/install/my_py_pkg/lib/python3.10/site-packages/my_py_pkg-0.0.0-py3.10.egg-info
[1.070s] running install_scripts
[1.093s] Installing client script to /workspace/install/my_py_pkg/lib/my_py_pkg
[1.093s] Installing num_count script to /workspace/install/my_py_pkg/lib/my_py_pkg
[1.093s] Installing num_gen script to /workspace/install/my_py_pkg/lib/my_py_pkg
[1.093s] Installing num_reset script to /workspace/install/my_py_pkg/lib/my_py_pkg
[1.094s] Installing server script to /workspace/install/my_py_pkg/lib/my_py_pkg
[1.094s] writing list of installed files to '/workspace/build/my_py_pkg/install.log'
[1.202s] Invoked command in '/workspace/src/my_py_pkg' returned '0': PYTHONPATH=/workspace/build/my_py_pkg/prefix_override:/workspace/install/my_py_pkg/lib/python3.10/site-packages:${PYTHONPATH} /usr/bin/python3 setup.py egg_info --egg-base ../../build/my_py_pkg build --build-base /workspace/build/my_py_pkg/build install --record /workspace/build/my_py_pkg/install.log --single-version-externally-managed
