[1.063s] Invoking command in '/workspace/src/srvcli': PYTHONPATH=/workspace/build/srvcli/prefix_override:/workspace/install/srvcli/lib/python3.10/site-packages:${PYTHONPATH} /usr/bin/python3 setup.py egg_info --egg-base ../../build/srvcli build --build-base /workspace/build/srvcli/build install --record /workspace/build/srvcli/install.log --single-version-externally-managed
[1.321s] running egg_info
[1.322s] writing ../../build/srvcli/srvcli.egg-info/PKG-INFO
[1.322s] writing dependency_links to ../../build/srvcli/srvcli.egg-info/dependency_links.txt
[1.323s] writing entry points to ../../build/srvcli/srvcli.egg-info/entry_points.txt
[1.323s] writing requirements to ../../build/srvcli/srvcli.egg-info/requires.txt
[1.323s] writing top-level names to ../../build/srvcli/srvcli.egg-info/top_level.txt
[1.324s] reading manifest file '../../build/srvcli/srvcli.egg-info/SOURCES.txt'
[1.325s] writing manifest file '../../build/srvcli/srvcli.egg-info/SOURCES.txt'
[1.325s] running build
[1.326s] running build_py
[1.326s] running install
[1.327s] /usr/lib/python3/dist-packages/setuptools/command/install.py:34: SetuptoolsDeprecationWarning: setup.py install is deprecated. Use build and pip and other standards-based tools.
[1.327s]   warnings.warn(
[1.327s] running install_lib
[1.327s] running install_data
[1.329s] running install_egg_info
[1.331s] removing '/workspace/install/srvcli/lib/python3.10/site-packages/srvcli-0.0.0-py3.10.egg-info' (and everything under it)
[1.331s] Copying ../../build/srvcli/srvcli.egg-info to /workspace/install/srvcli/lib/python3.10/site-packages/srvcli-0.0.0-py3.10.egg-info
[1.332s] running install_scripts
[1.358s] Installing client script to /workspace/install/srvcli/lib/srvcli
[1.358s] Installing service script to /workspace/install/srvcli/lib/srvcli
[1.358s] writing list of installed files to '/workspace/build/srvcli/install.log'
[1.405s] Invoked command in '/workspace/src/srvcli' returned '0': PYTHONPATH=/workspace/build/srvcli/prefix_override:/workspace/install/srvcli/lib/python3.10/site-packages:${PYTHONPATH} /usr/bin/python3 setup.py egg_info --egg-base ../../build/srvcli build --build-base /workspace/build/srvcli/build install --record /workspace/build/srvcli/install.log --single-version-externally-managed
