[0.256s] DEBUG:colcon:Command line arguments: ['/usr/bin/colcon', 'build']
[0.257s] DEBUG:colcon:Parsed command line arguments: Namespace(log_base=None, log_level=None, verb_name='build', build_base='build', install_base='install', merge_install=False, symlink_install=False, test_result_base=None, continue_on_error=False, executor='parallel', parallel_workers=12, event_handlers=None, ignore_user_meta=False, metas=['./colcon.meta'], base_paths=['.'], packages_ignore=None, packages_ignore_regex=None, paths=None, packages_up_to=None, packages_up_to_regex=None, packages_above=None, packages_above_and_dependencies=None, packages_above_depth=None, packages_select_by_dep=None, packages_skip_by_dep=None, packages_skip_up_to=None, packages_select_build_failed=False, packages_skip_build_finished=False, packages_select_test_failures=False, packages_skip_test_passed=False, packages_select=None, packages_skip=None, packages_select_regex=None, packages_skip_regex=None, packages_start=None, packages_end=None, cmake_args=None, cmake_target=None, cmake_target_skip_unavailable=False, cmake_clean_cache=False, cmake_clean_first=False, cmake_force_configure=False, ament_cmake_args=None, catkin_cmake_args=None, catkin_skip_building_tests=False, mixin_files=None, mixin=None, verb_parser=<colcon_mixin.mixin.mixin_argument.MixinArgumentDecorator object at 0x7fddcbfadb40>, verb_extension=<colcon_core.verb.build.BuildVerb object at 0x7fddcc7951e0>, main=<bound method BuildVerb.main of <colcon_core.verb.build.BuildVerb object at 0x7fddcc7951e0>>, mixin_verb=('build',))
[0.281s] Level 1:colcon.colcon_core.package_discovery:discover_packages(colcon_meta) check parameters
[0.281s] INFO:colcon.colcon_metadata.package_discovery.colcon_meta:Using configuration from '/root/.colcon/metadata/default/Gazebo.meta'
[0.282s] INFO:colcon.colcon_metadata.package_discovery.colcon_meta:Using configuration from '/root/.colcon/metadata/default/fastrtps.meta'
[0.282s] Level 1:colcon.colcon_core.package_discovery:discover_packages(recursive) check parameters
[0.282s] Level 1:colcon.colcon_core.package_discovery:discover_packages(ignore) check parameters
[0.282s] Level 1:colcon.colcon_core.package_discovery:discover_packages(path) check parameters
[0.282s] Level 1:colcon.colcon_core.package_discovery:discover_packages(colcon_meta) discover
[0.282s] Level 1:colcon.colcon_core.package_discovery:discover_packages(recursive) discover
[0.282s] INFO:colcon.colcon_core.package_discovery:Crawling recursively for packages in '/workspace'
[0.282s] Level 1:colcon.colcon_core.package_identification:_identify(.) by extensions ['ignore', 'ignore_ament_install']
[0.282s] Level 1:colcon.colcon_core.package_identification:_identify(.) by extension 'ignore'
[0.282s] Level 1:colcon.colcon_core.package_identification:_identify(.) by extension 'ignore_ament_install'
[0.282s] Level 1:colcon.colcon_core.package_identification:_identify(.) by extensions ['colcon_pkg']
[0.282s] Level 1:colcon.colcon_core.package_identification:_identify(.) by extension 'colcon_pkg'
[0.283s] Level 1:colcon.colcon_core.package_identification:_identify(.) by extensions ['colcon_meta']
[0.283s] Level 1:colcon.colcon_core.package_identification:_identify(.) by extension 'colcon_meta'
[0.283s] Level 1:colcon.colcon_core.package_identification:_identify(.) by extensions ['ros']
[0.283s] Level 1:colcon.colcon_core.package_identification:_identify(.) by extension 'ros'
[0.291s] Level 1:colcon.colcon_core.package_identification:_identify(.) by extensions ['cmake', 'python']
[0.291s] Level 1:colcon.colcon_core.package_identification:_identify(.) by extension 'cmake'
[0.291s] Level 1:colcon.colcon_core.package_identification:_identify(.) by extension 'python'
[0.291s] Level 1:colcon.colcon_core.package_identification:_identify(.) by extensions ['python_setup_py']
[0.291s] Level 1:colcon.colcon_core.package_identification:_identify(.) by extension 'python_setup_py'
[0.292s] Level 1:colcon.colcon_core.package_identification:_identify(Desktop) by extensions ['ignore', 'ignore_ament_install']
[0.292s] Level 1:colcon.colcon_core.package_identification:_identify(Desktop) by extension 'ignore'
[0.292s] Level 1:colcon.colcon_core.package_identification:_identify(Desktop) by extension 'ignore_ament_install'
[0.292s] Level 1:colcon.colcon_core.package_identification:_identify(Desktop) by extensions ['colcon_pkg']
[0.292s] Level 1:colcon.colcon_core.package_identification:_identify(Desktop) by extension 'colcon_pkg'
[0.292s] Level 1:colcon.colcon_core.package_identification:_identify(Desktop) by extensions ['colcon_meta']
[0.292s] Level 1:colcon.colcon_core.package_identification:_identify(Desktop) by extension 'colcon_meta'
[0.292s] Level 1:colcon.colcon_core.package_identification:_identify(Desktop) by extensions ['ros']
[0.292s] Level 1:colcon.colcon_core.package_identification:_identify(Desktop) by extension 'ros'
[0.292s] Level 1:colcon.colcon_core.package_identification:_identify(Desktop) by extensions ['cmake', 'python']
[0.292s] Level 1:colcon.colcon_core.package_identification:_identify(Desktop) by extension 'cmake'
[0.292s] Level 1:colcon.colcon_core.package_identification:_identify(Desktop) by extension 'python'
[0.292s] Level 1:colcon.colcon_core.package_identification:_identify(Desktop) by extensions ['python_setup_py']
[0.292s] Level 1:colcon.colcon_core.package_identification:_identify(Desktop) by extension 'python_setup_py'
[0.293s] Level 1:colcon.colcon_core.package_identification:_identify(build) by extensions ['ignore', 'ignore_ament_install']
[0.293s] Level 1:colcon.colcon_core.package_identification:_identify(build) by extension 'ignore'
[0.293s] Level 1:colcon.colcon_core.package_identification:_identify(build) ignored
[0.293s] Level 1:colcon.colcon_core.package_identification:_identify(install) by extensions ['ignore', 'ignore_ament_install']
[0.293s] Level 1:colcon.colcon_core.package_identification:_identify(install) by extension 'ignore'
[0.293s] Level 1:colcon.colcon_core.package_identification:_identify(install) ignored
[0.293s] Level 1:colcon.colcon_core.package_identification:_identify(log) by extensions ['ignore', 'ignore_ament_install']
[0.293s] Level 1:colcon.colcon_core.package_identification:_identify(log) by extension 'ignore'
[0.293s] Level 1:colcon.colcon_core.package_identification:_identify(log) ignored
[0.294s] Level 1:colcon.colcon_core.package_identification:_identify(src) by extensions ['ignore', 'ignore_ament_install']
[0.294s] Level 1:colcon.colcon_core.package_identification:_identify(src) by extension 'ignore'
[0.294s] Level 1:colcon.colcon_core.package_identification:_identify(src) by extension 'ignore_ament_install'
[0.294s] Level 1:colcon.colcon_core.package_identification:_identify(src) by extensions ['colcon_pkg']
[0.294s] Level 1:colcon.colcon_core.package_identification:_identify(src) by extension 'colcon_pkg'
[0.294s] Level 1:colcon.colcon_core.package_identification:_identify(src) by extensions ['colcon_meta']
[0.294s] Level 1:colcon.colcon_core.package_identification:_identify(src) by extension 'colcon_meta'
[0.294s] Level 1:colcon.colcon_core.package_identification:_identify(src) by extensions ['ros']
[0.294s] Level 1:colcon.colcon_core.package_identification:_identify(src) by extension 'ros'
[0.294s] Level 1:colcon.colcon_core.package_identification:_identify(src) by extensions ['cmake', 'python']
[0.294s] Level 1:colcon.colcon_core.package_identification:_identify(src) by extension 'cmake'
[0.294s] Level 1:colcon.colcon_core.package_identification:_identify(src) by extension 'python'
[0.294s] Level 1:colcon.colcon_core.package_identification:_identify(src) by extensions ['python_setup_py']
[0.294s] Level 1:colcon.colcon_core.package_identification:_identify(src) by extension 'python_setup_py'
[0.294s] Level 1:colcon.colcon_core.package_identification:_identify(src/inverse_kinematics) by extensions ['ignore', 'ignore_ament_install']
[0.295s] Level 1:colcon.colcon_core.package_identification:_identify(src/inverse_kinematics) by extension 'ignore'
[0.295s] Level 1:colcon.colcon_core.package_identification:_identify(src/inverse_kinematics) by extension 'ignore_ament_install'
[0.295s] Level 1:colcon.colcon_core.package_identification:_identify(src/inverse_kinematics) by extensions ['colcon_pkg']
[0.295s] Level 1:colcon.colcon_core.package_identification:_identify(src/inverse_kinematics) by extension 'colcon_pkg'
[0.295s] Level 1:colcon.colcon_core.package_identification:_identify(src/inverse_kinematics) by extensions ['colcon_meta']
[0.295s] Level 1:colcon.colcon_core.package_identification:_identify(src/inverse_kinematics) by extension 'colcon_meta'
[0.295s] Level 1:colcon.colcon_core.package_identification:_identify(src/inverse_kinematics) by extensions ['ros']
[0.295s] Level 1:colcon.colcon_core.package_identification:_identify(src/inverse_kinematics) by extension 'ros'
[0.297s] DEBUG:colcon.colcon_core.package_identification:Package 'src/inverse_kinematics' with type 'ros.ament_python' and name 'inverse_kinematics'
[0.297s] Level 1:colcon.colcon_core.package_identification:_identify(src/my_py_pkg) by extensions ['ignore', 'ignore_ament_install']
[0.297s] Level 1:colcon.colcon_core.package_identification:_identify(src/my_py_pkg) by extension 'ignore'
[0.298s] Level 1:colcon.colcon_core.package_identification:_identify(src/my_py_pkg) by extension 'ignore_ament_install'
[0.298s] Level 1:colcon.colcon_core.package_identification:_identify(src/my_py_pkg) by extensions ['colcon_pkg']
[0.298s] Level 1:colcon.colcon_core.package_identification:_identify(src/my_py_pkg) by extension 'colcon_pkg'
[0.298s] Level 1:colcon.colcon_core.package_identification:_identify(src/my_py_pkg) by extensions ['colcon_meta']
[0.298s] Level 1:colcon.colcon_core.package_identification:_identify(src/my_py_pkg) by extension 'colcon_meta'
[0.298s] Level 1:colcon.colcon_core.package_identification:_identify(src/my_py_pkg) by extensions ['ros']
[0.298s] Level 1:colcon.colcon_core.package_identification:_identify(src/my_py_pkg) by extension 'ros'
[0.298s] DEBUG:colcon.colcon_core.package_identification:Package 'src/my_py_pkg' with type 'ros.ament_python' and name 'my_py_pkg'
[0.299s] Level 1:colcon.colcon_core.package_identification:_identify(src/pubsub) by extensions ['ignore', 'ignore_ament_install']
[0.299s] Level 1:colcon.colcon_core.package_identification:_identify(src/pubsub) by extension 'ignore'
[0.299s] Level 1:colcon.colcon_core.package_identification:_identify(src/pubsub) by extension 'ignore_ament_install'
[0.299s] Level 1:colcon.colcon_core.package_identification:_identify(src/pubsub) by extensions ['colcon_pkg']
[0.299s] Level 1:colcon.colcon_core.package_identification:_identify(src/pubsub) by extension 'colcon_pkg'
[0.299s] Level 1:colcon.colcon_core.package_identification:_identify(src/pubsub) by extensions ['colcon_meta']
[0.299s] Level 1:colcon.colcon_core.package_identification:_identify(src/pubsub) by extension 'colcon_meta'
[0.299s] Level 1:colcon.colcon_core.package_identification:_identify(src/pubsub) by extensions ['ros']
[0.299s] Level 1:colcon.colcon_core.package_identification:_identify(src/pubsub) by extension 'ros'
[0.300s] DEBUG:colcon.colcon_core.package_identification:Package 'src/pubsub' with type 'ros.ament_python' and name 'pubsub'
[0.300s] Level 1:colcon.colcon_core.package_identification:_identify(src/ros2_mid_actions) by extensions ['ignore', 'ignore_ament_install']
[0.300s] Level 1:colcon.colcon_core.package_identification:_identify(src/ros2_mid_actions) by extension 'ignore'
[0.300s] Level 1:colcon.colcon_core.package_identification:_identify(src/ros2_mid_actions) by extension 'ignore_ament_install'
[0.300s] Level 1:colcon.colcon_core.package_identification:_identify(src/ros2_mid_actions) by extensions ['colcon_pkg']
[0.300s] Level 1:colcon.colcon_core.package_identification:_identify(src/ros2_mid_actions) by extension 'colcon_pkg'
[0.300s] Level 1:colcon.colcon_core.package_identification:_identify(src/ros2_mid_actions) by extensions ['colcon_meta']
[0.300s] Level 1:colcon.colcon_core.package_identification:_identify(src/ros2_mid_actions) by extension 'colcon_meta'
[0.300s] Level 1:colcon.colcon_core.package_identification:_identify(src/ros2_mid_actions) by extensions ['ros']
[0.300s] Level 1:colcon.colcon_core.package_identification:_identify(src/ros2_mid_actions) by extension 'ros'
[0.301s] DEBUG:colcon.colcon_core.package_identification:Package 'src/ros2_mid_actions' with type 'ros.ament_cmake' and name 'ros2_mid_actions'
[0.301s] Level 1:colcon.colcon_core.package_identification:_identify(src/ros_interfaces) by extensions ['ignore', 'ignore_ament_install']
[0.301s] Level 1:colcon.colcon_core.package_identification:_identify(src/ros_interfaces) by extension 'ignore'
[0.301s] Level 1:colcon.colcon_core.package_identification:_identify(src/ros_interfaces) by extension 'ignore_ament_install'
[0.301s] Level 1:colcon.colcon_core.package_identification:_identify(src/ros_interfaces) by extensions ['colcon_pkg']
[0.301s] Level 1:colcon.colcon_core.package_identification:_identify(src/ros_interfaces) by extension 'colcon_pkg'
[0.301s] Level 1:colcon.colcon_core.package_identification:_identify(src/ros_interfaces) by extensions ['colcon_meta']
[0.301s] Level 1:colcon.colcon_core.package_identification:_identify(src/ros_interfaces) by extension 'colcon_meta'
[0.301s] Level 1:colcon.colcon_core.package_identification:_identify(src/ros_interfaces) by extensions ['ros']
[0.301s] Level 1:colcon.colcon_core.package_identification:_identify(src/ros_interfaces) by extension 'ros'
[0.302s] DEBUG:colcon.colcon_core.package_identification:Package 'src/ros_interfaces' with type 'ros.ament_cmake' and name 'ros_interfaces'
[0.302s] Level 1:colcon.colcon_core.package_identification:_identify(src/srvcli) by extensions ['ignore', 'ignore_ament_install']
[0.302s] Level 1:colcon.colcon_core.package_identification:_identify(src/srvcli) by extension 'ignore'
[0.302s] Level 1:colcon.colcon_core.package_identification:_identify(src/srvcli) by extension 'ignore_ament_install'
[0.302s] Level 1:colcon.colcon_core.package_identification:_identify(src/srvcli) by extensions ['colcon_pkg']
[0.302s] Level 1:colcon.colcon_core.package_identification:_identify(src/srvcli) by extension 'colcon_pkg'
[0.303s] Level 1:colcon.colcon_core.package_identification:_identify(src/srvcli) by extensions ['colcon_meta']
[0.303s] Level 1:colcon.colcon_core.package_identification:_identify(src/srvcli) by extension 'colcon_meta'
[0.303s] Level 1:colcon.colcon_core.package_identification:_identify(src/srvcli) by extensions ['ros']
[0.303s] Level 1:colcon.colcon_core.package_identification:_identify(src/srvcli) by extension 'ros'
[0.303s] DEBUG:colcon.colcon_core.package_identification:Package 'src/srvcli' with type 'ros.ament_python' and name 'srvcli'
[0.303s] Level 1:colcon.colcon_core.package_discovery:discover_packages(recursive) using defaults
[0.303s] Level 1:colcon.colcon_core.package_discovery:discover_packages(ignore) discover
[0.303s] Level 1:colcon.colcon_core.package_discovery:discover_packages(ignore) using defaults
[0.303s] Level 1:colcon.colcon_core.package_discovery:discover_packages(path) discover
[0.303s] Level 1:colcon.colcon_core.package_discovery:discover_packages(path) using defaults
[0.322s] Level 5:colcon.colcon_core.verb:set package 'inverse_kinematics' build argument 'cmake_args' from command line to 'None'
[0.322s] Level 5:colcon.colcon_core.verb:set package 'inverse_kinematics' build argument 'cmake_target' from command line to 'None'
[0.322s] Level 5:colcon.colcon_core.verb:set package 'inverse_kinematics' build argument 'cmake_target_skip_unavailable' from command line to 'False'
[0.322s] Level 5:colcon.colcon_core.verb:set package 'inverse_kinematics' build argument 'cmake_clean_cache' from command line to 'False'
[0.322s] Level 5:colcon.colcon_core.verb:set package 'inverse_kinematics' build argument 'cmake_clean_first' from command line to 'False'
[0.322s] Level 5:colcon.colcon_core.verb:set package 'inverse_kinematics' build argument 'cmake_force_configure' from command line to 'False'
[0.322s] Level 5:colcon.colcon_core.verb:set package 'inverse_kinematics' build argument 'ament_cmake_args' from command line to 'None'
[0.322s] Level 5:colcon.colcon_core.verb:set package 'inverse_kinematics' build argument 'catkin_cmake_args' from command line to 'None'
[0.322s] Level 5:colcon.colcon_core.verb:set package 'inverse_kinematics' build argument 'catkin_skip_building_tests' from command line to 'False'
[0.322s] DEBUG:colcon.colcon_core.verb:Building package 'inverse_kinematics' with the following arguments: {'ament_cmake_args': None, 'build_base': '/workspace/build/inverse_kinematics', 'catkin_cmake_args': None, 'catkin_skip_building_tests': False, 'cmake_args': None, 'cmake_clean_cache': False, 'cmake_clean_first': False, 'cmake_force_configure': False, 'cmake_target': None, 'cmake_target_skip_unavailable': False, 'install_base': '/workspace/install/inverse_kinematics', 'merge_install': False, 'path': '/workspace/src/inverse_kinematics', 'symlink_install': False, 'test_result_base': None}
[0.323s] Level 5:colcon.colcon_core.verb:set package 'my_py_pkg' build argument 'cmake_args' from command line to 'None'
[0.323s] Level 5:colcon.colcon_core.verb:set package 'my_py_pkg' build argument 'cmake_target' from command line to 'None'
[0.323s] Level 5:colcon.colcon_core.verb:set package 'my_py_pkg' build argument 'cmake_target_skip_unavailable' from command line to 'False'
[0.323s] Level 5:colcon.colcon_core.verb:set package 'my_py_pkg' build argument 'cmake_clean_cache' from command line to 'False'
[0.323s] Level 5:colcon.colcon_core.verb:set package 'my_py_pkg' build argument 'cmake_clean_first' from command line to 'False'
[0.323s] Level 5:colcon.colcon_core.verb:set package 'my_py_pkg' build argument 'cmake_force_configure' from command line to 'False'
[0.323s] Level 5:colcon.colcon_core.verb:set package 'my_py_pkg' build argument 'ament_cmake_args' from command line to 'None'
[0.323s] Level 5:colcon.colcon_core.verb:set package 'my_py_pkg' build argument 'catkin_cmake_args' from command line to 'None'
[0.323s] Level 5:colcon.colcon_core.verb:set package 'my_py_pkg' build argument 'catkin_skip_building_tests' from command line to 'False'
[0.323s] DEBUG:colcon.colcon_core.verb:Building package 'my_py_pkg' with the following arguments: {'ament_cmake_args': None, 'build_base': '/workspace/build/my_py_pkg', 'catkin_cmake_args': None, 'catkin_skip_building_tests': False, 'cmake_args': None, 'cmake_clean_cache': False, 'cmake_clean_first': False, 'cmake_force_configure': False, 'cmake_target': None, 'cmake_target_skip_unavailable': False, 'install_base': '/workspace/install/my_py_pkg', 'merge_install': False, 'path': '/workspace/src/my_py_pkg', 'symlink_install': False, 'test_result_base': None}
[0.324s] Level 5:colcon.colcon_core.verb:set package 'pubsub' build argument 'cmake_args' from command line to 'None'
[0.324s] Level 5:colcon.colcon_core.verb:set package 'pubsub' build argument 'cmake_target' from command line to 'None'
[0.324s] Level 5:colcon.colcon_core.verb:set package 'pubsub' build argument 'cmake_target_skip_unavailable' from command line to 'False'
[0.324s] Level 5:colcon.colcon_core.verb:set package 'pubsub' build argument 'cmake_clean_cache' from command line to 'False'
[0.324s] Level 5:colcon.colcon_core.verb:set package 'pubsub' build argument 'cmake_clean_first' from command line to 'False'
[0.324s] Level 5:colcon.colcon_core.verb:set package 'pubsub' build argument 'cmake_force_configure' from command line to 'False'
[0.324s] Level 5:colcon.colcon_core.verb:set package 'pubsub' build argument 'ament_cmake_args' from command line to 'None'
[0.324s] Level 5:colcon.colcon_core.verb:set package 'pubsub' build argument 'catkin_cmake_args' from command line to 'None'
[0.324s] Level 5:colcon.colcon_core.verb:set package 'pubsub' build argument 'catkin_skip_building_tests' from command line to 'False'
[0.324s] DEBUG:colcon.colcon_core.verb:Building package 'pubsub' with the following arguments: {'ament_cmake_args': None, 'build_base': '/workspace/build/pubsub', 'catkin_cmake_args': None, 'catkin_skip_building_tests': False, 'cmake_args': None, 'cmake_clean_cache': False, 'cmake_clean_first': False, 'cmake_force_configure': False, 'cmake_target': None, 'cmake_target_skip_unavailable': False, 'install_base': '/workspace/install/pubsub', 'merge_install': False, 'path': '/workspace/src/pubsub', 'symlink_install': False, 'test_result_base': None}
[0.325s] Level 5:colcon.colcon_core.verb:set package 'ros2_mid_actions' build argument 'cmake_args' from command line to 'None'
[0.325s] Level 5:colcon.colcon_core.verb:set package 'ros2_mid_actions' build argument 'cmake_target' from command line to 'None'
[0.325s] Level 5:colcon.colcon_core.verb:set package 'ros2_mid_actions' build argument 'cmake_target_skip_unavailable' from command line to 'False'
[0.325s] Level 5:colcon.colcon_core.verb:set package 'ros2_mid_actions' build argument 'cmake_clean_cache' from command line to 'False'
[0.325s] Level 5:colcon.colcon_core.verb:set package 'ros2_mid_actions' build argument 'cmake_clean_first' from command line to 'False'
[0.325s] Level 5:colcon.colcon_core.verb:set package 'ros2_mid_actions' build argument 'cmake_force_configure' from command line to 'False'
[0.325s] Level 5:colcon.colcon_core.verb:set package 'ros2_mid_actions' build argument 'ament_cmake_args' from command line to 'None'
[0.326s] Level 5:colcon.colcon_core.verb:set package 'ros2_mid_actions' build argument 'catkin_cmake_args' from command line to 'None'
[0.326s] Level 5:colcon.colcon_core.verb:set package 'ros2_mid_actions' build argument 'catkin_skip_building_tests' from command line to 'False'
[0.326s] DEBUG:colcon.colcon_core.verb:Building package 'ros2_mid_actions' with the following arguments: {'ament_cmake_args': None, 'build_base': '/workspace/build/ros2_mid_actions', 'catkin_cmake_args': None, 'catkin_skip_building_tests': False, 'cmake_args': None, 'cmake_clean_cache': False, 'cmake_clean_first': False, 'cmake_force_configure': False, 'cmake_target': None, 'cmake_target_skip_unavailable': False, 'install_base': '/workspace/install/ros2_mid_actions', 'merge_install': False, 'path': '/workspace/src/ros2_mid_actions', 'symlink_install': False, 'test_result_base': None}
[0.326s] Level 5:colcon.colcon_core.verb:set package 'ros_interfaces' build argument 'cmake_args' from command line to 'None'
[0.326s] Level 5:colcon.colcon_core.verb:set package 'ros_interfaces' build argument 'cmake_target' from command line to 'None'
[0.326s] Level 5:colcon.colcon_core.verb:set package 'ros_interfaces' build argument 'cmake_target_skip_unavailable' from command line to 'False'
[0.326s] Level 5:colcon.colcon_core.verb:set package 'ros_interfaces' build argument 'cmake_clean_cache' from command line to 'False'
[0.327s] Level 5:colcon.colcon_core.verb:set package 'ros_interfaces' build argument 'cmake_clean_first' from command line to 'False'
[0.327s] Level 5:colcon.colcon_core.verb:set package 'ros_interfaces' build argument 'cmake_force_configure' from command line to 'False'
[0.327s] Level 5:colcon.colcon_core.verb:set package 'ros_interfaces' build argument 'ament_cmake_args' from command line to 'None'
[0.327s] Level 5:colcon.colcon_core.verb:set package 'ros_interfaces' build argument 'catkin_cmake_args' from command line to 'None'
[0.327s] Level 5:colcon.colcon_core.verb:set package 'ros_interfaces' build argument 'catkin_skip_building_tests' from command line to 'False'
[0.327s] DEBUG:colcon.colcon_core.verb:Building package 'ros_interfaces' with the following arguments: {'ament_cmake_args': None, 'build_base': '/workspace/build/ros_interfaces', 'catkin_cmake_args': None, 'catkin_skip_building_tests': False, 'cmake_args': None, 'cmake_clean_cache': False, 'cmake_clean_first': False, 'cmake_force_configure': False, 'cmake_target': None, 'cmake_target_skip_unavailable': False, 'install_base': '/workspace/install/ros_interfaces', 'merge_install': False, 'path': '/workspace/src/ros_interfaces', 'symlink_install': False, 'test_result_base': None}
[0.327s] Level 5:colcon.colcon_core.verb:set package 'srvcli' build argument 'cmake_args' from command line to 'None'
[0.328s] Level 5:colcon.colcon_core.verb:set package 'srvcli' build argument 'cmake_target' from command line to 'None'
[0.328s] Level 5:colcon.colcon_core.verb:set package 'srvcli' build argument 'cmake_target_skip_unavailable' from command line to 'False'
[0.328s] Level 5:colcon.colcon_core.verb:set package 'srvcli' build argument 'cmake_clean_cache' from command line to 'False'
[0.328s] Level 5:colcon.colcon_core.verb:set package 'srvcli' build argument 'cmake_clean_first' from command line to 'False'
[0.328s] Level 5:colcon.colcon_core.verb:set package 'srvcli' build argument 'cmake_force_configure' from command line to 'False'
[0.328s] Level 5:colcon.colcon_core.verb:set package 'srvcli' build argument 'ament_cmake_args' from command line to 'None'
[0.328s] Level 5:colcon.colcon_core.verb:set package 'srvcli' build argument 'catkin_cmake_args' from command line to 'None'
[0.328s] Level 5:colcon.colcon_core.verb:set package 'srvcli' build argument 'catkin_skip_building_tests' from command line to 'False'
[0.328s] DEBUG:colcon.colcon_core.verb:Building package 'srvcli' with the following arguments: {'ament_cmake_args': None, 'build_base': '/workspace/build/srvcli', 'catkin_cmake_args': None, 'catkin_skip_building_tests': False, 'cmake_args': None, 'cmake_clean_cache': False, 'cmake_clean_first': False, 'cmake_force_configure': False, 'cmake_target': None, 'cmake_target_skip_unavailable': False, 'install_base': '/workspace/install/srvcli', 'merge_install': False, 'path': '/workspace/src/srvcli', 'symlink_install': False, 'test_result_base': None}
[0.328s] INFO:colcon.colcon_core.executor:Executing jobs using 'parallel' executor
[0.331s] DEBUG:colcon.colcon_parallel_executor.executor.parallel:run_until_complete
[0.331s] INFO:colcon.colcon_ros.task.ament_python.build:Building ROS package in '/workspace/src/inverse_kinematics' with build type 'ament_python'
[0.331s] Level 1:colcon.colcon_core.shell:create_environment_hook('inverse_kinematics', 'ament_prefix_path')
[0.337s] INFO:colcon.colcon_core.plugin_system:Skipping extension 'colcon_core.shell.bat': Not used on non-Windows systems
[0.337s] INFO:colcon.colcon_core.shell:Creating environment hook '/workspace/install/inverse_kinematics/share/inverse_kinematics/hook/ament_prefix_path.ps1'
[0.338s] INFO:colcon.colcon_core.shell:Creating environment descriptor '/workspace/install/inverse_kinematics/share/inverse_kinematics/hook/ament_prefix_path.dsv'
[0.339s] INFO:colcon.colcon_core.shell:Creating environment hook '/workspace/install/inverse_kinematics/share/inverse_kinematics/hook/ament_prefix_path.sh'
[0.341s] INFO:colcon.colcon_core.shell:Skip shell extension 'powershell' for command environment: Not usable outside of PowerShell
[0.341s] DEBUG:colcon.colcon_core.shell:Skip shell extension 'dsv' for command environment
[0.343s] WARNING:colcon.colcon_ros.prefix_path.ament:The path '/workspace/install/ros2_action' in the environment variable AMENT_PREFIX_PATH doesn't exist
[0.343s] WARNING:colcon.colcon_ros.prefix_path.ament:The path '/workspace/install/my_package' in the environment variable AMENT_PREFIX_PATH doesn't exist
[0.343s] WARNING:colcon.colcon_ros.prefix_path.ament:The path '/workspace/install/inv_kine' in the environment variable AMENT_PREFIX_PATH doesn't exist
[0.343s] WARNING:colcon.colcon_ros.prefix_path.catkin:The path '/workspace/install/ros2_action' in the environment variable CMAKE_PREFIX_PATH doesn't exist
[0.349s] INFO:colcon.colcon_ros.task.ament_python.build:Building ROS package in '/workspace/src/my_py_pkg' with build type 'ament_python'
[0.349s] Level 1:colcon.colcon_core.shell:create_environment_hook('my_py_pkg', 'ament_prefix_path')
[0.350s] INFO:colcon.colcon_core.shell:Creating environment hook '/workspace/install/my_py_pkg/share/my_py_pkg/hook/ament_prefix_path.ps1'
[0.351s] INFO:colcon.colcon_core.shell:Creating environment descriptor '/workspace/install/my_py_pkg/share/my_py_pkg/hook/ament_prefix_path.dsv'
[0.351s] INFO:colcon.colcon_core.shell:Creating environment hook '/workspace/install/my_py_pkg/share/my_py_pkg/hook/ament_prefix_path.sh'
[0.353s] INFO:colcon.colcon_core.shell:Skip shell extension 'powershell' for command environment: Not usable outside of PowerShell
[0.353s] DEBUG:colcon.colcon_core.shell:Skip shell extension 'dsv' for command environment
[0.358s] INFO:colcon.colcon_ros.task.ament_python.build:Building ROS package in '/workspace/src/pubsub' with build type 'ament_python'
[0.358s] Level 1:colcon.colcon_core.shell:create_environment_hook('pubsub', 'ament_prefix_path')
[0.360s] INFO:colcon.colcon_core.shell:Creating environment hook '/workspace/install/pubsub/share/pubsub/hook/ament_prefix_path.ps1'
[0.361s] INFO:colcon.colcon_core.shell:Creating environment descriptor '/workspace/install/pubsub/share/pubsub/hook/ament_prefix_path.dsv'
[0.362s] INFO:colcon.colcon_core.shell:Creating environment hook '/workspace/install/pubsub/share/pubsub/hook/ament_prefix_path.sh'
[0.364s] INFO:colcon.colcon_core.shell:Skip shell extension 'powershell' for command environment: Not usable outside of PowerShell
[0.364s] DEBUG:colcon.colcon_core.shell:Skip shell extension 'dsv' for command environment
[0.370s] INFO:colcon.colcon_ros.task.ament_cmake.build:Building ROS package in '/workspace/src/ros2_mid_actions' with build type 'ament_cmake'
[0.370s] INFO:colcon.colcon_cmake.task.cmake.build:Building CMake package in '/workspace/src/ros2_mid_actions'
[0.372s] INFO:colcon.colcon_core.shell:Skip shell extension 'powershell' for command environment: Not usable outside of PowerShell
[0.372s] DEBUG:colcon.colcon_core.shell:Skip shell extension 'dsv' for command environment
[0.379s] INFO:colcon.colcon_ros.task.ament_cmake.build:Building ROS package in '/workspace/src/ros_interfaces' with build type 'ament_cmake'
[0.379s] INFO:colcon.colcon_cmake.task.cmake.build:Building CMake package in '/workspace/src/ros_interfaces'
[0.381s] INFO:colcon.colcon_core.shell:Skip shell extension 'powershell' for command environment: Not usable outside of PowerShell
[0.381s] DEBUG:colcon.colcon_core.shell:Skip shell extension 'dsv' for command environment
[0.387s] INFO:colcon.colcon_ros.task.ament_python.build:Building ROS package in '/workspace/src/srvcli' with build type 'ament_python'
[0.388s] Level 1:colcon.colcon_core.shell:create_environment_hook('srvcli', 'ament_prefix_path')
[0.389s] INFO:colcon.colcon_core.shell:Creating environment hook '/workspace/install/srvcli/share/srvcli/hook/ament_prefix_path.ps1'
[0.391s] INFO:colcon.colcon_core.shell:Creating environment descriptor '/workspace/install/srvcli/share/srvcli/hook/ament_prefix_path.dsv'
[0.391s] INFO:colcon.colcon_core.shell:Creating environment hook '/workspace/install/srvcli/share/srvcli/hook/ament_prefix_path.sh'
[0.394s] INFO:colcon.colcon_core.shell:Skip shell extension 'powershell' for command environment: Not usable outside of PowerShell
[0.394s] DEBUG:colcon.colcon_core.shell:Skip shell extension 'dsv' for command environment
[0.606s] INFO:colcon.colcon_core.task.python.build:Building Python package in '/workspace/src/inverse_kinematics'
[0.607s] INFO:colcon.colcon_core.shell:Skip shell extension 'powershell' for command environment: Not usable outside of PowerShell
[0.607s] DEBUG:colcon.colcon_core.shell:Skip shell extension 'dsv' for command environment
[0.808s] INFO:colcon.colcon_core.task.python.build:Building Python package in '/workspace/src/my_py_pkg'
[0.809s] INFO:colcon.colcon_core.shell:Skip shell extension 'powershell' for command environment: Not usable outside of PowerShell
[0.809s] DEBUG:colcon.colcon_core.shell:Skip shell extension 'dsv' for command environment
[1.049s] INFO:colcon.colcon_core.task.python.build:Building Python package in '/workspace/src/pubsub'
[1.050s] INFO:colcon.colcon_core.shell:Skip shell extension 'powershell' for command environment: Not usable outside of PowerShell
[1.050s] DEBUG:colcon.colcon_core.shell:Skip shell extension 'dsv' for command environment
[1.057s] DEBUG:colcon.colcon_core.event_handler.log_command:Invoking command in '/workspace/build/ros2_mid_actions': CMAKE_PREFIX_PATH=${CMAKE_PREFIX_PATH}:/workspace/install/srvcli:/workspace/install/pubsub:/workspace/install/my_py_pkg:/workspace/install/my_package:/workspace/install/inverse_kinematics:/workspace/install/inv_kine:/opt/ros/humble /usr/bin/cmake --build /workspace/build/ros2_mid_actions -- -j12 -l12
[1.064s] DEBUG:colcon.colcon_core.event_handler.log_command:Invoking command in '/workspace/build/ros_interfaces': CMAKE_PREFIX_PATH=${CMAKE_PREFIX_PATH}:/workspace/install/srvcli:/workspace/install/pubsub:/workspace/install/my_py_pkg:/workspace/install/my_package:/workspace/install/inverse_kinematics:/workspace/install/inv_kine:/opt/ros/humble /usr/bin/cmake --build /workspace/build/ros_interfaces -- -j12 -l12
[1.323s] INFO:colcon.colcon_core.task.python.build:Building Python package in '/workspace/src/srvcli'
[1.324s] INFO:colcon.colcon_core.shell:Skip shell extension 'powershell' for command environment: Not usable outside of PowerShell
[1.324s] DEBUG:colcon.colcon_core.shell:Skip shell extension 'dsv' for command environment
[1.450s] DEBUG:colcon.colcon_core.event_handler.log_command:Invoked command in '/workspace/build/ros_interfaces' returned '0': CMAKE_PREFIX_PATH=${CMAKE_PREFIX_PATH}:/workspace/install/srvcli:/workspace/install/pubsub:/workspace/install/my_py_pkg:/workspace/install/my_package:/workspace/install/inverse_kinematics:/workspace/install/inv_kine:/opt/ros/humble /usr/bin/cmake --build /workspace/build/ros_interfaces -- -j12 -l12
[1.452s] DEBUG:colcon.colcon_core.event_handler.log_command:Invoked command in '/workspace/build/ros2_mid_actions' returned '0': CMAKE_PREFIX_PATH=${CMAKE_PREFIX_PATH}:/workspace/install/srvcli:/workspace/install/pubsub:/workspace/install/my_py_pkg:/workspace/install/my_package:/workspace/install/inverse_kinematics:/workspace/install/inv_kine:/opt/ros/humble /usr/bin/cmake --build /workspace/build/ros2_mid_actions -- -j12 -l12
[1.521s] DEBUG:colcon.colcon_core.event_handler.log_command:Invoking command in '/workspace/build/ros2_mid_actions': CMAKE_PREFIX_PATH=${CMAKE_PREFIX_PATH}:/workspace/install/srvcli:/workspace/install/pubsub:/workspace/install/my_py_pkg:/workspace/install/my_package:/workspace/install/inverse_kinematics:/workspace/install/inv_kine:/opt/ros/humble /usr/bin/cmake --install /workspace/build/ros2_mid_actions
[1.555s] DEBUG:colcon.colcon_core.event_handler.log_command:Invoking command in '/workspace/build/ros_interfaces': CMAKE_PREFIX_PATH=${CMAKE_PREFIX_PATH}:/workspace/install/srvcli:/workspace/install/pubsub:/workspace/install/my_py_pkg:/workspace/install/my_package:/workspace/install/inverse_kinematics:/workspace/install/inv_kine:/opt/ros/humble /usr/bin/cmake --install /workspace/build/ros_interfaces
[1.597s] Level 1:colcon.colcon_core.environment:create_environment_scripts_only(ros2_mid_actions)
[1.601s] DEBUG:colcon.colcon_core.event_handler.log_command:Invoked command in '/workspace/build/ros2_mid_actions' returned '0': CMAKE_PREFIX_PATH=${CMAKE_PREFIX_PATH}:/workspace/install/srvcli:/workspace/install/pubsub:/workspace/install/my_py_pkg:/workspace/install/my_package:/workspace/install/inverse_kinematics:/workspace/install/inv_kine:/opt/ros/humble /usr/bin/cmake --install /workspace/build/ros2_mid_actions
[1.605s] Level 1:colcon.colcon_core.environment:checking '/workspace/install/ros2_mid_actions' for CMake module files
[1.606s] Level 1:colcon.colcon_core.environment:checking '/workspace/install/ros2_mid_actions' for CMake config files
[1.607s] Level 1:colcon.colcon_core.shell:create_environment_hook('ros2_mid_actions', 'cmake_prefix_path')
[1.609s] INFO:colcon.colcon_core.shell:Creating environment hook '/workspace/install/ros2_mid_actions/share/ros2_mid_actions/hook/cmake_prefix_path.ps1'
[1.609s] INFO:colcon.colcon_core.shell:Creating environment descriptor '/workspace/install/ros2_mid_actions/share/ros2_mid_actions/hook/cmake_prefix_path.dsv'
[1.610s] INFO:colcon.colcon_core.shell:Creating environment hook '/workspace/install/ros2_mid_actions/share/ros2_mid_actions/hook/cmake_prefix_path.sh'
[1.610s] Level 1:colcon.colcon_core.environment:checking '/workspace/install/ros2_mid_actions/lib'
[1.611s] Level 1:colcon.colcon_core.shell:create_environment_hook('ros2_mid_actions', 'ld_library_path_lib')
[1.613s] INFO:colcon.colcon_core.shell:Creating environment hook '/workspace/install/ros2_mid_actions/share/ros2_mid_actions/hook/ld_library_path_lib.ps1'
[1.613s] INFO:colcon.colcon_core.shell:Creating environment descriptor '/workspace/install/ros2_mid_actions/share/ros2_mid_actions/hook/ld_library_path_lib.dsv'
[1.614s] INFO:colcon.colcon_core.shell:Creating environment hook '/workspace/install/ros2_mid_actions/share/ros2_mid_actions/hook/ld_library_path_lib.sh'
[1.614s] Level 1:colcon.colcon_core.environment:checking '/workspace/install/ros2_mid_actions/bin'
[1.614s] Level 1:colcon.colcon_core.environment:checking '/workspace/install/ros2_mid_actions/lib/pkgconfig/ros2_mid_actions.pc'
[1.615s] Level 1:colcon.colcon_core.environment:checking '/workspace/install/ros2_mid_actions/lib/python3.10/site-packages'
[1.615s] Level 1:colcon.colcon_core.environment:checking '/workspace/install/ros2_mid_actions/bin'
[1.617s] INFO:colcon.colcon_core.shell:Creating package script '/workspace/install/ros2_mid_actions/share/ros2_mid_actions/package.ps1'
[1.618s] INFO:colcon.colcon_core.shell:Creating package descriptor '/workspace/install/ros2_mid_actions/share/ros2_mid_actions/package.dsv'
[1.619s] INFO:colcon.colcon_core.shell:Creating package script '/workspace/install/ros2_mid_actions/share/ros2_mid_actions/package.sh'
[1.620s] INFO:colcon.colcon_core.shell:Creating package script '/workspace/install/ros2_mid_actions/share/ros2_mid_actions/package.bash'
[1.621s] INFO:colcon.colcon_core.shell:Creating package script '/workspace/install/ros2_mid_actions/share/ros2_mid_actions/package.zsh'
[1.622s] Level 1:colcon.colcon_core.environment:create_file_with_runtime_dependencies(/workspace/install/ros2_mid_actions/share/colcon-core/packages/ros2_mid_actions)
[1.635s] Level 1:colcon.colcon_core.environment:create_environment_scripts_only(ros_interfaces)
[1.639s] Level 1:colcon.colcon_core.environment:checking '/workspace/install/ros_interfaces' for CMake module files
[1.640s] DEBUG:colcon.colcon_core.event_handler.log_command:Invoked command in '/workspace/build/ros_interfaces' returned '0': CMAKE_PREFIX_PATH=${CMAKE_PREFIX_PATH}:/workspace/install/srvcli:/workspace/install/pubsub:/workspace/install/my_py_pkg:/workspace/install/my_package:/workspace/install/inverse_kinematics:/workspace/install/inv_kine:/opt/ros/humble /usr/bin/cmake --install /workspace/build/ros_interfaces
[1.640s] Level 1:colcon.colcon_core.environment:checking '/workspace/install/ros_interfaces' for CMake config files
[1.641s] Level 1:colcon.colcon_core.shell:create_environment_hook('ros_interfaces', 'cmake_prefix_path')
[1.643s] INFO:colcon.colcon_core.shell:Creating environment hook '/workspace/install/ros_interfaces/share/ros_interfaces/hook/cmake_prefix_path.ps1'
[1.644s] INFO:colcon.colcon_core.shell:Creating environment descriptor '/workspace/install/ros_interfaces/share/ros_interfaces/hook/cmake_prefix_path.dsv'
[1.644s] INFO:colcon.colcon_core.shell:Creating environment hook '/workspace/install/ros_interfaces/share/ros_interfaces/hook/cmake_prefix_path.sh'
[1.645s] Level 1:colcon.colcon_core.environment:checking '/workspace/install/ros_interfaces/lib'
[1.645s] Level 1:colcon.colcon_core.shell:create_environment_hook('ros_interfaces', 'ld_library_path_lib')
[1.648s] INFO:colcon.colcon_core.shell:Creating environment hook '/workspace/install/ros_interfaces/share/ros_interfaces/hook/ld_library_path_lib.ps1'
[1.650s] INFO:colcon.colcon_core.shell:Creating environment descriptor '/workspace/install/ros_interfaces/share/ros_interfaces/hook/ld_library_path_lib.dsv'
[1.651s] INFO:colcon.colcon_core.shell:Creating environment hook '/workspace/install/ros_interfaces/share/ros_interfaces/hook/ld_library_path_lib.sh'
[1.652s] Level 1:colcon.colcon_core.environment:checking '/workspace/install/ros_interfaces/bin'
[1.652s] Level 1:colcon.colcon_core.environment:checking '/workspace/install/ros_interfaces/lib/pkgconfig/ros_interfaces.pc'
[1.652s] Level 1:colcon.colcon_core.environment:checking '/workspace/install/ros_interfaces/lib/python3.10/site-packages'
[1.653s] Level 1:colcon.colcon_core.environment:checking '/workspace/install/ros_interfaces/bin'
[1.656s] INFO:colcon.colcon_core.shell:Creating package script '/workspace/install/ros_interfaces/share/ros_interfaces/package.ps1'
[1.657s] INFO:colcon.colcon_core.shell:Creating package descriptor '/workspace/install/ros_interfaces/share/ros_interfaces/package.dsv'
[1.657s] INFO:colcon.colcon_core.shell:Creating package script '/workspace/install/ros_interfaces/share/ros_interfaces/package.sh'
[1.658s] INFO:colcon.colcon_core.shell:Creating package script '/workspace/install/ros_interfaces/share/ros_interfaces/package.bash'
[1.659s] INFO:colcon.colcon_core.shell:Creating package script '/workspace/install/ros_interfaces/share/ros_interfaces/package.zsh'
[1.659s] Level 1:colcon.colcon_core.environment:create_file_with_runtime_dependencies(/workspace/install/ros_interfaces/share/colcon-core/packages/ros_interfaces)
[1.704s] DEBUG:colcon.colcon_core.event_handler.log_command:Invoking command in '/workspace/src/pubsub': PYTHONPATH=/workspace/build/pubsub/prefix_override:/workspace/install/pubsub/lib/python3.10/site-packages:${PYTHONPATH} /usr/bin/python3 setup.py egg_info --egg-base ../../build/pubsub build --build-base /workspace/build/pubsub/build install --record /workspace/build/pubsub/install.log --single-version-externally-managed
[1.707s] Level 1:colcon.colcon_core.environment:create_environment_scripts_only(ros2_mid_actions)
[1.710s] Level 1:colcon.colcon_core.environment:checking '/workspace/install/ros2_mid_actions' for CMake module files
[1.712s] DEBUG:colcon.colcon_core.event_handler.log_command:Invoking command in '/workspace/src/my_py_pkg': PYTHONPATH=/workspace/build/my_py_pkg/prefix_override:/workspace/install/my_py_pkg/lib/python3.10/site-packages:${PYTHONPATH} /usr/bin/python3 setup.py egg_info --egg-base ../../build/my_py_pkg build --build-base /workspace/build/my_py_pkg/build install --record /workspace/build/my_py_pkg/install.log --single-version-externally-managed
[1.712s] Level 1:colcon.colcon_core.environment:checking '/workspace/install/ros2_mid_actions' for CMake config files
[1.713s] Level 1:colcon.colcon_core.shell:create_environment_hook('ros2_mid_actions', 'cmake_prefix_path')
[1.715s] INFO:colcon.colcon_core.shell:Creating environment hook '/workspace/install/ros2_mid_actions/share/ros2_mid_actions/hook/cmake_prefix_path.ps1'
[1.715s] INFO:colcon.colcon_core.shell:Creating environment descriptor '/workspace/install/ros2_mid_actions/share/ros2_mid_actions/hook/cmake_prefix_path.dsv'
[1.716s] INFO:colcon.colcon_core.shell:Creating environment hook '/workspace/install/ros2_mid_actions/share/ros2_mid_actions/hook/cmake_prefix_path.sh'
[1.716s] Level 1:colcon.colcon_core.environment:checking '/workspace/install/ros2_mid_actions/lib'
[1.716s] Level 1:colcon.colcon_core.shell:create_environment_hook('ros2_mid_actions', 'ld_library_path_lib')
[1.718s] INFO:colcon.colcon_core.shell:Creating environment hook '/workspace/install/ros2_mid_actions/share/ros2_mid_actions/hook/ld_library_path_lib.ps1'
[1.719s] INFO:colcon.colcon_core.shell:Creating environment descriptor '/workspace/install/ros2_mid_actions/share/ros2_mid_actions/hook/ld_library_path_lib.dsv'
[1.719s] INFO:colcon.colcon_core.shell:Creating environment hook '/workspace/install/ros2_mid_actions/share/ros2_mid_actions/hook/ld_library_path_lib.sh'
[1.720s] Level 1:colcon.colcon_core.environment:checking '/workspace/install/ros2_mid_actions/bin'
[1.720s] Level 1:colcon.colcon_core.environment:checking '/workspace/install/ros2_mid_actions/lib/pkgconfig/ros2_mid_actions.pc'
[1.720s] Level 1:colcon.colcon_core.environment:checking '/workspace/install/ros2_mid_actions/lib/python3.10/site-packages'
[1.721s] Level 1:colcon.colcon_core.environment:checking '/workspace/install/ros2_mid_actions/bin'
[1.723s] INFO:colcon.colcon_core.shell:Creating package script '/workspace/install/ros2_mid_actions/share/ros2_mid_actions/package.ps1'
[1.724s] INFO:colcon.colcon_core.shell:Creating package descriptor '/workspace/install/ros2_mid_actions/share/ros2_mid_actions/package.dsv'
[1.725s] INFO:colcon.colcon_core.shell:Creating package script '/workspace/install/ros2_mid_actions/share/ros2_mid_actions/package.sh'
[1.725s] INFO:colcon.colcon_core.shell:Creating package script '/workspace/install/ros2_mid_actions/share/ros2_mid_actions/package.bash'
[1.726s] INFO:colcon.colcon_core.shell:Creating package script '/workspace/install/ros2_mid_actions/share/ros2_mid_actions/package.zsh'
[1.726s] Level 1:colcon.colcon_core.environment:create_file_with_runtime_dependencies(/workspace/install/ros2_mid_actions/share/colcon-core/packages/ros2_mid_actions)
[1.732s] DEBUG:colcon.colcon_core.event_handler.log_command:Invoking command in '/workspace/src/srvcli': PYTHONPATH=/workspace/build/srvcli/prefix_override:/workspace/install/srvcli/lib/python3.10/site-packages:${PYTHONPATH} /usr/bin/python3 setup.py egg_info --egg-base ../../build/srvcli build --build-base /workspace/build/srvcli/build install --record /workspace/build/srvcli/install.log --single-version-externally-managed
[1.734s] DEBUG:colcon.colcon_core.event_handler.log_command:Invoking command in '/workspace/src/inverse_kinematics': PYTHONPATH=/workspace/build/inverse_kinematics/prefix_override:/workspace/install/inverse_kinematics/lib/python3.10/site-packages:${PYTHONPATH} /usr/bin/python3 setup.py egg_info --egg-base ../../build/inverse_kinematics build --build-base /workspace/build/inverse_kinematics/build install --record /workspace/build/inverse_kinematics/install.log --single-version-externally-managed
[1.784s] Level 1:colcon.colcon_core.environment:create_environment_scripts_only(ros_interfaces)
[1.787s] Level 1:colcon.colcon_core.environment:checking '/workspace/install/ros_interfaces' for CMake module files
[1.788s] Level 1:colcon.colcon_core.environment:checking '/workspace/install/ros_interfaces' for CMake config files
[1.789s] Level 1:colcon.colcon_core.shell:create_environment_hook('ros_interfaces', 'cmake_prefix_path')
[1.790s] INFO:colcon.colcon_core.shell:Creating environment hook '/workspace/install/ros_interfaces/share/ros_interfaces/hook/cmake_prefix_path.ps1'
[1.791s] INFO:colcon.colcon_core.shell:Creating environment descriptor '/workspace/install/ros_interfaces/share/ros_interfaces/hook/cmake_prefix_path.dsv'
[1.791s] INFO:colcon.colcon_core.shell:Creating environment hook '/workspace/install/ros_interfaces/share/ros_interfaces/hook/cmake_prefix_path.sh'
[1.792s] Level 1:colcon.colcon_core.environment:checking '/workspace/install/ros_interfaces/lib'
[1.792s] Level 1:colcon.colcon_core.shell:create_environment_hook('ros_interfaces', 'ld_library_path_lib')
[1.794s] INFO:colcon.colcon_core.shell:Creating environment hook '/workspace/install/ros_interfaces/share/ros_interfaces/hook/ld_library_path_lib.ps1'
[1.795s] INFO:colcon.colcon_core.shell:Creating environment descriptor '/workspace/install/ros_interfaces/share/ros_interfaces/hook/ld_library_path_lib.dsv'
[1.795s] INFO:colcon.colcon_core.shell:Creating environment hook '/workspace/install/ros_interfaces/share/ros_interfaces/hook/ld_library_path_lib.sh'
[1.796s] Level 1:colcon.colcon_core.environment:checking '/workspace/install/ros_interfaces/bin'
[1.796s] Level 1:colcon.colcon_core.environment:checking '/workspace/install/ros_interfaces/lib/pkgconfig/ros_interfaces.pc'
[1.796s] Level 1:colcon.colcon_core.environment:checking '/workspace/install/ros_interfaces/lib/python3.10/site-packages'
[1.797s] Level 1:colcon.colcon_core.environment:checking '/workspace/install/ros_interfaces/bin'
[1.799s] INFO:colcon.colcon_core.shell:Creating package script '/workspace/install/ros_interfaces/share/ros_interfaces/package.ps1'
[1.800s] INFO:colcon.colcon_core.shell:Creating package descriptor '/workspace/install/ros_interfaces/share/ros_interfaces/package.dsv'
[1.800s] INFO:colcon.colcon_core.shell:Creating package script '/workspace/install/ros_interfaces/share/ros_interfaces/package.sh'
[1.801s] INFO:colcon.colcon_core.shell:Creating package script '/workspace/install/ros_interfaces/share/ros_interfaces/package.bash'
[1.801s] INFO:colcon.colcon_core.shell:Creating package script '/workspace/install/ros_interfaces/share/ros_interfaces/package.zsh'
[1.802s] Level 1:colcon.colcon_core.environment:create_file_with_runtime_dependencies(/workspace/install/ros_interfaces/share/colcon-core/packages/ros_interfaces)
[2.029s] Level 1:colcon.colcon_core.environment:checking '/workspace/install/pubsub' for CMake module files
[2.030s] DEBUG:colcon.colcon_core.event_handler.log_command:Invoked command in '/workspace/src/pubsub' returned '0': PYTHONPATH=/workspace/build/pubsub/prefix_override:/workspace/install/pubsub/lib/python3.10/site-packages:${PYTHONPATH} /usr/bin/python3 setup.py egg_info --egg-base ../../build/pubsub build --build-base /workspace/build/pubsub/build install --record /workspace/build/pubsub/install.log --single-version-externally-managed
[2.030s] Level 1:colcon.colcon_core.environment:checking '/workspace/install/pubsub' for CMake config files
[2.031s] Level 1:colcon.colcon_core.environment:checking '/workspace/install/pubsub/lib'
[2.031s] Level 1:colcon.colcon_core.environment:checking '/workspace/install/pubsub/bin'
[2.031s] Level 1:colcon.colcon_core.environment:checking '/workspace/install/pubsub/lib/pkgconfig/pubsub.pc'
[2.032s] Level 1:colcon.colcon_core.environment:checking '/workspace/install/pubsub/lib/python3.10/site-packages'
[2.032s] Level 1:colcon.colcon_core.shell:create_environment_hook('pubsub', 'pythonpath')
[2.034s] INFO:colcon.colcon_core.shell:Creating environment hook '/workspace/install/pubsub/share/pubsub/hook/pythonpath.ps1'
[2.034s] INFO:colcon.colcon_core.shell:Creating environment descriptor '/workspace/install/pubsub/share/pubsub/hook/pythonpath.dsv'
[2.034s] INFO:colcon.colcon_core.shell:Creating environment hook '/workspace/install/pubsub/share/pubsub/hook/pythonpath.sh'
[2.035s] Level 1:colcon.colcon_core.environment:checking '/workspace/install/pubsub/bin'
[2.035s] Level 1:colcon.colcon_core.environment:create_environment_scripts_only(pubsub)
[2.037s] INFO:colcon.colcon_core.shell:Creating package script '/workspace/install/pubsub/share/pubsub/package.ps1'
[2.038s] INFO:colcon.colcon_core.shell:Creating package descriptor '/workspace/install/pubsub/share/pubsub/package.dsv'
[2.038s] INFO:colcon.colcon_core.shell:Creating package script '/workspace/install/pubsub/share/pubsub/package.sh'
[2.039s] INFO:colcon.colcon_core.shell:Creating package script '/workspace/install/pubsub/share/pubsub/package.bash'
[2.040s] INFO:colcon.colcon_core.shell:Creating package script '/workspace/install/pubsub/share/pubsub/package.zsh'
[2.040s] Level 1:colcon.colcon_core.environment:create_file_with_runtime_dependencies(/workspace/install/pubsub/share/colcon-core/packages/pubsub)
[2.044s] Level 1:colcon.colcon_core.environment:checking '/workspace/install/my_py_pkg' for CMake module files
[2.045s] DEBUG:colcon.colcon_core.event_handler.log_command:Invoked command in '/workspace/src/my_py_pkg' returned '0': PYTHONPATH=/workspace/build/my_py_pkg/prefix_override:/workspace/install/my_py_pkg/lib/python3.10/site-packages:${PYTHONPATH} /usr/bin/python3 setup.py egg_info --egg-base ../../build/my_py_pkg build --build-base /workspace/build/my_py_pkg/build install --record /workspace/build/my_py_pkg/install.log --single-version-externally-managed
[2.045s] Level 1:colcon.colcon_core.environment:checking '/workspace/install/my_py_pkg' for CMake config files
[2.046s] Level 1:colcon.colcon_core.environment:checking '/workspace/install/my_py_pkg/lib'
[2.046s] Level 1:colcon.colcon_core.environment:checking '/workspace/install/my_py_pkg/bin'
[2.047s] Level 1:colcon.colcon_core.environment:checking '/workspace/install/my_py_pkg/lib/pkgconfig/my_py_pkg.pc'
[2.047s] Level 1:colcon.colcon_core.environment:checking '/workspace/install/my_py_pkg/lib/python3.10/site-packages'
[2.048s] Level 1:colcon.colcon_core.shell:create_environment_hook('my_py_pkg', 'pythonpath')
[2.050s] INFO:colcon.colcon_core.shell:Creating environment hook '/workspace/install/my_py_pkg/share/my_py_pkg/hook/pythonpath.ps1'
[2.051s] INFO:colcon.colcon_core.shell:Creating environment descriptor '/workspace/install/my_py_pkg/share/my_py_pkg/hook/pythonpath.dsv'
[2.051s] INFO:colcon.colcon_core.shell:Creating environment hook '/workspace/install/my_py_pkg/share/my_py_pkg/hook/pythonpath.sh'
[2.052s] Level 1:colcon.colcon_core.environment:checking '/workspace/install/my_py_pkg/bin'
[2.052s] Level 1:colcon.colcon_core.environment:create_environment_scripts_only(my_py_pkg)
[2.053s] INFO:colcon.colcon_core.shell:Creating package script '/workspace/install/my_py_pkg/share/my_py_pkg/package.ps1'
[2.054s] INFO:colcon.colcon_core.shell:Creating package descriptor '/workspace/install/my_py_pkg/share/my_py_pkg/package.dsv'
[2.054s] INFO:colcon.colcon_core.shell:Creating package script '/workspace/install/my_py_pkg/share/my_py_pkg/package.sh'
[2.055s] INFO:colcon.colcon_core.shell:Creating package script '/workspace/install/my_py_pkg/share/my_py_pkg/package.bash'
[2.055s] INFO:colcon.colcon_core.shell:Creating package script '/workspace/install/my_py_pkg/share/my_py_pkg/package.zsh'
[2.055s] Level 1:colcon.colcon_core.environment:create_file_with_runtime_dependencies(/workspace/install/my_py_pkg/share/colcon-core/packages/my_py_pkg)
[2.059s] Level 1:colcon.colcon_core.environment:checking '/workspace/install/srvcli' for CMake module files
[2.060s] DEBUG:colcon.colcon_core.event_handler.log_command:Invoked command in '/workspace/src/srvcli' returned '0': PYTHONPATH=/workspace/build/srvcli/prefix_override:/workspace/install/srvcli/lib/python3.10/site-packages:${PYTHONPATH} /usr/bin/python3 setup.py egg_info --egg-base ../../build/srvcli build --build-base /workspace/build/srvcli/build install --record /workspace/build/srvcli/install.log --single-version-externally-managed
[2.060s] Level 1:colcon.colcon_core.environment:checking '/workspace/install/srvcli' for CMake config files
[2.061s] Level 1:colcon.colcon_core.environment:checking '/workspace/install/srvcli/lib'
[2.061s] Level 1:colcon.colcon_core.environment:checking '/workspace/install/srvcli/bin'
[2.061s] Level 1:colcon.colcon_core.environment:checking '/workspace/install/srvcli/lib/pkgconfig/srvcli.pc'
[2.062s] Level 1:colcon.colcon_core.environment:checking '/workspace/install/srvcli/lib/python3.10/site-packages'
[2.062s] Level 1:colcon.colcon_core.shell:create_environment_hook('srvcli', 'pythonpath')
[2.064s] INFO:colcon.colcon_core.shell:Creating environment hook '/workspace/install/srvcli/share/srvcli/hook/pythonpath.ps1'
[2.065s] INFO:colcon.colcon_core.shell:Creating environment descriptor '/workspace/install/srvcli/share/srvcli/hook/pythonpath.dsv'
[2.065s] INFO:colcon.colcon_core.shell:Creating environment hook '/workspace/install/srvcli/share/srvcli/hook/pythonpath.sh'
[2.066s] Level 1:colcon.colcon_core.environment:checking '/workspace/install/srvcli/bin'
[2.066s] Level 1:colcon.colcon_core.environment:create_environment_scripts_only(srvcli)
[2.067s] INFO:colcon.colcon_core.shell:Creating package script '/workspace/install/srvcli/share/srvcli/package.ps1'
[2.068s] INFO:colcon.colcon_core.shell:Creating package descriptor '/workspace/install/srvcli/share/srvcli/package.dsv'
[2.069s] INFO:colcon.colcon_core.shell:Creating package script '/workspace/install/srvcli/share/srvcli/package.sh'
[2.070s] INFO:colcon.colcon_core.shell:Creating package script '/workspace/install/srvcli/share/srvcli/package.bash'
[2.070s] INFO:colcon.colcon_core.shell:Creating package script '/workspace/install/srvcli/share/srvcli/package.zsh'
[2.070s] Level 1:colcon.colcon_core.environment:create_file_with_runtime_dependencies(/workspace/install/srvcli/share/colcon-core/packages/srvcli)
[2.078s] Level 1:colcon.colcon_core.environment:checking '/workspace/install/inverse_kinematics' for CMake module files
[2.079s] DEBUG:colcon.colcon_core.event_handler.log_command:Invoked command in '/workspace/src/inverse_kinematics' returned '0': PYTHONPATH=/workspace/build/inverse_kinematics/prefix_override:/workspace/install/inverse_kinematics/lib/python3.10/site-packages:${PYTHONPATH} /usr/bin/python3 setup.py egg_info --egg-base ../../build/inverse_kinematics build --build-base /workspace/build/inverse_kinematics/build install --record /workspace/build/inverse_kinematics/install.log --single-version-externally-managed
[2.079s] Level 1:colcon.colcon_core.environment:checking '/workspace/install/inverse_kinematics' for CMake config files
[2.080s] Level 1:colcon.colcon_core.environment:checking '/workspace/install/inverse_kinematics/lib'
[2.080s] Level 1:colcon.colcon_core.environment:checking '/workspace/install/inverse_kinematics/bin'
[2.080s] Level 1:colcon.colcon_core.environment:checking '/workspace/install/inverse_kinematics/lib/pkgconfig/inverse_kinematics.pc'
[2.080s] Level 1:colcon.colcon_core.environment:checking '/workspace/install/inverse_kinematics/lib/python3.10/site-packages'
[2.080s] Level 1:colcon.colcon_core.shell:create_environment_hook('inverse_kinematics', 'pythonpath')
[2.082s] INFO:colcon.colcon_core.shell:Creating environment hook '/workspace/install/inverse_kinematics/share/inverse_kinematics/hook/pythonpath.ps1'
[2.083s] INFO:colcon.colcon_core.shell:Creating environment descriptor '/workspace/install/inverse_kinematics/share/inverse_kinematics/hook/pythonpath.dsv'
[2.083s] INFO:colcon.colcon_core.shell:Creating environment hook '/workspace/install/inverse_kinematics/share/inverse_kinematics/hook/pythonpath.sh'
[2.084s] Level 1:colcon.colcon_core.environment:checking '/workspace/install/inverse_kinematics/bin'
[2.084s] Level 1:colcon.colcon_core.environment:create_environment_scripts_only(inverse_kinematics)
[2.086s] INFO:colcon.colcon_core.shell:Creating package script '/workspace/install/inverse_kinematics/share/inverse_kinematics/package.ps1'
[2.087s] INFO:colcon.colcon_core.shell:Creating package descriptor '/workspace/install/inverse_kinematics/share/inverse_kinematics/package.dsv'
[2.088s] INFO:colcon.colcon_core.shell:Creating package script '/workspace/install/inverse_kinematics/share/inverse_kinematics/package.sh'
[2.088s] INFO:colcon.colcon_core.shell:Creating package script '/workspace/install/inverse_kinematics/share/inverse_kinematics/package.bash'
[2.089s] INFO:colcon.colcon_core.shell:Creating package script '/workspace/install/inverse_kinematics/share/inverse_kinematics/package.zsh'
[2.089s] Level 1:colcon.colcon_core.environment:create_file_with_runtime_dependencies(/workspace/install/inverse_kinematics/share/colcon-core/packages/inverse_kinematics)
[2.089s] DEBUG:colcon.colcon_parallel_executor.executor.parallel:closing loop
[2.090s] DEBUG:colcon.colcon_parallel_executor.executor.parallel:loop closed
[2.090s] DEBUG:colcon.colcon_parallel_executor.executor.parallel:run_until_complete finished with '0'
[2.090s] DEBUG:colcon.colcon_core.event_reactor:joining thread
[2.096s] INFO:colcon.colcon_core.plugin_system:Skipping extension 'colcon_notification.desktop_notification.notify_send': Could not find 'notify-send'
[2.096s] INFO:colcon.colcon_core.plugin_system:Skipping extension 'colcon_notification.desktop_notification.terminal_notifier': Not used on non-Darwin systems
[2.097s] INFO:colcon.colcon_core.plugin_system:Skipping extension 'colcon_notification.desktop_notification.win32': Not used on non-Windows systems
[2.097s] INFO:colcon.colcon_notification.desktop_notification:Sending desktop notification using 'notify2'
[2.100s] DEBUG:colcon.colcon_notification.desktop_notification.notify2:Failed to initialize notify2: org.freedesktop.DBus.Error.Spawn.ExecFailed: /usr/bin/dbus-launch terminated abnormally without any error message
[2.100s] DEBUG:colcon.colcon_core.event_reactor:joined thread
[2.102s] INFO:colcon.colcon_core.shell:Creating prefix script '/workspace/install/local_setup.ps1'
[2.103s] INFO:colcon.colcon_core.shell:Creating prefix util module '/workspace/install/_local_setup_util_ps1.py'
[2.104s] INFO:colcon.colcon_core.shell:Creating prefix chain script '/workspace/install/setup.ps1'
[2.105s] INFO:colcon.colcon_core.shell:Creating prefix script '/workspace/install/local_setup.sh'
[2.105s] INFO:colcon.colcon_core.shell:Creating prefix util module '/workspace/install/_local_setup_util_sh.py'
[2.106s] INFO:colcon.colcon_core.shell:Creating prefix chain script '/workspace/install/setup.sh'
[2.107s] INFO:colcon.colcon_core.shell:Creating prefix script '/workspace/install/local_setup.bash'
[2.108s] INFO:colcon.colcon_core.shell:Creating prefix chain script '/workspace/install/setup.bash'
[2.109s] INFO:colcon.colcon_core.shell:Creating prefix script '/workspace/install/local_setup.zsh'
[2.109s] INFO:colcon.colcon_core.shell:Creating prefix chain script '/workspace/install/setup.zsh'
