[0.716s] Invoking command in '/workspace/build/ros2_mid_actions': CMAKE_PREFIX_PATH=${CMAKE_PREFIX_PATH}:/workspace/install/srvcli:/workspace/install/pubsub:/workspace/install/my_py_pkg:/workspace/install/my_package:/workspace/install/inverse_kinematics:/workspace/install/inv_kine:/opt/ros/humble /usr/bin/cmake --build /workspace/build/ros2_mid_actions -- -j12 -l12
[0.799s] -- Found ament_cmake: 1.3.3 (/opt/ros/humble/share/ament_cmake/cmake)
[1.000s] -- Found ament_lint_auto: 0.12.5 (/opt/ros/humble/share/ament_lint_auto/cmake)
[1.072s] -- Found rosidl_default_generators: 1.2.0 (/opt/ros/humble/share/rosidl_default_generators/cmake)
[1.079s] -- Using all available rosidl_typesupport_c: rosidl_typesupport_fastrtps_c;rosidl_typesupport_introspection_c
[1.085s] -- Found rosidl_adapter: 3.1.4 (/opt/ros/humble/share/rosidl_adapter/cmake)
[1.136s] -- Using all available rosidl_typesupport_cpp: rosidl_typesupport_fastrtps_cpp;rosidl_typesupport_introspection_cpp
[1.551s] -- Found ament_cmake_ros: 0.10.0 (/opt/ros/humble/share/ament_cmake_ros/cmake)
[1.777s] -- Using all available rosidl_typesupport_c: rosidl_typesupport_fastrtps_c;rosidl_typesupport_introspection_c
[2.003s] -- Using all available rosidl_typesupport_cpp: rosidl_typesupport_fastrtps_cpp;rosidl_typesupport_introspection_cpp
[2.024s] -- Found python_cmake_module: 0.10.0 (/opt/ros/humble/share/python_cmake_module/cmake)
[2.046s] -- Using PYTHON_EXECUTABLE: /usr/bin/python3
[2.046s] -- Using PYTHON_INCLUDE_DIRS: /usr/include/python3.10
[2.046s] -- Using PYTHON_LIBRARIES: /usr/lib/x86_64-linux-gnu/libpython3.10.so
[2.072s] -- Added test 'lint_cmake' to check CMake code style
[2.074s] -- Added test 'xmllint' to check XML markup files
[2.080s] -- Configuring done
[2.119s] -- Generating done
[2.121s] -- Build files have been written to: /workspace/build/ros2_mid_actions
[2.147s] [  3%] [34m[1mGenerating C code for ROS interfaces[0m
[2.154s] [  6%] [34m[1mGenerating C++ code for ROS interfaces[0m
[2.167s] [  6%] Built target ament_cmake_python_copy_ros2_mid_actions
[2.411s] running egg_info
[2.412s] writing ros2_mid_actions.egg-info/PKG-INFO
[2.412s] writing dependency_links to ros2_mid_actions.egg-info/dependency_links.txt
[2.413s] writing top-level names to ros2_mid_actions.egg-info/top_level.txt
[2.415s] reading manifest file 'ros2_mid_actions.egg-info/SOURCES.txt'
[2.416s] writing manifest file 'ros2_mid_actions.egg-info/SOURCES.txt'
[2.444s] [  6%] Built target ament_cmake_python_build_ros2_mid_actions_egg
[2.610s] [  6%] Built target ros2_mid_actions__cpp
[2.619s] [ 16%] [34m[1mGenerating C++ type support for eProsima Fast-RTPS[0m
[2.619s] [ 16%] [34m[1mGenerating C++ introspection for ROS interfaces[0m
[2.619s] [ 16%] [34m[1mGenerating C++ type support dispatch for ROS interfaces[0m
[2.650s] [35m[1mConsolidate compiler generated dependencies of target ros2_mid_actions__rosidl_generator_c[0m
[2.661s] [ 19%] [32mBuilding C object CMakeFiles/ros2_mid_actions__rosidl_generator_c.dir/rosidl_generator_c/ros2_mid_actions/action/detail/inverse_kinematics__functions.c.o[0m
[2.823s] [ 22%] [32m[1mLinking C shared library libros2_mid_actions__rosidl_generator_c.so[0m
[2.861s] [ 22%] Built target ros2_mid_actions__rosidl_generator_c
[2.870s] [35m[1mConsolidate compiler generated dependencies of target ros2_mid_actions__rosidl_typesupport_cpp[0m
[2.870s] [ 25%] [34m[1mGenerating C type support for eProsima Fast-RTPS[0m
[2.871s] [ 29%] [34m[1mGenerating C introspection for ROS interfaces[0m
[2.871s] [ 32%] [34m[1mGenerating C type support dispatch for ROS interfaces[0m
[2.887s] [ 35%] [32mBuilding CXX object CMakeFiles/ros2_mid_actions__rosidl_typesupport_cpp.dir/rosidl_typesupport_cpp/ros2_mid_actions/action/inverse_kinematics__type_support.cpp.o[0m
[2.923s] [35m[1mConsolidate compiler generated dependencies of target ros2_mid_actions__rosidl_typesupport_introspection_cpp[0m
[2.937s] [ 38%] [32mBuilding CXX object CMakeFiles/ros2_mid_actions__rosidl_typesupport_introspection_cpp.dir/rosidl_typesupport_introspection_cpp/ros2_mid_actions/action/detail/inverse_kinematics__type_support.cpp.o[0m
[2.972s] [35m[1mConsolidate compiler generated dependencies of target ros2_mid_actions__rosidl_typesupport_fastrtps_cpp[0m
[2.988s] [ 41%] [32mBuilding CXX object CMakeFiles/ros2_mid_actions__rosidl_typesupport_fastrtps_cpp.dir/rosidl_typesupport_fastrtps_cpp/ros2_mid_actions/action/detail/dds_fastrtps/inverse_kinematics__type_support.cpp.o[0m
[3.205s] [35m[1mConsolidate compiler generated dependencies of target ros2_mid_actions__rosidl_typesupport_c[0m
[3.218s] [ 45%] [32mBuilding CXX object CMakeFiles/ros2_mid_actions__rosidl_typesupport_c.dir/rosidl_typesupport_c/ros2_mid_actions/action/inverse_kinematics__type_support.cpp.o[0m
[3.267s] [35m[1mConsolidate compiler generated dependencies of target ros2_mid_actions__rosidl_typesupport_fastrtps_c[0m
[3.267s] [ 48%] [32m[1mLinking CXX shared library libros2_mid_actions__rosidl_typesupport_c.so[0m
[3.282s] [35m[1mConsolidate compiler generated dependencies of target ros2_mid_actions__rosidl_typesupport_introspection_c[0m
[3.282s] [ 51%] [32mBuilding CXX object CMakeFiles/ros2_mid_actions__rosidl_typesupport_fastrtps_c.dir/rosidl_typesupport_fastrtps_c/ros2_mid_actions/action/detail/inverse_kinematics__type_support_c.cpp.o[0m
[3.295s] [ 54%] [32mBuilding C object CMakeFiles/ros2_mid_actions__rosidl_typesupport_introspection_c.dir/rosidl_typesupport_introspection_c/ros2_mid_actions/action/detail/inverse_kinematics__type_support.c.o[0m
[3.314s] [ 54%] Built target ros2_mid_actions__rosidl_typesupport_c
[3.342s] [ 58%] [32m[1mLinking C shared library libros2_mid_actions__rosidl_typesupport_introspection_c.so[0m
[3.372s] [ 58%] Built target ros2_mid_actions__rosidl_typesupport_introspection_c
[3.388s] [ 61%] [32m[1mLinking CXX shared library libros2_mid_actions__rosidl_typesupport_cpp.so[0m
[3.429s] [ 61%] Built target ros2_mid_actions__rosidl_typesupport_cpp
[3.496s] [ 64%] [32m[1mLinking CXX shared library libros2_mid_actions__rosidl_typesupport_introspection_cpp.so[0m
[3.550s] [ 67%] [32m[1mLinking CXX shared library libros2_mid_actions__rosidl_typesupport_fastrtps_cpp.so[0m
[3.565s] [ 67%] Built target ros2_mid_actions__rosidl_typesupport_introspection_cpp
[3.624s] [ 67%] Built target ros2_mid_actions__rosidl_typesupport_fastrtps_cpp
[3.643s] [ 70%] [32m[1mLinking CXX shared library libros2_mid_actions__rosidl_typesupport_fastrtps_c.so[0m
[3.708s] [ 70%] Built target ros2_mid_actions__rosidl_typesupport_fastrtps_c
[3.725s] [ 70%] Built target ros2_mid_actions
[3.742s] [ 74%] [34m[1mGenerating Python code for ROS interfaces[0m
[4.384s] [ 74%] Built target ros2_mid_actions__py
[4.394s] [35m[1mConsolidate compiler generated dependencies of target ros2_mid_actions__rosidl_generator_py[0m
[4.407s] [ 77%] [32mBuilding C object CMakeFiles/ros2_mid_actions__rosidl_generator_py.dir/rosidl_generator_py/ros2_mid_actions/action/_inverse_kinematics_s.c.o[0m
[4.552s] [ 80%] [32m[1mLinking C shared library rosidl_generator_py/ros2_mid_actions/libros2_mid_actions__rosidl_generator_py.so[0m
[4.588s] [ 80%] Built target ros2_mid_actions__rosidl_generator_py
[4.600s] [35m[1mConsolidate compiler generated dependencies of target ros2_mid_actions__rosidl_typesupport_fastrtps_c__pyext[0m
[4.600s] [35m[1mConsolidate compiler generated dependencies of target ros2_mid_actions__rosidl_typesupport_c__pyext[0m
[4.600s] [35m[1mConsolidate compiler generated dependencies of target ros2_mid_actions__rosidl_typesupport_introspection_c__pyext[0m
[4.613s] [ 90%] [32mBuilding C object CMakeFiles/ros2_mid_actions__rosidl_typesupport_introspection_c__pyext.dir/rosidl_generator_py/ros2_mid_actions/_ros2_mid_actions_s.ep.rosidl_typesupport_introspection_c.c.o[0m
[4.613s] [ 90%] [32mBuilding C object CMakeFiles/ros2_mid_actions__rosidl_typesupport_fastrtps_c__pyext.dir/rosidl_generator_py/ros2_mid_actions/_ros2_mid_actions_s.ep.rosidl_typesupport_fastrtps_c.c.o[0m
[4.613s] [ 90%] [32mBuilding C object CMakeFiles/ros2_mid_actions__rosidl_typesupport_c__pyext.dir/rosidl_generator_py/ros2_mid_actions/_ros2_mid_actions_s.ep.rosidl_typesupport_c.c.o[0m
[4.730s] [ 96%] [32m[1mLinking C shared library rosidl_generator_py/ros2_mid_actions/ros2_mid_actions_s__rosidl_typesupport_introspection_c.cpython-310-x86_64-linux-gnu.so[0m
[4.731s] [ 96%] [32m[1mLinking C shared library rosidl_generator_py/ros2_mid_actions/ros2_mid_actions_s__rosidl_typesupport_c.cpython-310-x86_64-linux-gnu.so[0m
[4.732s] [100%] [32m[1mLinking C shared library rosidl_generator_py/ros2_mid_actions/ros2_mid_actions_s__rosidl_typesupport_fastrtps_c.cpython-310-x86_64-linux-gnu.so[0m
[4.768s] [100%] Built target ros2_mid_actions__rosidl_typesupport_c__pyext
[4.768s] [100%] Built target ros2_mid_actions__rosidl_typesupport_introspection_c__pyext
[4.769s] [100%] Built target ros2_mid_actions__rosidl_typesupport_fastrtps_c__pyext
[4.781s] Invoked command in '/workspace/build/ros2_mid_actions' returned '0': CMAKE_PREFIX_PATH=${CMAKE_PREFIX_PATH}:/workspace/install/srvcli:/workspace/install/pubsub:/workspace/install/my_py_pkg:/workspace/install/my_package:/workspace/install/inverse_kinematics:/workspace/install/inv_kine:/opt/ros/humble /usr/bin/cmake --build /workspace/build/ros2_mid_actions -- -j12 -l12
[4.836s] Invoking command in '/workspace/build/ros2_mid_actions': CMAKE_PREFIX_PATH=${CMAKE_PREFIX_PATH}:/workspace/install/srvcli:/workspace/install/pubsub:/workspace/install/my_py_pkg:/workspace/install/my_package:/workspace/install/inverse_kinematics:/workspace/install/inv_kine:/opt/ros/humble /usr/bin/cmake --install /workspace/build/ros2_mid_actions
[4.842s] -- Install configuration: ""
[4.842s] -- Up-to-date: /workspace/install/ros2_mid_actions/share/ament_index/resource_index/rosidl_interfaces/ros2_mid_actions
[4.843s] -- Up-to-date: /workspace/install/ros2_mid_actions/include/ros2_mid_actions/ros2_mid_actions
[4.843s] -- Up-to-date: /workspace/install/ros2_mid_actions/include/ros2_mid_actions/ros2_mid_actions/action
[4.843s] -- Up-to-date: /workspace/install/ros2_mid_actions/include/ros2_mid_actions/ros2_mid_actions/action/detail
[4.843s] -- Up-to-date: /workspace/install/ros2_mid_actions/include/ros2_mid_actions/ros2_mid_actions/action/detail/ik__struct.h
[4.843s] -- Installing: /workspace/install/ros2_mid_actions/include/ros2_mid_actions/ros2_mid_actions/action/detail/inverse_kinematics__type_support.h
[4.843s] -- Up-to-date: /workspace/install/ros2_mid_actions/include/ros2_mid_actions/ros2_mid_actions/action/detail/ik__type_support.h
[4.843s] -- Up-to-date: /workspace/install/ros2_mid_actions/include/ros2_mid_actions/ros2_mid_actions/action/detail/ik__functions.c
[4.843s] -- Installing: /workspace/install/ros2_mid_actions/include/ros2_mid_actions/ros2_mid_actions/action/detail/inverse_kinematics__struct.h
[4.843s] -- Up-to-date: /workspace/install/ros2_mid_actions/include/ros2_mid_actions/ros2_mid_actions/action/detail/ik__functions.h
[4.843s] -- Up-to-date: /workspace/install/ros2_mid_actions/include/ros2_mid_actions/ros2_mid_actions/action/detail/two_r__functions.h
[4.843s] -- Up-to-date: /workspace/install/ros2_mid_actions/include/ros2_mid_actions/ros2_mid_actions/action/detail/two_r__functions.c
[4.843s] -- Up-to-date: /workspace/install/ros2_mid_actions/include/ros2_mid_actions/ros2_mid_actions/action/detail/two_r__type_support.h
[4.843s] -- Installing: /workspace/install/ros2_mid_actions/include/ros2_mid_actions/ros2_mid_actions/action/detail/inverse_kinematics__functions.h
[4.844s] -- Up-to-date: /workspace/install/ros2_mid_actions/include/ros2_mid_actions/ros2_mid_actions/action/detail/two_r__struct.h
[4.844s] -- Installing: /workspace/install/ros2_mid_actions/include/ros2_mid_actions/ros2_mid_actions/action/detail/inverse_kinematics__functions.c
[4.844s] -- Up-to-date: /workspace/install/ros2_mid_actions/include/ros2_mid_actions/ros2_mid_actions/action/ik.h
[4.844s] -- Up-to-date: /workspace/install/ros2_mid_actions/include/ros2_mid_actions/ros2_mid_actions/action/two_r.h
[4.844s] -- Installing: /workspace/install/ros2_mid_actions/include/ros2_mid_actions/ros2_mid_actions/action/inverse_kinematics.h
[4.844s] -- Up-to-date: /workspace/install/ros2_mid_actions/include/ros2_mid_actions/ros2_mid_actions/msg
[4.844s] -- Up-to-date: /workspace/install/ros2_mid_actions/include/ros2_mid_actions/ros2_mid_actions/msg/rosidl_generator_c__visibility_control.h
[4.844s] -- Up-to-date: /workspace/install/ros2_mid_actions/share/ros2_mid_actions/environment/library_path.sh
[4.844s] -- Installing: /workspace/install/ros2_mid_actions/share/ros2_mid_actions/environment/library_path.dsv
[4.844s] -- Installing: /workspace/install/ros2_mid_actions/lib/libros2_mid_actions__rosidl_generator_c.so
[4.844s] -- Set runtime path of "/workspace/install/ros2_mid_actions/lib/libros2_mid_actions__rosidl_generator_c.so" to ""
[4.844s] -- Up-to-date: /workspace/install/ros2_mid_actions/include/ros2_mid_actions/ros2_mid_actions
[4.844s] -- Up-to-date: /workspace/install/ros2_mid_actions/include/ros2_mid_actions/ros2_mid_actions/action
[4.844s] -- Up-to-date: /workspace/install/ros2_mid_actions/include/ros2_mid_actions/ros2_mid_actions/action/detail
[4.845s] -- Installing: /workspace/install/ros2_mid_actions/include/ros2_mid_actions/ros2_mid_actions/action/detail/inverse_kinematics__rosidl_typesupport_fastrtps_c.h
[4.845s] -- Up-to-date: /workspace/install/ros2_mid_actions/include/ros2_mid_actions/ros2_mid_actions/action/detail/ik__rosidl_typesupport_fastrtps_c.h
[4.845s] -- Up-to-date: /workspace/install/ros2_mid_actions/include/ros2_mid_actions/ros2_mid_actions/action/detail/two_r__rosidl_typesupport_fastrtps_c.h
[4.845s] -- Up-to-date: /workspace/install/ros2_mid_actions/include/ros2_mid_actions/ros2_mid_actions/msg
[4.845s] -- Up-to-date: /workspace/install/ros2_mid_actions/include/ros2_mid_actions/ros2_mid_actions/msg/rosidl_typesupport_fastrtps_c__visibility_control.h
[4.845s] -- Installing: /workspace/install/ros2_mid_actions/lib/libros2_mid_actions__rosidl_typesupport_fastrtps_c.so
[4.845s] -- Set runtime path of "/workspace/install/ros2_mid_actions/lib/libros2_mid_actions__rosidl_typesupport_fastrtps_c.so" to ""
[4.845s] -- Up-to-date: /workspace/install/ros2_mid_actions/include/ros2_mid_actions/ros2_mid_actions
[4.845s] -- Up-to-date: /workspace/install/ros2_mid_actions/include/ros2_mid_actions/ros2_mid_actions/action
[4.845s] -- Up-to-date: /workspace/install/ros2_mid_actions/include/ros2_mid_actions/ros2_mid_actions/action/detail
[4.846s] -- Installing: /workspace/install/ros2_mid_actions/include/ros2_mid_actions/ros2_mid_actions/action/detail/inverse_kinematics__rosidl_typesupport_introspection_c.h
[4.846s] -- Up-to-date: /workspace/install/ros2_mid_actions/include/ros2_mid_actions/ros2_mid_actions/action/detail/ik__type_support.c
[4.846s] -- Installing: /workspace/install/ros2_mid_actions/include/ros2_mid_actions/ros2_mid_actions/action/detail/inverse_kinematics__type_support.c
[4.846s] -- Up-to-date: /workspace/install/ros2_mid_actions/include/ros2_mid_actions/ros2_mid_actions/action/detail/two_r__rosidl_typesupport_introspection_c.h
[4.846s] -- Up-to-date: /workspace/install/ros2_mid_actions/include/ros2_mid_actions/ros2_mid_actions/action/detail/two_r__type_support.c
[4.846s] -- Up-to-date: /workspace/install/ros2_mid_actions/include/ros2_mid_actions/ros2_mid_actions/action/detail/ik__rosidl_typesupport_introspection_c.h
[4.846s] -- Up-to-date: /workspace/install/ros2_mid_actions/include/ros2_mid_actions/ros2_mid_actions/msg
[4.846s] -- Up-to-date: /workspace/install/ros2_mid_actions/include/ros2_mid_actions/ros2_mid_actions/msg/rosidl_typesupport_introspection_c__visibility_control.h
[4.846s] -- Installing: /workspace/install/ros2_mid_actions/lib/libros2_mid_actions__rosidl_typesupport_introspection_c.so
[4.846s] -- Set runtime path of "/workspace/install/ros2_mid_actions/lib/libros2_mid_actions__rosidl_typesupport_introspection_c.so" to ""
[4.846s] -- Installing: /workspace/install/ros2_mid_actions/lib/libros2_mid_actions__rosidl_typesupport_c.so
[4.847s] -- Set runtime path of "/workspace/install/ros2_mid_actions/lib/libros2_mid_actions__rosidl_typesupport_c.so" to ""
[4.847s] -- Up-to-date: /workspace/install/ros2_mid_actions/include/ros2_mid_actions/ros2_mid_actions
[4.847s] -- Up-to-date: /workspace/install/ros2_mid_actions/include/ros2_mid_actions/ros2_mid_actions/action
[4.847s] -- Up-to-date: /workspace/install/ros2_mid_actions/include/ros2_mid_actions/ros2_mid_actions/action/detail
[4.847s] -- Up-to-date: /workspace/install/ros2_mid_actions/include/ros2_mid_actions/ros2_mid_actions/action/detail/ik__traits.hpp
[4.847s] -- Up-to-date: /workspace/install/ros2_mid_actions/include/ros2_mid_actions/ros2_mid_actions/action/detail/two_r__struct.hpp
[4.847s] -- Up-to-date: /workspace/install/ros2_mid_actions/include/ros2_mid_actions/ros2_mid_actions/action/detail/ik__builder.hpp
[4.847s] -- Installing: /workspace/install/ros2_mid_actions/include/ros2_mid_actions/ros2_mid_actions/action/detail/inverse_kinematics__builder.hpp
[4.847s] -- Up-to-date: /workspace/install/ros2_mid_actions/include/ros2_mid_actions/ros2_mid_actions/action/detail/two_r__builder.hpp
[4.848s] -- Up-to-date: /workspace/install/ros2_mid_actions/include/ros2_mid_actions/ros2_mid_actions/action/detail/two_r__traits.hpp
[4.848s] -- Installing: /workspace/install/ros2_mid_actions/include/ros2_mid_actions/ros2_mid_actions/action/detail/inverse_kinematics__traits.hpp
[4.848s] -- Installing: /workspace/install/ros2_mid_actions/include/ros2_mid_actions/ros2_mid_actions/action/detail/inverse_kinematics__struct.hpp
[4.848s] -- Up-to-date: /workspace/install/ros2_mid_actions/include/ros2_mid_actions/ros2_mid_actions/action/detail/ik__struct.hpp
[4.848s] -- Up-to-date: /workspace/install/ros2_mid_actions/include/ros2_mid_actions/ros2_mid_actions/action/ik.hpp
[4.848s] -- Installing: /workspace/install/ros2_mid_actions/include/ros2_mid_actions/ros2_mid_actions/action/inverse_kinematics.hpp
[4.848s] -- Up-to-date: /workspace/install/ros2_mid_actions/include/ros2_mid_actions/ros2_mid_actions/action/two_r.hpp
[4.848s] -- Up-to-date: /workspace/install/ros2_mid_actions/include/ros2_mid_actions/ros2_mid_actions
[4.848s] -- Up-to-date: /workspace/install/ros2_mid_actions/include/ros2_mid_actions/ros2_mid_actions/action
[4.848s] -- Up-to-date: /workspace/install/ros2_mid_actions/include/ros2_mid_actions/ros2_mid_actions/action/detail
[4.848s] -- Up-to-date: /workspace/install/ros2_mid_actions/include/ros2_mid_actions/ros2_mid_actions/action/detail/ik__rosidl_typesupport_fastrtps_cpp.hpp
[4.849s] -- Up-to-date: /workspace/install/ros2_mid_actions/include/ros2_mid_actions/ros2_mid_actions/action/detail/dds_fastrtps
[4.849s] -- Installing: /workspace/install/ros2_mid_actions/include/ros2_mid_actions/ros2_mid_actions/action/detail/inverse_kinematics__rosidl_typesupport_fastrtps_cpp.hpp
[4.849s] -- Up-to-date: /workspace/install/ros2_mid_actions/include/ros2_mid_actions/ros2_mid_actions/action/detail/two_r__rosidl_typesupport_fastrtps_cpp.hpp
[4.849s] -- Up-to-date: /workspace/install/ros2_mid_actions/include/ros2_mid_actions/ros2_mid_actions/msg
[4.849s] -- Up-to-date: /workspace/install/ros2_mid_actions/include/ros2_mid_actions/ros2_mid_actions/msg/rosidl_typesupport_fastrtps_cpp__visibility_control.h
[4.853s] -- Installing: /workspace/install/ros2_mid_actions/lib/libros2_mid_actions__rosidl_typesupport_fastrtps_cpp.so
[4.853s] -- Set runtime path of "/workspace/install/ros2_mid_actions/lib/libros2_mid_actions__rosidl_typesupport_fastrtps_cpp.so" to ""
[4.853s] -- Up-to-date: /workspace/install/ros2_mid_actions/include/ros2_mid_actions/ros2_mid_actions
[4.853s] -- Up-to-date: /workspace/install/ros2_mid_actions/include/ros2_mid_actions/ros2_mid_actions/action
[4.853s] -- Up-to-date: /workspace/install/ros2_mid_actions/include/ros2_mid_actions/ros2_mid_actions/action/detail
[4.854s] -- Up-to-date: /workspace/install/ros2_mid_actions/include/ros2_mid_actions/ros2_mid_actions/action/detail/two_r__type_support.cpp
[4.854s] -- Installing: /workspace/install/ros2_mid_actions/include/ros2_mid_actions/ros2_mid_actions/action/detail/inverse_kinematics__type_support.cpp
[4.854s] -- Installing: /workspace/install/ros2_mid_actions/include/ros2_mid_actions/ros2_mid_actions/action/detail/inverse_kinematics__rosidl_typesupport_introspection_cpp.hpp
[4.854s] -- Up-to-date: /workspace/install/ros2_mid_actions/include/ros2_mid_actions/ros2_mid_actions/action/detail/two_r__rosidl_typesupport_introspection_cpp.hpp
[4.854s] -- Up-to-date: /workspace/install/ros2_mid_actions/include/ros2_mid_actions/ros2_mid_actions/action/detail/ik__type_support.cpp
[4.854s] -- Up-to-date: /workspace/install/ros2_mid_actions/include/ros2_mid_actions/ros2_mid_actions/action/detail/ik__rosidl_typesupport_introspection_cpp.hpp
[4.854s] -- Installing: /workspace/install/ros2_mid_actions/lib/libros2_mid_actions__rosidl_typesupport_introspection_cpp.so
[4.855s] -- Set runtime path of "/workspace/install/ros2_mid_actions/lib/libros2_mid_actions__rosidl_typesupport_introspection_cpp.so" to ""
[4.855s] -- Installing: /workspace/install/ros2_mid_actions/lib/libros2_mid_actions__rosidl_typesupport_cpp.so
[4.855s] -- Set runtime path of "/workspace/install/ros2_mid_actions/lib/libros2_mid_actions__rosidl_typesupport_cpp.so" to ""
[4.855s] -- Up-to-date: /workspace/install/ros2_mid_actions/share/ros2_mid_actions/environment/pythonpath.sh
[4.855s] -- Installing: /workspace/install/ros2_mid_actions/share/ros2_mid_actions/environment/pythonpath.dsv
[4.856s] -- Up-to-date: /workspace/install/ros2_mid_actions/local/lib/python3.10/dist-packages/ros2_mid_actions-0.0.0-py3.10.egg-info
[4.856s] -- Installing: /workspace/install/ros2_mid_actions/local/lib/python3.10/dist-packages/ros2_mid_actions-0.0.0-py3.10.egg-info/SOURCES.txt
[4.856s] -- Installing: /workspace/install/ros2_mid_actions/local/lib/python3.10/dist-packages/ros2_mid_actions-0.0.0-py3.10.egg-info/dependency_links.txt
[4.856s] -- Installing: /workspace/install/ros2_mid_actions/local/lib/python3.10/dist-packages/ros2_mid_actions-0.0.0-py3.10.egg-info/top_level.txt
[4.856s] -- Installing: /workspace/install/ros2_mid_actions/local/lib/python3.10/dist-packages/ros2_mid_actions-0.0.0-py3.10.egg-info/PKG-INFO
[4.856s] -- Up-to-date: /workspace/install/ros2_mid_actions/local/lib/python3.10/dist-packages/ros2_mid_actions
[4.856s] -- Up-to-date: /workspace/install/ros2_mid_actions/local/lib/python3.10/dist-packages/ros2_mid_actions/action
[4.856s] -- Up-to-date: /workspace/install/ros2_mid_actions/local/lib/python3.10/dist-packages/ros2_mid_actions/action/_two_r.py
[4.856s] -- Up-to-date: /workspace/install/ros2_mid_actions/local/lib/python3.10/dist-packages/ros2_mid_actions/action/_ik.py
[4.856s] -- Installing: /workspace/install/ros2_mid_actions/local/lib/python3.10/dist-packages/ros2_mid_actions/action/_inverse_kinematics.py
[4.856s] -- Up-to-date: /workspace/install/ros2_mid_actions/local/lib/python3.10/dist-packages/ros2_mid_actions/action/_ik_s.c
[4.856s] -- Installing: /workspace/install/ros2_mid_actions/local/lib/python3.10/dist-packages/ros2_mid_actions/action/_inverse_kinematics_s.c
[4.857s] -- Up-to-date: /workspace/install/ros2_mid_actions/local/lib/python3.10/dist-packages/ros2_mid_actions/action/_two_r_s.c
[4.857s] -- Installing: /workspace/install/ros2_mid_actions/local/lib/python3.10/dist-packages/ros2_mid_actions/action/__init__.py
[4.857s] -- Installing: /workspace/install/ros2_mid_actions/local/lib/python3.10/dist-packages/ros2_mid_actions/libros2_mid_actions__rosidl_generator_py.so
[4.857s] -- Installing: /workspace/install/ros2_mid_actions/local/lib/python3.10/dist-packages/ros2_mid_actions/ros2_mid_actions_s__rosidl_typesupport_c.cpython-310-x86_64-linux-gnu.so
[4.857s] -- Installing: /workspace/install/ros2_mid_actions/local/lib/python3.10/dist-packages/ros2_mid_actions/ros2_mid_actions_s__rosidl_typesupport_introspection_c.cpython-310-x86_64-linux-gnu.so
[4.857s] -- Installing: /workspace/install/ros2_mid_actions/local/lib/python3.10/dist-packages/ros2_mid_actions/_ros2_mid_actions_s.ep.rosidl_typesupport_fastrtps_c.c
[4.857s] -- Installing: /workspace/install/ros2_mid_actions/local/lib/python3.10/dist-packages/ros2_mid_actions/_ros2_mid_actions_s.ep.rosidl_typesupport_introspection_c.c
[4.858s] -- Installing: /workspace/install/ros2_mid_actions/local/lib/python3.10/dist-packages/ros2_mid_actions/__init__.py
[4.858s] -- Installing: /workspace/install/ros2_mid_actions/local/lib/python3.10/dist-packages/ros2_mid_actions/ros2_mid_actions_s__rosidl_typesupport_fastrtps_c.cpython-310-x86_64-linux-gnu.so
[4.858s] -- Installing: /workspace/install/ros2_mid_actions/local/lib/python3.10/dist-packages/ros2_mid_actions/_ros2_mid_actions_s.ep.rosidl_typesupport_c.c
[4.899s] Listing '/workspace/install/ros2_mid_actions/local/lib/python3.10/dist-packages/ros2_mid_actions'...
[4.899s] Compiling '/workspace/install/ros2_mid_actions/local/lib/python3.10/dist-packages/ros2_mid_actions/__init__.py'...
[4.899s] Listing '/workspace/install/ros2_mid_actions/local/lib/python3.10/dist-packages/ros2_mid_actions/action'...
[4.899s] Compiling '/workspace/install/ros2_mid_actions/local/lib/python3.10/dist-packages/ros2_mid_actions/action/__init__.py'...
[4.899s] Compiling '/workspace/install/ros2_mid_actions/local/lib/python3.10/dist-packages/ros2_mid_actions/action/_inverse_kinematics.py'...
[4.903s] -- Installing: /workspace/install/ros2_mid_actions/local/lib/python3.10/dist-packages/ros2_mid_actions/ros2_mid_actions_s__rosidl_typesupport_fastrtps_c.cpython-310-x86_64-linux-gnu.so
[4.904s] -- Set runtime path of "/workspace/install/ros2_mid_actions/local/lib/python3.10/dist-packages/ros2_mid_actions/ros2_mid_actions_s__rosidl_typesupport_fastrtps_c.cpython-310-x86_64-linux-gnu.so" to ""
[4.904s] -- Installing: /workspace/install/ros2_mid_actions/local/lib/python3.10/dist-packages/ros2_mid_actions/ros2_mid_actions_s__rosidl_typesupport_introspection_c.cpython-310-x86_64-linux-gnu.so
[4.904s] -- Set runtime path of "/workspace/install/ros2_mid_actions/local/lib/python3.10/dist-packages/ros2_mid_actions/ros2_mid_actions_s__rosidl_typesupport_introspection_c.cpython-310-x86_64-linux-gnu.so" to ""
[4.904s] -- Installing: /workspace/install/ros2_mid_actions/local/lib/python3.10/dist-packages/ros2_mid_actions/ros2_mid_actions_s__rosidl_typesupport_c.cpython-310-x86_64-linux-gnu.so
[4.905s] -- Set runtime path of "/workspace/install/ros2_mid_actions/local/lib/python3.10/dist-packages/ros2_mid_actions/ros2_mid_actions_s__rosidl_typesupport_c.cpython-310-x86_64-linux-gnu.so" to ""
[4.905s] -- Installing: /workspace/install/ros2_mid_actions/lib/libros2_mid_actions__rosidl_generator_py.so
[4.905s] -- Set runtime path of "/workspace/install/ros2_mid_actions/lib/libros2_mid_actions__rosidl_generator_py.so" to ""
[4.906s] -- Installing: /workspace/install/ros2_mid_actions/share/ros2_mid_actions/action/InverseKinematics.idl
[4.906s] -- Installing: /workspace/install/ros2_mid_actions/share/ros2_mid_actions/action/InverseKinematics.action
[4.906s] -- Up-to-date: /workspace/install/ros2_mid_actions/share/ament_index/resource_index/package_run_dependencies/ros2_mid_actions
[4.906s] -- Installing: /workspace/install/ros2_mid_actions/share/ament_index/resource_index/parent_prefix_path/ros2_mid_actions
[4.906s] -- Up-to-date: /workspace/install/ros2_mid_actions/share/ros2_mid_actions/environment/ament_prefix_path.sh
[4.906s] -- Installing: /workspace/install/ros2_mid_actions/share/ros2_mid_actions/environment/ament_prefix_path.dsv
[4.906s] -- Up-to-date: /workspace/install/ros2_mid_actions/share/ros2_mid_actions/environment/path.sh
[4.906s] -- Installing: /workspace/install/ros2_mid_actions/share/ros2_mid_actions/environment/path.dsv
[4.906s] -- Up-to-date: /workspace/install/ros2_mid_actions/share/ros2_mid_actions/local_setup.bash
[4.906s] -- Up-to-date: /workspace/install/ros2_mid_actions/share/ros2_mid_actions/local_setup.sh
[4.906s] -- Up-to-date: /workspace/install/ros2_mid_actions/share/ros2_mid_actions/local_setup.zsh
[4.907s] -- Installing: /workspace/install/ros2_mid_actions/share/ros2_mid_actions/local_setup.dsv
[4.907s] -- Installing: /workspace/install/ros2_mid_actions/share/ros2_mid_actions/package.dsv
[4.907s] -- Up-to-date: /workspace/install/ros2_mid_actions/share/ament_index/resource_index/packages/ros2_mid_actions
[4.907s] -- Up-to-date: /workspace/install/ros2_mid_actions/share/ros2_mid_actions/cmake/export_ros2_mid_actions__rosidl_generator_cExport.cmake
[4.907s] -- Up-to-date: /workspace/install/ros2_mid_actions/share/ros2_mid_actions/cmake/export_ros2_mid_actions__rosidl_generator_cExport-noconfig.cmake
[4.907s] -- Up-to-date: /workspace/install/ros2_mid_actions/share/ros2_mid_actions/cmake/export_ros2_mid_actions__rosidl_typesupport_fastrtps_cExport.cmake
[4.907s] -- Up-to-date: /workspace/install/ros2_mid_actions/share/ros2_mid_actions/cmake/export_ros2_mid_actions__rosidl_typesupport_fastrtps_cExport-noconfig.cmake
[4.907s] -- Up-to-date: /workspace/install/ros2_mid_actions/share/ros2_mid_actions/cmake/ros2_mid_actions__rosidl_typesupport_introspection_cExport.cmake
[4.907s] -- Up-to-date: /workspace/install/ros2_mid_actions/share/ros2_mid_actions/cmake/ros2_mid_actions__rosidl_typesupport_introspection_cExport-noconfig.cmake
[4.908s] -- Up-to-date: /workspace/install/ros2_mid_actions/share/ros2_mid_actions/cmake/ros2_mid_actions__rosidl_typesupport_cExport.cmake
[4.908s] -- Up-to-date: /workspace/install/ros2_mid_actions/share/ros2_mid_actions/cmake/ros2_mid_actions__rosidl_typesupport_cExport-noconfig.cmake
[4.908s] -- Up-to-date: /workspace/install/ros2_mid_actions/share/ros2_mid_actions/cmake/export_ros2_mid_actions__rosidl_generator_cppExport.cmake
[4.908s] -- Up-to-date: /workspace/install/ros2_mid_actions/share/ros2_mid_actions/cmake/export_ros2_mid_actions__rosidl_typesupport_fastrtps_cppExport.cmake
[4.908s] -- Up-to-date: /workspace/install/ros2_mid_actions/share/ros2_mid_actions/cmake/export_ros2_mid_actions__rosidl_typesupport_fastrtps_cppExport-noconfig.cmake
[4.908s] -- Up-to-date: /workspace/install/ros2_mid_actions/share/ros2_mid_actions/cmake/ros2_mid_actions__rosidl_typesupport_introspection_cppExport.cmake
[4.908s] -- Up-to-date: /workspace/install/ros2_mid_actions/share/ros2_mid_actions/cmake/ros2_mid_actions__rosidl_typesupport_introspection_cppExport-noconfig.cmake
[4.908s] -- Up-to-date: /workspace/install/ros2_mid_actions/share/ros2_mid_actions/cmake/ros2_mid_actions__rosidl_typesupport_cppExport.cmake
[4.908s] -- Up-to-date: /workspace/install/ros2_mid_actions/share/ros2_mid_actions/cmake/ros2_mid_actions__rosidl_typesupport_cppExport-noconfig.cmake
[4.908s] -- Up-to-date: /workspace/install/ros2_mid_actions/share/ros2_mid_actions/cmake/export_ros2_mid_actions__rosidl_generator_pyExport.cmake
[4.908s] -- Up-to-date: /workspace/install/ros2_mid_actions/share/ros2_mid_actions/cmake/export_ros2_mid_actions__rosidl_generator_pyExport-noconfig.cmake
[4.909s] -- Up-to-date: /workspace/install/ros2_mid_actions/share/ros2_mid_actions/cmake/rosidl_cmake-extras.cmake
[4.909s] -- Up-to-date: /workspace/install/ros2_mid_actions/share/ros2_mid_actions/cmake/ament_cmake_export_dependencies-extras.cmake
[4.909s] -- Up-to-date: /workspace/install/ros2_mid_actions/share/ros2_mid_actions/cmake/ament_cmake_export_include_directories-extras.cmake
[4.909s] -- Up-to-date: /workspace/install/ros2_mid_actions/share/ros2_mid_actions/cmake/ament_cmake_export_libraries-extras.cmake
[4.909s] -- Up-to-date: /workspace/install/ros2_mid_actions/share/ros2_mid_actions/cmake/ament_cmake_export_targets-extras.cmake
[4.909s] -- Up-to-date: /workspace/install/ros2_mid_actions/share/ros2_mid_actions/cmake/rosidl_cmake_export_typesupport_targets-extras.cmake
[4.909s] -- Up-to-date: /workspace/install/ros2_mid_actions/share/ros2_mid_actions/cmake/rosidl_cmake_export_typesupport_libraries-extras.cmake
[4.909s] -- Up-to-date: /workspace/install/ros2_mid_actions/share/ros2_mid_actions/cmake/ros2_mid_actionsConfig.cmake
[4.909s] -- Up-to-date: /workspace/install/ros2_mid_actions/share/ros2_mid_actions/cmake/ros2_mid_actionsConfig-version.cmake
[4.909s] -- Up-to-date: /workspace/install/ros2_mid_actions/share/ros2_mid_actions/package.xml
[4.912s] Invoked command in '/workspace/build/ros2_mid_actions' returned '0': CMAKE_PREFIX_PATH=${CMAKE_PREFIX_PATH}:/workspace/install/srvcli:/workspace/install/pubsub:/workspace/install/my_py_pkg:/workspace/install/my_package:/workspace/install/inverse_kinematics:/workspace/install/inv_kine:/opt/ros/humble /usr/bin/cmake --install /workspace/build/ros2_mid_actions
