[0.112s] Invoking command in '/workspace/src/build/iiwa_ros2_moveit2': AMENT_PREFIX_PATH=/workspace/src/install/ros2_data:${AMENT_PREFIX_PATH} CMAKE_PREFIX_PATH=/workspace/src/install/ros2_data:/workspace/src/install/lakme_ros:/workspace/install/lakme_ros:/opt/ros/humble LD_LIBRARY_PATH=/workspace/src/install/ros2_data/lib:${LD_LIBRARY_PATH} PYTHONPATH=/workspace/src/install/ros2_data/local/lib/python3.10/dist-packages:${PYTHONPATH} /usr/bin/cmake /workspace/src/ros2_RobotSimulation/Kuka/LBRiiwa/iiwa_ros2_moveit2 -DCMAKE_INSTALL_PREFIX=/workspace/src/install/iiwa_ros2_moveit2
[0.260s] -- The C compiler identification is GNU 11.3.0
[0.411s] -- The CXX compiler identification is GNU 11.3.0
[0.432s] -- Detecting C compiler ABI info
[0.610s] -- Detecting C compiler ABI info - done
[0.635s] -- Check for working C compiler: /usr/bin/cc - skipped
[0.637s] -- Detecting C compile features
[0.640s] -- Detecting C compile features - done
[0.645s] -- Detecting CXX compiler ABI info
[0.867s] -- Detecting CXX compiler ABI info - done
[0.888s] -- Check for working CXX compiler: /usr/bin/c++ - skipped
[0.889s] -- Detecting CXX compile features
[0.890s] -- Detecting CXX compile features - done
[0.902s] -- Found ament_cmake: 1.3.4 (/opt/ros/humble/share/ament_cmake/cmake)
[1.347s] -- Found Python3: /usr/bin/python3.10 (found version "3.10.6") found components: Interpreter 
[1.592s] -- Found ament_lint_auto: 0.12.6 (/opt/ros/humble/share/ament_lint_auto/cmake)
[1.801s] -- Added test 'copyright' to check source files copyright and LICENSE
[1.805s] -- Added test 'flake8' to check Python code syntax and style conventions
[1.808s] -- Added test 'lint_cmake' to check CMake code style
[1.808s] -- Added test 'pep257' to check Python code against some of the docstring style conventions in PEP 257
[1.820s] -- Added test 'xmllint' to check XML markup files
[1.822s] -- Configuring done
[1.825s] -- Generating done
[1.826s] -- Build files have been written to: /workspace/src/build/iiwa_ros2_moveit2
[1.836s] Invoked command in '/workspace/src/build/iiwa_ros2_moveit2' returned '0': AMENT_PREFIX_PATH=/workspace/src/install/ros2_data:${AMENT_PREFIX_PATH} CMAKE_PREFIX_PATH=/workspace/src/install/ros2_data:/workspace/src/install/lakme_ros:/workspace/install/lakme_ros:/opt/ros/humble LD_LIBRARY_PATH=/workspace/src/install/ros2_data/lib:${LD_LIBRARY_PATH} PYTHONPATH=/workspace/src/install/ros2_data/local/lib/python3.10/dist-packages:${PYTHONPATH} /usr/bin/cmake /workspace/src/ros2_RobotSimulation/Kuka/LBRiiwa/iiwa_ros2_moveit2 -DCMAKE_INSTALL_PREFIX=/workspace/src/install/iiwa_ros2_moveit2
[1.838s] Invoking command in '/workspace/src/build/iiwa_ros2_moveit2': AMENT_PREFIX_PATH=/workspace/src/install/ros2_data:${AMENT_PREFIX_PATH} CMAKE_PREFIX_PATH=/workspace/src/install/ros2_data:/workspace/src/install/lakme_ros:/workspace/install/lakme_ros:/opt/ros/humble LD_LIBRARY_PATH=/workspace/src/install/ros2_data/lib:${LD_LIBRARY_PATH} PYTHONPATH=/workspace/src/install/ros2_data/local/lib/python3.10/dist-packages:${PYTHONPATH} /usr/bin/cmake --build /workspace/src/build/iiwa_ros2_moveit2 -- -j12 -l12
[1.920s] Invoked command in '/workspace/src/build/iiwa_ros2_moveit2' returned '0': AMENT_PREFIX_PATH=/workspace/src/install/ros2_data:${AMENT_PREFIX_PATH} CMAKE_PREFIX_PATH=/workspace/src/install/ros2_data:/workspace/src/install/lakme_ros:/workspace/install/lakme_ros:/opt/ros/humble LD_LIBRARY_PATH=/workspace/src/install/ros2_data/lib:${LD_LIBRARY_PATH} PYTHONPATH=/workspace/src/install/ros2_data/local/lib/python3.10/dist-packages:${PYTHONPATH} /usr/bin/cmake --build /workspace/src/build/iiwa_ros2_moveit2 -- -j12 -l12
[1.991s] Invoking command in '/workspace/src/build/iiwa_ros2_moveit2': AMENT_PREFIX_PATH=/workspace/src/install/ros2_data:${AMENT_PREFIX_PATH} CMAKE_PREFIX_PATH=/workspace/src/install/ros2_data:/workspace/src/install/lakme_ros:/workspace/install/lakme_ros:/opt/ros/humble LD_LIBRARY_PATH=/workspace/src/install/ros2_data/lib:${LD_LIBRARY_PATH} PYTHONPATH=/workspace/src/install/ros2_data/local/lib/python3.10/dist-packages:${PYTHONPATH} /usr/bin/cmake --install /workspace/src/build/iiwa_ros2_moveit2
[2.032s] -- Install configuration: ""
[2.033s] -- Installing: /workspace/src/install/iiwa_ros2_moveit2/share/iiwa_ros2_moveit2/config
[2.034s] -- Installing: /workspace/src/install/iiwa_ros2_moveit2/share/iiwa_ros2_moveit2/config/ompl_planning.yaml
[2.035s] -- Installing: /workspace/src/install/iiwa_ros2_moveit2/share/iiwa_ros2_moveit2/config/iiwa_moveit2.rviz
[2.037s] -- Installing: /workspace/src/install/iiwa_ros2_moveit2/share/iiwa_ros2_moveit2/config/iiwa_controllers.yaml
[2.037s] -- Installing: /workspace/src/install/iiwa_ros2_moveit2/share/iiwa_ros2_moveit2/config/iiwa.srdf
[2.038s] -- Installing: /workspace/src/install/iiwa_ros2_moveit2/share/iiwa_ros2_moveit2/config/kinematics.yaml
[2.038s] -- Installing: /workspace/src/install/iiwa_ros2_moveit2/share/iiwa_ros2_moveit2/launch
[2.038s] -- Installing: /workspace/src/install/iiwa_ros2_moveit2/share/iiwa_ros2_moveit2/launch/iiwa.launch.py
[2.042s] -- Installing: /workspace/src/install/iiwa_ros2_moveit2/share/iiwa_ros2_moveit2/launch/iiwa_interface.launch.py
[2.043s] -- Installing: /workspace/src/install/iiwa_ros2_moveit2/share/ament_index/resource_index/package_run_dependencies/iiwa_ros2_moveit2
[2.043s] -- Installing: /workspace/src/install/iiwa_ros2_moveit2/share/ament_index/resource_index/parent_prefix_path/iiwa_ros2_moveit2
[2.043s] -- Installing: /workspace/src/install/iiwa_ros2_moveit2/share/iiwa_ros2_moveit2/environment/ament_prefix_path.sh
[2.045s] -- Installing: /workspace/src/install/iiwa_ros2_moveit2/share/iiwa_ros2_moveit2/environment/ament_prefix_path.dsv
[2.046s] -- Installing: /workspace/src/install/iiwa_ros2_moveit2/share/iiwa_ros2_moveit2/environment/path.sh
[2.046s] -- Installing: /workspace/src/install/iiwa_ros2_moveit2/share/iiwa_ros2_moveit2/environment/path.dsv
[2.046s] -- Installing: /workspace/src/install/iiwa_ros2_moveit2/share/iiwa_ros2_moveit2/local_setup.bash
[2.046s] -- Installing: /workspace/src/install/iiwa_ros2_moveit2/share/iiwa_ros2_moveit2/local_setup.sh
[2.047s] -- Installing: /workspace/src/install/iiwa_ros2_moveit2/share/iiwa_ros2_moveit2/local_setup.zsh
[2.047s] -- Installing: /workspace/src/install/iiwa_ros2_moveit2/share/iiwa_ros2_moveit2/local_setup.dsv
[2.047s] -- Installing: /workspace/src/install/iiwa_ros2_moveit2/share/iiwa_ros2_moveit2/package.dsv
[2.047s] -- Installing: /workspace/src/install/iiwa_ros2_moveit2/share/ament_index/resource_index/packages/iiwa_ros2_moveit2
[2.047s] -- Installing: /workspace/src/install/iiwa_ros2_moveit2/share/iiwa_ros2_moveit2/cmake/iiwa_ros2_moveit2Config.cmake
[2.048s] -- Installing: /workspace/src/install/iiwa_ros2_moveit2/share/iiwa_ros2_moveit2/cmake/iiwa_ros2_moveit2Config-version.cmake
[2.048s] -- Installing: /workspace/src/install/iiwa_ros2_moveit2/share/iiwa_ros2_moveit2/package.xml
[2.096s] Invoked command in '/workspace/src/build/iiwa_ros2_moveit2' returned '0': AMENT_PREFIX_PATH=/workspace/src/install/ros2_data:${AMENT_PREFIX_PATH} CMAKE_PREFIX_PATH=/workspace/src/install/ros2_data:/workspace/src/install/lakme_ros:/workspace/install/lakme_ros:/opt/ros/humble LD_LIBRARY_PATH=/workspace/src/install/ros2_data/lib:${LD_LIBRARY_PATH} PYTHONPATH=/workspace/src/install/ros2_data/local/lib/python3.10/dist-packages:${PYTHONPATH} /usr/bin/cmake --install /workspace/src/build/iiwa_ros2_moveit2
