[0.136s] Invoking command in '/workspace/src/build/ros2_data': CMAKE_PREFIX_PATH=${CMAKE_PREFIX_PATH}:/opt/ros/humble /usr/bin/cmake /workspace/src/ros2_RobotSimulation/ros2_data -DCMAKE_INSTALL_PREFIX=/workspace/src/install/ros2_data
[1.178s] -- The C compiler identification is GNU 11.3.0
[1.179s] -- The CXX compiler identification is GNU 11.3.0
[1.179s] -- Detecting C compiler ABI info
[1.179s] -- Detecting C compiler ABI info - done
[1.179s] -- Check for working C compiler: /usr/bin/cc - skipped
[1.179s] -- Detecting C compile features
[1.179s] -- Detecting C compile features - done
[1.179s] -- Detecting CXX compiler ABI info
[1.180s] -- Detecting CXX compiler ABI info - done
[1.180s] -- Check for working CXX compiler: /usr/bin/c++ - skipped
[1.180s] -- Detecting CXX compile features
[1.180s] -- Detecting CXX compile features - done
[1.180s] -- Found ament_cmake: 1.3.4 (/opt/ros/humble/share/ament_cmake/cmake)
[1.180s] -- Found Python3: /usr/bin/python3.10 (found version "3.10.6") found components: Interpreter 
[1.500s] -- Found rosidl_default_generators: 1.2.0 (/opt/ros/humble/share/rosidl_default_generators/cmake)
[1.526s] -- Using all available rosidl_typesupport_c: rosidl_typesupport_fastrtps_c;rosidl_typesupport_introspection_c
[1.614s] -- Found rosidl_adapter: 3.1.4 (/opt/ros/humble/share/rosidl_adapter/cmake)
[1.922s] -- Using all available rosidl_typesupport_cpp: rosidl_typesupport_fastrtps_cpp;rosidl_typesupport_introspection_cpp
[3.142s] -- Found ament_cmake_ros: 0.10.0 (/opt/ros/humble/share/ament_cmake_ros/cmake)
[3.686s] -- Using all available rosidl_typesupport_c: rosidl_typesupport_fastrtps_c;rosidl_typesupport_introspection_c
[4.165s] -- Using all available rosidl_typesupport_cpp: rosidl_typesupport_fastrtps_cpp;rosidl_typesupport_introspection_cpp
[4.210s] -- Found PythonInterp: /usr/bin/python3 (found suitable version "3.10.6", minimum required is "3.6") 
[4.215s] -- Found python_cmake_module: 0.10.0 (/opt/ros/humble/share/python_cmake_module/cmake)
[4.282s] -- Found PythonLibs: /usr/lib/x86_64-linux-gnu/libpython3.10.so (found suitable version "3.10.6", minimum required is "3.5") 
[4.285s] -- Using PYTHON_EXECUTABLE: /usr/bin/python3
[4.285s] -- Using PYTHON_INCLUDE_DIRS: /usr/include/python3.10
[4.285s] -- Using PYTHON_LIBRARIES: /usr/lib/x86_64-linux-gnu/libpython3.10.so
[4.366s] -- Found PythonExtra: .so  
[4.494s] -- Found ament_lint_auto: 0.12.6 (/opt/ros/humble/share/ament_lint_auto/cmake)
[4.594s] -- Added test 'copyright' to check source files copyright and LICENSE
[4.602s] -- Added test 'lint_cmake' to check CMake code style
[4.605s] -- Added test 'xmllint' to check XML markup files
[4.614s] -- Configuring done
[4.759s] -- Generating done
[4.774s] -- Build files have been written to: /workspace/src/build/ros2_data
[4.779s] Invoked command in '/workspace/src/build/ros2_data' returned '0': CMAKE_PREFIX_PATH=${CMAKE_PREFIX_PATH}:/opt/ros/humble /usr/bin/cmake /workspace/src/ros2_RobotSimulation/ros2_data -DCMAKE_INSTALL_PREFIX=/workspace/src/install/ros2_data
[4.780s] Invoking command in '/workspace/src/build/ros2_data': CMAKE_PREFIX_PATH=${CMAKE_PREFIX_PATH}:/opt/ros/humble /usr/bin/cmake --build /workspace/src/build/ros2_data -- -j12 -l12
[4.881s] [  1%] [34m[1mGenerating C code for ROS interfaces[0m
[4.915s] [  1%] [34m[1mGenerating C++ code for ROS interfaces[0m
[4.924s] [  1%] Built target ament_cmake_python_copy_ros2_data
[5.525s] running egg_info
[5.526s] creating ros2_data.egg-info
[5.527s] writing ros2_data.egg-info/PKG-INFO
[5.527s] writing dependency_links to ros2_data.egg-info/dependency_links.txt
[5.527s] writing top-level names to ros2_data.egg-info/top_level.txt
[5.528s] writing manifest file 'ros2_data.egg-info/SOURCES.txt'
[5.531s] reading manifest file 'ros2_data.egg-info/SOURCES.txt'
[5.532s] writing manifest file 'ros2_data.egg-info/SOURCES.txt'
[5.586s] [  1%] Built target ament_cmake_python_build_ros2_data_egg
[12.318s] [  3%] [32mBuilding C object CMakeFiles/ros2_data__rosidl_generator_c.dir/rosidl_generator_c/ros2_data/msg/detail/joint_pose__functions.c.o[0m
[12.318s] [  3%] [32mBuilding C object CMakeFiles/ros2_data__rosidl_generator_c.dir/rosidl_generator_c/ros2_data/msg/detail/joint_pose_s__functions.c.o[0m
[12.318s] [  4%] [32mBuilding C object CMakeFiles/ros2_data__rosidl_generator_c.dir/rosidl_generator_c/ros2_data/action/detail/move_j__functions.c.o[0m
[12.323s] [  5%] [32mBuilding C object CMakeFiles/ros2_data__rosidl_generator_c.dir/rosidl_generator_c/ros2_data/action/detail/move_g__functions.c.o[0m
[12.331s] [  5%] [32mBuilding C object CMakeFiles/ros2_data__rosidl_generator_c.dir/rosidl_generator_c/ros2_data/action/detail/move_js__functions.c.o[0m
[12.332s] [  6%] [32mBuilding C object CMakeFiles/ros2_data__rosidl_generator_c.dir/rosidl_generator_c/ros2_data/action/detail/move_xyzw__functions.c.o[0m
[12.345s] [  7%] [32mBuilding C object CMakeFiles/ros2_data__rosidl_generator_c.dir/rosidl_generator_c/ros2_data/action/detail/move_l__functions.c.o[0m
[12.353s] [  8%] [32mBuilding C object CMakeFiles/ros2_data__rosidl_generator_c.dir/rosidl_generator_c/ros2_data/action/detail/move_r__functions.c.o[0m
[12.355s] [  8%] Built target ros2_data__cpp
[12.387s] [  9%] [32mBuilding C object CMakeFiles/ros2_data__rosidl_generator_c.dir/rosidl_generator_c/ros2_data/action/detail/move_xyz__functions.c.o[0m
[12.406s] [  9%] [32mBuilding C object CMakeFiles/ros2_data__rosidl_generator_c.dir/rosidl_generator_c/ros2_data/action/detail/move_ypr__functions.c.o[0m
[12.424s] [  9%] [34m[1mGenerating C++ type support for eProsima Fast-RTPS[0m
[12.428s] [ 10%] [34m[1mGenerating C++ type support dispatch for ROS interfaces[0m
[12.456s] [ 11%] [32mBuilding C object CMakeFiles/ros2_data__rosidl_generator_c.dir/rosidl_generator_c/ros2_data/action/detail/move_rot__functions.c.o[0m
[12.477s] [ 12%] [34m[1mGenerating C++ introspection for ROS interfaces[0m
[12.650s] [ 13%] [32mBuilding C object CMakeFiles/ros2_data__rosidl_generator_c.dir/rosidl_generator_c/ros2_data/action/detail/move_rp__functions.c.o[0m
[12.850s] [ 14%] [32m[1mLinking C shared library libros2_data__rosidl_generator_c.so[0m
[12.913s] [ 14%] Built target ros2_data__rosidl_generator_c
[12.931s] [ 16%] [34m[1mGenerating C type support for eProsima Fast-RTPS[0m
[12.931s] [ 17%] [34m[1mGenerating C type support dispatch for ROS interfaces[0m
[12.931s] [ 17%] [34m[1mGenerating C introspection for ROS interfaces[0m
[15.202s] [ 17%] [32mBuilding CXX object CMakeFiles/ros2_data__rosidl_typesupport_c.dir/rosidl_typesupport_c/ros2_data/msg/joint_pose_s__type_support.cpp.o[0m
[15.202s] [ 18%] [32mBuilding CXX object CMakeFiles/ros2_data__rosidl_typesupport_c.dir/rosidl_typesupport_c/ros2_data/msg/joint_pose__type_support.cpp.o[0m
[15.220s] [ 19%] [32mBuilding CXX object CMakeFiles/ros2_data__rosidl_typesupport_c.dir/rosidl_typesupport_c/ros2_data/action/move_g__type_support.cpp.o[0m
[15.220s] [ 20%] [32mBuilding CXX object CMakeFiles/ros2_data__rosidl_typesupport_c.dir/rosidl_typesupport_c/ros2_data/action/move_js__type_support.cpp.o[0m
[15.220s] [ 21%] [32mBuilding CXX object CMakeFiles/ros2_data__rosidl_typesupport_c.dir/rosidl_typesupport_c/ros2_data/action/move_xyzw__type_support.cpp.o[0m
[15.231s] [ 22%] [32mBuilding CXX object CMakeFiles/ros2_data__rosidl_typesupport_c.dir/rosidl_typesupport_c/ros2_data/action/move_j__type_support.cpp.o[0m
[15.244s] [ 23%] [32mBuilding CXX object CMakeFiles/ros2_data__rosidl_typesupport_c.dir/rosidl_typesupport_c/ros2_data/action/move_l__type_support.cpp.o[0m
[15.308s] [ 23%] [32mBuilding CXX object CMakeFiles/ros2_data__rosidl_typesupport_c.dir/rosidl_typesupport_c/ros2_data/action/move_r__type_support.cpp.o[0m
[15.368s] [ 24%] [32mBuilding CXX object CMakeFiles/ros2_data__rosidl_typesupport_c.dir/rosidl_typesupport_c/ros2_data/action/move_xyz__type_support.cpp.o[0m
[15.378s] [ 25%] [32mBuilding CXX object CMakeFiles/ros2_data__rosidl_typesupport_c.dir/rosidl_typesupport_c/ros2_data/action/move_ypr__type_support.cpp.o[0m
[15.390s] [ 26%] [32mBuilding CXX object CMakeFiles/ros2_data__rosidl_typesupport_c.dir/rosidl_typesupport_c/ros2_data/action/move_rot__type_support.cpp.o[0m
[15.437s] [ 27%] [32mBuilding CXX object CMakeFiles/ros2_data__rosidl_typesupport_c.dir/rosidl_typesupport_c/ros2_data/action/move_rp__type_support.cpp.o[0m
[15.471s] [ 28%] [32mBuilding CXX object CMakeFiles/ros2_data__rosidl_typesupport_cpp.dir/rosidl_typesupport_cpp/ros2_data/msg/joint_pose_s__type_support.cpp.o[0m
[15.484s] [ 31%] [32mBuilding CXX object CMakeFiles/ros2_data__rosidl_typesupport_cpp.dir/rosidl_typesupport_cpp/ros2_data/action/move_j__type_support.cpp.o[0m
[15.484s] [ 31%] [32mBuilding CXX object CMakeFiles/ros2_data__rosidl_typesupport_cpp.dir/rosidl_typesupport_cpp/ros2_data/action/move_js__type_support.cpp.o[0m
[15.486s] [ 31%] [32mBuilding CXX object CMakeFiles/ros2_data__rosidl_typesupport_cpp.dir/rosidl_typesupport_cpp/ros2_data/msg/joint_pose__type_support.cpp.o[0m
[15.496s] [ 31%] [32mBuilding CXX object CMakeFiles/ros2_data__rosidl_typesupport_cpp.dir/rosidl_typesupport_cpp/ros2_data/action/move_g__type_support.cpp.o[0m
[15.559s] [ 32%] [32m[1mLinking CXX shared library libros2_data__rosidl_typesupport_c.so[0m
[15.568s] [ 33%] [32mBuilding CXX object CMakeFiles/ros2_data__rosidl_typesupport_cpp.dir/rosidl_typesupport_cpp/ros2_data/action/move_xyzw__type_support.cpp.o[0m
[15.586s] [ 34%] [32mBuilding CXX object CMakeFiles/ros2_data__rosidl_typesupport_cpp.dir/rosidl_typesupport_cpp/ros2_data/action/move_l__type_support.cpp.o[0m
[15.704s] [ 34%] Built target ros2_data__rosidl_typesupport_c
[15.750s] [ 35%] [32mBuilding CXX object CMakeFiles/ros2_data__rosidl_typesupport_cpp.dir/rosidl_typesupport_cpp/ros2_data/action/move_r__type_support.cpp.o[0m
[16.232s] [ 36%] [32mBuilding CXX object CMakeFiles/ros2_data__rosidl_typesupport_cpp.dir/rosidl_typesupport_cpp/ros2_data/action/move_ypr__type_support.cpp.o[0m
[16.241s] [ 37%] [32mBuilding CXX object CMakeFiles/ros2_data__rosidl_typesupport_cpp.dir/rosidl_typesupport_cpp/ros2_data/action/move_xyz__type_support.cpp.o[0m
[16.449s] [ 37%] [32mBuilding CXX object CMakeFiles/ros2_data__rosidl_typesupport_introspection_cpp.dir/rosidl_typesupport_introspection_cpp/ros2_data/msg/detail/joint_pose__type_support.cpp.o[0m
[16.752s] [ 37%] [32mBuilding CXX object CMakeFiles/ros2_data__rosidl_typesupport_cpp.dir/rosidl_typesupport_cpp/ros2_data/action/move_rot__type_support.cpp.o[0m
[16.790s] [ 38%] [32mBuilding CXX object CMakeFiles/ros2_data__rosidl_typesupport_cpp.dir/rosidl_typesupport_cpp/ros2_data/action/move_rp__type_support.cpp.o[0m
[16.802s] [ 39%] [32mBuilding CXX object CMakeFiles/ros2_data__rosidl_typesupport_introspection_cpp.dir/rosidl_typesupport_introspection_cpp/ros2_data/msg/detail/joint_pose_s__type_support.cpp.o[0m
[16.839s] [ 40%] [32mBuilding CXX object CMakeFiles/ros2_data__rosidl_typesupport_introspection_cpp.dir/rosidl_typesupport_introspection_cpp/ros2_data/action/detail/move_j__type_support.cpp.o[0m
[16.858s] [ 41%] [32mBuilding CXX object CMakeFiles/ros2_data__rosidl_typesupport_introspection_cpp.dir/rosidl_typesupport_introspection_cpp/ros2_data/action/detail/move_js__type_support.cpp.o[0m
[17.102s] [ 42%] [32mBuilding CXX object CMakeFiles/ros2_data__rosidl_typesupport_introspection_cpp.dir/rosidl_typesupport_introspection_cpp/ros2_data/action/detail/move_g__type_support.cpp.o[0m
[17.365s] [ 43%] [32mBuilding CXX object CMakeFiles/ros2_data__rosidl_typesupport_introspection_cpp.dir/rosidl_typesupport_introspection_cpp/ros2_data/action/detail/move_xyzw__type_support.cpp.o[0m
[17.437s] [ 43%] [32mBuilding CXX object CMakeFiles/ros2_data__rosidl_typesupport_introspection_cpp.dir/rosidl_typesupport_introspection_cpp/ros2_data/action/detail/move_l__type_support.cpp.o[0m
[17.584s] [ 44%] [32mBuilding CXX object CMakeFiles/ros2_data__rosidl_typesupport_introspection_cpp.dir/rosidl_typesupport_introspection_cpp/ros2_data/action/detail/move_r__type_support.cpp.o[0m
[17.683s] [ 45%] [32mBuilding CXX object CMakeFiles/ros2_data__rosidl_typesupport_fastrtps_cpp.dir/rosidl_typesupport_fastrtps_cpp/ros2_data/msg/detail/dds_fastrtps/joint_pose__type_support.cpp.o[0m
[17.754s] [ 46%] [32mBuilding CXX object CMakeFiles/ros2_data__rosidl_typesupport_fastrtps_cpp.dir/rosidl_typesupport_fastrtps_cpp/ros2_data/msg/detail/dds_fastrtps/joint_pose_s__type_support.cpp.o[0m
[17.830s] [ 47%] [32m[1mLinking CXX shared library libros2_data__rosidl_typesupport_cpp.so[0m
[17.857s] [ 48%] [32mBuilding CXX object CMakeFiles/ros2_data__rosidl_typesupport_fastrtps_cpp.dir/rosidl_typesupport_fastrtps_cpp/ros2_data/action/detail/dds_fastrtps/move_j__type_support.cpp.o[0m
[17.928s] [ 48%] Built target ros2_data__rosidl_typesupport_cpp
[17.958s] [ 49%] [32mBuilding CXX object CMakeFiles/ros2_data__rosidl_typesupport_fastrtps_cpp.dir/rosidl_typesupport_fastrtps_cpp/ros2_data/action/detail/dds_fastrtps/move_js__type_support.cpp.o[0m
[18.088s] [ 50%] [32mBuilding C object CMakeFiles/ros2_data__rosidl_typesupport_introspection_c.dir/rosidl_typesupport_introspection_c/ros2_data/msg/detail/joint_pose__type_support.c.o[0m
[18.165s] [ 51%] [32mBuilding C object CMakeFiles/ros2_data__rosidl_typesupport_introspection_c.dir/rosidl_typesupport_introspection_c/ros2_data/msg/detail/joint_pose_s__type_support.c.o[0m
[18.184s] [ 52%] [32mBuilding CXX object CMakeFiles/ros2_data__rosidl_typesupport_introspection_cpp.dir/rosidl_typesupport_introspection_cpp/ros2_data/action/detail/move_xyz__type_support.cpp.o[0m
[18.200s] [ 53%] [32mBuilding CXX object CMakeFiles/ros2_data__rosidl_typesupport_fastrtps_cpp.dir/rosidl_typesupport_fastrtps_cpp/ros2_data/action/detail/dds_fastrtps/move_g__type_support.cpp.o[0m
[18.248s] [ 54%] [32mBuilding C object CMakeFiles/ros2_data__rosidl_typesupport_introspection_c.dir/rosidl_typesupport_introspection_c/ros2_data/action/detail/move_j__type_support.c.o[0m
[18.352s] [ 54%] [32mBuilding C object CMakeFiles/ros2_data__rosidl_typesupport_introspection_c.dir/rosidl_typesupport_introspection_c/ros2_data/action/detail/move_js__type_support.c.o[0m
[18.386s] [ 54%] [32mBuilding CXX object CMakeFiles/ros2_data__rosidl_typesupport_fastrtps_cpp.dir/rosidl_typesupport_fastrtps_cpp/ros2_data/action/detail/dds_fastrtps/move_xyzw__type_support.cpp.o[0m
[18.460s] [ 55%] [32mBuilding C object CMakeFiles/ros2_data__rosidl_typesupport_introspection_c.dir/rosidl_typesupport_introspection_c/ros2_data/action/detail/move_g__type_support.c.o[0m
[18.546s] [ 56%] [32mBuilding C object CMakeFiles/ros2_data__rosidl_typesupport_introspection_c.dir/rosidl_typesupport_introspection_c/ros2_data/action/detail/move_xyzw__type_support.c.o[0m
[18.577s] [ 57%] [32mBuilding CXX object CMakeFiles/ros2_data__rosidl_typesupport_introspection_cpp.dir/rosidl_typesupport_introspection_cpp/ros2_data/action/detail/move_ypr__type_support.cpp.o[0m
[18.660s] [ 58%] [32mBuilding C object CMakeFiles/ros2_data__rosidl_typesupport_introspection_c.dir/rosidl_typesupport_introspection_c/ros2_data/action/detail/move_l__type_support.c.o[0m
[18.675s] [ 59%] [32mBuilding C object CMakeFiles/ros2_data__rosidl_typesupport_introspection_c.dir/rosidl_typesupport_introspection_c/ros2_data/action/detail/move_r__type_support.c.o[0m
[18.737s] [ 60%] [32mBuilding CXX object CMakeFiles/ros2_data__rosidl_typesupport_introspection_cpp.dir/rosidl_typesupport_introspection_cpp/ros2_data/action/detail/move_rot__type_support.cpp.o[0m
[18.768s] [ 61%] [32mBuilding C object CMakeFiles/ros2_data__rosidl_typesupport_introspection_c.dir/rosidl_typesupport_introspection_c/ros2_data/action/detail/move_xyz__type_support.c.o[0m
[18.789s] [ 62%] [32mBuilding C object CMakeFiles/ros2_data__rosidl_typesupport_introspection_c.dir/rosidl_typesupport_introspection_c/ros2_data/action/detail/move_ypr__type_support.c.o[0m
[18.822s] [ 63%] [32mBuilding CXX object CMakeFiles/ros2_data__rosidl_typesupport_introspection_cpp.dir/rosidl_typesupport_introspection_cpp/ros2_data/action/detail/move_rp__type_support.cpp.o[0m
[18.871s] [ 63%] [32mBuilding C object CMakeFiles/ros2_data__rosidl_typesupport_introspection_c.dir/rosidl_typesupport_introspection_c/ros2_data/action/detail/move_rot__type_support.c.o[0m
[18.891s] [ 64%] [32mBuilding C object CMakeFiles/ros2_data__rosidl_typesupport_introspection_c.dir/rosidl_typesupport_introspection_c/ros2_data/action/detail/move_rp__type_support.c.o[0m
[18.906s] [ 65%] [32mBuilding CXX object CMakeFiles/ros2_data__rosidl_typesupport_fastrtps_c.dir/rosidl_typesupport_fastrtps_c/ros2_data/msg/detail/joint_pose__type_support_c.cpp.o[0m
[18.971s] [ 66%] [32mBuilding CXX object CMakeFiles/ros2_data__rosidl_typesupport_fastrtps_c.dir/rosidl_typesupport_fastrtps_c/ros2_data/msg/detail/joint_pose_s__type_support_c.cpp.o[0m
[18.983s] [ 66%] [32mBuilding CXX object CMakeFiles/ros2_data__rosidl_typesupport_fastrtps_c.dir/rosidl_typesupport_fastrtps_c/ros2_data/action/detail/move_j__type_support_c.cpp.o[0m
[18.989s] [ 67%] [32m[1mLinking C shared library libros2_data__rosidl_typesupport_introspection_c.so[0m
[19.071s] [ 67%] Built target ros2_data__rosidl_typesupport_introspection_c
[19.088s] [ 68%] [32mBuilding CXX object CMakeFiles/ros2_data__rosidl_typesupport_fastrtps_c.dir/rosidl_typesupport_fastrtps_c/ros2_data/action/detail/move_js__type_support_c.cpp.o[0m
[19.118s] [ 69%] [32mBuilding CXX object CMakeFiles/ros2_data__rosidl_typesupport_fastrtps_cpp.dir/rosidl_typesupport_fastrtps_cpp/ros2_data/action/detail/dds_fastrtps/move_l__type_support.cpp.o[0m
[19.294s] [ 70%] [32mBuilding CXX object CMakeFiles/ros2_data__rosidl_typesupport_fastrtps_cpp.dir/rosidl_typesupport_fastrtps_cpp/ros2_data/action/detail/dds_fastrtps/move_r__type_support.cpp.o[0m
[19.495s] [ 71%] [32mBuilding CXX object CMakeFiles/ros2_data__rosidl_typesupport_fastrtps_cpp.dir/rosidl_typesupport_fastrtps_cpp/ros2_data/action/detail/dds_fastrtps/move_xyz__type_support.cpp.o[0m
[19.505s] [ 72%] [32mBuilding CXX object CMakeFiles/ros2_data__rosidl_typesupport_fastrtps_c.dir/rosidl_typesupport_fastrtps_c/ros2_data/action/detail/move_g__type_support_c.cpp.o[0m
[19.622s] [ 73%] [32mBuilding CXX object CMakeFiles/ros2_data__rosidl_typesupport_fastrtps_cpp.dir/rosidl_typesupport_fastrtps_cpp/ros2_data/action/detail/dds_fastrtps/move_ypr__type_support.cpp.o[0m
[19.711s] [ 74%] [32mBuilding CXX object CMakeFiles/ros2_data__rosidl_typesupport_fastrtps_c.dir/rosidl_typesupport_fastrtps_c/ros2_data/action/detail/move_xyzw__type_support_c.cpp.o[0m
[19.725s] [ 75%] [32mBuilding CXX object CMakeFiles/ros2_data__rosidl_typesupport_fastrtps_cpp.dir/rosidl_typesupport_fastrtps_cpp/ros2_data/action/detail/dds_fastrtps/move_rot__type_support.cpp.o[0m
[19.961s] [ 75%] [32mBuilding CXX object CMakeFiles/ros2_data__rosidl_typesupport_fastrtps_cpp.dir/rosidl_typesupport_fastrtps_cpp/ros2_data/action/detail/dds_fastrtps/move_rp__type_support.cpp.o[0m
[19.998s] [ 76%] [32mBuilding CXX object CMakeFiles/ros2_data__rosidl_typesupport_fastrtps_c.dir/rosidl_typesupport_fastrtps_c/ros2_data/action/detail/move_l__type_support_c.cpp.o[0m
[20.018s] [ 77%] [32mBuilding CXX object CMakeFiles/ros2_data__rosidl_typesupport_fastrtps_c.dir/rosidl_typesupport_fastrtps_c/ros2_data/action/detail/move_r__type_support_c.cpp.o[0m
[20.088s] [ 77%] [32mBuilding CXX object CMakeFiles/ros2_data__rosidl_typesupport_fastrtps_c.dir/rosidl_typesupport_fastrtps_c/ros2_data/action/detail/move_xyz__type_support_c.cpp.o[0m
[20.252s] [ 78%] [32m[1mLinking CXX shared library libros2_data__rosidl_typesupport_introspection_cpp.so[0m
[20.404s] [ 79%] [32mBuilding CXX object CMakeFiles/ros2_data__rosidl_typesupport_fastrtps_c.dir/rosidl_typesupport_fastrtps_c/ros2_data/action/detail/move_ypr__type_support_c.cpp.o[0m
[20.462s] [ 79%] Built target ros2_data__rosidl_typesupport_introspection_cpp
[20.480s] [ 80%] [32mBuilding CXX object CMakeFiles/ros2_data__rosidl_typesupport_fastrtps_c.dir/rosidl_typesupport_fastrtps_c/ros2_data/action/detail/move_rot__type_support_c.cpp.o[0m
[20.511s] [ 81%] [32mBuilding CXX object CMakeFiles/ros2_data__rosidl_typesupport_fastrtps_c.dir/rosidl_typesupport_fastrtps_c/ros2_data/action/detail/move_rp__type_support_c.cpp.o[0m
[21.038s] [ 82%] [32m[1mLinking CXX shared library libros2_data__rosidl_typesupport_fastrtps_cpp.so[0m
[21.121s] [ 82%] Built target ros2_data__rosidl_typesupport_fastrtps_cpp
[21.138s] [ 83%] [32m[1mLinking CXX shared library libros2_data__rosidl_typesupport_fastrtps_c.so[0m
[21.203s] [ 83%] Built target ros2_data__rosidl_typesupport_fastrtps_c
[21.221s] [ 83%] Built target ros2_data
[21.242s] [ 84%] [34m[1mGenerating Python code for ROS interfaces[0m
[26.211s] [ 84%] Built target ros2_data__py
[26.241s] [ 86%] [32mBuilding C object CMakeFiles/ros2_data__rosidl_generator_py.dir/rosidl_generator_py/ros2_data/msg/_joint_pose_s_s.c.o[0m
[26.241s] [ 86%] [32mBuilding C object CMakeFiles/ros2_data__rosidl_generator_py.dir/rosidl_generator_py/ros2_data/action/_move_j_s.c.o[0m
[26.242s] [ 87%] [32mBuilding C object CMakeFiles/ros2_data__rosidl_generator_py.dir/rosidl_generator_py/ros2_data/action/_move_g_s.c.o[0m
[26.242s] [ 88%] [32mBuilding C object CMakeFiles/ros2_data__rosidl_generator_py.dir/rosidl_generator_py/ros2_data/action/_move_js_s.c.o[0m
[26.243s] [ 89%] [32mBuilding C object CMakeFiles/ros2_data__rosidl_generator_py.dir/rosidl_generator_py/ros2_data/action/_move_l_s.c.o[0m
[26.243s] [ 90%] [32mBuilding C object CMakeFiles/ros2_data__rosidl_generator_py.dir/rosidl_generator_py/ros2_data/action/_move_xyzw_s.c.o[0m
[26.244s] [ 91%] [32mBuilding C object CMakeFiles/ros2_data__rosidl_generator_py.dir/rosidl_generator_py/ros2_data/action/_move_xyz_s.c.o[0m
[26.244s] [ 92%] [32mBuilding C object CMakeFiles/ros2_data__rosidl_generator_py.dir/rosidl_generator_py/ros2_data/action/_move_rot_s.c.o[0m
[26.245s] [ 93%] [32mBuilding C object CMakeFiles/ros2_data__rosidl_generator_py.dir/rosidl_generator_py/ros2_data/action/_move_rp_s.c.o[0m
[26.245s] [ 93%] [32mBuilding C object CMakeFiles/ros2_data__rosidl_generator_py.dir/rosidl_generator_py/ros2_data/msg/_joint_pose_s.c.o[0m
[26.246s] [ 93%] [32mBuilding C object CMakeFiles/ros2_data__rosidl_generator_py.dir/rosidl_generator_py/ros2_data/action/_move_ypr_s.c.o[0m
[26.246s] [ 94%] [32mBuilding C object CMakeFiles/ros2_data__rosidl_generator_py.dir/rosidl_generator_py/ros2_data/action/_move_r_s.c.o[0m
[26.574s] [ 95%] [32m[1mLinking C shared library rosidl_generator_py/ros2_data/libros2_data__rosidl_generator_py.so[0m
[26.611s] [ 95%] Built target ros2_data__rosidl_generator_py
[26.636s] [ 97%] [32mBuilding C object CMakeFiles/ros2_data__rosidl_typesupport_c__pyext.dir/rosidl_generator_py/ros2_data/_ros2_data_s.ep.rosidl_typesupport_c.c.o[0m
[26.636s] [ 97%] [32mBuilding C object CMakeFiles/ros2_data__rosidl_typesupport_introspection_c__pyext.dir/rosidl_generator_py/ros2_data/_ros2_data_s.ep.rosidl_typesupport_introspection_c.c.o[0m
[26.636s] [ 97%] [32mBuilding C object CMakeFiles/ros2_data__rosidl_typesupport_fastrtps_c__pyext.dir/rosidl_generator_py/ros2_data/_ros2_data_s.ep.rosidl_typesupport_fastrtps_c.c.o[0m
[27.031s] [ 98%] [32m[1mLinking C shared library rosidl_generator_py/ros2_data/ros2_data_s__rosidl_typesupport_fastrtps_c.cpython-310-x86_64-linux-gnu.so[0m
[27.034s] [ 99%] [32m[1mLinking C shared library rosidl_generator_py/ros2_data/ros2_data_s__rosidl_typesupport_c.cpython-310-x86_64-linux-gnu.so[0m
[27.065s] [100%] [32m[1mLinking C shared library rosidl_generator_py/ros2_data/ros2_data_s__rosidl_typesupport_introspection_c.cpython-310-x86_64-linux-gnu.so[0m
[27.084s] [100%] Built target ros2_data__rosidl_typesupport_fastrtps_c__pyext
[27.084s] [100%] Built target ros2_data__rosidl_typesupport_c__pyext
[27.113s] [100%] Built target ros2_data__rosidl_typesupport_introspection_c__pyext
[27.128s] Invoked command in '/workspace/src/build/ros2_data' returned '0': CMAKE_PREFIX_PATH=${CMAKE_PREFIX_PATH}:/opt/ros/humble /usr/bin/cmake --build /workspace/src/build/ros2_data -- -j12 -l12
[27.438s] Invoking command in '/workspace/src/build/ros2_data': CMAKE_PREFIX_PATH=${CMAKE_PREFIX_PATH}:/opt/ros/humble /usr/bin/cmake --install /workspace/src/build/ros2_data
[27.447s] -- Install configuration: ""
[27.447s] -- Installing: /workspace/src/install/ros2_data/share/ament_index/resource_index/rosidl_interfaces/ros2_data
[27.448s] -- Installing: /workspace/src/install/ros2_data/include/ros2_data/ros2_data
[27.448s] -- Installing: /workspace/src/install/ros2_data/include/ros2_data/ros2_data/action
[27.448s] -- Installing: /workspace/src/install/ros2_data/include/ros2_data/ros2_data/action/move_xyzw.h
[27.448s] -- Installing: /workspace/src/install/ros2_data/include/ros2_data/ros2_data/action/move_g.h
[27.448s] -- Installing: /workspace/src/install/ros2_data/include/ros2_data/ros2_data/action/detail
[27.449s] -- Installing: /workspace/src/install/ros2_data/include/ros2_data/ros2_data/action/detail/move_l__functions.c
[27.449s] -- Installing: /workspace/src/install/ros2_data/include/ros2_data/ros2_data/action/detail/move_r__struct.h
[27.449s] -- Installing: /workspace/src/install/ros2_data/include/ros2_data/ros2_data/action/detail/move_js__functions.h
[27.449s] -- Installing: /workspace/src/install/ros2_data/include/ros2_data/ros2_data/action/detail/move_j__functions.h
[27.449s] -- Installing: /workspace/src/install/ros2_data/include/ros2_data/ros2_data/action/detail/move_g__functions.c
[27.450s] -- Installing: /workspace/src/install/ros2_data/include/ros2_data/ros2_data/action/detail/move_j__type_support.h
[27.450s] -- Installing: /workspace/src/install/ros2_data/include/ros2_data/ros2_data/action/detail/move_js__functions.c
[27.450s] -- Installing: /workspace/src/install/ros2_data/include/ros2_data/ros2_data/action/detail/move_xyz__struct.h
[27.450s] -- Installing: /workspace/src/install/ros2_data/include/ros2_data/ros2_data/action/detail/move_j__functions.c
[27.451s] -- Installing: /workspace/src/install/ros2_data/include/ros2_data/ros2_data/action/detail/move_xyzw__type_support.h
[27.451s] -- Installing: /workspace/src/install/ros2_data/include/ros2_data/ros2_data/action/detail/move_ypr__functions.h
[27.451s] -- Installing: /workspace/src/install/ros2_data/include/ros2_data/ros2_data/action/detail/move_r__functions.c
[27.451s] -- Installing: /workspace/src/install/ros2_data/include/ros2_data/ros2_data/action/detail/move_rot__struct.h
[27.451s] -- Installing: /workspace/src/install/ros2_data/include/ros2_data/ros2_data/action/detail/move_r__type_support.h
[27.452s] -- Installing: /workspace/src/install/ros2_data/include/ros2_data/ros2_data/action/detail/move_g__struct.h
[27.452s] -- Installing: /workspace/src/install/ros2_data/include/ros2_data/ros2_data/action/detail/move_rp__type_support.h
[27.452s] -- Installing: /workspace/src/install/ros2_data/include/ros2_data/ros2_data/action/detail/move_g__type_support.h
[27.452s] -- Installing: /workspace/src/install/ros2_data/include/ros2_data/ros2_data/action/detail/move_rot__functions.c
[27.452s] -- Installing: /workspace/src/install/ros2_data/include/ros2_data/ros2_data/action/detail/move_rot__functions.h
[27.453s] -- Installing: /workspace/src/install/ros2_data/include/ros2_data/ros2_data/action/detail/move_rp__struct.h
[27.453s] -- Installing: /workspace/src/install/ros2_data/include/ros2_data/ros2_data/action/detail/move_rot__type_support.h
[27.453s] -- Installing: /workspace/src/install/ros2_data/include/ros2_data/ros2_data/action/detail/move_l__functions.h
[27.453s] -- Installing: /workspace/src/install/ros2_data/include/ros2_data/ros2_data/action/detail/move_ypr__struct.h
[27.453s] -- Installing: /workspace/src/install/ros2_data/include/ros2_data/ros2_data/action/detail/move_ypr__type_support.h
[27.454s] -- Installing: /workspace/src/install/ros2_data/include/ros2_data/ros2_data/action/detail/move_xyz__functions.h
[27.454s] -- Installing: /workspace/src/install/ros2_data/include/ros2_data/ros2_data/action/detail/move_js__struct.h
[27.454s] -- Installing: /workspace/src/install/ros2_data/include/ros2_data/ros2_data/action/detail/move_l__struct.h
[27.454s] -- Installing: /workspace/src/install/ros2_data/include/ros2_data/ros2_data/action/detail/move_ypr__functions.c
[27.455s] -- Installing: /workspace/src/install/ros2_data/include/ros2_data/ros2_data/action/detail/move_js__type_support.h
[27.455s] -- Installing: /workspace/src/install/ros2_data/include/ros2_data/ros2_data/action/detail/move_g__functions.h
[27.455s] -- Installing: /workspace/src/install/ros2_data/include/ros2_data/ros2_data/action/detail/move_l__type_support.h
[27.455s] -- Installing: /workspace/src/install/ros2_data/include/ros2_data/ros2_data/action/detail/move_xyzw__functions.c
[27.455s] -- Installing: /workspace/src/install/ros2_data/include/ros2_data/ros2_data/action/detail/move_xyzw__struct.h
[27.456s] -- Installing: /workspace/src/install/ros2_data/include/ros2_data/ros2_data/action/detail/move_j__struct.h
[27.456s] -- Installing: /workspace/src/install/ros2_data/include/ros2_data/ros2_data/action/detail/move_rp__functions.c
[27.456s] -- Installing: /workspace/src/install/ros2_data/include/ros2_data/ros2_data/action/detail/move_xyz__functions.c
[27.456s] -- Installing: /workspace/src/install/ros2_data/include/ros2_data/ros2_data/action/detail/move_xyzw__functions.h
[27.457s] -- Installing: /workspace/src/install/ros2_data/include/ros2_data/ros2_data/action/detail/move_rp__functions.h
[27.457s] -- Installing: /workspace/src/install/ros2_data/include/ros2_data/ros2_data/action/detail/move_r__functions.h
[27.457s] -- Installing: /workspace/src/install/ros2_data/include/ros2_data/ros2_data/action/detail/move_xyz__type_support.h
[27.457s] -- Installing: /workspace/src/install/ros2_data/include/ros2_data/ros2_data/action/move_j.h
[27.458s] -- Installing: /workspace/src/install/ros2_data/include/ros2_data/ros2_data/action/move_rot.h
[27.458s] -- Installing: /workspace/src/install/ros2_data/include/ros2_data/ros2_data/action/move_l.h
[27.458s] -- Installing: /workspace/src/install/ros2_data/include/ros2_data/ros2_data/action/move_xyz.h
[27.458s] -- Installing: /workspace/src/install/ros2_data/include/ros2_data/ros2_data/action/move_r.h
[27.458s] -- Installing: /workspace/src/install/ros2_data/include/ros2_data/ros2_data/action/move_rp.h
[27.458s] -- Installing: /workspace/src/install/ros2_data/include/ros2_data/ros2_data/action/move_ypr.h
[27.459s] -- Installing: /workspace/src/install/ros2_data/include/ros2_data/ros2_data/action/move_js.h
[27.459s] -- Installing: /workspace/src/install/ros2_data/include/ros2_data/ros2_data/msg
[27.459s] -- Installing: /workspace/src/install/ros2_data/include/ros2_data/ros2_data/msg/detail
[27.459s] -- Installing: /workspace/src/install/ros2_data/include/ros2_data/ros2_data/msg/detail/joint_pose_s__functions.h
[27.459s] -- Installing: /workspace/src/install/ros2_data/include/ros2_data/ros2_data/msg/detail/joint_pose_s__struct.h
[27.460s] -- Installing: /workspace/src/install/ros2_data/include/ros2_data/ros2_data/msg/detail/joint_pose__struct.h
[27.460s] -- Installing: /workspace/src/install/ros2_data/include/ros2_data/ros2_data/msg/detail/joint_pose_s__functions.c
[27.460s] -- Installing: /workspace/src/install/ros2_data/include/ros2_data/ros2_data/msg/detail/joint_pose__functions.c
[27.460s] -- Installing: /workspace/src/install/ros2_data/include/ros2_data/ros2_data/msg/detail/joint_pose__type_support.h
[27.460s] -- Installing: /workspace/src/install/ros2_data/include/ros2_data/ros2_data/msg/detail/joint_pose_s__type_support.h
[27.460s] -- Installing: /workspace/src/install/ros2_data/include/ros2_data/ros2_data/msg/detail/joint_pose__functions.h
[27.461s] -- Installing: /workspace/src/install/ros2_data/include/ros2_data/ros2_data/msg/rosidl_generator_c__visibility_control.h
[27.461s] -- Installing: /workspace/src/install/ros2_data/include/ros2_data/ros2_data/msg/joint_pose.h
[27.461s] -- Installing: /workspace/src/install/ros2_data/include/ros2_data/ros2_data/msg/joint_pose_s.h
[27.461s] -- Installing: /workspace/src/install/ros2_data/share/ros2_data/environment/library_path.sh
[27.461s] -- Installing: /workspace/src/install/ros2_data/share/ros2_data/environment/library_path.dsv
[27.462s] -- Installing: /workspace/src/install/ros2_data/lib/libros2_data__rosidl_generator_c.so
[27.463s] -- Set runtime path of "/workspace/src/install/ros2_data/lib/libros2_data__rosidl_generator_c.so" to ""
[27.463s] -- Up-to-date: /workspace/src/install/ros2_data/include/ros2_data/ros2_data
[27.463s] -- Up-to-date: /workspace/src/install/ros2_data/include/ros2_data/ros2_data/action
[27.463s] -- Up-to-date: /workspace/src/install/ros2_data/include/ros2_data/ros2_data/action/detail
[27.463s] -- Installing: /workspace/src/install/ros2_data/include/ros2_data/ros2_data/action/detail/move_xyzw__rosidl_typesupport_fastrtps_c.h
[27.463s] -- Installing: /workspace/src/install/ros2_data/include/ros2_data/ros2_data/action/detail/move_r__rosidl_typesupport_fastrtps_c.h
[27.464s] -- Installing: /workspace/src/install/ros2_data/include/ros2_data/ros2_data/action/detail/move_js__rosidl_typesupport_fastrtps_c.h
[27.464s] -- Installing: /workspace/src/install/ros2_data/include/ros2_data/ros2_data/action/detail/move_rp__rosidl_typesupport_fastrtps_c.h
[27.464s] -- Installing: /workspace/src/install/ros2_data/include/ros2_data/ros2_data/action/detail/move_g__rosidl_typesupport_fastrtps_c.h
[27.464s] -- Installing: /workspace/src/install/ros2_data/include/ros2_data/ros2_data/action/detail/move_ypr__rosidl_typesupport_fastrtps_c.h
[27.464s] -- Installing: /workspace/src/install/ros2_data/include/ros2_data/ros2_data/action/detail/move_xyz__rosidl_typesupport_fastrtps_c.h
[27.464s] -- Installing: /workspace/src/install/ros2_data/include/ros2_data/ros2_data/action/detail/move_l__rosidl_typesupport_fastrtps_c.h
[27.465s] -- Installing: /workspace/src/install/ros2_data/include/ros2_data/ros2_data/action/detail/move_j__rosidl_typesupport_fastrtps_c.h
[27.465s] -- Installing: /workspace/src/install/ros2_data/include/ros2_data/ros2_data/action/detail/move_rot__rosidl_typesupport_fastrtps_c.h
[27.465s] -- Up-to-date: /workspace/src/install/ros2_data/include/ros2_data/ros2_data/msg
[27.465s] -- Up-to-date: /workspace/src/install/ros2_data/include/ros2_data/ros2_data/msg/detail
[27.465s] -- Installing: /workspace/src/install/ros2_data/include/ros2_data/ros2_data/msg/detail/joint_pose_s__rosidl_typesupport_fastrtps_c.h
[27.465s] -- Installing: /workspace/src/install/ros2_data/include/ros2_data/ros2_data/msg/detail/joint_pose__rosidl_typesupport_fastrtps_c.h
[27.466s] -- Installing: /workspace/src/install/ros2_data/include/ros2_data/ros2_data/msg/rosidl_typesupport_fastrtps_c__visibility_control.h
[27.466s] -- Installing: /workspace/src/install/ros2_data/lib/libros2_data__rosidl_typesupport_fastrtps_c.so
[27.466s] -- Set runtime path of "/workspace/src/install/ros2_data/lib/libros2_data__rosidl_typesupport_fastrtps_c.so" to ""
[27.466s] -- Up-to-date: /workspace/src/install/ros2_data/include/ros2_data/ros2_data
[27.467s] -- Up-to-date: /workspace/src/install/ros2_data/include/ros2_data/ros2_data/action
[27.467s] -- Up-to-date: /workspace/src/install/ros2_data/include/ros2_data/ros2_data/action/detail
[27.467s] -- Installing: /workspace/src/install/ros2_data/include/ros2_data/ros2_data/action/detail/move_xyz__rosidl_typesupport_introspection_c.h
[27.467s] -- Installing: /workspace/src/install/ros2_data/include/ros2_data/ros2_data/action/detail/move_rp__rosidl_typesupport_introspection_c.h
[27.467s] -- Installing: /workspace/src/install/ros2_data/include/ros2_data/ros2_data/action/detail/move_g__type_support.c
[27.467s] -- Installing: /workspace/src/install/ros2_data/include/ros2_data/ros2_data/action/detail/move_xyzw__rosidl_typesupport_introspection_c.h
[27.468s] -- Installing: /workspace/src/install/ros2_data/include/ros2_data/ros2_data/action/detail/move_rot__type_support.c
[27.468s] -- Installing: /workspace/src/install/ros2_data/include/ros2_data/ros2_data/action/detail/move_ypr__rosidl_typesupport_introspection_c.h
[27.468s] -- Installing: /workspace/src/install/ros2_data/include/ros2_data/ros2_data/action/detail/move_r__rosidl_typesupport_introspection_c.h
[27.468s] -- Installing: /workspace/src/install/ros2_data/include/ros2_data/ros2_data/action/detail/move_rp__type_support.c
[27.468s] -- Installing: /workspace/src/install/ros2_data/include/ros2_data/ros2_data/action/detail/move_r__type_support.c
[27.468s] -- Installing: /workspace/src/install/ros2_data/include/ros2_data/ros2_data/action/detail/move_l__type_support.c
[27.469s] -- Installing: /workspace/src/install/ros2_data/include/ros2_data/ros2_data/action/detail/move_js__type_support.c
[27.469s] -- Installing: /workspace/src/install/ros2_data/include/ros2_data/ros2_data/action/detail/move_rot__rosidl_typesupport_introspection_c.h
[27.469s] -- Installing: /workspace/src/install/ros2_data/include/ros2_data/ros2_data/action/detail/move_l__rosidl_typesupport_introspection_c.h
[27.469s] -- Installing: /workspace/src/install/ros2_data/include/ros2_data/ros2_data/action/detail/move_ypr__type_support.c
[27.469s] -- Installing: /workspace/src/install/ros2_data/include/ros2_data/ros2_data/action/detail/move_j__rosidl_typesupport_introspection_c.h
[27.469s] -- Installing: /workspace/src/install/ros2_data/include/ros2_data/ros2_data/action/detail/move_xyzw__type_support.c
[27.470s] -- Installing: /workspace/src/install/ros2_data/include/ros2_data/ros2_data/action/detail/move_g__rosidl_typesupport_introspection_c.h
[27.470s] -- Installing: /workspace/src/install/ros2_data/include/ros2_data/ros2_data/action/detail/move_j__type_support.c
[27.470s] -- Installing: /workspace/src/install/ros2_data/include/ros2_data/ros2_data/action/detail/move_xyz__type_support.c
[27.470s] -- Installing: /workspace/src/install/ros2_data/include/ros2_data/ros2_data/action/detail/move_js__rosidl_typesupport_introspection_c.h
[27.470s] -- Up-to-date: /workspace/src/install/ros2_data/include/ros2_data/ros2_data/msg
[27.471s] -- Installing: /workspace/src/install/ros2_data/include/ros2_data/ros2_data/msg/rosidl_typesupport_introspection_c__visibility_control.h
[27.471s] -- Up-to-date: /workspace/src/install/ros2_data/include/ros2_data/ros2_data/msg/detail
[27.471s] -- Installing: /workspace/src/install/ros2_data/include/ros2_data/ros2_data/msg/detail/joint_pose__type_support.c
[27.471s] -- Installing: /workspace/src/install/ros2_data/include/ros2_data/ros2_data/msg/detail/joint_pose__rosidl_typesupport_introspection_c.h
[27.471s] -- Installing: /workspace/src/install/ros2_data/include/ros2_data/ros2_data/msg/detail/joint_pose_s__rosidl_typesupport_introspection_c.h
[27.471s] -- Installing: /workspace/src/install/ros2_data/include/ros2_data/ros2_data/msg/detail/joint_pose_s__type_support.c
[27.471s] -- Installing: /workspace/src/install/ros2_data/lib/libros2_data__rosidl_typesupport_introspection_c.so
[27.472s] -- Set runtime path of "/workspace/src/install/ros2_data/lib/libros2_data__rosidl_typesupport_introspection_c.so" to ""
[27.472s] -- Installing: /workspace/src/install/ros2_data/lib/libros2_data__rosidl_typesupport_c.so
[27.473s] -- Set runtime path of "/workspace/src/install/ros2_data/lib/libros2_data__rosidl_typesupport_c.so" to ""
[27.473s] -- Up-to-date: /workspace/src/install/ros2_data/include/ros2_data/ros2_data
[27.473s] -- Up-to-date: /workspace/src/install/ros2_data/include/ros2_data/ros2_data/action
[27.473s] -- Installing: /workspace/src/install/ros2_data/include/ros2_data/ros2_data/action/move_j.hpp
[27.473s] -- Installing: /workspace/src/install/ros2_data/include/ros2_data/ros2_data/action/move_rot.hpp
[27.473s] -- Installing: /workspace/src/install/ros2_data/include/ros2_data/ros2_data/action/move_js.hpp
[27.474s] -- Up-to-date: /workspace/src/install/ros2_data/include/ros2_data/ros2_data/action/detail
[27.474s] -- Installing: /workspace/src/install/ros2_data/include/ros2_data/ros2_data/action/detail/move_js__struct.hpp
[27.474s] -- Installing: /workspace/src/install/ros2_data/include/ros2_data/ros2_data/action/detail/move_l__traits.hpp
[27.474s] -- Installing: /workspace/src/install/ros2_data/include/ros2_data/ros2_data/action/detail/move_g__traits.hpp
[27.474s] -- Installing: /workspace/src/install/ros2_data/include/ros2_data/ros2_data/action/detail/move_rot__builder.hpp
[27.474s] -- Installing: /workspace/src/install/ros2_data/include/ros2_data/ros2_data/action/detail/move_g__builder.hpp
[27.474s] -- Installing: /workspace/src/install/ros2_data/include/ros2_data/ros2_data/action/detail/move_ypr__struct.hpp
[27.475s] -- Installing: /workspace/src/install/ros2_data/include/ros2_data/ros2_data/action/detail/move_r__struct.hpp
[27.475s] -- Installing: /workspace/src/install/ros2_data/include/ros2_data/ros2_data/action/detail/move_js__builder.hpp
[27.475s] -- Installing: /workspace/src/install/ros2_data/include/ros2_data/ros2_data/action/detail/move_xyz__builder.hpp
[27.475s] -- Installing: /workspace/src/install/ros2_data/include/ros2_data/ros2_data/action/detail/move_js__traits.hpp
[27.475s] -- Installing: /workspace/src/install/ros2_data/include/ros2_data/ros2_data/action/detail/move_xyzw__traits.hpp
[27.475s] -- Installing: /workspace/src/install/ros2_data/include/ros2_data/ros2_data/action/detail/move_j__traits.hpp
[27.476s] -- Installing: /workspace/src/install/ros2_data/include/ros2_data/ros2_data/action/detail/move_xyz__struct.hpp
[27.476s] -- Installing: /workspace/src/install/ros2_data/include/ros2_data/ros2_data/action/detail/move_l__builder.hpp
[27.476s] -- Installing: /workspace/src/install/ros2_data/include/ros2_data/ros2_data/action/detail/move_xyzw__builder.hpp
[27.476s] -- Installing: /workspace/src/install/ros2_data/include/ros2_data/ros2_data/action/detail/move_r__builder.hpp
[27.476s] -- Installing: /workspace/src/install/ros2_data/include/ros2_data/ros2_data/action/detail/move_rot__struct.hpp
[27.476s] -- Installing: /workspace/src/install/ros2_data/include/ros2_data/ros2_data/action/detail/move_rp__struct.hpp
[27.477s] -- Installing: /workspace/src/install/ros2_data/include/ros2_data/ros2_data/action/detail/move_xyzw__struct.hpp
[27.477s] -- Installing: /workspace/src/install/ros2_data/include/ros2_data/ros2_data/action/detail/move_xyz__traits.hpp
[27.477s] -- Installing: /workspace/src/install/ros2_data/include/ros2_data/ros2_data/action/detail/move_rot__traits.hpp
[27.477s] -- Installing: /workspace/src/install/ros2_data/include/ros2_data/ros2_data/action/detail/move_l__struct.hpp
[27.477s] -- Installing: /workspace/src/install/ros2_data/include/ros2_data/ros2_data/action/detail/move_rp__traits.hpp
[27.478s] -- Installing: /workspace/src/install/ros2_data/include/ros2_data/ros2_data/action/detail/move_r__traits.hpp
[27.478s] -- Installing: /workspace/src/install/ros2_data/include/ros2_data/ros2_data/action/detail/move_ypr__traits.hpp
[27.478s] -- Installing: /workspace/src/install/ros2_data/include/ros2_data/ros2_data/action/detail/move_g__struct.hpp
[27.478s] -- Installing: /workspace/src/install/ros2_data/include/ros2_data/ros2_data/action/detail/move_j__struct.hpp
[27.478s] -- Installing: /workspace/src/install/ros2_data/include/ros2_data/ros2_data/action/detail/move_j__builder.hpp
[27.478s] -- Installing: /workspace/src/install/ros2_data/include/ros2_data/ros2_data/action/detail/move_ypr__builder.hpp
[27.479s] -- Installing: /workspace/src/install/ros2_data/include/ros2_data/ros2_data/action/detail/move_rp__builder.hpp
[27.479s] -- Installing: /workspace/src/install/ros2_data/include/ros2_data/ros2_data/action/move_xyz.hpp
[27.479s] -- Installing: /workspace/src/install/ros2_data/include/ros2_data/ros2_data/action/move_g.hpp
[27.479s] -- Installing: /workspace/src/install/ros2_data/include/ros2_data/ros2_data/action/move_r.hpp
[27.479s] -- Installing: /workspace/src/install/ros2_data/include/ros2_data/ros2_data/action/move_l.hpp
[27.479s] -- Installing: /workspace/src/install/ros2_data/include/ros2_data/ros2_data/action/move_xyzw.hpp
[27.480s] -- Installing: /workspace/src/install/ros2_data/include/ros2_data/ros2_data/action/move_rp.hpp
[27.480s] -- Installing: /workspace/src/install/ros2_data/include/ros2_data/ros2_data/action/move_ypr.hpp
[27.480s] -- Up-to-date: /workspace/src/install/ros2_data/include/ros2_data/ros2_data/msg
[27.480s] -- Up-to-date: /workspace/src/install/ros2_data/include/ros2_data/ros2_data/msg/detail
[27.480s] -- Installing: /workspace/src/install/ros2_data/include/ros2_data/ros2_data/msg/detail/joint_pose_s__struct.hpp
[27.480s] -- Installing: /workspace/src/install/ros2_data/include/ros2_data/ros2_data/msg/detail/joint_pose__builder.hpp
[27.480s] -- Installing: /workspace/src/install/ros2_data/include/ros2_data/ros2_data/msg/detail/joint_pose_s__builder.hpp
[27.481s] -- Installing: /workspace/src/install/ros2_data/include/ros2_data/ros2_data/msg/detail/joint_pose_s__traits.hpp
[27.481s] -- Installing: /workspace/src/install/ros2_data/include/ros2_data/ros2_data/msg/detail/joint_pose__traits.hpp
[27.481s] -- Installing: /workspace/src/install/ros2_data/include/ros2_data/ros2_data/msg/detail/joint_pose__struct.hpp
[27.481s] -- Installing: /workspace/src/install/ros2_data/include/ros2_data/ros2_data/msg/joint_pose.hpp
[27.481s] -- Installing: /workspace/src/install/ros2_data/include/ros2_data/ros2_data/msg/joint_pose_s.hpp
[27.481s] -- Up-to-date: /workspace/src/install/ros2_data/include/ros2_data/ros2_data
[27.482s] -- Up-to-date: /workspace/src/install/ros2_data/include/ros2_data/ros2_data/action
[27.482s] -- Up-to-date: /workspace/src/install/ros2_data/include/ros2_data/ros2_data/action/detail
[27.482s] -- Installing: /workspace/src/install/ros2_data/include/ros2_data/ros2_data/action/detail/move_ypr__rosidl_typesupport_fastrtps_cpp.hpp
[27.482s] -- Installing: /workspace/src/install/ros2_data/include/ros2_data/ros2_data/action/detail/move_l__rosidl_typesupport_fastrtps_cpp.hpp
[27.482s] -- Installing: /workspace/src/install/ros2_data/include/ros2_data/ros2_data/action/detail/move_rp__rosidl_typesupport_fastrtps_cpp.hpp
[27.482s] -- Installing: /workspace/src/install/ros2_data/include/ros2_data/ros2_data/action/detail/move_r__rosidl_typesupport_fastrtps_cpp.hpp
[27.483s] -- Installing: /workspace/src/install/ros2_data/include/ros2_data/ros2_data/action/detail/move_j__rosidl_typesupport_fastrtps_cpp.hpp
[27.483s] -- Installing: /workspace/src/install/ros2_data/include/ros2_data/ros2_data/action/detail/move_xyz__rosidl_typesupport_fastrtps_cpp.hpp
[27.483s] -- Installing: /workspace/src/install/ros2_data/include/ros2_data/ros2_data/action/detail/move_rot__rosidl_typesupport_fastrtps_cpp.hpp
[27.483s] -- Installing: /workspace/src/install/ros2_data/include/ros2_data/ros2_data/action/detail/dds_fastrtps
[27.483s] -- Installing: /workspace/src/install/ros2_data/include/ros2_data/ros2_data/action/detail/move_js__rosidl_typesupport_fastrtps_cpp.hpp
[27.483s] -- Installing: /workspace/src/install/ros2_data/include/ros2_data/ros2_data/action/detail/move_xyzw__rosidl_typesupport_fastrtps_cpp.hpp
[27.483s] -- Installing: /workspace/src/install/ros2_data/include/ros2_data/ros2_data/action/detail/move_g__rosidl_typesupport_fastrtps_cpp.hpp
[27.484s] -- Up-to-date: /workspace/src/install/ros2_data/include/ros2_data/ros2_data/msg
[27.484s] -- Up-to-date: /workspace/src/install/ros2_data/include/ros2_data/ros2_data/msg/detail
[27.484s] -- Installing: /workspace/src/install/ros2_data/include/ros2_data/ros2_data/msg/detail/joint_pose_s__rosidl_typesupport_fastrtps_cpp.hpp
[27.484s] -- Installing: /workspace/src/install/ros2_data/include/ros2_data/ros2_data/msg/detail/dds_fastrtps
[27.484s] -- Installing: /workspace/src/install/ros2_data/include/ros2_data/ros2_data/msg/detail/joint_pose__rosidl_typesupport_fastrtps_cpp.hpp
[27.484s] -- Installing: /workspace/src/install/ros2_data/include/ros2_data/ros2_data/msg/rosidl_typesupport_fastrtps_cpp__visibility_control.h
[27.484s] -- Installing: /workspace/src/install/ros2_data/lib/libros2_data__rosidl_typesupport_fastrtps_cpp.so
[27.485s] -- Set runtime path of "/workspace/src/install/ros2_data/lib/libros2_data__rosidl_typesupport_fastrtps_cpp.so" to ""
[27.485s] -- Up-to-date: /workspace/src/install/ros2_data/include/ros2_data/ros2_data
[27.485s] -- Up-to-date: /workspace/src/install/ros2_data/include/ros2_data/ros2_data/action
[27.485s] -- Up-to-date: /workspace/src/install/ros2_data/include/ros2_data/ros2_data/action/detail
[27.486s] -- Installing: /workspace/src/install/ros2_data/include/ros2_data/ros2_data/action/detail/move_js__type_support.cpp
[27.486s] -- Installing: /workspace/src/install/ros2_data/include/ros2_data/ros2_data/action/detail/move_ypr__rosidl_typesupport_introspection_cpp.hpp
[27.486s] -- Installing: /workspace/src/install/ros2_data/include/ros2_data/ros2_data/action/detail/move_l__type_support.cpp
[27.486s] -- Installing: /workspace/src/install/ros2_data/include/ros2_data/ros2_data/action/detail/move_g__type_support.cpp
[27.486s] -- Installing: /workspace/src/install/ros2_data/include/ros2_data/ros2_data/action/detail/move_l__rosidl_typesupport_introspection_cpp.hpp
[27.486s] -- Installing: /workspace/src/install/ros2_data/include/ros2_data/ros2_data/action/detail/move_ypr__type_support.cpp
[27.487s] -- Installing: /workspace/src/install/ros2_data/include/ros2_data/ros2_data/action/detail/move_r__rosidl_typesupport_introspection_cpp.hpp
[27.487s] -- Installing: /workspace/src/install/ros2_data/include/ros2_data/ros2_data/action/detail/move_xyz__rosidl_typesupport_introspection_cpp.hpp
[27.487s] -- Installing: /workspace/src/install/ros2_data/include/ros2_data/ros2_data/action/detail/move_xyzw__rosidl_typesupport_introspection_cpp.hpp
[27.487s] -- Installing: /workspace/src/install/ros2_data/include/ros2_data/ros2_data/action/detail/move_j__type_support.cpp
[27.487s] -- Installing: /workspace/src/install/ros2_data/include/ros2_data/ros2_data/action/detail/move_js__rosidl_typesupport_introspection_cpp.hpp
[27.487s] -- Installing: /workspace/src/install/ros2_data/include/ros2_data/ros2_data/action/detail/move_rp__rosidl_typesupport_introspection_cpp.hpp
[27.487s] -- Installing: /workspace/src/install/ros2_data/include/ros2_data/ros2_data/action/detail/move_xyz__type_support.cpp
[27.488s] -- Installing: /workspace/src/install/ros2_data/include/ros2_data/ros2_data/action/detail/move_j__rosidl_typesupport_introspection_cpp.hpp
[27.488s] -- Installing: /workspace/src/install/ros2_data/include/ros2_data/ros2_data/action/detail/move_xyzw__type_support.cpp
[27.488s] -- Installing: /workspace/src/install/ros2_data/include/ros2_data/ros2_data/action/detail/move_rp__type_support.cpp
[27.488s] -- Installing: /workspace/src/install/ros2_data/include/ros2_data/ros2_data/action/detail/move_rot__type_support.cpp
[27.488s] -- Installing: /workspace/src/install/ros2_data/include/ros2_data/ros2_data/action/detail/move_r__type_support.cpp
[27.489s] -- Installing: /workspace/src/install/ros2_data/include/ros2_data/ros2_data/action/detail/move_g__rosidl_typesupport_introspection_cpp.hpp
[27.489s] -- Installing: /workspace/src/install/ros2_data/include/ros2_data/ros2_data/action/detail/move_rot__rosidl_typesupport_introspection_cpp.hpp
[27.489s] -- Up-to-date: /workspace/src/install/ros2_data/include/ros2_data/ros2_data/msg
[27.489s] -- Up-to-date: /workspace/src/install/ros2_data/include/ros2_data/ros2_data/msg/detail
[27.489s] -- Installing: /workspace/src/install/ros2_data/include/ros2_data/ros2_data/msg/detail/joint_pose__type_support.cpp
[27.489s] -- Installing: /workspace/src/install/ros2_data/include/ros2_data/ros2_data/msg/detail/joint_pose_s__type_support.cpp
[27.489s] -- Installing: /workspace/src/install/ros2_data/include/ros2_data/ros2_data/msg/detail/joint_pose__rosidl_typesupport_introspection_cpp.hpp
[27.490s] -- Installing: /workspace/src/install/ros2_data/include/ros2_data/ros2_data/msg/detail/joint_pose_s__rosidl_typesupport_introspection_cpp.hpp
[27.490s] -- Installing: /workspace/src/install/ros2_data/lib/libros2_data__rosidl_typesupport_introspection_cpp.so
[27.491s] -- Set runtime path of "/workspace/src/install/ros2_data/lib/libros2_data__rosidl_typesupport_introspection_cpp.so" to ""
[27.491s] -- Installing: /workspace/src/install/ros2_data/lib/libros2_data__rosidl_typesupport_cpp.so
[27.491s] -- Set runtime path of "/workspace/src/install/ros2_data/lib/libros2_data__rosidl_typesupport_cpp.so" to ""
[27.492s] -- Installing: /workspace/src/install/ros2_data/share/ros2_data/environment/pythonpath.sh
[27.492s] -- Installing: /workspace/src/install/ros2_data/share/ros2_data/environment/pythonpath.dsv
[27.492s] -- Installing: /workspace/src/install/ros2_data/local/lib/python3.10/dist-packages/ros2_data-0.0.0-py3.10.egg-info
[27.492s] -- Installing: /workspace/src/install/ros2_data/local/lib/python3.10/dist-packages/ros2_data-0.0.0-py3.10.egg-info/SOURCES.txt
[27.492s] -- Installing: /workspace/src/install/ros2_data/local/lib/python3.10/dist-packages/ros2_data-0.0.0-py3.10.egg-info/dependency_links.txt
[27.492s] -- Installing: /workspace/src/install/ros2_data/local/lib/python3.10/dist-packages/ros2_data-0.0.0-py3.10.egg-info/top_level.txt
[27.492s] -- Installing: /workspace/src/install/ros2_data/local/lib/python3.10/dist-packages/ros2_data-0.0.0-py3.10.egg-info/PKG-INFO
[27.493s] -- Installing: /workspace/src/install/ros2_data/local/lib/python3.10/dist-packages/ros2_data
[27.493s] -- Installing: /workspace/src/install/ros2_data/local/lib/python3.10/dist-packages/ros2_data/action
[27.493s] -- Installing: /workspace/src/install/ros2_data/local/lib/python3.10/dist-packages/ros2_data/action/_move_g.py
[27.493s] -- Installing: /workspace/src/install/ros2_data/local/lib/python3.10/dist-packages/ros2_data/action/_move_j_s.c
[27.493s] -- Installing: /workspace/src/install/ros2_data/local/lib/python3.10/dist-packages/ros2_data/action/_move_ypr_s.c
[27.493s] -- Installing: /workspace/src/install/ros2_data/local/lib/python3.10/dist-packages/ros2_data/action/_move_rot_s.c
[27.493s] -- Installing: /workspace/src/install/ros2_data/local/lib/python3.10/dist-packages/ros2_data/action/_move_js_s.c
[27.494s] -- Installing: /workspace/src/install/ros2_data/local/lib/python3.10/dist-packages/ros2_data/action/_move_r.py
[27.494s] -- Installing: /workspace/src/install/ros2_data/local/lib/python3.10/dist-packages/ros2_data/action/_move_g_s.c
[27.494s] -- Installing: /workspace/src/install/ros2_data/local/lib/python3.10/dist-packages/ros2_data/action/_move_js.py
[27.494s] -- Installing: /workspace/src/install/ros2_data/local/lib/python3.10/dist-packages/ros2_data/action/_move_xyzw_s.c
[27.494s] -- Installing: /workspace/src/install/ros2_data/local/lib/python3.10/dist-packages/ros2_data/action/_move_xyz_s.c
[27.494s] -- Installing: /workspace/src/install/ros2_data/local/lib/python3.10/dist-packages/ros2_data/action/_move_l.py
[27.495s] -- Installing: /workspace/src/install/ros2_data/local/lib/python3.10/dist-packages/ros2_data/action/_move_rp_s.c
[27.495s] -- Installing: /workspace/src/install/ros2_data/local/lib/python3.10/dist-packages/ros2_data/action/_move_l_s.c
[27.495s] -- Installing: /workspace/src/install/ros2_data/local/lib/python3.10/dist-packages/ros2_data/action/_move_r_s.c
[27.495s] -- Installing: /workspace/src/install/ros2_data/local/lib/python3.10/dist-packages/ros2_data/action/__init__.py
[27.495s] -- Installing: /workspace/src/install/ros2_data/local/lib/python3.10/dist-packages/ros2_data/action/_move_xyzw.py
[27.495s] -- Installing: /workspace/src/install/ros2_data/local/lib/python3.10/dist-packages/ros2_data/action/_move_xyz.py
[27.495s] -- Installing: /workspace/src/install/ros2_data/local/lib/python3.10/dist-packages/ros2_data/action/_move_rot.py
[27.496s] -- Installing: /workspace/src/install/ros2_data/local/lib/python3.10/dist-packages/ros2_data/action/_move_j.py
[27.496s] -- Installing: /workspace/src/install/ros2_data/local/lib/python3.10/dist-packages/ros2_data/action/_move_ypr.py
[27.496s] -- Installing: /workspace/src/install/ros2_data/local/lib/python3.10/dist-packages/ros2_data/action/_move_rp.py
[27.496s] -- Installing: /workspace/src/install/ros2_data/local/lib/python3.10/dist-packages/ros2_data/_ros2_data_s.ep.rosidl_typesupport_c.c
[27.497s] -- Installing: /workspace/src/install/ros2_data/local/lib/python3.10/dist-packages/ros2_data/_ros2_data_s.ep.rosidl_typesupport_fastrtps_c.c
[27.497s] -- Installing: /workspace/src/install/ros2_data/local/lib/python3.10/dist-packages/ros2_data/libros2_data__rosidl_generator_py.so
[27.497s] -- Installing: /workspace/src/install/ros2_data/local/lib/python3.10/dist-packages/ros2_data/ros2_data_s__rosidl_typesupport_fastrtps_c.cpython-310-x86_64-linux-gnu.so
[27.498s] -- Installing: /workspace/src/install/ros2_data/local/lib/python3.10/dist-packages/ros2_data/ros2_data_s__rosidl_typesupport_introspection_c.cpython-310-x86_64-linux-gnu.so
[27.498s] -- Installing: /workspace/src/install/ros2_data/local/lib/python3.10/dist-packages/ros2_data/msg
[27.498s] -- Installing: /workspace/src/install/ros2_data/local/lib/python3.10/dist-packages/ros2_data/msg/_joint_pose_s_s.c
[27.498s] -- Installing: /workspace/src/install/ros2_data/local/lib/python3.10/dist-packages/ros2_data/msg/_joint_pose_s.c
[27.498s] -- Installing: /workspace/src/install/ros2_data/local/lib/python3.10/dist-packages/ros2_data/msg/_joint_pose_s.py
[27.499s] -- Installing: /workspace/src/install/ros2_data/local/lib/python3.10/dist-packages/ros2_data/msg/_joint_pose.py
[27.499s] -- Installing: /workspace/src/install/ros2_data/local/lib/python3.10/dist-packages/ros2_data/msg/__init__.py
[27.499s] -- Installing: /workspace/src/install/ros2_data/local/lib/python3.10/dist-packages/ros2_data/__init__.py
[27.499s] -- Installing: /workspace/src/install/ros2_data/local/lib/python3.10/dist-packages/ros2_data/ros2_data_s__rosidl_typesupport_c.cpython-310-x86_64-linux-gnu.so
[27.499s] -- Installing: /workspace/src/install/ros2_data/local/lib/python3.10/dist-packages/ros2_data/_ros2_data_s.ep.rosidl_typesupport_introspection_c.c
[27.584s] Listing '/workspace/src/install/ros2_data/local/lib/python3.10/dist-packages/ros2_data'...
[27.584s] Compiling '/workspace/src/install/ros2_data/local/lib/python3.10/dist-packages/ros2_data/__init__.py'...
[27.584s] Listing '/workspace/src/install/ros2_data/local/lib/python3.10/dist-packages/ros2_data/action'...
[27.584s] Compiling '/workspace/src/install/ros2_data/local/lib/python3.10/dist-packages/ros2_data/action/__init__.py'...
[27.584s] Compiling '/workspace/src/install/ros2_data/local/lib/python3.10/dist-packages/ros2_data/action/_move_g.py'...
[27.584s] Compiling '/workspace/src/install/ros2_data/local/lib/python3.10/dist-packages/ros2_data/action/_move_j.py'...
[27.584s] Compiling '/workspace/src/install/ros2_data/local/lib/python3.10/dist-packages/ros2_data/action/_move_js.py'...
[27.584s] Compiling '/workspace/src/install/ros2_data/local/lib/python3.10/dist-packages/ros2_data/action/_move_l.py'...
[27.584s] Compiling '/workspace/src/install/ros2_data/local/lib/python3.10/dist-packages/ros2_data/action/_move_r.py'...
[27.584s] Compiling '/workspace/src/install/ros2_data/local/lib/python3.10/dist-packages/ros2_data/action/_move_rot.py'...
[27.584s] Compiling '/workspace/src/install/ros2_data/local/lib/python3.10/dist-packages/ros2_data/action/_move_rp.py'...
[27.584s] Compiling '/workspace/src/install/ros2_data/local/lib/python3.10/dist-packages/ros2_data/action/_move_xyz.py'...
[27.584s] Compiling '/workspace/src/install/ros2_data/local/lib/python3.10/dist-packages/ros2_data/action/_move_xyzw.py'...
[27.584s] Compiling '/workspace/src/install/ros2_data/local/lib/python3.10/dist-packages/ros2_data/action/_move_ypr.py'...
[27.584s] Listing '/workspace/src/install/ros2_data/local/lib/python3.10/dist-packages/ros2_data/msg'...
[27.584s] Compiling '/workspace/src/install/ros2_data/local/lib/python3.10/dist-packages/ros2_data/msg/__init__.py'...
[27.585s] Compiling '/workspace/src/install/ros2_data/local/lib/python3.10/dist-packages/ros2_data/msg/_joint_pose.py'...
[27.585s] Compiling '/workspace/src/install/ros2_data/local/lib/python3.10/dist-packages/ros2_data/msg/_joint_pose_s.py'...
[27.588s] -- Installing: /workspace/src/install/ros2_data/local/lib/python3.10/dist-packages/ros2_data/ros2_data_s__rosidl_typesupport_fastrtps_c.cpython-310-x86_64-linux-gnu.so
[27.588s] -- Set runtime path of "/workspace/src/install/ros2_data/local/lib/python3.10/dist-packages/ros2_data/ros2_data_s__rosidl_typesupport_fastrtps_c.cpython-310-x86_64-linux-gnu.so" to ""
[27.588s] -- Installing: /workspace/src/install/ros2_data/local/lib/python3.10/dist-packages/ros2_data/ros2_data_s__rosidl_typesupport_introspection_c.cpython-310-x86_64-linux-gnu.so
[27.589s] -- Set runtime path of "/workspace/src/install/ros2_data/local/lib/python3.10/dist-packages/ros2_data/ros2_data_s__rosidl_typesupport_introspection_c.cpython-310-x86_64-linux-gnu.so" to ""
[27.589s] -- Installing: /workspace/src/install/ros2_data/local/lib/python3.10/dist-packages/ros2_data/ros2_data_s__rosidl_typesupport_c.cpython-310-x86_64-linux-gnu.so
[27.590s] -- Set runtime path of "/workspace/src/install/ros2_data/local/lib/python3.10/dist-packages/ros2_data/ros2_data_s__rosidl_typesupport_c.cpython-310-x86_64-linux-gnu.so" to ""
[27.590s] -- Installing: /workspace/src/install/ros2_data/lib/libros2_data__rosidl_generator_py.so
[27.591s] -- Set runtime path of "/workspace/src/install/ros2_data/lib/libros2_data__rosidl_generator_py.so" to ""
[27.591s] -- Installing: /workspace/src/install/ros2_data/share/ros2_data/msg/JointPose.idl
[27.591s] -- Installing: /workspace/src/install/ros2_data/share/ros2_data/msg/JointPoseS.idl
[27.591s] -- Installing: /workspace/src/install/ros2_data/share/ros2_data/action/MoveJ.idl
[27.591s] -- Installing: /workspace/src/install/ros2_data/share/ros2_data/action/MoveJs.idl
[27.591s] -- Installing: /workspace/src/install/ros2_data/share/ros2_data/action/MoveG.idl
[27.591s] -- Installing: /workspace/src/install/ros2_data/share/ros2_data/action/MoveXYZW.idl
[27.592s] -- Installing: /workspace/src/install/ros2_data/share/ros2_data/action/MoveL.idl
[27.592s] -- Installing: /workspace/src/install/ros2_data/share/ros2_data/action/MoveR.idl
[27.592s] -- Installing: /workspace/src/install/ros2_data/share/ros2_data/action/MoveXYZ.idl
[27.592s] -- Installing: /workspace/src/install/ros2_data/share/ros2_data/action/MoveYPR.idl
[27.592s] -- Installing: /workspace/src/install/ros2_data/share/ros2_data/action/MoveROT.idl
[27.592s] -- Installing: /workspace/src/install/ros2_data/share/ros2_data/action/MoveRP.idl
[27.593s] -- Installing: /workspace/src/install/ros2_data/share/ros2_data/msg/JointPose.msg
[27.593s] -- Installing: /workspace/src/install/ros2_data/share/ros2_data/msg/JointPoseS.msg
[27.593s] -- Installing: /workspace/src/install/ros2_data/share/ros2_data/action/MoveJ.action
[27.593s] -- Installing: /workspace/src/install/ros2_data/share/ros2_data/action/MoveJs.action
[27.593s] -- Installing: /workspace/src/install/ros2_data/share/ros2_data/action/MoveG.action
[27.593s] -- Installing: /workspace/src/install/ros2_data/share/ros2_data/action/MoveXYZW.action
[27.593s] -- Installing: /workspace/src/install/ros2_data/share/ros2_data/action/MoveL.action
[27.593s] -- Installing: /workspace/src/install/ros2_data/share/ros2_data/action/MoveR.action
[27.594s] -- Installing: /workspace/src/install/ros2_data/share/ros2_data/action/MoveXYZ.action
[27.594s] -- Installing: /workspace/src/install/ros2_data/share/ros2_data/action/MoveYPR.action
[27.594s] -- Installing: /workspace/src/install/ros2_data/share/ros2_data/action/MoveROT.action
[27.594s] -- Installing: /workspace/src/install/ros2_data/share/ros2_data/action/MoveRP.action
[27.594s] -- Installing: /workspace/src/install/ros2_data/share/ament_index/resource_index/package_run_dependencies/ros2_data
[27.594s] -- Installing: /workspace/src/install/ros2_data/share/ament_index/resource_index/parent_prefix_path/ros2_data
[27.595s] -- Installing: /workspace/src/install/ros2_data/share/ros2_data/environment/ament_prefix_path.sh
[27.595s] -- Installing: /workspace/src/install/ros2_data/share/ros2_data/environment/ament_prefix_path.dsv
[27.595s] -- Installing: /workspace/src/install/ros2_data/share/ros2_data/environment/path.sh
[27.595s] -- Installing: /workspace/src/install/ros2_data/share/ros2_data/environment/path.dsv
[27.595s] -- Installing: /workspace/src/install/ros2_data/share/ros2_data/local_setup.bash
[27.595s] -- Installing: /workspace/src/install/ros2_data/share/ros2_data/local_setup.sh
[27.596s] -- Installing: /workspace/src/install/ros2_data/share/ros2_data/local_setup.zsh
[27.596s] -- Installing: /workspace/src/install/ros2_data/share/ros2_data/local_setup.dsv
[27.596s] -- Installing: /workspace/src/install/ros2_data/share/ros2_data/package.dsv
[27.596s] -- Installing: /workspace/src/install/ros2_data/share/ament_index/resource_index/packages/ros2_data
[27.596s] -- Installing: /workspace/src/install/ros2_data/share/ros2_data/cmake/export_ros2_data__rosidl_generator_cExport.cmake
[27.596s] -- Installing: /workspace/src/install/ros2_data/share/ros2_data/cmake/export_ros2_data__rosidl_generator_cExport-noconfig.cmake
[27.597s] -- Installing: /workspace/src/install/ros2_data/share/ros2_data/cmake/export_ros2_data__rosidl_typesupport_fastrtps_cExport.cmake
[27.597s] -- Installing: /workspace/src/install/ros2_data/share/ros2_data/cmake/export_ros2_data__rosidl_typesupport_fastrtps_cExport-noconfig.cmake
[27.597s] -- Installing: /workspace/src/install/ros2_data/share/ros2_data/cmake/ros2_data__rosidl_typesupport_introspection_cExport.cmake
[27.597s] -- Installing: /workspace/src/install/ros2_data/share/ros2_data/cmake/ros2_data__rosidl_typesupport_introspection_cExport-noconfig.cmake
[27.597s] -- Installing: /workspace/src/install/ros2_data/share/ros2_data/cmake/ros2_data__rosidl_typesupport_cExport.cmake
[27.598s] -- Installing: /workspace/src/install/ros2_data/share/ros2_data/cmake/ros2_data__rosidl_typesupport_cExport-noconfig.cmake
[27.598s] -- Installing: /workspace/src/install/ros2_data/share/ros2_data/cmake/export_ros2_data__rosidl_generator_cppExport.cmake
[27.598s] -- Installing: /workspace/src/install/ros2_data/share/ros2_data/cmake/export_ros2_data__rosidl_typesupport_fastrtps_cppExport.cmake
[27.598s] -- Installing: /workspace/src/install/ros2_data/share/ros2_data/cmake/export_ros2_data__rosidl_typesupport_fastrtps_cppExport-noconfig.cmake
[27.599s] -- Installing: /workspace/src/install/ros2_data/share/ros2_data/cmake/ros2_data__rosidl_typesupport_introspection_cppExport.cmake
[27.599s] -- Installing: /workspace/src/install/ros2_data/share/ros2_data/cmake/ros2_data__rosidl_typesupport_introspection_cppExport-noconfig.cmake
[27.599s] -- Installing: /workspace/src/install/ros2_data/share/ros2_data/cmake/ros2_data__rosidl_typesupport_cppExport.cmake
[27.599s] -- Installing: /workspace/src/install/ros2_data/share/ros2_data/cmake/ros2_data__rosidl_typesupport_cppExport-noconfig.cmake
[27.599s] -- Installing: /workspace/src/install/ros2_data/share/ros2_data/cmake/export_ros2_data__rosidl_generator_pyExport.cmake
[27.600s] -- Installing: /workspace/src/install/ros2_data/share/ros2_data/cmake/export_ros2_data__rosidl_generator_pyExport-noconfig.cmake
[27.600s] -- Installing: /workspace/src/install/ros2_data/share/ros2_data/cmake/rosidl_cmake-extras.cmake
[27.600s] -- Installing: /workspace/src/install/ros2_data/share/ros2_data/cmake/ament_cmake_export_dependencies-extras.cmake
[27.600s] -- Installing: /workspace/src/install/ros2_data/share/ros2_data/cmake/ament_cmake_export_include_directories-extras.cmake
[27.600s] -- Installing: /workspace/src/install/ros2_data/share/ros2_data/cmake/ament_cmake_export_libraries-extras.cmake
[27.601s] -- Installing: /workspace/src/install/ros2_data/share/ros2_data/cmake/ament_cmake_export_targets-extras.cmake
[27.601s] -- Installing: /workspace/src/install/ros2_data/share/ros2_data/cmake/rosidl_cmake_export_typesupport_targets-extras.cmake
[27.601s] -- Installing: /workspace/src/install/ros2_data/share/ros2_data/cmake/rosidl_cmake_export_typesupport_libraries-extras.cmake
[27.601s] -- Installing: /workspace/src/install/ros2_data/share/ros2_data/cmake/ros2_dataConfig.cmake
[27.601s] -- Installing: /workspace/src/install/ros2_data/share/ros2_data/cmake/ros2_dataConfig-version.cmake
[27.602s] -- Installing: /workspace/src/install/ros2_data/share/ros2_data/package.xml
[27.606s] Invoked command in '/workspace/src/build/ros2_data' returned '0': CMAKE_PREFIX_PATH=${CMAKE_PREFIX_PATH}:/opt/ros/humble /usr/bin/cmake --install /workspace/src/build/ros2_data
