[0.604s] Invoking command in '/workspace/src/my_package': PYTHONPATH=/workspace/build/my_package/prefix_override:/workspace/install/my_package/lib/python3.10/site-packages:${PYTHONPATH} /usr/bin/python3 setup.py egg_info --egg-base ../../build/my_package build --build-base /workspace/build/my_package/build install --record /workspace/build/my_package/install.log --single-version-externally-managed
[0.844s] running egg_info
[0.845s] writing ../../build/my_package/my_package.egg-info/PKG-INFO
[0.846s] writing dependency_links to ../../build/my_package/my_package.egg-info/dependency_links.txt
[0.846s] writing entry points to ../../build/my_package/my_package.egg-info/entry_points.txt
[0.846s] writing requirements to ../../build/my_package/my_package.egg-info/requires.txt
[0.847s] writing top-level names to ../../build/my_package/my_package.egg-info/top_level.txt
[0.848s] file my_node.py (for module my_node) not found
[0.849s] reading manifest file '../../build/my_package/my_package.egg-info/SOURCES.txt'
[0.850s] writing manifest file '../../build/my_package/my_package.egg-info/SOURCES.txt'
[0.850s] running build
[0.850s] running build_py
[0.850s] file my_node.py (for module my_node) not found
[0.851s] file my_node.py (for module my_node) not found
[0.851s] running install
[0.851s] /usr/lib/python3/dist-packages/setuptools/command/install.py:34: SetuptoolsDeprecationWarning: setup.py install is deprecated. Use build and pip and other standards-based tools.
[0.851s]   warnings.warn(
[0.851s] running install_lib
[0.852s] running install_egg_info
[0.854s] removing '/workspace/install/my_package/lib/python3.10/site-packages/my_package-0.0.0-py3.10.egg-info' (and everything under it)
[0.854s] Copying ../../build/my_package/my_package.egg-info to /workspace/install/my_package/lib/python3.10/site-packages/my_package-0.0.0-py3.10.egg-info
[0.855s] running install_scripts
[0.873s] Installing my_node script to /workspace/install/my_package/lib/my_package
[0.873s] file my_node.py (for module my_node) not found
[0.874s] writing list of installed files to '/workspace/build/my_package/install.log'
[0.891s] Invoked command in '/workspace/src/my_package' returned '0': PYTHONPATH=/workspace/build/my_package/prefix_override:/workspace/install/my_package/lib/python3.10/site-packages:${PYTHONPATH} /usr/bin/python3 setup.py egg_info --egg-base ../../build/my_package build --build-base /workspace/build/my_package/build install --record /workspace/build/my_package/install.log --single-version-externally-managed
