[1.262s] Invoking command in '/workspace/src/my_py_pkg': PYTHONPATH=/workspace/build/my_py_pkg/prefix_override:/workspace/install/my_py_pkg/lib/python3.10/site-packages:${PYTHONPATH} /usr/bin/python3 setup.py egg_info --egg-base ../../build/my_py_pkg build --build-base /workspace/build/my_py_pkg/build install --record /workspace/build/my_py_pkg/install.log --single-version-externally-managed
[1.561s] running egg_info
[1.562s] writing ../../build/my_py_pkg/my_py_pkg.egg-info/PKG-INFO
[1.562s] writing dependency_links to ../../build/my_py_pkg/my_py_pkg.egg-info/dependency_links.txt
[1.562s] writing entry points to ../../build/my_py_pkg/my_py_pkg.egg-info/entry_points.txt
[1.563s] writing requirements to ../../build/my_py_pkg/my_py_pkg.egg-info/requires.txt
[1.563s] writing top-level names to ../../build/my_py_pkg/my_py_pkg.egg-info/top_level.txt
[1.565s] reading manifest file '../../build/my_py_pkg/my_py_pkg.egg-info/SOURCES.txt'
[1.566s] writing manifest file '../../build/my_py_pkg/my_py_pkg.egg-info/SOURCES.txt'
[1.566s] running build
[1.566s] running build_py
[1.567s] running install
[1.567s] /usr/lib/python3/dist-packages/setuptools/command/install.py:34: SetuptoolsDeprecationWarning: setup.py install is deprecated. Use build and pip and other standards-based tools.
[1.567s]   warnings.warn(
[1.568s] running install_lib
[1.570s] running install_data
[1.570s] running install_egg_info
[1.572s] removing '/workspace/install/my_py_pkg/lib/python3.10/site-packages/my_py_pkg-0.0.0-py3.10.egg-info' (and everything under it)
[1.572s] Copying ../../build/my_py_pkg/my_py_pkg.egg-info to /workspace/install/my_py_pkg/lib/python3.10/site-packages/my_py_pkg-0.0.0-py3.10.egg-info
[1.573s] running install_scripts
[1.601s] Installing client script to /workspace/install/my_py_pkg/lib/my_py_pkg
[1.601s] Installing num_count script to /workspace/install/my_py_pkg/lib/my_py_pkg
[1.601s] Installing num_gen script to /workspace/install/my_py_pkg/lib/my_py_pkg
[1.601s] Installing num_reset script to /workspace/install/my_py_pkg/lib/my_py_pkg
[1.601s] Installing server script to /workspace/install/my_py_pkg/lib/my_py_pkg
[1.602s] writing list of installed files to '/workspace/build/my_py_pkg/install.log'
