[1.705s] Invoking command in '/workspace/src/srvcli': PYTHONPATH=/workspace/src/build/srvcli/prefix_override:/workspace/src/install/srvcli/lib/python3.10/site-packages:${PYTHONPATH} /usr/bin/python3 setup.py egg_info --egg-base ../build/srvcli build --build-base /workspace/src/build/srvcli/build install --record /workspace/src/build/srvcli/install.log --single-version-externally-managed
[2.236s] running egg_info
[2.237s] creating ../build/srvcli/srvcli.egg-info
[2.237s] writing ../build/srvcli/srvcli.egg-info/PKG-INFO
[2.237s] writing dependency_links to ../build/srvcli/srvcli.egg-info/dependency_links.txt
[2.238s] writing entry points to ../build/srvcli/srvcli.egg-info/entry_points.txt
[2.242s] writing requirements to ../build/srvcli/srvcli.egg-info/requires.txt
[2.242s] writing top-level names to ../build/srvcli/srvcli.egg-info/top_level.txt
[2.243s] writing manifest file '../build/srvcli/srvcli.egg-info/SOURCES.txt'
[2.243s] reading manifest file '../build/srvcli/srvcli.egg-info/SOURCES.txt'
[2.243s] writing manifest file '../build/srvcli/srvcli.egg-info/SOURCES.txt'
[2.243s] running build
[2.243s] running build_py
[2.243s] creating /workspace/src/build/srvcli/build
[2.244s] creating /workspace/src/build/srvcli/build/lib
[2.244s] creating /workspace/src/build/srvcli/build/lib/srvcli
[2.244s] copying srvcli/serv_mem.py -> /workspace/src/build/srvcli/build/lib/srvcli
[2.244s] copying srvcli/__init__.py -> /workspace/src/build/srvcli/build/lib/srvcli
[2.247s] copying srvcli/cli_mem.py -> /workspace/src/build/srvcli/build/lib/srvcli
[2.247s] running install
[2.247s] /usr/lib/python3/dist-packages/setuptools/command/install.py:34: SetuptoolsDeprecationWarning: setup.py install is deprecated. Use build and pip and other standards-based tools.
[2.247s]   warnings.warn(
[2.247s] running install_lib
[2.248s] creating /workspace/src/install/srvcli/lib/python3.10/site-packages/srvcli
[2.248s] copying /workspace/src/build/srvcli/build/lib/srvcli/serv_mem.py -> /workspace/src/install/srvcli/lib/python3.10/site-packages/srvcli
[2.248s] copying /workspace/src/build/srvcli/build/lib/srvcli/__init__.py -> /workspace/src/install/srvcli/lib/python3.10/site-packages/srvcli
[2.248s] copying /workspace/src/build/srvcli/build/lib/srvcli/cli_mem.py -> /workspace/src/install/srvcli/lib/python3.10/site-packages/srvcli
[2.249s] byte-compiling /workspace/src/install/srvcli/lib/python3.10/site-packages/srvcli/serv_mem.py to serv_mem.cpython-310.pyc
[2.249s] byte-compiling /workspace/src/install/srvcli/lib/python3.10/site-packages/srvcli/__init__.py to __init__.cpython-310.pyc
[2.250s] byte-compiling /workspace/src/install/srvcli/lib/python3.10/site-packages/srvcli/cli_mem.py to cli_mem.cpython-310.pyc
[2.251s] running install_data
[2.252s] creating /workspace/src/install/srvcli/share/ament_index
[2.252s] creating /workspace/src/install/srvcli/share/ament_index/resource_index
[2.252s] creating /workspace/src/install/srvcli/share/ament_index/resource_index/packages
[2.252s] copying resource/srvcli -> /workspace/src/install/srvcli/share/ament_index/resource_index/packages
[2.252s] copying package.xml -> /workspace/src/install/srvcli/share/srvcli
[2.253s] running install_egg_info
[2.255s] Copying ../build/srvcli/srvcli.egg-info to /workspace/src/install/srvcli/lib/python3.10/site-packages/srvcli-0.0.0-py3.10.egg-info
[2.257s] running install_scripts
[2.305s] Installing client script to /workspace/src/install/srvcli/lib/srvcli
[2.306s] Installing service script to /workspace/src/install/srvcli/lib/srvcli
[2.306s] writing list of installed files to '/workspace/src/build/srvcli/install.log'
[2.349s] Invoked command in '/workspace/src/srvcli' returned '0': PYTHONPATH=/workspace/src/build/srvcli/prefix_override:/workspace/src/install/srvcli/lib/python3.10/site-packages:${PYTHONPATH} /usr/bin/python3 setup.py egg_info --egg-base ../build/srvcli build --build-base /workspace/src/build/srvcli/build install --record /workspace/src/build/srvcli/install.log --single-version-externally-managed
