[1.716s] Invoking command in '/workspace/src/srvcli': PYTHONPATH=/workspace/src/build/srvcli/prefix_override:/workspace/src/install/srvcli/lib/python3.10/site-packages:${PYTHONPATH} /usr/bin/python3 setup.py egg_info --egg-base ../build/srvcli build --build-base /workspace/src/build/srvcli/build install --record /workspace/src/build/srvcli/install.log --single-version-externally-managed
[2.277s] running egg_info
[2.278s] creating ../build/srvcli/srvcli.egg-info
[2.279s] writing ../build/srvcli/srvcli.egg-info/PKG-INFO
[2.281s] writing dependency_links to ../build/srvcli/srvcli.egg-info/dependency_links.txt
[2.281s] writing entry points to ../build/srvcli/srvcli.egg-info/entry_points.txt
[2.281s] writing requirements to ../build/srvcli/srvcli.egg-info/requires.txt
[2.281s] writing top-level names to ../build/srvcli/srvcli.egg-info/top_level.txt
[2.282s] writing manifest file '../build/srvcli/srvcli.egg-info/SOURCES.txt'
[2.286s] reading manifest file '../build/srvcli/srvcli.egg-info/SOURCES.txt'
[2.288s] writing manifest file '../build/srvcli/srvcli.egg-info/SOURCES.txt'
[2.288s] running build
[2.288s] running build_py
[2.291s] /usr/lib/python3/dist-packages/setuptools/command/install.py:34: SetuptoolsDeprecationWarning: setup.py install is deprecated. Use build and pip and other standards-based tools.
[2.291s]   warnings.warn(
[2.291s] creating /workspace/src/build/srvcli/build
[2.292s] creating /workspace/src/build/srvcli/build/lib
[2.292s] creating /workspace/src/build/srvcli/build/lib/srvcli
[2.292s] copying srvcli/serv_mem.py -> /workspace/src/build/srvcli/build/lib/srvcli
[2.292s] copying srvcli/__init__.py -> /workspace/src/build/srvcli/build/lib/srvcli
[2.292s] copying srvcli/cli_mem.py -> /workspace/src/build/srvcli/build/lib/srvcli
[2.293s] running install
[2.293s] running install_lib
[2.293s] creating /workspace/src/install/srvcli/lib/python3.10/site-packages/srvcli
[2.293s] copying /workspace/src/build/srvcli/build/lib/srvcli/serv_mem.py -> /workspace/src/install/srvcli/lib/python3.10/site-packages/srvcli
[2.294s] copying /workspace/src/build/srvcli/build/lib/srvcli/__init__.py -> /workspace/src/install/srvcli/lib/python3.10/site-packages/srvcli
[2.294s] copying /workspace/src/build/srvcli/build/lib/srvcli/cli_mem.py -> /workspace/src/install/srvcli/lib/python3.10/site-packages/srvcli
[2.296s] byte-compiling /workspace/src/install/srvcli/lib/python3.10/site-packages/srvcli/serv_mem.py to serv_mem.cpython-310.pyc
[2.298s] byte-compiling /workspace/src/install/srvcli/lib/python3.10/site-packages/srvcli/__init__.py to __init__.cpython-310.pyc
[2.299s] byte-compiling /workspace/src/install/srvcli/lib/python3.10/site-packages/srvcli/cli_mem.py to cli_mem.cpython-310.pyc
[2.299s] running install_data
[2.300s] creating /workspace/src/install/srvcli/share/ament_index
[2.300s] creating /workspace/src/install/srvcli/share/ament_index/resource_index
[2.300s] creating /workspace/src/install/srvcli/share/ament_index/resource_index/packages
[2.300s] copying resource/srvcli -> /workspace/src/install/srvcli/share/ament_index/resource_index/packages
[2.301s] copying package.xml -> /workspace/src/install/srvcli/share/srvcli
[2.301s] running install_egg_info
[2.305s] Copying ../build/srvcli/srvcli.egg-info to /workspace/src/install/srvcli/lib/python3.10/site-packages/srvcli-0.0.0-py3.10.egg-info
[2.308s] running install_scripts
[2.353s] Installing client script to /workspace/src/install/srvcli/lib/srvcli
[2.353s] Installing service script to /workspace/src/install/srvcli/lib/srvcli
[2.353s] writing list of installed files to '/workspace/src/build/srvcli/install.log'
[2.412s] Invoked command in '/workspace/src/srvcli' returned '0': PYTHONPATH=/workspace/src/build/srvcli/prefix_override:/workspace/src/install/srvcli/lib/python3.10/site-packages:${PYTHONPATH} /usr/bin/python3 setup.py egg_info --egg-base ../build/srvcli build --build-base /workspace/src/build/srvcli/build install --record /workspace/src/build/srvcli/install.log --single-version-externally-managed
