[0.019s] Invoking command in '/workspace/build/tutorial_interfaces': CMAKE_PREFIX_PATH=${CMAKE_PREFIX_PATH}:/workspace/install/pubsub:/workspace/install/srvcli:/workspace/install/my_py_pkg:/workspace/install/my_package:/opt/ros/humble /usr/bin/cmake --build /workspace/build/tutorial_interfaces -- -j12 -l12
[0.071s] [35m[1mConsolidate compiler generated dependencies of target tutorial_interfaces__rosidl_generator_c[0m
[0.085s] [  1%] Built target tutorial_interfaces__cpp
[0.089s] [ 12%] Built target tutorial_interfaces__rosidl_generator_c
[0.099s] [ 12%] Built target ament_cmake_python_copy_tutorial_interfaces
[0.103s] [35m[1mConsolidate compiler generated dependencies of target tutorial_interfaces__rosidl_typesupport_introspection_cpp[0m
[0.105s] [35m[1mConsolidate compiler generated dependencies of target tutorial_interfaces__rosidl_typesupport_c[0m
[0.106s] [35m[1mConsolidate compiler generated dependencies of target tutorial_interfaces__rosidl_typesupport_cpp[0m
[0.109s] [35m[1mConsolidate compiler generated dependencies of target tutorial_interfaces__rosidl_typesupport_fastrtps_cpp[0m
[0.111s] [35m[1mConsolidate compiler generated dependencies of target tutorial_interfaces__rosidl_typesupport_introspection_c[0m
[0.114s] [35m[1mConsolidate compiler generated dependencies of target tutorial_interfaces__rosidl_typesupport_fastrtps_c[0m
[0.125s] [ 23%] Built target tutorial_interfaces__rosidl_typesupport_c
[0.135s] [ 34%] Built target tutorial_interfaces__rosidl_typesupport_introspection_c
[0.135s] [ 46%] Built target tutorial_interfaces__rosidl_typesupport_introspection_cpp
[0.139s] [ 57%] Built target tutorial_interfaces__rosidl_typesupport_cpp
[0.142s] [ 68%] Built target tutorial_interfaces__rosidl_typesupport_fastrtps_c
[0.144s] [ 79%] Built target tutorial_interfaces__rosidl_typesupport_fastrtps_cpp
[0.169s] [ 79%] Built target tutorial_interfaces
[0.192s] [ 80%] Built target tutorial_interfaces__py
[0.205s] [35m[1mConsolidate compiler generated dependencies of target tutorial_interfaces__rosidl_generator_py[0m
[0.228s] [ 90%] Built target tutorial_interfaces__rosidl_generator_py
[0.244s] [35m[1mConsolidate compiler generated dependencies of target tutorial_interfaces__rosidl_typesupport_introspection_c__pyext[0m
[0.244s] [35m[1mConsolidate compiler generated dependencies of target tutorial_interfaces__rosidl_typesupport_fastrtps_c__pyext[0m
[0.245s] [35m[1mConsolidate compiler generated dependencies of target tutorial_interfaces__rosidl_typesupport_c__pyext[0m
[0.260s] [ 96%] Built target tutorial_interfaces__rosidl_typesupport_fastrtps_c__pyext
[0.260s] [ 96%] Built target tutorial_interfaces__rosidl_typesupport_introspection_c__pyext
[0.260s] [100%] Built target tutorial_interfaces__rosidl_typesupport_c__pyext
[0.357s] running egg_info
[0.358s] writing tutorial_interfaces.egg-info/PKG-INFO
[0.358s] writing dependency_links to tutorial_interfaces.egg-info/dependency_links.txt
[0.358s] writing top-level names to tutorial_interfaces.egg-info/top_level.txt
[0.360s] reading manifest file 'tutorial_interfaces.egg-info/SOURCES.txt'
[0.361s] writing manifest file 'tutorial_interfaces.egg-info/SOURCES.txt'
[0.384s] [100%] Built target ament_cmake_python_build_tutorial_interfaces_egg
[0.395s] Invoked command in '/workspace/build/tutorial_interfaces' returned '0': CMAKE_PREFIX_PATH=${CMAKE_PREFIX_PATH}:/workspace/install/pubsub:/workspace/install/srvcli:/workspace/install/my_py_pkg:/workspace/install/my_package:/opt/ros/humble /usr/bin/cmake --build /workspace/build/tutorial_interfaces -- -j12 -l12
[0.544s] Invoking command in '/workspace/build/tutorial_interfaces': CMAKE_PREFIX_PATH=${CMAKE_PREFIX_PATH}:/workspace/install/pubsub:/workspace/install/srvcli:/workspace/install/my_py_pkg:/workspace/install/my_package:/opt/ros/humble /usr/bin/cmake --install /workspace/build/tutorial_interfaces
[0.552s] -- Install configuration: ""
[0.553s] -- Up-to-date: /workspace/install/tutorial_interfaces/share/ament_index/resource_index/rosidl_interfaces/tutorial_interfaces
[0.553s] -- Up-to-date: /workspace/install/tutorial_interfaces/include/tutorial_interfaces/tutorial_interfaces
[0.553s] -- Up-to-date: /workspace/install/tutorial_interfaces/include/tutorial_interfaces/tutorial_interfaces/action
[0.553s] -- Up-to-date: /workspace/install/tutorial_interfaces/include/tutorial_interfaces/tutorial_interfaces/action/detail
[0.553s] -- Up-to-date: /workspace/install/tutorial_interfaces/include/tutorial_interfaces/tutorial_interfaces/action/detail/count__type_support.h
[0.553s] -- Up-to-date: /workspace/install/tutorial_interfaces/include/tutorial_interfaces/tutorial_interfaces/action/detail/fibonacci__type_support.h
[0.554s] -- Up-to-date: /workspace/install/tutorial_interfaces/include/tutorial_interfaces/tutorial_interfaces/action/detail/count_down__functions.h
[0.554s] -- Up-to-date: /workspace/install/tutorial_interfaces/include/tutorial_interfaces/tutorial_interfaces/action/detail/count_down__struct.h
[0.554s] -- Up-to-date: /workspace/install/tutorial_interfaces/include/tutorial_interfaces/tutorial_interfaces/action/detail/fibonacci__struct.h
[0.554s] -- Up-to-date: /workspace/install/tutorial_interfaces/include/tutorial_interfaces/tutorial_interfaces/action/detail/count__functions.h
[0.554s] -- Up-to-date: /workspace/install/tutorial_interfaces/include/tutorial_interfaces/tutorial_interfaces/action/detail/count__functions.c
[0.554s] -- Up-to-date: /workspace/install/tutorial_interfaces/include/tutorial_interfaces/tutorial_interfaces/action/detail/fibonacci__functions.h
[0.554s] -- Up-to-date: /workspace/install/tutorial_interfaces/include/tutorial_interfaces/tutorial_interfaces/action/detail/count__struct.h
[0.554s] -- Up-to-date: /workspace/install/tutorial_interfaces/include/tutorial_interfaces/tutorial_interfaces/action/detail/fibonacci__functions.c
[0.554s] -- Up-to-date: /workspace/install/tutorial_interfaces/include/tutorial_interfaces/tutorial_interfaces/action/detail/count_down__type_support.h
[0.554s] -- Up-to-date: /workspace/install/tutorial_interfaces/include/tutorial_interfaces/tutorial_interfaces/action/detail/count_down__functions.c
[0.554s] -- Up-to-date: /workspace/install/tutorial_interfaces/include/tutorial_interfaces/tutorial_interfaces/action/count_down.h
[0.555s] -- Up-to-date: /workspace/install/tutorial_interfaces/include/tutorial_interfaces/tutorial_interfaces/action/fibonacci.h
[0.555s] -- Up-to-date: /workspace/install/tutorial_interfaces/include/tutorial_interfaces/tutorial_interfaces/action/count.h
[0.555s] -- Up-to-date: /workspace/install/tutorial_interfaces/include/tutorial_interfaces/tutorial_interfaces/srv
[0.555s] -- Up-to-date: /workspace/install/tutorial_interfaces/include/tutorial_interfaces/tutorial_interfaces/srv/detail
[0.555s] -- Up-to-date: /workspace/install/tutorial_interfaces/include/tutorial_interfaces/tutorial_interfaces/srv/detail/add_three_ints__functions.h
[0.555s] -- Up-to-date: /workspace/install/tutorial_interfaces/include/tutorial_interfaces/tutorial_interfaces/srv/detail/add_three_ints__struct.h
[0.555s] -- Up-to-date: /workspace/install/tutorial_interfaces/include/tutorial_interfaces/tutorial_interfaces/srv/detail/add_three_ints__functions.c
[0.555s] -- Up-to-date: /workspace/install/tutorial_interfaces/include/tutorial_interfaces/tutorial_interfaces/srv/detail/add_three_ints__type_support.h
[0.555s] -- Up-to-date: /workspace/install/tutorial_interfaces/include/tutorial_interfaces/tutorial_interfaces/srv/add_three_ints.h
[0.555s] -- Up-to-date: /workspace/install/tutorial_interfaces/include/tutorial_interfaces/tutorial_interfaces/msg
[0.555s] -- Up-to-date: /workspace/install/tutorial_interfaces/include/tutorial_interfaces/tutorial_interfaces/msg/num.h
[0.556s] -- Up-to-date: /workspace/install/tutorial_interfaces/include/tutorial_interfaces/tutorial_interfaces/msg/detail
[0.556s] -- Up-to-date: /workspace/install/tutorial_interfaces/include/tutorial_interfaces/tutorial_interfaces/msg/detail/num__struct.h
[0.556s] -- Up-to-date: /workspace/install/tutorial_interfaces/include/tutorial_interfaces/tutorial_interfaces/msg/detail/sphere__functions.h
[0.556s] -- Up-to-date: /workspace/install/tutorial_interfaces/include/tutorial_interfaces/tutorial_interfaces/msg/detail/sphere__functions.c
[0.556s] -- Up-to-date: /workspace/install/tutorial_interfaces/include/tutorial_interfaces/tutorial_interfaces/msg/detail/num__functions.h
[0.556s] -- Up-to-date: /workspace/install/tutorial_interfaces/include/tutorial_interfaces/tutorial_interfaces/msg/detail/sphere__struct.h
[0.556s] -- Up-to-date: /workspace/install/tutorial_interfaces/include/tutorial_interfaces/tutorial_interfaces/msg/detail/sphere__type_support.h
[0.556s] -- Up-to-date: /workspace/install/tutorial_interfaces/include/tutorial_interfaces/tutorial_interfaces/msg/detail/num__type_support.h
[0.556s] -- Up-to-date: /workspace/install/tutorial_interfaces/include/tutorial_interfaces/tutorial_interfaces/msg/detail/num__functions.c
[0.557s] -- Up-to-date: /workspace/install/tutorial_interfaces/include/tutorial_interfaces/tutorial_interfaces/msg/rosidl_generator_c__visibility_control.h
[0.557s] -- Up-to-date: /workspace/install/tutorial_interfaces/include/tutorial_interfaces/tutorial_interfaces/msg/sphere.h
[0.557s] -- Up-to-date: /workspace/install/tutorial_interfaces/share/tutorial_interfaces/environment/library_path.sh
[0.557s] -- Up-to-date: /workspace/install/tutorial_interfaces/share/tutorial_interfaces/environment/library_path.dsv
[0.557s] -- Up-to-date: /workspace/install/tutorial_interfaces/lib/libtutorial_interfaces__rosidl_generator_c.so
[0.557s] -- Up-to-date: /workspace/install/tutorial_interfaces/include/tutorial_interfaces/tutorial_interfaces
[0.557s] -- Up-to-date: /workspace/install/tutorial_interfaces/include/tutorial_interfaces/tutorial_interfaces/action
[0.558s] -- Up-to-date: /workspace/install/tutorial_interfaces/include/tutorial_interfaces/tutorial_interfaces/action/detail
[0.558s] -- Up-to-date: /workspace/install/tutorial_interfaces/include/tutorial_interfaces/tutorial_interfaces/action/detail/count_down__rosidl_typesupport_fastrtps_c.h
[0.558s] -- Up-to-date: /workspace/install/tutorial_interfaces/include/tutorial_interfaces/tutorial_interfaces/action/detail/count__rosidl_typesupport_fastrtps_c.h
[0.558s] -- Up-to-date: /workspace/install/tutorial_interfaces/include/tutorial_interfaces/tutorial_interfaces/action/detail/fibonacci__rosidl_typesupport_fastrtps_c.h
[0.558s] -- Up-to-date: /workspace/install/tutorial_interfaces/include/tutorial_interfaces/tutorial_interfaces/srv
[0.558s] -- Up-to-date: /workspace/install/tutorial_interfaces/include/tutorial_interfaces/tutorial_interfaces/srv/detail
[0.559s] -- Up-to-date: /workspace/install/tutorial_interfaces/include/tutorial_interfaces/tutorial_interfaces/srv/detail/add_three_ints__rosidl_typesupport_fastrtps_c.h
[0.559s] -- Up-to-date: /workspace/install/tutorial_interfaces/include/tutorial_interfaces/tutorial_interfaces/msg
[0.559s] -- Up-to-date: /workspace/install/tutorial_interfaces/include/tutorial_interfaces/tutorial_interfaces/msg/detail
[0.559s] -- Up-to-date: /workspace/install/tutorial_interfaces/include/tutorial_interfaces/tutorial_interfaces/msg/detail/num__rosidl_typesupport_fastrtps_c.h
[0.559s] -- Up-to-date: /workspace/install/tutorial_interfaces/include/tutorial_interfaces/tutorial_interfaces/msg/detail/sphere__rosidl_typesupport_fastrtps_c.h
[0.559s] -- Up-to-date: /workspace/install/tutorial_interfaces/include/tutorial_interfaces/tutorial_interfaces/msg/rosidl_typesupport_fastrtps_c__visibility_control.h
[0.559s] -- Up-to-date: /workspace/install/tutorial_interfaces/lib/libtutorial_interfaces__rosidl_typesupport_fastrtps_c.so
[0.559s] -- Up-to-date: /workspace/install/tutorial_interfaces/include/tutorial_interfaces/tutorial_interfaces
[0.560s] -- Up-to-date: /workspace/install/tutorial_interfaces/include/tutorial_interfaces/tutorial_interfaces/action
[0.560s] -- Up-to-date: /workspace/install/tutorial_interfaces/include/tutorial_interfaces/tutorial_interfaces/action/detail
[0.560s] -- Up-to-date: /workspace/install/tutorial_interfaces/include/tutorial_interfaces/tutorial_interfaces/action/detail/count__struct.hpp
[0.560s] -- Up-to-date: /workspace/install/tutorial_interfaces/include/tutorial_interfaces/tutorial_interfaces/action/detail/count_down__builder.hpp
[0.560s] -- Up-to-date: /workspace/install/tutorial_interfaces/include/tutorial_interfaces/tutorial_interfaces/action/detail/count__traits.hpp
[0.561s] -- Up-to-date: /workspace/install/tutorial_interfaces/include/tutorial_interfaces/tutorial_interfaces/action/detail/fibonacci__struct.hpp
[0.561s] -- Up-to-date: /workspace/install/tutorial_interfaces/include/tutorial_interfaces/tutorial_interfaces/action/detail/count_down__struct.hpp
[0.561s] -- Up-to-date: /workspace/install/tutorial_interfaces/include/tutorial_interfaces/tutorial_interfaces/action/detail/fibonacci__traits.hpp
[0.561s] -- Up-to-date: /workspace/install/tutorial_interfaces/include/tutorial_interfaces/tutorial_interfaces/action/detail/count__builder.hpp
[0.561s] -- Up-to-date: /workspace/install/tutorial_interfaces/include/tutorial_interfaces/tutorial_interfaces/action/detail/fibonacci__builder.hpp
[0.561s] -- Up-to-date: /workspace/install/tutorial_interfaces/include/tutorial_interfaces/tutorial_interfaces/action/detail/count_down__traits.hpp
[0.561s] -- Up-to-date: /workspace/install/tutorial_interfaces/include/tutorial_interfaces/tutorial_interfaces/action/fibonacci.hpp
[0.561s] -- Up-to-date: /workspace/install/tutorial_interfaces/include/tutorial_interfaces/tutorial_interfaces/action/count.hpp
[0.562s] -- Up-to-date: /workspace/install/tutorial_interfaces/include/tutorial_interfaces/tutorial_interfaces/action/count_down.hpp
[0.562s] -- Up-to-date: /workspace/install/tutorial_interfaces/include/tutorial_interfaces/tutorial_interfaces/srv
[0.562s] -- Up-to-date: /workspace/install/tutorial_interfaces/include/tutorial_interfaces/tutorial_interfaces/srv/add_three_ints.hpp
[0.562s] -- Up-to-date: /workspace/install/tutorial_interfaces/include/tutorial_interfaces/tutorial_interfaces/srv/detail
[0.562s] -- Up-to-date: /workspace/install/tutorial_interfaces/include/tutorial_interfaces/tutorial_interfaces/srv/detail/add_three_ints__builder.hpp
[0.562s] -- Up-to-date: /workspace/install/tutorial_interfaces/include/tutorial_interfaces/tutorial_interfaces/srv/detail/add_three_ints__struct.hpp
[0.562s] -- Up-to-date: /workspace/install/tutorial_interfaces/include/tutorial_interfaces/tutorial_interfaces/srv/detail/add_three_ints__traits.hpp
[0.562s] -- Up-to-date: /workspace/install/tutorial_interfaces/include/tutorial_interfaces/tutorial_interfaces/msg
[0.562s] -- Up-to-date: /workspace/install/tutorial_interfaces/include/tutorial_interfaces/tutorial_interfaces/msg/detail
[0.563s] -- Up-to-date: /workspace/install/tutorial_interfaces/include/tutorial_interfaces/tutorial_interfaces/msg/detail/sphere__builder.hpp
[0.563s] -- Up-to-date: /workspace/install/tutorial_interfaces/include/tutorial_interfaces/tutorial_interfaces/msg/detail/num__struct.hpp
[0.563s] -- Up-to-date: /workspace/install/tutorial_interfaces/include/tutorial_interfaces/tutorial_interfaces/msg/detail/sphere__struct.hpp
[0.563s] -- Up-to-date: /workspace/install/tutorial_interfaces/include/tutorial_interfaces/tutorial_interfaces/msg/detail/sphere__traits.hpp
[0.563s] -- Up-to-date: /workspace/install/tutorial_interfaces/include/tutorial_interfaces/tutorial_interfaces/msg/detail/num__builder.hpp
[0.563s] -- Up-to-date: /workspace/install/tutorial_interfaces/include/tutorial_interfaces/tutorial_interfaces/msg/detail/num__traits.hpp
[0.564s] -- Up-to-date: /workspace/install/tutorial_interfaces/include/tutorial_interfaces/tutorial_interfaces/msg/num.hpp
[0.564s] -- Up-to-date: /workspace/install/tutorial_interfaces/include/tutorial_interfaces/tutorial_interfaces/msg/sphere.hpp
[0.564s] -- Up-to-date: /workspace/install/tutorial_interfaces/include/tutorial_interfaces/tutorial_interfaces
[0.564s] -- Up-to-date: /workspace/install/tutorial_interfaces/include/tutorial_interfaces/tutorial_interfaces/action
[0.564s] -- Up-to-date: /workspace/install/tutorial_interfaces/include/tutorial_interfaces/tutorial_interfaces/action/detail
[0.564s] -- Up-to-date: /workspace/install/tutorial_interfaces/include/tutorial_interfaces/tutorial_interfaces/action/detail/fibonacci__rosidl_typesupport_fastrtps_cpp.hpp
[0.564s] -- Up-to-date: /workspace/install/tutorial_interfaces/include/tutorial_interfaces/tutorial_interfaces/action/detail/count__rosidl_typesupport_fastrtps_cpp.hpp
[0.564s] -- Up-to-date: /workspace/install/tutorial_interfaces/include/tutorial_interfaces/tutorial_interfaces/action/detail/count_down__rosidl_typesupport_fastrtps_cpp.hpp
[0.564s] -- Up-to-date: /workspace/install/tutorial_interfaces/include/tutorial_interfaces/tutorial_interfaces/action/detail/dds_fastrtps
[0.564s] -- Up-to-date: /workspace/install/tutorial_interfaces/include/tutorial_interfaces/tutorial_interfaces/srv
[0.564s] -- Up-to-date: /workspace/install/tutorial_interfaces/include/tutorial_interfaces/tutorial_interfaces/srv/detail
[0.564s] -- Up-to-date: /workspace/install/tutorial_interfaces/include/tutorial_interfaces/tutorial_interfaces/srv/detail/add_three_ints__rosidl_typesupport_fastrtps_cpp.hpp
[0.564s] -- Up-to-date: /workspace/install/tutorial_interfaces/include/tutorial_interfaces/tutorial_interfaces/srv/detail/dds_fastrtps
[0.565s] -- Up-to-date: /workspace/install/tutorial_interfaces/include/tutorial_interfaces/tutorial_interfaces/msg
[0.565s] -- Up-to-date: /workspace/install/tutorial_interfaces/include/tutorial_interfaces/tutorial_interfaces/msg/detail
[0.565s] -- Up-to-date: /workspace/install/tutorial_interfaces/include/tutorial_interfaces/tutorial_interfaces/msg/detail/num__rosidl_typesupport_fastrtps_cpp.hpp
[0.565s] -- Up-to-date: /workspace/install/tutorial_interfaces/include/tutorial_interfaces/tutorial_interfaces/msg/detail/sphere__rosidl_typesupport_fastrtps_cpp.hpp
[0.565s] -- Up-to-date: /workspace/install/tutorial_interfaces/include/tutorial_interfaces/tutorial_interfaces/msg/detail/dds_fastrtps
[0.565s] -- Up-to-date: /workspace/install/tutorial_interfaces/include/tutorial_interfaces/tutorial_interfaces/msg/rosidl_typesupport_fastrtps_cpp__visibility_control.h
[0.565s] -- Up-to-date: /workspace/install/tutorial_interfaces/lib/libtutorial_interfaces__rosidl_typesupport_fastrtps_cpp.so
[0.565s] -- Up-to-date: /workspace/install/tutorial_interfaces/include/tutorial_interfaces/tutorial_interfaces
[0.565s] -- Up-to-date: /workspace/install/tutorial_interfaces/include/tutorial_interfaces/tutorial_interfaces/action
[0.565s] -- Up-to-date: /workspace/install/tutorial_interfaces/include/tutorial_interfaces/tutorial_interfaces/action/detail
[0.565s] -- Up-to-date: /workspace/install/tutorial_interfaces/include/tutorial_interfaces/tutorial_interfaces/action/detail/count__type_support.c
[0.565s] -- Up-to-date: /workspace/install/tutorial_interfaces/include/tutorial_interfaces/tutorial_interfaces/action/detail/fibonacci__rosidl_typesupport_introspection_c.h
[0.565s] -- Up-to-date: /workspace/install/tutorial_interfaces/include/tutorial_interfaces/tutorial_interfaces/action/detail/count_down__rosidl_typesupport_introspection_c.h
[0.566s] -- Up-to-date: /workspace/install/tutorial_interfaces/include/tutorial_interfaces/tutorial_interfaces/action/detail/count__rosidl_typesupport_introspection_c.h
[0.566s] -- Up-to-date: /workspace/install/tutorial_interfaces/include/tutorial_interfaces/tutorial_interfaces/action/detail/count_down__type_support.c
[0.566s] -- Up-to-date: /workspace/install/tutorial_interfaces/include/tutorial_interfaces/tutorial_interfaces/action/detail/fibonacci__type_support.c
[0.566s] -- Up-to-date: /workspace/install/tutorial_interfaces/include/tutorial_interfaces/tutorial_interfaces/srv
[0.566s] -- Up-to-date: /workspace/install/tutorial_interfaces/include/tutorial_interfaces/tutorial_interfaces/srv/detail
[0.566s] -- Up-to-date: /workspace/install/tutorial_interfaces/include/tutorial_interfaces/tutorial_interfaces/srv/detail/add_three_ints__type_support.c
[0.566s] -- Up-to-date: /workspace/install/tutorial_interfaces/include/tutorial_interfaces/tutorial_interfaces/srv/detail/add_three_ints__rosidl_typesupport_introspection_c.h
[0.566s] -- Up-to-date: /workspace/install/tutorial_interfaces/include/tutorial_interfaces/tutorial_interfaces/msg
[0.566s] -- Up-to-date: /workspace/install/tutorial_interfaces/include/tutorial_interfaces/tutorial_interfaces/msg/rosidl_typesupport_introspection_c__visibility_control.h
[0.566s] -- Up-to-date: /workspace/install/tutorial_interfaces/include/tutorial_interfaces/tutorial_interfaces/msg/detail
[0.566s] -- Up-to-date: /workspace/install/tutorial_interfaces/include/tutorial_interfaces/tutorial_interfaces/msg/detail/num__rosidl_typesupport_introspection_c.h
[0.566s] -- Up-to-date: /workspace/install/tutorial_interfaces/include/tutorial_interfaces/tutorial_interfaces/msg/detail/num__type_support.c
[0.566s] -- Up-to-date: /workspace/install/tutorial_interfaces/include/tutorial_interfaces/tutorial_interfaces/msg/detail/sphere__rosidl_typesupport_introspection_c.h
[0.566s] -- Up-to-date: /workspace/install/tutorial_interfaces/include/tutorial_interfaces/tutorial_interfaces/msg/detail/sphere__type_support.c
[0.567s] -- Up-to-date: /workspace/install/tutorial_interfaces/lib/libtutorial_interfaces__rosidl_typesupport_introspection_c.so
[0.567s] -- Up-to-date: /workspace/install/tutorial_interfaces/lib/libtutorial_interfaces__rosidl_typesupport_c.so
[0.567s] -- Up-to-date: /workspace/install/tutorial_interfaces/include/tutorial_interfaces/tutorial_interfaces
[0.567s] -- Up-to-date: /workspace/install/tutorial_interfaces/include/tutorial_interfaces/tutorial_interfaces/action
[0.567s] -- Up-to-date: /workspace/install/tutorial_interfaces/include/tutorial_interfaces/tutorial_interfaces/action/detail
[0.567s] -- Up-to-date: /workspace/install/tutorial_interfaces/include/tutorial_interfaces/tutorial_interfaces/action/detail/count_down__rosidl_typesupport_introspection_cpp.hpp
[0.567s] -- Up-to-date: /workspace/install/tutorial_interfaces/include/tutorial_interfaces/tutorial_interfaces/action/detail/count__rosidl_typesupport_introspection_cpp.hpp
[0.567s] -- Up-to-date: /workspace/install/tutorial_interfaces/include/tutorial_interfaces/tutorial_interfaces/action/detail/count_down__type_support.cpp
[0.567s] -- Up-to-date: /workspace/install/tutorial_interfaces/include/tutorial_interfaces/tutorial_interfaces/action/detail/fibonacci__type_support.cpp
[0.567s] -- Up-to-date: /workspace/install/tutorial_interfaces/include/tutorial_interfaces/tutorial_interfaces/action/detail/count__type_support.cpp
[0.567s] -- Up-to-date: /workspace/install/tutorial_interfaces/include/tutorial_interfaces/tutorial_interfaces/action/detail/fibonacci__rosidl_typesupport_introspection_cpp.hpp
[0.567s] -- Up-to-date: /workspace/install/tutorial_interfaces/include/tutorial_interfaces/tutorial_interfaces/srv
[0.567s] -- Up-to-date: /workspace/install/tutorial_interfaces/include/tutorial_interfaces/tutorial_interfaces/srv/detail
[0.568s] -- Up-to-date: /workspace/install/tutorial_interfaces/include/tutorial_interfaces/tutorial_interfaces/srv/detail/add_three_ints__type_support.cpp
[0.568s] -- Up-to-date: /workspace/install/tutorial_interfaces/include/tutorial_interfaces/tutorial_interfaces/srv/detail/add_three_ints__rosidl_typesupport_introspection_cpp.hpp
[0.568s] -- Up-to-date: /workspace/install/tutorial_interfaces/include/tutorial_interfaces/tutorial_interfaces/msg
[0.568s] -- Up-to-date: /workspace/install/tutorial_interfaces/include/tutorial_interfaces/tutorial_interfaces/msg/detail
[0.568s] -- Up-to-date: /workspace/install/tutorial_interfaces/include/tutorial_interfaces/tutorial_interfaces/msg/detail/num__type_support.cpp
[0.568s] -- Up-to-date: /workspace/install/tutorial_interfaces/include/tutorial_interfaces/tutorial_interfaces/msg/detail/sphere__rosidl_typesupport_introspection_cpp.hpp
[0.568s] -- Up-to-date: /workspace/install/tutorial_interfaces/include/tutorial_interfaces/tutorial_interfaces/msg/detail/sphere__type_support.cpp
[0.568s] -- Up-to-date: /workspace/install/tutorial_interfaces/include/tutorial_interfaces/tutorial_interfaces/msg/detail/num__rosidl_typesupport_introspection_cpp.hpp
[0.568s] -- Up-to-date: /workspace/install/tutorial_interfaces/lib/libtutorial_interfaces__rosidl_typesupport_introspection_cpp.so
[0.568s] -- Up-to-date: /workspace/install/tutorial_interfaces/lib/libtutorial_interfaces__rosidl_typesupport_cpp.so
[0.568s] -- Up-to-date: /workspace/install/tutorial_interfaces/share/tutorial_interfaces/environment/pythonpath.sh
[0.568s] -- Up-to-date: /workspace/install/tutorial_interfaces/share/tutorial_interfaces/environment/pythonpath.dsv
[0.568s] -- Up-to-date: /workspace/install/tutorial_interfaces/local/lib/python3.10/dist-packages/tutorial_interfaces-0.0.0-py3.10.egg-info
[0.569s] -- Installing: /workspace/install/tutorial_interfaces/local/lib/python3.10/dist-packages/tutorial_interfaces-0.0.0-py3.10.egg-info/SOURCES.txt
[0.569s] -- Installing: /workspace/install/tutorial_interfaces/local/lib/python3.10/dist-packages/tutorial_interfaces-0.0.0-py3.10.egg-info/dependency_links.txt
[0.569s] -- Installing: /workspace/install/tutorial_interfaces/local/lib/python3.10/dist-packages/tutorial_interfaces-0.0.0-py3.10.egg-info/top_level.txt
[0.569s] -- Installing: /workspace/install/tutorial_interfaces/local/lib/python3.10/dist-packages/tutorial_interfaces-0.0.0-py3.10.egg-info/PKG-INFO
[0.569s] -- Up-to-date: /workspace/install/tutorial_interfaces/local/lib/python3.10/dist-packages/tutorial_interfaces
[0.569s] -- Up-to-date: /workspace/install/tutorial_interfaces/local/lib/python3.10/dist-packages/tutorial_interfaces/action
[0.569s] -- Up-to-date: /workspace/install/tutorial_interfaces/local/lib/python3.10/dist-packages/tutorial_interfaces/action/_count_s.c
[0.569s] -- Up-to-date: /workspace/install/tutorial_interfaces/local/lib/python3.10/dist-packages/tutorial_interfaces/action/_fibonacci.py
[0.569s] -- Up-to-date: /workspace/install/tutorial_interfaces/local/lib/python3.10/dist-packages/tutorial_interfaces/action/_count_down_s.c
[0.569s] -- Up-to-date: /workspace/install/tutorial_interfaces/local/lib/python3.10/dist-packages/tutorial_interfaces/action/_count.py
[0.569s] -- Up-to-date: /workspace/install/tutorial_interfaces/local/lib/python3.10/dist-packages/tutorial_interfaces/action/__init__.py
[0.569s] -- Up-to-date: /workspace/install/tutorial_interfaces/local/lib/python3.10/dist-packages/tutorial_interfaces/action/_count_down.py
[0.569s] -- Up-to-date: /workspace/install/tutorial_interfaces/local/lib/python3.10/dist-packages/tutorial_interfaces/action/_fibonacci_s.c
[0.569s] -- Up-to-date: /workspace/install/tutorial_interfaces/local/lib/python3.10/dist-packages/tutorial_interfaces/tutorial_interfaces_s__rosidl_typesupport_c.cpython-310-x86_64-linux-gnu.so
[0.570s] -- Up-to-date: /workspace/install/tutorial_interfaces/local/lib/python3.10/dist-packages/tutorial_interfaces/tutorial_interfaces_s__rosidl_typesupport_fastrtps_c.cpython-310-x86_64-linux-gnu.so
[0.570s] -- Up-to-date: /workspace/install/tutorial_interfaces/local/lib/python3.10/dist-packages/tutorial_interfaces/_tutorial_interfaces_s.ep.rosidl_typesupport_introspection_c.c
[0.570s] -- Up-to-date: /workspace/install/tutorial_interfaces/local/lib/python3.10/dist-packages/tutorial_interfaces/tutorial_interfaces_s__rosidl_typesupport_introspection_c.cpython-310-x86_64-linux-gnu.so
[0.570s] -- Up-to-date: /workspace/install/tutorial_interfaces/local/lib/python3.10/dist-packages/tutorial_interfaces/srv
[0.570s] -- Up-to-date: /workspace/install/tutorial_interfaces/local/lib/python3.10/dist-packages/tutorial_interfaces/srv/_add_three_ints.py
[0.570s] -- Up-to-date: /workspace/install/tutorial_interfaces/local/lib/python3.10/dist-packages/tutorial_interfaces/srv/__init__.py
[0.570s] -- Up-to-date: /workspace/install/tutorial_interfaces/local/lib/python3.10/dist-packages/tutorial_interfaces/srv/_add_three_ints_s.c
[0.570s] -- Up-to-date: /workspace/install/tutorial_interfaces/local/lib/python3.10/dist-packages/tutorial_interfaces/libtutorial_interfaces__rosidl_generator_py.so
[0.570s] -- Up-to-date: /workspace/install/tutorial_interfaces/local/lib/python3.10/dist-packages/tutorial_interfaces/msg
[0.570s] -- Up-to-date: /workspace/install/tutorial_interfaces/local/lib/python3.10/dist-packages/tutorial_interfaces/msg/_num.py
[0.570s] -- Up-to-date: /workspace/install/tutorial_interfaces/local/lib/python3.10/dist-packages/tutorial_interfaces/msg/_sphere.py
[0.570s] -- Up-to-date: /workspace/install/tutorial_interfaces/local/lib/python3.10/dist-packages/tutorial_interfaces/msg/_sphere_s.c
[0.570s] -- Up-to-date: /workspace/install/tutorial_interfaces/local/lib/python3.10/dist-packages/tutorial_interfaces/msg/_num_s.c
[0.571s] -- Up-to-date: /workspace/install/tutorial_interfaces/local/lib/python3.10/dist-packages/tutorial_interfaces/msg/__init__.py
[0.571s] -- Up-to-date: /workspace/install/tutorial_interfaces/local/lib/python3.10/dist-packages/tutorial_interfaces/__init__.py
[0.571s] -- Up-to-date: /workspace/install/tutorial_interfaces/local/lib/python3.10/dist-packages/tutorial_interfaces/_tutorial_interfaces_s.ep.rosidl_typesupport_c.c
[0.571s] -- Up-to-date: /workspace/install/tutorial_interfaces/local/lib/python3.10/dist-packages/tutorial_interfaces/_tutorial_interfaces_s.ep.rosidl_typesupport_fastrtps_c.c
[0.603s] Listing '/workspace/install/tutorial_interfaces/local/lib/python3.10/dist-packages/tutorial_interfaces'...
[0.603s] Listing '/workspace/install/tutorial_interfaces/local/lib/python3.10/dist-packages/tutorial_interfaces/action'...
[0.604s] Listing '/workspace/install/tutorial_interfaces/local/lib/python3.10/dist-packages/tutorial_interfaces/msg'...
[0.604s] Listing '/workspace/install/tutorial_interfaces/local/lib/python3.10/dist-packages/tutorial_interfaces/srv'...
[0.609s] -- Up-to-date: /workspace/install/tutorial_interfaces/local/lib/python3.10/dist-packages/tutorial_interfaces/tutorial_interfaces_s__rosidl_typesupport_fastrtps_c.cpython-310-x86_64-linux-gnu.so
[0.609s] -- Up-to-date: /workspace/install/tutorial_interfaces/local/lib/python3.10/dist-packages/tutorial_interfaces/tutorial_interfaces_s__rosidl_typesupport_introspection_c.cpython-310-x86_64-linux-gnu.so
[0.610s] -- Up-to-date: /workspace/install/tutorial_interfaces/local/lib/python3.10/dist-packages/tutorial_interfaces/tutorial_interfaces_s__rosidl_typesupport_c.cpython-310-x86_64-linux-gnu.so
[0.611s] -- Up-to-date: /workspace/install/tutorial_interfaces/lib/libtutorial_interfaces__rosidl_generator_py.so
[0.611s] -- Up-to-date: /workspace/install/tutorial_interfaces/share/tutorial_interfaces/msg/Num.idl
[0.611s] -- Up-to-date: /workspace/install/tutorial_interfaces/share/tutorial_interfaces/msg/Sphere.idl
[0.611s] -- Up-to-date: /workspace/install/tutorial_interfaces/share/tutorial_interfaces/srv/AddThreeInts.idl
[0.612s] -- Up-to-date: /workspace/install/tutorial_interfaces/share/tutorial_interfaces/action/Fibonacci.idl
[0.612s] -- Up-to-date: /workspace/install/tutorial_interfaces/share/tutorial_interfaces/action/CountDown.idl
[0.612s] -- Up-to-date: /workspace/install/tutorial_interfaces/share/tutorial_interfaces/msg/Num.msg
[0.612s] -- Up-to-date: /workspace/install/tutorial_interfaces/share/tutorial_interfaces/msg/Sphere.msg
[0.612s] -- Up-to-date: /workspace/install/tutorial_interfaces/share/tutorial_interfaces/srv/AddThreeInts.srv
[0.612s] -- Up-to-date: /workspace/install/tutorial_interfaces/share/tutorial_interfaces/srv/AddThreeInts_Request.msg
[0.612s] -- Up-to-date: /workspace/install/tutorial_interfaces/share/tutorial_interfaces/srv/AddThreeInts_Response.msg
[0.612s] -- Up-to-date: /workspace/install/tutorial_interfaces/share/tutorial_interfaces/action/Fibonacci.action
[0.612s] -- Up-to-date: /workspace/install/tutorial_interfaces/share/tutorial_interfaces/action/CountDown.action
[0.612s] -- Up-to-date: /workspace/install/tutorial_interfaces/share/ament_index/resource_index/package_run_dependencies/tutorial_interfaces
[0.612s] -- Up-to-date: /workspace/install/tutorial_interfaces/share/ament_index/resource_index/parent_prefix_path/tutorial_interfaces
[0.613s] -- Up-to-date: /workspace/install/tutorial_interfaces/share/tutorial_interfaces/environment/ament_prefix_path.sh
[0.613s] -- Up-to-date: /workspace/install/tutorial_interfaces/share/tutorial_interfaces/environment/ament_prefix_path.dsv
[0.613s] -- Up-to-date: /workspace/install/tutorial_interfaces/share/tutorial_interfaces/environment/path.sh
[0.613s] -- Up-to-date: /workspace/install/tutorial_interfaces/share/tutorial_interfaces/environment/path.dsv
[0.613s] -- Up-to-date: /workspace/install/tutorial_interfaces/share/tutorial_interfaces/local_setup.bash
[0.613s] -- Up-to-date: /workspace/install/tutorial_interfaces/share/tutorial_interfaces/local_setup.sh
[0.613s] -- Up-to-date: /workspace/install/tutorial_interfaces/share/tutorial_interfaces/local_setup.zsh
[0.614s] -- Up-to-date: /workspace/install/tutorial_interfaces/share/tutorial_interfaces/local_setup.dsv
[0.614s] -- Installing: /workspace/install/tutorial_interfaces/share/tutorial_interfaces/package.dsv
[0.614s] -- Up-to-date: /workspace/install/tutorial_interfaces/share/ament_index/resource_index/packages/tutorial_interfaces
[0.614s] -- Up-to-date: /workspace/install/tutorial_interfaces/share/tutorial_interfaces/cmake/export_tutorial_interfaces__rosidl_generator_cExport.cmake
[0.614s] -- Up-to-date: /workspace/install/tutorial_interfaces/share/tutorial_interfaces/cmake/export_tutorial_interfaces__rosidl_generator_cExport-noconfig.cmake
[0.614s] -- Up-to-date: /workspace/install/tutorial_interfaces/share/tutorial_interfaces/cmake/export_tutorial_interfaces__rosidl_typesupport_fastrtps_cExport.cmake
[0.615s] -- Up-to-date: /workspace/install/tutorial_interfaces/share/tutorial_interfaces/cmake/export_tutorial_interfaces__rosidl_typesupport_fastrtps_cExport-noconfig.cmake
[0.615s] -- Up-to-date: /workspace/install/tutorial_interfaces/share/tutorial_interfaces/cmake/export_tutorial_interfaces__rosidl_generator_cppExport.cmake
[0.615s] -- Up-to-date: /workspace/install/tutorial_interfaces/share/tutorial_interfaces/cmake/export_tutorial_interfaces__rosidl_typesupport_fastrtps_cppExport.cmake
[0.615s] -- Up-to-date: /workspace/install/tutorial_interfaces/share/tutorial_interfaces/cmake/export_tutorial_interfaces__rosidl_typesupport_fastrtps_cppExport-noconfig.cmake
[0.615s] -- Up-to-date: /workspace/install/tutorial_interfaces/share/tutorial_interfaces/cmake/tutorial_interfaces__rosidl_typesupport_introspection_cExport.cmake
[0.615s] -- Up-to-date: /workspace/install/tutorial_interfaces/share/tutorial_interfaces/cmake/tutorial_interfaces__rosidl_typesupport_introspection_cExport-noconfig.cmake
[0.616s] -- Up-to-date: /workspace/install/tutorial_interfaces/share/tutorial_interfaces/cmake/tutorial_interfaces__rosidl_typesupport_cExport.cmake
[0.616s] -- Up-to-date: /workspace/install/tutorial_interfaces/share/tutorial_interfaces/cmake/tutorial_interfaces__rosidl_typesupport_cExport-noconfig.cmake
[0.616s] -- Up-to-date: /workspace/install/tutorial_interfaces/share/tutorial_interfaces/cmake/tutorial_interfaces__rosidl_typesupport_introspection_cppExport.cmake
[0.616s] -- Up-to-date: /workspace/install/tutorial_interfaces/share/tutorial_interfaces/cmake/tutorial_interfaces__rosidl_typesupport_introspection_cppExport-noconfig.cmake
[0.616s] -- Up-to-date: /workspace/install/tutorial_interfaces/share/tutorial_interfaces/cmake/tutorial_interfaces__rosidl_typesupport_cppExport.cmake
[0.616s] -- Up-to-date: /workspace/install/tutorial_interfaces/share/tutorial_interfaces/cmake/tutorial_interfaces__rosidl_typesupport_cppExport-noconfig.cmake
[0.616s] -- Up-to-date: /workspace/install/tutorial_interfaces/share/tutorial_interfaces/cmake/export_tutorial_interfaces__rosidl_generator_pyExport.cmake
[0.616s] -- Up-to-date: /workspace/install/tutorial_interfaces/share/tutorial_interfaces/cmake/export_tutorial_interfaces__rosidl_generator_pyExport-noconfig.cmake
[0.616s] -- Up-to-date: /workspace/install/tutorial_interfaces/share/tutorial_interfaces/cmake/rosidl_cmake-extras.cmake
[0.617s] -- Up-to-date: /workspace/install/tutorial_interfaces/share/tutorial_interfaces/cmake/ament_cmake_export_dependencies-extras.cmake
[0.617s] -- Up-to-date: /workspace/install/tutorial_interfaces/share/tutorial_interfaces/cmake/ament_cmake_export_include_directories-extras.cmake
[0.617s] -- Up-to-date: /workspace/install/tutorial_interfaces/share/tutorial_interfaces/cmake/ament_cmake_export_libraries-extras.cmake
[0.617s] -- Up-to-date: /workspace/install/tutorial_interfaces/share/tutorial_interfaces/cmake/ament_cmake_export_targets-extras.cmake
[0.617s] -- Up-to-date: /workspace/install/tutorial_interfaces/share/tutorial_interfaces/cmake/rosidl_cmake_export_typesupport_targets-extras.cmake
[0.617s] -- Up-to-date: /workspace/install/tutorial_interfaces/share/tutorial_interfaces/cmake/rosidl_cmake_export_typesupport_libraries-extras.cmake
[0.617s] -- Up-to-date: /workspace/install/tutorial_interfaces/share/tutorial_interfaces/cmake/tutorial_interfacesConfig.cmake
[0.618s] -- Up-to-date: /workspace/install/tutorial_interfaces/share/tutorial_interfaces/cmake/tutorial_interfacesConfig-version.cmake
[0.618s] -- Up-to-date: /workspace/install/tutorial_interfaces/share/tutorial_interfaces/package.xml
[0.619s] Invoked command in '/workspace/build/tutorial_interfaces' returned '0': CMAKE_PREFIX_PATH=${CMAKE_PREFIX_PATH}:/workspace/install/pubsub:/workspace/install/srvcli:/workspace/install/my_py_pkg:/workspace/install/my_package:/opt/ros/humble /usr/bin/cmake --install /workspace/build/tutorial_interfaces
