[0.155s] Invoking command in '/workspace/src/build/iiwa_ros2_moveit2': AMENT_PREFIX_PATH=/workspace/src/install/ros2_data:${AMENT_PREFIX_PATH} CMAKE_PREFIX_PATH=/workspace/src/install/ros2_data:/workspace/src/install/lakme_ros:/workspace/install/lakme_ros:/opt/ros/humble LD_LIBRARY_PATH=/workspace/src/install/ros2_data/lib:${LD_LIBRARY_PATH} PYTHONPATH=/workspace/src/install/ros2_data/local/lib/python3.10/dist-packages:${PYTHONPATH} /usr/bin/cmake /workspace/src/ros2_RobotSimulation/Kuka/LBRiiwa/iiwa_ros2_moveit2 -DCMAKE_INSTALL_PREFIX=/workspace/src/install/iiwa_ros2_moveit2
[0.294s] -- The C compiler identification is GNU 11.3.0
[0.409s] -- The CXX compiler identification is GNU 11.3.0
[0.430s] -- Detecting C compiler ABI info
[0.569s] -- Detecting C compiler ABI info - done
[0.594s] -- Check for working C compiler: /usr/bin/cc - skipped
[0.597s] -- Detecting C compile features
[0.600s] -- Detecting C compile features - done
[0.613s] -- Detecting CXX compiler ABI info
[0.774s] -- Detecting CXX compiler ABI info - done
[0.796s] -- Check for working CXX compiler: /usr/bin/c++ - skipped
[0.797s] -- Detecting CXX compile features
[0.799s] -- Detecting CXX compile features - done
[0.811s] -- Found ament_cmake: 1.3.4 (/opt/ros/humble/share/ament_cmake/cmake)
[1.212s] -- Found Python3: /usr/bin/python3.10 (found version "3.10.6") found components: Interpreter 
[1.503s] -- Found ament_lint_auto: 0.12.6 (/opt/ros/humble/share/ament_lint_auto/cmake)
[1.738s] -- Added test 'copyright' to check source files copyright and LICENSE
[1.739s] -- Added test 'flake8' to check Python code syntax and style conventions
[1.740s] -- Added test 'lint_cmake' to check CMake code style
[1.740s] -- Added test 'pep257' to check Python code against some of the docstring style conventions in PEP 257
[1.743s] -- Added test 'xmllint' to check XML markup files
[1.745s] -- Configuring done
[1.752s] -- Generating done
[1.753s] -- Build files have been written to: /workspace/src/build/iiwa_ros2_moveit2
[1.768s] Invoked command in '/workspace/src/build/iiwa_ros2_moveit2' returned '0': AMENT_PREFIX_PATH=/workspace/src/install/ros2_data:${AMENT_PREFIX_PATH} CMAKE_PREFIX_PATH=/workspace/src/install/ros2_data:/workspace/src/install/lakme_ros:/workspace/install/lakme_ros:/opt/ros/humble LD_LIBRARY_PATH=/workspace/src/install/ros2_data/lib:${LD_LIBRARY_PATH} PYTHONPATH=/workspace/src/install/ros2_data/local/lib/python3.10/dist-packages:${PYTHONPATH} /usr/bin/cmake /workspace/src/ros2_RobotSimulation/Kuka/LBRiiwa/iiwa_ros2_moveit2 -DCMAKE_INSTALL_PREFIX=/workspace/src/install/iiwa_ros2_moveit2
[1.769s] Invoking command in '/workspace/src/build/iiwa_ros2_moveit2': AMENT_PREFIX_PATH=/workspace/src/install/ros2_data:${AMENT_PREFIX_PATH} CMAKE_PREFIX_PATH=/workspace/src/install/ros2_data:/workspace/src/install/lakme_ros:/workspace/install/lakme_ros:/opt/ros/humble LD_LIBRARY_PATH=/workspace/src/install/ros2_data/lib:${LD_LIBRARY_PATH} PYTHONPATH=/workspace/src/install/ros2_data/local/lib/python3.10/dist-packages:${PYTHONPATH} /usr/bin/cmake --build /workspace/src/build/iiwa_ros2_moveit2 -- -j12 -l12
[1.836s] Invoked command in '/workspace/src/build/iiwa_ros2_moveit2' returned '0': AMENT_PREFIX_PATH=/workspace/src/install/ros2_data:${AMENT_PREFIX_PATH} CMAKE_PREFIX_PATH=/workspace/src/install/ros2_data:/workspace/src/install/lakme_ros:/workspace/install/lakme_ros:/opt/ros/humble LD_LIBRARY_PATH=/workspace/src/install/ros2_data/lib:${LD_LIBRARY_PATH} PYTHONPATH=/workspace/src/install/ros2_data/local/lib/python3.10/dist-packages:${PYTHONPATH} /usr/bin/cmake --build /workspace/src/build/iiwa_ros2_moveit2 -- -j12 -l12
[1.885s] Invoking command in '/workspace/src/build/iiwa_ros2_moveit2': AMENT_PREFIX_PATH=/workspace/src/install/ros2_data:${AMENT_PREFIX_PATH} CMAKE_PREFIX_PATH=/workspace/src/install/ros2_data:/workspace/src/install/lakme_ros:/workspace/install/lakme_ros:/opt/ros/humble LD_LIBRARY_PATH=/workspace/src/install/ros2_data/lib:${LD_LIBRARY_PATH} PYTHONPATH=/workspace/src/install/ros2_data/local/lib/python3.10/dist-packages:${PYTHONPATH} /usr/bin/cmake --install /workspace/src/build/iiwa_ros2_moveit2
[1.915s] -- Install configuration: ""
[1.915s] -- Installing: /workspace/src/install/iiwa_ros2_moveit2/share/iiwa_ros2_moveit2/config
[1.917s] -- Installing: /workspace/src/install/iiwa_ros2_moveit2/share/iiwa_ros2_moveit2/config/ompl_planning.yaml
[1.918s] -- Installing: /workspace/src/install/iiwa_ros2_moveit2/share/iiwa_ros2_moveit2/config/iiwa_moveit2.rviz
[1.918s] -- Installing: /workspace/src/install/iiwa_ros2_moveit2/share/iiwa_ros2_moveit2/config/iiwa_controllers.yaml
[1.918s] -- Installing: /workspace/src/install/iiwa_ros2_moveit2/share/iiwa_ros2_moveit2/config/iiwa.srdf
[1.919s] -- Installing: /workspace/src/install/iiwa_ros2_moveit2/share/iiwa_ros2_moveit2/config/kinematics.yaml
[1.919s] -- Installing: /workspace/src/install/iiwa_ros2_moveit2/share/iiwa_ros2_moveit2/launch
[1.919s] -- Installing: /workspace/src/install/iiwa_ros2_moveit2/share/iiwa_ros2_moveit2/launch/iiwa.launch.py
[1.919s] -- Installing: /workspace/src/install/iiwa_ros2_moveit2/share/iiwa_ros2_moveit2/launch/iiwa_interface.launch.py
[1.919s] -- Installing: /workspace/src/install/iiwa_ros2_moveit2/share/ament_index/resource_index/package_run_dependencies/iiwa_ros2_moveit2
[1.919s] -- Installing: /workspace/src/install/iiwa_ros2_moveit2/share/ament_index/resource_index/parent_prefix_path/iiwa_ros2_moveit2
[1.920s] -- Installing: /workspace/src/install/iiwa_ros2_moveit2/share/iiwa_ros2_moveit2/environment/ament_prefix_path.sh
[1.920s] -- Installing: /workspace/src/install/iiwa_ros2_moveit2/share/iiwa_ros2_moveit2/environment/ament_prefix_path.dsv
[1.920s] -- Installing: /workspace/src/install/iiwa_ros2_moveit2/share/iiwa_ros2_moveit2/environment/path.sh
[1.920s] -- Installing: /workspace/src/install/iiwa_ros2_moveit2/share/iiwa_ros2_moveit2/environment/path.dsv
[1.920s] -- Installing: /workspace/src/install/iiwa_ros2_moveit2/share/iiwa_ros2_moveit2/local_setup.bash
[1.921s] -- Installing: /workspace/src/install/iiwa_ros2_moveit2/share/iiwa_ros2_moveit2/local_setup.sh
[1.921s] -- Installing: /workspace/src/install/iiwa_ros2_moveit2/share/iiwa_ros2_moveit2/local_setup.zsh
[1.921s] -- Installing: /workspace/src/install/iiwa_ros2_moveit2/share/iiwa_ros2_moveit2/local_setup.dsv
[1.921s] -- Installing: /workspace/src/install/iiwa_ros2_moveit2/share/iiwa_ros2_moveit2/package.dsv
[1.921s] -- Installing: /workspace/src/install/iiwa_ros2_moveit2/share/ament_index/resource_index/packages/iiwa_ros2_moveit2
[1.922s] -- Installing: /workspace/src/install/iiwa_ros2_moveit2/share/iiwa_ros2_moveit2/cmake/iiwa_ros2_moveit2Config.cmake
[1.922s] -- Installing: /workspace/src/install/iiwa_ros2_moveit2/share/iiwa_ros2_moveit2/cmake/iiwa_ros2_moveit2Config-version.cmake
[1.923s] -- Installing: /workspace/src/install/iiwa_ros2_moveit2/share/iiwa_ros2_moveit2/package.xml
[1.956s] Invoked command in '/workspace/src/build/iiwa_ros2_moveit2' returned '0': AMENT_PREFIX_PATH=/workspace/src/install/ros2_data:${AMENT_PREFIX_PATH} CMAKE_PREFIX_PATH=/workspace/src/install/ros2_data:/workspace/src/install/lakme_ros:/workspace/install/lakme_ros:/opt/ros/humble LD_LIBRARY_PATH=/workspace/src/install/ros2_data/lib:${LD_LIBRARY_PATH} PYTHONPATH=/workspace/src/install/ros2_data/local/lib/python3.10/dist-packages:${PYTHONPATH} /usr/bin/cmake --install /workspace/src/build/iiwa_ros2_moveit2
