[0.837s] Invoking command in '/workspace/src/inverse_kinematics': PYTHONPATH=/workspace/build/inverse_kinematics/prefix_override:/workspace/install/inverse_kinematics/lib/python3.10/site-packages:${PYTHONPATH} /usr/bin/python3 setup.py egg_info --egg-base ../../build/inverse_kinematics build --build-base /workspace/build/inverse_kinematics/build install --record /workspace/build/inverse_kinematics/install.log --single-version-externally-managed
[1.076s] running egg_info
[1.077s] writing ../../build/inverse_kinematics/inverse_kinematics.egg-info/PKG-INFO
[1.077s] writing dependency_links to ../../build/inverse_kinematics/inverse_kinematics.egg-info/dependency_links.txt
[1.078s] writing entry points to ../../build/inverse_kinematics/inverse_kinematics.egg-info/entry_points.txt
[1.078s] writing requirements to ../../build/inverse_kinematics/inverse_kinematics.egg-info/requires.txt
[1.078s] writing top-level names to ../../build/inverse_kinematics/inverse_kinematics.egg-info/top_level.txt
[1.080s] reading manifest file '../../build/inverse_kinematics/inverse_kinematics.egg-info/SOURCES.txt'
[1.081s] writing manifest file '../../build/inverse_kinematics/inverse_kinematics.egg-info/SOURCES.txt'
[1.081s] running build
[1.081s] running build_py
[1.081s] copying inverse_kinematics/serv.py -> /workspace/build/inverse_kinematics/build/lib/inverse_kinematics
[1.082s] running install
[1.082s] /usr/lib/python3/dist-packages/setuptools/command/install.py:34: SetuptoolsDeprecationWarning: setup.py install is deprecated. Use build and pip and other standards-based tools.
[1.082s]   warnings.warn(
[1.082s] running install_lib
[1.083s] copying /workspace/build/inverse_kinematics/build/lib/inverse_kinematics/serv.py -> /workspace/install/inverse_kinematics/lib/python3.10/site-packages/inverse_kinematics
[1.084s] byte-compiling /workspace/install/inverse_kinematics/lib/python3.10/site-packages/inverse_kinematics/serv.py to serv.cpython-310.pyc
[1.084s] running install_data
[1.085s] running install_egg_info
[1.086s] removing '/workspace/install/inverse_kinematics/lib/python3.10/site-packages/inverse_kinematics-0.0.0-py3.10.egg-info' (and everything under it)
[1.087s] Copying ../../build/inverse_kinematics/inverse_kinematics.egg-info to /workspace/install/inverse_kinematics/lib/python3.10/site-packages/inverse_kinematics-0.0.0-py3.10.egg-info
[1.088s] running install_scripts
[1.111s] Installing client script to /workspace/install/inverse_kinematics/lib/inverse_kinematics
[1.111s] Installing server script to /workspace/install/inverse_kinematics/lib/inverse_kinematics
[1.112s] writing list of installed files to '/workspace/build/inverse_kinematics/install.log'
[1.143s] Invoked command in '/workspace/src/inverse_kinematics' returned '0': PYTHONPATH=/workspace/build/inverse_kinematics/prefix_override:/workspace/install/inverse_kinematics/lib/python3.10/site-packages:${PYTHONPATH} /usr/bin/python3 setup.py egg_info --egg-base ../../build/inverse_kinematics build --build-base /workspace/build/inverse_kinematics/build install --record /workspace/build/inverse_kinematics/install.log --single-version-externally-managed
