[0.034s] Invoking command in '/workspace/build/tutorial_interfaces': CMAKE_PREFIX_PATH=${CMAKE_PREFIX_PATH}:/workspace/install/pubsub:/workspace/install/srvcli:/workspace/install/my_py_pkg:/workspace/install/my_package:/opt/ros/humble /usr/bin/cmake --build /workspace/build/tutorial_interfaces -- -j12 -l12
[0.380s] [35m[1mConsolidate compiler generated dependencies of target tutorial_interfaces__rosidl_generator_c[0m
[0.380s] [  1%] Built target tutorial_interfaces__cpp
[0.380s] [ 12%] Built target tutorial_interfaces__rosidl_generator_c
[0.380s] [ 12%] Built target ament_cmake_python_copy_tutorial_interfaces
[0.380s] [35m[1mConsolidate compiler generated dependencies of target tutorial_interfaces__rosidl_typesupport_cpp[0m
[0.380s] [35m[1mConsolidate compiler generated dependencies of target tutorial_interfaces__rosidl_typesupport_introspection_cpp[0m
[0.381s] [35m[1mConsolidate compiler generated dependencies of target tutorial_interfaces__rosidl_typesupport_fastrtps_cpp[0m
[0.381s] [35m[1mConsolidate compiler generated dependencies of target tutorial_interfaces__rosidl_typesupport_c[0m
[0.381s] [35m[1mConsolidate compiler generated dependencies of target tutorial_interfaces__rosidl_typesupport_introspection_c[0m
[0.381s] [35m[1mConsolidate compiler generated dependencies of target tutorial_interfaces__rosidl_typesupport_fastrtps_c[0m
[0.382s] [ 23%] Built target tutorial_interfaces__rosidl_typesupport_c
[0.382s] [ 34%] Built target tutorial_interfaces__rosidl_typesupport_introspection_c
[0.383s] [ 46%] Built target tutorial_interfaces__rosidl_typesupport_cpp
[0.383s] [ 57%] Built target tutorial_interfaces__rosidl_typesupport_introspection_cpp
[0.384s] [ 68%] Built target tutorial_interfaces__rosidl_typesupport_fastrtps_c
[0.384s] [ 79%] Built target tutorial_interfaces__rosidl_typesupport_fastrtps_cpp
[0.384s] [ 79%] Built target tutorial_interfaces
[0.385s] [ 80%] Built target tutorial_interfaces__py
[0.385s] [35m[1mConsolidate compiler generated dependencies of target tutorial_interfaces__rosidl_generator_py[0m
[0.385s] [ 90%] Built target tutorial_interfaces__rosidl_generator_py
[0.386s] [35m[1mConsolidate compiler generated dependencies of target tutorial_interfaces__rosidl_typesupport_introspection_c__pyext[0m
[0.386s] [35m[1mConsolidate compiler generated dependencies of target tutorial_interfaces__rosidl_typesupport_fastrtps_c__pyext[0m
[0.388s] [35m[1mConsolidate compiler generated dependencies of target tutorial_interfaces__rosidl_typesupport_c__pyext[0m
[0.389s] [ 96%] Built target tutorial_interfaces__rosidl_typesupport_introspection_c__pyext
[0.389s] [ 96%] Built target tutorial_interfaces__rosidl_typesupport_fastrtps_c__pyext
[0.389s] [100%] Built target tutorial_interfaces__rosidl_typesupport_c__pyext
[0.391s] running egg_info
[0.391s] writing tutorial_interfaces.egg-info/PKG-INFO
[0.391s] writing dependency_links to tutorial_interfaces.egg-info/dependency_links.txt
[0.391s] writing top-level names to tutorial_interfaces.egg-info/top_level.txt
[0.391s] reading manifest file 'tutorial_interfaces.egg-info/SOURCES.txt'
[0.391s] writing manifest file 'tutorial_interfaces.egg-info/SOURCES.txt'
[0.413s] [100%] Built target ament_cmake_python_build_tutorial_interfaces_egg
[0.429s] Invoked command in '/workspace/build/tutorial_interfaces' returned '0': CMAKE_PREFIX_PATH=${CMAKE_PREFIX_PATH}:/workspace/install/pubsub:/workspace/install/srvcli:/workspace/install/my_py_pkg:/workspace/install/my_package:/opt/ros/humble /usr/bin/cmake --build /workspace/build/tutorial_interfaces -- -j12 -l12
[0.642s] Invoking command in '/workspace/build/tutorial_interfaces': CMAKE_PREFIX_PATH=${CMAKE_PREFIX_PATH}:/workspace/install/pubsub:/workspace/install/srvcli:/workspace/install/my_py_pkg:/workspace/install/my_package:/opt/ros/humble /usr/bin/cmake --install /workspace/build/tutorial_interfaces
[0.652s] -- Install configuration: ""
[0.653s] -- Up-to-date: /workspace/install/tutorial_interfaces/share/ament_index/resource_index/rosidl_interfaces/tutorial_interfaces
[0.653s] -- Up-to-date: /workspace/install/tutorial_interfaces/include/tutorial_interfaces/tutorial_interfaces
[0.653s] -- Up-to-date: /workspace/install/tutorial_interfaces/include/tutorial_interfaces/tutorial_interfaces/action
[0.653s] -- Up-to-date: /workspace/install/tutorial_interfaces/include/tutorial_interfaces/tutorial_interfaces/action/detail
[0.653s] -- Up-to-date: /workspace/install/tutorial_interfaces/include/tutorial_interfaces/tutorial_interfaces/action/detail/count__type_support.h
[0.654s] -- Up-to-date: /workspace/install/tutorial_interfaces/include/tutorial_interfaces/tutorial_interfaces/action/detail/fibonacci__type_support.h
[0.654s] -- Up-to-date: /workspace/install/tutorial_interfaces/include/tutorial_interfaces/tutorial_interfaces/action/detail/count_down__functions.h
[0.654s] -- Up-to-date: /workspace/install/tutorial_interfaces/include/tutorial_interfaces/tutorial_interfaces/action/detail/count_down__struct.h
[0.654s] -- Up-to-date: /workspace/install/tutorial_interfaces/include/tutorial_interfaces/tutorial_interfaces/action/detail/fibonacci__struct.h
[0.654s] -- Up-to-date: /workspace/install/tutorial_interfaces/include/tutorial_interfaces/tutorial_interfaces/action/detail/count__functions.h
[0.655s] -- Up-to-date: /workspace/install/tutorial_interfaces/include/tutorial_interfaces/tutorial_interfaces/action/detail/count__functions.c
[0.655s] -- Up-to-date: /workspace/install/tutorial_interfaces/include/tutorial_interfaces/tutorial_interfaces/action/detail/fibonacci__functions.h
[0.655s] -- Up-to-date: /workspace/install/tutorial_interfaces/include/tutorial_interfaces/tutorial_interfaces/action/detail/count__struct.h
[0.655s] -- Up-to-date: /workspace/install/tutorial_interfaces/include/tutorial_interfaces/tutorial_interfaces/action/detail/fibonacci__functions.c
[0.656s] -- Up-to-date: /workspace/install/tutorial_interfaces/include/tutorial_interfaces/tutorial_interfaces/action/detail/count_down__type_support.h
[0.656s] -- Up-to-date: /workspace/install/tutorial_interfaces/include/tutorial_interfaces/tutorial_interfaces/action/detail/count_down__functions.c
[0.656s] -- Up-to-date: /workspace/install/tutorial_interfaces/include/tutorial_interfaces/tutorial_interfaces/action/count_down.h
[0.656s] -- Up-to-date: /workspace/install/tutorial_interfaces/include/tutorial_interfaces/tutorial_interfaces/action/fibonacci.h
[0.657s] -- Up-to-date: /workspace/install/tutorial_interfaces/include/tutorial_interfaces/tutorial_interfaces/action/count.h
[0.657s] -- Up-to-date: /workspace/install/tutorial_interfaces/include/tutorial_interfaces/tutorial_interfaces/srv
[0.657s] -- Up-to-date: /workspace/install/tutorial_interfaces/include/tutorial_interfaces/tutorial_interfaces/srv/detail
[0.657s] -- Up-to-date: /workspace/install/tutorial_interfaces/include/tutorial_interfaces/tutorial_interfaces/srv/detail/add_three_ints__functions.h
[0.657s] -- Up-to-date: /workspace/install/tutorial_interfaces/include/tutorial_interfaces/tutorial_interfaces/srv/detail/add_three_ints__struct.h
[0.657s] -- Up-to-date: /workspace/install/tutorial_interfaces/include/tutorial_interfaces/tutorial_interfaces/srv/detail/add_three_ints__functions.c
[0.658s] -- Up-to-date: /workspace/install/tutorial_interfaces/include/tutorial_interfaces/tutorial_interfaces/srv/detail/add_three_ints__type_support.h
[0.658s] -- Up-to-date: /workspace/install/tutorial_interfaces/include/tutorial_interfaces/tutorial_interfaces/srv/add_three_ints.h
[0.658s] -- Up-to-date: /workspace/install/tutorial_interfaces/include/tutorial_interfaces/tutorial_interfaces/msg
[0.658s] -- Up-to-date: /workspace/install/tutorial_interfaces/include/tutorial_interfaces/tutorial_interfaces/msg/num.h
[0.658s] -- Up-to-date: /workspace/install/tutorial_interfaces/include/tutorial_interfaces/tutorial_interfaces/msg/detail
[0.659s] -- Up-to-date: /workspace/install/tutorial_interfaces/include/tutorial_interfaces/tutorial_interfaces/msg/detail/num__struct.h
[0.659s] -- Up-to-date: /workspace/install/tutorial_interfaces/include/tutorial_interfaces/tutorial_interfaces/msg/detail/sphere__functions.h
[0.659s] -- Up-to-date: /workspace/install/tutorial_interfaces/include/tutorial_interfaces/tutorial_interfaces/msg/detail/sphere__functions.c
[0.659s] -- Up-to-date: /workspace/install/tutorial_interfaces/include/tutorial_interfaces/tutorial_interfaces/msg/detail/num__functions.h
[0.659s] -- Up-to-date: /workspace/install/tutorial_interfaces/include/tutorial_interfaces/tutorial_interfaces/msg/detail/sphere__struct.h
[0.660s] -- Up-to-date: /workspace/install/tutorial_interfaces/include/tutorial_interfaces/tutorial_interfaces/msg/detail/sphere__type_support.h
[0.660s] -- Up-to-date: /workspace/install/tutorial_interfaces/include/tutorial_interfaces/tutorial_interfaces/msg/detail/num__type_support.h
[0.660s] -- Up-to-date: /workspace/install/tutorial_interfaces/include/tutorial_interfaces/tutorial_interfaces/msg/detail/num__functions.c
[0.660s] -- Up-to-date: /workspace/install/tutorial_interfaces/include/tutorial_interfaces/tutorial_interfaces/msg/rosidl_generator_c__visibility_control.h
[0.660s] -- Up-to-date: /workspace/install/tutorial_interfaces/include/tutorial_interfaces/tutorial_interfaces/msg/sphere.h
[0.660s] -- Up-to-date: /workspace/install/tutorial_interfaces/share/tutorial_interfaces/environment/library_path.sh
[0.660s] -- Up-to-date: /workspace/install/tutorial_interfaces/share/tutorial_interfaces/environment/library_path.dsv
[0.661s] -- Up-to-date: /workspace/install/tutorial_interfaces/lib/libtutorial_interfaces__rosidl_generator_c.so
[0.661s] -- Up-to-date: /workspace/install/tutorial_interfaces/include/tutorial_interfaces/tutorial_interfaces
[0.661s] -- Up-to-date: /workspace/install/tutorial_interfaces/include/tutorial_interfaces/tutorial_interfaces/action
[0.661s] -- Up-to-date: /workspace/install/tutorial_interfaces/include/tutorial_interfaces/tutorial_interfaces/action/detail
[0.661s] -- Up-to-date: /workspace/install/tutorial_interfaces/include/tutorial_interfaces/tutorial_interfaces/action/detail/count_down__rosidl_typesupport_fastrtps_c.h
[0.661s] -- Up-to-date: /workspace/install/tutorial_interfaces/include/tutorial_interfaces/tutorial_interfaces/action/detail/count__rosidl_typesupport_fastrtps_c.h
[0.662s] -- Up-to-date: /workspace/install/tutorial_interfaces/include/tutorial_interfaces/tutorial_interfaces/action/detail/fibonacci__rosidl_typesupport_fastrtps_c.h
[0.662s] -- Up-to-date: /workspace/install/tutorial_interfaces/include/tutorial_interfaces/tutorial_interfaces/srv
[0.663s] -- Up-to-date: /workspace/install/tutorial_interfaces/include/tutorial_interfaces/tutorial_interfaces/srv/detail
[0.663s] -- Up-to-date: /workspace/install/tutorial_interfaces/include/tutorial_interfaces/tutorial_interfaces/srv/detail/add_three_ints__rosidl_typesupport_fastrtps_c.h
[0.663s] -- Up-to-date: /workspace/install/tutorial_interfaces/include/tutorial_interfaces/tutorial_interfaces/msg
[0.663s] -- Up-to-date: /workspace/install/tutorial_interfaces/include/tutorial_interfaces/tutorial_interfaces/msg/detail
[0.663s] -- Up-to-date: /workspace/install/tutorial_interfaces/include/tutorial_interfaces/tutorial_interfaces/msg/detail/num__rosidl_typesupport_fastrtps_c.h
[0.663s] -- Up-to-date: /workspace/install/tutorial_interfaces/include/tutorial_interfaces/tutorial_interfaces/msg/detail/sphere__rosidl_typesupport_fastrtps_c.h
[0.663s] -- Up-to-date: /workspace/install/tutorial_interfaces/include/tutorial_interfaces/tutorial_interfaces/msg/rosidl_typesupport_fastrtps_c__visibility_control.h
[0.663s] -- Up-to-date: /workspace/install/tutorial_interfaces/lib/libtutorial_interfaces__rosidl_typesupport_fastrtps_c.so
[0.663s] -- Up-to-date: /workspace/install/tutorial_interfaces/include/tutorial_interfaces/tutorial_interfaces
[0.664s] -- Up-to-date: /workspace/install/tutorial_interfaces/include/tutorial_interfaces/tutorial_interfaces/action
[0.664s] -- Up-to-date: /workspace/install/tutorial_interfaces/include/tutorial_interfaces/tutorial_interfaces/action/detail
[0.664s] -- Up-to-date: /workspace/install/tutorial_interfaces/include/tutorial_interfaces/tutorial_interfaces/action/detail/count__struct.hpp
[0.664s] -- Up-to-date: /workspace/install/tutorial_interfaces/include/tutorial_interfaces/tutorial_interfaces/action/detail/count_down__builder.hpp
[0.664s] -- Up-to-date: /workspace/install/tutorial_interfaces/include/tutorial_interfaces/tutorial_interfaces/action/detail/count__traits.hpp
[0.664s] -- Up-to-date: /workspace/install/tutorial_interfaces/include/tutorial_interfaces/tutorial_interfaces/action/detail/fibonacci__struct.hpp
[0.665s] -- Up-to-date: /workspace/install/tutorial_interfaces/include/tutorial_interfaces/tutorial_interfaces/action/detail/count_down__struct.hpp
[0.665s] -- Up-to-date: /workspace/install/tutorial_interfaces/include/tutorial_interfaces/tutorial_interfaces/action/detail/fibonacci__traits.hpp
[0.665s] -- Up-to-date: /workspace/install/tutorial_interfaces/include/tutorial_interfaces/tutorial_interfaces/action/detail/count__builder.hpp
[0.665s] -- Up-to-date: /workspace/install/tutorial_interfaces/include/tutorial_interfaces/tutorial_interfaces/action/detail/fibonacci__builder.hpp
[0.665s] -- Up-to-date: /workspace/install/tutorial_interfaces/include/tutorial_interfaces/tutorial_interfaces/action/detail/count_down__traits.hpp
[0.665s] -- Up-to-date: /workspace/install/tutorial_interfaces/include/tutorial_interfaces/tutorial_interfaces/action/fibonacci.hpp
[0.665s] -- Up-to-date: /workspace/install/tutorial_interfaces/include/tutorial_interfaces/tutorial_interfaces/action/count.hpp
[0.666s] -- Up-to-date: /workspace/install/tutorial_interfaces/include/tutorial_interfaces/tutorial_interfaces/action/count_down.hpp
[0.666s] -- Up-to-date: /workspace/install/tutorial_interfaces/include/tutorial_interfaces/tutorial_interfaces/srv
[0.666s] -- Up-to-date: /workspace/install/tutorial_interfaces/include/tutorial_interfaces/tutorial_interfaces/srv/add_three_ints.hpp
[0.666s] -- Up-to-date: /workspace/install/tutorial_interfaces/include/tutorial_interfaces/tutorial_interfaces/srv/detail
[0.666s] -- Up-to-date: /workspace/install/tutorial_interfaces/include/tutorial_interfaces/tutorial_interfaces/srv/detail/add_three_ints__builder.hpp
[0.667s] -- Up-to-date: /workspace/install/tutorial_interfaces/include/tutorial_interfaces/tutorial_interfaces/srv/detail/add_three_ints__struct.hpp
[0.667s] -- Up-to-date: /workspace/install/tutorial_interfaces/include/tutorial_interfaces/tutorial_interfaces/srv/detail/add_three_ints__traits.hpp
[0.667s] -- Up-to-date: /workspace/install/tutorial_interfaces/include/tutorial_interfaces/tutorial_interfaces/msg
[0.667s] -- Up-to-date: /workspace/install/tutorial_interfaces/include/tutorial_interfaces/tutorial_interfaces/msg/detail
[0.667s] -- Up-to-date: /workspace/install/tutorial_interfaces/include/tutorial_interfaces/tutorial_interfaces/msg/detail/sphere__builder.hpp
[0.667s] -- Up-to-date: /workspace/install/tutorial_interfaces/include/tutorial_interfaces/tutorial_interfaces/msg/detail/num__struct.hpp
[0.667s] -- Up-to-date: /workspace/install/tutorial_interfaces/include/tutorial_interfaces/tutorial_interfaces/msg/detail/sphere__struct.hpp
[0.668s] -- Up-to-date: /workspace/install/tutorial_interfaces/include/tutorial_interfaces/tutorial_interfaces/msg/detail/sphere__traits.hpp
[0.668s] -- Up-to-date: /workspace/install/tutorial_interfaces/include/tutorial_interfaces/tutorial_interfaces/msg/detail/num__builder.hpp
[0.668s] -- Up-to-date: /workspace/install/tutorial_interfaces/include/tutorial_interfaces/tutorial_interfaces/msg/detail/num__traits.hpp
[0.668s] -- Up-to-date: /workspace/install/tutorial_interfaces/include/tutorial_interfaces/tutorial_interfaces/msg/num.hpp
[0.668s] -- Up-to-date: /workspace/install/tutorial_interfaces/include/tutorial_interfaces/tutorial_interfaces/msg/sphere.hpp
[0.668s] -- Up-to-date: /workspace/install/tutorial_interfaces/include/tutorial_interfaces/tutorial_interfaces
[0.668s] -- Up-to-date: /workspace/install/tutorial_interfaces/include/tutorial_interfaces/tutorial_interfaces/action
[0.668s] -- Up-to-date: /workspace/install/tutorial_interfaces/include/tutorial_interfaces/tutorial_interfaces/action/detail
[0.669s] -- Up-to-date: /workspace/install/tutorial_interfaces/include/tutorial_interfaces/tutorial_interfaces/action/detail/fibonacci__rosidl_typesupport_fastrtps_cpp.hpp
[0.669s] -- Up-to-date: /workspace/install/tutorial_interfaces/include/tutorial_interfaces/tutorial_interfaces/action/detail/count__rosidl_typesupport_fastrtps_cpp.hpp
[0.669s] -- Up-to-date: /workspace/install/tutorial_interfaces/include/tutorial_interfaces/tutorial_interfaces/action/detail/count_down__rosidl_typesupport_fastrtps_cpp.hpp
[0.669s] -- Up-to-date: /workspace/install/tutorial_interfaces/include/tutorial_interfaces/tutorial_interfaces/action/detail/dds_fastrtps
[0.669s] -- Up-to-date: /workspace/install/tutorial_interfaces/include/tutorial_interfaces/tutorial_interfaces/srv
[0.669s] -- Up-to-date: /workspace/install/tutorial_interfaces/include/tutorial_interfaces/tutorial_interfaces/srv/detail
[0.669s] -- Up-to-date: /workspace/install/tutorial_interfaces/include/tutorial_interfaces/tutorial_interfaces/srv/detail/add_three_ints__rosidl_typesupport_fastrtps_cpp.hpp
[0.670s] -- Up-to-date: /workspace/install/tutorial_interfaces/include/tutorial_interfaces/tutorial_interfaces/srv/detail/dds_fastrtps
[0.670s] -- Up-to-date: /workspace/install/tutorial_interfaces/include/tutorial_interfaces/tutorial_interfaces/msg
[0.670s] -- Up-to-date: /workspace/install/tutorial_interfaces/include/tutorial_interfaces/tutorial_interfaces/msg/detail
[0.670s] -- Up-to-date: /workspace/install/tutorial_interfaces/include/tutorial_interfaces/tutorial_interfaces/msg/detail/num__rosidl_typesupport_fastrtps_cpp.hpp
[0.670s] -- Up-to-date: /workspace/install/tutorial_interfaces/include/tutorial_interfaces/tutorial_interfaces/msg/detail/sphere__rosidl_typesupport_fastrtps_cpp.hpp
[0.670s] -- Up-to-date: /workspace/install/tutorial_interfaces/include/tutorial_interfaces/tutorial_interfaces/msg/detail/dds_fastrtps
[0.670s] -- Up-to-date: /workspace/install/tutorial_interfaces/include/tutorial_interfaces/tutorial_interfaces/msg/rosidl_typesupport_fastrtps_cpp__visibility_control.h
[0.670s] -- Up-to-date: /workspace/install/tutorial_interfaces/lib/libtutorial_interfaces__rosidl_typesupport_fastrtps_cpp.so
[0.671s] -- Up-to-date: /workspace/install/tutorial_interfaces/include/tutorial_interfaces/tutorial_interfaces
[0.671s] -- Up-to-date: /workspace/install/tutorial_interfaces/include/tutorial_interfaces/tutorial_interfaces/action
[0.671s] -- Up-to-date: /workspace/install/tutorial_interfaces/include/tutorial_interfaces/tutorial_interfaces/action/detail
[0.671s] -- Up-to-date: /workspace/install/tutorial_interfaces/include/tutorial_interfaces/tutorial_interfaces/action/detail/count__type_support.c
[0.671s] -- Up-to-date: /workspace/install/tutorial_interfaces/include/tutorial_interfaces/tutorial_interfaces/action/detail/fibonacci__rosidl_typesupport_introspection_c.h
[0.671s] -- Up-to-date: /workspace/install/tutorial_interfaces/include/tutorial_interfaces/tutorial_interfaces/action/detail/count_down__rosidl_typesupport_introspection_c.h
[0.671s] -- Up-to-date: /workspace/install/tutorial_interfaces/include/tutorial_interfaces/tutorial_interfaces/action/detail/count__rosidl_typesupport_introspection_c.h
[0.672s] -- Up-to-date: /workspace/install/tutorial_interfaces/include/tutorial_interfaces/tutorial_interfaces/action/detail/count_down__type_support.c
[0.672s] -- Up-to-date: /workspace/install/tutorial_interfaces/include/tutorial_interfaces/tutorial_interfaces/action/detail/fibonacci__type_support.c
[0.672s] -- Up-to-date: /workspace/install/tutorial_interfaces/include/tutorial_interfaces/tutorial_interfaces/srv
[0.672s] -- Up-to-date: /workspace/install/tutorial_interfaces/include/tutorial_interfaces/tutorial_interfaces/srv/detail
[0.672s] -- Up-to-date: /workspace/install/tutorial_interfaces/include/tutorial_interfaces/tutorial_interfaces/srv/detail/add_three_ints__type_support.c
[0.672s] -- Up-to-date: /workspace/install/tutorial_interfaces/include/tutorial_interfaces/tutorial_interfaces/srv/detail/add_three_ints__rosidl_typesupport_introspection_c.h
[0.672s] -- Up-to-date: /workspace/install/tutorial_interfaces/include/tutorial_interfaces/tutorial_interfaces/msg
[0.673s] -- Up-to-date: /workspace/install/tutorial_interfaces/include/tutorial_interfaces/tutorial_interfaces/msg/rosidl_typesupport_introspection_c__visibility_control.h
[0.673s] -- Up-to-date: /workspace/install/tutorial_interfaces/include/tutorial_interfaces/tutorial_interfaces/msg/detail
[0.673s] -- Up-to-date: /workspace/install/tutorial_interfaces/include/tutorial_interfaces/tutorial_interfaces/msg/detail/num__rosidl_typesupport_introspection_c.h
[0.673s] -- Up-to-date: /workspace/install/tutorial_interfaces/include/tutorial_interfaces/tutorial_interfaces/msg/detail/num__type_support.c
[0.673s] -- Up-to-date: /workspace/install/tutorial_interfaces/include/tutorial_interfaces/tutorial_interfaces/msg/detail/sphere__rosidl_typesupport_introspection_c.h
[0.674s] -- Up-to-date: /workspace/install/tutorial_interfaces/include/tutorial_interfaces/tutorial_interfaces/msg/detail/sphere__type_support.c
[0.674s] -- Up-to-date: /workspace/install/tutorial_interfaces/lib/libtutorial_interfaces__rosidl_typesupport_introspection_c.so
[0.674s] -- Up-to-date: /workspace/install/tutorial_interfaces/lib/libtutorial_interfaces__rosidl_typesupport_c.so
[0.674s] -- Up-to-date: /workspace/install/tutorial_interfaces/include/tutorial_interfaces/tutorial_interfaces
[0.674s] -- Up-to-date: /workspace/install/tutorial_interfaces/include/tutorial_interfaces/tutorial_interfaces/action
[0.674s] -- Up-to-date: /workspace/install/tutorial_interfaces/include/tutorial_interfaces/tutorial_interfaces/action/detail
[0.674s] -- Up-to-date: /workspace/install/tutorial_interfaces/include/tutorial_interfaces/tutorial_interfaces/action/detail/count_down__rosidl_typesupport_introspection_cpp.hpp
[0.674s] -- Up-to-date: /workspace/install/tutorial_interfaces/include/tutorial_interfaces/tutorial_interfaces/action/detail/count__rosidl_typesupport_introspection_cpp.hpp
[0.675s] -- Up-to-date: /workspace/install/tutorial_interfaces/include/tutorial_interfaces/tutorial_interfaces/action/detail/count_down__type_support.cpp
[0.675s] -- Up-to-date: /workspace/install/tutorial_interfaces/include/tutorial_interfaces/tutorial_interfaces/action/detail/fibonacci__type_support.cpp
[0.675s] -- Up-to-date: /workspace/install/tutorial_interfaces/include/tutorial_interfaces/tutorial_interfaces/action/detail/count__type_support.cpp
[0.675s] -- Up-to-date: /workspace/install/tutorial_interfaces/include/tutorial_interfaces/tutorial_interfaces/action/detail/fibonacci__rosidl_typesupport_introspection_cpp.hpp
[0.675s] -- Up-to-date: /workspace/install/tutorial_interfaces/include/tutorial_interfaces/tutorial_interfaces/srv
[0.675s] -- Up-to-date: /workspace/install/tutorial_interfaces/include/tutorial_interfaces/tutorial_interfaces/srv/detail
[0.676s] -- Up-to-date: /workspace/install/tutorial_interfaces/include/tutorial_interfaces/tutorial_interfaces/srv/detail/add_three_ints__type_support.cpp
[0.676s] -- Up-to-date: /workspace/install/tutorial_interfaces/include/tutorial_interfaces/tutorial_interfaces/srv/detail/add_three_ints__rosidl_typesupport_introspection_cpp.hpp
[0.676s] -- Up-to-date: /workspace/install/tutorial_interfaces/include/tutorial_interfaces/tutorial_interfaces/msg
[0.676s] -- Up-to-date: /workspace/install/tutorial_interfaces/include/tutorial_interfaces/tutorial_interfaces/msg/detail
[0.676s] -- Up-to-date: /workspace/install/tutorial_interfaces/include/tutorial_interfaces/tutorial_interfaces/msg/detail/num__type_support.cpp
[0.676s] -- Up-to-date: /workspace/install/tutorial_interfaces/include/tutorial_interfaces/tutorial_interfaces/msg/detail/sphere__rosidl_typesupport_introspection_cpp.hpp
[0.676s] -- Up-to-date: /workspace/install/tutorial_interfaces/include/tutorial_interfaces/tutorial_interfaces/msg/detail/sphere__type_support.cpp
[0.677s] -- Up-to-date: /workspace/install/tutorial_interfaces/include/tutorial_interfaces/tutorial_interfaces/msg/detail/num__rosidl_typesupport_introspection_cpp.hpp
[0.677s] -- Up-to-date: /workspace/install/tutorial_interfaces/lib/libtutorial_interfaces__rosidl_typesupport_introspection_cpp.so
[0.677s] -- Up-to-date: /workspace/install/tutorial_interfaces/lib/libtutorial_interfaces__rosidl_typesupport_cpp.so
[0.677s] -- Up-to-date: /workspace/install/tutorial_interfaces/share/tutorial_interfaces/environment/pythonpath.sh
[0.677s] -- Up-to-date: /workspace/install/tutorial_interfaces/share/tutorial_interfaces/environment/pythonpath.dsv
[0.677s] -- Up-to-date: /workspace/install/tutorial_interfaces/local/lib/python3.10/dist-packages/tutorial_interfaces-0.0.0-py3.10.egg-info
[0.677s] -- Installing: /workspace/install/tutorial_interfaces/local/lib/python3.10/dist-packages/tutorial_interfaces-0.0.0-py3.10.egg-info/SOURCES.txt
[0.677s] -- Installing: /workspace/install/tutorial_interfaces/local/lib/python3.10/dist-packages/tutorial_interfaces-0.0.0-py3.10.egg-info/dependency_links.txt
[0.678s] -- Installing: /workspace/install/tutorial_interfaces/local/lib/python3.10/dist-packages/tutorial_interfaces-0.0.0-py3.10.egg-info/top_level.txt
[0.678s] -- Installing: /workspace/install/tutorial_interfaces/local/lib/python3.10/dist-packages/tutorial_interfaces-0.0.0-py3.10.egg-info/PKG-INFO
[0.678s] -- Up-to-date: /workspace/install/tutorial_interfaces/local/lib/python3.10/dist-packages/tutorial_interfaces
[0.678s] -- Up-to-date: /workspace/install/tutorial_interfaces/local/lib/python3.10/dist-packages/tutorial_interfaces/action
[0.678s] -- Up-to-date: /workspace/install/tutorial_interfaces/local/lib/python3.10/dist-packages/tutorial_interfaces/action/_count_s.c
[0.678s] -- Up-to-date: /workspace/install/tutorial_interfaces/local/lib/python3.10/dist-packages/tutorial_interfaces/action/_fibonacci.py
[0.678s] -- Up-to-date: /workspace/install/tutorial_interfaces/local/lib/python3.10/dist-packages/tutorial_interfaces/action/_count_down_s.c
[0.679s] -- Up-to-date: /workspace/install/tutorial_interfaces/local/lib/python3.10/dist-packages/tutorial_interfaces/action/_count.py
[0.679s] -- Up-to-date: /workspace/install/tutorial_interfaces/local/lib/python3.10/dist-packages/tutorial_interfaces/action/__init__.py
[0.679s] -- Up-to-date: /workspace/install/tutorial_interfaces/local/lib/python3.10/dist-packages/tutorial_interfaces/action/_count_down.py
[0.679s] -- Up-to-date: /workspace/install/tutorial_interfaces/local/lib/python3.10/dist-packages/tutorial_interfaces/action/_fibonacci_s.c
[0.679s] -- Up-to-date: /workspace/install/tutorial_interfaces/local/lib/python3.10/dist-packages/tutorial_interfaces/tutorial_interfaces_s__rosidl_typesupport_c.cpython-310-x86_64-linux-gnu.so
[0.679s] -- Up-to-date: /workspace/install/tutorial_interfaces/local/lib/python3.10/dist-packages/tutorial_interfaces/tutorial_interfaces_s__rosidl_typesupport_fastrtps_c.cpython-310-x86_64-linux-gnu.so
[0.679s] -- Up-to-date: /workspace/install/tutorial_interfaces/local/lib/python3.10/dist-packages/tutorial_interfaces/_tutorial_interfaces_s.ep.rosidl_typesupport_introspection_c.c
[0.679s] -- Up-to-date: /workspace/install/tutorial_interfaces/local/lib/python3.10/dist-packages/tutorial_interfaces/tutorial_interfaces_s__rosidl_typesupport_introspection_c.cpython-310-x86_64-linux-gnu.so
[0.680s] -- Up-to-date: /workspace/install/tutorial_interfaces/local/lib/python3.10/dist-packages/tutorial_interfaces/srv
[0.680s] -- Up-to-date: /workspace/install/tutorial_interfaces/local/lib/python3.10/dist-packages/tutorial_interfaces/srv/_add_three_ints.py
[0.680s] -- Up-to-date: /workspace/install/tutorial_interfaces/local/lib/python3.10/dist-packages/tutorial_interfaces/srv/__init__.py
[0.680s] -- Up-to-date: /workspace/install/tutorial_interfaces/local/lib/python3.10/dist-packages/tutorial_interfaces/srv/_add_three_ints_s.c
[0.680s] -- Up-to-date: /workspace/install/tutorial_interfaces/local/lib/python3.10/dist-packages/tutorial_interfaces/libtutorial_interfaces__rosidl_generator_py.so
[0.680s] -- Up-to-date: /workspace/install/tutorial_interfaces/local/lib/python3.10/dist-packages/tutorial_interfaces/msg
[0.680s] -- Up-to-date: /workspace/install/tutorial_interfaces/local/lib/python3.10/dist-packages/tutorial_interfaces/msg/_num.py
[0.681s] -- Up-to-date: /workspace/install/tutorial_interfaces/local/lib/python3.10/dist-packages/tutorial_interfaces/msg/_sphere.py
[0.681s] -- Up-to-date: /workspace/install/tutorial_interfaces/local/lib/python3.10/dist-packages/tutorial_interfaces/msg/_sphere_s.c
[0.681s] -- Up-to-date: /workspace/install/tutorial_interfaces/local/lib/python3.10/dist-packages/tutorial_interfaces/msg/_num_s.c
[0.681s] -- Up-to-date: /workspace/install/tutorial_interfaces/local/lib/python3.10/dist-packages/tutorial_interfaces/msg/__init__.py
[0.681s] -- Up-to-date: /workspace/install/tutorial_interfaces/local/lib/python3.10/dist-packages/tutorial_interfaces/__init__.py
[0.681s] -- Up-to-date: /workspace/install/tutorial_interfaces/local/lib/python3.10/dist-packages/tutorial_interfaces/_tutorial_interfaces_s.ep.rosidl_typesupport_c.c
[0.681s] -- Up-to-date: /workspace/install/tutorial_interfaces/local/lib/python3.10/dist-packages/tutorial_interfaces/_tutorial_interfaces_s.ep.rosidl_typesupport_fastrtps_c.c
[0.707s] Listing '/workspace/install/tutorial_interfaces/local/lib/python3.10/dist-packages/tutorial_interfaces'...
[0.708s] Listing '/workspace/install/tutorial_interfaces/local/lib/python3.10/dist-packages/tutorial_interfaces/action'...
[0.708s] Listing '/workspace/install/tutorial_interfaces/local/lib/python3.10/dist-packages/tutorial_interfaces/msg'...
[0.708s] Listing '/workspace/install/tutorial_interfaces/local/lib/python3.10/dist-packages/tutorial_interfaces/srv'...
[0.713s] -- Up-to-date: /workspace/install/tutorial_interfaces/local/lib/python3.10/dist-packages/tutorial_interfaces/tutorial_interfaces_s__rosidl_typesupport_fastrtps_c.cpython-310-x86_64-linux-gnu.so
[0.714s] -- Up-to-date: /workspace/install/tutorial_interfaces/local/lib/python3.10/dist-packages/tutorial_interfaces/tutorial_interfaces_s__rosidl_typesupport_introspection_c.cpython-310-x86_64-linux-gnu.so
[0.714s] -- Up-to-date: /workspace/install/tutorial_interfaces/local/lib/python3.10/dist-packages/tutorial_interfaces/tutorial_interfaces_s__rosidl_typesupport_c.cpython-310-x86_64-linux-gnu.so
[0.715s] -- Up-to-date: /workspace/install/tutorial_interfaces/lib/libtutorial_interfaces__rosidl_generator_py.so
[0.715s] -- Up-to-date: /workspace/install/tutorial_interfaces/share/tutorial_interfaces/msg/Num.idl
[0.715s] -- Up-to-date: /workspace/install/tutorial_interfaces/share/tutorial_interfaces/msg/Sphere.idl
[0.715s] -- Up-to-date: /workspace/install/tutorial_interfaces/share/tutorial_interfaces/srv/AddThreeInts.idl
[0.715s] -- Up-to-date: /workspace/install/tutorial_interfaces/share/tutorial_interfaces/action/Fibonacci.idl
[0.715s] -- Up-to-date: /workspace/install/tutorial_interfaces/share/tutorial_interfaces/action/CountDown.idl
[0.716s] -- Up-to-date: /workspace/install/tutorial_interfaces/share/tutorial_interfaces/msg/Num.msg
[0.716s] -- Up-to-date: /workspace/install/tutorial_interfaces/share/tutorial_interfaces/msg/Sphere.msg
[0.716s] -- Up-to-date: /workspace/install/tutorial_interfaces/share/tutorial_interfaces/srv/AddThreeInts.srv
[0.716s] -- Up-to-date: /workspace/install/tutorial_interfaces/share/tutorial_interfaces/srv/AddThreeInts_Request.msg
[0.716s] -- Up-to-date: /workspace/install/tutorial_interfaces/share/tutorial_interfaces/srv/AddThreeInts_Response.msg
[0.717s] -- Up-to-date: /workspace/install/tutorial_interfaces/share/tutorial_interfaces/action/Fibonacci.action
[0.717s] -- Up-to-date: /workspace/install/tutorial_interfaces/share/tutorial_interfaces/action/CountDown.action
[0.717s] -- Up-to-date: /workspace/install/tutorial_interfaces/share/ament_index/resource_index/package_run_dependencies/tutorial_interfaces
[0.717s] -- Up-to-date: /workspace/install/tutorial_interfaces/share/ament_index/resource_index/parent_prefix_path/tutorial_interfaces
[0.717s] -- Up-to-date: /workspace/install/tutorial_interfaces/share/tutorial_interfaces/environment/ament_prefix_path.sh
[0.717s] -- Up-to-date: /workspace/install/tutorial_interfaces/share/tutorial_interfaces/environment/ament_prefix_path.dsv
[0.718s] -- Up-to-date: /workspace/install/tutorial_interfaces/share/tutorial_interfaces/environment/path.sh
[0.718s] -- Up-to-date: /workspace/install/tutorial_interfaces/share/tutorial_interfaces/environment/path.dsv
[0.718s] -- Up-to-date: /workspace/install/tutorial_interfaces/share/tutorial_interfaces/local_setup.bash
[0.718s] -- Up-to-date: /workspace/install/tutorial_interfaces/share/tutorial_interfaces/local_setup.sh
[0.718s] -- Up-to-date: /workspace/install/tutorial_interfaces/share/tutorial_interfaces/local_setup.zsh
[0.718s] -- Up-to-date: /workspace/install/tutorial_interfaces/share/tutorial_interfaces/local_setup.dsv
[0.718s] -- Installing: /workspace/install/tutorial_interfaces/share/tutorial_interfaces/package.dsv
[0.719s] -- Up-to-date: /workspace/install/tutorial_interfaces/share/ament_index/resource_index/packages/tutorial_interfaces
[0.719s] -- Up-to-date: /workspace/install/tutorial_interfaces/share/tutorial_interfaces/cmake/export_tutorial_interfaces__rosidl_generator_cExport.cmake
[0.719s] -- Up-to-date: /workspace/install/tutorial_interfaces/share/tutorial_interfaces/cmake/export_tutorial_interfaces__rosidl_generator_cExport-noconfig.cmake
[0.719s] -- Up-to-date: /workspace/install/tutorial_interfaces/share/tutorial_interfaces/cmake/export_tutorial_interfaces__rosidl_typesupport_fastrtps_cExport.cmake
[0.719s] -- Up-to-date: /workspace/install/tutorial_interfaces/share/tutorial_interfaces/cmake/export_tutorial_interfaces__rosidl_typesupport_fastrtps_cExport-noconfig.cmake
[0.719s] -- Up-to-date: /workspace/install/tutorial_interfaces/share/tutorial_interfaces/cmake/export_tutorial_interfaces__rosidl_generator_cppExport.cmake
[0.719s] -- Up-to-date: /workspace/install/tutorial_interfaces/share/tutorial_interfaces/cmake/export_tutorial_interfaces__rosidl_typesupport_fastrtps_cppExport.cmake
[0.720s] -- Up-to-date: /workspace/install/tutorial_interfaces/share/tutorial_interfaces/cmake/export_tutorial_interfaces__rosidl_typesupport_fastrtps_cppExport-noconfig.cmake
[0.720s] -- Up-to-date: /workspace/install/tutorial_interfaces/share/tutorial_interfaces/cmake/tutorial_interfaces__rosidl_typesupport_introspection_cExport.cmake
[0.720s] -- Up-to-date: /workspace/install/tutorial_interfaces/share/tutorial_interfaces/cmake/tutorial_interfaces__rosidl_typesupport_introspection_cExport-noconfig.cmake
[0.720s] -- Up-to-date: /workspace/install/tutorial_interfaces/share/tutorial_interfaces/cmake/tutorial_interfaces__rosidl_typesupport_cExport.cmake
[0.720s] -- Up-to-date: /workspace/install/tutorial_interfaces/share/tutorial_interfaces/cmake/tutorial_interfaces__rosidl_typesupport_cExport-noconfig.cmake
[0.720s] -- Up-to-date: /workspace/install/tutorial_interfaces/share/tutorial_interfaces/cmake/tutorial_interfaces__rosidl_typesupport_introspection_cppExport.cmake
[0.720s] -- Up-to-date: /workspace/install/tutorial_interfaces/share/tutorial_interfaces/cmake/tutorial_interfaces__rosidl_typesupport_introspection_cppExport-noconfig.cmake
[0.720s] -- Up-to-date: /workspace/install/tutorial_interfaces/share/tutorial_interfaces/cmake/tutorial_interfaces__rosidl_typesupport_cppExport.cmake
[0.720s] -- Up-to-date: /workspace/install/tutorial_interfaces/share/tutorial_interfaces/cmake/tutorial_interfaces__rosidl_typesupport_cppExport-noconfig.cmake
[0.720s] -- Up-to-date: /workspace/install/tutorial_interfaces/share/tutorial_interfaces/cmake/export_tutorial_interfaces__rosidl_generator_pyExport.cmake
[0.720s] -- Up-to-date: /workspace/install/tutorial_interfaces/share/tutorial_interfaces/cmake/export_tutorial_interfaces__rosidl_generator_pyExport-noconfig.cmake
[0.720s] -- Up-to-date: /workspace/install/tutorial_interfaces/share/tutorial_interfaces/cmake/rosidl_cmake-extras.cmake
[0.720s] -- Up-to-date: /workspace/install/tutorial_interfaces/share/tutorial_interfaces/cmake/ament_cmake_export_dependencies-extras.cmake
[0.720s] -- Up-to-date: /workspace/install/tutorial_interfaces/share/tutorial_interfaces/cmake/ament_cmake_export_include_directories-extras.cmake
[0.721s] -- Up-to-date: /workspace/install/tutorial_interfaces/share/tutorial_interfaces/cmake/ament_cmake_export_libraries-extras.cmake
[0.721s] -- Up-to-date: /workspace/install/tutorial_interfaces/share/tutorial_interfaces/cmake/ament_cmake_export_targets-extras.cmake
[0.721s] -- Up-to-date: /workspace/install/tutorial_interfaces/share/tutorial_interfaces/cmake/rosidl_cmake_export_typesupport_targets-extras.cmake
[0.721s] -- Up-to-date: /workspace/install/tutorial_interfaces/share/tutorial_interfaces/cmake/rosidl_cmake_export_typesupport_libraries-extras.cmake
[0.721s] -- Up-to-date: /workspace/install/tutorial_interfaces/share/tutorial_interfaces/cmake/tutorial_interfacesConfig.cmake
[0.721s] -- Up-to-date: /workspace/install/tutorial_interfaces/share/tutorial_interfaces/cmake/tutorial_interfacesConfig-version.cmake
[0.721s] -- Up-to-date: /workspace/install/tutorial_interfaces/share/tutorial_interfaces/package.xml
[0.724s] Invoked command in '/workspace/build/tutorial_interfaces' returned '0': CMAKE_PREFIX_PATH=${CMAKE_PREFIX_PATH}:/workspace/install/pubsub:/workspace/install/srvcli:/workspace/install/my_py_pkg:/workspace/install/my_package:/opt/ros/humble /usr/bin/cmake --install /workspace/build/tutorial_interfaces
