[1.925s] Invoking command in '/workspace/src/inverse_kinematics': PYTHONPATH=/workspace/build/inverse_kinematics/prefix_override:/workspace/install/inverse_kinematics/lib/python3.10/site-packages:${PYTHONPATH} /usr/bin/python3 setup.py egg_info --egg-base ../../build/inverse_kinematics build --build-base /workspace/build/inverse_kinematics/build install --record /workspace/build/inverse_kinematics/install.log --single-version-externally-managed
[2.307s] running egg_info
[2.308s] writing ../../build/inverse_kinematics/inverse_kinematics.egg-info/PKG-INFO
[2.308s] writing dependency_links to ../../build/inverse_kinematics/inverse_kinematics.egg-info/dependency_links.txt
[2.309s] writing entry points to ../../build/inverse_kinematics/inverse_kinematics.egg-info/entry_points.txt
[2.309s] writing requirements to ../../build/inverse_kinematics/inverse_kinematics.egg-info/requires.txt
[2.309s] writing top-level names to ../../build/inverse_kinematics/inverse_kinematics.egg-info/top_level.txt
[2.313s] reading manifest file '../../build/inverse_kinematics/inverse_kinematics.egg-info/SOURCES.txt'
[2.316s] writing manifest file '../../build/inverse_kinematics/inverse_kinematics.egg-info/SOURCES.txt'
[2.316s] running build
[2.316s] running build_py
[2.317s] copying inverse_kinematics/two_r_client.py -> /workspace/build/inverse_kinematics/build/lib/inverse_kinematics
[2.317s] copying inverse_kinematics/two_r_server.py -> /workspace/build/inverse_kinematics/build/lib/inverse_kinematics
[2.317s] running install
[2.317s] /usr/lib/python3/dist-packages/setuptools/command/install.py:34: SetuptoolsDeprecationWarning: setup.py install is deprecated. Use build and pip and other standards-based tools.
[2.318s]   warnings.warn(
[2.318s] running install_lib
[2.319s] copying /workspace/build/inverse_kinematics/build/lib/inverse_kinematics/two_r_client.py -> /workspace/install/inverse_kinematics/lib/python3.10/site-packages/inverse_kinematics
[2.320s] copying /workspace/build/inverse_kinematics/build/lib/inverse_kinematics/two_r_server.py -> /workspace/install/inverse_kinematics/lib/python3.10/site-packages/inverse_kinematics
[2.321s] byte-compiling /workspace/install/inverse_kinematics/lib/python3.10/site-packages/inverse_kinematics/two_r_client.py to two_r_client.cpython-310.pyc
[2.323s] byte-compiling /workspace/install/inverse_kinematics/lib/python3.10/site-packages/inverse_kinematics/two_r_server.py to two_r_server.cpython-310.pyc
[2.323s] running install_data
[2.324s] running install_egg_info
[2.327s] removing '/workspace/install/inverse_kinematics/lib/python3.10/site-packages/inverse_kinematics-0.0.0-py3.10.egg-info' (and everything under it)
[2.328s] Copying ../../build/inverse_kinematics/inverse_kinematics.egg-info to /workspace/install/inverse_kinematics/lib/python3.10/site-packages/inverse_kinematics-0.0.0-py3.10.egg-info
[2.336s] running install_scripts
[2.371s] Installing client script to /workspace/install/inverse_kinematics/lib/inverse_kinematics
[2.371s] Installing server script to /workspace/install/inverse_kinematics/lib/inverse_kinematics
[2.371s] writing list of installed files to '/workspace/build/inverse_kinematics/install.log'
[2.437s] Invoked command in '/workspace/src/inverse_kinematics' returned '0': PYTHONPATH=/workspace/build/inverse_kinematics/prefix_override:/workspace/install/inverse_kinematics/lib/python3.10/site-packages:${PYTHONPATH} /usr/bin/python3 setup.py egg_info --egg-base ../../build/inverse_kinematics build --build-base /workspace/build/inverse_kinematics/build install --record /workspace/build/inverse_kinematics/install.log --single-version-externally-managed
