[0.476s] Invoking command in '/workspace/src/build/irb120_ros2_gazebo': CMAKE_PREFIX_PATH=${CMAKE_PREFIX_PATH}:/opt/ros/humble /usr/bin/cmake /workspace/src/ros2_RobotSimulation/ABBRobots/IRB120/irb120_ros2_gazebo -DCMAKE_INSTALL_PREFIX=/workspace/src/install/irb120_ros2_gazebo
[1.166s] -- The C compiler identification is GNU 11.3.0
[1.167s] -- The CXX compiler identification is GNU 11.3.0
[1.168s] -- Detecting C compiler ABI info
[1.168s] -- Detecting C compiler ABI info - done
[1.168s] -- Check for working C compiler: /usr/bin/cc - skipped
[1.168s] -- Detecting C compile features
[1.169s] -- Detecting C compile features - done
[1.169s] -- Detecting CXX compiler ABI info
[1.169s] -- Detecting CXX compiler ABI info - done
[1.169s] -- Check for working CXX compiler: /usr/bin/c++ - skipped
[1.169s] -- Detecting CXX compile features
[1.169s] -- Detecting CXX compile features - done
[1.174s] -- Found ament_cmake: 1.3.4 (/opt/ros/humble/share/ament_cmake/cmake)
[1.817s] -- Found Python3: /usr/bin/python3.10 (found version "3.10.6") found components: Interpreter 
[2.182s] -- Found ament_lint_auto: 0.12.6 (/opt/ros/humble/share/ament_lint_auto/cmake)
[2.396s] -- Added test 'copyright' to check source files copyright and LICENSE
[2.413s] -- Added test 'flake8' to check Python code syntax and style conventions
[2.414s] -- Added test 'lint_cmake' to check CMake code style
[2.416s] -- Added test 'pep257' to check Python code against some of the docstring style conventions in PEP 257
[2.424s] -- Added test 'xmllint' to check XML markup files
[2.428s] -- Configuring done
[2.435s] -- Generating done
[2.436s] -- Build files have been written to: /workspace/src/build/irb120_ros2_gazebo
[2.806s] Invoked command in '/workspace/src/build/irb120_ros2_gazebo' returned '0': CMAKE_PREFIX_PATH=${CMAKE_PREFIX_PATH}:/opt/ros/humble /usr/bin/cmake /workspace/src/ros2_RobotSimulation/ABBRobots/IRB120/irb120_ros2_gazebo -DCMAKE_INSTALL_PREFIX=/workspace/src/install/irb120_ros2_gazebo
[2.807s] Invoking command in '/workspace/src/build/irb120_ros2_gazebo': CMAKE_PREFIX_PATH=${CMAKE_PREFIX_PATH}:/opt/ros/humble /usr/bin/cmake --build /workspace/src/build/irb120_ros2_gazebo -- -j12 -l12
[2.907s] Invoked command in '/workspace/src/build/irb120_ros2_gazebo' returned '0': CMAKE_PREFIX_PATH=${CMAKE_PREFIX_PATH}:/opt/ros/humble /usr/bin/cmake --build /workspace/src/build/irb120_ros2_gazebo -- -j12 -l12
[2.980s] Invoking command in '/workspace/src/build/irb120_ros2_gazebo': CMAKE_PREFIX_PATH=${CMAKE_PREFIX_PATH}:/opt/ros/humble /usr/bin/cmake --install /workspace/src/build/irb120_ros2_gazebo
[2.995s] -- Install configuration: ""
[2.996s] -- Installing: /workspace/src/install/irb120_ros2_gazebo/share/irb120_ros2_gazebo/config
[2.996s] -- Installing: /workspace/src/install/irb120_ros2_gazebo/share/irb120_ros2_gazebo/config/irb120_controller.yaml
[2.997s] -- Installing: /workspace/src/install/irb120_ros2_gazebo/share/irb120_ros2_gazebo/config/irb120egp64_controller.yaml
[2.997s] -- Installing: /workspace/src/install/irb120_ros2_gazebo/share/irb120_ros2_gazebo/launch
[2.998s] -- Installing: /workspace/src/install/irb120_ros2_gazebo/share/irb120_ros2_gazebo/launch/irb120_simulation.launch.py
[2.998s] -- Installing: /workspace/src/install/irb120_ros2_gazebo/share/irb120_ros2_gazebo/urdf
[2.998s] -- Installing: /workspace/src/install/irb120_ros2_gazebo/share/irb120_ros2_gazebo/urdf/abb_resources
[2.998s] -- Installing: /workspace/src/install/irb120_ros2_gazebo/share/irb120_ros2_gazebo/urdf/abb_resources/common_materials.xacro
[2.998s] -- Installing: /workspace/src/install/irb120_ros2_gazebo/share/irb120_ros2_gazebo/urdf/abb_resources/common_colours.xacro
[2.998s] -- Installing: /workspace/src/install/irb120_ros2_gazebo/share/irb120_ros2_gazebo/urdf/irb120.urdf.xacro
[2.999s] -- Installing: /workspace/src/install/irb120_ros2_gazebo/share/irb120_ros2_gazebo/urdf/irb120_ros2control.xacro
[3.014s] -- Installing: /workspace/src/install/irb120_ros2_gazebo/share/irb120_ros2_gazebo/urdf/irb120_transmission.xacro
[3.018s] -- Installing: /workspace/src/install/irb120_ros2_gazebo/share/irb120_ros2_gazebo/urdf/irb120_macro.urdf.xacro
[3.018s] -- Installing: /workspace/src/install/irb120_ros2_gazebo/share/irb120_ros2_gazebo/worlds
[3.018s] -- Installing: /workspace/src/install/irb120_ros2_gazebo/share/irb120_ros2_gazebo/worlds/irb120.world
[3.018s] -- Installing: /workspace/src/install/irb120_ros2_gazebo/share/irb120_ros2_gazebo/meshes
[3.019s] -- Installing: /workspace/src/install/irb120_ros2_gazebo/share/irb120_ros2_gazebo/meshes/irb120_cell.dae
[3.019s] -- Installing: /workspace/src/install/irb120_ros2_gazebo/share/irb120_ros2_gazebo/meshes/collision
[3.019s] -- Installing: /workspace/src/install/irb120_ros2_gazebo/share/irb120_ros2_gazebo/meshes/collision/link_4.stl
[3.019s] -- Installing: /workspace/src/install/irb120_ros2_gazebo/share/irb120_ros2_gazebo/meshes/collision/link_2.stl
[3.020s] -- Installing: /workspace/src/install/irb120_ros2_gazebo/share/irb120_ros2_gazebo/meshes/collision/link_1.stl
[3.020s] -- Installing: /workspace/src/install/irb120_ros2_gazebo/share/irb120_ros2_gazebo/meshes/collision/base_link.stl
[3.020s] -- Installing: /workspace/src/install/irb120_ros2_gazebo/share/irb120_ros2_gazebo/meshes/collision/link_3.stl
[3.020s] -- Installing: /workspace/src/install/irb120_ros2_gazebo/share/irb120_ros2_gazebo/meshes/collision/link_6.stl
[3.020s] -- Installing: /workspace/src/install/irb120_ros2_gazebo/share/irb120_ros2_gazebo/meshes/collision/link_5.stl
[3.021s] -- Installing: /workspace/src/install/irb120_ros2_gazebo/share/irb120_ros2_gazebo/meshes/visual
[3.021s] -- Installing: /workspace/src/install/irb120_ros2_gazebo/share/irb120_ros2_gazebo/meshes/visual/base_link.dae
[3.023s] -- Installing: /workspace/src/install/irb120_ros2_gazebo/share/irb120_ros2_gazebo/meshes/visual/link_2.dae
[3.026s] -- Installing: /workspace/src/install/irb120_ros2_gazebo/share/irb120_ros2_gazebo/meshes/visual/link_1.dae
[3.026s] -- Installing: /workspace/src/install/irb120_ros2_gazebo/share/irb120_ros2_gazebo/meshes/visual/link_4.dae
[3.026s] -- Installing: /workspace/src/install/irb120_ros2_gazebo/share/irb120_ros2_gazebo/meshes/visual/link_6.dae
[3.027s] -- Installing: /workspace/src/install/irb120_ros2_gazebo/share/irb120_ros2_gazebo/meshes/visual/link_5.dae
[3.027s] -- Installing: /workspace/src/install/irb120_ros2_gazebo/share/irb120_ros2_gazebo/meshes/visual/link_3.dae
[3.029s] -- Installing: /workspace/src/install/irb120_ros2_gazebo/share/irb120_ros2_gazebo/meshes/egp64
[3.044s] -- Installing: /workspace/src/install/irb120_ros2_gazebo/share/irb120_ros2_gazebo/meshes/egp64/00. Schunk Gripper - Component POSES
[3.044s] -- Installing: /workspace/src/install/irb120_ros2_gazebo/share/irb120_ros2_gazebo/meshes/egp64/egp64_RightFingerBase.dae
[3.047s] -- Installing: /workspace/src/install/irb120_ros2_gazebo/share/irb120_ros2_gazebo/meshes/egp64/egp64_RightFinger.dae
[3.048s] -- Installing: /workspace/src/install/irb120_ros2_gazebo/share/irb120_ros2_gazebo/meshes/egp64/egp64_Adapter.dae
[3.049s] -- Installing: /workspace/src/install/irb120_ros2_gazebo/share/irb120_ros2_gazebo/meshes/egp64/egp64_LeftFingerBase.dae
[3.049s] -- Installing: /workspace/src/install/irb120_ros2_gazebo/share/irb120_ros2_gazebo/meshes/egp64/egp64_BaseNoAdapter.dae
[3.050s] -- Installing: /workspace/src/install/irb120_ros2_gazebo/share/irb120_ros2_gazebo/meshes/egp64/egp64_LeftFinger.dae
[3.050s] -- Installing: /workspace/src/install/irb120_ros2_gazebo/share/ament_index/resource_index/package_run_dependencies/irb120_ros2_gazebo
[3.050s] -- Installing: /workspace/src/install/irb120_ros2_gazebo/share/ament_index/resource_index/parent_prefix_path/irb120_ros2_gazebo
[3.051s] -- Installing: /workspace/src/install/irb120_ros2_gazebo/share/irb120_ros2_gazebo/environment/ament_prefix_path.sh
[3.051s] -- Installing: /workspace/src/install/irb120_ros2_gazebo/share/irb120_ros2_gazebo/environment/ament_prefix_path.dsv
[3.051s] -- Installing: /workspace/src/install/irb120_ros2_gazebo/share/irb120_ros2_gazebo/environment/path.sh
[3.051s] -- Installing: /workspace/src/install/irb120_ros2_gazebo/share/irb120_ros2_gazebo/environment/path.dsv
[3.052s] -- Installing: /workspace/src/install/irb120_ros2_gazebo/share/irb120_ros2_gazebo/local_setup.bash
[3.061s] -- Installing: /workspace/src/install/irb120_ros2_gazebo/share/irb120_ros2_gazebo/local_setup.sh
[3.062s] -- Installing: /workspace/src/install/irb120_ros2_gazebo/share/irb120_ros2_gazebo/local_setup.zsh
[3.062s] -- Installing: /workspace/src/install/irb120_ros2_gazebo/share/irb120_ros2_gazebo/local_setup.dsv
[3.062s] -- Installing: /workspace/src/install/irb120_ros2_gazebo/share/irb120_ros2_gazebo/package.dsv
[3.062s] -- Installing: /workspace/src/install/irb120_ros2_gazebo/share/ament_index/resource_index/packages/irb120_ros2_gazebo
[3.062s] -- Installing: /workspace/src/install/irb120_ros2_gazebo/share/irb120_ros2_gazebo/cmake/irb120_ros2_gazeboConfig.cmake
[3.063s] -- Installing: /workspace/src/install/irb120_ros2_gazebo/share/irb120_ros2_gazebo/cmake/irb120_ros2_gazeboConfig-version.cmake
[3.064s] -- Installing: /workspace/src/install/irb120_ros2_gazebo/share/irb120_ros2_gazebo/package.xml
[3.111s] Invoked command in '/workspace/src/build/irb120_ros2_gazebo' returned '0': CMAKE_PREFIX_PATH=${CMAKE_PREFIX_PATH}:/opt/ros/humble /usr/bin/cmake --install /workspace/src/build/irb120_ros2_gazebo
