[1.975s] Invoking command in '/workspace/src/inverse_kinematics': PYTHONPATH=/workspace/build/inverse_kinematics/prefix_override:/workspace/install/inverse_kinematics/lib/python3.10/site-packages:${PYTHONPATH} /usr/bin/python3 setup.py egg_info --egg-base ../../build/inverse_kinematics build --build-base /workspace/build/inverse_kinematics/build install --record /workspace/build/inverse_kinematics/install.log --single-version-externally-managed
[2.516s] running egg_info
[2.518s] writing ../../build/inverse_kinematics/inverse_kinematics.egg-info/PKG-INFO
[2.521s] writing dependency_links to ../../build/inverse_kinematics/inverse_kinematics.egg-info/dependency_links.txt
[2.521s] writing entry points to ../../build/inverse_kinematics/inverse_kinematics.egg-info/entry_points.txt
[2.521s] writing requirements to ../../build/inverse_kinematics/inverse_kinematics.egg-info/requires.txt
[2.521s] writing top-level names to ../../build/inverse_kinematics/inverse_kinematics.egg-info/top_level.txt
[2.533s] reading manifest file '../../build/inverse_kinematics/inverse_kinematics.egg-info/SOURCES.txt'
[2.533s] writing manifest file '../../build/inverse_kinematics/inverse_kinematics.egg-info/SOURCES.txt'
[2.533s] running build
[2.533s] running build_py
[2.533s] copying inverse_kinematics/two_r_client.py -> /workspace/build/inverse_kinematics/build/lib/inverse_kinematics
[2.533s] copying inverse_kinematics/two_r_server.py -> /workspace/build/inverse_kinematics/build/lib/inverse_kinematics
[2.534s] running install
[2.534s] running install_lib
[2.534s] /usr/lib/python3/dist-packages/setuptools/command/install.py:34: SetuptoolsDeprecationWarning: setup.py install is deprecated. Use build and pip and other standards-based tools.
[2.534s]   warnings.warn(
[2.535s] copying /workspace/build/inverse_kinematics/build/lib/inverse_kinematics/two_r_client.py -> /workspace/install/inverse_kinematics/lib/python3.10/site-packages/inverse_kinematics
[2.535s] copying /workspace/build/inverse_kinematics/build/lib/inverse_kinematics/two_r_server.py -> /workspace/install/inverse_kinematics/lib/python3.10/site-packages/inverse_kinematics
[2.535s] byte-compiling /workspace/install/inverse_kinematics/lib/python3.10/site-packages/inverse_kinematics/two_r_client.py to two_r_client.cpython-310.pyc
[2.536s] byte-compiling /workspace/install/inverse_kinematics/lib/python3.10/site-packages/inverse_kinematics/two_r_server.py to two_r_server.cpython-310.pyc
[2.536s] running install_data
[2.536s] running install_egg_info
[2.536s] removing '/workspace/install/inverse_kinematics/lib/python3.10/site-packages/inverse_kinematics-0.0.0-py3.10.egg-info' (and everything under it)
[2.536s] Copying ../../build/inverse_kinematics/inverse_kinematics.egg-info to /workspace/install/inverse_kinematics/lib/python3.10/site-packages/inverse_kinematics-0.0.0-py3.10.egg-info
[2.536s] running install_scripts
[2.579s] Installing client script to /workspace/install/inverse_kinematics/lib/inverse_kinematics
[2.580s] Installing server script to /workspace/install/inverse_kinematics/lib/inverse_kinematics
[2.580s] writing list of installed files to '/workspace/build/inverse_kinematics/install.log'
[2.710s] Invoked command in '/workspace/src/inverse_kinematics' returned '0': PYTHONPATH=/workspace/build/inverse_kinematics/prefix_override:/workspace/install/inverse_kinematics/lib/python3.10/site-packages:${PYTHONPATH} /usr/bin/python3 setup.py egg_info --egg-base ../../build/inverse_kinematics build --build-base /workspace/build/inverse_kinematics/build install --record /workspace/build/inverse_kinematics/install.log --single-version-externally-managed
