[0.017s] Invoking command in '/workspace/build/action_tutorials_interfaces': CMAKE_PREFIX_PATH=${CMAKE_PREFIX_PATH}:/workspace/install/srvcli:/workspace/install/pubsub:/workspace/install/my_py_pkg:/workspace/install/my_package:/opt/ros/humble /usr/bin/cmake --build /workspace/build/action_tutorials_interfaces -- -j12 -l12
[0.050s] [33mCMake Warning (dev) at CMakeLists.txt:28:
[0.051s]   Syntax Warning in cmake code at column 28
[0.051s] 
[0.051s]   Argument not separated from preceding token by whitespace.
[0.051s] This warning is for project developers.  Use -Wno-dev to suppress it.
[0.051s] [0m
[0.059s] -- Found ament_cmake: 1.3.3 (/opt/ros/humble/share/ament_cmake/cmake)
[0.212s] -- Found ament_lint_auto: 0.12.5 (/opt/ros/humble/share/ament_lint_auto/cmake)
[0.270s] -- Found rosidl_default_generators: 1.2.0 (/opt/ros/humble/share/rosidl_default_generators/cmake)
[0.272s] -- Using all available rosidl_typesupport_c: rosidl_typesupport_fastrtps_c;rosidl_typesupport_introspection_c
[0.275s] -- Found rosidl_adapter: 3.1.4 (/opt/ros/humble/share/rosidl_adapter/cmake)
[0.303s] -- Using all available rosidl_typesupport_cpp: rosidl_typesupport_fastrtps_cpp;rosidl_typesupport_introspection_cpp
[0.333s] [31mCMake Error at /opt/ros/humble/share/rosidl_cmake/cmake/rosidl_generate_interfaces.cmake:93 (message):
[0.333s]   rosidl_generate_interfaces() the passed file ',' doesn't exist relative to
[0.333s]   the CMAKE_CURRENT_SOURCE_DIR '/workspace/src/action_tutorials_interfaces'
[0.333s] Call Stack (most recent call first):
[0.333s]   CMakeLists.txt:27 (rosidl_generate_interfaces)
[0.333s] 
[0.333s] [0m
[0.334s] -- Configuring incomplete, errors occurred!
[0.334s] See also "/workspace/build/action_tutorials_interfaces/CMakeFiles/CMakeOutput.log".
[0.337s] gmake: *** [Makefile:747: cmake_check_build_system] Error 1
[0.340s] Invoked command in '/workspace/build/action_tutorials_interfaces' returned '2': CMAKE_PREFIX_PATH=${CMAKE_PREFIX_PATH}:/workspace/install/srvcli:/workspace/install/pubsub:/workspace/install/my_py_pkg:/workspace/install/my_package:/opt/ros/humble /usr/bin/cmake --build /workspace/build/action_tutorials_interfaces -- -j12 -l12
