[0.552s] Invoking command in '/workspace/src/build/irb6640_ros2_gazebo': CMAKE_PREFIX_PATH=${CMAKE_PREFIX_PATH}:/opt/ros/humble /usr/bin/cmake /workspace/src/ros2_RobotSimulation/ABBRobots/IRB6640/irb6640_ros2_gazebo -DCMAKE_INSTALL_PREFIX=/workspace/src/install/irb6640_ros2_gazebo
[1.098s] -- The C compiler identification is GNU 11.3.0
[1.099s] -- The CXX compiler identification is GNU 11.3.0
[1.099s] -- Detecting C compiler ABI info
[1.099s] -- Detecting C compiler ABI info - done
[1.099s] -- Check for working C compiler: /usr/bin/cc - skipped
[1.099s] -- Detecting C compile features
[1.099s] -- Detecting C compile features - done
[1.099s] -- Detecting CXX compiler ABI info
[1.116s] -- Detecting CXX compiler ABI info - done
[1.131s] -- Check for working CXX compiler: /usr/bin/c++ - skipped
[1.132s] -- Detecting CXX compile features
[1.133s] -- Detecting CXX compile features - done
[1.146s] -- Found ament_cmake: 1.3.4 (/opt/ros/humble/share/ament_cmake/cmake)
[1.593s] -- Found Python3: /usr/bin/python3.10 (found version "3.10.6") found components: Interpreter 
[1.869s] -- Found ament_lint_auto: 0.12.6 (/opt/ros/humble/share/ament_lint_auto/cmake)
[2.062s] -- Added test 'copyright' to check source files copyright and LICENSE
[2.071s] -- Added test 'flake8' to check Python code syntax and style conventions
[2.072s] -- Added test 'lint_cmake' to check CMake code style
[2.074s] -- Added test 'pep257' to check Python code against some of the docstring style conventions in PEP 257
[2.078s] -- Added test 'xmllint' to check XML markup files
[2.080s] -- Configuring done
[2.087s] -- Generating done
[2.088s] -- Build files have been written to: /workspace/src/build/irb6640_ros2_gazebo
[2.251s] Invoked command in '/workspace/src/build/irb6640_ros2_gazebo' returned '0': CMAKE_PREFIX_PATH=${CMAKE_PREFIX_PATH}:/opt/ros/humble /usr/bin/cmake /workspace/src/ros2_RobotSimulation/ABBRobots/IRB6640/irb6640_ros2_gazebo -DCMAKE_INSTALL_PREFIX=/workspace/src/install/irb6640_ros2_gazebo
[2.254s] Invoking command in '/workspace/src/build/irb6640_ros2_gazebo': CMAKE_PREFIX_PATH=${CMAKE_PREFIX_PATH}:/opt/ros/humble /usr/bin/cmake --build /workspace/src/build/irb6640_ros2_gazebo -- -j12 -l12
[2.391s] Invoked command in '/workspace/src/build/irb6640_ros2_gazebo' returned '0': CMAKE_PREFIX_PATH=${CMAKE_PREFIX_PATH}:/opt/ros/humble /usr/bin/cmake --build /workspace/src/build/irb6640_ros2_gazebo -- -j12 -l12
[2.536s] Invoking command in '/workspace/src/build/irb6640_ros2_gazebo': CMAKE_PREFIX_PATH=${CMAKE_PREFIX_PATH}:/opt/ros/humble /usr/bin/cmake --install /workspace/src/build/irb6640_ros2_gazebo
[2.575s] -- Install configuration: ""
[2.575s] -- Installing: /workspace/src/install/irb6640_ros2_gazebo/share/irb6640_ros2_gazebo/config
[2.576s] -- Installing: /workspace/src/install/irb6640_ros2_gazebo/share/irb6640_ros2_gazebo/config/irb6640_controller.yaml
[2.576s] -- Installing: /workspace/src/install/irb6640_ros2_gazebo/share/irb6640_ros2_gazebo/launch
[2.576s] -- Installing: /workspace/src/install/irb6640_ros2_gazebo/share/irb6640_ros2_gazebo/launch/irb6640_simulation.launch.py
[2.576s] -- Installing: /workspace/src/install/irb6640_ros2_gazebo/share/irb6640_ros2_gazebo/urdf
[2.577s] -- Installing: /workspace/src/install/irb6640_ros2_gazebo/share/irb6640_ros2_gazebo/urdf/irb6640.urdf.xacro
[2.577s] -- Installing: /workspace/src/install/irb6640_ros2_gazebo/share/irb6640_ros2_gazebo/urdf/irb6640_macro.urdf.xacro
[2.577s] -- Installing: /workspace/src/install/irb6640_ros2_gazebo/share/irb6640_ros2_gazebo/urdf/irb6640_transmission.xacro
[2.578s] -- Installing: /workspace/src/install/irb6640_ros2_gazebo/share/irb6640_ros2_gazebo/urdf/abb_resources
[2.578s] -- Installing: /workspace/src/install/irb6640_ros2_gazebo/share/irb6640_ros2_gazebo/urdf/abb_resources/common_materials.xacro
[2.578s] -- Installing: /workspace/src/install/irb6640_ros2_gazebo/share/irb6640_ros2_gazebo/urdf/abb_resources/common_colours.xacro
[2.579s] -- Installing: /workspace/src/install/irb6640_ros2_gazebo/share/irb6640_ros2_gazebo/urdf/irb6640_ros2control.xacro
[2.579s] -- Installing: /workspace/src/install/irb6640_ros2_gazebo/share/irb6640_ros2_gazebo/worlds
[2.579s] -- Installing: /workspace/src/install/irb6640_ros2_gazebo/share/irb6640_ros2_gazebo/worlds/irb6640.world
[2.579s] -- Installing: /workspace/src/install/irb6640_ros2_gazebo/share/irb6640_ros2_gazebo/meshes
[2.584s] -- Installing: /workspace/src/install/irb6640_ros2_gazebo/share/irb6640_ros2_gazebo/meshes/collision
[2.584s] -- Installing: /workspace/src/install/irb6640_ros2_gazebo/share/irb6640_ros2_gazebo/meshes/collision/link_4.stl
[2.590s] -- Installing: /workspace/src/install/irb6640_ros2_gazebo/share/irb6640_ros2_gazebo/meshes/collision/link_2.stl
[2.590s] -- Installing: /workspace/src/install/irb6640_ros2_gazebo/share/irb6640_ros2_gazebo/meshes/collision/cylinder_link.stl
[2.591s] -- Installing: /workspace/src/install/irb6640_ros2_gazebo/share/irb6640_ros2_gazebo/meshes/collision/link_1.stl
[2.591s] -- Installing: /workspace/src/install/irb6640_ros2_gazebo/share/irb6640_ros2_gazebo/meshes/collision/piston_link.stl
[2.591s] -- Installing: /workspace/src/install/irb6640_ros2_gazebo/share/irb6640_ros2_gazebo/meshes/collision/base_link.stl
[2.591s] -- Installing: /workspace/src/install/irb6640_ros2_gazebo/share/irb6640_ros2_gazebo/meshes/collision/link_3.stl
[2.591s] -- Installing: /workspace/src/install/irb6640_ros2_gazebo/share/irb6640_ros2_gazebo/meshes/collision/link_6.stl
[2.592s] -- Installing: /workspace/src/install/irb6640_ros2_gazebo/share/irb6640_ros2_gazebo/meshes/collision/link_5.stl
[2.592s] -- Installing: /workspace/src/install/irb6640_ros2_gazebo/share/irb6640_ros2_gazebo/meshes/visual
[2.593s] -- Installing: /workspace/src/install/irb6640_ros2_gazebo/share/irb6640_ros2_gazebo/meshes/visual/base_link.dae
[2.596s] -- Installing: /workspace/src/install/irb6640_ros2_gazebo/share/irb6640_ros2_gazebo/meshes/visual/cylinder_link.dae
[2.600s] -- Installing: /workspace/src/install/irb6640_ros2_gazebo/share/irb6640_ros2_gazebo/meshes/visual/link_2.dae
[2.609s] -- Installing: /workspace/src/install/irb6640_ros2_gazebo/share/irb6640_ros2_gazebo/meshes/visual/link_1.dae
[2.642s] -- Installing: /workspace/src/install/irb6640_ros2_gazebo/share/irb6640_ros2_gazebo/meshes/visual/link_4.dae
[2.657s] -- Installing: /workspace/src/install/irb6640_ros2_gazebo/share/irb6640_ros2_gazebo/meshes/visual/link_6.dae
[2.660s] -- Installing: /workspace/src/install/irb6640_ros2_gazebo/share/irb6640_ros2_gazebo/meshes/visual/piston_link.dae
[2.661s] -- Installing: /workspace/src/install/irb6640_ros2_gazebo/share/irb6640_ros2_gazebo/meshes/visual/link_5.dae
[2.669s] -- Installing: /workspace/src/install/irb6640_ros2_gazebo/share/irb6640_ros2_gazebo/meshes/visual/link_3.dae
[2.676s] -- Installing: /workspace/src/install/irb6640_ros2_gazebo/share/ament_index/resource_index/package_run_dependencies/irb6640_ros2_gazebo
[2.677s] -- Installing: /workspace/src/install/irb6640_ros2_gazebo/share/ament_index/resource_index/parent_prefix_path/irb6640_ros2_gazebo
[2.678s] -- Installing: /workspace/src/install/irb6640_ros2_gazebo/share/irb6640_ros2_gazebo/environment/ament_prefix_path.sh
[2.678s] -- Installing: /workspace/src/install/irb6640_ros2_gazebo/share/irb6640_ros2_gazebo/environment/ament_prefix_path.dsv
[2.678s] -- Installing: /workspace/src/install/irb6640_ros2_gazebo/share/irb6640_ros2_gazebo/environment/path.sh
[2.678s] -- Installing: /workspace/src/install/irb6640_ros2_gazebo/share/irb6640_ros2_gazebo/environment/path.dsv
[2.679s] -- Installing: /workspace/src/install/irb6640_ros2_gazebo/share/irb6640_ros2_gazebo/local_setup.bash
[2.691s] -- Installing: /workspace/src/install/irb6640_ros2_gazebo/share/irb6640_ros2_gazebo/local_setup.sh
[2.693s] -- Installing: /workspace/src/install/irb6640_ros2_gazebo/share/irb6640_ros2_gazebo/local_setup.zsh
[2.693s] -- Installing: /workspace/src/install/irb6640_ros2_gazebo/share/irb6640_ros2_gazebo/local_setup.dsv
[2.694s] -- Installing: /workspace/src/install/irb6640_ros2_gazebo/share/irb6640_ros2_gazebo/package.dsv
[2.694s] -- Installing: /workspace/src/install/irb6640_ros2_gazebo/share/ament_index/resource_index/packages/irb6640_ros2_gazebo
[2.694s] -- Installing: /workspace/src/install/irb6640_ros2_gazebo/share/irb6640_ros2_gazebo/cmake/irb6640_ros2_gazeboConfig.cmake
[2.694s] -- Installing: /workspace/src/install/irb6640_ros2_gazebo/share/irb6640_ros2_gazebo/cmake/irb6640_ros2_gazeboConfig-version.cmake
[2.695s] -- Installing: /workspace/src/install/irb6640_ros2_gazebo/share/irb6640_ros2_gazebo/package.xml
[2.766s] Invoked command in '/workspace/src/build/irb6640_ros2_gazebo' returned '0': CMAKE_PREFIX_PATH=${CMAKE_PREFIX_PATH}:/opt/ros/humble /usr/bin/cmake --install /workspace/src/build/irb6640_ros2_gazebo
