[0.630s] Invoking command in '/workspace/src/my_package': PYTHONPATH=/workspace/build/my_package/prefix_override:/workspace/install/my_package/lib/python3.10/site-packages:${PYTHONPATH} /usr/bin/python3 setup.py egg_info --egg-base ../../build/my_package build --build-base /workspace/build/my_package/build install --record /workspace/build/my_package/install.log --single-version-externally-managed
[0.881s] running egg_info
[0.881s] writing ../../build/my_package/my_package.egg-info/PKG-INFO
[0.882s] writing dependency_links to ../../build/my_package/my_package.egg-info/dependency_links.txt
[0.882s] writing entry points to ../../build/my_package/my_package.egg-info/entry_points.txt
[0.882s] writing requirements to ../../build/my_package/my_package.egg-info/requires.txt
[0.883s] writing top-level names to ../../build/my_package/my_package.egg-info/top_level.txt
[0.884s] file my_node.py (for module my_node) not found
[0.884s] reading manifest file '../../build/my_package/my_package.egg-info/SOURCES.txt'
[0.885s] writing manifest file '../../build/my_package/my_package.egg-info/SOURCES.txt'
[0.886s] file my_node.py (for module my_node) not found
[0.886s] file my_node.py (for module my_node) not found
[0.886s] /usr/lib/python3/dist-packages/setuptools/command/install.py:34: SetuptoolsDeprecationWarning: setup.py install is deprecated. Use build and pip and other standards-based tools.
[0.887s]   warnings.warn(
[0.887s] running build
[0.887s] running build_py
[0.887s] running install
[0.887s] running install_lib
[0.888s] running install_egg_info
[0.889s] removing '/workspace/install/my_package/lib/python3.10/site-packages/my_package-0.0.0-py3.10.egg-info' (and everything under it)
[0.890s] Copying ../../build/my_package/my_package.egg-info to /workspace/install/my_package/lib/python3.10/site-packages/my_package-0.0.0-py3.10.egg-info
[0.891s] running install_scripts
[0.913s] Installing client script to /workspace/install/my_package/lib/my_package
[0.913s] Installing num_count script to /workspace/install/my_package/lib/my_package
[0.914s] Installing num_gen script to /workspace/install/my_package/lib/my_package
[0.914s] Installing server script to /workspace/install/my_package/lib/my_package
[0.914s] writing list of installed files to '/workspace/build/my_package/install.log'
[0.914s] file my_node.py (for module my_node) not found
[0.944s] Invoked command in '/workspace/src/my_package' returned '0': PYTHONPATH=/workspace/build/my_package/prefix_override:/workspace/install/my_package/lib/python3.10/site-packages:${PYTHONPATH} /usr/bin/python3 setup.py egg_info --egg-base ../../build/my_package build --build-base /workspace/build/my_package/build install --record /workspace/build/my_package/install.log --single-version-externally-managed
