[1.382s] Invoking command in '/workspace/src/inverse_kinematics': PYTHONPATH=/workspace/build/inverse_kinematics/prefix_override:/workspace/install/inverse_kinematics/lib/python3.10/site-packages:${PYTHONPATH} /usr/bin/python3 setup.py egg_info --egg-base ../../build/inverse_kinematics build --build-base /workspace/build/inverse_kinematics/build install --record /workspace/build/inverse_kinematics/install.log --single-version-externally-managed
[1.640s] running egg_info
[1.641s] writing ../../build/inverse_kinematics/inverse_kinematics.egg-info/PKG-INFO
[1.641s] writing dependency_links to ../../build/inverse_kinematics/inverse_kinematics.egg-info/dependency_links.txt
[1.642s] writing entry points to ../../build/inverse_kinematics/inverse_kinematics.egg-info/entry_points.txt
[1.642s] writing requirements to ../../build/inverse_kinematics/inverse_kinematics.egg-info/requires.txt
[1.642s] writing top-level names to ../../build/inverse_kinematics/inverse_kinematics.egg-info/top_level.txt
[1.643s] reading manifest file '../../build/inverse_kinematics/inverse_kinematics.egg-info/SOURCES.txt'
[1.645s] writing manifest file '../../build/inverse_kinematics/inverse_kinematics.egg-info/SOURCES.txt'
[1.645s] running build
[1.646s] running build_py
[1.646s] copying inverse_kinematics/two_r_client.py -> /workspace/build/inverse_kinematics/build/lib/inverse_kinematics
[1.646s] copying inverse_kinematics/two_r_server.py -> /workspace/build/inverse_kinematics/build/lib/inverse_kinematics
[1.646s] running install
[1.646s] /usr/lib/python3/dist-packages/setuptools/command/install.py:34: SetuptoolsDeprecationWarning: setup.py install is deprecated. Use build and pip and other standards-based tools.
[1.647s]   warnings.warn(
[1.647s] running install_lib
[1.648s] copying /workspace/build/inverse_kinematics/build/lib/inverse_kinematics/two_r_client.py -> /workspace/install/inverse_kinematics/lib/python3.10/site-packages/inverse_kinematics
[1.648s] copying /workspace/build/inverse_kinematics/build/lib/inverse_kinematics/two_r_server.py -> /workspace/install/inverse_kinematics/lib/python3.10/site-packages/inverse_kinematics
[1.649s] byte-compiling /workspace/install/inverse_kinematics/lib/python3.10/site-packages/inverse_kinematics/two_r_client.py to two_r_client.cpython-310.pyc
[1.649s] byte-compiling /workspace/install/inverse_kinematics/lib/python3.10/site-packages/inverse_kinematics/two_r_server.py to two_r_server.cpython-310.pyc
[1.650s] running install_data
[1.651s] running install_egg_info
[1.652s] removing '/workspace/install/inverse_kinematics/lib/python3.10/site-packages/inverse_kinematics-0.0.0-py3.10.egg-info' (and everything under it)
[1.653s] Copying ../../build/inverse_kinematics/inverse_kinematics.egg-info to /workspace/install/inverse_kinematics/lib/python3.10/site-packages/inverse_kinematics-0.0.0-py3.10.egg-info
[1.654s] running install_scripts
[1.684s] Installing client script to /workspace/install/inverse_kinematics/lib/inverse_kinematics
[1.684s] Installing server script to /workspace/install/inverse_kinematics/lib/inverse_kinematics
[1.684s] writing list of installed files to '/workspace/build/inverse_kinematics/install.log'
[1.730s] Invoked command in '/workspace/src/inverse_kinematics' returned '0': PYTHONPATH=/workspace/build/inverse_kinematics/prefix_override:/workspace/install/inverse_kinematics/lib/python3.10/site-packages:${PYTHONPATH} /usr/bin/python3 setup.py egg_info --egg-base ../../build/inverse_kinematics build --build-base /workspace/build/inverse_kinematics/build install --record /workspace/build/inverse_kinematics/install.log --single-version-externally-managed
