[1.258s] Invoking command in '/workspace/src/pubsub': PYTHONPATH=/workspace/build/pubsub/prefix_override:/workspace/install/pubsub/lib/python3.10/site-packages:${PYTHONPATH} /usr/bin/python3 setup.py egg_info --egg-base ../../build/pubsub build --build-base /workspace/build/pubsub/build install --record /workspace/build/pubsub/install.log --single-version-externally-managed
[1.550s] running egg_info
[1.551s] writing ../../build/pubsub/pubsub.egg-info/PKG-INFO
[1.551s] writing dependency_links to ../../build/pubsub/pubsub.egg-info/dependency_links.txt
[1.551s] writing entry points to ../../build/pubsub/pubsub.egg-info/entry_points.txt
[1.551s] writing requirements to ../../build/pubsub/pubsub.egg-info/requires.txt
[1.551s] writing top-level names to ../../build/pubsub/pubsub.egg-info/top_level.txt
[1.553s] reading manifest file '../../build/pubsub/pubsub.egg-info/SOURCES.txt'
[1.554s] writing manifest file '../../build/pubsub/pubsub.egg-info/SOURCES.txt'
[1.554s] running build
[1.554s] running build_py
[1.555s] running install
[1.555s] /usr/lib/python3/dist-packages/setuptools/command/install.py:34: SetuptoolsDeprecationWarning: setup.py install is deprecated. Use build and pip and other standards-based tools.
[1.555s]   warnings.warn(
[1.555s] running install_lib
[1.557s] running install_data
[1.557s] running install_egg_info
[1.559s] removing '/workspace/install/pubsub/lib/python3.10/site-packages/pubsub-0.0.0-py3.10.egg-info' (and everything under it)
[1.559s] Copying ../../build/pubsub/pubsub.egg-info to /workspace/install/pubsub/lib/python3.10/site-packages/pubsub-0.0.0-py3.10.egg-info
[1.560s] running install_scripts
[1.588s] Installing listener script to /workspace/install/pubsub/lib/pubsub
[1.588s] Installing talker script to /workspace/install/pubsub/lib/pubsub
[1.589s] writing list of installed files to '/workspace/build/pubsub/install.log'
