[0.126s] Invoking command in '/workspace/src/build/irb6640_ros2_moveit2': AMENT_PREFIX_PATH=/workspace/src/install/ros2_data:${AMENT_PREFIX_PATH} CMAKE_PREFIX_PATH=/workspace/src/install/ros2_data:/workspace/src/install/lakme_ros:/workspace/install/lakme_ros:/opt/ros/humble LD_LIBRARY_PATH=/workspace/src/install/ros2_data/lib:${LD_LIBRARY_PATH} PYTHONPATH=/workspace/src/install/ros2_data/local/lib/python3.10/dist-packages:${PYTHONPATH} /usr/bin/cmake /workspace/src/ros2_RobotSimulation/ABBRobots/IRB6640/irb6640_ros2_moveit2 -DCMAKE_INSTALL_PREFIX=/workspace/src/install/irb6640_ros2_moveit2
[0.277s] -- The C compiler identification is GNU 11.3.0
[0.405s] -- The CXX compiler identification is GNU 11.3.0
[0.421s] -- Detecting C compiler ABI info
[0.590s] -- Detecting C compiler ABI info - done
[0.611s] -- Check for working C compiler: /usr/bin/cc - skipped
[0.611s] -- Detecting C compile features
[0.612s] -- Detecting C compile features - done
[0.619s] -- Detecting CXX compiler ABI info
[0.798s] -- Detecting CXX compiler ABI info - done
[0.824s] -- Check for working CXX compiler: /usr/bin/c++ - skipped
[0.825s] -- Detecting CXX compile features
[0.826s] -- Detecting CXX compile features - done
[0.835s] -- Found ament_cmake: 1.3.4 (/opt/ros/humble/share/ament_cmake/cmake)
[1.215s] -- Found Python3: /usr/bin/python3.10 (found version "3.10.6") found components: Interpreter 
[1.492s] -- Found ament_lint_auto: 0.12.6 (/opt/ros/humble/share/ament_lint_auto/cmake)
[1.704s] -- Added test 'copyright' to check source files copyright and LICENSE
[1.708s] -- Added test 'flake8' to check Python code syntax and style conventions
[1.709s] -- Added test 'lint_cmake' to check CMake code style
[1.710s] -- Added test 'pep257' to check Python code against some of the docstring style conventions in PEP 257
[1.713s] -- Added test 'xmllint' to check XML markup files
[1.715s] -- Configuring done
[1.728s] -- Generating done
[1.731s] -- Build files have been written to: /workspace/src/build/irb6640_ros2_moveit2
[1.754s] Invoked command in '/workspace/src/build/irb6640_ros2_moveit2' returned '0': AMENT_PREFIX_PATH=/workspace/src/install/ros2_data:${AMENT_PREFIX_PATH} CMAKE_PREFIX_PATH=/workspace/src/install/ros2_data:/workspace/src/install/lakme_ros:/workspace/install/lakme_ros:/opt/ros/humble LD_LIBRARY_PATH=/workspace/src/install/ros2_data/lib:${LD_LIBRARY_PATH} PYTHONPATH=/workspace/src/install/ros2_data/local/lib/python3.10/dist-packages:${PYTHONPATH} /usr/bin/cmake /workspace/src/ros2_RobotSimulation/ABBRobots/IRB6640/irb6640_ros2_moveit2 -DCMAKE_INSTALL_PREFIX=/workspace/src/install/irb6640_ros2_moveit2
[1.755s] Invoking command in '/workspace/src/build/irb6640_ros2_moveit2': AMENT_PREFIX_PATH=/workspace/src/install/ros2_data:${AMENT_PREFIX_PATH} CMAKE_PREFIX_PATH=/workspace/src/install/ros2_data:/workspace/src/install/lakme_ros:/workspace/install/lakme_ros:/opt/ros/humble LD_LIBRARY_PATH=/workspace/src/install/ros2_data/lib:${LD_LIBRARY_PATH} PYTHONPATH=/workspace/src/install/ros2_data/local/lib/python3.10/dist-packages:${PYTHONPATH} /usr/bin/cmake --build /workspace/src/build/irb6640_ros2_moveit2 -- -j12 -l12
[1.822s] Invoked command in '/workspace/src/build/irb6640_ros2_moveit2' returned '0': AMENT_PREFIX_PATH=/workspace/src/install/ros2_data:${AMENT_PREFIX_PATH} CMAKE_PREFIX_PATH=/workspace/src/install/ros2_data:/workspace/src/install/lakme_ros:/workspace/install/lakme_ros:/opt/ros/humble LD_LIBRARY_PATH=/workspace/src/install/ros2_data/lib:${LD_LIBRARY_PATH} PYTHONPATH=/workspace/src/install/ros2_data/local/lib/python3.10/dist-packages:${PYTHONPATH} /usr/bin/cmake --build /workspace/src/build/irb6640_ros2_moveit2 -- -j12 -l12
[1.910s] Invoking command in '/workspace/src/build/irb6640_ros2_moveit2': AMENT_PREFIX_PATH=/workspace/src/install/ros2_data:${AMENT_PREFIX_PATH} CMAKE_PREFIX_PATH=/workspace/src/install/ros2_data:/workspace/src/install/lakme_ros:/workspace/install/lakme_ros:/opt/ros/humble LD_LIBRARY_PATH=/workspace/src/install/ros2_data/lib:${LD_LIBRARY_PATH} PYTHONPATH=/workspace/src/install/ros2_data/local/lib/python3.10/dist-packages:${PYTHONPATH} /usr/bin/cmake --install /workspace/src/build/irb6640_ros2_moveit2
[1.968s] -- Install configuration: ""
[1.968s] -- Installing: /workspace/src/install/irb6640_ros2_moveit2/share/irb6640_ros2_moveit2/config
[1.968s] -- Installing: /workspace/src/install/irb6640_ros2_moveit2/share/irb6640_ros2_moveit2/config/ompl_planning.yaml
[1.968s] -- Installing: /workspace/src/install/irb6640_ros2_moveit2/share/irb6640_ros2_moveit2/config/irb6640_controllers.yaml
[1.969s] -- Installing: /workspace/src/install/irb6640_ros2_moveit2/share/irb6640_ros2_moveit2/config/irb6640_moveit2.rviz
[1.971s] -- Installing: /workspace/src/install/irb6640_ros2_moveit2/share/irb6640_ros2_moveit2/config/irb6640.srdf
[1.971s] -- Installing: /workspace/src/install/irb6640_ros2_moveit2/share/irb6640_ros2_moveit2/config/kinematics.yaml
[1.971s] -- Installing: /workspace/src/install/irb6640_ros2_moveit2/share/irb6640_ros2_moveit2/launch
[1.971s] -- Installing: /workspace/src/install/irb6640_ros2_moveit2/share/irb6640_ros2_moveit2/launch/irb6640_interface.launch.py
[1.971s] -- Installing: /workspace/src/install/irb6640_ros2_moveit2/share/irb6640_ros2_moveit2/launch/irb6640.launch.py
[1.972s] -- Installing: /workspace/src/install/irb6640_ros2_moveit2/share/ament_index/resource_index/package_run_dependencies/irb6640_ros2_moveit2
[1.972s] -- Installing: /workspace/src/install/irb6640_ros2_moveit2/share/ament_index/resource_index/parent_prefix_path/irb6640_ros2_moveit2
[1.972s] -- Installing: /workspace/src/install/irb6640_ros2_moveit2/share/irb6640_ros2_moveit2/environment/ament_prefix_path.sh
[1.972s] -- Installing: /workspace/src/install/irb6640_ros2_moveit2/share/irb6640_ros2_moveit2/environment/ament_prefix_path.dsv
[1.973s] -- Installing: /workspace/src/install/irb6640_ros2_moveit2/share/irb6640_ros2_moveit2/environment/path.sh
[1.973s] -- Installing: /workspace/src/install/irb6640_ros2_moveit2/share/irb6640_ros2_moveit2/environment/path.dsv
[1.973s] -- Installing: /workspace/src/install/irb6640_ros2_moveit2/share/irb6640_ros2_moveit2/local_setup.bash
[1.973s] -- Installing: /workspace/src/install/irb6640_ros2_moveit2/share/irb6640_ros2_moveit2/local_setup.sh
[1.974s] -- Installing: /workspace/src/install/irb6640_ros2_moveit2/share/irb6640_ros2_moveit2/local_setup.zsh
[1.974s] -- Installing: /workspace/src/install/irb6640_ros2_moveit2/share/irb6640_ros2_moveit2/local_setup.dsv
[1.974s] -- Installing: /workspace/src/install/irb6640_ros2_moveit2/share/irb6640_ros2_moveit2/package.dsv
[1.974s] -- Installing: /workspace/src/install/irb6640_ros2_moveit2/share/ament_index/resource_index/packages/irb6640_ros2_moveit2
[1.975s] -- Installing: /workspace/src/install/irb6640_ros2_moveit2/share/irb6640_ros2_moveit2/cmake/irb6640_ros2_moveit2Config.cmake
[1.975s] -- Installing: /workspace/src/install/irb6640_ros2_moveit2/share/irb6640_ros2_moveit2/cmake/irb6640_ros2_moveit2Config-version.cmake
[1.975s] -- Installing: /workspace/src/install/irb6640_ros2_moveit2/share/irb6640_ros2_moveit2/package.xml
[2.031s] Invoked command in '/workspace/src/build/irb6640_ros2_moveit2' returned '0': AMENT_PREFIX_PATH=/workspace/src/install/ros2_data:${AMENT_PREFIX_PATH} CMAKE_PREFIX_PATH=/workspace/src/install/ros2_data:/workspace/src/install/lakme_ros:/workspace/install/lakme_ros:/opt/ros/humble LD_LIBRARY_PATH=/workspace/src/install/ros2_data/lib:${LD_LIBRARY_PATH} PYTHONPATH=/workspace/src/install/ros2_data/local/lib/python3.10/dist-packages:${PYTHONPATH} /usr/bin/cmake --install /workspace/src/build/irb6640_ros2_moveit2
