running egg_info
creating ../../build/pubsub/pubsub.egg-info
writing ../../build/pubsub/pubsub.egg-info/PKG-INFO
writing dependency_links to ../../build/pubsub/pubsub.egg-info/dependency_links.txt
writing entry points to ../../build/pubsub/pubsub.egg-info/entry_points.txt
writing requirements to ../../build/pubsub/pubsub.egg-info/requires.txt
writing top-level names to ../../build/pubsub/pubsub.egg-info/top_level.txt
writing manifest file '../../build/pubsub/pubsub.egg-info/SOURCES.txt'
reading manifest file '../../build/pubsub/pubsub.egg-info/SOURCES.txt'
writing manifest file '../../build/pubsub/pubsub.egg-info/SOURCES.txt'
running build
running build_py
creating /workspace/build/pubsub/build
creating /workspace/build/pubsub/build/lib
creating /workspace/build/pubsub/build/lib/pubsub
copying pubsub/sub_mem_fn.py -> /workspace/build/pubsub/build/lib/pubsub
copying pubsub/pub_mem_fn.py -> /workspace/build/pubsub/build/lib/pubsub
copying pubsub/__init__.py -> /workspace/build/pubsub/build/lib/pubsub
running install
running install_lib
creating /workspace/install/pubsub/lib/python3.10/site-packages/pubsub
copying /workspace/build/pubsub/build/lib/pubsub/sub_mem_fn.py -> /workspace/install/pubsub/lib/python3.10/site-packages/pubsub
copying /workspace/build/pubsub/build/lib/pubsub/pub_mem_fn.py -> /workspace/install/pubsub/lib/python3.10/site-packages/pubsub
copying /workspace/build/pubsub/build/lib/pubsub/__init__.py -> /workspace/install/pubsub/lib/python3.10/site-packages/pubsub
byte-compiling /workspace/install/pubsub/lib/python3.10/site-packages/pubsub/sub_mem_fn.py to sub_mem_fn.cpython-310.pyc
byte-compiling /workspace/install/pubsub/lib/python3.10/site-packages/pubsub/pub_mem_fn.py to pub_mem_fn.cpython-310.pyc
byte-compiling /workspace/install/pubsub/lib/python3.10/site-packages/pubsub/__init__.py to __init__.cpython-310.pyc
running install_data
creating /workspace/install/pubsub/share/ament_index
creating /workspace/install/pubsub/share/ament_index/resource_index
creating /workspace/install/pubsub/share/ament_index/resource_index/packages
copying resource/pubsub -> /workspace/install/pubsub/share/ament_index/resource_index/packages
copying package.xml -> /workspace/install/pubsub/share/pubsub
running install_egg_info
Copying ../../build/pubsub/pubsub.egg-info to /workspace/install/pubsub/lib/python3.10/site-packages/pubsub-0.0.0-py3.10.egg-info
running install_scripts
Installing listener script to /workspace/install/pubsub/lib/pubsub
Installing talker script to /workspace/install/pubsub/lib/pubsub
writing list of installed files to '/workspace/build/pubsub/install.log'
