[0.543s] Invoking command in '/workspace/src/pubsub': PYTHONPATH=/workspace/build/pubsub/prefix_override:/workspace/install/pubsub/lib/python3.10/site-packages:${PYTHONPATH} /usr/bin/python3 setup.py egg_info --egg-base ../../build/pubsub build --build-base /workspace/build/pubsub/build install --record /workspace/build/pubsub/install.log --single-version-externally-managed
[0.750s] running egg_info
[0.750s] creating ../../build/pubsub/pubsub.egg-info
[0.750s] writing ../../build/pubsub/pubsub.egg-info/PKG-INFO
[0.750s] writing dependency_links to ../../build/pubsub/pubsub.egg-info/dependency_links.txt
[0.751s] writing entry points to ../../build/pubsub/pubsub.egg-info/entry_points.txt
[0.751s] writing requirements to ../../build/pubsub/pubsub.egg-info/requires.txt
[0.751s] writing top-level names to ../../build/pubsub/pubsub.egg-info/top_level.txt
[0.751s] writing manifest file '../../build/pubsub/pubsub.egg-info/SOURCES.txt'
[0.752s] reading manifest file '../../build/pubsub/pubsub.egg-info/SOURCES.txt'
[0.753s] writing manifest file '../../build/pubsub/pubsub.egg-info/SOURCES.txt'
[0.753s] running build
[0.753s] running build_py
[0.753s] creating /workspace/build/pubsub/build
[0.753s] creating /workspace/build/pubsub/build/lib
[0.753s] creating /workspace/build/pubsub/build/lib/pubsub
[0.753s] copying pubsub/sub_mem_fn.py -> /workspace/build/pubsub/build/lib/pubsub
[0.753s] copying pubsub/pub_mem_fn.py -> /workspace/build/pubsub/build/lib/pubsub
[0.754s] copying pubsub/__init__.py -> /workspace/build/pubsub/build/lib/pubsub
[0.754s] running install
[0.761s] /usr/lib/python3/dist-packages/setuptools/command/install.py:34: SetuptoolsDeprecationWarning: setup.py install is deprecated. Use build and pip and other standards-based tools.
[0.761s]   warnings.warn(
[0.761s] running install_lib
[0.762s] creating /workspace/install/pubsub/lib/python3.10/site-packages/pubsub
[0.762s] copying /workspace/build/pubsub/build/lib/pubsub/sub_mem_fn.py -> /workspace/install/pubsub/lib/python3.10/site-packages/pubsub
[0.762s] copying /workspace/build/pubsub/build/lib/pubsub/pub_mem_fn.py -> /workspace/install/pubsub/lib/python3.10/site-packages/pubsub
[0.762s] copying /workspace/build/pubsub/build/lib/pubsub/__init__.py -> /workspace/install/pubsub/lib/python3.10/site-packages/pubsub
[0.763s] byte-compiling /workspace/install/pubsub/lib/python3.10/site-packages/pubsub/sub_mem_fn.py to sub_mem_fn.cpython-310.pyc
[0.763s] byte-compiling /workspace/install/pubsub/lib/python3.10/site-packages/pubsub/pub_mem_fn.py to pub_mem_fn.cpython-310.pyc
[0.763s] byte-compiling /workspace/install/pubsub/lib/python3.10/site-packages/pubsub/__init__.py to __init__.cpython-310.pyc
[0.764s] running install_data
[0.764s] creating /workspace/install/pubsub/share/ament_index
[0.764s] creating /workspace/install/pubsub/share/ament_index/resource_index
[0.764s] creating /workspace/install/pubsub/share/ament_index/resource_index/packages
[0.764s] copying resource/pubsub -> /workspace/install/pubsub/share/ament_index/resource_index/packages
[0.764s] copying package.xml -> /workspace/install/pubsub/share/pubsub
[0.764s] running install_egg_info
[0.766s] Copying ../../build/pubsub/pubsub.egg-info to /workspace/install/pubsub/lib/python3.10/site-packages/pubsub-0.0.0-py3.10.egg-info
[0.766s] running install_scripts
[0.784s] Installing listener script to /workspace/install/pubsub/lib/pubsub
[0.784s] Installing talker script to /workspace/install/pubsub/lib/pubsub
[0.784s] writing list of installed files to '/workspace/build/pubsub/install.log'
[0.801s] Invoked command in '/workspace/src/pubsub' returned '0': PYTHONPATH=/workspace/build/pubsub/prefix_override:/workspace/install/pubsub/lib/python3.10/site-packages:${PYTHONPATH} /usr/bin/python3 setup.py egg_info --egg-base ../../build/pubsub build --build-base /workspace/build/pubsub/build install --record /workspace/build/pubsub/install.log --single-version-externally-managed
