-- The C compiler identification is GNU 11.3.0
-- The CXX compiler identification is GNU 11.3.0
-- Detecting C compiler ABI info
-- Detecting C compiler ABI info - done
-- Check for working C compiler: /usr/bin/cc - skipped
-- Detecting C compile features
-- Detecting C compile features - done
-- Detecting CXX compiler ABI info
-- Detecting CXX compiler ABI info - done
-- Check for working CXX compiler: /usr/bin/c++ - skipped
-- Detecting CXX compile features
-- Detecting CXX compile features - done
-- Found ament_cmake: 1.3.4 (/opt/ros/humble/share/ament_cmake/cmake)
-- Found Python3: /usr/bin/python3.10 (found version "3.10.6") found components: Interpreter 
-- Found rosidl_default_generators: 1.2.0 (/opt/ros/humble/share/rosidl_default_generators/cmake)
-- Using all available rosidl_typesupport_c: rosidl_typesupport_fastrtps_c;rosidl_typesupport_introspection_c
-- Found rosidl_adapter: 3.1.4 (/opt/ros/humble/share/rosidl_adapter/cmake)
-- Using all available rosidl_typesupport_cpp: rosidl_typesupport_fastrtps_cpp;rosidl_typesupport_introspection_cpp
-- Found ament_cmake_ros: 0.10.0 (/opt/ros/humble/share/ament_cmake_ros/cmake)
-- Using all available rosidl_typesupport_c: rosidl_typesupport_fastrtps_c;rosidl_typesupport_introspection_c
-- Using all available rosidl_typesupport_cpp: rosidl_typesupport_fastrtps_cpp;rosidl_typesupport_introspection_cpp
-- Found PythonInterp: /usr/bin/python3 (found suitable version "3.10.6", minimum required is "3.6") 
-- Found python_cmake_module: 0.10.0 (/opt/ros/humble/share/python_cmake_module/cmake)
-- Found PythonLibs: /usr/lib/x86_64-linux-gnu/libpython3.10.so (found suitable version "3.10.6", minimum required is "3.5") 
-- Using PYTHON_EXECUTABLE: /usr/bin/python3
-- Using PYTHON_INCLUDE_DIRS: /usr/include/python3.10
-- Using PYTHON_LIBRARIES: /usr/lib/x86_64-linux-gnu/libpython3.10.so
-- Found PythonExtra: .so  
-- Found ament_lint_auto: 0.12.6 (/opt/ros/humble/share/ament_lint_auto/cmake)
-- Added test 'copyright' to check source files copyright and LICENSE
-- Added test 'lint_cmake' to check CMake code style
-- Added test 'xmllint' to check XML markup files
-- Configuring done
-- Generating done
-- Build files have been written to: /workspace/src/build/ros2_data
[  1%] [34m[1mGenerating C code for ROS interfaces[0m
[  1%] [34m[1mGenerating C++ code for ROS interfaces[0m
[  1%] Built target ament_cmake_python_copy_ros2_data
running egg_info
creating ros2_data.egg-info
writing ros2_data.egg-info/PKG-INFO
writing dependency_links to ros2_data.egg-info/dependency_links.txt
writing top-level names to ros2_data.egg-info/top_level.txt
writing manifest file 'ros2_data.egg-info/SOURCES.txt'
reading manifest file 'ros2_data.egg-info/SOURCES.txt'
writing manifest file 'ros2_data.egg-info/SOURCES.txt'
[  1%] Built target ament_cmake_python_build_ros2_data_egg
[  2%] [32mBuilding C object CMakeFiles/ros2_data__rosidl_generator_c.dir/rosidl_generator_c/ros2_data/msg/detail/joint_pose_s__functions.c.o[0m
[  2%] [32mBuilding C object CMakeFiles/ros2_data__rosidl_generator_c.dir/rosidl_generator_c/ros2_data/action/detail/move_js__functions.c.o[0m
[  4%] [32mBuilding C object CMakeFiles/ros2_data__rosidl_generator_c.dir/rosidl_generator_c/ros2_data/action/detail/move_g__functions.c.o[0m
[  5%] [32mBuilding C object CMakeFiles/ros2_data__rosidl_generator_c.dir/rosidl_generator_c/ros2_data/action/detail/move_l__functions.c.o[0m
[  7%] [32mBuilding C object CMakeFiles/ros2_data__rosidl_generator_c.dir/rosidl_generator_c/ros2_data/action/detail/move_xyzw__functions.c.o[0m
[  7%] [32mBuilding C object CMakeFiles/ros2_data__rosidl_generator_c.dir/rosidl_generator_c/ros2_data/msg/detail/joint_pose__functions.c.o[0m
[  7%] [32mBuilding C object CMakeFiles/ros2_data__rosidl_generator_c.dir/rosidl_generator_c/ros2_data/action/detail/move_j__functions.c.o[0m
[  7%] [32mBuilding C object CMakeFiles/ros2_data__rosidl_generator_c.dir/rosidl_generator_c/ros2_data/action/detail/move_ypr__functions.c.o[0m
[  8%] [32mBuilding C object CMakeFiles/ros2_data__rosidl_generator_c.dir/rosidl_generator_c/ros2_data/action/detail/move_r__functions.c.o[0m
[  9%] [32mBuilding C object CMakeFiles/ros2_data__rosidl_generator_c.dir/rosidl_generator_c/ros2_data/action/detail/move_rot__functions.c.o[0m
[ 10%] [32mBuilding C object CMakeFiles/ros2_data__rosidl_generator_c.dir/rosidl_generator_c/ros2_data/action/detail/move_xyz__functions.c.o[0m
[ 11%] [32mBuilding C object CMakeFiles/ros2_data__rosidl_generator_c.dir/rosidl_generator_c/ros2_data/action/detail/move_rp__functions.c.o[0m
[ 11%] Built target ros2_data__cpp
[ 12%] [34m[1mGenerating C++ type support dispatch for ROS interfaces[0m
[ 12%] [34m[1mGenerating C++ type support for eProsima Fast-RTPS[0m
[ 13%] [34m[1mGenerating C++ introspection for ROS interfaces[0m
[ 14%] [32m[1mLinking C shared library libros2_data__rosidl_generator_c.so[0m
[ 14%] Built target ros2_data__rosidl_generator_c
[ 17%] [34m[1mGenerating C type support dispatch for ROS interfaces[0m
[ 17%] [34m[1mGenerating C introspection for ROS interfaces[0m
[ 17%] [34m[1mGenerating C type support for eProsima Fast-RTPS[0m
[ 19%] [32mBuilding CXX object CMakeFiles/ros2_data__rosidl_typesupport_c.dir/rosidl_typesupport_c/ros2_data/msg/joint_pose__type_support.cpp.o[0m
[ 19%] [32mBuilding CXX object CMakeFiles/ros2_data__rosidl_typesupport_c.dir/rosidl_typesupport_c/ros2_data/msg/joint_pose_s__type_support.cpp.o[0m
[ 20%] [32mBuilding CXX object CMakeFiles/ros2_data__rosidl_typesupport_c.dir/rosidl_typesupport_c/ros2_data/action/move_js__type_support.cpp.o[0m
[ 22%] [32mBuilding CXX object CMakeFiles/ros2_data__rosidl_typesupport_c.dir/rosidl_typesupport_c/ros2_data/action/move_g__type_support.cpp.o[0m
[ 22%] [32mBuilding CXX object CMakeFiles/ros2_data__rosidl_typesupport_c.dir/rosidl_typesupport_c/ros2_data/action/move_l__type_support.cpp.o[0m
[ 22%] [32mBuilding CXX object CMakeFiles/ros2_data__rosidl_typesupport_c.dir/rosidl_typesupport_c/ros2_data/action/move_j__type_support.cpp.o[0m
[ 23%] [32mBuilding CXX object CMakeFiles/ros2_data__rosidl_typesupport_c.dir/rosidl_typesupport_c/ros2_data/action/move_xyzw__type_support.cpp.o[0m
[ 24%] [32mBuilding CXX object CMakeFiles/ros2_data__rosidl_typesupport_cpp.dir/rosidl_typesupport_cpp/ros2_data/msg/joint_pose__type_support.cpp.o[0m
[ 24%] [32mBuilding CXX object CMakeFiles/ros2_data__rosidl_typesupport_c.dir/rosidl_typesupport_c/ros2_data/action/move_r__type_support.cpp.o[0m
[ 25%] [32mBuilding CXX object CMakeFiles/ros2_data__rosidl_typesupport_cpp.dir/rosidl_typesupport_cpp/ros2_data/msg/joint_pose_s__type_support.cpp.o[0m
[ 26%] [32mBuilding CXX object CMakeFiles/ros2_data__rosidl_typesupport_c.dir/rosidl_typesupport_c/ros2_data/action/move_xyz__type_support.cpp.o[0m
[ 27%] [32mBuilding CXX object CMakeFiles/ros2_data__rosidl_typesupport_c.dir/rosidl_typesupport_c/ros2_data/action/move_ypr__type_support.cpp.o[0m
[ 28%] [32mBuilding CXX object CMakeFiles/ros2_data__rosidl_typesupport_c.dir/rosidl_typesupport_c/ros2_data/action/move_rot__type_support.cpp.o[0m
[ 29%] [32mBuilding CXX object CMakeFiles/ros2_data__rosidl_typesupport_c.dir/rosidl_typesupport_c/ros2_data/action/move_rp__type_support.cpp.o[0m
[ 30%] [32mBuilding CXX object CMakeFiles/ros2_data__rosidl_typesupport_cpp.dir/rosidl_typesupport_cpp/ros2_data/action/move_j__type_support.cpp.o[0m
[ 31%] [32mBuilding CXX object CMakeFiles/ros2_data__rosidl_typesupport_cpp.dir/rosidl_typesupport_cpp/ros2_data/action/move_js__type_support.cpp.o[0m
[ 31%] [32mBuilding CXX object CMakeFiles/ros2_data__rosidl_typesupport_cpp.dir/rosidl_typesupport_cpp/ros2_data/action/move_g__type_support.cpp.o[0m
[ 32%] [32mBuilding CXX object CMakeFiles/ros2_data__rosidl_typesupport_cpp.dir/rosidl_typesupport_cpp/ros2_data/action/move_xyzw__type_support.cpp.o[0m
[ 33%] [32mBuilding CXX object CMakeFiles/ros2_data__rosidl_typesupport_cpp.dir/rosidl_typesupport_cpp/ros2_data/action/move_l__type_support.cpp.o[0m
[ 34%] [32m[1mLinking CXX shared library libros2_data__rosidl_typesupport_c.so[0m
[ 34%] Built target ros2_data__rosidl_typesupport_c
[ 35%] [32mBuilding CXX object CMakeFiles/ros2_data__rosidl_typesupport_cpp.dir/rosidl_typesupport_cpp/ros2_data/action/move_r__type_support.cpp.o[0m
[ 36%] [32mBuilding CXX object CMakeFiles/ros2_data__rosidl_typesupport_cpp.dir/rosidl_typesupport_cpp/ros2_data/action/move_xyz__type_support.cpp.o[0m
[ 37%] [32mBuilding CXX object CMakeFiles/ros2_data__rosidl_typesupport_cpp.dir/rosidl_typesupport_cpp/ros2_data/action/move_ypr__type_support.cpp.o[0m
[ 37%] [32mBuilding CXX object CMakeFiles/ros2_data__rosidl_typesupport_cpp.dir/rosidl_typesupport_cpp/ros2_data/action/move_rot__type_support.cpp.o[0m
[ 38%] [32mBuilding CXX object CMakeFiles/ros2_data__rosidl_typesupport_cpp.dir/rosidl_typesupport_cpp/ros2_data/action/move_rp__type_support.cpp.o[0m
[ 38%] [32mBuilding CXX object CMakeFiles/ros2_data__rosidl_typesupport_introspection_cpp.dir/rosidl_typesupport_introspection_cpp/ros2_data/msg/detail/joint_pose__type_support.cpp.o[0m
[ 40%] [32mBuilding CXX object CMakeFiles/ros2_data__rosidl_typesupport_introspection_cpp.dir/rosidl_typesupport_introspection_cpp/ros2_data/msg/detail/joint_pose_s__type_support.cpp.o[0m
[ 40%] [32mBuilding CXX object CMakeFiles/ros2_data__rosidl_typesupport_introspection_cpp.dir/rosidl_typesupport_introspection_cpp/ros2_data/action/detail/move_j__type_support.cpp.o[0m
[ 41%] [32mBuilding CXX object CMakeFiles/ros2_data__rosidl_typesupport_introspection_cpp.dir/rosidl_typesupport_introspection_cpp/ros2_data/action/detail/move_js__type_support.cpp.o[0m
[ 42%] [32mBuilding CXX object CMakeFiles/ros2_data__rosidl_typesupport_introspection_cpp.dir/rosidl_typesupport_introspection_cpp/ros2_data/action/detail/move_g__type_support.cpp.o[0m
[ 43%] [32mBuilding CXX object CMakeFiles/ros2_data__rosidl_typesupport_introspection_cpp.dir/rosidl_typesupport_introspection_cpp/ros2_data/action/detail/move_xyzw__type_support.cpp.o[0m
[ 43%] [32mBuilding CXX object CMakeFiles/ros2_data__rosidl_typesupport_introspection_cpp.dir/rosidl_typesupport_introspection_cpp/ros2_data/action/detail/move_l__type_support.cpp.o[0m
[ 44%] [32mBuilding CXX object CMakeFiles/ros2_data__rosidl_typesupport_introspection_cpp.dir/rosidl_typesupport_introspection_cpp/ros2_data/action/detail/move_r__type_support.cpp.o[0m
[ 45%] [32mBuilding CXX object CMakeFiles/ros2_data__rosidl_typesupport_introspection_cpp.dir/rosidl_typesupport_introspection_cpp/ros2_data/action/detail/move_xyz__type_support.cpp.o[0m
[ 46%] [32m[1mLinking CXX shared library libros2_data__rosidl_typesupport_cpp.so[0m
[ 47%] [32mBuilding CXX object CMakeFiles/ros2_data__rosidl_typesupport_introspection_cpp.dir/rosidl_typesupport_introspection_cpp/ros2_data/action/detail/move_ypr__type_support.cpp.o[0m
[ 47%] Built target ros2_data__rosidl_typesupport_cpp
[ 48%] [32mBuilding CXX object CMakeFiles/ros2_data__rosidl_typesupport_introspection_cpp.dir/rosidl_typesupport_introspection_cpp/ros2_data/action/detail/move_rot__type_support.cpp.o[0m
[ 49%] [32mBuilding C object CMakeFiles/ros2_data__rosidl_typesupport_introspection_c.dir/rosidl_typesupport_introspection_c/ros2_data/msg/detail/joint_pose__type_support.c.o[0m
[ 50%] [32mBuilding C object CMakeFiles/ros2_data__rosidl_typesupport_introspection_c.dir/rosidl_typesupport_introspection_c/ros2_data/msg/detail/joint_pose_s__type_support.c.o[0m
[ 51%] [32mBuilding C object CMakeFiles/ros2_data__rosidl_typesupport_introspection_c.dir/rosidl_typesupport_introspection_c/ros2_data/action/detail/move_j__type_support.c.o[0m
[ 51%] [32mBuilding C object CMakeFiles/ros2_data__rosidl_typesupport_introspection_c.dir/rosidl_typesupport_introspection_c/ros2_data/action/detail/move_js__type_support.c.o[0m
[ 52%] [32mBuilding CXX object CMakeFiles/ros2_data__rosidl_typesupport_introspection_cpp.dir/rosidl_typesupport_introspection_cpp/ros2_data/action/detail/move_rp__type_support.cpp.o[0m
[ 53%] [32mBuilding C object CMakeFiles/ros2_data__rosidl_typesupport_introspection_c.dir/rosidl_typesupport_introspection_c/ros2_data/action/detail/move_g__type_support.c.o[0m
[ 54%] [32mBuilding C object CMakeFiles/ros2_data__rosidl_typesupport_introspection_c.dir/rosidl_typesupport_introspection_c/ros2_data/action/detail/move_xyzw__type_support.c.o[0m
[ 55%] [32mBuilding C object CMakeFiles/ros2_data__rosidl_typesupport_introspection_c.dir/rosidl_typesupport_introspection_c/ros2_data/action/detail/move_l__type_support.c.o[0m
[ 56%] [32mBuilding C object CMakeFiles/ros2_data__rosidl_typesupport_introspection_c.dir/rosidl_typesupport_introspection_c/ros2_data/action/detail/move_r__type_support.c.o[0m
[ 57%] [32mBuilding C object CMakeFiles/ros2_data__rosidl_typesupport_introspection_c.dir/rosidl_typesupport_introspection_c/ros2_data/action/detail/move_xyz__type_support.c.o[0m
[ 58%] [32mBuilding C object CMakeFiles/ros2_data__rosidl_typesupport_introspection_c.dir/rosidl_typesupport_introspection_c/ros2_data/action/detail/move_ypr__type_support.c.o[0m
[ 59%] [32mBuilding CXX object CMakeFiles/ros2_data__rosidl_typesupport_fastrtps_cpp.dir/rosidl_typesupport_fastrtps_cpp/ros2_data/msg/detail/dds_fastrtps/joint_pose_s__type_support.cpp.o[0m
[ 60%] [32mBuilding CXX object CMakeFiles/ros2_data__rosidl_typesupport_fastrtps_cpp.dir/rosidl_typesupport_fastrtps_cpp/ros2_data/msg/detail/dds_fastrtps/joint_pose__type_support.cpp.o[0m
[ 61%] [32mBuilding CXX object CMakeFiles/ros2_data__rosidl_typesupport_fastrtps_cpp.dir/rosidl_typesupport_fastrtps_cpp/ros2_data/action/detail/dds_fastrtps/move_j__type_support.cpp.o[0m
[ 62%] [32mBuilding CXX object CMakeFiles/ros2_data__rosidl_typesupport_fastrtps_cpp.dir/rosidl_typesupport_fastrtps_cpp/ros2_data/action/detail/dds_fastrtps/move_js__type_support.cpp.o[0m
[ 62%] [32mBuilding C object CMakeFiles/ros2_data__rosidl_typesupport_introspection_c.dir/rosidl_typesupport_introspection_c/ros2_data/action/detail/move_rot__type_support.c.o[0m
[ 63%] [32mBuilding C object CMakeFiles/ros2_data__rosidl_typesupport_introspection_c.dir/rosidl_typesupport_introspection_c/ros2_data/action/detail/move_rp__type_support.c.o[0m
[ 64%] [32mBuilding CXX object CMakeFiles/ros2_data__rosidl_typesupport_fastrtps_c.dir/rosidl_typesupport_fastrtps_c/ros2_data/msg/detail/joint_pose__type_support_c.cpp.o[0m
[ 65%] [32mBuilding CXX object CMakeFiles/ros2_data__rosidl_typesupport_fastrtps_c.dir/rosidl_typesupport_fastrtps_c/ros2_data/msg/detail/joint_pose_s__type_support_c.cpp.o[0m
[ 66%] [32m[1mLinking C shared library libros2_data__rosidl_typesupport_introspection_c.so[0m
[ 66%] Built target ros2_data__rosidl_typesupport_introspection_c
[ 66%] [32mBuilding CXX object CMakeFiles/ros2_data__rosidl_typesupport_fastrtps_c.dir/rosidl_typesupport_fastrtps_c/ros2_data/action/detail/move_j__type_support_c.cpp.o[0m
[ 67%] [32mBuilding CXX object CMakeFiles/ros2_data__rosidl_typesupport_fastrtps_c.dir/rosidl_typesupport_fastrtps_c/ros2_data/action/detail/move_js__type_support_c.cpp.o[0m
[ 68%] [32mBuilding CXX object CMakeFiles/ros2_data__rosidl_typesupport_fastrtps_c.dir/rosidl_typesupport_fastrtps_c/ros2_data/action/detail/move_g__type_support_c.cpp.o[0m
[ 69%] [32mBuilding CXX object CMakeFiles/ros2_data__rosidl_typesupport_fastrtps_c.dir/rosidl_typesupport_fastrtps_c/ros2_data/action/detail/move_xyzw__type_support_c.cpp.o[0m
[ 70%] [32mBuilding CXX object CMakeFiles/ros2_data__rosidl_typesupport_fastrtps_c.dir/rosidl_typesupport_fastrtps_c/ros2_data/action/detail/move_l__type_support_c.cpp.o[0m
[ 71%] [32mBuilding CXX object CMakeFiles/ros2_data__rosidl_typesupport_fastrtps_c.dir/rosidl_typesupport_fastrtps_c/ros2_data/action/detail/move_r__type_support_c.cpp.o[0m
[ 71%] [32mBuilding CXX object CMakeFiles/ros2_data__rosidl_typesupport_fastrtps_c.dir/rosidl_typesupport_fastrtps_c/ros2_data/action/detail/move_xyz__type_support_c.cpp.o[0m
[ 72%] [32mBuilding CXX object CMakeFiles/ros2_data__rosidl_typesupport_fastrtps_cpp.dir/rosidl_typesupport_fastrtps_cpp/ros2_data/action/detail/dds_fastrtps/move_g__type_support.cpp.o[0m
[ 72%] [32mBuilding CXX object CMakeFiles/ros2_data__rosidl_typesupport_fastrtps_cpp.dir/rosidl_typesupport_fastrtps_cpp/ros2_data/action/detail/dds_fastrtps/move_xyzw__type_support.cpp.o[0m
[ 73%] [32m[1mLinking CXX shared library libros2_data__rosidl_typesupport_introspection_cpp.so[0m
[ 73%] Built target ros2_data__rosidl_typesupport_introspection_cpp
[ 74%] [32mBuilding CXX object CMakeFiles/ros2_data__rosidl_typesupport_fastrtps_cpp.dir/rosidl_typesupport_fastrtps_cpp/ros2_data/action/detail/dds_fastrtps/move_l__type_support.cpp.o[0m
[ 75%] [32mBuilding CXX object CMakeFiles/ros2_data__rosidl_typesupport_fastrtps_c.dir/rosidl_typesupport_fastrtps_c/ros2_data/action/detail/move_ypr__type_support_c.cpp.o[0m
[ 76%] [32mBuilding CXX object CMakeFiles/ros2_data__rosidl_typesupport_fastrtps_cpp.dir/rosidl_typesupport_fastrtps_cpp/ros2_data/action/detail/dds_fastrtps/move_r__type_support.cpp.o[0m
[ 77%] [32mBuilding CXX object CMakeFiles/ros2_data__rosidl_typesupport_fastrtps_c.dir/rosidl_typesupport_fastrtps_c/ros2_data/action/detail/move_rot__type_support_c.cpp.o[0m
[ 78%] [32mBuilding CXX object CMakeFiles/ros2_data__rosidl_typesupport_fastrtps_c.dir/rosidl_typesupport_fastrtps_c/ros2_data/action/detail/move_rp__type_support_c.cpp.o[0m
[ 79%] [32mBuilding CXX object CMakeFiles/ros2_data__rosidl_typesupport_fastrtps_cpp.dir/rosidl_typesupport_fastrtps_cpp/ros2_data/action/detail/dds_fastrtps/move_xyz__type_support.cpp.o[0m
[ 80%] [32mBuilding CXX object CMakeFiles/ros2_data__rosidl_typesupport_fastrtps_cpp.dir/rosidl_typesupport_fastrtps_cpp/ros2_data/action/detail/dds_fastrtps/move_ypr__type_support.cpp.o[0m
[ 81%] [32mBuilding CXX object CMakeFiles/ros2_data__rosidl_typesupport_fastrtps_cpp.dir/rosidl_typesupport_fastrtps_cpp/ros2_data/action/detail/dds_fastrtps/move_rot__type_support.cpp.o[0m
[ 81%] [32mBuilding CXX object CMakeFiles/ros2_data__rosidl_typesupport_fastrtps_cpp.dir/rosidl_typesupport_fastrtps_cpp/ros2_data/action/detail/dds_fastrtps/move_rp__type_support.cpp.o[0m
[ 82%] [32m[1mLinking CXX shared library libros2_data__rosidl_typesupport_fastrtps_c.so[0m
[ 82%] Built target ros2_data__rosidl_typesupport_fastrtps_c
[ 83%] [32m[1mLinking CXX shared library libros2_data__rosidl_typesupport_fastrtps_cpp.so[0m
[ 83%] Built target ros2_data__rosidl_typesupport_fastrtps_cpp
[ 83%] Built target ros2_data
[ 84%] [34m[1mGenerating Python code for ROS interfaces[0m
[ 84%] Built target ros2_data__py
[ 86%] [32mBuilding C object CMakeFiles/ros2_data__rosidl_generator_py.dir/rosidl_generator_py/ros2_data/msg/_joint_pose_s_s.c.o[0m
[ 87%] [32mBuilding C object CMakeFiles/ros2_data__rosidl_generator_py.dir/rosidl_generator_py/ros2_data/action/_move_js_s.c.o[0m
[ 87%] [32mBuilding C object CMakeFiles/ros2_data__rosidl_generator_py.dir/rosidl_generator_py/ros2_data/msg/_joint_pose_s.c.o[0m
[ 88%] [32mBuilding C object CMakeFiles/ros2_data__rosidl_generator_py.dir/rosidl_generator_py/ros2_data/action/_move_xyzw_s.c.o[0m
[ 89%] [32mBuilding C object CMakeFiles/ros2_data__rosidl_generator_py.dir/rosidl_generator_py/ros2_data/action/_move_l_s.c.o[0m
[ 87%] [32mBuilding C object CMakeFiles/ros2_data__rosidl_generator_py.dir/rosidl_generator_py/ros2_data/action/_move_j_s.c.o[0m
[ 90%] [32mBuilding C object CMakeFiles/ros2_data__rosidl_generator_py.dir/rosidl_generator_py/ros2_data/action/_move_g_s.c.o[0m
[ 91%] [32mBuilding C object CMakeFiles/ros2_data__rosidl_generator_py.dir/rosidl_generator_py/ros2_data/action/_move_r_s.c.o[0m
[ 92%] [32mBuilding C object CMakeFiles/ros2_data__rosidl_generator_py.dir/rosidl_generator_py/ros2_data/action/_move_xyz_s.c.o[0m
[ 93%] [32mBuilding C object CMakeFiles/ros2_data__rosidl_generator_py.dir/rosidl_generator_py/ros2_data/action/_move_rot_s.c.o[0m
[ 93%] [32mBuilding C object CMakeFiles/ros2_data__rosidl_generator_py.dir/rosidl_generator_py/ros2_data/action/_move_ypr_s.c.o[0m
[ 94%] [32mBuilding C object CMakeFiles/ros2_data__rosidl_generator_py.dir/rosidl_generator_py/ros2_data/action/_move_rp_s.c.o[0m
[ 95%] [32m[1mLinking C shared library rosidl_generator_py/ros2_data/libros2_data__rosidl_generator_py.so[0m
[ 95%] Built target ros2_data__rosidl_generator_py
[ 97%] [32mBuilding C object CMakeFiles/ros2_data__rosidl_typesupport_introspection_c__pyext.dir/rosidl_generator_py/ros2_data/_ros2_data_s.ep.rosidl_typesupport_introspection_c.c.o[0m
[ 97%] [32mBuilding C object CMakeFiles/ros2_data__rosidl_typesupport_fastrtps_c__pyext.dir/rosidl_generator_py/ros2_data/_ros2_data_s.ep.rosidl_typesupport_fastrtps_c.c.o[0m
[ 97%] [32mBuilding C object CMakeFiles/ros2_data__rosidl_typesupport_c__pyext.dir/rosidl_generator_py/ros2_data/_ros2_data_s.ep.rosidl_typesupport_c.c.o[0m
[ 98%] [32m[1mLinking C shared library rosidl_generator_py/ros2_data/ros2_data_s__rosidl_typesupport_fastrtps_c.cpython-310-x86_64-linux-gnu.so[0m
[ 99%] [32m[1mLinking C shared library rosidl_generator_py/ros2_data/ros2_data_s__rosidl_typesupport_c.cpython-310-x86_64-linux-gnu.so[0m
[100%] [32m[1mLinking C shared library rosidl_generator_py/ros2_data/ros2_data_s__rosidl_typesupport_introspection_c.cpython-310-x86_64-linux-gnu.so[0m
[100%] Built target ros2_data__rosidl_typesupport_c__pyext
[100%] Built target ros2_data__rosidl_typesupport_fastrtps_c__pyext
[100%] Built target ros2_data__rosidl_typesupport_introspection_c__pyext
-- Install configuration: ""
-- Installing: /workspace/src/install/ros2_data/share/ament_index/resource_index/rosidl_interfaces/ros2_data
-- Installing: /workspace/src/install/ros2_data/include/ros2_data/ros2_data
-- Installing: /workspace/src/install/ros2_data/include/ros2_data/ros2_data/action
-- Installing: /workspace/src/install/ros2_data/include/ros2_data/ros2_data/action/move_xyzw.h
-- Installing: /workspace/src/install/ros2_data/include/ros2_data/ros2_data/action/move_g.h
-- Installing: /workspace/src/install/ros2_data/include/ros2_data/ros2_data/action/detail
-- Installing: /workspace/src/install/ros2_data/include/ros2_data/ros2_data/action/detail/move_l__functions.c
-- Installing: /workspace/src/install/ros2_data/include/ros2_data/ros2_data/action/detail/move_r__struct.h
-- Installing: /workspace/src/install/ros2_data/include/ros2_data/ros2_data/action/detail/move_js__functions.h
-- Installing: /workspace/src/install/ros2_data/include/ros2_data/ros2_data/action/detail/move_j__functions.h
-- Installing: /workspace/src/install/ros2_data/include/ros2_data/ros2_data/action/detail/move_g__functions.c
-- Installing: /workspace/src/install/ros2_data/include/ros2_data/ros2_data/action/detail/move_j__type_support.h
-- Installing: /workspace/src/install/ros2_data/include/ros2_data/ros2_data/action/detail/move_js__functions.c
-- Installing: /workspace/src/install/ros2_data/include/ros2_data/ros2_data/action/detail/move_xyz__struct.h
-- Installing: /workspace/src/install/ros2_data/include/ros2_data/ros2_data/action/detail/move_j__functions.c
-- Installing: /workspace/src/install/ros2_data/include/ros2_data/ros2_data/action/detail/move_xyzw__type_support.h
-- Installing: /workspace/src/install/ros2_data/include/ros2_data/ros2_data/action/detail/move_ypr__functions.h
-- Installing: /workspace/src/install/ros2_data/include/ros2_data/ros2_data/action/detail/move_r__functions.c
-- Installing: /workspace/src/install/ros2_data/include/ros2_data/ros2_data/action/detail/move_rot__struct.h
-- Installing: /workspace/src/install/ros2_data/include/ros2_data/ros2_data/action/detail/move_r__type_support.h
-- Installing: /workspace/src/install/ros2_data/include/ros2_data/ros2_data/action/detail/move_g__struct.h
-- Installing: /workspace/src/install/ros2_data/include/ros2_data/ros2_data/action/detail/move_rp__type_support.h
-- Installing: /workspace/src/install/ros2_data/include/ros2_data/ros2_data/action/detail/move_g__type_support.h
-- Installing: /workspace/src/install/ros2_data/include/ros2_data/ros2_data/action/detail/move_rot__functions.c
-- Installing: /workspace/src/install/ros2_data/include/ros2_data/ros2_data/action/detail/move_rot__functions.h
-- Installing: /workspace/src/install/ros2_data/include/ros2_data/ros2_data/action/detail/move_rp__struct.h
-- Installing: /workspace/src/install/ros2_data/include/ros2_data/ros2_data/action/detail/move_rot__type_support.h
-- Installing: /workspace/src/install/ros2_data/include/ros2_data/ros2_data/action/detail/move_l__functions.h
-- Installing: /workspace/src/install/ros2_data/include/ros2_data/ros2_data/action/detail/move_ypr__struct.h
-- Installing: /workspace/src/install/ros2_data/include/ros2_data/ros2_data/action/detail/move_ypr__type_support.h
-- Installing: /workspace/src/install/ros2_data/include/ros2_data/ros2_data/action/detail/move_xyz__functions.h
-- Installing: /workspace/src/install/ros2_data/include/ros2_data/ros2_data/action/detail/move_js__struct.h
-- Installing: /workspace/src/install/ros2_data/include/ros2_data/ros2_data/action/detail/move_l__struct.h
-- Installing: /workspace/src/install/ros2_data/include/ros2_data/ros2_data/action/detail/move_ypr__functions.c
-- Installing: /workspace/src/install/ros2_data/include/ros2_data/ros2_data/action/detail/move_js__type_support.h
-- Installing: /workspace/src/install/ros2_data/include/ros2_data/ros2_data/action/detail/move_g__functions.h
-- Installing: /workspace/src/install/ros2_data/include/ros2_data/ros2_data/action/detail/move_l__type_support.h
-- Installing: /workspace/src/install/ros2_data/include/ros2_data/ros2_data/action/detail/move_xyzw__functions.c
-- Installing: /workspace/src/install/ros2_data/include/ros2_data/ros2_data/action/detail/move_xyzw__struct.h
-- Installing: /workspace/src/install/ros2_data/include/ros2_data/ros2_data/action/detail/move_j__struct.h
-- Installing: /workspace/src/install/ros2_data/include/ros2_data/ros2_data/action/detail/move_rp__functions.c
-- Installing: /workspace/src/install/ros2_data/include/ros2_data/ros2_data/action/detail/move_xyz__functions.c
-- Installing: /workspace/src/install/ros2_data/include/ros2_data/ros2_data/action/detail/move_xyzw__functions.h
-- Installing: /workspace/src/install/ros2_data/include/ros2_data/ros2_data/action/detail/move_rp__functions.h
-- Installing: /workspace/src/install/ros2_data/include/ros2_data/ros2_data/action/detail/move_r__functions.h
-- Installing: /workspace/src/install/ros2_data/include/ros2_data/ros2_data/action/detail/move_xyz__type_support.h
-- Installing: /workspace/src/install/ros2_data/include/ros2_data/ros2_data/action/move_j.h
-- Installing: /workspace/src/install/ros2_data/include/ros2_data/ros2_data/action/move_rot.h
-- Installing: /workspace/src/install/ros2_data/include/ros2_data/ros2_data/action/move_l.h
-- Installing: /workspace/src/install/ros2_data/include/ros2_data/ros2_data/action/move_xyz.h
-- Installing: /workspace/src/install/ros2_data/include/ros2_data/ros2_data/action/move_r.h
-- Installing: /workspace/src/install/ros2_data/include/ros2_data/ros2_data/action/move_rp.h
-- Installing: /workspace/src/install/ros2_data/include/ros2_data/ros2_data/action/move_ypr.h
-- Installing: /workspace/src/install/ros2_data/include/ros2_data/ros2_data/action/move_js.h
-- Installing: /workspace/src/install/ros2_data/include/ros2_data/ros2_data/msg
-- Installing: /workspace/src/install/ros2_data/include/ros2_data/ros2_data/msg/detail
-- Installing: /workspace/src/install/ros2_data/include/ros2_data/ros2_data/msg/detail/joint_pose_s__functions.h
-- Installing: /workspace/src/install/ros2_data/include/ros2_data/ros2_data/msg/detail/joint_pose_s__struct.h
-- Installing: /workspace/src/install/ros2_data/include/ros2_data/ros2_data/msg/detail/joint_pose__struct.h
-- Installing: /workspace/src/install/ros2_data/include/ros2_data/ros2_data/msg/detail/joint_pose_s__functions.c
-- Installing: /workspace/src/install/ros2_data/include/ros2_data/ros2_data/msg/detail/joint_pose__functions.c
-- Installing: /workspace/src/install/ros2_data/include/ros2_data/ros2_data/msg/detail/joint_pose__type_support.h
-- Installing: /workspace/src/install/ros2_data/include/ros2_data/ros2_data/msg/detail/joint_pose_s__type_support.h
-- Installing: /workspace/src/install/ros2_data/include/ros2_data/ros2_data/msg/detail/joint_pose__functions.h
-- Installing: /workspace/src/install/ros2_data/include/ros2_data/ros2_data/msg/rosidl_generator_c__visibility_control.h
-- Installing: /workspace/src/install/ros2_data/include/ros2_data/ros2_data/msg/joint_pose.h
-- Installing: /workspace/src/install/ros2_data/include/ros2_data/ros2_data/msg/joint_pose_s.h
-- Installing: /workspace/src/install/ros2_data/share/ros2_data/environment/library_path.sh
-- Installing: /workspace/src/install/ros2_data/share/ros2_data/environment/library_path.dsv
-- Installing: /workspace/src/install/ros2_data/lib/libros2_data__rosidl_generator_c.so
-- Set runtime path of "/workspace/src/install/ros2_data/lib/libros2_data__rosidl_generator_c.so" to ""
-- Up-to-date: /workspace/src/install/ros2_data/include/ros2_data/ros2_data
-- Up-to-date: /workspace/src/install/ros2_data/include/ros2_data/ros2_data/action
-- Up-to-date: /workspace/src/install/ros2_data/include/ros2_data/ros2_data/action/detail
-- Installing: /workspace/src/install/ros2_data/include/ros2_data/ros2_data/action/detail/move_xyzw__rosidl_typesupport_fastrtps_c.h
-- Installing: /workspace/src/install/ros2_data/include/ros2_data/ros2_data/action/detail/move_r__rosidl_typesupport_fastrtps_c.h
-- Installing: /workspace/src/install/ros2_data/include/ros2_data/ros2_data/action/detail/move_js__rosidl_typesupport_fastrtps_c.h
-- Installing: /workspace/src/install/ros2_data/include/ros2_data/ros2_data/action/detail/move_rp__rosidl_typesupport_fastrtps_c.h
-- Installing: /workspace/src/install/ros2_data/include/ros2_data/ros2_data/action/detail/move_g__rosidl_typesupport_fastrtps_c.h
-- Installing: /workspace/src/install/ros2_data/include/ros2_data/ros2_data/action/detail/move_ypr__rosidl_typesupport_fastrtps_c.h
-- Installing: /workspace/src/install/ros2_data/include/ros2_data/ros2_data/action/detail/move_xyz__rosidl_typesupport_fastrtps_c.h
-- Installing: /workspace/src/install/ros2_data/include/ros2_data/ros2_data/action/detail/move_l__rosidl_typesupport_fastrtps_c.h
-- Installing: /workspace/src/install/ros2_data/include/ros2_data/ros2_data/action/detail/move_j__rosidl_typesupport_fastrtps_c.h
-- Installing: /workspace/src/install/ros2_data/include/ros2_data/ros2_data/action/detail/move_rot__rosidl_typesupport_fastrtps_c.h
-- Up-to-date: /workspace/src/install/ros2_data/include/ros2_data/ros2_data/msg
-- Up-to-date: /workspace/src/install/ros2_data/include/ros2_data/ros2_data/msg/detail
-- Installing: /workspace/src/install/ros2_data/include/ros2_data/ros2_data/msg/detail/joint_pose_s__rosidl_typesupport_fastrtps_c.h
-- Installing: /workspace/src/install/ros2_data/include/ros2_data/ros2_data/msg/detail/joint_pose__rosidl_typesupport_fastrtps_c.h
-- Installing: /workspace/src/install/ros2_data/include/ros2_data/ros2_data/msg/rosidl_typesupport_fastrtps_c__visibility_control.h
-- Installing: /workspace/src/install/ros2_data/lib/libros2_data__rosidl_typesupport_fastrtps_c.so
-- Set runtime path of "/workspace/src/install/ros2_data/lib/libros2_data__rosidl_typesupport_fastrtps_c.so" to ""
-- Up-to-date: /workspace/src/install/ros2_data/include/ros2_data/ros2_data
-- Up-to-date: /workspace/src/install/ros2_data/include/ros2_data/ros2_data/action
-- Up-to-date: /workspace/src/install/ros2_data/include/ros2_data/ros2_data/action/detail
-- Installing: /workspace/src/install/ros2_data/include/ros2_data/ros2_data/action/detail/move_xyz__rosidl_typesupport_introspection_c.h
-- Installing: /workspace/src/install/ros2_data/include/ros2_data/ros2_data/action/detail/move_rp__rosidl_typesupport_introspection_c.h
-- Installing: /workspace/src/install/ros2_data/include/ros2_data/ros2_data/action/detail/move_g__type_support.c
-- Installing: /workspace/src/install/ros2_data/include/ros2_data/ros2_data/action/detail/move_xyzw__rosidl_typesupport_introspection_c.h
-- Installing: /workspace/src/install/ros2_data/include/ros2_data/ros2_data/action/detail/move_rot__type_support.c
-- Installing: /workspace/src/install/ros2_data/include/ros2_data/ros2_data/action/detail/move_ypr__rosidl_typesupport_introspection_c.h
-- Installing: /workspace/src/install/ros2_data/include/ros2_data/ros2_data/action/detail/move_r__rosidl_typesupport_introspection_c.h
-- Installing: /workspace/src/install/ros2_data/include/ros2_data/ros2_data/action/detail/move_rp__type_support.c
-- Installing: /workspace/src/install/ros2_data/include/ros2_data/ros2_data/action/detail/move_r__type_support.c
-- Installing: /workspace/src/install/ros2_data/include/ros2_data/ros2_data/action/detail/move_l__type_support.c
-- Installing: /workspace/src/install/ros2_data/include/ros2_data/ros2_data/action/detail/move_js__type_support.c
-- Installing: /workspace/src/install/ros2_data/include/ros2_data/ros2_data/action/detail/move_rot__rosidl_typesupport_introspection_c.h
-- Installing: /workspace/src/install/ros2_data/include/ros2_data/ros2_data/action/detail/move_l__rosidl_typesupport_introspection_c.h
-- Installing: /workspace/src/install/ros2_data/include/ros2_data/ros2_data/action/detail/move_ypr__type_support.c
-- Installing: /workspace/src/install/ros2_data/include/ros2_data/ros2_data/action/detail/move_j__rosidl_typesupport_introspection_c.h
-- Installing: /workspace/src/install/ros2_data/include/ros2_data/ros2_data/action/detail/move_xyzw__type_support.c
-- Installing: /workspace/src/install/ros2_data/include/ros2_data/ros2_data/action/detail/move_g__rosidl_typesupport_introspection_c.h
-- Installing: /workspace/src/install/ros2_data/include/ros2_data/ros2_data/action/detail/move_j__type_support.c
-- Installing: /workspace/src/install/ros2_data/include/ros2_data/ros2_data/action/detail/move_xyz__type_support.c
-- Installing: /workspace/src/install/ros2_data/include/ros2_data/ros2_data/action/detail/move_js__rosidl_typesupport_introspection_c.h
-- Up-to-date: /workspace/src/install/ros2_data/include/ros2_data/ros2_data/msg
-- Installing: /workspace/src/install/ros2_data/include/ros2_data/ros2_data/msg/rosidl_typesupport_introspection_c__visibility_control.h
-- Up-to-date: /workspace/src/install/ros2_data/include/ros2_data/ros2_data/msg/detail
-- Installing: /workspace/src/install/ros2_data/include/ros2_data/ros2_data/msg/detail/joint_pose__type_support.c
-- Installing: /workspace/src/install/ros2_data/include/ros2_data/ros2_data/msg/detail/joint_pose__rosidl_typesupport_introspection_c.h
-- Installing: /workspace/src/install/ros2_data/include/ros2_data/ros2_data/msg/detail/joint_pose_s__rosidl_typesupport_introspection_c.h
-- Installing: /workspace/src/install/ros2_data/include/ros2_data/ros2_data/msg/detail/joint_pose_s__type_support.c
-- Installing: /workspace/src/install/ros2_data/lib/libros2_data__rosidl_typesupport_introspection_c.so
-- Set runtime path of "/workspace/src/install/ros2_data/lib/libros2_data__rosidl_typesupport_introspection_c.so" to ""
-- Installing: /workspace/src/install/ros2_data/lib/libros2_data__rosidl_typesupport_c.so
-- Set runtime path of "/workspace/src/install/ros2_data/lib/libros2_data__rosidl_typesupport_c.so" to ""
-- Up-to-date: /workspace/src/install/ros2_data/include/ros2_data/ros2_data
-- Up-to-date: /workspace/src/install/ros2_data/include/ros2_data/ros2_data/action
-- Installing: /workspace/src/install/ros2_data/include/ros2_data/ros2_data/action/move_j.hpp
-- Installing: /workspace/src/install/ros2_data/include/ros2_data/ros2_data/action/move_rot.hpp
-- Installing: /workspace/src/install/ros2_data/include/ros2_data/ros2_data/action/move_js.hpp
-- Up-to-date: /workspace/src/install/ros2_data/include/ros2_data/ros2_data/action/detail
-- Installing: /workspace/src/install/ros2_data/include/ros2_data/ros2_data/action/detail/move_js__struct.hpp
-- Installing: /workspace/src/install/ros2_data/include/ros2_data/ros2_data/action/detail/move_l__traits.hpp
-- Installing: /workspace/src/install/ros2_data/include/ros2_data/ros2_data/action/detail/move_g__traits.hpp
-- Installing: /workspace/src/install/ros2_data/include/ros2_data/ros2_data/action/detail/move_rot__builder.hpp
-- Installing: /workspace/src/install/ros2_data/include/ros2_data/ros2_data/action/detail/move_g__builder.hpp
-- Installing: /workspace/src/install/ros2_data/include/ros2_data/ros2_data/action/detail/move_ypr__struct.hpp
-- Installing: /workspace/src/install/ros2_data/include/ros2_data/ros2_data/action/detail/move_r__struct.hpp
-- Installing: /workspace/src/install/ros2_data/include/ros2_data/ros2_data/action/detail/move_js__builder.hpp
-- Installing: /workspace/src/install/ros2_data/include/ros2_data/ros2_data/action/detail/move_xyz__builder.hpp
-- Installing: /workspace/src/install/ros2_data/include/ros2_data/ros2_data/action/detail/move_js__traits.hpp
-- Installing: /workspace/src/install/ros2_data/include/ros2_data/ros2_data/action/detail/move_xyzw__traits.hpp
-- Installing: /workspace/src/install/ros2_data/include/ros2_data/ros2_data/action/detail/move_j__traits.hpp
-- Installing: /workspace/src/install/ros2_data/include/ros2_data/ros2_data/action/detail/move_xyz__struct.hpp
-- Installing: /workspace/src/install/ros2_data/include/ros2_data/ros2_data/action/detail/move_l__builder.hpp
-- Installing: /workspace/src/install/ros2_data/include/ros2_data/ros2_data/action/detail/move_xyzw__builder.hpp
-- Installing: /workspace/src/install/ros2_data/include/ros2_data/ros2_data/action/detail/move_r__builder.hpp
-- Installing: /workspace/src/install/ros2_data/include/ros2_data/ros2_data/action/detail/move_rot__struct.hpp
-- Installing: /workspace/src/install/ros2_data/include/ros2_data/ros2_data/action/detail/move_rp__struct.hpp
-- Installing: /workspace/src/install/ros2_data/include/ros2_data/ros2_data/action/detail/move_xyzw__struct.hpp
-- Installing: /workspace/src/install/ros2_data/include/ros2_data/ros2_data/action/detail/move_xyz__traits.hpp
-- Installing: /workspace/src/install/ros2_data/include/ros2_data/ros2_data/action/detail/move_rot__traits.hpp
-- Installing: /workspace/src/install/ros2_data/include/ros2_data/ros2_data/action/detail/move_l__struct.hpp
-- Installing: /workspace/src/install/ros2_data/include/ros2_data/ros2_data/action/detail/move_rp__traits.hpp
-- Installing: /workspace/src/install/ros2_data/include/ros2_data/ros2_data/action/detail/move_r__traits.hpp
-- Installing: /workspace/src/install/ros2_data/include/ros2_data/ros2_data/action/detail/move_ypr__traits.hpp
-- Installing: /workspace/src/install/ros2_data/include/ros2_data/ros2_data/action/detail/move_g__struct.hpp
-- Installing: /workspace/src/install/ros2_data/include/ros2_data/ros2_data/action/detail/move_j__struct.hpp
-- Installing: /workspace/src/install/ros2_data/include/ros2_data/ros2_data/action/detail/move_j__builder.hpp
-- Installing: /workspace/src/install/ros2_data/include/ros2_data/ros2_data/action/detail/move_ypr__builder.hpp
-- Installing: /workspace/src/install/ros2_data/include/ros2_data/ros2_data/action/detail/move_rp__builder.hpp
-- Installing: /workspace/src/install/ros2_data/include/ros2_data/ros2_data/action/move_xyz.hpp
-- Installing: /workspace/src/install/ros2_data/include/ros2_data/ros2_data/action/move_g.hpp
-- Installing: /workspace/src/install/ros2_data/include/ros2_data/ros2_data/action/move_r.hpp
-- Installing: /workspace/src/install/ros2_data/include/ros2_data/ros2_data/action/move_l.hpp
-- Installing: /workspace/src/install/ros2_data/include/ros2_data/ros2_data/action/move_xyzw.hpp
-- Installing: /workspace/src/install/ros2_data/include/ros2_data/ros2_data/action/move_rp.hpp
-- Installing: /workspace/src/install/ros2_data/include/ros2_data/ros2_data/action/move_ypr.hpp
-- Up-to-date: /workspace/src/install/ros2_data/include/ros2_data/ros2_data/msg
-- Up-to-date: /workspace/src/install/ros2_data/include/ros2_data/ros2_data/msg/detail
-- Installing: /workspace/src/install/ros2_data/include/ros2_data/ros2_data/msg/detail/joint_pose_s__struct.hpp
-- Installing: /workspace/src/install/ros2_data/include/ros2_data/ros2_data/msg/detail/joint_pose__builder.hpp
-- Installing: /workspace/src/install/ros2_data/include/ros2_data/ros2_data/msg/detail/joint_pose_s__builder.hpp
-- Installing: /workspace/src/install/ros2_data/include/ros2_data/ros2_data/msg/detail/joint_pose_s__traits.hpp
-- Installing: /workspace/src/install/ros2_data/include/ros2_data/ros2_data/msg/detail/joint_pose__traits.hpp
-- Installing: /workspace/src/install/ros2_data/include/ros2_data/ros2_data/msg/detail/joint_pose__struct.hpp
-- Installing: /workspace/src/install/ros2_data/include/ros2_data/ros2_data/msg/joint_pose.hpp
-- Installing: /workspace/src/install/ros2_data/include/ros2_data/ros2_data/msg/joint_pose_s.hpp
-- Up-to-date: /workspace/src/install/ros2_data/include/ros2_data/ros2_data
-- Up-to-date: /workspace/src/install/ros2_data/include/ros2_data/ros2_data/action
-- Up-to-date: /workspace/src/install/ros2_data/include/ros2_data/ros2_data/action/detail
-- Installing: /workspace/src/install/ros2_data/include/ros2_data/ros2_data/action/detail/move_ypr__rosidl_typesupport_fastrtps_cpp.hpp
-- Installing: /workspace/src/install/ros2_data/include/ros2_data/ros2_data/action/detail/move_l__rosidl_typesupport_fastrtps_cpp.hpp
-- Installing: /workspace/src/install/ros2_data/include/ros2_data/ros2_data/action/detail/move_rp__rosidl_typesupport_fastrtps_cpp.hpp
-- Installing: /workspace/src/install/ros2_data/include/ros2_data/ros2_data/action/detail/move_r__rosidl_typesupport_fastrtps_cpp.hpp
-- Installing: /workspace/src/install/ros2_data/include/ros2_data/ros2_data/action/detail/move_j__rosidl_typesupport_fastrtps_cpp.hpp
-- Installing: /workspace/src/install/ros2_data/include/ros2_data/ros2_data/action/detail/move_xyz__rosidl_typesupport_fastrtps_cpp.hpp
-- Installing: /workspace/src/install/ros2_data/include/ros2_data/ros2_data/action/detail/move_rot__rosidl_typesupport_fastrtps_cpp.hpp
-- Installing: /workspace/src/install/ros2_data/include/ros2_data/ros2_data/action/detail/dds_fastrtps
-- Installing: /workspace/src/install/ros2_data/include/ros2_data/ros2_data/action/detail/move_js__rosidl_typesupport_fastrtps_cpp.hpp
-- Installing: /workspace/src/install/ros2_data/include/ros2_data/ros2_data/action/detail/move_xyzw__rosidl_typesupport_fastrtps_cpp.hpp
-- Installing: /workspace/src/install/ros2_data/include/ros2_data/ros2_data/action/detail/move_g__rosidl_typesupport_fastrtps_cpp.hpp
-- Up-to-date: /workspace/src/install/ros2_data/include/ros2_data/ros2_data/msg
-- Up-to-date: /workspace/src/install/ros2_data/include/ros2_data/ros2_data/msg/detail
-- Installing: /workspace/src/install/ros2_data/include/ros2_data/ros2_data/msg/detail/joint_pose_s__rosidl_typesupport_fastrtps_cpp.hpp
-- Installing: /workspace/src/install/ros2_data/include/ros2_data/ros2_data/msg/detail/dds_fastrtps
-- Installing: /workspace/src/install/ros2_data/include/ros2_data/ros2_data/msg/detail/joint_pose__rosidl_typesupport_fastrtps_cpp.hpp
-- Installing: /workspace/src/install/ros2_data/include/ros2_data/ros2_data/msg/rosidl_typesupport_fastrtps_cpp__visibility_control.h
-- Installing: /workspace/src/install/ros2_data/lib/libros2_data__rosidl_typesupport_fastrtps_cpp.so
-- Set runtime path of "/workspace/src/install/ros2_data/lib/libros2_data__rosidl_typesupport_fastrtps_cpp.so" to ""
-- Up-to-date: /workspace/src/install/ros2_data/include/ros2_data/ros2_data
-- Up-to-date: /workspace/src/install/ros2_data/include/ros2_data/ros2_data/action
-- Up-to-date: /workspace/src/install/ros2_data/include/ros2_data/ros2_data/action/detail
-- Installing: /workspace/src/install/ros2_data/include/ros2_data/ros2_data/action/detail/move_js__type_support.cpp
-- Installing: /workspace/src/install/ros2_data/include/ros2_data/ros2_data/action/detail/move_ypr__rosidl_typesupport_introspection_cpp.hpp
-- Installing: /workspace/src/install/ros2_data/include/ros2_data/ros2_data/action/detail/move_l__type_support.cpp
-- Installing: /workspace/src/install/ros2_data/include/ros2_data/ros2_data/action/detail/move_g__type_support.cpp
-- Installing: /workspace/src/install/ros2_data/include/ros2_data/ros2_data/action/detail/move_l__rosidl_typesupport_introspection_cpp.hpp
-- Installing: /workspace/src/install/ros2_data/include/ros2_data/ros2_data/action/detail/move_ypr__type_support.cpp
-- Installing: /workspace/src/install/ros2_data/include/ros2_data/ros2_data/action/detail/move_r__rosidl_typesupport_introspection_cpp.hpp
-- Installing: /workspace/src/install/ros2_data/include/ros2_data/ros2_data/action/detail/move_xyz__rosidl_typesupport_introspection_cpp.hpp
-- Installing: /workspace/src/install/ros2_data/include/ros2_data/ros2_data/action/detail/move_xyzw__rosidl_typesupport_introspection_cpp.hpp
-- Installing: /workspace/src/install/ros2_data/include/ros2_data/ros2_data/action/detail/move_j__type_support.cpp
-- Installing: /workspace/src/install/ros2_data/include/ros2_data/ros2_data/action/detail/move_js__rosidl_typesupport_introspection_cpp.hpp
-- Installing: /workspace/src/install/ros2_data/include/ros2_data/ros2_data/action/detail/move_rp__rosidl_typesupport_introspection_cpp.hpp
-- Installing: /workspace/src/install/ros2_data/include/ros2_data/ros2_data/action/detail/move_xyz__type_support.cpp
-- Installing: /workspace/src/install/ros2_data/include/ros2_data/ros2_data/action/detail/move_j__rosidl_typesupport_introspection_cpp.hpp
-- Installing: /workspace/src/install/ros2_data/include/ros2_data/ros2_data/action/detail/move_xyzw__type_support.cpp
-- Installing: /workspace/src/install/ros2_data/include/ros2_data/ros2_data/action/detail/move_rp__type_support.cpp
-- Installing: /workspace/src/install/ros2_data/include/ros2_data/ros2_data/action/detail/move_rot__type_support.cpp
-- Installing: /workspace/src/install/ros2_data/include/ros2_data/ros2_data/action/detail/move_r__type_support.cpp
-- Installing: /workspace/src/install/ros2_data/include/ros2_data/ros2_data/action/detail/move_g__rosidl_typesupport_introspection_cpp.hpp
-- Installing: /workspace/src/install/ros2_data/include/ros2_data/ros2_data/action/detail/move_rot__rosidl_typesupport_introspection_cpp.hpp
-- Up-to-date: /workspace/src/install/ros2_data/include/ros2_data/ros2_data/msg
-- Up-to-date: /workspace/src/install/ros2_data/include/ros2_data/ros2_data/msg/detail
-- Installing: /workspace/src/install/ros2_data/include/ros2_data/ros2_data/msg/detail/joint_pose__type_support.cpp
-- Installing: /workspace/src/install/ros2_data/include/ros2_data/ros2_data/msg/detail/joint_pose_s__type_support.cpp
-- Installing: /workspace/src/install/ros2_data/include/ros2_data/ros2_data/msg/detail/joint_pose__rosidl_typesupport_introspection_cpp.hpp
-- Installing: /workspace/src/install/ros2_data/include/ros2_data/ros2_data/msg/detail/joint_pose_s__rosidl_typesupport_introspection_cpp.hpp
-- Installing: /workspace/src/install/ros2_data/lib/libros2_data__rosidl_typesupport_introspection_cpp.so
-- Set runtime path of "/workspace/src/install/ros2_data/lib/libros2_data__rosidl_typesupport_introspection_cpp.so" to ""
-- Installing: /workspace/src/install/ros2_data/lib/libros2_data__rosidl_typesupport_cpp.so
-- Set runtime path of "/workspace/src/install/ros2_data/lib/libros2_data__rosidl_typesupport_cpp.so" to ""
-- Installing: /workspace/src/install/ros2_data/share/ros2_data/environment/pythonpath.sh
-- Installing: /workspace/src/install/ros2_data/share/ros2_data/environment/pythonpath.dsv
-- Installing: /workspace/src/install/ros2_data/local/lib/python3.10/dist-packages/ros2_data-0.0.0-py3.10.egg-info
-- Installing: /workspace/src/install/ros2_data/local/lib/python3.10/dist-packages/ros2_data-0.0.0-py3.10.egg-info/SOURCES.txt
-- Installing: /workspace/src/install/ros2_data/local/lib/python3.10/dist-packages/ros2_data-0.0.0-py3.10.egg-info/dependency_links.txt
-- Installing: /workspace/src/install/ros2_data/local/lib/python3.10/dist-packages/ros2_data-0.0.0-py3.10.egg-info/top_level.txt
-- Installing: /workspace/src/install/ros2_data/local/lib/python3.10/dist-packages/ros2_data-0.0.0-py3.10.egg-info/PKG-INFO
-- Installing: /workspace/src/install/ros2_data/local/lib/python3.10/dist-packages/ros2_data
-- Installing: /workspace/src/install/ros2_data/local/lib/python3.10/dist-packages/ros2_data/action
-- Installing: /workspace/src/install/ros2_data/local/lib/python3.10/dist-packages/ros2_data/action/_move_g.py
-- Installing: /workspace/src/install/ros2_data/local/lib/python3.10/dist-packages/ros2_data/action/_move_j_s.c
-- Installing: /workspace/src/install/ros2_data/local/lib/python3.10/dist-packages/ros2_data/action/_move_ypr_s.c
-- Installing: /workspace/src/install/ros2_data/local/lib/python3.10/dist-packages/ros2_data/action/_move_rot_s.c
-- Installing: /workspace/src/install/ros2_data/local/lib/python3.10/dist-packages/ros2_data/action/_move_js_s.c
-- Installing: /workspace/src/install/ros2_data/local/lib/python3.10/dist-packages/ros2_data/action/_move_r.py
-- Installing: /workspace/src/install/ros2_data/local/lib/python3.10/dist-packages/ros2_data/action/_move_g_s.c
-- Installing: /workspace/src/install/ros2_data/local/lib/python3.10/dist-packages/ros2_data/action/_move_js.py
-- Installing: /workspace/src/install/ros2_data/local/lib/python3.10/dist-packages/ros2_data/action/_move_xyzw_s.c
-- Installing: /workspace/src/install/ros2_data/local/lib/python3.10/dist-packages/ros2_data/action/_move_xyz_s.c
-- Installing: /workspace/src/install/ros2_data/local/lib/python3.10/dist-packages/ros2_data/action/_move_l.py
-- Installing: /workspace/src/install/ros2_data/local/lib/python3.10/dist-packages/ros2_data/action/_move_rp_s.c
-- Installing: /workspace/src/install/ros2_data/local/lib/python3.10/dist-packages/ros2_data/action/_move_l_s.c
-- Installing: /workspace/src/install/ros2_data/local/lib/python3.10/dist-packages/ros2_data/action/_move_r_s.c
-- Installing: /workspace/src/install/ros2_data/local/lib/python3.10/dist-packages/ros2_data/action/__init__.py
-- Installing: /workspace/src/install/ros2_data/local/lib/python3.10/dist-packages/ros2_data/action/_move_xyzw.py
-- Installing: /workspace/src/install/ros2_data/local/lib/python3.10/dist-packages/ros2_data/action/_move_xyz.py
-- Installing: /workspace/src/install/ros2_data/local/lib/python3.10/dist-packages/ros2_data/action/_move_rot.py
-- Installing: /workspace/src/install/ros2_data/local/lib/python3.10/dist-packages/ros2_data/action/_move_j.py
-- Installing: /workspace/src/install/ros2_data/local/lib/python3.10/dist-packages/ros2_data/action/_move_ypr.py
-- Installing: /workspace/src/install/ros2_data/local/lib/python3.10/dist-packages/ros2_data/action/_move_rp.py
-- Installing: /workspace/src/install/ros2_data/local/lib/python3.10/dist-packages/ros2_data/_ros2_data_s.ep.rosidl_typesupport_c.c
-- Installing: /workspace/src/install/ros2_data/local/lib/python3.10/dist-packages/ros2_data/_ros2_data_s.ep.rosidl_typesupport_fastrtps_c.c
-- Installing: /workspace/src/install/ros2_data/local/lib/python3.10/dist-packages/ros2_data/libros2_data__rosidl_generator_py.so
-- Installing: /workspace/src/install/ros2_data/local/lib/python3.10/dist-packages/ros2_data/ros2_data_s__rosidl_typesupport_fastrtps_c.cpython-310-x86_64-linux-gnu.so
-- Installing: /workspace/src/install/ros2_data/local/lib/python3.10/dist-packages/ros2_data/ros2_data_s__rosidl_typesupport_introspection_c.cpython-310-x86_64-linux-gnu.so
-- Installing: /workspace/src/install/ros2_data/local/lib/python3.10/dist-packages/ros2_data/msg
-- Installing: /workspace/src/install/ros2_data/local/lib/python3.10/dist-packages/ros2_data/msg/_joint_pose_s_s.c
-- Installing: /workspace/src/install/ros2_data/local/lib/python3.10/dist-packages/ros2_data/msg/_joint_pose_s.c
-- Installing: /workspace/src/install/ros2_data/local/lib/python3.10/dist-packages/ros2_data/msg/_joint_pose_s.py
-- Installing: /workspace/src/install/ros2_data/local/lib/python3.10/dist-packages/ros2_data/msg/_joint_pose.py
-- Installing: /workspace/src/install/ros2_data/local/lib/python3.10/dist-packages/ros2_data/msg/__init__.py
-- Installing: /workspace/src/install/ros2_data/local/lib/python3.10/dist-packages/ros2_data/__init__.py
-- Installing: /workspace/src/install/ros2_data/local/lib/python3.10/dist-packages/ros2_data/ros2_data_s__rosidl_typesupport_c.cpython-310-x86_64-linux-gnu.so
-- Installing: /workspace/src/install/ros2_data/local/lib/python3.10/dist-packages/ros2_data/_ros2_data_s.ep.rosidl_typesupport_introspection_c.c
Listing '/workspace/src/install/ros2_data/local/lib/python3.10/dist-packages/ros2_data'...
Compiling '/workspace/src/install/ros2_data/local/lib/python3.10/dist-packages/ros2_data/__init__.py'...
Listing '/workspace/src/install/ros2_data/local/lib/python3.10/dist-packages/ros2_data/action'...
Compiling '/workspace/src/install/ros2_data/local/lib/python3.10/dist-packages/ros2_data/action/__init__.py'...
Compiling '/workspace/src/install/ros2_data/local/lib/python3.10/dist-packages/ros2_data/action/_move_g.py'...
Compiling '/workspace/src/install/ros2_data/local/lib/python3.10/dist-packages/ros2_data/action/_move_j.py'...
Compiling '/workspace/src/install/ros2_data/local/lib/python3.10/dist-packages/ros2_data/action/_move_js.py'...
Compiling '/workspace/src/install/ros2_data/local/lib/python3.10/dist-packages/ros2_data/action/_move_l.py'...
Compiling '/workspace/src/install/ros2_data/local/lib/python3.10/dist-packages/ros2_data/action/_move_r.py'...
Compiling '/workspace/src/install/ros2_data/local/lib/python3.10/dist-packages/ros2_data/action/_move_rot.py'...
Compiling '/workspace/src/install/ros2_data/local/lib/python3.10/dist-packages/ros2_data/action/_move_rp.py'...
Compiling '/workspace/src/install/ros2_data/local/lib/python3.10/dist-packages/ros2_data/action/_move_xyz.py'...
Compiling '/workspace/src/install/ros2_data/local/lib/python3.10/dist-packages/ros2_data/action/_move_xyzw.py'...
Compiling '/workspace/src/install/ros2_data/local/lib/python3.10/dist-packages/ros2_data/action/_move_ypr.py'...
Listing '/workspace/src/install/ros2_data/local/lib/python3.10/dist-packages/ros2_data/msg'...
Compiling '/workspace/src/install/ros2_data/local/lib/python3.10/dist-packages/ros2_data/msg/__init__.py'...
Compiling '/workspace/src/install/ros2_data/local/lib/python3.10/dist-packages/ros2_data/msg/_joint_pose.py'...
Compiling '/workspace/src/install/ros2_data/local/lib/python3.10/dist-packages/ros2_data/msg/_joint_pose_s.py'...
-- Installing: /workspace/src/install/ros2_data/local/lib/python3.10/dist-packages/ros2_data/ros2_data_s__rosidl_typesupport_fastrtps_c.cpython-310-x86_64-linux-gnu.so
-- Set runtime path of "/workspace/src/install/ros2_data/local/lib/python3.10/dist-packages/ros2_data/ros2_data_s__rosidl_typesupport_fastrtps_c.cpython-310-x86_64-linux-gnu.so" to ""
-- Installing: /workspace/src/install/ros2_data/local/lib/python3.10/dist-packages/ros2_data/ros2_data_s__rosidl_typesupport_introspection_c.cpython-310-x86_64-linux-gnu.so
-- Set runtime path of "/workspace/src/install/ros2_data/local/lib/python3.10/dist-packages/ros2_data/ros2_data_s__rosidl_typesupport_introspection_c.cpython-310-x86_64-linux-gnu.so" to ""
-- Installing: /workspace/src/install/ros2_data/local/lib/python3.10/dist-packages/ros2_data/ros2_data_s__rosidl_typesupport_c.cpython-310-x86_64-linux-gnu.so
-- Set runtime path of "/workspace/src/install/ros2_data/local/lib/python3.10/dist-packages/ros2_data/ros2_data_s__rosidl_typesupport_c.cpython-310-x86_64-linux-gnu.so" to ""
-- Installing: /workspace/src/install/ros2_data/lib/libros2_data__rosidl_generator_py.so
-- Set runtime path of "/workspace/src/install/ros2_data/lib/libros2_data__rosidl_generator_py.so" to ""
-- Installing: /workspace/src/install/ros2_data/share/ros2_data/msg/JointPose.idl
-- Installing: /workspace/src/install/ros2_data/share/ros2_data/msg/JointPoseS.idl
-- Installing: /workspace/src/install/ros2_data/share/ros2_data/action/MoveJ.idl
-- Installing: /workspace/src/install/ros2_data/share/ros2_data/action/MoveJs.idl
-- Installing: /workspace/src/install/ros2_data/share/ros2_data/action/MoveG.idl
-- Installing: /workspace/src/install/ros2_data/share/ros2_data/action/MoveXYZW.idl
-- Installing: /workspace/src/install/ros2_data/share/ros2_data/action/MoveL.idl
-- Installing: /workspace/src/install/ros2_data/share/ros2_data/action/MoveR.idl
-- Installing: /workspace/src/install/ros2_data/share/ros2_data/action/MoveXYZ.idl
-- Installing: /workspace/src/install/ros2_data/share/ros2_data/action/MoveYPR.idl
-- Installing: /workspace/src/install/ros2_data/share/ros2_data/action/MoveROT.idl
-- Installing: /workspace/src/install/ros2_data/share/ros2_data/action/MoveRP.idl
-- Installing: /workspace/src/install/ros2_data/share/ros2_data/msg/JointPose.msg
-- Installing: /workspace/src/install/ros2_data/share/ros2_data/msg/JointPoseS.msg
-- Installing: /workspace/src/install/ros2_data/share/ros2_data/action/MoveJ.action
-- Installing: /workspace/src/install/ros2_data/share/ros2_data/action/MoveJs.action
-- Installing: /workspace/src/install/ros2_data/share/ros2_data/action/MoveG.action
-- Installing: /workspace/src/install/ros2_data/share/ros2_data/action/MoveXYZW.action
-- Installing: /workspace/src/install/ros2_data/share/ros2_data/action/MoveL.action
-- Installing: /workspace/src/install/ros2_data/share/ros2_data/action/MoveR.action
-- Installing: /workspace/src/install/ros2_data/share/ros2_data/action/MoveXYZ.action
-- Installing: /workspace/src/install/ros2_data/share/ros2_data/action/MoveYPR.action
-- Installing: /workspace/src/install/ros2_data/share/ros2_data/action/MoveROT.action
-- Installing: /workspace/src/install/ros2_data/share/ros2_data/action/MoveRP.action
-- Installing: /workspace/src/install/ros2_data/share/ament_index/resource_index/package_run_dependencies/ros2_data
-- Installing: /workspace/src/install/ros2_data/share/ament_index/resource_index/parent_prefix_path/ros2_data
-- Installing: /workspace/src/install/ros2_data/share/ros2_data/environment/ament_prefix_path.sh
-- Installing: /workspace/src/install/ros2_data/share/ros2_data/environment/ament_prefix_path.dsv
-- Installing: /workspace/src/install/ros2_data/share/ros2_data/environment/path.sh
-- Installing: /workspace/src/install/ros2_data/share/ros2_data/environment/path.dsv
-- Installing: /workspace/src/install/ros2_data/share/ros2_data/local_setup.bash
-- Installing: /workspace/src/install/ros2_data/share/ros2_data/local_setup.sh
-- Installing: /workspace/src/install/ros2_data/share/ros2_data/local_setup.zsh
-- Installing: /workspace/src/install/ros2_data/share/ros2_data/local_setup.dsv
-- Installing: /workspace/src/install/ros2_data/share/ros2_data/package.dsv
-- Installing: /workspace/src/install/ros2_data/share/ament_index/resource_index/packages/ros2_data
-- Installing: /workspace/src/install/ros2_data/share/ros2_data/cmake/export_ros2_data__rosidl_generator_cExport.cmake
-- Installing: /workspace/src/install/ros2_data/share/ros2_data/cmake/export_ros2_data__rosidl_generator_cExport-noconfig.cmake
-- Installing: /workspace/src/install/ros2_data/share/ros2_data/cmake/export_ros2_data__rosidl_typesupport_fastrtps_cExport.cmake
-- Installing: /workspace/src/install/ros2_data/share/ros2_data/cmake/export_ros2_data__rosidl_typesupport_fastrtps_cExport-noconfig.cmake
-- Installing: /workspace/src/install/ros2_data/share/ros2_data/cmake/ros2_data__rosidl_typesupport_introspection_cExport.cmake
-- Installing: /workspace/src/install/ros2_data/share/ros2_data/cmake/ros2_data__rosidl_typesupport_introspection_cExport-noconfig.cmake
-- Installing: /workspace/src/install/ros2_data/share/ros2_data/cmake/ros2_data__rosidl_typesupport_cExport.cmake
-- Installing: /workspace/src/install/ros2_data/share/ros2_data/cmake/ros2_data__rosidl_typesupport_cExport-noconfig.cmake
-- Installing: /workspace/src/install/ros2_data/share/ros2_data/cmake/export_ros2_data__rosidl_generator_cppExport.cmake
-- Installing: /workspace/src/install/ros2_data/share/ros2_data/cmake/export_ros2_data__rosidl_typesupport_fastrtps_cppExport.cmake
-- Installing: /workspace/src/install/ros2_data/share/ros2_data/cmake/export_ros2_data__rosidl_typesupport_fastrtps_cppExport-noconfig.cmake
-- Installing: /workspace/src/install/ros2_data/share/ros2_data/cmake/ros2_data__rosidl_typesupport_introspection_cppExport.cmake
-- Installing: /workspace/src/install/ros2_data/share/ros2_data/cmake/ros2_data__rosidl_typesupport_introspection_cppExport-noconfig.cmake
-- Installing: /workspace/src/install/ros2_data/share/ros2_data/cmake/ros2_data__rosidl_typesupport_cppExport.cmake
-- Installing: /workspace/src/install/ros2_data/share/ros2_data/cmake/ros2_data__rosidl_typesupport_cppExport-noconfig.cmake
-- Installing: /workspace/src/install/ros2_data/share/ros2_data/cmake/export_ros2_data__rosidl_generator_pyExport.cmake
-- Installing: /workspace/src/install/ros2_data/share/ros2_data/cmake/export_ros2_data__rosidl_generator_pyExport-noconfig.cmake
-- Installing: /workspace/src/install/ros2_data/share/ros2_data/cmake/rosidl_cmake-extras.cmake
-- Installing: /workspace/src/install/ros2_data/share/ros2_data/cmake/ament_cmake_export_dependencies-extras.cmake
-- Installing: /workspace/src/install/ros2_data/share/ros2_data/cmake/ament_cmake_export_include_directories-extras.cmake
-- Installing: /workspace/src/install/ros2_data/share/ros2_data/cmake/ament_cmake_export_libraries-extras.cmake
-- Installing: /workspace/src/install/ros2_data/share/ros2_data/cmake/ament_cmake_export_targets-extras.cmake
-- Installing: /workspace/src/install/ros2_data/share/ros2_data/cmake/rosidl_cmake_export_typesupport_targets-extras.cmake
-- Installing: /workspace/src/install/ros2_data/share/ros2_data/cmake/rosidl_cmake_export_typesupport_libraries-extras.cmake
-- Installing: /workspace/src/install/ros2_data/share/ros2_data/cmake/ros2_dataConfig.cmake
-- Installing: /workspace/src/install/ros2_data/share/ros2_data/cmake/ros2_dataConfig-version.cmake
-- Installing: /workspace/src/install/ros2_data/share/ros2_data/package.xml
