[0.133s] Invoking command in '/workspace/src/build/ros2_data': CMAKE_PREFIX_PATH=${CMAKE_PREFIX_PATH}:/opt/ros/humble /usr/bin/cmake /workspace/src/ros2_RobotSimulation/ros2_data -DCMAKE_INSTALL_PREFIX=/workspace/src/install/ros2_data
[1.146s] -- The C compiler identification is GNU 11.3.0
[1.146s] -- The CXX compiler identification is GNU 11.3.0
[1.146s] -- Detecting C compiler ABI info
[1.147s] -- Detecting C compiler ABI info - done
[1.147s] -- Check for working C compiler: /usr/bin/cc - skipped
[1.147s] -- Detecting C compile features
[1.147s] -- Detecting C compile features - done
[1.147s] -- Detecting CXX compiler ABI info
[1.147s] -- Detecting CXX compiler ABI info - done
[1.151s] -- Check for working CXX compiler: /usr/bin/c++ - skipped
[1.152s] -- Detecting CXX compile features
[1.153s] -- Detecting CXX compile features - done
[1.153s] -- Found ament_cmake: 1.3.4 (/opt/ros/humble/share/ament_cmake/cmake)
[1.153s] -- Found Python3: /usr/bin/python3.10 (found version "3.10.6") found components: Interpreter 
[1.364s] -- Found rosidl_default_generators: 1.2.0 (/opt/ros/humble/share/rosidl_default_generators/cmake)
[1.373s] -- Using all available rosidl_typesupport_c: rosidl_typesupport_fastrtps_c;rosidl_typesupport_introspection_c
[1.401s] -- Found rosidl_adapter: 3.1.4 (/opt/ros/humble/share/rosidl_adapter/cmake)
[1.539s] -- Using all available rosidl_typesupport_cpp: rosidl_typesupport_fastrtps_cpp;rosidl_typesupport_introspection_cpp
[2.815s] -- Found ament_cmake_ros: 0.10.0 (/opt/ros/humble/share/ament_cmake_ros/cmake)
[3.316s] -- Using all available rosidl_typesupport_c: rosidl_typesupport_fastrtps_c;rosidl_typesupport_introspection_c
[3.794s] -- Using all available rosidl_typesupport_cpp: rosidl_typesupport_fastrtps_cpp;rosidl_typesupport_introspection_cpp
[3.869s] -- Found PythonInterp: /usr/bin/python3 (found suitable version "3.10.6", minimum required is "3.6") 
[3.876s] -- Found python_cmake_module: 0.10.0 (/opt/ros/humble/share/python_cmake_module/cmake)
[3.969s] -- Found PythonLibs: /usr/lib/x86_64-linux-gnu/libpython3.10.so (found suitable version "3.10.6", minimum required is "3.5") 
[3.969s] -- Using PYTHON_EXECUTABLE: /usr/bin/python3
[3.969s] -- Using PYTHON_INCLUDE_DIRS: /usr/include/python3.10
[3.969s] -- Using PYTHON_LIBRARIES: /usr/lib/x86_64-linux-gnu/libpython3.10.so
[4.023s] -- Found PythonExtra: .so  
[4.136s] -- Found ament_lint_auto: 0.12.6 (/opt/ros/humble/share/ament_lint_auto/cmake)
[4.243s] -- Added test 'copyright' to check source files copyright and LICENSE
[4.249s] -- Added test 'lint_cmake' to check CMake code style
[4.252s] -- Added test 'xmllint' to check XML markup files
[4.258s] -- Configuring done
[4.400s] -- Generating done
[4.406s] -- Build files have been written to: /workspace/src/build/ros2_data
[4.422s] Invoked command in '/workspace/src/build/ros2_data' returned '0': CMAKE_PREFIX_PATH=${CMAKE_PREFIX_PATH}:/opt/ros/humble /usr/bin/cmake /workspace/src/ros2_RobotSimulation/ros2_data -DCMAKE_INSTALL_PREFIX=/workspace/src/install/ros2_data
[4.423s] Invoking command in '/workspace/src/build/ros2_data': CMAKE_PREFIX_PATH=${CMAKE_PREFIX_PATH}:/opt/ros/humble /usr/bin/cmake --build /workspace/src/build/ros2_data -- -j12 -l12
[4.524s] [  1%] [34m[1mGenerating C code for ROS interfaces[0m
[4.549s] [  1%] [34m[1mGenerating C++ code for ROS interfaces[0m
[4.590s] [  1%] Built target ament_cmake_python_copy_ros2_data
[5.196s] running egg_info
[5.198s] creating ros2_data.egg-info
[5.199s] writing ros2_data.egg-info/PKG-INFO
[5.199s] writing dependency_links to ros2_data.egg-info/dependency_links.txt
[5.199s] writing top-level names to ros2_data.egg-info/top_level.txt
[5.199s] writing manifest file 'ros2_data.egg-info/SOURCES.txt'
[5.203s] reading manifest file 'ros2_data.egg-info/SOURCES.txt'
[5.204s] writing manifest file 'ros2_data.egg-info/SOURCES.txt'
[5.250s] [  1%] Built target ament_cmake_python_build_ros2_data_egg
[11.768s] [  2%] [32mBuilding C object CMakeFiles/ros2_data__rosidl_generator_c.dir/rosidl_generator_c/ros2_data/msg/detail/joint_pose_s__functions.c.o[0m
[11.769s] [  2%] [32mBuilding C object CMakeFiles/ros2_data__rosidl_generator_c.dir/rosidl_generator_c/ros2_data/action/detail/move_js__functions.c.o[0m
[11.771s] [  4%] [32mBuilding C object CMakeFiles/ros2_data__rosidl_generator_c.dir/rosidl_generator_c/ros2_data/action/detail/move_g__functions.c.o[0m
[11.772s] [  5%] [32mBuilding C object CMakeFiles/ros2_data__rosidl_generator_c.dir/rosidl_generator_c/ros2_data/action/detail/move_l__functions.c.o[0m
[11.774s] [  7%] [32mBuilding C object CMakeFiles/ros2_data__rosidl_generator_c.dir/rosidl_generator_c/ros2_data/action/detail/move_xyzw__functions.c.o[0m
[11.775s] [  7%] [32mBuilding C object CMakeFiles/ros2_data__rosidl_generator_c.dir/rosidl_generator_c/ros2_data/msg/detail/joint_pose__functions.c.o[0m
[11.776s] [  7%] [32mBuilding C object CMakeFiles/ros2_data__rosidl_generator_c.dir/rosidl_generator_c/ros2_data/action/detail/move_j__functions.c.o[0m
[11.781s] [  7%] [32mBuilding C object CMakeFiles/ros2_data__rosidl_generator_c.dir/rosidl_generator_c/ros2_data/action/detail/move_ypr__functions.c.o[0m
[11.781s] [  8%] [32mBuilding C object CMakeFiles/ros2_data__rosidl_generator_c.dir/rosidl_generator_c/ros2_data/action/detail/move_r__functions.c.o[0m
[11.795s] [  9%] [32mBuilding C object CMakeFiles/ros2_data__rosidl_generator_c.dir/rosidl_generator_c/ros2_data/action/detail/move_rot__functions.c.o[0m
[11.798s] [ 10%] [32mBuilding C object CMakeFiles/ros2_data__rosidl_generator_c.dir/rosidl_generator_c/ros2_data/action/detail/move_xyz__functions.c.o[0m
[11.943s] [ 11%] [32mBuilding C object CMakeFiles/ros2_data__rosidl_generator_c.dir/rosidl_generator_c/ros2_data/action/detail/move_rp__functions.c.o[0m
[12.240s] [ 11%] Built target ros2_data__cpp
[12.254s] [ 12%] [34m[1mGenerating C++ type support dispatch for ROS interfaces[0m
[12.258s] [ 12%] [34m[1mGenerating C++ type support for eProsima Fast-RTPS[0m
[12.259s] [ 13%] [34m[1mGenerating C++ introspection for ROS interfaces[0m
[12.274s] [ 14%] [32m[1mLinking C shared library libros2_data__rosidl_generator_c.so[0m
[12.362s] [ 14%] Built target ros2_data__rosidl_generator_c
[12.382s] [ 17%] [34m[1mGenerating C type support dispatch for ROS interfaces[0m
[12.382s] [ 17%] [34m[1mGenerating C introspection for ROS interfaces[0m
[12.382s] [ 17%] [34m[1mGenerating C type support for eProsima Fast-RTPS[0m
[14.990s] [ 19%] [32mBuilding CXX object CMakeFiles/ros2_data__rosidl_typesupport_c.dir/rosidl_typesupport_c/ros2_data/msg/joint_pose__type_support.cpp.o[0m
[14.990s] [ 19%] [32mBuilding CXX object CMakeFiles/ros2_data__rosidl_typesupport_c.dir/rosidl_typesupport_c/ros2_data/msg/joint_pose_s__type_support.cpp.o[0m
[14.990s] [ 20%] [32mBuilding CXX object CMakeFiles/ros2_data__rosidl_typesupport_c.dir/rosidl_typesupport_c/ros2_data/action/move_js__type_support.cpp.o[0m
[14.992s] [ 22%] [32mBuilding CXX object CMakeFiles/ros2_data__rosidl_typesupport_c.dir/rosidl_typesupport_c/ros2_data/action/move_g__type_support.cpp.o[0m
[14.992s] [ 22%] [32mBuilding CXX object CMakeFiles/ros2_data__rosidl_typesupport_c.dir/rosidl_typesupport_c/ros2_data/action/move_l__type_support.cpp.o[0m
[14.994s] [ 22%] [32mBuilding CXX object CMakeFiles/ros2_data__rosidl_typesupport_c.dir/rosidl_typesupport_c/ros2_data/action/move_j__type_support.cpp.o[0m
[14.997s] [ 23%] [32mBuilding CXX object CMakeFiles/ros2_data__rosidl_typesupport_c.dir/rosidl_typesupport_c/ros2_data/action/move_xyzw__type_support.cpp.o[0m
[15.016s] [ 24%] [32mBuilding CXX object CMakeFiles/ros2_data__rosidl_typesupport_cpp.dir/rosidl_typesupport_cpp/ros2_data/msg/joint_pose__type_support.cpp.o[0m
[15.057s] [ 24%] [32mBuilding CXX object CMakeFiles/ros2_data__rosidl_typesupport_c.dir/rosidl_typesupport_c/ros2_data/action/move_r__type_support.cpp.o[0m
[15.079s] [ 25%] [32mBuilding CXX object CMakeFiles/ros2_data__rosidl_typesupport_cpp.dir/rosidl_typesupport_cpp/ros2_data/msg/joint_pose_s__type_support.cpp.o[0m
[15.098s] [ 26%] [32mBuilding CXX object CMakeFiles/ros2_data__rosidl_typesupport_c.dir/rosidl_typesupport_c/ros2_data/action/move_xyz__type_support.cpp.o[0m
[15.119s] [ 27%] [32mBuilding CXX object CMakeFiles/ros2_data__rosidl_typesupport_c.dir/rosidl_typesupport_c/ros2_data/action/move_ypr__type_support.cpp.o[0m
[15.128s] [ 28%] [32mBuilding CXX object CMakeFiles/ros2_data__rosidl_typesupport_c.dir/rosidl_typesupport_c/ros2_data/action/move_rot__type_support.cpp.o[0m
[15.133s] [ 29%] [32mBuilding CXX object CMakeFiles/ros2_data__rosidl_typesupport_c.dir/rosidl_typesupport_c/ros2_data/action/move_rp__type_support.cpp.o[0m
[15.145s] [ 30%] [32mBuilding CXX object CMakeFiles/ros2_data__rosidl_typesupport_cpp.dir/rosidl_typesupport_cpp/ros2_data/action/move_j__type_support.cpp.o[0m
[15.174s] [ 31%] [32mBuilding CXX object CMakeFiles/ros2_data__rosidl_typesupport_cpp.dir/rosidl_typesupport_cpp/ros2_data/action/move_js__type_support.cpp.o[0m
[15.217s] [ 31%] [32mBuilding CXX object CMakeFiles/ros2_data__rosidl_typesupport_cpp.dir/rosidl_typesupport_cpp/ros2_data/action/move_g__type_support.cpp.o[0m
[15.262s] [ 32%] [32mBuilding CXX object CMakeFiles/ros2_data__rosidl_typesupport_cpp.dir/rosidl_typesupport_cpp/ros2_data/action/move_xyzw__type_support.cpp.o[0m
[15.266s] [ 33%] [32mBuilding CXX object CMakeFiles/ros2_data__rosidl_typesupport_cpp.dir/rosidl_typesupport_cpp/ros2_data/action/move_l__type_support.cpp.o[0m
[15.309s] [ 34%] [32m[1mLinking CXX shared library libros2_data__rosidl_typesupport_c.so[0m
[15.452s] [ 34%] Built target ros2_data__rosidl_typesupport_c
[15.469s] [ 35%] [32mBuilding CXX object CMakeFiles/ros2_data__rosidl_typesupport_cpp.dir/rosidl_typesupport_cpp/ros2_data/action/move_r__type_support.cpp.o[0m
[15.679s] [ 36%] [32mBuilding CXX object CMakeFiles/ros2_data__rosidl_typesupport_cpp.dir/rosidl_typesupport_cpp/ros2_data/action/move_xyz__type_support.cpp.o[0m
[15.718s] [ 37%] [32mBuilding CXX object CMakeFiles/ros2_data__rosidl_typesupport_cpp.dir/rosidl_typesupport_cpp/ros2_data/action/move_ypr__type_support.cpp.o[0m
[16.156s] [ 37%] [32mBuilding CXX object CMakeFiles/ros2_data__rosidl_typesupport_cpp.dir/rosidl_typesupport_cpp/ros2_data/action/move_rot__type_support.cpp.o[0m
[16.354s] [ 38%] [32mBuilding CXX object CMakeFiles/ros2_data__rosidl_typesupport_cpp.dir/rosidl_typesupport_cpp/ros2_data/action/move_rp__type_support.cpp.o[0m
[16.434s] [ 38%] [32mBuilding CXX object CMakeFiles/ros2_data__rosidl_typesupport_introspection_cpp.dir/rosidl_typesupport_introspection_cpp/ros2_data/msg/detail/joint_pose__type_support.cpp.o[0m
[16.435s] [ 40%] [32mBuilding CXX object CMakeFiles/ros2_data__rosidl_typesupport_introspection_cpp.dir/rosidl_typesupport_introspection_cpp/ros2_data/msg/detail/joint_pose_s__type_support.cpp.o[0m
[16.435s] [ 40%] [32mBuilding CXX object CMakeFiles/ros2_data__rosidl_typesupport_introspection_cpp.dir/rosidl_typesupport_introspection_cpp/ros2_data/action/detail/move_j__type_support.cpp.o[0m
[16.435s] [ 41%] [32mBuilding CXX object CMakeFiles/ros2_data__rosidl_typesupport_introspection_cpp.dir/rosidl_typesupport_introspection_cpp/ros2_data/action/detail/move_js__type_support.cpp.o[0m
[16.568s] [ 42%] [32mBuilding CXX object CMakeFiles/ros2_data__rosidl_typesupport_introspection_cpp.dir/rosidl_typesupport_introspection_cpp/ros2_data/action/detail/move_g__type_support.cpp.o[0m
[16.735s] [ 43%] [32mBuilding CXX object CMakeFiles/ros2_data__rosidl_typesupport_introspection_cpp.dir/rosidl_typesupport_introspection_cpp/ros2_data/action/detail/move_xyzw__type_support.cpp.o[0m
[16.757s] [ 43%] [32mBuilding CXX object CMakeFiles/ros2_data__rosidl_typesupport_introspection_cpp.dir/rosidl_typesupport_introspection_cpp/ros2_data/action/detail/move_l__type_support.cpp.o[0m
[17.203s] [ 44%] [32mBuilding CXX object CMakeFiles/ros2_data__rosidl_typesupport_introspection_cpp.dir/rosidl_typesupport_introspection_cpp/ros2_data/action/detail/move_r__type_support.cpp.o[0m
[17.303s] [ 45%] [32mBuilding CXX object CMakeFiles/ros2_data__rosidl_typesupport_introspection_cpp.dir/rosidl_typesupport_introspection_cpp/ros2_data/action/detail/move_xyz__type_support.cpp.o[0m
[17.333s] [ 46%] [32m[1mLinking CXX shared library libros2_data__rosidl_typesupport_cpp.so[0m
[17.381s] [ 47%] [32mBuilding CXX object CMakeFiles/ros2_data__rosidl_typesupport_introspection_cpp.dir/rosidl_typesupport_introspection_cpp/ros2_data/action/detail/move_ypr__type_support.cpp.o[0m
[17.437s] [ 47%] Built target ros2_data__rosidl_typesupport_cpp
[17.456s] [ 48%] [32mBuilding CXX object CMakeFiles/ros2_data__rosidl_typesupport_introspection_cpp.dir/rosidl_typesupport_introspection_cpp/ros2_data/action/detail/move_rot__type_support.cpp.o[0m
[17.485s] [ 49%] [32mBuilding C object CMakeFiles/ros2_data__rosidl_typesupport_introspection_c.dir/rosidl_typesupport_introspection_c/ros2_data/msg/detail/joint_pose__type_support.c.o[0m
[17.558s] [ 50%] [32mBuilding C object CMakeFiles/ros2_data__rosidl_typesupport_introspection_c.dir/rosidl_typesupport_introspection_c/ros2_data/msg/detail/joint_pose_s__type_support.c.o[0m
[17.633s] [ 51%] [32mBuilding C object CMakeFiles/ros2_data__rosidl_typesupport_introspection_c.dir/rosidl_typesupport_introspection_c/ros2_data/action/detail/move_j__type_support.c.o[0m
[17.745s] [ 51%] [32mBuilding C object CMakeFiles/ros2_data__rosidl_typesupport_introspection_c.dir/rosidl_typesupport_introspection_c/ros2_data/action/detail/move_js__type_support.c.o[0m
[17.816s] [ 52%] [32mBuilding CXX object CMakeFiles/ros2_data__rosidl_typesupport_introspection_cpp.dir/rosidl_typesupport_introspection_cpp/ros2_data/action/detail/move_rp__type_support.cpp.o[0m
[17.867s] [ 53%] [32mBuilding C object CMakeFiles/ros2_data__rosidl_typesupport_introspection_c.dir/rosidl_typesupport_introspection_c/ros2_data/action/detail/move_g__type_support.c.o[0m
[17.876s] [ 54%] [32mBuilding C object CMakeFiles/ros2_data__rosidl_typesupport_introspection_c.dir/rosidl_typesupport_introspection_c/ros2_data/action/detail/move_xyzw__type_support.c.o[0m
[17.965s] [ 55%] [32mBuilding C object CMakeFiles/ros2_data__rosidl_typesupport_introspection_c.dir/rosidl_typesupport_introspection_c/ros2_data/action/detail/move_l__type_support.c.o[0m
[18.054s] [ 56%] [32mBuilding C object CMakeFiles/ros2_data__rosidl_typesupport_introspection_c.dir/rosidl_typesupport_introspection_c/ros2_data/action/detail/move_r__type_support.c.o[0m
[18.084s] [ 57%] [32mBuilding C object CMakeFiles/ros2_data__rosidl_typesupport_introspection_c.dir/rosidl_typesupport_introspection_c/ros2_data/action/detail/move_xyz__type_support.c.o[0m
[18.107s] [ 58%] [32mBuilding C object CMakeFiles/ros2_data__rosidl_typesupport_introspection_c.dir/rosidl_typesupport_introspection_c/ros2_data/action/detail/move_ypr__type_support.c.o[0m
[18.126s] [ 59%] [32mBuilding CXX object CMakeFiles/ros2_data__rosidl_typesupport_fastrtps_cpp.dir/rosidl_typesupport_fastrtps_cpp/ros2_data/msg/detail/dds_fastrtps/joint_pose_s__type_support.cpp.o[0m
[18.136s] [ 60%] [32mBuilding CXX object CMakeFiles/ros2_data__rosidl_typesupport_fastrtps_cpp.dir/rosidl_typesupport_fastrtps_cpp/ros2_data/msg/detail/dds_fastrtps/joint_pose__type_support.cpp.o[0m
[18.139s] [ 61%] [32mBuilding CXX object CMakeFiles/ros2_data__rosidl_typesupport_fastrtps_cpp.dir/rosidl_typesupport_fastrtps_cpp/ros2_data/action/detail/dds_fastrtps/move_j__type_support.cpp.o[0m
[18.164s] [ 62%] [32mBuilding CXX object CMakeFiles/ros2_data__rosidl_typesupport_fastrtps_cpp.dir/rosidl_typesupport_fastrtps_cpp/ros2_data/action/detail/dds_fastrtps/move_js__type_support.cpp.o[0m
[18.195s] [ 62%] [32mBuilding C object CMakeFiles/ros2_data__rosidl_typesupport_introspection_c.dir/rosidl_typesupport_introspection_c/ros2_data/action/detail/move_rot__type_support.c.o[0m
[18.220s] [ 63%] [32mBuilding C object CMakeFiles/ros2_data__rosidl_typesupport_introspection_c.dir/rosidl_typesupport_introspection_c/ros2_data/action/detail/move_rp__type_support.c.o[0m
[18.236s] [ 64%] [32mBuilding CXX object CMakeFiles/ros2_data__rosidl_typesupport_fastrtps_c.dir/rosidl_typesupport_fastrtps_c/ros2_data/msg/detail/joint_pose__type_support_c.cpp.o[0m
[18.306s] [ 65%] [32mBuilding CXX object CMakeFiles/ros2_data__rosidl_typesupport_fastrtps_c.dir/rosidl_typesupport_fastrtps_c/ros2_data/msg/detail/joint_pose_s__type_support_c.cpp.o[0m
[18.339s] [ 66%] [32m[1mLinking C shared library libros2_data__rosidl_typesupport_introspection_c.so[0m
[18.438s] [ 66%] Built target ros2_data__rosidl_typesupport_introspection_c
[18.473s] [ 66%] [32mBuilding CXX object CMakeFiles/ros2_data__rosidl_typesupport_fastrtps_c.dir/rosidl_typesupport_fastrtps_c/ros2_data/action/detail/move_j__type_support_c.cpp.o[0m
[18.597s] [ 67%] [32mBuilding CXX object CMakeFiles/ros2_data__rosidl_typesupport_fastrtps_c.dir/rosidl_typesupport_fastrtps_c/ros2_data/action/detail/move_js__type_support_c.cpp.o[0m
[18.647s] [ 68%] [32mBuilding CXX object CMakeFiles/ros2_data__rosidl_typesupport_fastrtps_c.dir/rosidl_typesupport_fastrtps_c/ros2_data/action/detail/move_g__type_support_c.cpp.o[0m
[18.767s] [ 69%] [32mBuilding CXX object CMakeFiles/ros2_data__rosidl_typesupport_fastrtps_c.dir/rosidl_typesupport_fastrtps_c/ros2_data/action/detail/move_xyzw__type_support_c.cpp.o[0m
[18.814s] [ 70%] [32mBuilding CXX object CMakeFiles/ros2_data__rosidl_typesupport_fastrtps_c.dir/rosidl_typesupport_fastrtps_c/ros2_data/action/detail/move_l__type_support_c.cpp.o[0m
[19.061s] [ 71%] [32mBuilding CXX object CMakeFiles/ros2_data__rosidl_typesupport_fastrtps_c.dir/rosidl_typesupport_fastrtps_c/ros2_data/action/detail/move_r__type_support_c.cpp.o[0m
[19.065s] [ 71%] [32mBuilding CXX object CMakeFiles/ros2_data__rosidl_typesupport_fastrtps_c.dir/rosidl_typesupport_fastrtps_c/ros2_data/action/detail/move_xyz__type_support_c.cpp.o[0m
[19.084s] [ 72%] [32mBuilding CXX object CMakeFiles/ros2_data__rosidl_typesupport_fastrtps_cpp.dir/rosidl_typesupport_fastrtps_cpp/ros2_data/action/detail/dds_fastrtps/move_g__type_support.cpp.o[0m
[19.106s] [ 72%] [32mBuilding CXX object CMakeFiles/ros2_data__rosidl_typesupport_fastrtps_cpp.dir/rosidl_typesupport_fastrtps_cpp/ros2_data/action/detail/dds_fastrtps/move_xyzw__type_support.cpp.o[0m
[19.179s] [ 73%] [32m[1mLinking CXX shared library libros2_data__rosidl_typesupport_introspection_cpp.so[0m
[19.383s] [ 73%] Built target ros2_data__rosidl_typesupport_introspection_cpp
[19.398s] [ 74%] [32mBuilding CXX object CMakeFiles/ros2_data__rosidl_typesupport_fastrtps_cpp.dir/rosidl_typesupport_fastrtps_cpp/ros2_data/action/detail/dds_fastrtps/move_l__type_support.cpp.o[0m
[19.422s] [ 75%] [32mBuilding CXX object CMakeFiles/ros2_data__rosidl_typesupport_fastrtps_c.dir/rosidl_typesupport_fastrtps_c/ros2_data/action/detail/move_ypr__type_support_c.cpp.o[0m
[19.440s] [ 76%] [32mBuilding CXX object CMakeFiles/ros2_data__rosidl_typesupport_fastrtps_cpp.dir/rosidl_typesupport_fastrtps_cpp/ros2_data/action/detail/dds_fastrtps/move_r__type_support.cpp.o[0m
[19.480s] [ 77%] [32mBuilding CXX object CMakeFiles/ros2_data__rosidl_typesupport_fastrtps_c.dir/rosidl_typesupport_fastrtps_c/ros2_data/action/detail/move_rot__type_support_c.cpp.o[0m
[19.484s] [ 78%] [32mBuilding CXX object CMakeFiles/ros2_data__rosidl_typesupport_fastrtps_c.dir/rosidl_typesupport_fastrtps_c/ros2_data/action/detail/move_rp__type_support_c.cpp.o[0m
[19.525s] [ 79%] [32mBuilding CXX object CMakeFiles/ros2_data__rosidl_typesupport_fastrtps_cpp.dir/rosidl_typesupport_fastrtps_cpp/ros2_data/action/detail/dds_fastrtps/move_xyz__type_support.cpp.o[0m
[19.694s] [ 80%] [32mBuilding CXX object CMakeFiles/ros2_data__rosidl_typesupport_fastrtps_cpp.dir/rosidl_typesupport_fastrtps_cpp/ros2_data/action/detail/dds_fastrtps/move_ypr__type_support.cpp.o[0m
[19.763s] [ 81%] [32mBuilding CXX object CMakeFiles/ros2_data__rosidl_typesupport_fastrtps_cpp.dir/rosidl_typesupport_fastrtps_cpp/ros2_data/action/detail/dds_fastrtps/move_rot__type_support.cpp.o[0m
[19.959s] [ 81%] [32mBuilding CXX object CMakeFiles/ros2_data__rosidl_typesupport_fastrtps_cpp.dir/rosidl_typesupport_fastrtps_cpp/ros2_data/action/detail/dds_fastrtps/move_rp__type_support.cpp.o[0m
[20.380s] [ 82%] [32m[1mLinking CXX shared library libros2_data__rosidl_typesupport_fastrtps_c.so[0m
[20.496s] [ 82%] Built target ros2_data__rosidl_typesupport_fastrtps_c
[20.812s] [ 83%] [32m[1mLinking CXX shared library libros2_data__rosidl_typesupport_fastrtps_cpp.so[0m
[20.882s] [ 83%] Built target ros2_data__rosidl_typesupport_fastrtps_cpp
[20.898s] [ 83%] Built target ros2_data
[20.917s] [ 84%] [34m[1mGenerating Python code for ROS interfaces[0m
[25.885s] [ 84%] Built target ros2_data__py
[25.909s] [ 86%] [32mBuilding C object CMakeFiles/ros2_data__rosidl_generator_py.dir/rosidl_generator_py/ros2_data/msg/_joint_pose_s_s.c.o[0m
[25.909s] [ 87%] [32mBuilding C object CMakeFiles/ros2_data__rosidl_generator_py.dir/rosidl_generator_py/ros2_data/action/_move_js_s.c.o[0m
[25.909s] [ 87%] [32mBuilding C object CMakeFiles/ros2_data__rosidl_generator_py.dir/rosidl_generator_py/ros2_data/msg/_joint_pose_s.c.o[0m
[25.910s] [ 88%] [32mBuilding C object CMakeFiles/ros2_data__rosidl_generator_py.dir/rosidl_generator_py/ros2_data/action/_move_xyzw_s.c.o[0m
[25.910s] [ 89%] [32mBuilding C object CMakeFiles/ros2_data__rosidl_generator_py.dir/rosidl_generator_py/ros2_data/action/_move_l_s.c.o[0m
[25.910s] [ 87%] [32mBuilding C object CMakeFiles/ros2_data__rosidl_generator_py.dir/rosidl_generator_py/ros2_data/action/_move_j_s.c.o[0m
[25.910s] [ 90%] [32mBuilding C object CMakeFiles/ros2_data__rosidl_generator_py.dir/rosidl_generator_py/ros2_data/action/_move_g_s.c.o[0m
[25.910s] [ 91%] [32mBuilding C object CMakeFiles/ros2_data__rosidl_generator_py.dir/rosidl_generator_py/ros2_data/action/_move_r_s.c.o[0m
[25.911s] [ 92%] [32mBuilding C object CMakeFiles/ros2_data__rosidl_generator_py.dir/rosidl_generator_py/ros2_data/action/_move_xyz_s.c.o[0m
[25.911s] [ 93%] [32mBuilding C object CMakeFiles/ros2_data__rosidl_generator_py.dir/rosidl_generator_py/ros2_data/action/_move_rot_s.c.o[0m
[25.911s] [ 93%] [32mBuilding C object CMakeFiles/ros2_data__rosidl_generator_py.dir/rosidl_generator_py/ros2_data/action/_move_ypr_s.c.o[0m
[25.912s] [ 94%] [32mBuilding C object CMakeFiles/ros2_data__rosidl_generator_py.dir/rosidl_generator_py/ros2_data/action/_move_rp_s.c.o[0m
[26.260s] [ 95%] [32m[1mLinking C shared library rosidl_generator_py/ros2_data/libros2_data__rosidl_generator_py.so[0m
[26.308s] [ 95%] Built target ros2_data__rosidl_generator_py
[26.331s] [ 97%] [32mBuilding C object CMakeFiles/ros2_data__rosidl_typesupport_introspection_c__pyext.dir/rosidl_generator_py/ros2_data/_ros2_data_s.ep.rosidl_typesupport_introspection_c.c.o[0m
[26.331s] [ 97%] [32mBuilding C object CMakeFiles/ros2_data__rosidl_typesupport_fastrtps_c__pyext.dir/rosidl_generator_py/ros2_data/_ros2_data_s.ep.rosidl_typesupport_fastrtps_c.c.o[0m
[26.331s] [ 97%] [32mBuilding C object CMakeFiles/ros2_data__rosidl_typesupport_c__pyext.dir/rosidl_generator_py/ros2_data/_ros2_data_s.ep.rosidl_typesupport_c.c.o[0m
[26.703s] [ 98%] [32m[1mLinking C shared library rosidl_generator_py/ros2_data/ros2_data_s__rosidl_typesupport_fastrtps_c.cpython-310-x86_64-linux-gnu.so[0m
[26.703s] [ 99%] [32m[1mLinking C shared library rosidl_generator_py/ros2_data/ros2_data_s__rosidl_typesupport_c.cpython-310-x86_64-linux-gnu.so[0m
[26.716s] [100%] [32m[1mLinking C shared library rosidl_generator_py/ros2_data/ros2_data_s__rosidl_typesupport_introspection_c.cpython-310-x86_64-linux-gnu.so[0m
[26.756s] [100%] Built target ros2_data__rosidl_typesupport_c__pyext
[26.756s] [100%] Built target ros2_data__rosidl_typesupport_fastrtps_c__pyext
[26.771s] [100%] Built target ros2_data__rosidl_typesupport_introspection_c__pyext
[26.784s] Invoked command in '/workspace/src/build/ros2_data' returned '0': CMAKE_PREFIX_PATH=${CMAKE_PREFIX_PATH}:/opt/ros/humble /usr/bin/cmake --build /workspace/src/build/ros2_data -- -j12 -l12
[27.386s] Invoking command in '/workspace/src/build/ros2_data': CMAKE_PREFIX_PATH=${CMAKE_PREFIX_PATH}:/opt/ros/humble /usr/bin/cmake --install /workspace/src/build/ros2_data
[27.409s] -- Install configuration: ""
[27.409s] -- Installing: /workspace/src/install/ros2_data/share/ament_index/resource_index/rosidl_interfaces/ros2_data
[27.409s] -- Installing: /workspace/src/install/ros2_data/include/ros2_data/ros2_data
[27.410s] -- Installing: /workspace/src/install/ros2_data/include/ros2_data/ros2_data/action
[27.410s] -- Installing: /workspace/src/install/ros2_data/include/ros2_data/ros2_data/action/move_xyzw.h
[27.411s] -- Installing: /workspace/src/install/ros2_data/include/ros2_data/ros2_data/action/move_g.h
[27.411s] -- Installing: /workspace/src/install/ros2_data/include/ros2_data/ros2_data/action/detail
[27.411s] -- Installing: /workspace/src/install/ros2_data/include/ros2_data/ros2_data/action/detail/move_l__functions.c
[27.411s] -- Installing: /workspace/src/install/ros2_data/include/ros2_data/ros2_data/action/detail/move_r__struct.h
[27.411s] -- Installing: /workspace/src/install/ros2_data/include/ros2_data/ros2_data/action/detail/move_js__functions.h
[27.412s] -- Installing: /workspace/src/install/ros2_data/include/ros2_data/ros2_data/action/detail/move_j__functions.h
[27.412s] -- Installing: /workspace/src/install/ros2_data/include/ros2_data/ros2_data/action/detail/move_g__functions.c
[27.412s] -- Installing: /workspace/src/install/ros2_data/include/ros2_data/ros2_data/action/detail/move_j__type_support.h
[27.413s] -- Installing: /workspace/src/install/ros2_data/include/ros2_data/ros2_data/action/detail/move_js__functions.c
[27.413s] -- Installing: /workspace/src/install/ros2_data/include/ros2_data/ros2_data/action/detail/move_xyz__struct.h
[27.413s] -- Installing: /workspace/src/install/ros2_data/include/ros2_data/ros2_data/action/detail/move_j__functions.c
[27.413s] -- Installing: /workspace/src/install/ros2_data/include/ros2_data/ros2_data/action/detail/move_xyzw__type_support.h
[27.414s] -- Installing: /workspace/src/install/ros2_data/include/ros2_data/ros2_data/action/detail/move_ypr__functions.h
[27.414s] -- Installing: /workspace/src/install/ros2_data/include/ros2_data/ros2_data/action/detail/move_r__functions.c
[27.414s] -- Installing: /workspace/src/install/ros2_data/include/ros2_data/ros2_data/action/detail/move_rot__struct.h
[27.415s] -- Installing: /workspace/src/install/ros2_data/include/ros2_data/ros2_data/action/detail/move_r__type_support.h
[27.415s] -- Installing: /workspace/src/install/ros2_data/include/ros2_data/ros2_data/action/detail/move_g__struct.h
[27.415s] -- Installing: /workspace/src/install/ros2_data/include/ros2_data/ros2_data/action/detail/move_rp__type_support.h
[27.415s] -- Installing: /workspace/src/install/ros2_data/include/ros2_data/ros2_data/action/detail/move_g__type_support.h
[27.415s] -- Installing: /workspace/src/install/ros2_data/include/ros2_data/ros2_data/action/detail/move_rot__functions.c
[27.416s] -- Installing: /workspace/src/install/ros2_data/include/ros2_data/ros2_data/action/detail/move_rot__functions.h
[27.416s] -- Installing: /workspace/src/install/ros2_data/include/ros2_data/ros2_data/action/detail/move_rp__struct.h
[27.416s] -- Installing: /workspace/src/install/ros2_data/include/ros2_data/ros2_data/action/detail/move_rot__type_support.h
[27.416s] -- Installing: /workspace/src/install/ros2_data/include/ros2_data/ros2_data/action/detail/move_l__functions.h
[27.417s] -- Installing: /workspace/src/install/ros2_data/include/ros2_data/ros2_data/action/detail/move_ypr__struct.h
[27.417s] -- Installing: /workspace/src/install/ros2_data/include/ros2_data/ros2_data/action/detail/move_ypr__type_support.h
[27.417s] -- Installing: /workspace/src/install/ros2_data/include/ros2_data/ros2_data/action/detail/move_xyz__functions.h
[27.417s] -- Installing: /workspace/src/install/ros2_data/include/ros2_data/ros2_data/action/detail/move_js__struct.h
[27.417s] -- Installing: /workspace/src/install/ros2_data/include/ros2_data/ros2_data/action/detail/move_l__struct.h
[27.417s] -- Installing: /workspace/src/install/ros2_data/include/ros2_data/ros2_data/action/detail/move_ypr__functions.c
[27.418s] -- Installing: /workspace/src/install/ros2_data/include/ros2_data/ros2_data/action/detail/move_js__type_support.h
[27.418s] -- Installing: /workspace/src/install/ros2_data/include/ros2_data/ros2_data/action/detail/move_g__functions.h
[27.418s] -- Installing: /workspace/src/install/ros2_data/include/ros2_data/ros2_data/action/detail/move_l__type_support.h
[27.418s] -- Installing: /workspace/src/install/ros2_data/include/ros2_data/ros2_data/action/detail/move_xyzw__functions.c
[27.419s] -- Installing: /workspace/src/install/ros2_data/include/ros2_data/ros2_data/action/detail/move_xyzw__struct.h
[27.419s] -- Installing: /workspace/src/install/ros2_data/include/ros2_data/ros2_data/action/detail/move_j__struct.h
[27.419s] -- Installing: /workspace/src/install/ros2_data/include/ros2_data/ros2_data/action/detail/move_rp__functions.c
[27.419s] -- Installing: /workspace/src/install/ros2_data/include/ros2_data/ros2_data/action/detail/move_xyz__functions.c
[27.420s] -- Installing: /workspace/src/install/ros2_data/include/ros2_data/ros2_data/action/detail/move_xyzw__functions.h
[27.420s] -- Installing: /workspace/src/install/ros2_data/include/ros2_data/ros2_data/action/detail/move_rp__functions.h
[27.420s] -- Installing: /workspace/src/install/ros2_data/include/ros2_data/ros2_data/action/detail/move_r__functions.h
[27.420s] -- Installing: /workspace/src/install/ros2_data/include/ros2_data/ros2_data/action/detail/move_xyz__type_support.h
[27.420s] -- Installing: /workspace/src/install/ros2_data/include/ros2_data/ros2_data/action/move_j.h
[27.421s] -- Installing: /workspace/src/install/ros2_data/include/ros2_data/ros2_data/action/move_rot.h
[27.421s] -- Installing: /workspace/src/install/ros2_data/include/ros2_data/ros2_data/action/move_l.h
[27.421s] -- Installing: /workspace/src/install/ros2_data/include/ros2_data/ros2_data/action/move_xyz.h
[27.421s] -- Installing: /workspace/src/install/ros2_data/include/ros2_data/ros2_data/action/move_r.h
[27.421s] -- Installing: /workspace/src/install/ros2_data/include/ros2_data/ros2_data/action/move_rp.h
[27.421s] -- Installing: /workspace/src/install/ros2_data/include/ros2_data/ros2_data/action/move_ypr.h
[27.421s] -- Installing: /workspace/src/install/ros2_data/include/ros2_data/ros2_data/action/move_js.h
[27.422s] -- Installing: /workspace/src/install/ros2_data/include/ros2_data/ros2_data/msg
[27.422s] -- Installing: /workspace/src/install/ros2_data/include/ros2_data/ros2_data/msg/detail
[27.422s] -- Installing: /workspace/src/install/ros2_data/include/ros2_data/ros2_data/msg/detail/joint_pose_s__functions.h
[27.422s] -- Installing: /workspace/src/install/ros2_data/include/ros2_data/ros2_data/msg/detail/joint_pose_s__struct.h
[27.422s] -- Installing: /workspace/src/install/ros2_data/include/ros2_data/ros2_data/msg/detail/joint_pose__struct.h
[27.422s] -- Installing: /workspace/src/install/ros2_data/include/ros2_data/ros2_data/msg/detail/joint_pose_s__functions.c
[27.422s] -- Installing: /workspace/src/install/ros2_data/include/ros2_data/ros2_data/msg/detail/joint_pose__functions.c
[27.422s] -- Installing: /workspace/src/install/ros2_data/include/ros2_data/ros2_data/msg/detail/joint_pose__type_support.h
[27.423s] -- Installing: /workspace/src/install/ros2_data/include/ros2_data/ros2_data/msg/detail/joint_pose_s__type_support.h
[27.423s] -- Installing: /workspace/src/install/ros2_data/include/ros2_data/ros2_data/msg/detail/joint_pose__functions.h
[27.423s] -- Installing: /workspace/src/install/ros2_data/include/ros2_data/ros2_data/msg/rosidl_generator_c__visibility_control.h
[27.423s] -- Installing: /workspace/src/install/ros2_data/include/ros2_data/ros2_data/msg/joint_pose.h
[27.423s] -- Installing: /workspace/src/install/ros2_data/include/ros2_data/ros2_data/msg/joint_pose_s.h
[27.423s] -- Installing: /workspace/src/install/ros2_data/share/ros2_data/environment/library_path.sh
[27.424s] -- Installing: /workspace/src/install/ros2_data/share/ros2_data/environment/library_path.dsv
[27.424s] -- Installing: /workspace/src/install/ros2_data/lib/libros2_data__rosidl_generator_c.so
[27.425s] -- Set runtime path of "/workspace/src/install/ros2_data/lib/libros2_data__rosidl_generator_c.so" to ""
[27.425s] -- Up-to-date: /workspace/src/install/ros2_data/include/ros2_data/ros2_data
[27.425s] -- Up-to-date: /workspace/src/install/ros2_data/include/ros2_data/ros2_data/action
[27.426s] -- Up-to-date: /workspace/src/install/ros2_data/include/ros2_data/ros2_data/action/detail
[27.426s] -- Installing: /workspace/src/install/ros2_data/include/ros2_data/ros2_data/action/detail/move_xyzw__rosidl_typesupport_fastrtps_c.h
[27.426s] -- Installing: /workspace/src/install/ros2_data/include/ros2_data/ros2_data/action/detail/move_r__rosidl_typesupport_fastrtps_c.h
[27.426s] -- Installing: /workspace/src/install/ros2_data/include/ros2_data/ros2_data/action/detail/move_js__rosidl_typesupport_fastrtps_c.h
[27.426s] -- Installing: /workspace/src/install/ros2_data/include/ros2_data/ros2_data/action/detail/move_rp__rosidl_typesupport_fastrtps_c.h
[27.426s] -- Installing: /workspace/src/install/ros2_data/include/ros2_data/ros2_data/action/detail/move_g__rosidl_typesupport_fastrtps_c.h
[27.426s] -- Installing: /workspace/src/install/ros2_data/include/ros2_data/ros2_data/action/detail/move_ypr__rosidl_typesupport_fastrtps_c.h
[27.427s] -- Installing: /workspace/src/install/ros2_data/include/ros2_data/ros2_data/action/detail/move_xyz__rosidl_typesupport_fastrtps_c.h
[27.427s] -- Installing: /workspace/src/install/ros2_data/include/ros2_data/ros2_data/action/detail/move_l__rosidl_typesupport_fastrtps_c.h
[27.427s] -- Installing: /workspace/src/install/ros2_data/include/ros2_data/ros2_data/action/detail/move_j__rosidl_typesupport_fastrtps_c.h
[27.427s] -- Installing: /workspace/src/install/ros2_data/include/ros2_data/ros2_data/action/detail/move_rot__rosidl_typesupport_fastrtps_c.h
[27.427s] -- Up-to-date: /workspace/src/install/ros2_data/include/ros2_data/ros2_data/msg
[27.427s] -- Up-to-date: /workspace/src/install/ros2_data/include/ros2_data/ros2_data/msg/detail
[27.427s] -- Installing: /workspace/src/install/ros2_data/include/ros2_data/ros2_data/msg/detail/joint_pose_s__rosidl_typesupport_fastrtps_c.h
[27.427s] -- Installing: /workspace/src/install/ros2_data/include/ros2_data/ros2_data/msg/detail/joint_pose__rosidl_typesupport_fastrtps_c.h
[27.428s] -- Installing: /workspace/src/install/ros2_data/include/ros2_data/ros2_data/msg/rosidl_typesupport_fastrtps_c__visibility_control.h
[27.428s] -- Installing: /workspace/src/install/ros2_data/lib/libros2_data__rosidl_typesupport_fastrtps_c.so
[27.428s] -- Set runtime path of "/workspace/src/install/ros2_data/lib/libros2_data__rosidl_typesupport_fastrtps_c.so" to ""
[27.428s] -- Up-to-date: /workspace/src/install/ros2_data/include/ros2_data/ros2_data
[27.428s] -- Up-to-date: /workspace/src/install/ros2_data/include/ros2_data/ros2_data/action
[27.428s] -- Up-to-date: /workspace/src/install/ros2_data/include/ros2_data/ros2_data/action/detail
[27.429s] -- Installing: /workspace/src/install/ros2_data/include/ros2_data/ros2_data/action/detail/move_xyz__rosidl_typesupport_introspection_c.h
[27.429s] -- Installing: /workspace/src/install/ros2_data/include/ros2_data/ros2_data/action/detail/move_rp__rosidl_typesupport_introspection_c.h
[27.429s] -- Installing: /workspace/src/install/ros2_data/include/ros2_data/ros2_data/action/detail/move_g__type_support.c
[27.429s] -- Installing: /workspace/src/install/ros2_data/include/ros2_data/ros2_data/action/detail/move_xyzw__rosidl_typesupport_introspection_c.h
[27.429s] -- Installing: /workspace/src/install/ros2_data/include/ros2_data/ros2_data/action/detail/move_rot__type_support.c
[27.429s] -- Installing: /workspace/src/install/ros2_data/include/ros2_data/ros2_data/action/detail/move_ypr__rosidl_typesupport_introspection_c.h
[27.429s] -- Installing: /workspace/src/install/ros2_data/include/ros2_data/ros2_data/action/detail/move_r__rosidl_typesupport_introspection_c.h
[27.429s] -- Installing: /workspace/src/install/ros2_data/include/ros2_data/ros2_data/action/detail/move_rp__type_support.c
[27.430s] -- Installing: /workspace/src/install/ros2_data/include/ros2_data/ros2_data/action/detail/move_r__type_support.c
[27.430s] -- Installing: /workspace/src/install/ros2_data/include/ros2_data/ros2_data/action/detail/move_l__type_support.c
[27.430s] -- Installing: /workspace/src/install/ros2_data/include/ros2_data/ros2_data/action/detail/move_js__type_support.c
[27.430s] -- Installing: /workspace/src/install/ros2_data/include/ros2_data/ros2_data/action/detail/move_rot__rosidl_typesupport_introspection_c.h
[27.430s] -- Installing: /workspace/src/install/ros2_data/include/ros2_data/ros2_data/action/detail/move_l__rosidl_typesupport_introspection_c.h
[27.431s] -- Installing: /workspace/src/install/ros2_data/include/ros2_data/ros2_data/action/detail/move_ypr__type_support.c
[27.431s] -- Installing: /workspace/src/install/ros2_data/include/ros2_data/ros2_data/action/detail/move_j__rosidl_typesupport_introspection_c.h
[27.431s] -- Installing: /workspace/src/install/ros2_data/include/ros2_data/ros2_data/action/detail/move_xyzw__type_support.c
[27.431s] -- Installing: /workspace/src/install/ros2_data/include/ros2_data/ros2_data/action/detail/move_g__rosidl_typesupport_introspection_c.h
[27.431s] -- Installing: /workspace/src/install/ros2_data/include/ros2_data/ros2_data/action/detail/move_j__type_support.c
[27.432s] -- Installing: /workspace/src/install/ros2_data/include/ros2_data/ros2_data/action/detail/move_xyz__type_support.c
[27.432s] -- Installing: /workspace/src/install/ros2_data/include/ros2_data/ros2_data/action/detail/move_js__rosidl_typesupport_introspection_c.h
[27.432s] -- Up-to-date: /workspace/src/install/ros2_data/include/ros2_data/ros2_data/msg
[27.432s] -- Installing: /workspace/src/install/ros2_data/include/ros2_data/ros2_data/msg/rosidl_typesupport_introspection_c__visibility_control.h
[27.433s] -- Up-to-date: /workspace/src/install/ros2_data/include/ros2_data/ros2_data/msg/detail
[27.433s] -- Installing: /workspace/src/install/ros2_data/include/ros2_data/ros2_data/msg/detail/joint_pose__type_support.c
[27.433s] -- Installing: /workspace/src/install/ros2_data/include/ros2_data/ros2_data/msg/detail/joint_pose__rosidl_typesupport_introspection_c.h
[27.433s] -- Installing: /workspace/src/install/ros2_data/include/ros2_data/ros2_data/msg/detail/joint_pose_s__rosidl_typesupport_introspection_c.h
[27.433s] -- Installing: /workspace/src/install/ros2_data/include/ros2_data/ros2_data/msg/detail/joint_pose_s__type_support.c
[27.433s] -- Installing: /workspace/src/install/ros2_data/lib/libros2_data__rosidl_typesupport_introspection_c.so
[27.434s] -- Set runtime path of "/workspace/src/install/ros2_data/lib/libros2_data__rosidl_typesupport_introspection_c.so" to ""
[27.434s] -- Installing: /workspace/src/install/ros2_data/lib/libros2_data__rosidl_typesupport_c.so
[27.434s] -- Set runtime path of "/workspace/src/install/ros2_data/lib/libros2_data__rosidl_typesupport_c.so" to ""
[27.435s] -- Up-to-date: /workspace/src/install/ros2_data/include/ros2_data/ros2_data
[27.435s] -- Up-to-date: /workspace/src/install/ros2_data/include/ros2_data/ros2_data/action
[27.435s] -- Installing: /workspace/src/install/ros2_data/include/ros2_data/ros2_data/action/move_j.hpp
[27.435s] -- Installing: /workspace/src/install/ros2_data/include/ros2_data/ros2_data/action/move_rot.hpp
[27.435s] -- Installing: /workspace/src/install/ros2_data/include/ros2_data/ros2_data/action/move_js.hpp
[27.435s] -- Up-to-date: /workspace/src/install/ros2_data/include/ros2_data/ros2_data/action/detail
[27.435s] -- Installing: /workspace/src/install/ros2_data/include/ros2_data/ros2_data/action/detail/move_js__struct.hpp
[27.435s] -- Installing: /workspace/src/install/ros2_data/include/ros2_data/ros2_data/action/detail/move_l__traits.hpp
[27.435s] -- Installing: /workspace/src/install/ros2_data/include/ros2_data/ros2_data/action/detail/move_g__traits.hpp
[27.435s] -- Installing: /workspace/src/install/ros2_data/include/ros2_data/ros2_data/action/detail/move_rot__builder.hpp
[27.435s] -- Installing: /workspace/src/install/ros2_data/include/ros2_data/ros2_data/action/detail/move_g__builder.hpp
[27.435s] -- Installing: /workspace/src/install/ros2_data/include/ros2_data/ros2_data/action/detail/move_ypr__struct.hpp
[27.436s] -- Installing: /workspace/src/install/ros2_data/include/ros2_data/ros2_data/action/detail/move_r__struct.hpp
[27.436s] -- Installing: /workspace/src/install/ros2_data/include/ros2_data/ros2_data/action/detail/move_js__builder.hpp
[27.436s] -- Installing: /workspace/src/install/ros2_data/include/ros2_data/ros2_data/action/detail/move_xyz__builder.hpp
[27.436s] -- Installing: /workspace/src/install/ros2_data/include/ros2_data/ros2_data/action/detail/move_js__traits.hpp
[27.436s] -- Installing: /workspace/src/install/ros2_data/include/ros2_data/ros2_data/action/detail/move_xyzw__traits.hpp
[27.436s] -- Installing: /workspace/src/install/ros2_data/include/ros2_data/ros2_data/action/detail/move_j__traits.hpp
[27.437s] -- Installing: /workspace/src/install/ros2_data/include/ros2_data/ros2_data/action/detail/move_xyz__struct.hpp
[27.437s] -- Installing: /workspace/src/install/ros2_data/include/ros2_data/ros2_data/action/detail/move_l__builder.hpp
[27.437s] -- Installing: /workspace/src/install/ros2_data/include/ros2_data/ros2_data/action/detail/move_xyzw__builder.hpp
[27.437s] -- Installing: /workspace/src/install/ros2_data/include/ros2_data/ros2_data/action/detail/move_r__builder.hpp
[27.437s] -- Installing: /workspace/src/install/ros2_data/include/ros2_data/ros2_data/action/detail/move_rot__struct.hpp
[27.437s] -- Installing: /workspace/src/install/ros2_data/include/ros2_data/ros2_data/action/detail/move_rp__struct.hpp
[27.437s] -- Installing: /workspace/src/install/ros2_data/include/ros2_data/ros2_data/action/detail/move_xyzw__struct.hpp
[27.438s] -- Installing: /workspace/src/install/ros2_data/include/ros2_data/ros2_data/action/detail/move_xyz__traits.hpp
[27.438s] -- Installing: /workspace/src/install/ros2_data/include/ros2_data/ros2_data/action/detail/move_rot__traits.hpp
[27.438s] -- Installing: /workspace/src/install/ros2_data/include/ros2_data/ros2_data/action/detail/move_l__struct.hpp
[27.438s] -- Installing: /workspace/src/install/ros2_data/include/ros2_data/ros2_data/action/detail/move_rp__traits.hpp
[27.438s] -- Installing: /workspace/src/install/ros2_data/include/ros2_data/ros2_data/action/detail/move_r__traits.hpp
[27.438s] -- Installing: /workspace/src/install/ros2_data/include/ros2_data/ros2_data/action/detail/move_ypr__traits.hpp
[27.438s] -- Installing: /workspace/src/install/ros2_data/include/ros2_data/ros2_data/action/detail/move_g__struct.hpp
[27.439s] -- Installing: /workspace/src/install/ros2_data/include/ros2_data/ros2_data/action/detail/move_j__struct.hpp
[27.439s] -- Installing: /workspace/src/install/ros2_data/include/ros2_data/ros2_data/action/detail/move_j__builder.hpp
[27.439s] -- Installing: /workspace/src/install/ros2_data/include/ros2_data/ros2_data/action/detail/move_ypr__builder.hpp
[27.439s] -- Installing: /workspace/src/install/ros2_data/include/ros2_data/ros2_data/action/detail/move_rp__builder.hpp
[27.439s] -- Installing: /workspace/src/install/ros2_data/include/ros2_data/ros2_data/action/move_xyz.hpp
[27.439s] -- Installing: /workspace/src/install/ros2_data/include/ros2_data/ros2_data/action/move_g.hpp
[27.440s] -- Installing: /workspace/src/install/ros2_data/include/ros2_data/ros2_data/action/move_r.hpp
[27.440s] -- Installing: /workspace/src/install/ros2_data/include/ros2_data/ros2_data/action/move_l.hpp
[27.440s] -- Installing: /workspace/src/install/ros2_data/include/ros2_data/ros2_data/action/move_xyzw.hpp
[27.440s] -- Installing: /workspace/src/install/ros2_data/include/ros2_data/ros2_data/action/move_rp.hpp
[27.440s] -- Installing: /workspace/src/install/ros2_data/include/ros2_data/ros2_data/action/move_ypr.hpp
[27.440s] -- Up-to-date: /workspace/src/install/ros2_data/include/ros2_data/ros2_data/msg
[27.440s] -- Up-to-date: /workspace/src/install/ros2_data/include/ros2_data/ros2_data/msg/detail
[27.440s] -- Installing: /workspace/src/install/ros2_data/include/ros2_data/ros2_data/msg/detail/joint_pose_s__struct.hpp
[27.440s] -- Installing: /workspace/src/install/ros2_data/include/ros2_data/ros2_data/msg/detail/joint_pose__builder.hpp
[27.441s] -- Installing: /workspace/src/install/ros2_data/include/ros2_data/ros2_data/msg/detail/joint_pose_s__builder.hpp
[27.441s] -- Installing: /workspace/src/install/ros2_data/include/ros2_data/ros2_data/msg/detail/joint_pose_s__traits.hpp
[27.441s] -- Installing: /workspace/src/install/ros2_data/include/ros2_data/ros2_data/msg/detail/joint_pose__traits.hpp
[27.441s] -- Installing: /workspace/src/install/ros2_data/include/ros2_data/ros2_data/msg/detail/joint_pose__struct.hpp
[27.441s] -- Installing: /workspace/src/install/ros2_data/include/ros2_data/ros2_data/msg/joint_pose.hpp
[27.442s] -- Installing: /workspace/src/install/ros2_data/include/ros2_data/ros2_data/msg/joint_pose_s.hpp
[27.442s] -- Up-to-date: /workspace/src/install/ros2_data/include/ros2_data/ros2_data
[27.442s] -- Up-to-date: /workspace/src/install/ros2_data/include/ros2_data/ros2_data/action
[27.442s] -- Up-to-date: /workspace/src/install/ros2_data/include/ros2_data/ros2_data/action/detail
[27.442s] -- Installing: /workspace/src/install/ros2_data/include/ros2_data/ros2_data/action/detail/move_ypr__rosidl_typesupport_fastrtps_cpp.hpp
[27.443s] -- Installing: /workspace/src/install/ros2_data/include/ros2_data/ros2_data/action/detail/move_l__rosidl_typesupport_fastrtps_cpp.hpp
[27.443s] -- Installing: /workspace/src/install/ros2_data/include/ros2_data/ros2_data/action/detail/move_rp__rosidl_typesupport_fastrtps_cpp.hpp
[27.443s] -- Installing: /workspace/src/install/ros2_data/include/ros2_data/ros2_data/action/detail/move_r__rosidl_typesupport_fastrtps_cpp.hpp
[27.443s] -- Installing: /workspace/src/install/ros2_data/include/ros2_data/ros2_data/action/detail/move_j__rosidl_typesupport_fastrtps_cpp.hpp
[27.443s] -- Installing: /workspace/src/install/ros2_data/include/ros2_data/ros2_data/action/detail/move_xyz__rosidl_typesupport_fastrtps_cpp.hpp
[27.443s] -- Installing: /workspace/src/install/ros2_data/include/ros2_data/ros2_data/action/detail/move_rot__rosidl_typesupport_fastrtps_cpp.hpp
[27.443s] -- Installing: /workspace/src/install/ros2_data/include/ros2_data/ros2_data/action/detail/dds_fastrtps
[27.444s] -- Installing: /workspace/src/install/ros2_data/include/ros2_data/ros2_data/action/detail/move_js__rosidl_typesupport_fastrtps_cpp.hpp
[27.444s] -- Installing: /workspace/src/install/ros2_data/include/ros2_data/ros2_data/action/detail/move_xyzw__rosidl_typesupport_fastrtps_cpp.hpp
[27.444s] -- Installing: /workspace/src/install/ros2_data/include/ros2_data/ros2_data/action/detail/move_g__rosidl_typesupport_fastrtps_cpp.hpp
[27.444s] -- Up-to-date: /workspace/src/install/ros2_data/include/ros2_data/ros2_data/msg
[27.444s] -- Up-to-date: /workspace/src/install/ros2_data/include/ros2_data/ros2_data/msg/detail
[27.444s] -- Installing: /workspace/src/install/ros2_data/include/ros2_data/ros2_data/msg/detail/joint_pose_s__rosidl_typesupport_fastrtps_cpp.hpp
[27.444s] -- Installing: /workspace/src/install/ros2_data/include/ros2_data/ros2_data/msg/detail/dds_fastrtps
[27.445s] -- Installing: /workspace/src/install/ros2_data/include/ros2_data/ros2_data/msg/detail/joint_pose__rosidl_typesupport_fastrtps_cpp.hpp
[27.445s] -- Installing: /workspace/src/install/ros2_data/include/ros2_data/ros2_data/msg/rosidl_typesupport_fastrtps_cpp__visibility_control.h
[27.445s] -- Installing: /workspace/src/install/ros2_data/lib/libros2_data__rosidl_typesupport_fastrtps_cpp.so
[27.446s] -- Set runtime path of "/workspace/src/install/ros2_data/lib/libros2_data__rosidl_typesupport_fastrtps_cpp.so" to ""
[27.447s] -- Up-to-date: /workspace/src/install/ros2_data/include/ros2_data/ros2_data
[27.447s] -- Up-to-date: /workspace/src/install/ros2_data/include/ros2_data/ros2_data/action
[27.447s] -- Up-to-date: /workspace/src/install/ros2_data/include/ros2_data/ros2_data/action/detail
[27.447s] -- Installing: /workspace/src/install/ros2_data/include/ros2_data/ros2_data/action/detail/move_js__type_support.cpp
[27.447s] -- Installing: /workspace/src/install/ros2_data/include/ros2_data/ros2_data/action/detail/move_ypr__rosidl_typesupport_introspection_cpp.hpp
[27.447s] -- Installing: /workspace/src/install/ros2_data/include/ros2_data/ros2_data/action/detail/move_l__type_support.cpp
[27.447s] -- Installing: /workspace/src/install/ros2_data/include/ros2_data/ros2_data/action/detail/move_g__type_support.cpp
[27.447s] -- Installing: /workspace/src/install/ros2_data/include/ros2_data/ros2_data/action/detail/move_l__rosidl_typesupport_introspection_cpp.hpp
[27.448s] -- Installing: /workspace/src/install/ros2_data/include/ros2_data/ros2_data/action/detail/move_ypr__type_support.cpp
[27.448s] -- Installing: /workspace/src/install/ros2_data/include/ros2_data/ros2_data/action/detail/move_r__rosidl_typesupport_introspection_cpp.hpp
[27.448s] -- Installing: /workspace/src/install/ros2_data/include/ros2_data/ros2_data/action/detail/move_xyz__rosidl_typesupport_introspection_cpp.hpp
[27.448s] -- Installing: /workspace/src/install/ros2_data/include/ros2_data/ros2_data/action/detail/move_xyzw__rosidl_typesupport_introspection_cpp.hpp
[27.448s] -- Installing: /workspace/src/install/ros2_data/include/ros2_data/ros2_data/action/detail/move_j__type_support.cpp
[27.448s] -- Installing: /workspace/src/install/ros2_data/include/ros2_data/ros2_data/action/detail/move_js__rosidl_typesupport_introspection_cpp.hpp
[27.448s] -- Installing: /workspace/src/install/ros2_data/include/ros2_data/ros2_data/action/detail/move_rp__rosidl_typesupport_introspection_cpp.hpp
[27.449s] -- Installing: /workspace/src/install/ros2_data/include/ros2_data/ros2_data/action/detail/move_xyz__type_support.cpp
[27.449s] -- Installing: /workspace/src/install/ros2_data/include/ros2_data/ros2_data/action/detail/move_j__rosidl_typesupport_introspection_cpp.hpp
[27.449s] -- Installing: /workspace/src/install/ros2_data/include/ros2_data/ros2_data/action/detail/move_xyzw__type_support.cpp
[27.449s] -- Installing: /workspace/src/install/ros2_data/include/ros2_data/ros2_data/action/detail/move_rp__type_support.cpp
[27.449s] -- Installing: /workspace/src/install/ros2_data/include/ros2_data/ros2_data/action/detail/move_rot__type_support.cpp
[27.449s] -- Installing: /workspace/src/install/ros2_data/include/ros2_data/ros2_data/action/detail/move_r__type_support.cpp
[27.449s] -- Installing: /workspace/src/install/ros2_data/include/ros2_data/ros2_data/action/detail/move_g__rosidl_typesupport_introspection_cpp.hpp
[27.449s] -- Installing: /workspace/src/install/ros2_data/include/ros2_data/ros2_data/action/detail/move_rot__rosidl_typesupport_introspection_cpp.hpp
[27.449s] -- Up-to-date: /workspace/src/install/ros2_data/include/ros2_data/ros2_data/msg
[27.450s] -- Up-to-date: /workspace/src/install/ros2_data/include/ros2_data/ros2_data/msg/detail
[27.450s] -- Installing: /workspace/src/install/ros2_data/include/ros2_data/ros2_data/msg/detail/joint_pose__type_support.cpp
[27.450s] -- Installing: /workspace/src/install/ros2_data/include/ros2_data/ros2_data/msg/detail/joint_pose_s__type_support.cpp
[27.450s] -- Installing: /workspace/src/install/ros2_data/include/ros2_data/ros2_data/msg/detail/joint_pose__rosidl_typesupport_introspection_cpp.hpp
[27.450s] -- Installing: /workspace/src/install/ros2_data/include/ros2_data/ros2_data/msg/detail/joint_pose_s__rosidl_typesupport_introspection_cpp.hpp
[27.450s] -- Installing: /workspace/src/install/ros2_data/lib/libros2_data__rosidl_typesupport_introspection_cpp.so
[27.451s] -- Set runtime path of "/workspace/src/install/ros2_data/lib/libros2_data__rosidl_typesupport_introspection_cpp.so" to ""
[27.451s] -- Installing: /workspace/src/install/ros2_data/lib/libros2_data__rosidl_typesupport_cpp.so
[27.452s] -- Set runtime path of "/workspace/src/install/ros2_data/lib/libros2_data__rosidl_typesupport_cpp.so" to ""
[27.452s] -- Installing: /workspace/src/install/ros2_data/share/ros2_data/environment/pythonpath.sh
[27.452s] -- Installing: /workspace/src/install/ros2_data/share/ros2_data/environment/pythonpath.dsv
[27.452s] -- Installing: /workspace/src/install/ros2_data/local/lib/python3.10/dist-packages/ros2_data-0.0.0-py3.10.egg-info
[27.452s] -- Installing: /workspace/src/install/ros2_data/local/lib/python3.10/dist-packages/ros2_data-0.0.0-py3.10.egg-info/SOURCES.txt
[27.452s] -- Installing: /workspace/src/install/ros2_data/local/lib/python3.10/dist-packages/ros2_data-0.0.0-py3.10.egg-info/dependency_links.txt
[27.452s] -- Installing: /workspace/src/install/ros2_data/local/lib/python3.10/dist-packages/ros2_data-0.0.0-py3.10.egg-info/top_level.txt
[27.453s] -- Installing: /workspace/src/install/ros2_data/local/lib/python3.10/dist-packages/ros2_data-0.0.0-py3.10.egg-info/PKG-INFO
[27.453s] -- Installing: /workspace/src/install/ros2_data/local/lib/python3.10/dist-packages/ros2_data
[27.453s] -- Installing: /workspace/src/install/ros2_data/local/lib/python3.10/dist-packages/ros2_data/action
[27.453s] -- Installing: /workspace/src/install/ros2_data/local/lib/python3.10/dist-packages/ros2_data/action/_move_g.py
[27.453s] -- Installing: /workspace/src/install/ros2_data/local/lib/python3.10/dist-packages/ros2_data/action/_move_j_s.c
[27.453s] -- Installing: /workspace/src/install/ros2_data/local/lib/python3.10/dist-packages/ros2_data/action/_move_ypr_s.c
[27.453s] -- Installing: /workspace/src/install/ros2_data/local/lib/python3.10/dist-packages/ros2_data/action/_move_rot_s.c
[27.453s] -- Installing: /workspace/src/install/ros2_data/local/lib/python3.10/dist-packages/ros2_data/action/_move_js_s.c
[27.454s] -- Installing: /workspace/src/install/ros2_data/local/lib/python3.10/dist-packages/ros2_data/action/_move_r.py
[27.454s] -- Installing: /workspace/src/install/ros2_data/local/lib/python3.10/dist-packages/ros2_data/action/_move_g_s.c
[27.454s] -- Installing: /workspace/src/install/ros2_data/local/lib/python3.10/dist-packages/ros2_data/action/_move_js.py
[27.454s] -- Installing: /workspace/src/install/ros2_data/local/lib/python3.10/dist-packages/ros2_data/action/_move_xyzw_s.c
[27.454s] -- Installing: /workspace/src/install/ros2_data/local/lib/python3.10/dist-packages/ros2_data/action/_move_xyz_s.c
[27.454s] -- Installing: /workspace/src/install/ros2_data/local/lib/python3.10/dist-packages/ros2_data/action/_move_l.py
[27.454s] -- Installing: /workspace/src/install/ros2_data/local/lib/python3.10/dist-packages/ros2_data/action/_move_rp_s.c
[27.454s] -- Installing: /workspace/src/install/ros2_data/local/lib/python3.10/dist-packages/ros2_data/action/_move_l_s.c
[27.455s] -- Installing: /workspace/src/install/ros2_data/local/lib/python3.10/dist-packages/ros2_data/action/_move_r_s.c
[27.455s] -- Installing: /workspace/src/install/ros2_data/local/lib/python3.10/dist-packages/ros2_data/action/__init__.py
[27.455s] -- Installing: /workspace/src/install/ros2_data/local/lib/python3.10/dist-packages/ros2_data/action/_move_xyzw.py
[27.455s] -- Installing: /workspace/src/install/ros2_data/local/lib/python3.10/dist-packages/ros2_data/action/_move_xyz.py
[27.455s] -- Installing: /workspace/src/install/ros2_data/local/lib/python3.10/dist-packages/ros2_data/action/_move_rot.py
[27.455s] -- Installing: /workspace/src/install/ros2_data/local/lib/python3.10/dist-packages/ros2_data/action/_move_j.py
[27.455s] -- Installing: /workspace/src/install/ros2_data/local/lib/python3.10/dist-packages/ros2_data/action/_move_ypr.py
[27.455s] -- Installing: /workspace/src/install/ros2_data/local/lib/python3.10/dist-packages/ros2_data/action/_move_rp.py
[27.456s] -- Installing: /workspace/src/install/ros2_data/local/lib/python3.10/dist-packages/ros2_data/_ros2_data_s.ep.rosidl_typesupport_c.c
[27.456s] -- Installing: /workspace/src/install/ros2_data/local/lib/python3.10/dist-packages/ros2_data/_ros2_data_s.ep.rosidl_typesupport_fastrtps_c.c
[27.457s] -- Installing: /workspace/src/install/ros2_data/local/lib/python3.10/dist-packages/ros2_data/libros2_data__rosidl_generator_py.so
[27.457s] -- Installing: /workspace/src/install/ros2_data/local/lib/python3.10/dist-packages/ros2_data/ros2_data_s__rosidl_typesupport_fastrtps_c.cpython-310-x86_64-linux-gnu.so
[27.457s] -- Installing: /workspace/src/install/ros2_data/local/lib/python3.10/dist-packages/ros2_data/ros2_data_s__rosidl_typesupport_introspection_c.cpython-310-x86_64-linux-gnu.so
[27.458s] -- Installing: /workspace/src/install/ros2_data/local/lib/python3.10/dist-packages/ros2_data/msg
[27.458s] -- Installing: /workspace/src/install/ros2_data/local/lib/python3.10/dist-packages/ros2_data/msg/_joint_pose_s_s.c
[27.458s] -- Installing: /workspace/src/install/ros2_data/local/lib/python3.10/dist-packages/ros2_data/msg/_joint_pose_s.c
[27.458s] -- Installing: /workspace/src/install/ros2_data/local/lib/python3.10/dist-packages/ros2_data/msg/_joint_pose_s.py
[27.458s] -- Installing: /workspace/src/install/ros2_data/local/lib/python3.10/dist-packages/ros2_data/msg/_joint_pose.py
[27.458s] -- Installing: /workspace/src/install/ros2_data/local/lib/python3.10/dist-packages/ros2_data/msg/__init__.py
[27.458s] -- Installing: /workspace/src/install/ros2_data/local/lib/python3.10/dist-packages/ros2_data/__init__.py
[27.458s] -- Installing: /workspace/src/install/ros2_data/local/lib/python3.10/dist-packages/ros2_data/ros2_data_s__rosidl_typesupport_c.cpython-310-x86_64-linux-gnu.so
[27.458s] -- Installing: /workspace/src/install/ros2_data/local/lib/python3.10/dist-packages/ros2_data/_ros2_data_s.ep.rosidl_typesupport_introspection_c.c
[27.537s] Listing '/workspace/src/install/ros2_data/local/lib/python3.10/dist-packages/ros2_data'...
[27.537s] Compiling '/workspace/src/install/ros2_data/local/lib/python3.10/dist-packages/ros2_data/__init__.py'...
[27.537s] Listing '/workspace/src/install/ros2_data/local/lib/python3.10/dist-packages/ros2_data/action'...
[27.537s] Compiling '/workspace/src/install/ros2_data/local/lib/python3.10/dist-packages/ros2_data/action/__init__.py'...
[27.537s] Compiling '/workspace/src/install/ros2_data/local/lib/python3.10/dist-packages/ros2_data/action/_move_g.py'...
[27.537s] Compiling '/workspace/src/install/ros2_data/local/lib/python3.10/dist-packages/ros2_data/action/_move_j.py'...
[27.537s] Compiling '/workspace/src/install/ros2_data/local/lib/python3.10/dist-packages/ros2_data/action/_move_js.py'...
[27.537s] Compiling '/workspace/src/install/ros2_data/local/lib/python3.10/dist-packages/ros2_data/action/_move_l.py'...
[27.538s] Compiling '/workspace/src/install/ros2_data/local/lib/python3.10/dist-packages/ros2_data/action/_move_r.py'...
[27.538s] Compiling '/workspace/src/install/ros2_data/local/lib/python3.10/dist-packages/ros2_data/action/_move_rot.py'...
[27.538s] Compiling '/workspace/src/install/ros2_data/local/lib/python3.10/dist-packages/ros2_data/action/_move_rp.py'...
[27.538s] Compiling '/workspace/src/install/ros2_data/local/lib/python3.10/dist-packages/ros2_data/action/_move_xyz.py'...
[27.538s] Compiling '/workspace/src/install/ros2_data/local/lib/python3.10/dist-packages/ros2_data/action/_move_xyzw.py'...
[27.538s] Compiling '/workspace/src/install/ros2_data/local/lib/python3.10/dist-packages/ros2_data/action/_move_ypr.py'...
[27.538s] Listing '/workspace/src/install/ros2_data/local/lib/python3.10/dist-packages/ros2_data/msg'...
[27.538s] Compiling '/workspace/src/install/ros2_data/local/lib/python3.10/dist-packages/ros2_data/msg/__init__.py'...
[27.538s] Compiling '/workspace/src/install/ros2_data/local/lib/python3.10/dist-packages/ros2_data/msg/_joint_pose.py'...
[27.538s] Compiling '/workspace/src/install/ros2_data/local/lib/python3.10/dist-packages/ros2_data/msg/_joint_pose_s.py'...
[27.541s] -- Installing: /workspace/src/install/ros2_data/local/lib/python3.10/dist-packages/ros2_data/ros2_data_s__rosidl_typesupport_fastrtps_c.cpython-310-x86_64-linux-gnu.so
[27.542s] -- Set runtime path of "/workspace/src/install/ros2_data/local/lib/python3.10/dist-packages/ros2_data/ros2_data_s__rosidl_typesupport_fastrtps_c.cpython-310-x86_64-linux-gnu.so" to ""
[27.542s] -- Installing: /workspace/src/install/ros2_data/local/lib/python3.10/dist-packages/ros2_data/ros2_data_s__rosidl_typesupport_introspection_c.cpython-310-x86_64-linux-gnu.so
[27.542s] -- Set runtime path of "/workspace/src/install/ros2_data/local/lib/python3.10/dist-packages/ros2_data/ros2_data_s__rosidl_typesupport_introspection_c.cpython-310-x86_64-linux-gnu.so" to ""
[27.543s] -- Installing: /workspace/src/install/ros2_data/local/lib/python3.10/dist-packages/ros2_data/ros2_data_s__rosidl_typesupport_c.cpython-310-x86_64-linux-gnu.so
[27.543s] -- Set runtime path of "/workspace/src/install/ros2_data/local/lib/python3.10/dist-packages/ros2_data/ros2_data_s__rosidl_typesupport_c.cpython-310-x86_64-linux-gnu.so" to ""
[27.543s] -- Installing: /workspace/src/install/ros2_data/lib/libros2_data__rosidl_generator_py.so
[27.544s] -- Set runtime path of "/workspace/src/install/ros2_data/lib/libros2_data__rosidl_generator_py.so" to ""
[27.544s] -- Installing: /workspace/src/install/ros2_data/share/ros2_data/msg/JointPose.idl
[27.545s] -- Installing: /workspace/src/install/ros2_data/share/ros2_data/msg/JointPoseS.idl
[27.545s] -- Installing: /workspace/src/install/ros2_data/share/ros2_data/action/MoveJ.idl
[27.545s] -- Installing: /workspace/src/install/ros2_data/share/ros2_data/action/MoveJs.idl
[27.545s] -- Installing: /workspace/src/install/ros2_data/share/ros2_data/action/MoveG.idl
[27.545s] -- Installing: /workspace/src/install/ros2_data/share/ros2_data/action/MoveXYZW.idl
[27.545s] -- Installing: /workspace/src/install/ros2_data/share/ros2_data/action/MoveL.idl
[27.545s] -- Installing: /workspace/src/install/ros2_data/share/ros2_data/action/MoveR.idl
[27.546s] -- Installing: /workspace/src/install/ros2_data/share/ros2_data/action/MoveXYZ.idl
[27.546s] -- Installing: /workspace/src/install/ros2_data/share/ros2_data/action/MoveYPR.idl
[27.546s] -- Installing: /workspace/src/install/ros2_data/share/ros2_data/action/MoveROT.idl
[27.546s] -- Installing: /workspace/src/install/ros2_data/share/ros2_data/action/MoveRP.idl
[27.546s] -- Installing: /workspace/src/install/ros2_data/share/ros2_data/msg/JointPose.msg
[27.547s] -- Installing: /workspace/src/install/ros2_data/share/ros2_data/msg/JointPoseS.msg
[27.547s] -- Installing: /workspace/src/install/ros2_data/share/ros2_data/action/MoveJ.action
[27.547s] -- Installing: /workspace/src/install/ros2_data/share/ros2_data/action/MoveJs.action
[27.547s] -- Installing: /workspace/src/install/ros2_data/share/ros2_data/action/MoveG.action
[27.547s] -- Installing: /workspace/src/install/ros2_data/share/ros2_data/action/MoveXYZW.action
[27.547s] -- Installing: /workspace/src/install/ros2_data/share/ros2_data/action/MoveL.action
[27.547s] -- Installing: /workspace/src/install/ros2_data/share/ros2_data/action/MoveR.action
[27.548s] -- Installing: /workspace/src/install/ros2_data/share/ros2_data/action/MoveXYZ.action
[27.548s] -- Installing: /workspace/src/install/ros2_data/share/ros2_data/action/MoveYPR.action
[27.548s] -- Installing: /workspace/src/install/ros2_data/share/ros2_data/action/MoveROT.action
[27.548s] -- Installing: /workspace/src/install/ros2_data/share/ros2_data/action/MoveRP.action
[27.548s] -- Installing: /workspace/src/install/ros2_data/share/ament_index/resource_index/package_run_dependencies/ros2_data
[27.548s] -- Installing: /workspace/src/install/ros2_data/share/ament_index/resource_index/parent_prefix_path/ros2_data
[27.549s] -- Installing: /workspace/src/install/ros2_data/share/ros2_data/environment/ament_prefix_path.sh
[27.549s] -- Installing: /workspace/src/install/ros2_data/share/ros2_data/environment/ament_prefix_path.dsv
[27.549s] -- Installing: /workspace/src/install/ros2_data/share/ros2_data/environment/path.sh
[27.549s] -- Installing: /workspace/src/install/ros2_data/share/ros2_data/environment/path.dsv
[27.549s] -- Installing: /workspace/src/install/ros2_data/share/ros2_data/local_setup.bash
[27.549s] -- Installing: /workspace/src/install/ros2_data/share/ros2_data/local_setup.sh
[27.549s] -- Installing: /workspace/src/install/ros2_data/share/ros2_data/local_setup.zsh
[27.549s] -- Installing: /workspace/src/install/ros2_data/share/ros2_data/local_setup.dsv
[27.550s] -- Installing: /workspace/src/install/ros2_data/share/ros2_data/package.dsv
[27.550s] -- Installing: /workspace/src/install/ros2_data/share/ament_index/resource_index/packages/ros2_data
[27.550s] -- Installing: /workspace/src/install/ros2_data/share/ros2_data/cmake/export_ros2_data__rosidl_generator_cExport.cmake
[27.550s] -- Installing: /workspace/src/install/ros2_data/share/ros2_data/cmake/export_ros2_data__rosidl_generator_cExport-noconfig.cmake
[27.550s] -- Installing: /workspace/src/install/ros2_data/share/ros2_data/cmake/export_ros2_data__rosidl_typesupport_fastrtps_cExport.cmake
[27.550s] -- Installing: /workspace/src/install/ros2_data/share/ros2_data/cmake/export_ros2_data__rosidl_typesupport_fastrtps_cExport-noconfig.cmake
[27.550s] -- Installing: /workspace/src/install/ros2_data/share/ros2_data/cmake/ros2_data__rosidl_typesupport_introspection_cExport.cmake
[27.551s] -- Installing: /workspace/src/install/ros2_data/share/ros2_data/cmake/ros2_data__rosidl_typesupport_introspection_cExport-noconfig.cmake
[27.551s] -- Installing: /workspace/src/install/ros2_data/share/ros2_data/cmake/ros2_data__rosidl_typesupport_cExport.cmake
[27.551s] -- Installing: /workspace/src/install/ros2_data/share/ros2_data/cmake/ros2_data__rosidl_typesupport_cExport-noconfig.cmake
[27.551s] -- Installing: /workspace/src/install/ros2_data/share/ros2_data/cmake/export_ros2_data__rosidl_generator_cppExport.cmake
[27.551s] -- Installing: /workspace/src/install/ros2_data/share/ros2_data/cmake/export_ros2_data__rosidl_typesupport_fastrtps_cppExport.cmake
[27.551s] -- Installing: /workspace/src/install/ros2_data/share/ros2_data/cmake/export_ros2_data__rosidl_typesupport_fastrtps_cppExport-noconfig.cmake
[27.551s] -- Installing: /workspace/src/install/ros2_data/share/ros2_data/cmake/ros2_data__rosidl_typesupport_introspection_cppExport.cmake
[27.551s] -- Installing: /workspace/src/install/ros2_data/share/ros2_data/cmake/ros2_data__rosidl_typesupport_introspection_cppExport-noconfig.cmake
[27.552s] -- Installing: /workspace/src/install/ros2_data/share/ros2_data/cmake/ros2_data__rosidl_typesupport_cppExport.cmake
[27.552s] -- Installing: /workspace/src/install/ros2_data/share/ros2_data/cmake/ros2_data__rosidl_typesupport_cppExport-noconfig.cmake
[27.552s] -- Installing: /workspace/src/install/ros2_data/share/ros2_data/cmake/export_ros2_data__rosidl_generator_pyExport.cmake
[27.552s] -- Installing: /workspace/src/install/ros2_data/share/ros2_data/cmake/export_ros2_data__rosidl_generator_pyExport-noconfig.cmake
[27.552s] -- Installing: /workspace/src/install/ros2_data/share/ros2_data/cmake/rosidl_cmake-extras.cmake
[27.552s] -- Installing: /workspace/src/install/ros2_data/share/ros2_data/cmake/ament_cmake_export_dependencies-extras.cmake
[27.552s] -- Installing: /workspace/src/install/ros2_data/share/ros2_data/cmake/ament_cmake_export_include_directories-extras.cmake
[27.553s] -- Installing: /workspace/src/install/ros2_data/share/ros2_data/cmake/ament_cmake_export_libraries-extras.cmake
[27.553s] -- Installing: /workspace/src/install/ros2_data/share/ros2_data/cmake/ament_cmake_export_targets-extras.cmake
[27.553s] -- Installing: /workspace/src/install/ros2_data/share/ros2_data/cmake/rosidl_cmake_export_typesupport_targets-extras.cmake
[27.553s] -- Installing: /workspace/src/install/ros2_data/share/ros2_data/cmake/rosidl_cmake_export_typesupport_libraries-extras.cmake
[27.553s] -- Installing: /workspace/src/install/ros2_data/share/ros2_data/cmake/ros2_dataConfig.cmake
[27.553s] -- Installing: /workspace/src/install/ros2_data/share/ros2_data/cmake/ros2_dataConfig-version.cmake
[27.553s] -- Installing: /workspace/src/install/ros2_data/share/ros2_data/package.xml
[27.556s] Invoked command in '/workspace/src/build/ros2_data' returned '0': CMAKE_PREFIX_PATH=${CMAKE_PREFIX_PATH}:/opt/ros/humble /usr/bin/cmake --install /workspace/src/build/ros2_data
