[0.561s] Invoking command in '/workspace/src/my_package': PYTHONPATH=/workspace/build/my_package/prefix_override:/workspace/install/my_package/lib/python3.10/site-packages:${PYTHONPATH} /usr/bin/python3 setup.py egg_info --egg-base ../../build/my_package build --build-base /workspace/build/my_package/build install --record /workspace/build/my_package/install.log --single-version-externally-managed
[0.813s] running egg_info
[0.814s] writing ../../build/my_package/my_package.egg-info/PKG-INFO
[0.815s] writing dependency_links to ../../build/my_package/my_package.egg-info/dependency_links.txt
[0.815s] writing entry points to ../../build/my_package/my_package.egg-info/entry_points.txt
[0.816s] writing requirements to ../../build/my_package/my_package.egg-info/requires.txt
[0.816s] writing top-level names to ../../build/my_package/my_package.egg-info/top_level.txt
[0.818s] reading manifest file '../../build/my_package/my_package.egg-info/SOURCES.txt'
[0.819s] writing manifest file '../../build/my_package/my_package.egg-info/SOURCES.txt'
[0.820s] running build
[0.820s] running build_py
[0.820s] running install
[0.820s] /usr/lib/python3/dist-packages/setuptools/command/install.py:34: SetuptoolsDeprecationWarning: setup.py install is deprecated. Use build and pip and other standards-based tools.
[0.821s]   warnings.warn(
[0.821s] running install_lib
[0.823s] running install_data
[0.824s] running install_egg_info
[0.827s] removing '/workspace/install/my_package/lib/python3.10/site-packages/my_package-0.0.0-py3.10.egg-info' (and everything under it)
[0.827s] Copying ../../build/my_package/my_package.egg-info to /workspace/install/my_package/lib/python3.10/site-packages/my_package-0.0.0-py3.10.egg-info
[0.829s] running install_scripts
[0.866s] writing list of installed files to '/workspace/build/my_package/install.log'
[0.894s] Invoked command in '/workspace/src/my_package' returned '0': PYTHONPATH=/workspace/build/my_package/prefix_override:/workspace/install/my_package/lib/python3.10/site-packages:${PYTHONPATH} /usr/bin/python3 setup.py egg_info --egg-base ../../build/my_package build --build-base /workspace/build/my_package/build install --record /workspace/build/my_package/install.log --single-version-externally-managed
