[0.019s] Invoking command in '/workspace/build/ros_interfaces': CMAKE_PREFIX_PATH=/workspace/install/my_py_pkg:/workspace/install/my_package:/opt/ros/humble /usr/bin/cmake /workspace/src/ros_interfaces -DCMAKE_INSTALL_PREFIX=/workspace/install/ros_interfaces
[0.039s] -- Found ament_cmake: 1.3.3 (/opt/ros/humble/share/ament_cmake/cmake)
[0.198s] -- Found ament_lint_auto: 0.12.5 (/opt/ros/humble/share/ament_lint_auto/cmake)
[0.268s] -- Found geometry_msgs: 4.2.3 (/opt/ros/humble/share/geometry_msgs/cmake)
[0.292s] -- Found rosidl_generator_c: 3.1.4 (/opt/ros/humble/share/rosidl_generator_c/cmake)
[0.294s] -- Found rosidl_adapter: 3.1.4 (/opt/ros/humble/share/rosidl_adapter/cmake)
[0.300s] -- Found rosidl_generator_cpp: 3.1.4 (/opt/ros/humble/share/rosidl_generator_cpp/cmake)
[0.318s] -- Using all available rosidl_typesupport_c: rosidl_typesupport_fastrtps_c;rosidl_typesupport_introspection_c
[0.342s] -- Using all available rosidl_typesupport_cpp: rosidl_typesupport_fastrtps_cpp;rosidl_typesupport_introspection_cpp
[0.470s] -- Found rosidl_default_generators: 1.2.0 (/opt/ros/humble/share/rosidl_default_generators/cmake)
[0.482s] [31mCMake Error at /opt/ros/humble/share/rosidl_cmake/cmake/rosidl_generate_interfaces.cmake:93 (message):
[0.482s]   rosidl_generate_interfaces() the passed file 'srv/AddThreeInts.srv' doesn't
[0.482s]   exist relative to the CMAKE_CURRENT_SOURCE_DIR
[0.482s]   '/workspace/src/ros_interfaces'
[0.482s] Call Stack (most recent call first):
[0.482s]   CMakeLists.txt:29 (rosidl_generate_interfaces)
[0.482s] 
[0.482s] [0m
[0.483s] -- Configuring incomplete, errors occurred!
[0.483s] See also "/workspace/build/ros_interfaces/CMakeFiles/CMakeOutput.log".
[0.487s] Invoked command in '/workspace/build/ros_interfaces' returned '1': CMAKE_PREFIX_PATH=/workspace/install/my_py_pkg:/workspace/install/my_package:/opt/ros/humble /usr/bin/cmake /workspace/src/ros_interfaces -DCMAKE_INSTALL_PREFIX=/workspace/install/ros_interfaces
