[0.112s] Invoking command in '/workspace/src/build/irb1200_ros2_moveit2': AMENT_PREFIX_PATH=/workspace/src/install/ros2_data:${AMENT_PREFIX_PATH} CMAKE_PREFIX_PATH=/workspace/src/install/ros2_data:/workspace/src/install/lakme_ros:/workspace/install/lakme_ros:/opt/ros/humble LD_LIBRARY_PATH=/workspace/src/install/ros2_data/lib:${LD_LIBRARY_PATH} PYTHONPATH=/workspace/src/install/ros2_data/local/lib/python3.10/dist-packages:${PYTHONPATH} /usr/bin/cmake /workspace/src/ros2_RobotSimulation/ABBRobots/IRB1200/irb1200_ros2_moveit2 -DCMAKE_INSTALL_PREFIX=/workspace/src/install/irb1200_ros2_moveit2
[0.264s] -- The C compiler identification is GNU 11.3.0
[0.411s] -- The CXX compiler identification is GNU 11.3.0
[0.438s] -- Detecting C compiler ABI info
[0.655s] -- Detecting C compiler ABI info - done
[0.683s] -- Check for working C compiler: /usr/bin/cc - skipped
[0.684s] -- Detecting C compile features
[0.684s] -- Detecting C compile features - done
[0.692s] -- Detecting CXX compiler ABI info
[0.880s] -- Detecting CXX compiler ABI info - done
[0.902s] -- Check for working CXX compiler: /usr/bin/c++ - skipped
[0.904s] -- Detecting CXX compile features
[0.905s] -- Detecting CXX compile features - done
[0.912s] -- Found ament_cmake: 1.3.4 (/opt/ros/humble/share/ament_cmake/cmake)
[1.348s] -- Found Python3: /usr/bin/python3.10 (found version "3.10.6") found components: Interpreter 
[1.591s] -- Found ament_lint_auto: 0.12.6 (/opt/ros/humble/share/ament_lint_auto/cmake)
[1.794s] -- Added test 'copyright' to check source files copyright and LICENSE
[1.799s] -- Added test 'flake8' to check Python code syntax and style conventions
[1.801s] -- Added test 'lint_cmake' to check CMake code style
[1.802s] -- Added test 'pep257' to check Python code against some of the docstring style conventions in PEP 257
[1.814s] -- Added test 'xmllint' to check XML markup files
[1.816s] -- Configuring done
[1.819s] -- Generating done
[1.820s] -- Build files have been written to: /workspace/src/build/irb1200_ros2_moveit2
[1.826s] Invoked command in '/workspace/src/build/irb1200_ros2_moveit2' returned '0': AMENT_PREFIX_PATH=/workspace/src/install/ros2_data:${AMENT_PREFIX_PATH} CMAKE_PREFIX_PATH=/workspace/src/install/ros2_data:/workspace/src/install/lakme_ros:/workspace/install/lakme_ros:/opt/ros/humble LD_LIBRARY_PATH=/workspace/src/install/ros2_data/lib:${LD_LIBRARY_PATH} PYTHONPATH=/workspace/src/install/ros2_data/local/lib/python3.10/dist-packages:${PYTHONPATH} /usr/bin/cmake /workspace/src/ros2_RobotSimulation/ABBRobots/IRB1200/irb1200_ros2_moveit2 -DCMAKE_INSTALL_PREFIX=/workspace/src/install/irb1200_ros2_moveit2
[1.829s] Invoking command in '/workspace/src/build/irb1200_ros2_moveit2': AMENT_PREFIX_PATH=/workspace/src/install/ros2_data:${AMENT_PREFIX_PATH} CMAKE_PREFIX_PATH=/workspace/src/install/ros2_data:/workspace/src/install/lakme_ros:/workspace/install/lakme_ros:/opt/ros/humble LD_LIBRARY_PATH=/workspace/src/install/ros2_data/lib:${LD_LIBRARY_PATH} PYTHONPATH=/workspace/src/install/ros2_data/local/lib/python3.10/dist-packages:${PYTHONPATH} /usr/bin/cmake --build /workspace/src/build/irb1200_ros2_moveit2 -- -j12 -l12
[1.901s] Invoked command in '/workspace/src/build/irb1200_ros2_moveit2' returned '0': AMENT_PREFIX_PATH=/workspace/src/install/ros2_data:${AMENT_PREFIX_PATH} CMAKE_PREFIX_PATH=/workspace/src/install/ros2_data:/workspace/src/install/lakme_ros:/workspace/install/lakme_ros:/opt/ros/humble LD_LIBRARY_PATH=/workspace/src/install/ros2_data/lib:${LD_LIBRARY_PATH} PYTHONPATH=/workspace/src/install/ros2_data/local/lib/python3.10/dist-packages:${PYTHONPATH} /usr/bin/cmake --build /workspace/src/build/irb1200_ros2_moveit2 -- -j12 -l12
[1.959s] Invoking command in '/workspace/src/build/irb1200_ros2_moveit2': AMENT_PREFIX_PATH=/workspace/src/install/ros2_data:${AMENT_PREFIX_PATH} CMAKE_PREFIX_PATH=/workspace/src/install/ros2_data:/workspace/src/install/lakme_ros:/workspace/install/lakme_ros:/opt/ros/humble LD_LIBRARY_PATH=/workspace/src/install/ros2_data/lib:${LD_LIBRARY_PATH} PYTHONPATH=/workspace/src/install/ros2_data/local/lib/python3.10/dist-packages:${PYTHONPATH} /usr/bin/cmake --install /workspace/src/build/irb1200_ros2_moveit2
[2.017s] -- Install configuration: ""
[2.017s] -- Installing: /workspace/src/install/irb1200_ros2_moveit2/share/irb1200_ros2_moveit2/config
[2.018s] -- Installing: /workspace/src/install/irb1200_ros2_moveit2/share/irb1200_ros2_moveit2/config/ompl_planning.yaml
[2.019s] -- Installing: /workspace/src/install/irb1200_ros2_moveit2/share/irb1200_ros2_moveit2/config/irb1200_controllers.yaml
[2.020s] -- Installing: /workspace/src/install/irb1200_ros2_moveit2/share/irb1200_ros2_moveit2/config/irb1200_moveit2.rviz
[2.020s] -- Installing: /workspace/src/install/irb1200_ros2_moveit2/share/irb1200_ros2_moveit2/config/kinematics.yaml
[2.020s] -- Installing: /workspace/src/install/irb1200_ros2_moveit2/share/irb1200_ros2_moveit2/config/irb1200.srdf
[2.020s] -- Installing: /workspace/src/install/irb1200_ros2_moveit2/share/irb1200_ros2_moveit2/launch
[2.021s] -- Installing: /workspace/src/install/irb1200_ros2_moveit2/share/irb1200_ros2_moveit2/launch/irb1200.launch.py
[2.021s] -- Installing: /workspace/src/install/irb1200_ros2_moveit2/share/irb1200_ros2_moveit2/launch/irb1200_interface.launch.py
[2.021s] -- Installing: /workspace/src/install/irb1200_ros2_moveit2/share/ament_index/resource_index/package_run_dependencies/irb1200_ros2_moveit2
[2.022s] -- Installing: /workspace/src/install/irb1200_ros2_moveit2/share/ament_index/resource_index/parent_prefix_path/irb1200_ros2_moveit2
[2.032s] -- Installing: /workspace/src/install/irb1200_ros2_moveit2/share/irb1200_ros2_moveit2/environment/ament_prefix_path.sh
[2.032s] -- Installing: /workspace/src/install/irb1200_ros2_moveit2/share/irb1200_ros2_moveit2/environment/ament_prefix_path.dsv
[2.032s] -- Installing: /workspace/src/install/irb1200_ros2_moveit2/share/irb1200_ros2_moveit2/environment/path.sh
[2.033s] -- Installing: /workspace/src/install/irb1200_ros2_moveit2/share/irb1200_ros2_moveit2/environment/path.dsv
[2.033s] -- Installing: /workspace/src/install/irb1200_ros2_moveit2/share/irb1200_ros2_moveit2/local_setup.bash
[2.033s] -- Installing: /workspace/src/install/irb1200_ros2_moveit2/share/irb1200_ros2_moveit2/local_setup.sh
[2.033s] -- Installing: /workspace/src/install/irb1200_ros2_moveit2/share/irb1200_ros2_moveit2/local_setup.zsh
[2.033s] -- Installing: /workspace/src/install/irb1200_ros2_moveit2/share/irb1200_ros2_moveit2/local_setup.dsv
[2.033s] -- Installing: /workspace/src/install/irb1200_ros2_moveit2/share/irb1200_ros2_moveit2/package.dsv
[2.034s] -- Installing: /workspace/src/install/irb1200_ros2_moveit2/share/ament_index/resource_index/packages/irb1200_ros2_moveit2
[2.035s] -- Installing: /workspace/src/install/irb1200_ros2_moveit2/share/irb1200_ros2_moveit2/cmake/irb1200_ros2_moveit2Config.cmake
[2.036s] -- Installing: /workspace/src/install/irb1200_ros2_moveit2/share/irb1200_ros2_moveit2/cmake/irb1200_ros2_moveit2Config-version.cmake
[2.036s] -- Installing: /workspace/src/install/irb1200_ros2_moveit2/share/irb1200_ros2_moveit2/package.xml
[2.061s] Invoked command in '/workspace/src/build/irb1200_ros2_moveit2' returned '0': AMENT_PREFIX_PATH=/workspace/src/install/ros2_data:${AMENT_PREFIX_PATH} CMAKE_PREFIX_PATH=/workspace/src/install/ros2_data:/workspace/src/install/lakme_ros:/workspace/install/lakme_ros:/opt/ros/humble LD_LIBRARY_PATH=/workspace/src/install/ros2_data/lib:${LD_LIBRARY_PATH} PYTHONPATH=/workspace/src/install/ros2_data/local/lib/python3.10/dist-packages:${PYTHONPATH} /usr/bin/cmake --install /workspace/src/build/irb1200_ros2_moveit2
