[0.021s] Invoking command in '/workspace/build/ros_interfaces': CMAKE_PREFIX_PATH=${CMAKE_PREFIX_PATH}:/workspace/install/srvcli:/workspace/install/pubsub:/workspace/install/my_py_pkg:/workspace/install/my_package:/opt/ros/humble /usr/bin/cmake --build /workspace/build/ros_interfaces -- -j12 -l12
[0.052s] -- Found ament_cmake: 1.3.3 (/opt/ros/humble/share/ament_cmake/cmake)
[0.203s] -- Found ament_lint_auto: 0.12.5 (/opt/ros/humble/share/ament_lint_auto/cmake)
[0.265s] -- Found geometry_msgs: 4.2.3 (/opt/ros/humble/share/geometry_msgs/cmake)
[0.288s] -- Found rosidl_generator_c: 3.1.4 (/opt/ros/humble/share/rosidl_generator_c/cmake)
[0.291s] -- Found rosidl_adapter: 3.1.4 (/opt/ros/humble/share/rosidl_adapter/cmake)
[0.296s] -- Found rosidl_generator_cpp: 3.1.4 (/opt/ros/humble/share/rosidl_generator_cpp/cmake)
[0.310s] -- Using all available rosidl_typesupport_c: rosidl_typesupport_fastrtps_c;rosidl_typesupport_introspection_c
[0.331s] -- Using all available rosidl_typesupport_cpp: rosidl_typesupport_fastrtps_cpp;rosidl_typesupport_introspection_cpp
[0.452s] -- Found rosidl_default_generators: 1.2.0 (/opt/ros/humble/share/rosidl_default_generators/cmake)
[0.793s] -- Found ament_cmake_ros: 0.10.0 (/opt/ros/humble/share/ament_cmake_ros/cmake)
[1.205s] -- Using all available rosidl_typesupport_c: rosidl_typesupport_fastrtps_c;rosidl_typesupport_introspection_c
[1.379s] -- Using all available rosidl_typesupport_cpp: rosidl_typesupport_fastrtps_cpp;rosidl_typesupport_introspection_cpp
[1.400s] -- Found python_cmake_module: 0.10.0 (/opt/ros/humble/share/python_cmake_module/cmake)
[1.428s] -- Using PYTHON_EXECUTABLE: /usr/bin/python3
[1.428s] -- Using PYTHON_INCLUDE_DIRS: /usr/include/python3.10
[1.429s] -- Using PYTHON_LIBRARIES: /usr/lib/x86_64-linux-gnu/libpython3.10.so
[1.485s] -- Added test 'lint_cmake' to check CMake code style
[1.486s] -- Added test 'xmllint' to check XML markup files
[1.489s] -- Configuring done
[1.536s] -- Generating done
[1.539s] -- Build files have been written to: /workspace/build/ros_interfaces
[1.583s] [35m[1mConsolidate compiler generated dependencies of target ros_interfaces__rosidl_generator_c[0m
[1.598s] [  0%] Built target ament_cmake_python_copy_ros_interfaces
[1.599s] [  1%] Built target ros_interfaces__cpp
[1.599s] [  3%] [32mBuilding C object CMakeFiles/ros_interfaces__rosidl_generator_c.dir/rosidl_generator_c/ros_interfaces/action/detail/count_down__functions.c.o[0m
[1.633s] [35m[1mConsolidate compiler generated dependencies of target ros_interfaces__rosidl_typesupport_cpp[0m
[1.636s] [35m[1mConsolidate compiler generated dependencies of target ros_interfaces__rosidl_typesupport_introspection_cpp[0m
[1.636s] [35m[1mConsolidate compiler generated dependencies of target ros_interfaces__rosidl_typesupport_fastrtps_cpp[0m
[1.659s] [  4%] [32mBuilding CXX object CMakeFiles/ros_interfaces__rosidl_typesupport_cpp.dir/rosidl_typesupport_cpp/ros_interfaces/action/count_down__type_support.cpp.o[0m
[1.662s] [  6%] [32mBuilding CXX object CMakeFiles/ros_interfaces__rosidl_typesupport_introspection_cpp.dir/rosidl_typesupport_introspection_cpp/ros_interfaces/action/detail/count_down__type_support.cpp.o[0m
[1.665s] [  7%] [32mBuilding CXX object CMakeFiles/ros_interfaces__rosidl_typesupport_fastrtps_cpp.dir/rosidl_typesupport_fastrtps_cpp/ros_interfaces/action/detail/dds_fastrtps/count_down__type_support.cpp.o[0m
[1.798s] [  9%] [32m[1mLinking C shared library libros_interfaces__rosidl_generator_c.so[0m
[1.856s] [ 17%] Built target ros_interfaces__rosidl_generator_c
[1.887s] [35m[1mConsolidate compiler generated dependencies of target ros_interfaces__rosidl_typesupport_c[0m
[1.891s] [35m[1mConsolidate compiler generated dependencies of target ros_interfaces__rosidl_typesupport_fastrtps_c[0m
[1.894s] [35m[1mConsolidate compiler generated dependencies of target ros_interfaces__rosidl_typesupport_introspection_c[0m
[1.910s] [ 19%] [32mBuilding CXX object CMakeFiles/ros_interfaces__rosidl_typesupport_c.dir/rosidl_typesupport_c/ros_interfaces/action/count_down__type_support.cpp.o[0m
[1.921s] [ 20%] [32mBuilding C object CMakeFiles/ros_interfaces__rosidl_typesupport_introspection_c.dir/rosidl_typesupport_introspection_c/ros_interfaces/action/detail/count_down__type_support.c.o[0m
[1.927s] [ 22%] [32mBuilding CXX object CMakeFiles/ros_interfaces__rosidl_typesupport_fastrtps_c.dir/rosidl_typesupport_fastrtps_c/ros_interfaces/action/detail/count_down__type_support_c.cpp.o[0m
[1.966s] running egg_info
[1.967s] writing ros_interfaces.egg-info/PKG-INFO
[1.968s] writing dependency_links to ros_interfaces.egg-info/dependency_links.txt
[1.968s] writing top-level names to ros_interfaces.egg-info/top_level.txt
[1.971s] reading manifest file 'ros_interfaces.egg-info/SOURCES.txt'
[1.972s] writing manifest file 'ros_interfaces.egg-info/SOURCES.txt'
[1.989s] [ 23%] [32m[1mLinking CXX shared library libros_interfaces__rosidl_typesupport_c.so[0m
[1.995s] [ 25%] [32m[1mLinking C shared library libros_interfaces__rosidl_typesupport_introspection_c.so[0m
[2.015s] [ 25%] Built target ament_cmake_python_build_ros_interfaces_egg
[2.054s] [ 33%] Built target ros_interfaces__rosidl_typesupport_introspection_c
[2.063s] [ 41%] Built target ros_interfaces__rosidl_typesupport_c
[2.406s] [ 42%] [32m[1mLinking CXX shared library libros_interfaces__rosidl_typesupport_cpp.so[0m
[2.461s] [ 50%] Built target ros_interfaces__rosidl_typesupport_cpp
[2.503s] [ 52%] [32m[1mLinking CXX shared library libros_interfaces__rosidl_typesupport_fastrtps_c.so[0m
[2.542s] [ 53%] [32m[1mLinking CXX shared library libros_interfaces__rosidl_typesupport_introspection_cpp.so[0m
[2.546s] [ 55%] [32m[1mLinking CXX shared library libros_interfaces__rosidl_typesupport_fastrtps_cpp.so[0m
[2.655s] [ 63%] Built target ros_interfaces__rosidl_typesupport_fastrtps_c
[2.672s] [ 71%] Built target ros_interfaces__rosidl_typesupport_fastrtps_cpp
[2.673s] [ 79%] Built target ros_interfaces__rosidl_typesupport_introspection_cpp
[2.694s] [ 79%] Built target ros_interfaces
[2.729s] [ 80%] Built target ros_interfaces__py
[2.742s] [35m[1mConsolidate compiler generated dependencies of target ros_interfaces__rosidl_generator_py[0m
[2.760s] [ 82%] [32mBuilding C object CMakeFiles/ros_interfaces__rosidl_generator_py.dir/rosidl_generator_py/ros_interfaces/action/_count_down_s.c.o[0m
[2.913s] [ 84%] [32m[1mLinking C shared library rosidl_generator_py/ros_interfaces/libros_interfaces__rosidl_generator_py.so[0m
[2.960s] [ 90%] Built target ros_interfaces__rosidl_generator_py
[2.971s] [35m[1mConsolidate compiler generated dependencies of target ros_interfaces__rosidl_typesupport_c__pyext[0m
[2.971s] [35m[1mConsolidate compiler generated dependencies of target ros_interfaces__rosidl_typesupport_introspection_c__pyext[0m
[2.971s] [35m[1mConsolidate compiler generated dependencies of target ros_interfaces__rosidl_typesupport_fastrtps_c__pyext[0m
[2.985s] [ 93%] [32m[1mLinking C shared library rosidl_generator_py/ros_interfaces/ros_interfaces_s__rosidl_typesupport_c.cpython-310-x86_64-linux-gnu.so[0m
[2.986s] [ 93%] [32m[1mLinking C shared library rosidl_generator_py/ros_interfaces/ros_interfaces_s__rosidl_typesupport_introspection_c.cpython-310-x86_64-linux-gnu.so[0m
[2.986s] [ 95%] [32m[1mLinking C shared library rosidl_generator_py/ros_interfaces/ros_interfaces_s__rosidl_typesupport_fastrtps_c.cpython-310-x86_64-linux-gnu.so[0m
[3.044s] [ 98%] Built target ros_interfaces__rosidl_typesupport_introspection_c__pyext
[3.044s] [ 98%] Built target ros_interfaces__rosidl_typesupport_c__pyext
[3.044s] [100%] Built target ros_interfaces__rosidl_typesupport_fastrtps_c__pyext
[3.057s] Invoked command in '/workspace/build/ros_interfaces' returned '0': CMAKE_PREFIX_PATH=${CMAKE_PREFIX_PATH}:/workspace/install/srvcli:/workspace/install/pubsub:/workspace/install/my_py_pkg:/workspace/install/my_package:/opt/ros/humble /usr/bin/cmake --build /workspace/build/ros_interfaces -- -j12 -l12
[3.211s] Invoking command in '/workspace/build/ros_interfaces': CMAKE_PREFIX_PATH=${CMAKE_PREFIX_PATH}:/workspace/install/srvcli:/workspace/install/pubsub:/workspace/install/my_py_pkg:/workspace/install/my_package:/opt/ros/humble /usr/bin/cmake --install /workspace/build/ros_interfaces
[3.221s] -- Install configuration: ""
[3.221s] -- Installing: /workspace/install/ros_interfaces/share/ament_index/resource_index/rosidl_interfaces/ros_interfaces
[3.221s] -- Up-to-date: /workspace/install/ros_interfaces/include/ros_interfaces/ros_interfaces
[3.222s] -- Up-to-date: /workspace/install/ros_interfaces/include/ros_interfaces/ros_interfaces/action
[3.222s] -- Up-to-date: /workspace/install/ros_interfaces/include/ros_interfaces/ros_interfaces/action/detail
[3.222s] -- Up-to-date: /workspace/install/ros_interfaces/include/ros_interfaces/ros_interfaces/action/detail/fibonacci__type_support.h
[3.222s] -- Installing: /workspace/install/ros_interfaces/include/ros_interfaces/ros_interfaces/action/detail/count_down__functions.h
[3.223s] -- Up-to-date: /workspace/install/ros_interfaces/include/ros_interfaces/ros_interfaces/action/detail/countdown__type_support.h
[3.223s] -- Installing: /workspace/install/ros_interfaces/include/ros_interfaces/ros_interfaces/action/detail/count_down__struct.h
[3.223s] -- Up-to-date: /workspace/install/ros_interfaces/include/ros_interfaces/ros_interfaces/action/detail/fibonacci__struct.h
[3.223s] -- Up-to-date: /workspace/install/ros_interfaces/include/ros_interfaces/ros_interfaces/action/detail/countdown__functions.c
[3.223s] -- Up-to-date: /workspace/install/ros_interfaces/include/ros_interfaces/ros_interfaces/action/detail/countdown__struct.h
[3.224s] -- Up-to-date: /workspace/install/ros_interfaces/include/ros_interfaces/ros_interfaces/action/detail/fibonacci__functions.h
[3.224s] -- Up-to-date: /workspace/install/ros_interfaces/include/ros_interfaces/ros_interfaces/action/detail/countdown__functions.h
[3.224s] -- Up-to-date: /workspace/install/ros_interfaces/include/ros_interfaces/ros_interfaces/action/detail/fibonacci__functions.c
[3.224s] -- Installing: /workspace/install/ros_interfaces/include/ros_interfaces/ros_interfaces/action/detail/count_down__type_support.h
[3.224s] -- Installing: /workspace/install/ros_interfaces/include/ros_interfaces/ros_interfaces/action/detail/count_down__functions.c
[3.225s] -- Installing: /workspace/install/ros_interfaces/include/ros_interfaces/ros_interfaces/action/count_down.h
[3.225s] -- Up-to-date: /workspace/install/ros_interfaces/include/ros_interfaces/ros_interfaces/action/fibonacci.h
[3.225s] -- Up-to-date: /workspace/install/ros_interfaces/include/ros_interfaces/ros_interfaces/action/countdown.h
[3.225s] -- Up-to-date: /workspace/install/ros_interfaces/include/ros_interfaces/ros_interfaces/srv
[3.225s] -- Up-to-date: /workspace/install/ros_interfaces/include/ros_interfaces/ros_interfaces/srv/add_tree_ints.h
[3.225s] -- Up-to-date: /workspace/install/ros_interfaces/include/ros_interfaces/ros_interfaces/srv/detail
[3.226s] -- Up-to-date: /workspace/install/ros_interfaces/include/ros_interfaces/ros_interfaces/srv/detail/add_tree_ints__functions.c
[3.226s] -- Up-to-date: /workspace/install/ros_interfaces/include/ros_interfaces/ros_interfaces/srv/detail/add_tree_ints__functions.h
[3.226s] -- Up-to-date: /workspace/install/ros_interfaces/include/ros_interfaces/ros_interfaces/srv/detail/add_tree_ints__type_support.h
[3.226s] -- Up-to-date: /workspace/install/ros_interfaces/include/ros_interfaces/ros_interfaces/srv/detail/add_tree_ints__struct.h
[3.226s] -- Up-to-date: /workspace/install/ros_interfaces/include/ros_interfaces/ros_interfaces/msg
[3.227s] -- Up-to-date: /workspace/install/ros_interfaces/include/ros_interfaces/ros_interfaces/msg/num.h
[3.227s] -- Up-to-date: /workspace/install/ros_interfaces/include/ros_interfaces/ros_interfaces/msg/detail
[3.227s] -- Up-to-date: /workspace/install/ros_interfaces/include/ros_interfaces/ros_interfaces/msg/detail/num__struct.h
[3.227s] -- Up-to-date: /workspace/install/ros_interfaces/include/ros_interfaces/ros_interfaces/msg/detail/sphere__functions.h
[3.227s] -- Up-to-date: /workspace/install/ros_interfaces/include/ros_interfaces/ros_interfaces/msg/detail/sphere__functions.c
[3.227s] -- Up-to-date: /workspace/install/ros_interfaces/include/ros_interfaces/ros_interfaces/msg/detail/num__functions.h
[3.228s] -- Up-to-date: /workspace/install/ros_interfaces/include/ros_interfaces/ros_interfaces/msg/detail/sphere__struct.h
[3.228s] -- Up-to-date: /workspace/install/ros_interfaces/include/ros_interfaces/ros_interfaces/msg/detail/sphere__type_support.h
[3.228s] -- Up-to-date: /workspace/install/ros_interfaces/include/ros_interfaces/ros_interfaces/msg/detail/num__type_support.h
[3.228s] -- Up-to-date: /workspace/install/ros_interfaces/include/ros_interfaces/ros_interfaces/msg/detail/num__functions.c
[3.229s] -- Up-to-date: /workspace/install/ros_interfaces/include/ros_interfaces/ros_interfaces/msg/rosidl_generator_c__visibility_control.h
[3.229s] -- Up-to-date: /workspace/install/ros_interfaces/include/ros_interfaces/ros_interfaces/msg/sphere.h
[3.229s] -- Up-to-date: /workspace/install/ros_interfaces/share/ros_interfaces/environment/library_path.sh
[3.229s] -- Installing: /workspace/install/ros_interfaces/share/ros_interfaces/environment/library_path.dsv
[3.232s] -- Installing: /workspace/install/ros_interfaces/lib/libros_interfaces__rosidl_generator_c.so
[3.233s] -- Set runtime path of "/workspace/install/ros_interfaces/lib/libros_interfaces__rosidl_generator_c.so" to ""
[3.233s] -- Up-to-date: /workspace/install/ros_interfaces/include/ros_interfaces/ros_interfaces
[3.233s] -- Up-to-date: /workspace/install/ros_interfaces/include/ros_interfaces/ros_interfaces/action
[3.233s] -- Up-to-date: /workspace/install/ros_interfaces/include/ros_interfaces/ros_interfaces/action/detail
[3.233s] -- Up-to-date: /workspace/install/ros_interfaces/include/ros_interfaces/ros_interfaces/action/detail/countdown__rosidl_typesupport_fastrtps_c.h
[3.234s] -- Installing: /workspace/install/ros_interfaces/include/ros_interfaces/ros_interfaces/action/detail/count_down__rosidl_typesupport_fastrtps_c.h
[3.234s] -- Up-to-date: /workspace/install/ros_interfaces/include/ros_interfaces/ros_interfaces/action/detail/fibonacci__rosidl_typesupport_fastrtps_c.h
[3.234s] -- Up-to-date: /workspace/install/ros_interfaces/include/ros_interfaces/ros_interfaces/srv
[3.234s] -- Up-to-date: /workspace/install/ros_interfaces/include/ros_interfaces/ros_interfaces/srv/detail
[3.235s] -- Up-to-date: /workspace/install/ros_interfaces/include/ros_interfaces/ros_interfaces/srv/detail/add_tree_ints__rosidl_typesupport_fastrtps_c.h
[3.235s] -- Up-to-date: /workspace/install/ros_interfaces/include/ros_interfaces/ros_interfaces/msg
[3.235s] -- Up-to-date: /workspace/install/ros_interfaces/include/ros_interfaces/ros_interfaces/msg/detail
[3.235s] -- Up-to-date: /workspace/install/ros_interfaces/include/ros_interfaces/ros_interfaces/msg/detail/num__rosidl_typesupport_fastrtps_c.h
[3.235s] -- Up-to-date: /workspace/install/ros_interfaces/include/ros_interfaces/ros_interfaces/msg/detail/sphere__rosidl_typesupport_fastrtps_c.h
[3.235s] -- Up-to-date: /workspace/install/ros_interfaces/include/ros_interfaces/ros_interfaces/msg/rosidl_typesupport_fastrtps_c__visibility_control.h
[3.236s] -- Installing: /workspace/install/ros_interfaces/lib/libros_interfaces__rosidl_typesupport_fastrtps_c.so
[3.236s] -- Set runtime path of "/workspace/install/ros_interfaces/lib/libros_interfaces__rosidl_typesupport_fastrtps_c.so" to ""
[3.236s] -- Up-to-date: /workspace/install/ros_interfaces/include/ros_interfaces/ros_interfaces
[3.236s] -- Up-to-date: /workspace/install/ros_interfaces/include/ros_interfaces/ros_interfaces/action
[3.236s] -- Up-to-date: /workspace/install/ros_interfaces/include/ros_interfaces/ros_interfaces/action/countdown.hpp
[3.237s] -- Up-to-date: /workspace/install/ros_interfaces/include/ros_interfaces/ros_interfaces/action/detail
[3.237s] -- Installing: /workspace/install/ros_interfaces/include/ros_interfaces/ros_interfaces/action/detail/count_down__builder.hpp
[3.237s] -- Up-to-date: /workspace/install/ros_interfaces/include/ros_interfaces/ros_interfaces/action/detail/fibonacci__struct.hpp
[3.237s] -- Up-to-date: /workspace/install/ros_interfaces/include/ros_interfaces/ros_interfaces/action/detail/countdown__traits.hpp
[3.237s] -- Installing: /workspace/install/ros_interfaces/include/ros_interfaces/ros_interfaces/action/detail/count_down__struct.hpp
[3.237s] -- Up-to-date: /workspace/install/ros_interfaces/include/ros_interfaces/ros_interfaces/action/detail/fibonacci__traits.hpp
[3.238s] -- Up-to-date: /workspace/install/ros_interfaces/include/ros_interfaces/ros_interfaces/action/detail/countdown__builder.hpp
[3.238s] -- Up-to-date: /workspace/install/ros_interfaces/include/ros_interfaces/ros_interfaces/action/detail/fibonacci__builder.hpp
[3.238s] -- Up-to-date: /workspace/install/ros_interfaces/include/ros_interfaces/ros_interfaces/action/detail/countdown__struct.hpp
[3.238s] -- Installing: /workspace/install/ros_interfaces/include/ros_interfaces/ros_interfaces/action/detail/count_down__traits.hpp
[3.238s] -- Up-to-date: /workspace/install/ros_interfaces/include/ros_interfaces/ros_interfaces/action/fibonacci.hpp
[3.238s] -- Installing: /workspace/install/ros_interfaces/include/ros_interfaces/ros_interfaces/action/count_down.hpp
[3.239s] -- Up-to-date: /workspace/install/ros_interfaces/include/ros_interfaces/ros_interfaces/srv
[3.239s] -- Up-to-date: /workspace/install/ros_interfaces/include/ros_interfaces/ros_interfaces/srv/add_tree_ints.hpp
[3.239s] -- Up-to-date: /workspace/install/ros_interfaces/include/ros_interfaces/ros_interfaces/srv/detail
[3.239s] -- Up-to-date: /workspace/install/ros_interfaces/include/ros_interfaces/ros_interfaces/srv/detail/add_tree_ints__struct.hpp
[3.239s] -- Up-to-date: /workspace/install/ros_interfaces/include/ros_interfaces/ros_interfaces/srv/detail/add_tree_ints__builder.hpp
[3.239s] -- Up-to-date: /workspace/install/ros_interfaces/include/ros_interfaces/ros_interfaces/srv/detail/add_tree_ints__traits.hpp
[3.239s] -- Up-to-date: /workspace/install/ros_interfaces/include/ros_interfaces/ros_interfaces/msg
[3.240s] -- Up-to-date: /workspace/install/ros_interfaces/include/ros_interfaces/ros_interfaces/msg/detail
[3.240s] -- Up-to-date: /workspace/install/ros_interfaces/include/ros_interfaces/ros_interfaces/msg/detail/sphere__builder.hpp
[3.240s] -- Up-to-date: /workspace/install/ros_interfaces/include/ros_interfaces/ros_interfaces/msg/detail/num__struct.hpp
[3.240s] -- Up-to-date: /workspace/install/ros_interfaces/include/ros_interfaces/ros_interfaces/msg/detail/sphere__struct.hpp
[3.240s] -- Up-to-date: /workspace/install/ros_interfaces/include/ros_interfaces/ros_interfaces/msg/detail/sphere__traits.hpp
[3.240s] -- Up-to-date: /workspace/install/ros_interfaces/include/ros_interfaces/ros_interfaces/msg/detail/num__builder.hpp
[3.241s] -- Up-to-date: /workspace/install/ros_interfaces/include/ros_interfaces/ros_interfaces/msg/detail/num__traits.hpp
[3.241s] -- Up-to-date: /workspace/install/ros_interfaces/include/ros_interfaces/ros_interfaces/msg/num.hpp
[3.241s] -- Up-to-date: /workspace/install/ros_interfaces/include/ros_interfaces/ros_interfaces/msg/sphere.hpp
[3.241s] -- Up-to-date: /workspace/install/ros_interfaces/include/ros_interfaces/ros_interfaces
[3.241s] -- Up-to-date: /workspace/install/ros_interfaces/include/ros_interfaces/ros_interfaces/action
[3.242s] -- Up-to-date: /workspace/install/ros_interfaces/include/ros_interfaces/ros_interfaces/action/detail
[3.242s] -- Up-to-date: /workspace/install/ros_interfaces/include/ros_interfaces/ros_interfaces/action/detail/fibonacci__rosidl_typesupport_fastrtps_cpp.hpp
[3.242s] -- Up-to-date: /workspace/install/ros_interfaces/include/ros_interfaces/ros_interfaces/action/detail/countdown__rosidl_typesupport_fastrtps_cpp.hpp
[3.242s] -- Installing: /workspace/install/ros_interfaces/include/ros_interfaces/ros_interfaces/action/detail/count_down__rosidl_typesupport_fastrtps_cpp.hpp
[3.242s] -- Up-to-date: /workspace/install/ros_interfaces/include/ros_interfaces/ros_interfaces/action/detail/dds_fastrtps
[3.243s] -- Up-to-date: /workspace/install/ros_interfaces/include/ros_interfaces/ros_interfaces/srv
[3.243s] -- Up-to-date: /workspace/install/ros_interfaces/include/ros_interfaces/ros_interfaces/srv/detail
[3.243s] -- Up-to-date: /workspace/install/ros_interfaces/include/ros_interfaces/ros_interfaces/srv/detail/dds_fastrtps
[3.243s] -- Up-to-date: /workspace/install/ros_interfaces/include/ros_interfaces/ros_interfaces/srv/detail/add_tree_ints__rosidl_typesupport_fastrtps_cpp.hpp
[3.243s] -- Up-to-date: /workspace/install/ros_interfaces/include/ros_interfaces/ros_interfaces/msg
[3.243s] -- Up-to-date: /workspace/install/ros_interfaces/include/ros_interfaces/ros_interfaces/msg/detail
[3.244s] -- Up-to-date: /workspace/install/ros_interfaces/include/ros_interfaces/ros_interfaces/msg/detail/num__rosidl_typesupport_fastrtps_cpp.hpp
[3.244s] -- Up-to-date: /workspace/install/ros_interfaces/include/ros_interfaces/ros_interfaces/msg/detail/sphere__rosidl_typesupport_fastrtps_cpp.hpp
[3.244s] -- Up-to-date: /workspace/install/ros_interfaces/include/ros_interfaces/ros_interfaces/msg/detail/dds_fastrtps
[3.244s] -- Up-to-date: /workspace/install/ros_interfaces/include/ros_interfaces/ros_interfaces/msg/rosidl_typesupport_fastrtps_cpp__visibility_control.h
[3.244s] -- Installing: /workspace/install/ros_interfaces/lib/libros_interfaces__rosidl_typesupport_fastrtps_cpp.so
[3.244s] -- Set runtime path of "/workspace/install/ros_interfaces/lib/libros_interfaces__rosidl_typesupport_fastrtps_cpp.so" to ""
[3.244s] -- Up-to-date: /workspace/install/ros_interfaces/include/ros_interfaces/ros_interfaces
[3.244s] -- Up-to-date: /workspace/install/ros_interfaces/include/ros_interfaces/ros_interfaces/action
[3.244s] -- Up-to-date: /workspace/install/ros_interfaces/include/ros_interfaces/ros_interfaces/action/detail
[3.244s] -- Up-to-date: /workspace/install/ros_interfaces/include/ros_interfaces/ros_interfaces/action/detail/fibonacci__rosidl_typesupport_introspection_c.h
[3.244s] -- Installing: /workspace/install/ros_interfaces/include/ros_interfaces/ros_interfaces/action/detail/count_down__rosidl_typesupport_introspection_c.h
[3.245s] -- Up-to-date: /workspace/install/ros_interfaces/include/ros_interfaces/ros_interfaces/action/detail/countdown__rosidl_typesupport_introspection_c.h
[3.245s] -- Installing: /workspace/install/ros_interfaces/include/ros_interfaces/ros_interfaces/action/detail/count_down__type_support.c
[3.245s] -- Up-to-date: /workspace/install/ros_interfaces/include/ros_interfaces/ros_interfaces/action/detail/countdown__type_support.c
[3.245s] -- Up-to-date: /workspace/install/ros_interfaces/include/ros_interfaces/ros_interfaces/action/detail/fibonacci__type_support.c
[3.245s] -- Up-to-date: /workspace/install/ros_interfaces/include/ros_interfaces/ros_interfaces/srv
[3.245s] -- Up-to-date: /workspace/install/ros_interfaces/include/ros_interfaces/ros_interfaces/srv/detail
[3.245s] -- Up-to-date: /workspace/install/ros_interfaces/include/ros_interfaces/ros_interfaces/srv/detail/add_tree_ints__rosidl_typesupport_introspection_c.h
[3.245s] -- Up-to-date: /workspace/install/ros_interfaces/include/ros_interfaces/ros_interfaces/srv/detail/add_tree_ints__type_support.c
[3.245s] -- Up-to-date: /workspace/install/ros_interfaces/include/ros_interfaces/ros_interfaces/msg
[3.245s] -- Up-to-date: /workspace/install/ros_interfaces/include/ros_interfaces/ros_interfaces/msg/rosidl_typesupport_introspection_c__visibility_control.h
[3.245s] -- Up-to-date: /workspace/install/ros_interfaces/include/ros_interfaces/ros_interfaces/msg/detail
[3.245s] -- Up-to-date: /workspace/install/ros_interfaces/include/ros_interfaces/ros_interfaces/msg/detail/num__rosidl_typesupport_introspection_c.h
[3.245s] -- Up-to-date: /workspace/install/ros_interfaces/include/ros_interfaces/ros_interfaces/msg/detail/num__type_support.c
[3.245s] -- Up-to-date: /workspace/install/ros_interfaces/include/ros_interfaces/ros_interfaces/msg/detail/sphere__rosidl_typesupport_introspection_c.h
[3.245s] -- Up-to-date: /workspace/install/ros_interfaces/include/ros_interfaces/ros_interfaces/msg/detail/sphere__type_support.c
[3.245s] -- Installing: /workspace/install/ros_interfaces/lib/libros_interfaces__rosidl_typesupport_introspection_c.so
[3.246s] -- Set runtime path of "/workspace/install/ros_interfaces/lib/libros_interfaces__rosidl_typesupport_introspection_c.so" to ""
[3.246s] -- Installing: /workspace/install/ros_interfaces/lib/libros_interfaces__rosidl_typesupport_c.so
[3.246s] -- Set runtime path of "/workspace/install/ros_interfaces/lib/libros_interfaces__rosidl_typesupport_c.so" to ""
[3.246s] -- Up-to-date: /workspace/install/ros_interfaces/include/ros_interfaces/ros_interfaces
[3.246s] -- Up-to-date: /workspace/install/ros_interfaces/include/ros_interfaces/ros_interfaces/action
[3.246s] -- Up-to-date: /workspace/install/ros_interfaces/include/ros_interfaces/ros_interfaces/action/detail
[3.246s] -- Installing: /workspace/install/ros_interfaces/include/ros_interfaces/ros_interfaces/action/detail/count_down__rosidl_typesupport_introspection_cpp.hpp
[3.246s] -- Installing: /workspace/install/ros_interfaces/include/ros_interfaces/ros_interfaces/action/detail/count_down__type_support.cpp
[3.246s] -- Up-to-date: /workspace/install/ros_interfaces/include/ros_interfaces/ros_interfaces/action/detail/fibonacci__type_support.cpp
[3.246s] -- Up-to-date: /workspace/install/ros_interfaces/include/ros_interfaces/ros_interfaces/action/detail/countdown__rosidl_typesupport_introspection_cpp.hpp
[3.246s] -- Up-to-date: /workspace/install/ros_interfaces/include/ros_interfaces/ros_interfaces/action/detail/countdown__type_support.cpp
[3.246s] -- Up-to-date: /workspace/install/ros_interfaces/include/ros_interfaces/ros_interfaces/action/detail/fibonacci__rosidl_typesupport_introspection_cpp.hpp
[3.246s] -- Up-to-date: /workspace/install/ros_interfaces/include/ros_interfaces/ros_interfaces/srv
[3.246s] -- Up-to-date: /workspace/install/ros_interfaces/include/ros_interfaces/ros_interfaces/srv/detail
[3.247s] -- Up-to-date: /workspace/install/ros_interfaces/include/ros_interfaces/ros_interfaces/srv/detail/add_tree_ints__rosidl_typesupport_introspection_cpp.hpp
[3.247s] -- Up-to-date: /workspace/install/ros_interfaces/include/ros_interfaces/ros_interfaces/srv/detail/add_tree_ints__type_support.cpp
[3.247s] -- Up-to-date: /workspace/install/ros_interfaces/include/ros_interfaces/ros_interfaces/msg
[3.247s] -- Up-to-date: /workspace/install/ros_interfaces/include/ros_interfaces/ros_interfaces/msg/detail
[3.247s] -- Up-to-date: /workspace/install/ros_interfaces/include/ros_interfaces/ros_interfaces/msg/detail/num__type_support.cpp
[3.247s] -- Up-to-date: /workspace/install/ros_interfaces/include/ros_interfaces/ros_interfaces/msg/detail/sphere__rosidl_typesupport_introspection_cpp.hpp
[3.247s] -- Up-to-date: /workspace/install/ros_interfaces/include/ros_interfaces/ros_interfaces/msg/detail/sphere__type_support.cpp
[3.247s] -- Up-to-date: /workspace/install/ros_interfaces/include/ros_interfaces/ros_interfaces/msg/detail/num__rosidl_typesupport_introspection_cpp.hpp
[3.247s] -- Installing: /workspace/install/ros_interfaces/lib/libros_interfaces__rosidl_typesupport_introspection_cpp.so
[3.247s] -- Set runtime path of "/workspace/install/ros_interfaces/lib/libros_interfaces__rosidl_typesupport_introspection_cpp.so" to ""
[3.247s] -- Installing: /workspace/install/ros_interfaces/lib/libros_interfaces__rosidl_typesupport_cpp.so
[3.247s] -- Set runtime path of "/workspace/install/ros_interfaces/lib/libros_interfaces__rosidl_typesupport_cpp.so" to ""
[3.247s] -- Up-to-date: /workspace/install/ros_interfaces/share/ros_interfaces/environment/pythonpath.sh
[3.247s] -- Installing: /workspace/install/ros_interfaces/share/ros_interfaces/environment/pythonpath.dsv
[3.247s] -- Up-to-date: /workspace/install/ros_interfaces/local/lib/python3.10/dist-packages/ros_interfaces-0.0.0-py3.10.egg-info
[3.247s] -- Installing: /workspace/install/ros_interfaces/local/lib/python3.10/dist-packages/ros_interfaces-0.0.0-py3.10.egg-info/SOURCES.txt
[3.247s] -- Installing: /workspace/install/ros_interfaces/local/lib/python3.10/dist-packages/ros_interfaces-0.0.0-py3.10.egg-info/dependency_links.txt
[3.248s] -- Installing: /workspace/install/ros_interfaces/local/lib/python3.10/dist-packages/ros_interfaces-0.0.0-py3.10.egg-info/top_level.txt
[3.248s] -- Installing: /workspace/install/ros_interfaces/local/lib/python3.10/dist-packages/ros_interfaces-0.0.0-py3.10.egg-info/PKG-INFO
[3.248s] -- Up-to-date: /workspace/install/ros_interfaces/local/lib/python3.10/dist-packages/ros_interfaces
[3.248s] -- Up-to-date: /workspace/install/ros_interfaces/local/lib/python3.10/dist-packages/ros_interfaces/action
[3.248s] -- Up-to-date: /workspace/install/ros_interfaces/local/lib/python3.10/dist-packages/ros_interfaces/action/_fibonacci.py
[3.248s] -- Installing: /workspace/install/ros_interfaces/local/lib/python3.10/dist-packages/ros_interfaces/action/_count_down_s.c
[3.248s] -- Up-to-date: /workspace/install/ros_interfaces/local/lib/python3.10/dist-packages/ros_interfaces/action/__init__.py
[3.248s] -- Up-to-date: /workspace/install/ros_interfaces/local/lib/python3.10/dist-packages/ros_interfaces/action/_countdown.py
[3.248s] -- Installing: /workspace/install/ros_interfaces/local/lib/python3.10/dist-packages/ros_interfaces/action/_count_down.py
[3.248s] -- Up-to-date: /workspace/install/ros_interfaces/local/lib/python3.10/dist-packages/ros_interfaces/action/_countdown_s.c
[3.248s] -- Up-to-date: /workspace/install/ros_interfaces/local/lib/python3.10/dist-packages/ros_interfaces/action/_fibonacci_s.c
[3.248s] -- Installing: /workspace/install/ros_interfaces/local/lib/python3.10/dist-packages/ros_interfaces/ros_interfaces_s__rosidl_typesupport_c.cpython-310-x86_64-linux-gnu.so
[3.249s] -- Up-to-date: /workspace/install/ros_interfaces/local/lib/python3.10/dist-packages/ros_interfaces/srv
[3.249s] -- Up-to-date: /workspace/install/ros_interfaces/local/lib/python3.10/dist-packages/ros_interfaces/srv/__init__.py
[3.249s] -- Up-to-date: /workspace/install/ros_interfaces/local/lib/python3.10/dist-packages/ros_interfaces/srv/_add_tree_ints.py
[3.249s] -- Up-to-date: /workspace/install/ros_interfaces/local/lib/python3.10/dist-packages/ros_interfaces/srv/_add_tree_ints_s.c
[3.249s] -- Up-to-date: /workspace/install/ros_interfaces/local/lib/python3.10/dist-packages/ros_interfaces/msg
[3.249s] -- Up-to-date: /workspace/install/ros_interfaces/local/lib/python3.10/dist-packages/ros_interfaces/msg/_num.py
[3.249s] -- Up-to-date: /workspace/install/ros_interfaces/local/lib/python3.10/dist-packages/ros_interfaces/msg/_sphere.py
[3.249s] -- Up-to-date: /workspace/install/ros_interfaces/local/lib/python3.10/dist-packages/ros_interfaces/msg/_sphere_s.c
[3.249s] -- Up-to-date: /workspace/install/ros_interfaces/local/lib/python3.10/dist-packages/ros_interfaces/msg/_num_s.c
[3.249s] -- Up-to-date: /workspace/install/ros_interfaces/local/lib/python3.10/dist-packages/ros_interfaces/msg/__init__.py
[3.249s] -- Installing: /workspace/install/ros_interfaces/local/lib/python3.10/dist-packages/ros_interfaces/__init__.py
[3.249s] -- Up-to-date: /workspace/install/ros_interfaces/local/lib/python3.10/dist-packages/ros_interfaces/_ros_interfaces_s.ep.rosidl_typesupport_introspection_c.c
[3.250s] -- Up-to-date: /workspace/install/ros_interfaces/local/lib/python3.10/dist-packages/ros_interfaces/_ros_interfaces_s.ep.rosidl_typesupport_c.c
[3.250s] -- Installing: /workspace/install/ros_interfaces/local/lib/python3.10/dist-packages/ros_interfaces/ros_interfaces_s__rosidl_typesupport_introspection_c.cpython-310-x86_64-linux-gnu.so
[3.250s] -- Installing: /workspace/install/ros_interfaces/local/lib/python3.10/dist-packages/ros_interfaces/ros_interfaces_s__rosidl_typesupport_fastrtps_c.cpython-310-x86_64-linux-gnu.so
[3.250s] -- Up-to-date: /workspace/install/ros_interfaces/local/lib/python3.10/dist-packages/ros_interfaces/_ros_interfaces_s.ep.rosidl_typesupport_fastrtps_c.c
[3.250s] -- Installing: /workspace/install/ros_interfaces/local/lib/python3.10/dist-packages/ros_interfaces/libros_interfaces__rosidl_generator_py.so
[3.286s] Listing '/workspace/install/ros_interfaces/local/lib/python3.10/dist-packages/ros_interfaces'...
[3.286s] Compiling '/workspace/install/ros_interfaces/local/lib/python3.10/dist-packages/ros_interfaces/__init__.py'...
[3.286s] Listing '/workspace/install/ros_interfaces/local/lib/python3.10/dist-packages/ros_interfaces/action'...
[3.286s] Compiling '/workspace/install/ros_interfaces/local/lib/python3.10/dist-packages/ros_interfaces/action/_count_down.py'...
[3.286s] Listing '/workspace/install/ros_interfaces/local/lib/python3.10/dist-packages/ros_interfaces/msg'...
[3.286s] Listing '/workspace/install/ros_interfaces/local/lib/python3.10/dist-packages/ros_interfaces/srv'...
[3.290s] -- Installing: /workspace/install/ros_interfaces/local/lib/python3.10/dist-packages/ros_interfaces/ros_interfaces_s__rosidl_typesupport_fastrtps_c.cpython-310-x86_64-linux-gnu.so
[3.291s] -- Set runtime path of "/workspace/install/ros_interfaces/local/lib/python3.10/dist-packages/ros_interfaces/ros_interfaces_s__rosidl_typesupport_fastrtps_c.cpython-310-x86_64-linux-gnu.so" to ""
[3.291s] -- Installing: /workspace/install/ros_interfaces/local/lib/python3.10/dist-packages/ros_interfaces/ros_interfaces_s__rosidl_typesupport_introspection_c.cpython-310-x86_64-linux-gnu.so
[3.292s] -- Set runtime path of "/workspace/install/ros_interfaces/local/lib/python3.10/dist-packages/ros_interfaces/ros_interfaces_s__rosidl_typesupport_introspection_c.cpython-310-x86_64-linux-gnu.so" to ""
[3.292s] -- Installing: /workspace/install/ros_interfaces/local/lib/python3.10/dist-packages/ros_interfaces/ros_interfaces_s__rosidl_typesupport_c.cpython-310-x86_64-linux-gnu.so
[3.293s] -- Set runtime path of "/workspace/install/ros_interfaces/local/lib/python3.10/dist-packages/ros_interfaces/ros_interfaces_s__rosidl_typesupport_c.cpython-310-x86_64-linux-gnu.so" to ""
[3.293s] -- Installing: /workspace/install/ros_interfaces/lib/libros_interfaces__rosidl_generator_py.so
[3.293s] -- Set runtime path of "/workspace/install/ros_interfaces/lib/libros_interfaces__rosidl_generator_py.so" to ""
[3.293s] -- Up-to-date: /workspace/install/ros_interfaces/share/ros_interfaces/msg/Num.idl
[3.294s] -- Up-to-date: /workspace/install/ros_interfaces/share/ros_interfaces/msg/Sphere.idl
[3.294s] -- Up-to-date: /workspace/install/ros_interfaces/share/ros_interfaces/srv/AddTreeInts.idl
[3.294s] -- Up-to-date: /workspace/install/ros_interfaces/share/ros_interfaces/action/Fibonacci.idl
[3.294s] -- Up-to-date: /workspace/install/ros_interfaces/share/ros_interfaces/action/CountDown.idl
[3.294s] -- Up-to-date: /workspace/install/ros_interfaces/share/ros_interfaces/msg/Num.msg
[3.295s] -- Up-to-date: /workspace/install/ros_interfaces/share/ros_interfaces/msg/Sphere.msg
[3.295s] -- Up-to-date: /workspace/install/ros_interfaces/share/ros_interfaces/srv/AddTreeInts.srv
[3.295s] -- Up-to-date: /workspace/install/ros_interfaces/share/ros_interfaces/srv/AddTreeInts_Request.msg
[3.295s] -- Up-to-date: /workspace/install/ros_interfaces/share/ros_interfaces/srv/AddTreeInts_Response.msg
[3.295s] -- Up-to-date: /workspace/install/ros_interfaces/share/ros_interfaces/action/Fibonacci.action
[3.295s] -- Installing: /workspace/install/ros_interfaces/share/ros_interfaces/action/CountDown.action
[3.296s] -- Up-to-date: /workspace/install/ros_interfaces/share/ament_index/resource_index/package_run_dependencies/ros_interfaces
[3.296s] -- Up-to-date: /workspace/install/ros_interfaces/share/ament_index/resource_index/parent_prefix_path/ros_interfaces
[3.296s] -- Up-to-date: /workspace/install/ros_interfaces/share/ros_interfaces/environment/ament_prefix_path.sh
[3.296s] -- Installing: /workspace/install/ros_interfaces/share/ros_interfaces/environment/ament_prefix_path.dsv
[3.296s] -- Up-to-date: /workspace/install/ros_interfaces/share/ros_interfaces/environment/path.sh
[3.297s] -- Installing: /workspace/install/ros_interfaces/share/ros_interfaces/environment/path.dsv
[3.297s] -- Up-to-date: /workspace/install/ros_interfaces/share/ros_interfaces/local_setup.bash
[3.297s] -- Up-to-date: /workspace/install/ros_interfaces/share/ros_interfaces/local_setup.sh
[3.297s] -- Up-to-date: /workspace/install/ros_interfaces/share/ros_interfaces/local_setup.zsh
[3.297s] -- Installing: /workspace/install/ros_interfaces/share/ros_interfaces/local_setup.dsv
[3.297s] -- Installing: /workspace/install/ros_interfaces/share/ros_interfaces/package.dsv
[3.298s] -- Up-to-date: /workspace/install/ros_interfaces/share/ament_index/resource_index/packages/ros_interfaces
[3.298s] -- Up-to-date: /workspace/install/ros_interfaces/share/ros_interfaces/cmake/export_ros_interfaces__rosidl_generator_cExport.cmake
[3.298s] -- Up-to-date: /workspace/install/ros_interfaces/share/ros_interfaces/cmake/export_ros_interfaces__rosidl_generator_cExport-noconfig.cmake
[3.298s] -- Up-to-date: /workspace/install/ros_interfaces/share/ros_interfaces/cmake/export_ros_interfaces__rosidl_typesupport_fastrtps_cExport.cmake
[3.298s] -- Up-to-date: /workspace/install/ros_interfaces/share/ros_interfaces/cmake/export_ros_interfaces__rosidl_typesupport_fastrtps_cExport-noconfig.cmake
[3.299s] -- Up-to-date: /workspace/install/ros_interfaces/share/ros_interfaces/cmake/export_ros_interfaces__rosidl_generator_cppExport.cmake
[3.299s] -- Up-to-date: /workspace/install/ros_interfaces/share/ros_interfaces/cmake/export_ros_interfaces__rosidl_typesupport_fastrtps_cppExport.cmake
[3.299s] -- Up-to-date: /workspace/install/ros_interfaces/share/ros_interfaces/cmake/export_ros_interfaces__rosidl_typesupport_fastrtps_cppExport-noconfig.cmake
[3.299s] -- Up-to-date: /workspace/install/ros_interfaces/share/ros_interfaces/cmake/ros_interfaces__rosidl_typesupport_introspection_cExport.cmake
[3.299s] -- Up-to-date: /workspace/install/ros_interfaces/share/ros_interfaces/cmake/ros_interfaces__rosidl_typesupport_introspection_cExport-noconfig.cmake
[3.299s] -- Up-to-date: /workspace/install/ros_interfaces/share/ros_interfaces/cmake/ros_interfaces__rosidl_typesupport_cExport.cmake
[3.300s] -- Up-to-date: /workspace/install/ros_interfaces/share/ros_interfaces/cmake/ros_interfaces__rosidl_typesupport_cExport-noconfig.cmake
[3.300s] -- Up-to-date: /workspace/install/ros_interfaces/share/ros_interfaces/cmake/ros_interfaces__rosidl_typesupport_introspection_cppExport.cmake
[3.300s] -- Up-to-date: /workspace/install/ros_interfaces/share/ros_interfaces/cmake/ros_interfaces__rosidl_typesupport_introspection_cppExport-noconfig.cmake
[3.300s] -- Up-to-date: /workspace/install/ros_interfaces/share/ros_interfaces/cmake/ros_interfaces__rosidl_typesupport_cppExport.cmake
[3.300s] -- Up-to-date: /workspace/install/ros_interfaces/share/ros_interfaces/cmake/ros_interfaces__rosidl_typesupport_cppExport-noconfig.cmake
[3.300s] -- Up-to-date: /workspace/install/ros_interfaces/share/ros_interfaces/cmake/export_ros_interfaces__rosidl_generator_pyExport.cmake
[3.301s] -- Up-to-date: /workspace/install/ros_interfaces/share/ros_interfaces/cmake/export_ros_interfaces__rosidl_generator_pyExport-noconfig.cmake
[3.301s] -- Installing: /workspace/install/ros_interfaces/share/ros_interfaces/cmake/rosidl_cmake-extras.cmake
[3.301s] -- Up-to-date: /workspace/install/ros_interfaces/share/ros_interfaces/cmake/ament_cmake_export_dependencies-extras.cmake
[3.301s] -- Up-to-date: /workspace/install/ros_interfaces/share/ros_interfaces/cmake/ament_cmake_export_include_directories-extras.cmake
[3.301s] -- Up-to-date: /workspace/install/ros_interfaces/share/ros_interfaces/cmake/ament_cmake_export_libraries-extras.cmake
[3.301s] -- Up-to-date: /workspace/install/ros_interfaces/share/ros_interfaces/cmake/ament_cmake_export_targets-extras.cmake
[3.301s] -- Up-to-date: /workspace/install/ros_interfaces/share/ros_interfaces/cmake/rosidl_cmake_export_typesupport_targets-extras.cmake
[3.302s] -- Up-to-date: /workspace/install/ros_interfaces/share/ros_interfaces/cmake/rosidl_cmake_export_typesupport_libraries-extras.cmake
[3.302s] -- Up-to-date: /workspace/install/ros_interfaces/share/ros_interfaces/cmake/ros_interfacesConfig.cmake
[3.303s] -- Up-to-date: /workspace/install/ros_interfaces/share/ros_interfaces/cmake/ros_interfacesConfig-version.cmake
[3.303s] -- Up-to-date: /workspace/install/ros_interfaces/share/ros_interfaces/package.xml
[3.304s] Invoked command in '/workspace/build/ros_interfaces' returned '0': CMAKE_PREFIX_PATH=${CMAKE_PREFIX_PATH}:/workspace/install/srvcli:/workspace/install/pubsub:/workspace/install/my_py_pkg:/workspace/install/my_package:/opt/ros/humble /usr/bin/cmake --install /workspace/build/ros_interfaces
