[0.118s] Invoking command in '/workspace/src/build/cr35ia_ros2_moveit2': AMENT_PREFIX_PATH=/workspace/src/install/ros2_data:${AMENT_PREFIX_PATH} CMAKE_PREFIX_PATH=/workspace/src/install/ros2_data:/workspace/src/install/lakme_ros:/workspace/install/lakme_ros:/opt/ros/humble LD_LIBRARY_PATH=/workspace/src/install/ros2_data/lib:${LD_LIBRARY_PATH} PYTHONPATH=/workspace/src/install/ros2_data/local/lib/python3.10/dist-packages:${PYTHONPATH} /usr/bin/cmake /workspace/src/ros2_RobotSimulation/Fanuc/CR35iA/cr35ia_ros2_moveit2 -DCMAKE_INSTALL_PREFIX=/workspace/src/install/cr35ia_ros2_moveit2
[0.277s] -- The C compiler identification is GNU 11.3.0
[0.432s] -- The CXX compiler identification is GNU 11.3.0
[0.453s] -- Detecting C compiler ABI info
[0.613s] -- Detecting C compiler ABI info - done
[0.639s] -- Check for working C compiler: /usr/bin/cc - skipped
[0.640s] -- Detecting C compile features
[0.642s] -- Detecting C compile features - done
[0.666s] -- Detecting CXX compiler ABI info
[0.873s] -- Detecting CXX compiler ABI info - done
[0.894s] -- Check for working CXX compiler: /usr/bin/c++ - skipped
[0.895s] -- Detecting CXX compile features
[0.897s] -- Detecting CXX compile features - done
[0.907s] -- Found ament_cmake: 1.3.4 (/opt/ros/humble/share/ament_cmake/cmake)
[1.355s] -- Found Python3: /usr/bin/python3.10 (found version "3.10.6") found components: Interpreter 
[1.605s] -- Found ament_lint_auto: 0.12.6 (/opt/ros/humble/share/ament_lint_auto/cmake)
[1.794s] -- Added test 'copyright' to check source files copyright and LICENSE
[1.796s] -- Added test 'flake8' to check Python code syntax and style conventions
[1.797s] -- Added test 'lint_cmake' to check CMake code style
[1.798s] -- Added test 'pep257' to check Python code against some of the docstring style conventions in PEP 257
[1.801s] -- Added test 'xmllint' to check XML markup files
[1.803s] -- Configuring done
[1.809s] -- Generating done
[1.811s] -- Build files have been written to: /workspace/src/build/cr35ia_ros2_moveit2
[1.829s] Invoked command in '/workspace/src/build/cr35ia_ros2_moveit2' returned '0': AMENT_PREFIX_PATH=/workspace/src/install/ros2_data:${AMENT_PREFIX_PATH} CMAKE_PREFIX_PATH=/workspace/src/install/ros2_data:/workspace/src/install/lakme_ros:/workspace/install/lakme_ros:/opt/ros/humble LD_LIBRARY_PATH=/workspace/src/install/ros2_data/lib:${LD_LIBRARY_PATH} PYTHONPATH=/workspace/src/install/ros2_data/local/lib/python3.10/dist-packages:${PYTHONPATH} /usr/bin/cmake /workspace/src/ros2_RobotSimulation/Fanuc/CR35iA/cr35ia_ros2_moveit2 -DCMAKE_INSTALL_PREFIX=/workspace/src/install/cr35ia_ros2_moveit2
[1.830s] Invoking command in '/workspace/src/build/cr35ia_ros2_moveit2': AMENT_PREFIX_PATH=/workspace/src/install/ros2_data:${AMENT_PREFIX_PATH} CMAKE_PREFIX_PATH=/workspace/src/install/ros2_data:/workspace/src/install/lakme_ros:/workspace/install/lakme_ros:/opt/ros/humble LD_LIBRARY_PATH=/workspace/src/install/ros2_data/lib:${LD_LIBRARY_PATH} PYTHONPATH=/workspace/src/install/ros2_data/local/lib/python3.10/dist-packages:${PYTHONPATH} /usr/bin/cmake --build /workspace/src/build/cr35ia_ros2_moveit2 -- -j12 -l12
[1.885s] Invoked command in '/workspace/src/build/cr35ia_ros2_moveit2' returned '0': AMENT_PREFIX_PATH=/workspace/src/install/ros2_data:${AMENT_PREFIX_PATH} CMAKE_PREFIX_PATH=/workspace/src/install/ros2_data:/workspace/src/install/lakme_ros:/workspace/install/lakme_ros:/opt/ros/humble LD_LIBRARY_PATH=/workspace/src/install/ros2_data/lib:${LD_LIBRARY_PATH} PYTHONPATH=/workspace/src/install/ros2_data/local/lib/python3.10/dist-packages:${PYTHONPATH} /usr/bin/cmake --build /workspace/src/build/cr35ia_ros2_moveit2 -- -j12 -l12
[1.964s] Invoking command in '/workspace/src/build/cr35ia_ros2_moveit2': AMENT_PREFIX_PATH=/workspace/src/install/ros2_data:${AMENT_PREFIX_PATH} CMAKE_PREFIX_PATH=/workspace/src/install/ros2_data:/workspace/src/install/lakme_ros:/workspace/install/lakme_ros:/opt/ros/humble LD_LIBRARY_PATH=/workspace/src/install/ros2_data/lib:${LD_LIBRARY_PATH} PYTHONPATH=/workspace/src/install/ros2_data/local/lib/python3.10/dist-packages:${PYTHONPATH} /usr/bin/cmake --install /workspace/src/build/cr35ia_ros2_moveit2
[1.982s] -- Install configuration: ""
[1.983s] -- Installing: /workspace/src/install/cr35ia_ros2_moveit2/share/cr35ia_ros2_moveit2/config
[1.984s] -- Installing: /workspace/src/install/cr35ia_ros2_moveit2/share/cr35ia_ros2_moveit2/config/cr35ia.srdf
[1.986s] -- Installing: /workspace/src/install/cr35ia_ros2_moveit2/share/cr35ia_ros2_moveit2/config/ompl_planning.yaml
[1.987s] -- Installing: /workspace/src/install/cr35ia_ros2_moveit2/share/cr35ia_ros2_moveit2/config/cr35ia_moveit2.rviz
[1.989s] -- Installing: /workspace/src/install/cr35ia_ros2_moveit2/share/cr35ia_ros2_moveit2/config/kinematics.yaml
[1.989s] -- Installing: /workspace/src/install/cr35ia_ros2_moveit2/share/cr35ia_ros2_moveit2/config/cr35ia_controllers.yaml
[1.998s] -- Installing: /workspace/src/install/cr35ia_ros2_moveit2/share/cr35ia_ros2_moveit2/launch
[1.998s] -- Installing: /workspace/src/install/cr35ia_ros2_moveit2/share/cr35ia_ros2_moveit2/launch/cr35ia_interface.launch.py
[1.998s] -- Installing: /workspace/src/install/cr35ia_ros2_moveit2/share/cr35ia_ros2_moveit2/launch/cr35ia.launch.py
[1.999s] -- Installing: /workspace/src/install/cr35ia_ros2_moveit2/share/ament_index/resource_index/package_run_dependencies/cr35ia_ros2_moveit2
[1.999s] -- Installing: /workspace/src/install/cr35ia_ros2_moveit2/share/ament_index/resource_index/parent_prefix_path/cr35ia_ros2_moveit2
[2.000s] -- Installing: /workspace/src/install/cr35ia_ros2_moveit2/share/cr35ia_ros2_moveit2/environment/ament_prefix_path.sh
[2.003s] -- Installing: /workspace/src/install/cr35ia_ros2_moveit2/share/cr35ia_ros2_moveit2/environment/ament_prefix_path.dsv
[2.007s] -- Installing: /workspace/src/install/cr35ia_ros2_moveit2/share/cr35ia_ros2_moveit2/environment/path.sh
[2.007s] -- Installing: /workspace/src/install/cr35ia_ros2_moveit2/share/cr35ia_ros2_moveit2/environment/path.dsv
[2.007s] -- Installing: /workspace/src/install/cr35ia_ros2_moveit2/share/cr35ia_ros2_moveit2/local_setup.bash
[2.008s] -- Installing: /workspace/src/install/cr35ia_ros2_moveit2/share/cr35ia_ros2_moveit2/local_setup.sh
[2.008s] -- Installing: /workspace/src/install/cr35ia_ros2_moveit2/share/cr35ia_ros2_moveit2/local_setup.zsh
[2.009s] -- Installing: /workspace/src/install/cr35ia_ros2_moveit2/share/cr35ia_ros2_moveit2/local_setup.dsv
[2.010s] -- Installing: /workspace/src/install/cr35ia_ros2_moveit2/share/cr35ia_ros2_moveit2/package.dsv
[2.013s] -- Installing: /workspace/src/install/cr35ia_ros2_moveit2/share/ament_index/resource_index/packages/cr35ia_ros2_moveit2
[2.014s] -- Installing: /workspace/src/install/cr35ia_ros2_moveit2/share/cr35ia_ros2_moveit2/cmake/cr35ia_ros2_moveit2Config.cmake
[2.014s] -- Installing: /workspace/src/install/cr35ia_ros2_moveit2/share/cr35ia_ros2_moveit2/cmake/cr35ia_ros2_moveit2Config-version.cmake
[2.015s] -- Installing: /workspace/src/install/cr35ia_ros2_moveit2/share/cr35ia_ros2_moveit2/package.xml
[2.035s] Invoked command in '/workspace/src/build/cr35ia_ros2_moveit2' returned '0': AMENT_PREFIX_PATH=/workspace/src/install/ros2_data:${AMENT_PREFIX_PATH} CMAKE_PREFIX_PATH=/workspace/src/install/ros2_data:/workspace/src/install/lakme_ros:/workspace/install/lakme_ros:/opt/ros/humble LD_LIBRARY_PATH=/workspace/src/install/ros2_data/lib:${LD_LIBRARY_PATH} PYTHONPATH=/workspace/src/install/ros2_data/local/lib/python3.10/dist-packages:${PYTHONPATH} /usr/bin/cmake --install /workspace/src/build/cr35ia_ros2_moveit2
