[0.605s] Invoking command in '/workspace/src/inverse_kinematics': PYTHONPATH=/workspace/build/inverse_kinematics/prefix_override:/workspace/install/inverse_kinematics/lib/python3.10/site-packages:${PYTHONPATH} /usr/bin/python3 setup.py egg_info --egg-base ../../build/inverse_kinematics build --build-base /workspace/build/inverse_kinematics/build install --record /workspace/build/inverse_kinematics/install.log --single-version-externally-managed
[0.871s] running egg_info
[0.871s] writing ../../build/inverse_kinematics/inverse_kinematics.egg-info/PKG-INFO
[0.872s] writing dependency_links to ../../build/inverse_kinematics/inverse_kinematics.egg-info/dependency_links.txt
[0.872s] writing entry points to ../../build/inverse_kinematics/inverse_kinematics.egg-info/entry_points.txt
[0.872s] writing requirements to ../../build/inverse_kinematics/inverse_kinematics.egg-info/requires.txt
[0.872s] writing top-level names to ../../build/inverse_kinematics/inverse_kinematics.egg-info/top_level.txt
[0.874s] reading manifest file '../../build/inverse_kinematics/inverse_kinematics.egg-info/SOURCES.txt'
[0.875s] writing manifest file '../../build/inverse_kinematics/inverse_kinematics.egg-info/SOURCES.txt'
[0.875s] running build
[0.875s] running build_py
[0.876s] copying inverse_kinematics/client.py -> /workspace/build/inverse_kinematics/build/lib/inverse_kinematics
[0.876s] running install
[0.876s] /usr/lib/python3/dist-packages/setuptools/command/install.py:34: SetuptoolsDeprecationWarning: setup.py install is deprecated. Use build and pip and other standards-based tools.
[0.877s]   warnings.warn(
[0.877s] running install_lib
[0.878s] copying /workspace/build/inverse_kinematics/build/lib/inverse_kinematics/client.py -> /workspace/install/inverse_kinematics/lib/python3.10/site-packages/inverse_kinematics
[0.879s] byte-compiling /workspace/install/inverse_kinematics/lib/python3.10/site-packages/inverse_kinematics/client.py to client.cpython-310.pyc
[0.880s] running install_data
[0.880s] running install_egg_info
[0.883s] removing '/workspace/install/inverse_kinematics/lib/python3.10/site-packages/inverse_kinematics-0.0.0-py3.10.egg-info' (and everything under it)
[0.883s] Copying ../../build/inverse_kinematics/inverse_kinematics.egg-info to /workspace/install/inverse_kinematics/lib/python3.10/site-packages/inverse_kinematics-0.0.0-py3.10.egg-info
[0.884s] running install_scripts
[0.904s] Installing client script to /workspace/install/inverse_kinematics/lib/inverse_kinematics
[0.904s] Installing server script to /workspace/install/inverse_kinematics/lib/inverse_kinematics
[0.905s] writing list of installed files to '/workspace/build/inverse_kinematics/install.log'
[0.931s] Invoked command in '/workspace/src/inverse_kinematics' returned '0': PYTHONPATH=/workspace/build/inverse_kinematics/prefix_override:/workspace/install/inverse_kinematics/lib/python3.10/site-packages:${PYTHONPATH} /usr/bin/python3 setup.py egg_info --egg-base ../../build/inverse_kinematics build --build-base /workspace/build/inverse_kinematics/build install --record /workspace/build/inverse_kinematics/install.log --single-version-externally-managed
