[1.919s] Invoking command in '/workspace/src/my_py_pkg': PYTHONPATH=/workspace/build/my_py_pkg/prefix_override:/workspace/install/my_py_pkg/lib/python3.10/site-packages:${PYTHONPATH} /usr/bin/python3 setup.py egg_info --egg-base ../../build/my_py_pkg build --build-base /workspace/build/my_py_pkg/build install --record /workspace/build/my_py_pkg/install.log --single-version-externally-managed
[2.331s] running egg_info
[2.333s] writing ../../build/my_py_pkg/my_py_pkg.egg-info/PKG-INFO
[2.333s] writing dependency_links to ../../build/my_py_pkg/my_py_pkg.egg-info/dependency_links.txt
[2.333s] writing entry points to ../../build/my_py_pkg/my_py_pkg.egg-info/entry_points.txt
[2.334s] writing requirements to ../../build/my_py_pkg/my_py_pkg.egg-info/requires.txt
[2.334s] writing top-level names to ../../build/my_py_pkg/my_py_pkg.egg-info/top_level.txt
[2.337s] reading manifest file '../../build/my_py_pkg/my_py_pkg.egg-info/SOURCES.txt'
[2.338s] writing manifest file '../../build/my_py_pkg/my_py_pkg.egg-info/SOURCES.txt'
[2.338s] running build
[2.338s] running build_py
[2.339s] running install
[2.339s] /usr/lib/python3/dist-packages/setuptools/command/install.py:34: SetuptoolsDeprecationWarning: setup.py install is deprecated. Use build and pip and other standards-based tools.
[2.339s]   warnings.warn(
[2.340s] running install_lib
[2.342s] running install_data
[2.343s] running install_egg_info
[2.346s] removing '/workspace/install/my_py_pkg/lib/python3.10/site-packages/my_py_pkg-0.0.0-py3.10.egg-info' (and everything under it)
[2.348s] Copying ../../build/my_py_pkg/my_py_pkg.egg-info to /workspace/install/my_py_pkg/lib/python3.10/site-packages/my_py_pkg-0.0.0-py3.10.egg-info
[2.348s] running install_scripts
[2.387s] Installing client script to /workspace/install/my_py_pkg/lib/my_py_pkg
[2.387s] Installing num_count script to /workspace/install/my_py_pkg/lib/my_py_pkg
[2.387s] Installing num_gen script to /workspace/install/my_py_pkg/lib/my_py_pkg
[2.388s] Installing num_reset script to /workspace/install/my_py_pkg/lib/my_py_pkg
[2.388s] Installing server script to /workspace/install/my_py_pkg/lib/my_py_pkg
[2.388s] writing list of installed files to '/workspace/build/my_py_pkg/install.log'
[2.441s] Invoked command in '/workspace/src/my_py_pkg' returned '0': PYTHONPATH=/workspace/build/my_py_pkg/prefix_override:/workspace/install/my_py_pkg/lib/python3.10/site-packages:${PYTHONPATH} /usr/bin/python3 setup.py egg_info --egg-base ../../build/my_py_pkg build --build-base /workspace/build/my_py_pkg/build install --record /workspace/build/my_py_pkg/install.log --single-version-externally-managed
