-- The C compiler identification is GNU 11.3.0
-- The CXX compiler identification is GNU 11.3.0
-- Detecting C compiler ABI info
-- Detecting C compiler ABI info - done
-- Check for working C compiler: /usr/bin/cc - skipped
-- Detecting C compile features
-- Detecting C compile features - done
-- Detecting CXX compiler ABI info
-- Detecting CXX compiler ABI info - done
-- Check for working CXX compiler: /usr/bin/c++ - skipped
-- Detecting CXX compile features
-- Detecting CXX compile features - done
-- Found ament_cmake: 1.3.4 (/opt/ros/humble/share/ament_cmake/cmake)
-- Found Python3: /usr/bin/python3.10 (found version "3.10.6") found components: Interpreter 
-- Found ament_lint_auto: 0.12.6 (/opt/ros/humble/share/ament_lint_auto/cmake)
-- Found geometry_msgs: 4.2.3 (/opt/ros/humble/share/geometry_msgs/cmake)
-- Found rosidl_generator_c: 3.1.4 (/opt/ros/humble/share/rosidl_generator_c/cmake)
-- Found rosidl_adapter: 3.1.4 (/opt/ros/humble/share/rosidl_adapter/cmake)
-- Found rosidl_generator_cpp: 3.1.4 (/opt/ros/humble/share/rosidl_generator_cpp/cmake)
-- Using all available rosidl_typesupport_c: rosidl_typesupport_fastrtps_c;rosidl_typesupport_introspection_c
-- Using all available rosidl_typesupport_cpp: rosidl_typesupport_fastrtps_cpp;rosidl_typesupport_introspection_cpp
-- Found rosidl_default_generators: 1.2.0 (/opt/ros/humble/share/rosidl_default_generators/cmake)
-- Found ament_cmake_ros: 0.10.0 (/opt/ros/humble/share/ament_cmake_ros/cmake)
-- Using all available rosidl_typesupport_c: rosidl_typesupport_fastrtps_c;rosidl_typesupport_introspection_c
-- Using all available rosidl_typesupport_cpp: rosidl_typesupport_fastrtps_cpp;rosidl_typesupport_introspection_cpp
-- Found PythonInterp: /usr/bin/python3 (found suitable version "3.10.6", minimum required is "3.6") 
-- Found python_cmake_module: 0.10.0 (/opt/ros/humble/share/python_cmake_module/cmake)
-- Found PythonLibs: /usr/lib/x86_64-linux-gnu/libpython3.10.so (found suitable version "3.10.6", minimum required is "3.5") 
-- Using PYTHON_EXECUTABLE: /usr/bin/python3
-- Using PYTHON_INCLUDE_DIRS: /usr/include/python3.10
-- Using PYTHON_LIBRARIES: /usr/lib/x86_64-linux-gnu/libpython3.10.so
-- Found PythonExtra: .so  
-- Added test 'lint_cmake' to check CMake code style
-- Added test 'xmllint' to check XML markup files
-- Configuring done
-- Generating done
-- Build files have been written to: /workspace/src/build/ros_interfaces
[  2%] [34m[1mGenerating C code for ROS interfaces[0m
[  4%] [34m[1mGenerating C++ code for ROS interfaces[0m
[  4%] Built target ament_cmake_python_copy_ros_interfaces
running egg_info
creating ros_interfaces.egg-info
writing ros_interfaces.egg-info/PKG-INFO
writing dependency_links to ros_interfaces.egg-info/dependency_links.txt
writing top-level names to ros_interfaces.egg-info/top_level.txt
writing manifest file 'ros_interfaces.egg-info/SOURCES.txt'
reading manifest file 'ros_interfaces.egg-info/SOURCES.txt'
writing manifest file 'ros_interfaces.egg-info/SOURCES.txt'
[  4%] Built target ament_cmake_python_build_ros_interfaces_egg
[  4%] Built target ros_interfaces__cpp
[  6%] [32mBuilding C object CMakeFiles/ros_interfaces__rosidl_generator_c.dir/rosidl_generator_c/ros_interfaces/msg/detail/sphere__functions.c.o[0m
[  8%] [32mBuilding C object CMakeFiles/ros_interfaces__rosidl_generator_c.dir/rosidl_generator_c/ros_interfaces/msg/detail/num__functions.c.o[0m
[ 10%] [32mBuilding C object CMakeFiles/ros_interfaces__rosidl_generator_c.dir/rosidl_generator_c/ros_interfaces/srv/detail/add_tree_ints__functions.c.o[0m
[ 12%] [34m[1mGenerating C++ introspection for ROS interfaces[0m
[ 14%] [34m[1mGenerating C++ type support dispatch for ROS interfaces[0m
[ 17%] [34m[1mGenerating C++ type support for eProsima Fast-RTPS[0m
[ 19%] [32m[1mLinking C shared library libros_interfaces__rosidl_generator_c.so[0m
[ 19%] Built target ros_interfaces__rosidl_generator_c
[ 21%] [34m[1mGenerating C type support for eProsima Fast-RTPS[0m
[ 23%] [34m[1mGenerating C type support dispatch for ROS interfaces[0m
[ 25%] [34m[1mGenerating C introspection for ROS interfaces[0m
[ 27%] [32mBuilding CXX object CMakeFiles/ros_interfaces__rosidl_typesupport_cpp.dir/rosidl_typesupport_cpp/ros_interfaces/msg/num__type_support.cpp.o[0m
[ 29%] [32mBuilding CXX object CMakeFiles/ros_interfaces__rosidl_typesupport_cpp.dir/rosidl_typesupport_cpp/ros_interfaces/msg/sphere__type_support.cpp.o[0m
[ 31%] [32mBuilding CXX object CMakeFiles/ros_interfaces__rosidl_typesupport_cpp.dir/rosidl_typesupport_cpp/ros_interfaces/srv/add_tree_ints__type_support.cpp.o[0m
[ 34%] [32mBuilding CXX object CMakeFiles/ros_interfaces__rosidl_typesupport_fastrtps_cpp.dir/rosidl_typesupport_fastrtps_cpp/ros_interfaces/msg/detail/dds_fastrtps/num__type_support.cpp.o[0m
[ 36%] [32mBuilding CXX object CMakeFiles/ros_interfaces__rosidl_typesupport_c.dir/rosidl_typesupport_c/ros_interfaces/srv/add_tree_ints__type_support.cpp.o[0m
[ 38%] [32mBuilding CXX object CMakeFiles/ros_interfaces__rosidl_typesupport_fastrtps_cpp.dir/rosidl_typesupport_fastrtps_cpp/ros_interfaces/msg/detail/dds_fastrtps/sphere__type_support.cpp.o[0m
[ 40%] [32mBuilding CXX object CMakeFiles/ros_interfaces__rosidl_typesupport_fastrtps_cpp.dir/rosidl_typesupport_fastrtps_cpp/ros_interfaces/srv/detail/dds_fastrtps/add_tree_ints__type_support.cpp.o[0m
[ 42%] [32mBuilding CXX object CMakeFiles/ros_interfaces__rosidl_typesupport_c.dir/rosidl_typesupport_c/ros_interfaces/msg/num__type_support.cpp.o[0m
[ 44%] [32mBuilding CXX object CMakeFiles/ros_interfaces__rosidl_typesupport_c.dir/rosidl_typesupport_c/ros_interfaces/msg/sphere__type_support.cpp.o[0m
[ 46%] [32mBuilding CXX object CMakeFiles/ros_interfaces__rosidl_typesupport_introspection_cpp.dir/rosidl_typesupport_introspection_cpp/ros_interfaces/msg/detail/num__type_support.cpp.o[0m
[ 48%] [32m[1mLinking CXX shared library libros_interfaces__rosidl_typesupport_c.so[0m
[ 51%] [32mBuilding CXX object CMakeFiles/ros_interfaces__rosidl_typesupport_introspection_cpp.dir/rosidl_typesupport_introspection_cpp/ros_interfaces/msg/detail/sphere__type_support.cpp.o[0m
[ 53%] [32mBuilding CXX object CMakeFiles/ros_interfaces__rosidl_typesupport_introspection_cpp.dir/rosidl_typesupport_introspection_cpp/ros_interfaces/srv/detail/add_tree_ints__type_support.cpp.o[0m
[ 55%] [32mBuilding C object CMakeFiles/ros_interfaces__rosidl_typesupport_introspection_c.dir/rosidl_typesupport_introspection_c/ros_interfaces/msg/detail/num__type_support.c.o[0m
[ 55%] Built target ros_interfaces__rosidl_typesupport_c
[ 57%] [32mBuilding C object CMakeFiles/ros_interfaces__rosidl_typesupport_introspection_c.dir/rosidl_typesupport_introspection_c/ros_interfaces/msg/detail/sphere__type_support.c.o[0m
[ 59%] [32mBuilding CXX object CMakeFiles/ros_interfaces__rosidl_typesupport_fastrtps_c.dir/rosidl_typesupport_fastrtps_c/ros_interfaces/msg/detail/num__type_support_c.cpp.o[0m
[ 61%] [32mBuilding CXX object CMakeFiles/ros_interfaces__rosidl_typesupport_fastrtps_c.dir/rosidl_typesupport_fastrtps_c/ros_interfaces/msg/detail/sphere__type_support_c.cpp.o[0m
[ 63%] [32mBuilding CXX object CMakeFiles/ros_interfaces__rosidl_typesupport_fastrtps_c.dir/rosidl_typesupport_fastrtps_c/ros_interfaces/srv/detail/add_tree_ints__type_support_c.cpp.o[0m
[ 65%] [32mBuilding C object CMakeFiles/ros_interfaces__rosidl_typesupport_introspection_c.dir/rosidl_typesupport_introspection_c/ros_interfaces/srv/detail/add_tree_ints__type_support.c.o[0m
[ 68%] [32m[1mLinking CXX shared library libros_interfaces__rosidl_typesupport_cpp.so[0m
[ 70%] [32m[1mLinking C shared library libros_interfaces__rosidl_typesupport_introspection_c.so[0m
[ 70%] Built target ros_interfaces__rosidl_typesupport_cpp
[ 70%] Built target ros_interfaces__rosidl_typesupport_introspection_c
[ 72%] [32m[1mLinking CXX shared library libros_interfaces__rosidl_typesupport_introspection_cpp.so[0m
[ 74%] [32m[1mLinking CXX shared library libros_interfaces__rosidl_typesupport_fastrtps_cpp.so[0m
[ 76%] [32m[1mLinking CXX shared library libros_interfaces__rosidl_typesupport_fastrtps_c.so[0m
[ 76%] Built target ros_interfaces__rosidl_typesupport_introspection_cpp
[ 76%] Built target ros_interfaces__rosidl_typesupport_fastrtps_cpp
[ 76%] Built target ros_interfaces__rosidl_typesupport_fastrtps_c
[ 76%] Built target ros_interfaces
[ 78%] [34m[1mGenerating Python code for ROS interfaces[0m
[ 78%] Built target ros_interfaces__py
[ 80%] [32mBuilding C object CMakeFiles/ros_interfaces__rosidl_generator_py.dir/rosidl_generator_py/ros_interfaces/srv/_add_tree_ints_s.c.o[0m
[ 82%] [32mBuilding C object CMakeFiles/ros_interfaces__rosidl_generator_py.dir/rosidl_generator_py/ros_interfaces/msg/_num_s.c.o[0m
[ 85%] [32mBuilding C object CMakeFiles/ros_interfaces__rosidl_generator_py.dir/rosidl_generator_py/ros_interfaces/msg/_sphere_s.c.o[0m
[ 87%] [32m[1mLinking C shared library rosidl_generator_py/ros_interfaces/libros_interfaces__rosidl_generator_py.so[0m
[ 87%] Built target ros_interfaces__rosidl_generator_py
[ 91%] [32mBuilding C object CMakeFiles/ros_interfaces__rosidl_typesupport_c__pyext.dir/rosidl_generator_py/ros_interfaces/_ros_interfaces_s.ep.rosidl_typesupport_c.c.o[0m
[ 91%] [32mBuilding C object CMakeFiles/ros_interfaces__rosidl_typesupport_introspection_c__pyext.dir/rosidl_generator_py/ros_interfaces/_ros_interfaces_s.ep.rosidl_typesupport_introspection_c.c.o[0m
[ 93%] [32mBuilding C object CMakeFiles/ros_interfaces__rosidl_typesupport_fastrtps_c__pyext.dir/rosidl_generator_py/ros_interfaces/_ros_interfaces_s.ep.rosidl_typesupport_fastrtps_c.c.o[0m
[ 95%] [32m[1mLinking C shared library rosidl_generator_py/ros_interfaces/ros_interfaces_s__rosidl_typesupport_c.cpython-310-x86_64-linux-gnu.so[0m
[ 97%] [32m[1mLinking C shared library rosidl_generator_py/ros_interfaces/ros_interfaces_s__rosidl_typesupport_fastrtps_c.cpython-310-x86_64-linux-gnu.so[0m
[100%] [32m[1mLinking C shared library rosidl_generator_py/ros_interfaces/ros_interfaces_s__rosidl_typesupport_introspection_c.cpython-310-x86_64-linux-gnu.so[0m
[100%] Built target ros_interfaces__rosidl_typesupport_c__pyext
[100%] Built target ros_interfaces__rosidl_typesupport_fastrtps_c__pyext
[100%] Built target ros_interfaces__rosidl_typesupport_introspection_c__pyext
-- Install configuration: ""
-- Installing: /workspace/src/install/ros_interfaces/share/ament_index/resource_index/rosidl_interfaces/ros_interfaces
-- Installing: /workspace/src/install/ros_interfaces/include/ros_interfaces/ros_interfaces
-- Installing: /workspace/src/install/ros_interfaces/include/ros_interfaces/ros_interfaces/srv
-- Installing: /workspace/src/install/ros_interfaces/include/ros_interfaces/ros_interfaces/srv/add_tree_ints.h
-- Installing: /workspace/src/install/ros_interfaces/include/ros_interfaces/ros_interfaces/srv/detail
-- Installing: /workspace/src/install/ros_interfaces/include/ros_interfaces/ros_interfaces/srv/detail/add_tree_ints__functions.c
-- Installing: /workspace/src/install/ros_interfaces/include/ros_interfaces/ros_interfaces/srv/detail/add_tree_ints__functions.h
-- Installing: /workspace/src/install/ros_interfaces/include/ros_interfaces/ros_interfaces/srv/detail/add_tree_ints__type_support.h
-- Installing: /workspace/src/install/ros_interfaces/include/ros_interfaces/ros_interfaces/srv/detail/add_tree_ints__struct.h
-- Installing: /workspace/src/install/ros_interfaces/include/ros_interfaces/ros_interfaces/msg
-- Installing: /workspace/src/install/ros_interfaces/include/ros_interfaces/ros_interfaces/msg/num.h
-- Installing: /workspace/src/install/ros_interfaces/include/ros_interfaces/ros_interfaces/msg/detail
-- Installing: /workspace/src/install/ros_interfaces/include/ros_interfaces/ros_interfaces/msg/detail/num__struct.h
-- Installing: /workspace/src/install/ros_interfaces/include/ros_interfaces/ros_interfaces/msg/detail/sphere__functions.h
-- Installing: /workspace/src/install/ros_interfaces/include/ros_interfaces/ros_interfaces/msg/detail/sphere__functions.c
-- Installing: /workspace/src/install/ros_interfaces/include/ros_interfaces/ros_interfaces/msg/detail/num__functions.h
-- Installing: /workspace/src/install/ros_interfaces/include/ros_interfaces/ros_interfaces/msg/detail/sphere__struct.h
-- Installing: /workspace/src/install/ros_interfaces/include/ros_interfaces/ros_interfaces/msg/detail/sphere__type_support.h
-- Installing: /workspace/src/install/ros_interfaces/include/ros_interfaces/ros_interfaces/msg/detail/num__type_support.h
-- Installing: /workspace/src/install/ros_interfaces/include/ros_interfaces/ros_interfaces/msg/detail/num__functions.c
-- Installing: /workspace/src/install/ros_interfaces/include/ros_interfaces/ros_interfaces/msg/rosidl_generator_c__visibility_control.h
-- Installing: /workspace/src/install/ros_interfaces/include/ros_interfaces/ros_interfaces/msg/sphere.h
-- Installing: /workspace/src/install/ros_interfaces/share/ros_interfaces/environment/library_path.sh
-- Installing: /workspace/src/install/ros_interfaces/share/ros_interfaces/environment/library_path.dsv
-- Installing: /workspace/src/install/ros_interfaces/lib/libros_interfaces__rosidl_generator_c.so
-- Set runtime path of "/workspace/src/install/ros_interfaces/lib/libros_interfaces__rosidl_generator_c.so" to ""
-- Up-to-date: /workspace/src/install/ros_interfaces/include/ros_interfaces/ros_interfaces
-- Up-to-date: /workspace/src/install/ros_interfaces/include/ros_interfaces/ros_interfaces/srv
-- Up-to-date: /workspace/src/install/ros_interfaces/include/ros_interfaces/ros_interfaces/srv/detail
-- Installing: /workspace/src/install/ros_interfaces/include/ros_interfaces/ros_interfaces/srv/detail/add_tree_ints__rosidl_typesupport_fastrtps_c.h
-- Up-to-date: /workspace/src/install/ros_interfaces/include/ros_interfaces/ros_interfaces/msg
-- Up-to-date: /workspace/src/install/ros_interfaces/include/ros_interfaces/ros_interfaces/msg/detail
-- Installing: /workspace/src/install/ros_interfaces/include/ros_interfaces/ros_interfaces/msg/detail/num__rosidl_typesupport_fastrtps_c.h
-- Installing: /workspace/src/install/ros_interfaces/include/ros_interfaces/ros_interfaces/msg/detail/sphere__rosidl_typesupport_fastrtps_c.h
-- Installing: /workspace/src/install/ros_interfaces/include/ros_interfaces/ros_interfaces/msg/rosidl_typesupport_fastrtps_c__visibility_control.h
-- Installing: /workspace/src/install/ros_interfaces/lib/libros_interfaces__rosidl_typesupport_fastrtps_c.so
-- Set runtime path of "/workspace/src/install/ros_interfaces/lib/libros_interfaces__rosidl_typesupport_fastrtps_c.so" to ""
-- Up-to-date: /workspace/src/install/ros_interfaces/include/ros_interfaces/ros_interfaces
-- Up-to-date: /workspace/src/install/ros_interfaces/include/ros_interfaces/ros_interfaces/srv
-- Installing: /workspace/src/install/ros_interfaces/include/ros_interfaces/ros_interfaces/srv/add_tree_ints.hpp
-- Up-to-date: /workspace/src/install/ros_interfaces/include/ros_interfaces/ros_interfaces/srv/detail
-- Installing: /workspace/src/install/ros_interfaces/include/ros_interfaces/ros_interfaces/srv/detail/add_tree_ints__struct.hpp
-- Installing: /workspace/src/install/ros_interfaces/include/ros_interfaces/ros_interfaces/srv/detail/add_tree_ints__builder.hpp
-- Installing: /workspace/src/install/ros_interfaces/include/ros_interfaces/ros_interfaces/srv/detail/add_tree_ints__traits.hpp
-- Up-to-date: /workspace/src/install/ros_interfaces/include/ros_interfaces/ros_interfaces/msg
-- Up-to-date: /workspace/src/install/ros_interfaces/include/ros_interfaces/ros_interfaces/msg/detail
-- Installing: /workspace/src/install/ros_interfaces/include/ros_interfaces/ros_interfaces/msg/detail/sphere__builder.hpp
-- Installing: /workspace/src/install/ros_interfaces/include/ros_interfaces/ros_interfaces/msg/detail/num__struct.hpp
-- Installing: /workspace/src/install/ros_interfaces/include/ros_interfaces/ros_interfaces/msg/detail/sphere__struct.hpp
-- Installing: /workspace/src/install/ros_interfaces/include/ros_interfaces/ros_interfaces/msg/detail/sphere__traits.hpp
-- Installing: /workspace/src/install/ros_interfaces/include/ros_interfaces/ros_interfaces/msg/detail/num__builder.hpp
-- Installing: /workspace/src/install/ros_interfaces/include/ros_interfaces/ros_interfaces/msg/detail/num__traits.hpp
-- Installing: /workspace/src/install/ros_interfaces/include/ros_interfaces/ros_interfaces/msg/num.hpp
-- Installing: /workspace/src/install/ros_interfaces/include/ros_interfaces/ros_interfaces/msg/sphere.hpp
-- Up-to-date: /workspace/src/install/ros_interfaces/include/ros_interfaces/ros_interfaces
-- Up-to-date: /workspace/src/install/ros_interfaces/include/ros_interfaces/ros_interfaces/srv
-- Up-to-date: /workspace/src/install/ros_interfaces/include/ros_interfaces/ros_interfaces/srv/detail
-- Installing: /workspace/src/install/ros_interfaces/include/ros_interfaces/ros_interfaces/srv/detail/dds_fastrtps
-- Installing: /workspace/src/install/ros_interfaces/include/ros_interfaces/ros_interfaces/srv/detail/add_tree_ints__rosidl_typesupport_fastrtps_cpp.hpp
-- Up-to-date: /workspace/src/install/ros_interfaces/include/ros_interfaces/ros_interfaces/msg
-- Up-to-date: /workspace/src/install/ros_interfaces/include/ros_interfaces/ros_interfaces/msg/detail
-- Installing: /workspace/src/install/ros_interfaces/include/ros_interfaces/ros_interfaces/msg/detail/num__rosidl_typesupport_fastrtps_cpp.hpp
-- Installing: /workspace/src/install/ros_interfaces/include/ros_interfaces/ros_interfaces/msg/detail/sphere__rosidl_typesupport_fastrtps_cpp.hpp
-- Installing: /workspace/src/install/ros_interfaces/include/ros_interfaces/ros_interfaces/msg/detail/dds_fastrtps
-- Installing: /workspace/src/install/ros_interfaces/include/ros_interfaces/ros_interfaces/msg/rosidl_typesupport_fastrtps_cpp__visibility_control.h
-- Installing: /workspace/src/install/ros_interfaces/lib/libros_interfaces__rosidl_typesupport_fastrtps_cpp.so
-- Set runtime path of "/workspace/src/install/ros_interfaces/lib/libros_interfaces__rosidl_typesupport_fastrtps_cpp.so" to ""
-- Up-to-date: /workspace/src/install/ros_interfaces/include/ros_interfaces/ros_interfaces
-- Up-to-date: /workspace/src/install/ros_interfaces/include/ros_interfaces/ros_interfaces/srv
-- Up-to-date: /workspace/src/install/ros_interfaces/include/ros_interfaces/ros_interfaces/srv/detail
-- Installing: /workspace/src/install/ros_interfaces/include/ros_interfaces/ros_interfaces/srv/detail/add_tree_ints__rosidl_typesupport_introspection_c.h
-- Installing: /workspace/src/install/ros_interfaces/include/ros_interfaces/ros_interfaces/srv/detail/add_tree_ints__type_support.c
-- Up-to-date: /workspace/src/install/ros_interfaces/include/ros_interfaces/ros_interfaces/msg
-- Installing: /workspace/src/install/ros_interfaces/include/ros_interfaces/ros_interfaces/msg/rosidl_typesupport_introspection_c__visibility_control.h
-- Up-to-date: /workspace/src/install/ros_interfaces/include/ros_interfaces/ros_interfaces/msg/detail
-- Installing: /workspace/src/install/ros_interfaces/include/ros_interfaces/ros_interfaces/msg/detail/num__rosidl_typesupport_introspection_c.h
-- Installing: /workspace/src/install/ros_interfaces/include/ros_interfaces/ros_interfaces/msg/detail/num__type_support.c
-- Installing: /workspace/src/install/ros_interfaces/include/ros_interfaces/ros_interfaces/msg/detail/sphere__rosidl_typesupport_introspection_c.h
-- Installing: /workspace/src/install/ros_interfaces/include/ros_interfaces/ros_interfaces/msg/detail/sphere__type_support.c
-- Installing: /workspace/src/install/ros_interfaces/lib/libros_interfaces__rosidl_typesupport_introspection_c.so
-- Set runtime path of "/workspace/src/install/ros_interfaces/lib/libros_interfaces__rosidl_typesupport_introspection_c.so" to ""
-- Installing: /workspace/src/install/ros_interfaces/lib/libros_interfaces__rosidl_typesupport_c.so
-- Set runtime path of "/workspace/src/install/ros_interfaces/lib/libros_interfaces__rosidl_typesupport_c.so" to ""
-- Up-to-date: /workspace/src/install/ros_interfaces/include/ros_interfaces/ros_interfaces
-- Up-to-date: /workspace/src/install/ros_interfaces/include/ros_interfaces/ros_interfaces/srv
-- Up-to-date: /workspace/src/install/ros_interfaces/include/ros_interfaces/ros_interfaces/srv/detail
-- Installing: /workspace/src/install/ros_interfaces/include/ros_interfaces/ros_interfaces/srv/detail/add_tree_ints__rosidl_typesupport_introspection_cpp.hpp
-- Installing: /workspace/src/install/ros_interfaces/include/ros_interfaces/ros_interfaces/srv/detail/add_tree_ints__type_support.cpp
-- Up-to-date: /workspace/src/install/ros_interfaces/include/ros_interfaces/ros_interfaces/msg
-- Up-to-date: /workspace/src/install/ros_interfaces/include/ros_interfaces/ros_interfaces/msg/detail
-- Installing: /workspace/src/install/ros_interfaces/include/ros_interfaces/ros_interfaces/msg/detail/num__type_support.cpp
-- Installing: /workspace/src/install/ros_interfaces/include/ros_interfaces/ros_interfaces/msg/detail/sphere__rosidl_typesupport_introspection_cpp.hpp
-- Installing: /workspace/src/install/ros_interfaces/include/ros_interfaces/ros_interfaces/msg/detail/sphere__type_support.cpp
-- Installing: /workspace/src/install/ros_interfaces/include/ros_interfaces/ros_interfaces/msg/detail/num__rosidl_typesupport_introspection_cpp.hpp
-- Installing: /workspace/src/install/ros_interfaces/lib/libros_interfaces__rosidl_typesupport_introspection_cpp.so
-- Set runtime path of "/workspace/src/install/ros_interfaces/lib/libros_interfaces__rosidl_typesupport_introspection_cpp.so" to ""
-- Installing: /workspace/src/install/ros_interfaces/lib/libros_interfaces__rosidl_typesupport_cpp.so
-- Set runtime path of "/workspace/src/install/ros_interfaces/lib/libros_interfaces__rosidl_typesupport_cpp.so" to ""
-- Installing: /workspace/src/install/ros_interfaces/share/ros_interfaces/environment/pythonpath.sh
-- Installing: /workspace/src/install/ros_interfaces/share/ros_interfaces/environment/pythonpath.dsv
-- Installing: /workspace/src/install/ros_interfaces/local/lib/python3.10/dist-packages/ros_interfaces-0.0.0-py3.10.egg-info
-- Installing: /workspace/src/install/ros_interfaces/local/lib/python3.10/dist-packages/ros_interfaces-0.0.0-py3.10.egg-info/SOURCES.txt
-- Installing: /workspace/src/install/ros_interfaces/local/lib/python3.10/dist-packages/ros_interfaces-0.0.0-py3.10.egg-info/dependency_links.txt
-- Installing: /workspace/src/install/ros_interfaces/local/lib/python3.10/dist-packages/ros_interfaces-0.0.0-py3.10.egg-info/top_level.txt
-- Installing: /workspace/src/install/ros_interfaces/local/lib/python3.10/dist-packages/ros_interfaces-0.0.0-py3.10.egg-info/PKG-INFO
-- Installing: /workspace/src/install/ros_interfaces/local/lib/python3.10/dist-packages/ros_interfaces
-- Installing: /workspace/src/install/ros_interfaces/local/lib/python3.10/dist-packages/ros_interfaces/ros_interfaces_s__rosidl_typesupport_c.cpython-310-x86_64-linux-gnu.so
-- Installing: /workspace/src/install/ros_interfaces/local/lib/python3.10/dist-packages/ros_interfaces/srv
-- Installing: /workspace/src/install/ros_interfaces/local/lib/python3.10/dist-packages/ros_interfaces/srv/__init__.py
-- Installing: /workspace/src/install/ros_interfaces/local/lib/python3.10/dist-packages/ros_interfaces/srv/_add_tree_ints.py
-- Installing: /workspace/src/install/ros_interfaces/local/lib/python3.10/dist-packages/ros_interfaces/srv/_add_tree_ints_s.c
-- Installing: /workspace/src/install/ros_interfaces/local/lib/python3.10/dist-packages/ros_interfaces/msg
-- Installing: /workspace/src/install/ros_interfaces/local/lib/python3.10/dist-packages/ros_interfaces/msg/_num.py
-- Installing: /workspace/src/install/ros_interfaces/local/lib/python3.10/dist-packages/ros_interfaces/msg/_sphere.py
-- Installing: /workspace/src/install/ros_interfaces/local/lib/python3.10/dist-packages/ros_interfaces/msg/_sphere_s.c
-- Installing: /workspace/src/install/ros_interfaces/local/lib/python3.10/dist-packages/ros_interfaces/msg/_num_s.c
-- Installing: /workspace/src/install/ros_interfaces/local/lib/python3.10/dist-packages/ros_interfaces/msg/__init__.py
-- Installing: /workspace/src/install/ros_interfaces/local/lib/python3.10/dist-packages/ros_interfaces/__init__.py
-- Installing: /workspace/src/install/ros_interfaces/local/lib/python3.10/dist-packages/ros_interfaces/_ros_interfaces_s.ep.rosidl_typesupport_introspection_c.c
-- Installing: /workspace/src/install/ros_interfaces/local/lib/python3.10/dist-packages/ros_interfaces/_ros_interfaces_s.ep.rosidl_typesupport_c.c
-- Installing: /workspace/src/install/ros_interfaces/local/lib/python3.10/dist-packages/ros_interfaces/ros_interfaces_s__rosidl_typesupport_introspection_c.cpython-310-x86_64-linux-gnu.so
-- Installing: /workspace/src/install/ros_interfaces/local/lib/python3.10/dist-packages/ros_interfaces/ros_interfaces_s__rosidl_typesupport_fastrtps_c.cpython-310-x86_64-linux-gnu.so
-- Installing: /workspace/src/install/ros_interfaces/local/lib/python3.10/dist-packages/ros_interfaces/_ros_interfaces_s.ep.rosidl_typesupport_fastrtps_c.c
-- Installing: /workspace/src/install/ros_interfaces/local/lib/python3.10/dist-packages/ros_interfaces/libros_interfaces__rosidl_generator_py.so
Listing '/workspace/src/install/ros_interfaces/local/lib/python3.10/dist-packages/ros_interfaces'...
Compiling '/workspace/src/install/ros_interfaces/local/lib/python3.10/dist-packages/ros_interfaces/__init__.py'...
Listing '/workspace/src/install/ros_interfaces/local/lib/python3.10/dist-packages/ros_interfaces/msg'...
Compiling '/workspace/src/install/ros_interfaces/local/lib/python3.10/dist-packages/ros_interfaces/msg/__init__.py'...
Compiling '/workspace/src/install/ros_interfaces/local/lib/python3.10/dist-packages/ros_interfaces/msg/_num.py'...
Compiling '/workspace/src/install/ros_interfaces/local/lib/python3.10/dist-packages/ros_interfaces/msg/_sphere.py'...
Listing '/workspace/src/install/ros_interfaces/local/lib/python3.10/dist-packages/ros_interfaces/srv'...
Compiling '/workspace/src/install/ros_interfaces/local/lib/python3.10/dist-packages/ros_interfaces/srv/__init__.py'...
Compiling '/workspace/src/install/ros_interfaces/local/lib/python3.10/dist-packages/ros_interfaces/srv/_add_tree_ints.py'...
-- Installing: /workspace/src/install/ros_interfaces/local/lib/python3.10/dist-packages/ros_interfaces/ros_interfaces_s__rosidl_typesupport_fastrtps_c.cpython-310-x86_64-linux-gnu.so
-- Set runtime path of "/workspace/src/install/ros_interfaces/local/lib/python3.10/dist-packages/ros_interfaces/ros_interfaces_s__rosidl_typesupport_fastrtps_c.cpython-310-x86_64-linux-gnu.so" to ""
-- Installing: /workspace/src/install/ros_interfaces/local/lib/python3.10/dist-packages/ros_interfaces/ros_interfaces_s__rosidl_typesupport_introspection_c.cpython-310-x86_64-linux-gnu.so
-- Set runtime path of "/workspace/src/install/ros_interfaces/local/lib/python3.10/dist-packages/ros_interfaces/ros_interfaces_s__rosidl_typesupport_introspection_c.cpython-310-x86_64-linux-gnu.so" to ""
-- Installing: /workspace/src/install/ros_interfaces/local/lib/python3.10/dist-packages/ros_interfaces/ros_interfaces_s__rosidl_typesupport_c.cpython-310-x86_64-linux-gnu.so
-- Set runtime path of "/workspace/src/install/ros_interfaces/local/lib/python3.10/dist-packages/ros_interfaces/ros_interfaces_s__rosidl_typesupport_c.cpython-310-x86_64-linux-gnu.so" to ""
-- Installing: /workspace/src/install/ros_interfaces/lib/libros_interfaces__rosidl_generator_py.so
-- Set runtime path of "/workspace/src/install/ros_interfaces/lib/libros_interfaces__rosidl_generator_py.so" to ""
-- Installing: /workspace/src/install/ros_interfaces/share/ros_interfaces/msg/Num.idl
-- Installing: /workspace/src/install/ros_interfaces/share/ros_interfaces/msg/Sphere.idl
-- Installing: /workspace/src/install/ros_interfaces/share/ros_interfaces/srv/AddTreeInts.idl
-- Installing: /workspace/src/install/ros_interfaces/share/ros_interfaces/msg/Num.msg
-- Installing: /workspace/src/install/ros_interfaces/share/ros_interfaces/msg/Sphere.msg
-- Installing: /workspace/src/install/ros_interfaces/share/ros_interfaces/srv/AddTreeInts.srv
-- Installing: /workspace/src/install/ros_interfaces/share/ros_interfaces/srv/AddTreeInts_Request.msg
-- Installing: /workspace/src/install/ros_interfaces/share/ros_interfaces/srv/AddTreeInts_Response.msg
-- Installing: /workspace/src/install/ros_interfaces/share/ament_index/resource_index/package_run_dependencies/ros_interfaces
-- Installing: /workspace/src/install/ros_interfaces/share/ament_index/resource_index/parent_prefix_path/ros_interfaces
-- Installing: /workspace/src/install/ros_interfaces/share/ros_interfaces/environment/ament_prefix_path.sh
-- Installing: /workspace/src/install/ros_interfaces/share/ros_interfaces/environment/ament_prefix_path.dsv
-- Installing: /workspace/src/install/ros_interfaces/share/ros_interfaces/environment/path.sh
-- Installing: /workspace/src/install/ros_interfaces/share/ros_interfaces/environment/path.dsv
-- Installing: /workspace/src/install/ros_interfaces/share/ros_interfaces/local_setup.bash
-- Installing: /workspace/src/install/ros_interfaces/share/ros_interfaces/local_setup.sh
-- Installing: /workspace/src/install/ros_interfaces/share/ros_interfaces/local_setup.zsh
-- Installing: /workspace/src/install/ros_interfaces/share/ros_interfaces/local_setup.dsv
-- Installing: /workspace/src/install/ros_interfaces/share/ros_interfaces/package.dsv
-- Installing: /workspace/src/install/ros_interfaces/share/ament_index/resource_index/packages/ros_interfaces
-- Installing: /workspace/src/install/ros_interfaces/share/ros_interfaces/cmake/export_ros_interfaces__rosidl_generator_cExport.cmake
-- Installing: /workspace/src/install/ros_interfaces/share/ros_interfaces/cmake/export_ros_interfaces__rosidl_generator_cExport-noconfig.cmake
-- Installing: /workspace/src/install/ros_interfaces/share/ros_interfaces/cmake/export_ros_interfaces__rosidl_typesupport_fastrtps_cExport.cmake
-- Installing: /workspace/src/install/ros_interfaces/share/ros_interfaces/cmake/export_ros_interfaces__rosidl_typesupport_fastrtps_cExport-noconfig.cmake
-- Installing: /workspace/src/install/ros_interfaces/share/ros_interfaces/cmake/export_ros_interfaces__rosidl_generator_cppExport.cmake
-- Installing: /workspace/src/install/ros_interfaces/share/ros_interfaces/cmake/export_ros_interfaces__rosidl_typesupport_fastrtps_cppExport.cmake
-- Installing: /workspace/src/install/ros_interfaces/share/ros_interfaces/cmake/export_ros_interfaces__rosidl_typesupport_fastrtps_cppExport-noconfig.cmake
-- Installing: /workspace/src/install/ros_interfaces/share/ros_interfaces/cmake/ros_interfaces__rosidl_typesupport_introspection_cExport.cmake
-- Installing: /workspace/src/install/ros_interfaces/share/ros_interfaces/cmake/ros_interfaces__rosidl_typesupport_introspection_cExport-noconfig.cmake
-- Installing: /workspace/src/install/ros_interfaces/share/ros_interfaces/cmake/ros_interfaces__rosidl_typesupport_cExport.cmake
-- Installing: /workspace/src/install/ros_interfaces/share/ros_interfaces/cmake/ros_interfaces__rosidl_typesupport_cExport-noconfig.cmake
-- Installing: /workspace/src/install/ros_interfaces/share/ros_interfaces/cmake/ros_interfaces__rosidl_typesupport_introspection_cppExport.cmake
-- Installing: /workspace/src/install/ros_interfaces/share/ros_interfaces/cmake/ros_interfaces__rosidl_typesupport_introspection_cppExport-noconfig.cmake
-- Installing: /workspace/src/install/ros_interfaces/share/ros_interfaces/cmake/ros_interfaces__rosidl_typesupport_cppExport.cmake
-- Installing: /workspace/src/install/ros_interfaces/share/ros_interfaces/cmake/ros_interfaces__rosidl_typesupport_cppExport-noconfig.cmake
-- Installing: /workspace/src/install/ros_interfaces/share/ros_interfaces/cmake/export_ros_interfaces__rosidl_generator_pyExport.cmake
-- Installing: /workspace/src/install/ros_interfaces/share/ros_interfaces/cmake/export_ros_interfaces__rosidl_generator_pyExport-noconfig.cmake
-- Installing: /workspace/src/install/ros_interfaces/share/ros_interfaces/cmake/rosidl_cmake-extras.cmake
-- Installing: /workspace/src/install/ros_interfaces/share/ros_interfaces/cmake/ament_cmake_export_dependencies-extras.cmake
-- Installing: /workspace/src/install/ros_interfaces/share/ros_interfaces/cmake/ament_cmake_export_include_directories-extras.cmake
-- Installing: /workspace/src/install/ros_interfaces/share/ros_interfaces/cmake/ament_cmake_export_libraries-extras.cmake
-- Installing: /workspace/src/install/ros_interfaces/share/ros_interfaces/cmake/ament_cmake_export_targets-extras.cmake
-- Installing: /workspace/src/install/ros_interfaces/share/ros_interfaces/cmake/rosidl_cmake_export_typesupport_targets-extras.cmake
-- Installing: /workspace/src/install/ros_interfaces/share/ros_interfaces/cmake/rosidl_cmake_export_typesupport_libraries-extras.cmake
-- Installing: /workspace/src/install/ros_interfaces/share/ros_interfaces/cmake/ros_interfacesConfig.cmake
-- Installing: /workspace/src/install/ros_interfaces/share/ros_interfaces/cmake/ros_interfacesConfig-version.cmake
-- Installing: /workspace/src/install/ros_interfaces/share/ros_interfaces/package.xml
