[0.584s] Invoking command in '/workspace/src/my_package': PYTHONPATH=/workspace/build/my_package/prefix_override:/workspace/install/my_package/lib/python3.10/site-packages:${PYTHONPATH} /usr/bin/python3 setup.py egg_info --egg-base ../../build/my_package build --build-base /workspace/build/my_package/build install --record /workspace/build/my_package/install.log --single-version-externally-managed
[0.835s] running egg_info
[0.836s] writing ../../build/my_package/my_package.egg-info/PKG-INFO
[0.836s] writing dependency_links to ../../build/my_package/my_package.egg-info/dependency_links.txt
[0.837s] writing entry points to ../../build/my_package/my_package.egg-info/entry_points.txt
[0.837s] writing requirements to ../../build/my_package/my_package.egg-info/requires.txt
[0.837s] writing top-level names to ../../build/my_package/my_package.egg-info/top_level.txt
[0.839s] file my_node.py (for module my_node) not found
[0.839s] reading manifest file '../../build/my_package/my_package.egg-info/SOURCES.txt'
[0.841s] writing manifest file '../../build/my_package/my_package.egg-info/SOURCES.txt'
[0.842s] running build
[0.842s] running build_py
[0.842s] running install
[0.842s] file my_node.py (for module my_node) not found
[0.842s] file my_node.py (for module my_node) not found
[0.842s] /usr/lib/python3/dist-packages/setuptools/command/install.py:34: SetuptoolsDeprecationWarning: setup.py install is deprecated. Use build and pip and other standards-based tools.
[0.842s]   warnings.warn(
[0.842s] running install_lib
[0.844s] running install_egg_info
[0.845s] removing '/workspace/install/my_package/lib/python3.10/site-packages/my_package-0.0.0-py3.10.egg-info' (and everything under it)
[0.846s] Copying ../../build/my_package/my_package.egg-info to /workspace/install/my_package/lib/python3.10/site-packages/my_package-0.0.0-py3.10.egg-info
[0.847s] running install_scripts
[0.866s] Installing client script to /workspace/install/my_package/lib/my_package
[0.866s] Installing num_count script to /workspace/install/my_package/lib/my_package
[0.867s] Installing num_gen script to /workspace/install/my_package/lib/my_package
[0.867s] Installing server script to /workspace/install/my_package/lib/my_package
[0.867s] file my_node.py (for module my_node) not found
[0.867s] writing list of installed files to '/workspace/build/my_package/install.log'
[0.885s] Invoked command in '/workspace/src/my_package' returned '0': PYTHONPATH=/workspace/build/my_package/prefix_override:/workspace/install/my_package/lib/python3.10/site-packages:${PYTHONPATH} /usr/bin/python3 setup.py egg_info --egg-base ../../build/my_package build --build-base /workspace/build/my_package/build install --record /workspace/build/my_package/install.log --single-version-externally-managed
