[1.011s] Invoking command in '/workspace/src/build/my_robot_package': CMAKE_PREFIX_PATH=${CMAKE_PREFIX_PATH}:/opt/ros/humble /usr/bin/cmake /workspace/src/my_robot_package -DCMAKE_INSTALL_PREFIX=/workspace/src/install/my_robot_package
[1.149s] -- The C compiler identification is GNU 11.3.0
[1.331s] -- The CXX compiler identification is GNU 11.3.0
[1.348s] -- Detecting C compiler ABI info
[1.493s] -- Detecting C compiler ABI info - done
[1.539s] -- Check for working C compiler: /usr/bin/cc - skipped
[1.539s] -- Detecting C compile features
[1.540s] -- Detecting C compile features - done
[1.547s] -- Detecting CXX compiler ABI info
[1.791s] -- Detecting CXX compiler ABI info - done
[1.816s] -- Check for working CXX compiler: /usr/bin/c++ - skipped
[1.816s] -- Detecting CXX compile features
[1.817s] -- Detecting CXX compile features - done
[1.827s] -- Found ament_cmake: 1.3.4 (/opt/ros/humble/share/ament_cmake/cmake)
[2.136s] -- Found Python3: /usr/bin/python3.10 (found version "3.10.6") found components: Interpreter 
[2.352s] -- Found ament_lint_auto: 0.12.6 (/opt/ros/humble/share/ament_lint_auto/cmake)
[2.624s] -- Added test 'flake8' to check Python code syntax and style conventions
[2.624s] -- Added test 'lint_cmake' to check CMake code style
[2.624s] -- Added test 'pep257' to check Python code against some of the docstring style conventions in PEP 257
[2.632s] -- Added test 'xmllint' to check XML markup files
[2.633s] -- Configuring done
[2.640s] -- Generating done
[2.643s] -- Build files have been written to: /workspace/src/build/my_robot_package
[2.726s] Invoked command in '/workspace/src/build/my_robot_package' returned '0': CMAKE_PREFIX_PATH=${CMAKE_PREFIX_PATH}:/opt/ros/humble /usr/bin/cmake /workspace/src/my_robot_package -DCMAKE_INSTALL_PREFIX=/workspace/src/install/my_robot_package
[2.728s] Invoking command in '/workspace/src/build/my_robot_package': CMAKE_PREFIX_PATH=${CMAKE_PREFIX_PATH}:/opt/ros/humble /usr/bin/cmake --build /workspace/src/build/my_robot_package -- -j12 -l12
[2.898s] Invoked command in '/workspace/src/build/my_robot_package' returned '0': CMAKE_PREFIX_PATH=${CMAKE_PREFIX_PATH}:/opt/ros/humble /usr/bin/cmake --build /workspace/src/build/my_robot_package -- -j12 -l12
[3.062s] Invoking command in '/workspace/src/build/my_robot_package': CMAKE_PREFIX_PATH=${CMAKE_PREFIX_PATH}:/opt/ros/humble /usr/bin/cmake --install /workspace/src/build/my_robot_package
[3.636s] -- Install configuration: ""
[3.638s] -- Installing: /workspace/src/install/my_robot_package/share/my_robot_package/config
[3.638s] -- Installing: /workspace/src/install/my_robot_package/share/my_robot_package/launch
[3.639s] -- Installing: /workspace/src/install/my_robot_package/share/my_robot_package/launch/rviz2.launch.py
[3.645s] -- Installing: /workspace/src/install/my_robot_package/share/ament_index/resource_index/package_run_dependencies/my_robot_package
[3.645s] -- Installing: /workspace/src/install/my_robot_package/share/ament_index/resource_index/parent_prefix_path/my_robot_package
[3.647s] -- Installing: /workspace/src/install/my_robot_package/share/my_robot_package/environment/ament_prefix_path.sh
[3.647s] -- Installing: /workspace/src/install/my_robot_package/share/my_robot_package/environment/ament_prefix_path.dsv
[3.648s] -- Installing: /workspace/src/install/my_robot_package/share/my_robot_package/environment/path.sh
[3.648s] -- Installing: /workspace/src/install/my_robot_package/share/my_robot_package/environment/path.dsv
[3.648s] -- Installing: /workspace/src/install/my_robot_package/share/my_robot_package/local_setup.bash
[3.648s] -- Installing: /workspace/src/install/my_robot_package/share/my_robot_package/local_setup.sh
[3.649s] -- Installing: /workspace/src/install/my_robot_package/share/my_robot_package/local_setup.zsh
[3.650s] -- Installing: /workspace/src/install/my_robot_package/share/my_robot_package/local_setup.dsv
[3.650s] -- Installing: /workspace/src/install/my_robot_package/share/my_robot_package/package.dsv
[3.651s] -- Installing: /workspace/src/install/my_robot_package/share/ament_index/resource_index/packages/my_robot_package
[3.655s] -- Installing: /workspace/src/install/my_robot_package/share/my_robot_package/cmake/my_robot_packageConfig.cmake
[3.655s] -- Installing: /workspace/src/install/my_robot_package/share/my_robot_package/cmake/my_robot_packageConfig-version.cmake
[3.655s] -- Installing: /workspace/src/install/my_robot_package/share/my_robot_package/package.xml
[3.705s] Invoked command in '/workspace/src/build/my_robot_package' returned '0': CMAKE_PREFIX_PATH=${CMAKE_PREFIX_PATH}:/opt/ros/humble /usr/bin/cmake --install /workspace/src/build/my_robot_package
