[0.491s] Invoking command in '/workspace/src/srvcli': PYTHONPATH=/workspace/build/srvcli/prefix_override:/workspace/install/srvcli/lib/python3.10/site-packages:${PYTHONPATH} /usr/bin/python3 setup.py egg_info --egg-base ../../build/srvcli build --build-base /workspace/build/srvcli/build install --record /workspace/build/srvcli/install.log --single-version-externally-managed
[0.693s] running egg_info
[0.693s] writing ../../build/srvcli/srvcli.egg-info/PKG-INFO
[0.694s] writing dependency_links to ../../build/srvcli/srvcli.egg-info/dependency_links.txt
[0.694s] writing entry points to ../../build/srvcli/srvcli.egg-info/entry_points.txt
[0.694s] writing requirements to ../../build/srvcli/srvcli.egg-info/requires.txt
[0.694s] writing top-level names to ../../build/srvcli/srvcli.egg-info/top_level.txt
[0.695s] reading manifest file '../../build/srvcli/srvcli.egg-info/SOURCES.txt'
[0.696s] writing manifest file '../../build/srvcli/srvcli.egg-info/SOURCES.txt'
[0.696s] running build
[0.696s] running build_py
[0.696s] copying srvcli/serv_mem.py -> /workspace/build/srvcli/build/lib/srvcli
[0.697s] copying srvcli/cli_mem.py -> /workspace/build/srvcli/build/lib/srvcli
[0.697s] running install
[0.697s] /usr/lib/python3/dist-packages/setuptools/command/install.py:34: SetuptoolsDeprecationWarning: setup.py install is deprecated. Use build and pip and other standards-based tools.
[0.697s]   warnings.warn(
[0.697s] running install_lib
[0.698s] copying /workspace/build/srvcli/build/lib/srvcli/serv_mem.py -> /workspace/install/srvcli/lib/python3.10/site-packages/srvcli
[0.698s] copying /workspace/build/srvcli/build/lib/srvcli/cli_mem.py -> /workspace/install/srvcli/lib/python3.10/site-packages/srvcli
[0.699s] byte-compiling /workspace/install/srvcli/lib/python3.10/site-packages/srvcli/serv_mem.py to serv_mem.cpython-310.pyc
[0.699s] byte-compiling /workspace/install/srvcli/lib/python3.10/site-packages/srvcli/cli_mem.py to cli_mem.cpython-310.pyc
[0.700s] running install_data
[0.700s] copying package.xml -> /workspace/install/srvcli/share/srvcli
[0.700s] running install_egg_info
[0.701s] removing '/workspace/install/srvcli/lib/python3.10/site-packages/srvcli-0.0.0-py3.10.egg-info' (and everything under it)
[0.702s] Copying ../../build/srvcli/srvcli.egg-info to /workspace/install/srvcli/lib/python3.10/site-packages/srvcli-0.0.0-py3.10.egg-info
[0.702s] running install_scripts
[0.721s] Installing client script to /workspace/install/srvcli/lib/srvcli
[0.721s] Installing service script to /workspace/install/srvcli/lib/srvcli
[0.721s] writing list of installed files to '/workspace/build/srvcli/install.log'
[0.741s] Invoked command in '/workspace/src/srvcli' returned '0': PYTHONPATH=/workspace/build/srvcli/prefix_override:/workspace/install/srvcli/lib/python3.10/site-packages:${PYTHONPATH} /usr/bin/python3 setup.py egg_info --egg-base ../../build/srvcli build --build-base /workspace/build/srvcli/build install --record /workspace/build/srvcli/install.log --single-version-externally-managed
