[0.063s] Invoking command in '/workspace/build/action_tutorials_interfaces': CMAKE_PREFIX_PATH=${CMAKE_PREFIX_PATH}:/workspace/install/srvcli:/workspace/install/pubsub:/workspace/install/my_py_pkg:/workspace/install/my_package:/opt/ros/humble /usr/bin/cmake /workspace/src/action_tutorials_interfaces -DCMAKE_INSTALL_PREFIX=/workspace/install/action_tutorials_interfaces
[0.593s] -- The C compiler identification is GNU 11.3.0
[0.593s] -- The CXX compiler identification is GNU 11.3.0
[0.593s] -- Detecting C compiler ABI info
[0.594s] -- Detecting C compiler ABI info - done
[0.594s] -- Check for working C compiler: /usr/bin/cc - skipped
[0.594s] -- Detecting C compile features
[0.595s] -- Detecting C compile features - done
[0.596s] -- Detecting CXX compiler ABI info
[0.596s] -- Detecting CXX compiler ABI info - done
[0.596s] -- Check for working CXX compiler: /usr/bin/c++ - skipped
[0.596s] -- Detecting CXX compile features
[0.596s] -- Detecting CXX compile features - done
[0.596s] -- Found ament_cmake: 1.3.3 (/opt/ros/humble/share/ament_cmake/cmake)
[0.597s] -- Found Python3: /usr/bin/python3.10 (found version "3.10.6") found components: Interpreter 
[0.704s] -- Found ament_lint_auto: 0.12.5 (/opt/ros/humble/share/ament_lint_auto/cmake)
[0.805s] -- Found rosidl_default_generators: 1.2.0 (/opt/ros/humble/share/rosidl_default_generators/cmake)
[0.811s] -- Using all available rosidl_typesupport_c: rosidl_typesupport_fastrtps_c;rosidl_typesupport_introspection_c
[0.822s] -- Found rosidl_adapter: 3.1.4 (/opt/ros/humble/share/rosidl_adapter/cmake)
[0.882s] -- Using all available rosidl_typesupport_cpp: rosidl_typesupport_fastrtps_cpp;rosidl_typesupport_introspection_cpp
[1.384s] -- Found ament_cmake_ros: 0.10.0 (/opt/ros/humble/share/ament_cmake_ros/cmake)
[1.662s] -- Using all available rosidl_typesupport_c: rosidl_typesupport_fastrtps_c;rosidl_typesupport_introspection_c
[1.918s] -- Using all available rosidl_typesupport_cpp: rosidl_typesupport_fastrtps_cpp;rosidl_typesupport_introspection_cpp
[1.942s] -- Found PythonInterp: /usr/bin/python3 (found suitable version "3.10.6", minimum required is "3.6") 
[1.945s] -- Found python_cmake_module: 0.10.0 (/opt/ros/humble/share/python_cmake_module/cmake)
[1.970s] -- Found PythonLibs: /usr/lib/x86_64-linux-gnu/libpython3.10.so (found suitable version "3.10.6", minimum required is "3.5") 
[1.970s] -- Using PYTHON_EXECUTABLE: /usr/bin/python3
[1.970s] -- Using PYTHON_INCLUDE_DIRS: /usr/include/python3.10
[1.971s] -- Using PYTHON_LIBRARIES: /usr/lib/x86_64-linux-gnu/libpython3.10.so
[1.990s] -- Found PythonExtra: .so  
[2.037s] -- Added test 'lint_cmake' to check CMake code style
[2.039s] -- Added test 'xmllint' to check XML markup files
[2.046s] -- Configuring done
[2.081s] -- Generating done
[2.083s] -- Build files have been written to: /workspace/build/action_tutorials_interfaces
