[0.424s] Invoking command in '/workspace/src/build/ros2_execution': CMAKE_PREFIX_PATH=${CMAKE_PREFIX_PATH}:/opt/ros/humble /usr/bin/cmake /workspace/src/ros2_RobotSimulation/ros2_execution -DCMAKE_INSTALL_PREFIX=/workspace/src/install/ros2_execution
[0.547s] -- The C compiler identification is GNU 11.3.0
[0.691s] -- The CXX compiler identification is GNU 11.3.0
[0.712s] -- Detecting C compiler ABI info
[0.858s] -- Detecting C compiler ABI info - done
[0.885s] -- Check for working C compiler: /usr/bin/cc - skipped
[0.886s] -- Detecting C compile features
[0.887s] -- Detecting C compile features - done
[0.887s] -- Detecting CXX compiler ABI info
[1.140s] -- Detecting CXX compiler ABI info - done
[1.180s] -- Check for working CXX compiler: /usr/bin/c++ - skipped
[1.182s] -- Detecting CXX compile features
[1.182s] -- Detecting CXX compile features - done
[1.191s] -- Found ament_cmake: 1.3.4 (/opt/ros/humble/share/ament_cmake/cmake)
[1.556s] -- Found Python3: /usr/bin/python3.10 (found version "3.10.6") found components: Interpreter 
[1.753s] -- Found ament_lint_auto: 0.12.6 (/opt/ros/humble/share/ament_lint_auto/cmake)
[2.020s] -- Added test 'copyright' to check source files copyright and LICENSE
[2.029s] -- Added test 'flake8' to check Python code syntax and style conventions
[2.033s] -- Added test 'lint_cmake' to check CMake code style
[2.034s] -- Added test 'pep257' to check Python code against some of the docstring style conventions in PEP 257
[2.040s] -- Added test 'xmllint' to check XML markup files
[2.053s] -- Configuring done
[2.060s] -- Generating done
[2.062s] -- Build files have been written to: /workspace/src/build/ros2_execution
[2.081s] Invoked command in '/workspace/src/build/ros2_execution' returned '0': CMAKE_PREFIX_PATH=${CMAKE_PREFIX_PATH}:/opt/ros/humble /usr/bin/cmake /workspace/src/ros2_RobotSimulation/ros2_execution -DCMAKE_INSTALL_PREFIX=/workspace/src/install/ros2_execution
[2.083s] Invoking command in '/workspace/src/build/ros2_execution': CMAKE_PREFIX_PATH=${CMAKE_PREFIX_PATH}:/opt/ros/humble /usr/bin/cmake --build /workspace/src/build/ros2_execution -- -j12 -l12
[2.336s] Invoked command in '/workspace/src/build/ros2_execution' returned '0': CMAKE_PREFIX_PATH=${CMAKE_PREFIX_PATH}:/opt/ros/humble /usr/bin/cmake --build /workspace/src/build/ros2_execution -- -j12 -l12
[2.386s] Invoking command in '/workspace/src/build/ros2_execution': CMAKE_PREFIX_PATH=${CMAKE_PREFIX_PATH}:/opt/ros/humble /usr/bin/cmake --install /workspace/src/build/ros2_execution
[2.593s] -- Install configuration: ""
[2.593s] -- Installing: /workspace/src/install/ros2_execution/share/ros2_execution/scripts
[2.593s] -- Installing: /workspace/src/install/ros2_execution/share/ros2_execution/scripts/ros2_execution.py
[2.593s] -- Installing: /workspace/src/install/ros2_execution/lib/ros2_execution/ros2_execution.py
[2.594s] -- Installing: /workspace/src/install/ros2_execution/share/ament_index/resource_index/package_run_dependencies/ros2_execution
[2.594s] -- Installing: /workspace/src/install/ros2_execution/share/ament_index/resource_index/parent_prefix_path/ros2_execution
[2.601s] -- Installing: /workspace/src/install/ros2_execution/share/ros2_execution/environment/ament_prefix_path.sh
[2.601s] -- Installing: /workspace/src/install/ros2_execution/share/ros2_execution/environment/ament_prefix_path.dsv
[2.601s] -- Installing: /workspace/src/install/ros2_execution/share/ros2_execution/environment/path.sh
[2.602s] -- Installing: /workspace/src/install/ros2_execution/share/ros2_execution/environment/path.dsv
[2.602s] -- Installing: /workspace/src/install/ros2_execution/share/ros2_execution/local_setup.bash
[2.602s] -- Installing: /workspace/src/install/ros2_execution/share/ros2_execution/local_setup.sh
[2.602s] -- Installing: /workspace/src/install/ros2_execution/share/ros2_execution/local_setup.zsh
[2.602s] -- Installing: /workspace/src/install/ros2_execution/share/ros2_execution/local_setup.dsv
[2.602s] -- Installing: /workspace/src/install/ros2_execution/share/ros2_execution/package.dsv
[2.603s] -- Installing: /workspace/src/install/ros2_execution/share/ament_index/resource_index/packages/ros2_execution
[2.603s] -- Installing: /workspace/src/install/ros2_execution/share/ros2_execution/cmake/ros2_executionConfig.cmake
[2.603s] -- Installing: /workspace/src/install/ros2_execution/share/ros2_execution/cmake/ros2_executionConfig-version.cmake
[2.603s] -- Installing: /workspace/src/install/ros2_execution/share/ros2_execution/package.xml
[2.620s] Invoked command in '/workspace/src/build/ros2_execution' returned '0': CMAKE_PREFIX_PATH=${CMAKE_PREFIX_PATH}:/opt/ros/humble /usr/bin/cmake --install /workspace/src/build/ros2_execution
