[0.115s] Invoking command in '/workspace/src/build/ur5_ros2_gazebo': CMAKE_PREFIX_PATH=${CMAKE_PREFIX_PATH}:/opt/ros/humble /usr/bin/cmake /workspace/src/ros2_RobotSimulation/UniversalRobots/UR5/ur5_ros2_gazebo -DCMAKE_INSTALL_PREFIX=/workspace/src/install/ur5_ros2_gazebo
[0.316s] -- The C compiler identification is GNU 11.3.0
[0.451s] -- The CXX compiler identification is GNU 11.3.0
[0.478s] -- Detecting C compiler ABI info
[0.630s] -- Detecting C compiler ABI info - done
[0.669s] -- Check for working C compiler: /usr/bin/cc - skipped
[0.669s] -- Detecting C compile features
[0.670s] -- Detecting C compile features - done
[0.680s] -- Detecting CXX compiler ABI info
[0.910s] -- Detecting CXX compiler ABI info - done
[0.942s] -- Check for working CXX compiler: /usr/bin/c++ - skipped
[0.946s] -- Detecting CXX compile features
[0.949s] -- Detecting CXX compile features - done
[0.968s] -- Found ament_cmake: 1.3.4 (/opt/ros/humble/share/ament_cmake/cmake)
[1.397s] -- Found Python3: /usr/bin/python3.10 (found version "3.10.6") found components: Interpreter 
[1.671s] -- Found ament_lint_auto: 0.12.6 (/opt/ros/humble/share/ament_lint_auto/cmake)
[1.904s] -- Added test 'copyright' to check source files copyright and LICENSE
[1.917s] -- Added test 'flake8' to check Python code syntax and style conventions
[1.922s] -- Added test 'lint_cmake' to check CMake code style
[1.922s] -- Added test 'pep257' to check Python code against some of the docstring style conventions in PEP 257
[1.923s] -- Added test 'xmllint' to check XML markup files
[1.926s] -- Configuring done
[1.931s] -- Generating done
[1.932s] -- Build files have been written to: /workspace/src/build/ur5_ros2_gazebo
[1.939s] Invoked command in '/workspace/src/build/ur5_ros2_gazebo' returned '0': CMAKE_PREFIX_PATH=${CMAKE_PREFIX_PATH}:/opt/ros/humble /usr/bin/cmake /workspace/src/ros2_RobotSimulation/UniversalRobots/UR5/ur5_ros2_gazebo -DCMAKE_INSTALL_PREFIX=/workspace/src/install/ur5_ros2_gazebo
[1.942s] Invoking command in '/workspace/src/build/ur5_ros2_gazebo': CMAKE_PREFIX_PATH=${CMAKE_PREFIX_PATH}:/opt/ros/humble /usr/bin/cmake --build /workspace/src/build/ur5_ros2_gazebo -- -j12 -l12
[2.014s] Invoked command in '/workspace/src/build/ur5_ros2_gazebo' returned '0': CMAKE_PREFIX_PATH=${CMAKE_PREFIX_PATH}:/opt/ros/humble /usr/bin/cmake --build /workspace/src/build/ur5_ros2_gazebo -- -j12 -l12
[2.075s] Invoking command in '/workspace/src/build/ur5_ros2_gazebo': CMAKE_PREFIX_PATH=${CMAKE_PREFIX_PATH}:/opt/ros/humble /usr/bin/cmake --install /workspace/src/build/ur5_ros2_gazebo
[2.088s] -- Install configuration: ""
[2.088s] -- Installing: /workspace/src/install/ur5_ros2_gazebo/share/ur5_ros2_gazebo/config
[2.088s] -- Installing: /workspace/src/install/ur5_ros2_gazebo/share/ur5_ros2_gazebo/config/physical_parameters.yaml
[2.088s] -- Installing: /workspace/src/install/ur5_ros2_gazebo/share/ur5_ros2_gazebo/config/default_kinematics.yaml
[2.088s] -- Installing: /workspace/src/install/ur5_ros2_gazebo/share/ur5_ros2_gazebo/config/ur5_controller.yaml
[2.089s] -- Installing: /workspace/src/install/ur5_ros2_gazebo/share/ur5_ros2_gazebo/config/visual_parameters.yaml
[2.089s] -- Installing: /workspace/src/install/ur5_ros2_gazebo/share/ur5_ros2_gazebo/config/joint_limits.yaml
[2.089s] -- Installing: /workspace/src/install/ur5_ros2_gazebo/share/ur5_ros2_gazebo/config/initial_positions.yaml
[2.089s] -- Installing: /workspace/src/install/ur5_ros2_gazebo/share/ur5_ros2_gazebo/launch
[2.089s] -- Installing: /workspace/src/install/ur5_ros2_gazebo/share/ur5_ros2_gazebo/launch/ur5_simulation.launch.py
[2.090s] -- Installing: /workspace/src/install/ur5_ros2_gazebo/share/ur5_ros2_gazebo/urdf
[2.090s] -- Installing: /workspace/src/install/ur5_ros2_gazebo/share/ur5_ros2_gazebo/urdf/ur5.urdf.xacro
[2.090s] -- Installing: /workspace/src/install/ur5_ros2_gazebo/share/ur5_ros2_gazebo/urdf/ur5_transmission.xacro
[2.090s] -- Installing: /workspace/src/install/ur5_ros2_gazebo/share/ur5_ros2_gazebo/urdf/ur5_ros2control.xacro
[2.090s] -- Installing: /workspace/src/install/ur5_ros2_gazebo/share/ur5_ros2_gazebo/urdf/ur5_common.xacro
[2.090s] -- Installing: /workspace/src/install/ur5_ros2_gazebo/share/ur5_ros2_gazebo/urdf/ur5_macro.urdf.xacro
[2.091s] -- Installing: /workspace/src/install/ur5_ros2_gazebo/share/ur5_ros2_gazebo/worlds
[2.091s] -- Installing: /workspace/src/install/ur5_ros2_gazebo/share/ur5_ros2_gazebo/worlds/ur5.world
[2.091s] -- Installing: /workspace/src/install/ur5_ros2_gazebo/share/ur5_ros2_gazebo/meshes
[2.091s] -- Installing: /workspace/src/install/ur5_ros2_gazebo/share/ur5_ros2_gazebo/meshes/collision
[2.091s] -- Installing: /workspace/src/install/ur5_ros2_gazebo/share/ur5_ros2_gazebo/meshes/collision/shoulder.stl
[2.092s] -- Installing: /workspace/src/install/ur5_ros2_gazebo/share/ur5_ros2_gazebo/meshes/collision/forearm.stl
[2.092s] -- Installing: /workspace/src/install/ur5_ros2_gazebo/share/ur5_ros2_gazebo/meshes/collision/wrist1.stl
[2.092s] -- Installing: /workspace/src/install/ur5_ros2_gazebo/share/ur5_ros2_gazebo/meshes/collision/base.stl
[2.092s] -- Installing: /workspace/src/install/ur5_ros2_gazebo/share/ur5_ros2_gazebo/meshes/collision/upperarm.stl
[2.092s] -- Installing: /workspace/src/install/ur5_ros2_gazebo/share/ur5_ros2_gazebo/meshes/collision/wrist2.stl
[2.093s] -- Installing: /workspace/src/install/ur5_ros2_gazebo/share/ur5_ros2_gazebo/meshes/collision/wrist3.stl
[2.093s] -- Installing: /workspace/src/install/ur5_ros2_gazebo/share/ur5_ros2_gazebo/meshes/visual
[2.093s] -- Installing: /workspace/src/install/ur5_ros2_gazebo/share/ur5_ros2_gazebo/meshes/visual/base.dae
[2.094s] -- Installing: /workspace/src/install/ur5_ros2_gazebo/share/ur5_ros2_gazebo/meshes/visual/upperarm.dae
[2.098s] -- Installing: /workspace/src/install/ur5_ros2_gazebo/share/ur5_ros2_gazebo/meshes/visual/forearm.dae
[2.101s] -- Installing: /workspace/src/install/ur5_ros2_gazebo/share/ur5_ros2_gazebo/meshes/visual/wrist1.dae
[2.103s] -- Installing: /workspace/src/install/ur5_ros2_gazebo/share/ur5_ros2_gazebo/meshes/visual/shoulder.dae
[2.105s] -- Installing: /workspace/src/install/ur5_ros2_gazebo/share/ur5_ros2_gazebo/meshes/visual/wrist3.dae
[2.105s] -- Installing: /workspace/src/install/ur5_ros2_gazebo/share/ur5_ros2_gazebo/meshes/visual/wrist2.dae
[2.108s] -- Installing: /workspace/src/install/ur5_ros2_gazebo/share/ament_index/resource_index/package_run_dependencies/ur5_ros2_gazebo
[2.108s] -- Installing: /workspace/src/install/ur5_ros2_gazebo/share/ament_index/resource_index/parent_prefix_path/ur5_ros2_gazebo
[2.109s] -- Installing: /workspace/src/install/ur5_ros2_gazebo/share/ur5_ros2_gazebo/environment/ament_prefix_path.sh
[2.109s] -- Installing: /workspace/src/install/ur5_ros2_gazebo/share/ur5_ros2_gazebo/environment/ament_prefix_path.dsv
[2.109s] -- Installing: /workspace/src/install/ur5_ros2_gazebo/share/ur5_ros2_gazebo/environment/path.sh
[2.109s] -- Installing: /workspace/src/install/ur5_ros2_gazebo/share/ur5_ros2_gazebo/environment/path.dsv
[2.109s] -- Installing: /workspace/src/install/ur5_ros2_gazebo/share/ur5_ros2_gazebo/local_setup.bash
[2.110s] -- Installing: /workspace/src/install/ur5_ros2_gazebo/share/ur5_ros2_gazebo/local_setup.sh
[2.110s] -- Installing: /workspace/src/install/ur5_ros2_gazebo/share/ur5_ros2_gazebo/local_setup.zsh
[2.110s] -- Installing: /workspace/src/install/ur5_ros2_gazebo/share/ur5_ros2_gazebo/local_setup.dsv
[2.110s] -- Installing: /workspace/src/install/ur5_ros2_gazebo/share/ur5_ros2_gazebo/package.dsv
[2.111s] -- Installing: /workspace/src/install/ur5_ros2_gazebo/share/ament_index/resource_index/packages/ur5_ros2_gazebo
[2.111s] -- Installing: /workspace/src/install/ur5_ros2_gazebo/share/ur5_ros2_gazebo/cmake/ur5_ros2_gazeboConfig.cmake
[2.111s] -- Installing: /workspace/src/install/ur5_ros2_gazebo/share/ur5_ros2_gazebo/cmake/ur5_ros2_gazeboConfig-version.cmake
[2.111s] -- Installing: /workspace/src/install/ur5_ros2_gazebo/share/ur5_ros2_gazebo/package.xml
[2.120s] Invoked command in '/workspace/src/build/ur5_ros2_gazebo' returned '0': CMAKE_PREFIX_PATH=${CMAKE_PREFIX_PATH}:/opt/ros/humble /usr/bin/cmake --install /workspace/src/build/ur5_ros2_gazebo
