[0.562s] Invoking command in '/workspace/src/my_py_pkg': PYTHONPATH=/workspace/build/my_py_pkg/prefix_override:/workspace/install/my_py_pkg/lib/python3.10/site-packages:${PYTHONPATH} /usr/bin/python3 setup.py egg_info --egg-base ../../build/my_py_pkg build --build-base /workspace/build/my_py_pkg/build install --record /workspace/build/my_py_pkg/install.log --single-version-externally-managed
[0.830s] running egg_info
[0.831s] writing ../../build/my_py_pkg/my_py_pkg.egg-info/PKG-INFO
[0.832s] writing dependency_links to ../../build/my_py_pkg/my_py_pkg.egg-info/dependency_links.txt
[0.832s] writing entry points to ../../build/my_py_pkg/my_py_pkg.egg-info/entry_points.txt
[0.833s] writing requirements to ../../build/my_py_pkg/my_py_pkg.egg-info/requires.txt
[0.833s] writing top-level names to ../../build/my_py_pkg/my_py_pkg.egg-info/top_level.txt
[0.835s] reading manifest file '../../build/my_py_pkg/my_py_pkg.egg-info/SOURCES.txt'
[0.837s] writing manifest file '../../build/my_py_pkg/my_py_pkg.egg-info/SOURCES.txt'
[0.837s] running build
[0.837s] running build_py
[0.837s] copying my_py_pkg/number_counter.py -> /workspace/build/my_py_pkg/build/lib/my_py_pkg
[0.838s] running install
[0.838s] /usr/lib/python3/dist-packages/setuptools/command/install.py:34: SetuptoolsDeprecationWarning: setup.py install is deprecated. Use build and pip and other standards-based tools.
[0.838s]   warnings.warn(
[0.838s] running install_lib
[0.840s] copying /workspace/build/my_py_pkg/build/lib/my_py_pkg/number_counter.py -> /workspace/install/my_py_pkg/lib/python3.10/site-packages/my_py_pkg
[0.840s] byte-compiling /workspace/install/my_py_pkg/lib/python3.10/site-packages/my_py_pkg/number_counter.py to number_counter.cpython-310.pyc
[0.841s] running install_data
[0.841s] running install_egg_info
[0.843s] removing '/workspace/install/my_py_pkg/lib/python3.10/site-packages/my_py_pkg-0.0.0-py3.10.egg-info' (and everything under it)
[0.843s] Copying ../../build/my_py_pkg/my_py_pkg.egg-info to /workspace/install/my_py_pkg/lib/python3.10/site-packages/my_py_pkg-0.0.0-py3.10.egg-info
[0.844s] running install_scripts
[0.862s] Installing client script to /workspace/install/my_py_pkg/lib/my_py_pkg
[0.862s] Installing num_count script to /workspace/install/my_py_pkg/lib/my_py_pkg
[0.863s] Installing num_gen script to /workspace/install/my_py_pkg/lib/my_py_pkg
[0.863s] Installing num_reset script to /workspace/install/my_py_pkg/lib/my_py_pkg
[0.863s] Installing server script to /workspace/install/my_py_pkg/lib/my_py_pkg
[0.863s] writing list of installed files to '/workspace/build/my_py_pkg/install.log'
[0.881s] Invoked command in '/workspace/src/my_py_pkg' returned '0': PYTHONPATH=/workspace/build/my_py_pkg/prefix_override:/workspace/install/my_py_pkg/lib/python3.10/site-packages:${PYTHONPATH} /usr/bin/python3 setup.py egg_info --egg-base ../../build/my_py_pkg build --build-base /workspace/build/my_py_pkg/build install --record /workspace/build/my_py_pkg/install.log --single-version-externally-managed
