2023.03.11 23:17:34 INFO  Started: Metals version 0.11.11 in workspace '/home/kalyan/gitrepo/alma-mater/Sem4/BDA/Scala' for client Visual Studio Code 1.76.0.
SLF4J: No SLF4J providers were found.
SLF4J: Defaulting to no-operation (NOP) logger implementation
SLF4J: See https://www.slf4j.org/codes.html#noProviders for further details.
SLF4J: Class path contains SLF4J bindings targeting slf4j-api versions 1.7.x or earlier.
SLF4J: Ignoring binding found at [jar:file:/home/kalyan/.cache/coursier/v1/https/repo1.maven.org/maven2/com/outr/scribe-slf4j_2.13/3.11.0/scribe-slf4j_2.13-3.11.0.jar!/org/slf4j/impl/StaticLoggerBinder.class]
SLF4J: See https://www.slf4j.org/codes.html#ignoredBindings for an explanation.
2023.03.11 23:17:34 INFO  time: initialize in 0.66s
2023.03.11 23:17:37 WARN  Build server is not auto-connectable.
2023.03.11 23:17:37 WARN  no build tool detected in workspace '/home/kalyan/gitrepo/alma-mater/Sem4/BDA/Scala'. The most common cause for this problem is that the editor was opened in the wrong working directory, for example if you use sbt then the workspace directory should contain build.sbt. 
2023.03.11 23:17:37 WARN  no build target for: /home/kalyan/gitrepo/alma-mater/Sem4/BDA/Scala/RandomArrays.scala
2023.03.11 23:18:01 INFO  no build target found for /home/kalyan/gitrepo/alma-mater/Sem4/BDA/Scala/RandomArrays.scala. Using presentation compiler with project's scala-library version: 3.2.2
2023.03.11 23:18:02 INFO  time: code lens generation in 25s
2023.03.11 23:18:02 INFO  time: code lens generation in 13s
2023.03.11 23:18:02 INFO  time: code lens generation in 7.26s
2023.03.11 23:18:02 INFO  time: code lens generation in 4.18s
Mar 11, 2023 11:18:54 PM org.eclipse.lsp4j.jsonrpc.services.GenericEndpoint notify
INFO: Unsupported notification method: $/setTrace
Mar 11, 2023 11:18:54 PM org.eclipse.lsp4j.jsonrpc.services.GenericEndpoint notify
INFO: Unsupported notification method: $/setTrace
2023.03.11 23:20:26 WARN  no build target for: /home/kalyan/gitrepo/alma-mater/Sem4/BDA/Scala/RandomArrays.scala
2023.03.11 23:20:27 INFO  Shutting down server
2023.03.11 23:20:27 INFO  shutting down Metals
2023.03.11 23:20:27 INFO  Exiting server
2023.03.11 23:20:37 INFO  Started: Metals version 0.11.11 in workspace '/home/kalyan/gitrepo/alma-mater/Sem4/BDA/Scala' for client Visual Studio Code 1.76.0.
SLF4J: No SLF4J providers were found.
SLF4J: Defaulting to no-operation (NOP) logger implementation
SLF4J: See https://www.slf4j.org/codes.html#noProviders for further details.
SLF4J: Class path contains SLF4J bindings targeting slf4j-api versions 1.7.x or earlier.
SLF4J: Ignoring binding found at [jar:file:/home/kalyan/.cache/coursier/v1/https/repo1.maven.org/maven2/com/outr/scribe-slf4j_2.13/3.11.0/scribe-slf4j_2.13-3.11.0.jar!/org/slf4j/impl/StaticLoggerBinder.class]
SLF4J: See https://www.slf4j.org/codes.html#ignoredBindings for an explanation.
2023.03.11 23:20:38 INFO  time: initialize in 0.61s
2023.03.11 23:20:41 WARN  Build server is not auto-connectable.
2023.03.11 23:20:41 WARN  no build tool detected in workspace '/home/kalyan/gitrepo/alma-mater/Sem4/BDA/Scala'. The most common cause for this problem is that the editor was opened in the wrong working directory, for example if you use sbt then the workspace directory should contain build.sbt. 
2023.03.11 23:20:41 WARN  no build target for: /home/kalyan/gitrepo/alma-mater/Sem4/BDA/Scala/RandomArrays.scala
2023.03.11 23:20:49 INFO  no build target found for /home/kalyan/gitrepo/alma-mater/Sem4/BDA/Scala/RandomArrays.scala. Using presentation compiler with project's scala-library version: 3.2.2
2023.03.11 23:20:51 INFO  time: code lens generation in 9.77s
2023.03.11 23:20:51 INFO  time: code lens generation in 9.77s
2023.03.11 23:20:51 INFO  time: code lens generation in 5.11s
2023.03.11 23:22:09 INFO  Shutting down server
2023.03.11 23:22:09 INFO  shutting down Metals
2023.03.11 23:22:09 INFO  Exiting server
