[0.462s] Invoking command in '/workspace/src/build/lakme_ros': CMAKE_PREFIX_PATH=${CMAKE_PREFIX_PATH}:/opt/ros/humble /usr/bin/cmake /workspace/src/lakme_ros -DCMAKE_INSTALL_PREFIX=/workspace/src/install/lakme_ros
[1.167s] -- The C compiler identification is GNU 11.3.0
[1.167s] -- The CXX compiler identification is GNU 11.3.0
[1.167s] -- Detecting C compiler ABI info
[1.167s] -- Detecting C compiler ABI info - done
[1.167s] -- Check for working C compiler: /usr/bin/cc - skipped
[1.167s] -- Detecting C compile features
[1.168s] -- Detecting C compile features - done
[1.168s] -- Detecting CXX compiler ABI info
[1.168s] -- Detecting CXX compiler ABI info - done
[1.168s] -- Check for working CXX compiler: /usr/bin/c++ - skipped
[1.168s] -- Detecting CXX compile features
[1.168s] -- Detecting CXX compile features - done
[1.168s] -- Found ament_cmake: 1.3.4 (/opt/ros/humble/share/ament_cmake/cmake)
[1.713s] -- Found Python3: /usr/bin/python3.10 (found version "3.10.6") found components: Interpreter 
[2.055s] -- Found ament_lint_auto: 0.12.6 (/opt/ros/humble/share/ament_lint_auto/cmake)
[2.287s] -- Added test 'copyright' to check source files copyright and LICENSE
[2.314s] -- Added test 'flake8' to check Python code syntax and style conventions
[2.315s] -- Added test 'lint_cmake' to check CMake code style
[2.317s] -- Added test 'pep257' to check Python code against some of the docstring style conventions in PEP 257
[2.333s] -- Added test 'xmllint' to check XML markup files
[2.333s] -- Configuring done
[2.339s] -- Generating done
[2.339s] -- Build files have been written to: /workspace/src/build/lakme_ros
[2.404s] Invoked command in '/workspace/src/build/lakme_ros' returned '0': CMAKE_PREFIX_PATH=${CMAKE_PREFIX_PATH}:/opt/ros/humble /usr/bin/cmake /workspace/src/lakme_ros -DCMAKE_INSTALL_PREFIX=/workspace/src/install/lakme_ros
[2.407s] Invoking command in '/workspace/src/build/lakme_ros': CMAKE_PREFIX_PATH=${CMAKE_PREFIX_PATH}:/opt/ros/humble /usr/bin/cmake --build /workspace/src/build/lakme_ros -- -j12 -l12
[2.782s] Invoked command in '/workspace/src/build/lakme_ros' returned '0': CMAKE_PREFIX_PATH=${CMAKE_PREFIX_PATH}:/opt/ros/humble /usr/bin/cmake --build /workspace/src/build/lakme_ros -- -j12 -l12
[2.822s] Invoking command in '/workspace/src/build/lakme_ros': CMAKE_PREFIX_PATH=${CMAKE_PREFIX_PATH}:/opt/ros/humble /usr/bin/cmake --install /workspace/src/build/lakme_ros
[2.873s] -- Install configuration: ""
[2.873s] -- Installing: /workspace/src/install/lakme_ros/share/lakme_ros/config
[2.874s] -- Installing: /workspace/src/install/lakme_ros/share/lakme_ros/config/empty.yaml
[2.874s] -- Installing: /workspace/src/install/lakme_ros/share/lakme_ros/description
[2.875s] -- Installing: /workspace/src/install/lakme_ros/share/lakme_ros/description/robot_core.urdf
[2.876s] -- Installing: /workspace/src/install/lakme_ros/share/lakme_ros/description/inertial_macros.xacro
[2.876s] -- Installing: /workspace/src/install/lakme_ros/share/lakme_ros/description/robot.urdf.xacro
[2.877s] -- Installing: /workspace/src/install/lakme_ros/share/lakme_ros/launch
[2.878s] -- Installing: /workspace/src/install/lakme_ros/share/lakme_ros/launch/rsp.launch.py
[2.878s] -- Installing: /workspace/src/install/lakme_ros/share/lakme_ros/launch/controller.launch.py
[2.878s] -- Installing: /workspace/src/install/lakme_ros/share/lakme_ros/worlds
[2.879s] -- Installing: /workspace/src/install/lakme_ros/share/lakme_ros/worlds/empty.world
[2.879s] -- Installing: /workspace/src/install/lakme_ros/share/lakme_ros/src
[2.879s] -- Installing: /workspace/src/install/lakme_ros/share/lakme_ros/src/move_robot.py
[2.880s] -- Installing: /workspace/src/install/lakme_ros/share/ament_index/resource_index/package_run_dependencies/lakme_ros
[2.880s] -- Installing: /workspace/src/install/lakme_ros/share/ament_index/resource_index/parent_prefix_path/lakme_ros
[2.880s] -- Installing: /workspace/src/install/lakme_ros/share/lakme_ros/environment/ament_prefix_path.sh
[2.880s] -- Installing: /workspace/src/install/lakme_ros/share/lakme_ros/environment/ament_prefix_path.dsv
[2.881s] -- Installing: /workspace/src/install/lakme_ros/share/lakme_ros/environment/path.sh
[2.882s] -- Installing: /workspace/src/install/lakme_ros/share/lakme_ros/environment/path.dsv
[2.882s] -- Installing: /workspace/src/install/lakme_ros/share/lakme_ros/local_setup.bash
[2.882s] -- Installing: /workspace/src/install/lakme_ros/share/lakme_ros/local_setup.sh
[2.883s] -- Installing: /workspace/src/install/lakme_ros/share/lakme_ros/local_setup.zsh
[2.883s] -- Installing: /workspace/src/install/lakme_ros/share/lakme_ros/local_setup.dsv
[2.884s] -- Installing: /workspace/src/install/lakme_ros/share/lakme_ros/package.dsv
[2.884s] -- Installing: /workspace/src/install/lakme_ros/share/ament_index/resource_index/packages/lakme_ros
[2.884s] -- Installing: /workspace/src/install/lakme_ros/share/lakme_ros/cmake/lakme_rosConfig.cmake
[2.884s] -- Installing: /workspace/src/install/lakme_ros/share/lakme_ros/cmake/lakme_rosConfig-version.cmake
[2.885s] -- Installing: /workspace/src/install/lakme_ros/share/lakme_ros/package.xml
[2.900s] Invoked command in '/workspace/src/build/lakme_ros' returned '0': CMAKE_PREFIX_PATH=${CMAKE_PREFIX_PATH}:/opt/ros/humble /usr/bin/cmake --install /workspace/src/build/lakme_ros
