[1.942s] Invoking command in '/workspace/src/my_py_pkg': PYTHONPATH=/workspace/build/my_py_pkg/prefix_override:/workspace/install/my_py_pkg/lib/python3.10/site-packages:${PYTHONPATH} /usr/bin/python3 setup.py egg_info --egg-base ../../build/my_py_pkg build --build-base /workspace/build/my_py_pkg/build install --record /workspace/build/my_py_pkg/install.log --single-version-externally-managed
[2.482s] running egg_info
[2.483s] writing ../../build/my_py_pkg/my_py_pkg.egg-info/PKG-INFO
[2.484s] writing dependency_links to ../../build/my_py_pkg/my_py_pkg.egg-info/dependency_links.txt
[2.484s] writing entry points to ../../build/my_py_pkg/my_py_pkg.egg-info/entry_points.txt
[2.485s] writing requirements to ../../build/my_py_pkg/my_py_pkg.egg-info/requires.txt
[2.485s] writing top-level names to ../../build/my_py_pkg/my_py_pkg.egg-info/top_level.txt
[2.501s] /usr/lib/python3/dist-packages/setuptools/command/install.py:34: SetuptoolsDeprecationWarning: setup.py install is deprecated. Use build and pip and other standards-based tools.
[2.503s]   warnings.warn(
[2.508s] reading manifest file '../../build/my_py_pkg/my_py_pkg.egg-info/SOURCES.txt'
[2.508s] writing manifest file '../../build/my_py_pkg/my_py_pkg.egg-info/SOURCES.txt'
[2.508s] running build
[2.508s] running build_py
[2.508s] running install
[2.509s] running install_lib
[2.514s] running install_data
[2.515s] running install_egg_info
[2.515s] removing '/workspace/install/my_py_pkg/lib/python3.10/site-packages/my_py_pkg-0.0.0-py3.10.egg-info' (and everything under it)
[2.517s] Copying ../../build/my_py_pkg/my_py_pkg.egg-info to /workspace/install/my_py_pkg/lib/python3.10/site-packages/my_py_pkg-0.0.0-py3.10.egg-info
[2.518s] running install_scripts
[2.551s] Installing client script to /workspace/install/my_py_pkg/lib/my_py_pkg
[2.552s] Installing num_count script to /workspace/install/my_py_pkg/lib/my_py_pkg
[2.552s] Installing num_gen script to /workspace/install/my_py_pkg/lib/my_py_pkg
[2.553s] Installing num_reset script to /workspace/install/my_py_pkg/lib/my_py_pkg
[2.553s] Installing server script to /workspace/install/my_py_pkg/lib/my_py_pkg
[2.553s] writing list of installed files to '/workspace/build/my_py_pkg/install.log'
[2.666s] Invoked command in '/workspace/src/my_py_pkg' returned '0': PYTHONPATH=/workspace/build/my_py_pkg/prefix_override:/workspace/install/my_py_pkg/lib/python3.10/site-packages:${PYTHONPATH} /usr/bin/python3 setup.py egg_info --egg-base ../../build/my_py_pkg build --build-base /workspace/build/my_py_pkg/build install --record /workspace/build/my_py_pkg/install.log --single-version-externally-managed
