[0.093s] Invoking command in '/workspace/src/build/irb6640_ros2_moveit2': AMENT_PREFIX_PATH=/workspace/src/install/ros2_data:${AMENT_PREFIX_PATH} CMAKE_PREFIX_PATH=/workspace/src/install/ros2_data:/workspace/src/install/lakme_ros:/workspace/install/lakme_ros:/opt/ros/humble LD_LIBRARY_PATH=/workspace/src/install/ros2_data/lib:${LD_LIBRARY_PATH} PYTHONPATH=/workspace/src/install/ros2_data/local/lib/python3.10/dist-packages:${PYTHONPATH} /usr/bin/cmake /workspace/src/ros2_RobotSimulation/ABBRobots/IRB6640/irb6640_ros2_moveit2 -DCMAKE_INSTALL_PREFIX=/workspace/src/install/irb6640_ros2_moveit2
[0.250s] -- The C compiler identification is GNU 11.3.0
[0.409s] -- The CXX compiler identification is GNU 11.3.0
[0.422s] -- Detecting C compiler ABI info
[0.658s] -- Detecting C compiler ABI info - done
[0.679s] -- Check for working C compiler: /usr/bin/cc - skipped
[0.679s] -- Detecting C compile features
[0.680s] -- Detecting C compile features - done
[0.687s] -- Detecting CXX compiler ABI info
[0.883s] -- Detecting CXX compiler ABI info - done
[0.906s] -- Check for working CXX compiler: /usr/bin/c++ - skipped
[0.907s] -- Detecting CXX compile features
[0.908s] -- Detecting CXX compile features - done
[0.916s] -- Found ament_cmake: 1.3.4 (/opt/ros/humble/share/ament_cmake/cmake)
[1.376s] -- Found Python3: /usr/bin/python3.10 (found version "3.10.6") found components: Interpreter 
[1.601s] -- Found ament_lint_auto: 0.12.6 (/opt/ros/humble/share/ament_lint_auto/cmake)
[1.809s] -- Added test 'copyright' to check source files copyright and LICENSE
[1.815s] -- Added test 'flake8' to check Python code syntax and style conventions
[1.816s] -- Added test 'lint_cmake' to check CMake code style
[1.817s] -- Added test 'pep257' to check Python code against some of the docstring style conventions in PEP 257
[1.819s] -- Added test 'xmllint' to check XML markup files
[1.822s] -- Configuring done
[1.829s] -- Generating done
[1.832s] -- Build files have been written to: /workspace/src/build/irb6640_ros2_moveit2
[1.841s] Invoked command in '/workspace/src/build/irb6640_ros2_moveit2' returned '0': AMENT_PREFIX_PATH=/workspace/src/install/ros2_data:${AMENT_PREFIX_PATH} CMAKE_PREFIX_PATH=/workspace/src/install/ros2_data:/workspace/src/install/lakme_ros:/workspace/install/lakme_ros:/opt/ros/humble LD_LIBRARY_PATH=/workspace/src/install/ros2_data/lib:${LD_LIBRARY_PATH} PYTHONPATH=/workspace/src/install/ros2_data/local/lib/python3.10/dist-packages:${PYTHONPATH} /usr/bin/cmake /workspace/src/ros2_RobotSimulation/ABBRobots/IRB6640/irb6640_ros2_moveit2 -DCMAKE_INSTALL_PREFIX=/workspace/src/install/irb6640_ros2_moveit2
[1.844s] Invoking command in '/workspace/src/build/irb6640_ros2_moveit2': AMENT_PREFIX_PATH=/workspace/src/install/ros2_data:${AMENT_PREFIX_PATH} CMAKE_PREFIX_PATH=/workspace/src/install/ros2_data:/workspace/src/install/lakme_ros:/workspace/install/lakme_ros:/opt/ros/humble LD_LIBRARY_PATH=/workspace/src/install/ros2_data/lib:${LD_LIBRARY_PATH} PYTHONPATH=/workspace/src/install/ros2_data/local/lib/python3.10/dist-packages:${PYTHONPATH} /usr/bin/cmake --build /workspace/src/build/irb6640_ros2_moveit2 -- -j12 -l12
[1.924s] Invoked command in '/workspace/src/build/irb6640_ros2_moveit2' returned '0': AMENT_PREFIX_PATH=/workspace/src/install/ros2_data:${AMENT_PREFIX_PATH} CMAKE_PREFIX_PATH=/workspace/src/install/ros2_data:/workspace/src/install/lakme_ros:/workspace/install/lakme_ros:/opt/ros/humble LD_LIBRARY_PATH=/workspace/src/install/ros2_data/lib:${LD_LIBRARY_PATH} PYTHONPATH=/workspace/src/install/ros2_data/local/lib/python3.10/dist-packages:${PYTHONPATH} /usr/bin/cmake --build /workspace/src/build/irb6640_ros2_moveit2 -- -j12 -l12
[2.086s] Invoking command in '/workspace/src/build/irb6640_ros2_moveit2': AMENT_PREFIX_PATH=/workspace/src/install/ros2_data:${AMENT_PREFIX_PATH} CMAKE_PREFIX_PATH=/workspace/src/install/ros2_data:/workspace/src/install/lakme_ros:/workspace/install/lakme_ros:/opt/ros/humble LD_LIBRARY_PATH=/workspace/src/install/ros2_data/lib:${LD_LIBRARY_PATH} PYTHONPATH=/workspace/src/install/ros2_data/local/lib/python3.10/dist-packages:${PYTHONPATH} /usr/bin/cmake --install /workspace/src/build/irb6640_ros2_moveit2
[2.104s] -- Install configuration: ""
[2.109s] -- Installing: /workspace/src/install/irb6640_ros2_moveit2/share/irb6640_ros2_moveit2/config
[2.113s] -- Installing: /workspace/src/install/irb6640_ros2_moveit2/share/irb6640_ros2_moveit2/config/ompl_planning.yaml
[2.113s] -- Installing: /workspace/src/install/irb6640_ros2_moveit2/share/irb6640_ros2_moveit2/config/irb6640_controllers.yaml
[2.113s] -- Installing: /workspace/src/install/irb6640_ros2_moveit2/share/irb6640_ros2_moveit2/config/irb6640_moveit2.rviz
[2.113s] -- Installing: /workspace/src/install/irb6640_ros2_moveit2/share/irb6640_ros2_moveit2/config/irb6640.srdf
[2.114s] -- Installing: /workspace/src/install/irb6640_ros2_moveit2/share/irb6640_ros2_moveit2/config/kinematics.yaml
[2.114s] -- Installing: /workspace/src/install/irb6640_ros2_moveit2/share/irb6640_ros2_moveit2/launch
[2.115s] -- Installing: /workspace/src/install/irb6640_ros2_moveit2/share/irb6640_ros2_moveit2/launch/irb6640_interface.launch.py
[2.116s] -- Installing: /workspace/src/install/irb6640_ros2_moveit2/share/irb6640_ros2_moveit2/launch/irb6640.launch.py
[2.116s] -- Installing: /workspace/src/install/irb6640_ros2_moveit2/share/ament_index/resource_index/package_run_dependencies/irb6640_ros2_moveit2
[2.116s] -- Installing: /workspace/src/install/irb6640_ros2_moveit2/share/ament_index/resource_index/parent_prefix_path/irb6640_ros2_moveit2
[2.117s] -- Installing: /workspace/src/install/irb6640_ros2_moveit2/share/irb6640_ros2_moveit2/environment/ament_prefix_path.sh
[2.117s] -- Installing: /workspace/src/install/irb6640_ros2_moveit2/share/irb6640_ros2_moveit2/environment/ament_prefix_path.dsv
[2.117s] -- Installing: /workspace/src/install/irb6640_ros2_moveit2/share/irb6640_ros2_moveit2/environment/path.sh
[2.117s] -- Installing: /workspace/src/install/irb6640_ros2_moveit2/share/irb6640_ros2_moveit2/environment/path.dsv
[2.118s] -- Installing: /workspace/src/install/irb6640_ros2_moveit2/share/irb6640_ros2_moveit2/local_setup.bash
[2.118s] -- Installing: /workspace/src/install/irb6640_ros2_moveit2/share/irb6640_ros2_moveit2/local_setup.sh
[2.120s] -- Installing: /workspace/src/install/irb6640_ros2_moveit2/share/irb6640_ros2_moveit2/local_setup.zsh
[2.121s] -- Installing: /workspace/src/install/irb6640_ros2_moveit2/share/irb6640_ros2_moveit2/local_setup.dsv
[2.121s] -- Installing: /workspace/src/install/irb6640_ros2_moveit2/share/irb6640_ros2_moveit2/package.dsv
[2.121s] -- Installing: /workspace/src/install/irb6640_ros2_moveit2/share/ament_index/resource_index/packages/irb6640_ros2_moveit2
[2.121s] -- Installing: /workspace/src/install/irb6640_ros2_moveit2/share/irb6640_ros2_moveit2/cmake/irb6640_ros2_moveit2Config.cmake
[2.122s] -- Installing: /workspace/src/install/irb6640_ros2_moveit2/share/irb6640_ros2_moveit2/cmake/irb6640_ros2_moveit2Config-version.cmake
[2.122s] -- Installing: /workspace/src/install/irb6640_ros2_moveit2/share/irb6640_ros2_moveit2/package.xml
[2.185s] Invoked command in '/workspace/src/build/irb6640_ros2_moveit2' returned '0': AMENT_PREFIX_PATH=/workspace/src/install/ros2_data:${AMENT_PREFIX_PATH} CMAKE_PREFIX_PATH=/workspace/src/install/ros2_data:/workspace/src/install/lakme_ros:/workspace/install/lakme_ros:/opt/ros/humble LD_LIBRARY_PATH=/workspace/src/install/ros2_data/lib:${LD_LIBRARY_PATH} PYTHONPATH=/workspace/src/install/ros2_data/local/lib/python3.10/dist-packages:${PYTHONPATH} /usr/bin/cmake --install /workspace/src/build/irb6640_ros2_moveit2
