[0.269s] Invoking command in '/workspace/build/ros_interfaces': CMAKE_PREFIX_PATH=${CMAKE_PREFIX_PATH}:/workspace/install/pubsub:/workspace/install/srvcli:/workspace/install/my_py_pkg:/workspace/install/my_package:/opt/ros/humble /usr/bin/cmake /workspace/src/ros_interfaces -DCMAKE_INSTALL_PREFIX=/workspace/install/ros_interfaces
[0.329s] -- The C compiler identification is GNU 11.3.0
[0.391s] -- The CXX compiler identification is GNU 11.3.0
[0.400s] -- Detecting C compiler ABI info
[0.469s] -- Detecting C compiler ABI info - done
[0.477s] -- Check for working C compiler: /usr/bin/cc - skipped
[0.478s] -- Detecting C compile features
[0.478s] -- Detecting C compile features - done
[0.482s] -- Detecting CXX compiler ABI info
[0.581s] -- Detecting CXX compiler ABI info - done
[0.591s] -- Check for working CXX compiler: /usr/bin/c++ - skipped
[0.592s] -- Detecting CXX compile features
[0.592s] -- Detecting CXX compile features - done
[0.597s] -- Found ament_cmake: 1.3.3 (/opt/ros/humble/share/ament_cmake/cmake)
[0.812s] -- Found Python3: /usr/bin/python3.10 (found version "3.10.6") found components: Interpreter 
[0.921s] -- Found ament_lint_auto: 0.12.5 (/opt/ros/humble/share/ament_lint_auto/cmake)
[1.040s] -- Found geometry_msgs: 4.2.3 (/opt/ros/humble/share/geometry_msgs/cmake)
[1.097s] -- Found rosidl_generator_c: 3.1.4 (/opt/ros/humble/share/rosidl_generator_c/cmake)
[1.105s] -- Found rosidl_adapter: 3.1.4 (/opt/ros/humble/share/rosidl_adapter/cmake)
[1.117s] -- Found rosidl_generator_cpp: 3.1.4 (/opt/ros/humble/share/rosidl_generator_cpp/cmake)
[1.133s] -- Using all available rosidl_typesupport_c: rosidl_typesupport_fastrtps_c;rosidl_typesupport_introspection_c
[1.155s] -- Using all available rosidl_typesupport_cpp: rosidl_typesupport_fastrtps_cpp;rosidl_typesupport_introspection_cpp
[1.282s] -- Found rosidl_default_generators: 1.2.0 (/opt/ros/humble/share/rosidl_default_generators/cmake)
[1.523s] -- Found ament_cmake_ros: 0.10.0 (/opt/ros/humble/share/ament_cmake_ros/cmake)
[1.950s] -- Using all available rosidl_typesupport_c: rosidl_typesupport_fastrtps_c;rosidl_typesupport_introspection_c
[2.114s] -- Using all available rosidl_typesupport_cpp: rosidl_typesupport_fastrtps_cpp;rosidl_typesupport_introspection_cpp
[2.138s] -- Found PythonInterp: /usr/bin/python3 (found suitable version "3.10.6", minimum required is "3.6") 
[2.140s] -- Found python_cmake_module: 0.10.0 (/opt/ros/humble/share/python_cmake_module/cmake)
[2.163s] -- Found PythonLibs: /usr/lib/x86_64-linux-gnu/libpython3.10.so (found suitable version "3.10.6", minimum required is "3.5") 
[2.163s] -- Using PYTHON_EXECUTABLE: /usr/bin/python3
[2.163s] -- Using PYTHON_INCLUDE_DIRS: /usr/include/python3.10
[2.163s] -- Using PYTHON_LIBRARIES: /usr/lib/x86_64-linux-gnu/libpython3.10.so
[2.183s] -- Found PythonExtra: .so  
[2.254s] -- Added test 'lint_cmake' to check CMake code style
[2.255s] -- Added test 'xmllint' to check XML markup files
[2.261s] -- Configuring done
[2.327s] -- Generating done
[2.334s] -- Build files have been written to: /workspace/build/ros_interfaces
[2.352s] Invoked command in '/workspace/build/ros_interfaces' returned '0': CMAKE_PREFIX_PATH=${CMAKE_PREFIX_PATH}:/workspace/install/pubsub:/workspace/install/srvcli:/workspace/install/my_py_pkg:/workspace/install/my_package:/opt/ros/humble /usr/bin/cmake /workspace/src/ros_interfaces -DCMAKE_INSTALL_PREFIX=/workspace/install/ros_interfaces
[2.354s] Invoking command in '/workspace/build/ros_interfaces': CMAKE_PREFIX_PATH=${CMAKE_PREFIX_PATH}:/workspace/install/pubsub:/workspace/install/srvcli:/workspace/install/my_py_pkg:/workspace/install/my_package:/opt/ros/humble /usr/bin/cmake --build /workspace/build/ros_interfaces -- -j12 -l12
[2.406s] [35m[1mConsolidate compiler generated dependencies of target ros_interfaces__rosidl_generator_c[0m
[2.420s] [  2%] Built target ros_interfaces__cpp
[2.424s] [ 12%] Built target ros_interfaces__rosidl_generator_c
[2.437s] [35m[1mConsolidate compiler generated dependencies of target ros_interfaces__rosidl_typesupport_fastrtps_cpp[0m
[2.437s] [ 12%] Built target ament_cmake_python_copy_ros_interfaces
[2.439s] [35m[1mConsolidate compiler generated dependencies of target ros_interfaces__rosidl_typesupport_c[0m
[2.440s] [35m[1mConsolidate compiler generated dependencies of target ros_interfaces__rosidl_typesupport_introspection_cpp[0m
[2.441s] [35m[1mConsolidate compiler generated dependencies of target ros_interfaces__rosidl_typesupport_cpp[0m
[2.443s] [35m[1mConsolidate compiler generated dependencies of target ros_interfaces__rosidl_typesupport_introspection_c[0m
[2.444s] [35m[1mConsolidate compiler generated dependencies of target ros_interfaces__rosidl_typesupport_fastrtps_c[0m
[2.456s] [ 23%] Built target ros_interfaces__rosidl_typesupport_c
[2.461s] [ 34%] Built target ros_interfaces__rosidl_typesupport_fastrtps_cpp
[2.467s] [ 44%] Built target ros_interfaces__rosidl_typesupport_introspection_c
[2.468s] [ 55%] Built target ros_interfaces__rosidl_typesupport_introspection_cpp
[2.468s] [ 65%] Built target ros_interfaces__rosidl_typesupport_cpp
[2.474s] [ 76%] Built target ros_interfaces__rosidl_typesupport_fastrtps_c
[2.509s] [ 76%] Built target ros_interfaces
[2.535s] [ 78%] Built target ros_interfaces__py
[2.547s] [35m[1mConsolidate compiler generated dependencies of target ros_interfaces__rosidl_generator_py[0m
[2.565s] [ 87%] Built target ros_interfaces__rosidl_generator_py
[2.578s] [35m[1mConsolidate compiler generated dependencies of target ros_interfaces__rosidl_typesupport_c__pyext[0m
[2.578s] [35m[1mConsolidate compiler generated dependencies of target ros_interfaces__rosidl_typesupport_fastrtps_c__pyext[0m
[2.578s] [35m[1mConsolidate compiler generated dependencies of target ros_interfaces__rosidl_typesupport_introspection_c__pyext[0m
[2.598s] [ 91%] Built target ros_interfaces__rosidl_typesupport_fastrtps_c__pyext
[2.599s] [ 95%] Built target ros_interfaces__rosidl_typesupport_c__pyext
[2.600s] [100%] Built target ros_interfaces__rosidl_typesupport_introspection_c__pyext
[2.732s] running egg_info
[2.733s] writing ros_interfaces.egg-info/PKG-INFO
[2.733s] writing dependency_links to ros_interfaces.egg-info/dependency_links.txt
[2.733s] writing top-level names to ros_interfaces.egg-info/top_level.txt
[2.736s] reading manifest file 'ros_interfaces.egg-info/SOURCES.txt'
[2.736s] writing manifest file 'ros_interfaces.egg-info/SOURCES.txt'
[2.765s] [100%] Built target ament_cmake_python_build_ros_interfaces_egg
[2.777s] Invoked command in '/workspace/build/ros_interfaces' returned '0': CMAKE_PREFIX_PATH=${CMAKE_PREFIX_PATH}:/workspace/install/pubsub:/workspace/install/srvcli:/workspace/install/my_py_pkg:/workspace/install/my_package:/opt/ros/humble /usr/bin/cmake --build /workspace/build/ros_interfaces -- -j12 -l12
[2.884s] Invoking command in '/workspace/build/ros_interfaces': CMAKE_PREFIX_PATH=${CMAKE_PREFIX_PATH}:/workspace/install/pubsub:/workspace/install/srvcli:/workspace/install/my_py_pkg:/workspace/install/my_package:/opt/ros/humble /usr/bin/cmake --install /workspace/build/ros_interfaces
[2.894s] -- Install configuration: ""
[2.894s] -- Up-to-date: /workspace/install/ros_interfaces/share/ament_index/resource_index/rosidl_interfaces/ros_interfaces
[2.894s] -- Up-to-date: /workspace/install/ros_interfaces/include/ros_interfaces/ros_interfaces
[2.894s] -- Up-to-date: /workspace/install/ros_interfaces/include/ros_interfaces/ros_interfaces/srv
[2.894s] -- Up-to-date: /workspace/install/ros_interfaces/include/ros_interfaces/ros_interfaces/srv/add_tree_ints.h
[2.895s] -- Up-to-date: /workspace/install/ros_interfaces/include/ros_interfaces/ros_interfaces/srv/detail
[2.895s] -- Up-to-date: /workspace/install/ros_interfaces/include/ros_interfaces/ros_interfaces/srv/detail/add_tree_ints__functions.c
[2.895s] -- Up-to-date: /workspace/install/ros_interfaces/include/ros_interfaces/ros_interfaces/srv/detail/add_tree_ints__functions.h
[2.895s] -- Up-to-date: /workspace/install/ros_interfaces/include/ros_interfaces/ros_interfaces/srv/detail/add_tree_ints__type_support.h
[2.895s] -- Up-to-date: /workspace/install/ros_interfaces/include/ros_interfaces/ros_interfaces/srv/detail/add_tree_ints__struct.h
[2.895s] -- Up-to-date: /workspace/install/ros_interfaces/include/ros_interfaces/ros_interfaces/msg
[2.895s] -- Up-to-date: /workspace/install/ros_interfaces/include/ros_interfaces/ros_interfaces/msg/num.h
[2.895s] -- Up-to-date: /workspace/install/ros_interfaces/include/ros_interfaces/ros_interfaces/msg/detail
[2.895s] -- Up-to-date: /workspace/install/ros_interfaces/include/ros_interfaces/ros_interfaces/msg/detail/num__struct.h
[2.895s] -- Up-to-date: /workspace/install/ros_interfaces/include/ros_interfaces/ros_interfaces/msg/detail/sphere__functions.h
[2.895s] -- Up-to-date: /workspace/install/ros_interfaces/include/ros_interfaces/ros_interfaces/msg/detail/sphere__functions.c
[2.896s] -- Up-to-date: /workspace/install/ros_interfaces/include/ros_interfaces/ros_interfaces/msg/detail/num__functions.h
[2.896s] -- Up-to-date: /workspace/install/ros_interfaces/include/ros_interfaces/ros_interfaces/msg/detail/sphere__struct.h
[2.896s] -- Up-to-date: /workspace/install/ros_interfaces/include/ros_interfaces/ros_interfaces/msg/detail/sphere__type_support.h
[2.896s] -- Up-to-date: /workspace/install/ros_interfaces/include/ros_interfaces/ros_interfaces/msg/detail/num__type_support.h
[2.896s] -- Up-to-date: /workspace/install/ros_interfaces/include/ros_interfaces/ros_interfaces/msg/detail/num__functions.c
[2.896s] -- Up-to-date: /workspace/install/ros_interfaces/include/ros_interfaces/ros_interfaces/msg/rosidl_generator_c__visibility_control.h
[2.896s] -- Up-to-date: /workspace/install/ros_interfaces/include/ros_interfaces/ros_interfaces/msg/sphere.h
[2.896s] -- Up-to-date: /workspace/install/ros_interfaces/share/ros_interfaces/environment/library_path.sh
[2.896s] -- Installing: /workspace/install/ros_interfaces/share/ros_interfaces/environment/library_path.dsv
[2.896s] -- Up-to-date: /workspace/install/ros_interfaces/lib/libros_interfaces__rosidl_generator_c.so
[2.897s] -- Up-to-date: /workspace/install/ros_interfaces/include/ros_interfaces/ros_interfaces
[2.897s] -- Up-to-date: /workspace/install/ros_interfaces/include/ros_interfaces/ros_interfaces/srv
[2.897s] -- Up-to-date: /workspace/install/ros_interfaces/include/ros_interfaces/ros_interfaces/srv/detail
[2.897s] -- Up-to-date: /workspace/install/ros_interfaces/include/ros_interfaces/ros_interfaces/srv/detail/add_tree_ints__rosidl_typesupport_fastrtps_c.h
[2.897s] -- Up-to-date: /workspace/install/ros_interfaces/include/ros_interfaces/ros_interfaces/msg
[2.897s] -- Up-to-date: /workspace/install/ros_interfaces/include/ros_interfaces/ros_interfaces/msg/detail
[2.897s] -- Up-to-date: /workspace/install/ros_interfaces/include/ros_interfaces/ros_interfaces/msg/detail/num__rosidl_typesupport_fastrtps_c.h
[2.897s] -- Up-to-date: /workspace/install/ros_interfaces/include/ros_interfaces/ros_interfaces/msg/detail/sphere__rosidl_typesupport_fastrtps_c.h
[2.897s] -- Up-to-date: /workspace/install/ros_interfaces/include/ros_interfaces/ros_interfaces/msg/rosidl_typesupport_fastrtps_c__visibility_control.h
[2.897s] -- Up-to-date: /workspace/install/ros_interfaces/lib/libros_interfaces__rosidl_typesupport_fastrtps_c.so
[2.898s] -- Up-to-date: /workspace/install/ros_interfaces/include/ros_interfaces/ros_interfaces
[2.898s] -- Up-to-date: /workspace/install/ros_interfaces/include/ros_interfaces/ros_interfaces/srv
[2.898s] -- Up-to-date: /workspace/install/ros_interfaces/include/ros_interfaces/ros_interfaces/srv/add_tree_ints.hpp
[2.898s] -- Up-to-date: /workspace/install/ros_interfaces/include/ros_interfaces/ros_interfaces/srv/detail
[2.898s] -- Up-to-date: /workspace/install/ros_interfaces/include/ros_interfaces/ros_interfaces/srv/detail/add_tree_ints__struct.hpp
[2.898s] -- Up-to-date: /workspace/install/ros_interfaces/include/ros_interfaces/ros_interfaces/srv/detail/add_tree_ints__builder.hpp
[2.898s] -- Up-to-date: /workspace/install/ros_interfaces/include/ros_interfaces/ros_interfaces/srv/detail/add_tree_ints__traits.hpp
[2.898s] -- Up-to-date: /workspace/install/ros_interfaces/include/ros_interfaces/ros_interfaces/msg
[2.898s] -- Up-to-date: /workspace/install/ros_interfaces/include/ros_interfaces/ros_interfaces/msg/detail
[2.899s] -- Up-to-date: /workspace/install/ros_interfaces/include/ros_interfaces/ros_interfaces/msg/detail/sphere__builder.hpp
[2.899s] -- Up-to-date: /workspace/install/ros_interfaces/include/ros_interfaces/ros_interfaces/msg/detail/num__struct.hpp
[2.899s] -- Up-to-date: /workspace/install/ros_interfaces/include/ros_interfaces/ros_interfaces/msg/detail/sphere__struct.hpp
[2.899s] -- Up-to-date: /workspace/install/ros_interfaces/include/ros_interfaces/ros_interfaces/msg/detail/sphere__traits.hpp
[2.899s] -- Up-to-date: /workspace/install/ros_interfaces/include/ros_interfaces/ros_interfaces/msg/detail/num__builder.hpp
[2.899s] -- Up-to-date: /workspace/install/ros_interfaces/include/ros_interfaces/ros_interfaces/msg/detail/num__traits.hpp
[2.899s] -- Up-to-date: /workspace/install/ros_interfaces/include/ros_interfaces/ros_interfaces/msg/num.hpp
[2.899s] -- Up-to-date: /workspace/install/ros_interfaces/include/ros_interfaces/ros_interfaces/msg/sphere.hpp
[2.899s] -- Up-to-date: /workspace/install/ros_interfaces/include/ros_interfaces/ros_interfaces
[2.899s] -- Up-to-date: /workspace/install/ros_interfaces/include/ros_interfaces/ros_interfaces/srv
[2.899s] -- Up-to-date: /workspace/install/ros_interfaces/include/ros_interfaces/ros_interfaces/srv/detail
[2.899s] -- Up-to-date: /workspace/install/ros_interfaces/include/ros_interfaces/ros_interfaces/srv/detail/dds_fastrtps
[2.900s] -- Up-to-date: /workspace/install/ros_interfaces/include/ros_interfaces/ros_interfaces/srv/detail/add_tree_ints__rosidl_typesupport_fastrtps_cpp.hpp
[2.900s] -- Up-to-date: /workspace/install/ros_interfaces/include/ros_interfaces/ros_interfaces/msg
[2.900s] -- Up-to-date: /workspace/install/ros_interfaces/include/ros_interfaces/ros_interfaces/msg/detail
[2.900s] -- Up-to-date: /workspace/install/ros_interfaces/include/ros_interfaces/ros_interfaces/msg/detail/num__rosidl_typesupport_fastrtps_cpp.hpp
[2.900s] -- Up-to-date: /workspace/install/ros_interfaces/include/ros_interfaces/ros_interfaces/msg/detail/sphere__rosidl_typesupport_fastrtps_cpp.hpp
[2.900s] -- Up-to-date: /workspace/install/ros_interfaces/include/ros_interfaces/ros_interfaces/msg/detail/dds_fastrtps
[2.900s] -- Up-to-date: /workspace/install/ros_interfaces/include/ros_interfaces/ros_interfaces/msg/rosidl_typesupport_fastrtps_cpp__visibility_control.h
[2.900s] -- Up-to-date: /workspace/install/ros_interfaces/lib/libros_interfaces__rosidl_typesupport_fastrtps_cpp.so
[2.900s] -- Up-to-date: /workspace/install/ros_interfaces/include/ros_interfaces/ros_interfaces
[2.900s] -- Up-to-date: /workspace/install/ros_interfaces/include/ros_interfaces/ros_interfaces/srv
[2.900s] -- Up-to-date: /workspace/install/ros_interfaces/include/ros_interfaces/ros_interfaces/srv/detail
[2.901s] -- Up-to-date: /workspace/install/ros_interfaces/include/ros_interfaces/ros_interfaces/srv/detail/add_tree_ints__rosidl_typesupport_introspection_c.h
[2.901s] -- Up-to-date: /workspace/install/ros_interfaces/include/ros_interfaces/ros_interfaces/srv/detail/add_tree_ints__type_support.c
[2.901s] -- Up-to-date: /workspace/install/ros_interfaces/include/ros_interfaces/ros_interfaces/msg
[2.901s] -- Up-to-date: /workspace/install/ros_interfaces/include/ros_interfaces/ros_interfaces/msg/rosidl_typesupport_introspection_c__visibility_control.h
[2.901s] -- Up-to-date: /workspace/install/ros_interfaces/include/ros_interfaces/ros_interfaces/msg/detail
[2.901s] -- Up-to-date: /workspace/install/ros_interfaces/include/ros_interfaces/ros_interfaces/msg/detail/num__rosidl_typesupport_introspection_c.h
[2.901s] -- Up-to-date: /workspace/install/ros_interfaces/include/ros_interfaces/ros_interfaces/msg/detail/num__type_support.c
[2.901s] -- Up-to-date: /workspace/install/ros_interfaces/include/ros_interfaces/ros_interfaces/msg/detail/sphere__rosidl_typesupport_introspection_c.h
[2.901s] -- Up-to-date: /workspace/install/ros_interfaces/include/ros_interfaces/ros_interfaces/msg/detail/sphere__type_support.c
[2.901s] -- Up-to-date: /workspace/install/ros_interfaces/lib/libros_interfaces__rosidl_typesupport_introspection_c.so
[2.901s] -- Up-to-date: /workspace/install/ros_interfaces/lib/libros_interfaces__rosidl_typesupport_c.so
[2.901s] -- Up-to-date: /workspace/install/ros_interfaces/include/ros_interfaces/ros_interfaces
[2.902s] -- Up-to-date: /workspace/install/ros_interfaces/include/ros_interfaces/ros_interfaces/srv
[2.902s] -- Up-to-date: /workspace/install/ros_interfaces/include/ros_interfaces/ros_interfaces/srv/detail
[2.902s] -- Up-to-date: /workspace/install/ros_interfaces/include/ros_interfaces/ros_interfaces/srv/detail/add_tree_ints__rosidl_typesupport_introspection_cpp.hpp
[2.902s] -- Up-to-date: /workspace/install/ros_interfaces/include/ros_interfaces/ros_interfaces/srv/detail/add_tree_ints__type_support.cpp
[2.902s] -- Up-to-date: /workspace/install/ros_interfaces/include/ros_interfaces/ros_interfaces/msg
[2.902s] -- Up-to-date: /workspace/install/ros_interfaces/include/ros_interfaces/ros_interfaces/msg/detail
[2.902s] -- Up-to-date: /workspace/install/ros_interfaces/include/ros_interfaces/ros_interfaces/msg/detail/num__type_support.cpp
[2.902s] -- Up-to-date: /workspace/install/ros_interfaces/include/ros_interfaces/ros_interfaces/msg/detail/sphere__rosidl_typesupport_introspection_cpp.hpp
[2.902s] -- Up-to-date: /workspace/install/ros_interfaces/include/ros_interfaces/ros_interfaces/msg/detail/sphere__type_support.cpp
[2.903s] -- Up-to-date: /workspace/install/ros_interfaces/include/ros_interfaces/ros_interfaces/msg/detail/num__rosidl_typesupport_introspection_cpp.hpp
[2.903s] -- Up-to-date: /workspace/install/ros_interfaces/lib/libros_interfaces__rosidl_typesupport_introspection_cpp.so
[2.903s] -- Up-to-date: /workspace/install/ros_interfaces/lib/libros_interfaces__rosidl_typesupport_cpp.so
[2.903s] -- Up-to-date: /workspace/install/ros_interfaces/share/ros_interfaces/environment/pythonpath.sh
[2.903s] -- Installing: /workspace/install/ros_interfaces/share/ros_interfaces/environment/pythonpath.dsv
[2.903s] -- Up-to-date: /workspace/install/ros_interfaces/local/lib/python3.10/dist-packages/ros_interfaces-0.0.0-py3.10.egg-info
[2.903s] -- Installing: /workspace/install/ros_interfaces/local/lib/python3.10/dist-packages/ros_interfaces-0.0.0-py3.10.egg-info/SOURCES.txt
[2.903s] -- Installing: /workspace/install/ros_interfaces/local/lib/python3.10/dist-packages/ros_interfaces-0.0.0-py3.10.egg-info/dependency_links.txt
[2.903s] -- Installing: /workspace/install/ros_interfaces/local/lib/python3.10/dist-packages/ros_interfaces-0.0.0-py3.10.egg-info/top_level.txt
[2.903s] -- Installing: /workspace/install/ros_interfaces/local/lib/python3.10/dist-packages/ros_interfaces-0.0.0-py3.10.egg-info/PKG-INFO
[2.903s] -- Up-to-date: /workspace/install/ros_interfaces/local/lib/python3.10/dist-packages/ros_interfaces
[2.904s] -- Up-to-date: /workspace/install/ros_interfaces/local/lib/python3.10/dist-packages/ros_interfaces/ros_interfaces_s__rosidl_typesupport_c.cpython-310-x86_64-linux-gnu.so
[2.904s] -- Up-to-date: /workspace/install/ros_interfaces/local/lib/python3.10/dist-packages/ros_interfaces/srv
[2.904s] -- Up-to-date: /workspace/install/ros_interfaces/local/lib/python3.10/dist-packages/ros_interfaces/srv/__init__.py
[2.904s] -- Up-to-date: /workspace/install/ros_interfaces/local/lib/python3.10/dist-packages/ros_interfaces/srv/_add_tree_ints.py
[2.904s] -- Up-to-date: /workspace/install/ros_interfaces/local/lib/python3.10/dist-packages/ros_interfaces/srv/_add_tree_ints_s.c
[2.904s] -- Up-to-date: /workspace/install/ros_interfaces/local/lib/python3.10/dist-packages/ros_interfaces/msg
[2.904s] -- Up-to-date: /workspace/install/ros_interfaces/local/lib/python3.10/dist-packages/ros_interfaces/msg/_num.py
[2.904s] -- Up-to-date: /workspace/install/ros_interfaces/local/lib/python3.10/dist-packages/ros_interfaces/msg/_sphere.py
[2.904s] -- Up-to-date: /workspace/install/ros_interfaces/local/lib/python3.10/dist-packages/ros_interfaces/msg/_sphere_s.c
[2.904s] -- Up-to-date: /workspace/install/ros_interfaces/local/lib/python3.10/dist-packages/ros_interfaces/msg/_num_s.c
[2.904s] -- Up-to-date: /workspace/install/ros_interfaces/local/lib/python3.10/dist-packages/ros_interfaces/msg/__init__.py
[2.904s] -- Installing: /workspace/install/ros_interfaces/local/lib/python3.10/dist-packages/ros_interfaces/__init__.py
[2.904s] -- Up-to-date: /workspace/install/ros_interfaces/local/lib/python3.10/dist-packages/ros_interfaces/_ros_interfaces_s.ep.rosidl_typesupport_introspection_c.c
[2.904s] -- Up-to-date: /workspace/install/ros_interfaces/local/lib/python3.10/dist-packages/ros_interfaces/_ros_interfaces_s.ep.rosidl_typesupport_c.c
[2.905s] -- Up-to-date: /workspace/install/ros_interfaces/local/lib/python3.10/dist-packages/ros_interfaces/ros_interfaces_s__rosidl_typesupport_introspection_c.cpython-310-x86_64-linux-gnu.so
[2.905s] -- Up-to-date: /workspace/install/ros_interfaces/local/lib/python3.10/dist-packages/ros_interfaces/ros_interfaces_s__rosidl_typesupport_fastrtps_c.cpython-310-x86_64-linux-gnu.so
[2.905s] -- Up-to-date: /workspace/install/ros_interfaces/local/lib/python3.10/dist-packages/ros_interfaces/_ros_interfaces_s.ep.rosidl_typesupport_fastrtps_c.c
[2.905s] -- Up-to-date: /workspace/install/ros_interfaces/local/lib/python3.10/dist-packages/ros_interfaces/libros_interfaces__rosidl_generator_py.so
[2.942s] Listing '/workspace/install/ros_interfaces/local/lib/python3.10/dist-packages/ros_interfaces'...
[2.942s] Compiling '/workspace/install/ros_interfaces/local/lib/python3.10/dist-packages/ros_interfaces/__init__.py'...
[2.942s] Listing '/workspace/install/ros_interfaces/local/lib/python3.10/dist-packages/ros_interfaces/msg'...
[2.942s] Listing '/workspace/install/ros_interfaces/local/lib/python3.10/dist-packages/ros_interfaces/srv'...
[2.947s] -- Up-to-date: /workspace/install/ros_interfaces/local/lib/python3.10/dist-packages/ros_interfaces/ros_interfaces_s__rosidl_typesupport_fastrtps_c.cpython-310-x86_64-linux-gnu.so
[2.947s] -- Up-to-date: /workspace/install/ros_interfaces/local/lib/python3.10/dist-packages/ros_interfaces/ros_interfaces_s__rosidl_typesupport_introspection_c.cpython-310-x86_64-linux-gnu.so
[2.947s] -- Up-to-date: /workspace/install/ros_interfaces/local/lib/python3.10/dist-packages/ros_interfaces/ros_interfaces_s__rosidl_typesupport_c.cpython-310-x86_64-linux-gnu.so
[2.948s] -- Up-to-date: /workspace/install/ros_interfaces/lib/libros_interfaces__rosidl_generator_py.so
[2.948s] -- Up-to-date: /workspace/install/ros_interfaces/share/ros_interfaces/msg/Num.idl
[2.948s] -- Up-to-date: /workspace/install/ros_interfaces/share/ros_interfaces/msg/Sphere.idl
[2.948s] -- Up-to-date: /workspace/install/ros_interfaces/share/ros_interfaces/srv/AddTreeInts.idl
[2.948s] -- Up-to-date: /workspace/install/ros_interfaces/share/ros_interfaces/msg/Num.msg
[2.948s] -- Up-to-date: /workspace/install/ros_interfaces/share/ros_interfaces/msg/Sphere.msg
[2.949s] -- Up-to-date: /workspace/install/ros_interfaces/share/ros_interfaces/srv/AddTreeInts.srv
[2.949s] -- Up-to-date: /workspace/install/ros_interfaces/share/ros_interfaces/srv/AddTreeInts_Request.msg
[2.949s] -- Up-to-date: /workspace/install/ros_interfaces/share/ros_interfaces/srv/AddTreeInts_Response.msg
[2.949s] -- Up-to-date: /workspace/install/ros_interfaces/share/ament_index/resource_index/package_run_dependencies/ros_interfaces
[2.949s] -- Installing: /workspace/install/ros_interfaces/share/ament_index/resource_index/parent_prefix_path/ros_interfaces
[2.949s] -- Up-to-date: /workspace/install/ros_interfaces/share/ros_interfaces/environment/ament_prefix_path.sh
[2.949s] -- Installing: /workspace/install/ros_interfaces/share/ros_interfaces/environment/ament_prefix_path.dsv
[2.950s] -- Up-to-date: /workspace/install/ros_interfaces/share/ros_interfaces/environment/path.sh
[2.950s] -- Installing: /workspace/install/ros_interfaces/share/ros_interfaces/environment/path.dsv
[2.950s] -- Up-to-date: /workspace/install/ros_interfaces/share/ros_interfaces/local_setup.bash
[2.950s] -- Up-to-date: /workspace/install/ros_interfaces/share/ros_interfaces/local_setup.sh
[2.950s] -- Up-to-date: /workspace/install/ros_interfaces/share/ros_interfaces/local_setup.zsh
[2.950s] -- Installing: /workspace/install/ros_interfaces/share/ros_interfaces/local_setup.dsv
[2.951s] -- Installing: /workspace/install/ros_interfaces/share/ros_interfaces/package.dsv
[2.951s] -- Up-to-date: /workspace/install/ros_interfaces/share/ament_index/resource_index/packages/ros_interfaces
[2.951s] -- Up-to-date: /workspace/install/ros_interfaces/share/ros_interfaces/cmake/export_ros_interfaces__rosidl_generator_cExport.cmake
[2.951s] -- Up-to-date: /workspace/install/ros_interfaces/share/ros_interfaces/cmake/export_ros_interfaces__rosidl_generator_cExport-noconfig.cmake
[2.951s] -- Up-to-date: /workspace/install/ros_interfaces/share/ros_interfaces/cmake/export_ros_interfaces__rosidl_typesupport_fastrtps_cExport.cmake
[2.952s] -- Up-to-date: /workspace/install/ros_interfaces/share/ros_interfaces/cmake/export_ros_interfaces__rosidl_typesupport_fastrtps_cExport-noconfig.cmake
[2.952s] -- Up-to-date: /workspace/install/ros_interfaces/share/ros_interfaces/cmake/export_ros_interfaces__rosidl_generator_cppExport.cmake
[2.952s] -- Up-to-date: /workspace/install/ros_interfaces/share/ros_interfaces/cmake/export_ros_interfaces__rosidl_typesupport_fastrtps_cppExport.cmake
[2.952s] -- Up-to-date: /workspace/install/ros_interfaces/share/ros_interfaces/cmake/export_ros_interfaces__rosidl_typesupport_fastrtps_cppExport-noconfig.cmake
[2.952s] -- Up-to-date: /workspace/install/ros_interfaces/share/ros_interfaces/cmake/ros_interfaces__rosidl_typesupport_introspection_cExport.cmake
[2.953s] -- Up-to-date: /workspace/install/ros_interfaces/share/ros_interfaces/cmake/ros_interfaces__rosidl_typesupport_introspection_cExport-noconfig.cmake
[2.953s] -- Up-to-date: /workspace/install/ros_interfaces/share/ros_interfaces/cmake/ros_interfaces__rosidl_typesupport_cExport.cmake
[2.953s] -- Up-to-date: /workspace/install/ros_interfaces/share/ros_interfaces/cmake/ros_interfaces__rosidl_typesupport_cExport-noconfig.cmake
[2.953s] -- Up-to-date: /workspace/install/ros_interfaces/share/ros_interfaces/cmake/ros_interfaces__rosidl_typesupport_introspection_cppExport.cmake
[2.953s] -- Up-to-date: /workspace/install/ros_interfaces/share/ros_interfaces/cmake/ros_interfaces__rosidl_typesupport_introspection_cppExport-noconfig.cmake
[2.953s] -- Up-to-date: /workspace/install/ros_interfaces/share/ros_interfaces/cmake/ros_interfaces__rosidl_typesupport_cppExport.cmake
[2.953s] -- Up-to-date: /workspace/install/ros_interfaces/share/ros_interfaces/cmake/ros_interfaces__rosidl_typesupport_cppExport-noconfig.cmake
[2.954s] -- Up-to-date: /workspace/install/ros_interfaces/share/ros_interfaces/cmake/export_ros_interfaces__rosidl_generator_pyExport.cmake
[2.954s] -- Up-to-date: /workspace/install/ros_interfaces/share/ros_interfaces/cmake/export_ros_interfaces__rosidl_generator_pyExport-noconfig.cmake
[2.954s] -- Up-to-date: /workspace/install/ros_interfaces/share/ros_interfaces/cmake/rosidl_cmake-extras.cmake
[2.954s] -- Up-to-date: /workspace/install/ros_interfaces/share/ros_interfaces/cmake/ament_cmake_export_dependencies-extras.cmake
[2.954s] -- Up-to-date: /workspace/install/ros_interfaces/share/ros_interfaces/cmake/ament_cmake_export_include_directories-extras.cmake
[2.954s] -- Up-to-date: /workspace/install/ros_interfaces/share/ros_interfaces/cmake/ament_cmake_export_libraries-extras.cmake
[2.954s] -- Up-to-date: /workspace/install/ros_interfaces/share/ros_interfaces/cmake/ament_cmake_export_targets-extras.cmake
[2.954s] -- Up-to-date: /workspace/install/ros_interfaces/share/ros_interfaces/cmake/rosidl_cmake_export_typesupport_targets-extras.cmake
[2.954s] -- Up-to-date: /workspace/install/ros_interfaces/share/ros_interfaces/cmake/rosidl_cmake_export_typesupport_libraries-extras.cmake
[2.954s] -- Up-to-date: /workspace/install/ros_interfaces/share/ros_interfaces/cmake/ros_interfacesConfig.cmake
[2.954s] -- Up-to-date: /workspace/install/ros_interfaces/share/ros_interfaces/cmake/ros_interfacesConfig-version.cmake
[2.955s] -- Up-to-date: /workspace/install/ros_interfaces/share/ros_interfaces/package.xml
[2.959s] Invoked command in '/workspace/build/ros_interfaces' returned '0': CMAKE_PREFIX_PATH=${CMAKE_PREFIX_PATH}:/workspace/install/pubsub:/workspace/install/srvcli:/workspace/install/my_py_pkg:/workspace/install/my_package:/opt/ros/humble /usr/bin/cmake --install /workspace/build/ros_interfaces
