[0.060s] Invoking command in '/workspace/src/build/ur5_ros2_moveit2': AMENT_PREFIX_PATH=/workspace/src/install/ros2_data:${AMENT_PREFIX_PATH} CMAKE_PREFIX_PATH=/workspace/src/install/ros2_data:/workspace/src/install/lakme_ros:/workspace/install/lakme_ros:/opt/ros/humble LD_LIBRARY_PATH=/workspace/src/install/ros2_data/lib:${LD_LIBRARY_PATH} PYTHONPATH=/workspace/src/install/ros2_data/local/lib/python3.10/dist-packages:${PYTHONPATH} /usr/bin/cmake /workspace/src/ros2_RobotSimulation/UniversalRobots/UR5/ur5_ros2_moveit2 -DCMAKE_INSTALL_PREFIX=/workspace/src/install/ur5_ros2_moveit2
[1.719s] -- The C compiler identification is GNU 11.3.0
[1.721s] -- The CXX compiler identification is GNU 11.3.0
[1.721s] -- Detecting C compiler ABI info
[1.722s] -- Detecting C compiler ABI info - done
[1.723s] -- Check for working C compiler: /usr/bin/cc - skipped
[1.724s] -- Detecting C compile features
[1.724s] -- Detecting C compile features - done
[1.724s] -- Detecting CXX compiler ABI info
[1.724s] -- Detecting CXX compiler ABI info - done
[1.725s] -- Check for working CXX compiler: /usr/bin/c++ - skipped
[1.725s] -- Detecting CXX compile features
[1.725s] -- Detecting CXX compile features - done
[1.725s] -- Found ament_cmake: 1.3.4 (/opt/ros/humble/share/ament_cmake/cmake)
[1.725s] -- Found Python3: /usr/bin/python3.10 (found version "3.10.6") found components: Interpreter 
[1.726s] -- Found ament_lint_auto: 0.12.6 (/opt/ros/humble/share/ament_lint_auto/cmake)
[1.726s] -- Added test 'copyright' to check source files copyright and LICENSE
[1.726s] -- Added test 'flake8' to check Python code syntax and style conventions
[1.726s] -- Added test 'lint_cmake' to check CMake code style
[1.727s] -- Added test 'pep257' to check Python code against some of the docstring style conventions in PEP 257
[1.727s] -- Added test 'xmllint' to check XML markup files
[1.727s] -- Configuring done
[1.727s] -- Generating done
[1.728s] -- Build files have been written to: /workspace/src/build/ur5_ros2_moveit2
[1.730s] Invoked command in '/workspace/src/build/ur5_ros2_moveit2' returned '0': AMENT_PREFIX_PATH=/workspace/src/install/ros2_data:${AMENT_PREFIX_PATH} CMAKE_PREFIX_PATH=/workspace/src/install/ros2_data:/workspace/src/install/lakme_ros:/workspace/install/lakme_ros:/opt/ros/humble LD_LIBRARY_PATH=/workspace/src/install/ros2_data/lib:${LD_LIBRARY_PATH} PYTHONPATH=/workspace/src/install/ros2_data/local/lib/python3.10/dist-packages:${PYTHONPATH} /usr/bin/cmake /workspace/src/ros2_RobotSimulation/UniversalRobots/UR5/ur5_ros2_moveit2 -DCMAKE_INSTALL_PREFIX=/workspace/src/install/ur5_ros2_moveit2
[1.732s] Invoking command in '/workspace/src/build/ur5_ros2_moveit2': AMENT_PREFIX_PATH=/workspace/src/install/ros2_data:${AMENT_PREFIX_PATH} CMAKE_PREFIX_PATH=/workspace/src/install/ros2_data:/workspace/src/install/lakme_ros:/workspace/install/lakme_ros:/opt/ros/humble LD_LIBRARY_PATH=/workspace/src/install/ros2_data/lib:${LD_LIBRARY_PATH} PYTHONPATH=/workspace/src/install/ros2_data/local/lib/python3.10/dist-packages:${PYTHONPATH} /usr/bin/cmake --build /workspace/src/build/ur5_ros2_moveit2 -- -j12 -l12
[1.792s] Invoked command in '/workspace/src/build/ur5_ros2_moveit2' returned '0': AMENT_PREFIX_PATH=/workspace/src/install/ros2_data:${AMENT_PREFIX_PATH} CMAKE_PREFIX_PATH=/workspace/src/install/ros2_data:/workspace/src/install/lakme_ros:/workspace/install/lakme_ros:/opt/ros/humble LD_LIBRARY_PATH=/workspace/src/install/ros2_data/lib:${LD_LIBRARY_PATH} PYTHONPATH=/workspace/src/install/ros2_data/local/lib/python3.10/dist-packages:${PYTHONPATH} /usr/bin/cmake --build /workspace/src/build/ur5_ros2_moveit2 -- -j12 -l12
[1.866s] Invoking command in '/workspace/src/build/ur5_ros2_moveit2': AMENT_PREFIX_PATH=/workspace/src/install/ros2_data:${AMENT_PREFIX_PATH} CMAKE_PREFIX_PATH=/workspace/src/install/ros2_data:/workspace/src/install/lakme_ros:/workspace/install/lakme_ros:/opt/ros/humble LD_LIBRARY_PATH=/workspace/src/install/ros2_data/lib:${LD_LIBRARY_PATH} PYTHONPATH=/workspace/src/install/ros2_data/local/lib/python3.10/dist-packages:${PYTHONPATH} /usr/bin/cmake --install /workspace/src/build/ur5_ros2_moveit2
[1.898s] -- Install configuration: ""
[1.898s] -- Installing: /workspace/src/install/ur5_ros2_moveit2/share/ur5_ros2_moveit2/config
[1.900s] -- Installing: /workspace/src/install/ur5_ros2_moveit2/share/ur5_ros2_moveit2/config/ur5_controllers.yaml
[1.900s] -- Installing: /workspace/src/install/ur5_ros2_moveit2/share/ur5_ros2_moveit2/config/ur5_moveit2.rviz
[1.901s] -- Installing: /workspace/src/install/ur5_ros2_moveit2/share/ur5_ros2_moveit2/config/ompl_planning.yaml
[1.901s] -- Installing: /workspace/src/install/ur5_ros2_moveit2/share/ur5_ros2_moveit2/config/ur5.srdf
[1.901s] -- Installing: /workspace/src/install/ur5_ros2_moveit2/share/ur5_ros2_moveit2/config/chomp_planning.yaml
[1.901s] -- Installing: /workspace/src/install/ur5_ros2_moveit2/share/ur5_ros2_moveit2/config/kinematics.yaml
[1.901s] -- Installing: /workspace/src/install/ur5_ros2_moveit2/share/ur5_ros2_moveit2/launch
[1.907s] -- Installing: /workspace/src/install/ur5_ros2_moveit2/share/ur5_ros2_moveit2/launch/ur5.launch.py
[1.907s] -- Installing: /workspace/src/install/ur5_ros2_moveit2/share/ur5_ros2_moveit2/launch/ur5_interface.launch.py
[1.914s] -- Installing: /workspace/src/install/ur5_ros2_moveit2/share/ament_index/resource_index/package_run_dependencies/ur5_ros2_moveit2
[1.914s] -- Installing: /workspace/src/install/ur5_ros2_moveit2/share/ament_index/resource_index/parent_prefix_path/ur5_ros2_moveit2
[1.915s] -- Installing: /workspace/src/install/ur5_ros2_moveit2/share/ur5_ros2_moveit2/environment/ament_prefix_path.sh
[1.915s] -- Installing: /workspace/src/install/ur5_ros2_moveit2/share/ur5_ros2_moveit2/environment/ament_prefix_path.dsv
[1.915s] -- Installing: /workspace/src/install/ur5_ros2_moveit2/share/ur5_ros2_moveit2/environment/path.sh
[1.915s] -- Installing: /workspace/src/install/ur5_ros2_moveit2/share/ur5_ros2_moveit2/environment/path.dsv
[1.916s] -- Installing: /workspace/src/install/ur5_ros2_moveit2/share/ur5_ros2_moveit2/local_setup.bash
[1.916s] -- Installing: /workspace/src/install/ur5_ros2_moveit2/share/ur5_ros2_moveit2/local_setup.sh
[1.917s] -- Installing: /workspace/src/install/ur5_ros2_moveit2/share/ur5_ros2_moveit2/local_setup.zsh
[1.918s] -- Installing: /workspace/src/install/ur5_ros2_moveit2/share/ur5_ros2_moveit2/local_setup.dsv
[1.922s] -- Installing: /workspace/src/install/ur5_ros2_moveit2/share/ur5_ros2_moveit2/package.dsv
[1.922s] -- Installing: /workspace/src/install/ur5_ros2_moveit2/share/ament_index/resource_index/packages/ur5_ros2_moveit2
[1.922s] -- Installing: /workspace/src/install/ur5_ros2_moveit2/share/ur5_ros2_moveit2/cmake/ur5_ros2_moveit2Config.cmake
[1.922s] -- Installing: /workspace/src/install/ur5_ros2_moveit2/share/ur5_ros2_moveit2/cmake/ur5_ros2_moveit2Config-version.cmake
[1.922s] -- Installing: /workspace/src/install/ur5_ros2_moveit2/share/ur5_ros2_moveit2/package.xml
[1.976s] Invoked command in '/workspace/src/build/ur5_ros2_moveit2' returned '0': AMENT_PREFIX_PATH=/workspace/src/install/ros2_data:${AMENT_PREFIX_PATH} CMAKE_PREFIX_PATH=/workspace/src/install/ros2_data:/workspace/src/install/lakme_ros:/workspace/install/lakme_ros:/opt/ros/humble LD_LIBRARY_PATH=/workspace/src/install/ros2_data/lib:${LD_LIBRARY_PATH} PYTHONPATH=/workspace/src/install/ros2_data/local/lib/python3.10/dist-packages:${PYTHONPATH} /usr/bin/cmake --install /workspace/src/build/ur5_ros2_moveit2
