[0.840s] Invoking command in '/workspace/src/srvcli': PYTHONPATH=/workspace/build/srvcli/prefix_override:/workspace/install/srvcli/lib/python3.10/site-packages:${PYTHONPATH} /usr/bin/python3 setup.py egg_info --egg-base ../../build/srvcli build --build-base /workspace/build/srvcli/build install --record /workspace/build/srvcli/install.log --single-version-externally-managed
[1.045s] running egg_info
[1.046s] writing ../../build/srvcli/srvcli.egg-info/PKG-INFO
[1.046s] writing dependency_links to ../../build/srvcli/srvcli.egg-info/dependency_links.txt
[1.046s] writing entry points to ../../build/srvcli/srvcli.egg-info/entry_points.txt
[1.046s] writing requirements to ../../build/srvcli/srvcli.egg-info/requires.txt
[1.046s] writing top-level names to ../../build/srvcli/srvcli.egg-info/top_level.txt
[1.048s] reading manifest file '../../build/srvcli/srvcli.egg-info/SOURCES.txt'
[1.049s] writing manifest file '../../build/srvcli/srvcli.egg-info/SOURCES.txt'
[1.050s] running build
[1.050s] running build_py
[1.050s] running install
[1.050s] /usr/lib/python3/dist-packages/setuptools/command/install.py:34: SetuptoolsDeprecationWarning: setup.py install is deprecated. Use build and pip and other standards-based tools.
[1.050s]   warnings.warn(
[1.051s] running install_lib
[1.053s] running install_data
[1.053s] running install_egg_info
[1.055s] removing '/workspace/install/srvcli/lib/python3.10/site-packages/srvcli-0.0.0-py3.10.egg-info' (and everything under it)
[1.055s] Copying ../../build/srvcli/srvcli.egg-info to /workspace/install/srvcli/lib/python3.10/site-packages/srvcli-0.0.0-py3.10.egg-info
[1.056s] running install_scripts
[1.075s] Installing client script to /workspace/install/srvcli/lib/srvcli
[1.075s] Installing service script to /workspace/install/srvcli/lib/srvcli
[1.076s] writing list of installed files to '/workspace/build/srvcli/install.log'
[1.115s] Invoked command in '/workspace/src/srvcli' returned '0': PYTHONPATH=/workspace/build/srvcli/prefix_override:/workspace/install/srvcli/lib/python3.10/site-packages:${PYTHONPATH} /usr/bin/python3 setup.py egg_info --egg-base ../../build/srvcli build --build-base /workspace/build/srvcli/build install --record /workspace/build/srvcli/install.log --single-version-externally-managed
