[  7%] Built target tutorial_interfaces__cpp
[ 12%] Built target tutorial_interfaces__rosidl_generator_c
[ 12%] Built target ament_cmake_python_copy_tutorial_interfaces
[ 23%] Built target tutorial_interfaces__rosidl_typesupport_c
[ 34%] Built target tutorial_interfaces__rosidl_typesupport_introspection_cpp
[ 65%] Built target tutorial_interfaces__rosidl_typesupport_fastrtps_cpp
[ 65%] Built target tutorial_interfaces__rosidl_typesupport_introspection_c
[ 68%] Built target tutorial_interfaces__rosidl_typesupport_cpp
[ 79%] Built target tutorial_interfaces__rosidl_typesupport_fastrtps_c
[ 79%] Built target tutorial_interfaces
[ 80%] Built target tutorial_interfaces__py
[ 90%] Built target tutorial_interfaces__rosidl_generator_py
[ 98%] Built target tutorial_interfaces__rosidl_typesupport_fastrtps_c__pyext
[ 98%] Built target tutorial_interfaces__rosidl_typesupport_c__pyext
[100%] Built target tutorial_interfaces__rosidl_typesupport_introspection_c__pyext
running egg_info
writing tutorial_interfaces.egg-info/PKG-INFO
writing dependency_links to tutorial_interfaces.egg-info/dependency_links.txt
writing top-level names to tutorial_interfaces.egg-info/top_level.txt
reading manifest file 'tutorial_interfaces.egg-info/SOURCES.txt'
writing manifest file 'tutorial_interfaces.egg-info/SOURCES.txt'
[100%] Built target ament_cmake_python_build_tutorial_interfaces_egg
-- Install configuration: ""
-- Up-to-date: /workspace/install/tutorial_interfaces/share/ament_index/resource_index/rosidl_interfaces/tutorial_interfaces
-- Up-to-date: /workspace/install/tutorial_interfaces/include/tutorial_interfaces/tutorial_interfaces
-- Up-to-date: /workspace/install/tutorial_interfaces/include/tutorial_interfaces/tutorial_interfaces/action
-- Up-to-date: /workspace/install/tutorial_interfaces/include/tutorial_interfaces/tutorial_interfaces/action/detail
-- Up-to-date: /workspace/install/tutorial_interfaces/include/tutorial_interfaces/tutorial_interfaces/action/detail/count__type_support.h
-- Up-to-date: /workspace/install/tutorial_interfaces/include/tutorial_interfaces/tutorial_interfaces/action/detail/fibonacci__type_support.h
-- Up-to-date: /workspace/install/tutorial_interfaces/include/tutorial_interfaces/tutorial_interfaces/action/detail/count_down__functions.h
-- Up-to-date: /workspace/install/tutorial_interfaces/include/tutorial_interfaces/tutorial_interfaces/action/detail/count_down__struct.h
-- Up-to-date: /workspace/install/tutorial_interfaces/include/tutorial_interfaces/tutorial_interfaces/action/detail/fibonacci__struct.h
-- Up-to-date: /workspace/install/tutorial_interfaces/include/tutorial_interfaces/tutorial_interfaces/action/detail/count__functions.h
-- Up-to-date: /workspace/install/tutorial_interfaces/include/tutorial_interfaces/tutorial_interfaces/action/detail/count__functions.c
-- Up-to-date: /workspace/install/tutorial_interfaces/include/tutorial_interfaces/tutorial_interfaces/action/detail/fibonacci__functions.h
-- Up-to-date: /workspace/install/tutorial_interfaces/include/tutorial_interfaces/tutorial_interfaces/action/detail/count__struct.h
-- Up-to-date: /workspace/install/tutorial_interfaces/include/tutorial_interfaces/tutorial_interfaces/action/detail/fibonacci__functions.c
-- Up-to-date: /workspace/install/tutorial_interfaces/include/tutorial_interfaces/tutorial_interfaces/action/detail/count_down__type_support.h
-- Up-to-date: /workspace/install/tutorial_interfaces/include/tutorial_interfaces/tutorial_interfaces/action/detail/count_down__functions.c
-- Up-to-date: /workspace/install/tutorial_interfaces/include/tutorial_interfaces/tutorial_interfaces/action/count_down.h
-- Up-to-date: /workspace/install/tutorial_interfaces/include/tutorial_interfaces/tutorial_interfaces/action/fibonacci.h
-- Up-to-date: /workspace/install/tutorial_interfaces/include/tutorial_interfaces/tutorial_interfaces/action/count.h
-- Up-to-date: /workspace/install/tutorial_interfaces/include/tutorial_interfaces/tutorial_interfaces/srv
-- Up-to-date: /workspace/install/tutorial_interfaces/include/tutorial_interfaces/tutorial_interfaces/srv/detail
-- Up-to-date: /workspace/install/tutorial_interfaces/include/tutorial_interfaces/tutorial_interfaces/srv/detail/add_three_ints__functions.h
-- Up-to-date: /workspace/install/tutorial_interfaces/include/tutorial_interfaces/tutorial_interfaces/srv/detail/add_three_ints__struct.h
-- Up-to-date: /workspace/install/tutorial_interfaces/include/tutorial_interfaces/tutorial_interfaces/srv/detail/add_three_ints__functions.c
-- Up-to-date: /workspace/install/tutorial_interfaces/include/tutorial_interfaces/tutorial_interfaces/srv/detail/add_three_ints__type_support.h
-- Up-to-date: /workspace/install/tutorial_interfaces/include/tutorial_interfaces/tutorial_interfaces/srv/add_three_ints.h
-- Up-to-date: /workspace/install/tutorial_interfaces/include/tutorial_interfaces/tutorial_interfaces/msg
-- Up-to-date: /workspace/install/tutorial_interfaces/include/tutorial_interfaces/tutorial_interfaces/msg/num.h
-- Up-to-date: /workspace/install/tutorial_interfaces/include/tutorial_interfaces/tutorial_interfaces/msg/detail
-- Up-to-date: /workspace/install/tutorial_interfaces/include/tutorial_interfaces/tutorial_interfaces/msg/detail/num__struct.h
-- Up-to-date: /workspace/install/tutorial_interfaces/include/tutorial_interfaces/tutorial_interfaces/msg/detail/sphere__functions.h
-- Up-to-date: /workspace/install/tutorial_interfaces/include/tutorial_interfaces/tutorial_interfaces/msg/detail/sphere__functions.c
-- Up-to-date: /workspace/install/tutorial_interfaces/include/tutorial_interfaces/tutorial_interfaces/msg/detail/num__functions.h
-- Up-to-date: /workspace/install/tutorial_interfaces/include/tutorial_interfaces/tutorial_interfaces/msg/detail/sphere__struct.h
-- Up-to-date: /workspace/install/tutorial_interfaces/include/tutorial_interfaces/tutorial_interfaces/msg/detail/sphere__type_support.h
-- Up-to-date: /workspace/install/tutorial_interfaces/include/tutorial_interfaces/tutorial_interfaces/msg/detail/num__type_support.h
-- Up-to-date: /workspace/install/tutorial_interfaces/include/tutorial_interfaces/tutorial_interfaces/msg/detail/num__functions.c
-- Up-to-date: /workspace/install/tutorial_interfaces/include/tutorial_interfaces/tutorial_interfaces/msg/rosidl_generator_c__visibility_control.h
-- Up-to-date: /workspace/install/tutorial_interfaces/include/tutorial_interfaces/tutorial_interfaces/msg/sphere.h
-- Up-to-date: /workspace/install/tutorial_interfaces/share/tutorial_interfaces/environment/library_path.sh
-- Up-to-date: /workspace/install/tutorial_interfaces/share/tutorial_interfaces/environment/library_path.dsv
-- Up-to-date: /workspace/install/tutorial_interfaces/lib/libtutorial_interfaces__rosidl_generator_c.so
-- Up-to-date: /workspace/install/tutorial_interfaces/include/tutorial_interfaces/tutorial_interfaces
-- Up-to-date: /workspace/install/tutorial_interfaces/include/tutorial_interfaces/tutorial_interfaces/action
-- Up-to-date: /workspace/install/tutorial_interfaces/include/tutorial_interfaces/tutorial_interfaces/action/detail
-- Up-to-date: /workspace/install/tutorial_interfaces/include/tutorial_interfaces/tutorial_interfaces/action/detail/count_down__rosidl_typesupport_fastrtps_c.h
-- Up-to-date: /workspace/install/tutorial_interfaces/include/tutorial_interfaces/tutorial_interfaces/action/detail/count__rosidl_typesupport_fastrtps_c.h
-- Up-to-date: /workspace/install/tutorial_interfaces/include/tutorial_interfaces/tutorial_interfaces/action/detail/fibonacci__rosidl_typesupport_fastrtps_c.h
-- Up-to-date: /workspace/install/tutorial_interfaces/include/tutorial_interfaces/tutorial_interfaces/srv
-- Up-to-date: /workspace/install/tutorial_interfaces/include/tutorial_interfaces/tutorial_interfaces/srv/detail
-- Up-to-date: /workspace/install/tutorial_interfaces/include/tutorial_interfaces/tutorial_interfaces/srv/detail/add_three_ints__rosidl_typesupport_fastrtps_c.h
-- Up-to-date: /workspace/install/tutorial_interfaces/include/tutorial_interfaces/tutorial_interfaces/msg
-- Up-to-date: /workspace/install/tutorial_interfaces/include/tutorial_interfaces/tutorial_interfaces/msg/detail
-- Up-to-date: /workspace/install/tutorial_interfaces/include/tutorial_interfaces/tutorial_interfaces/msg/detail/num__rosidl_typesupport_fastrtps_c.h
-- Up-to-date: /workspace/install/tutorial_interfaces/include/tutorial_interfaces/tutorial_interfaces/msg/detail/sphere__rosidl_typesupport_fastrtps_c.h
-- Up-to-date: /workspace/install/tutorial_interfaces/include/tutorial_interfaces/tutorial_interfaces/msg/rosidl_typesupport_fastrtps_c__visibility_control.h
-- Up-to-date: /workspace/install/tutorial_interfaces/lib/libtutorial_interfaces__rosidl_typesupport_fastrtps_c.so
-- Up-to-date: /workspace/install/tutorial_interfaces/include/tutorial_interfaces/tutorial_interfaces
-- Up-to-date: /workspace/install/tutorial_interfaces/include/tutorial_interfaces/tutorial_interfaces/action
-- Up-to-date: /workspace/install/tutorial_interfaces/include/tutorial_interfaces/tutorial_interfaces/action/detail
-- Up-to-date: /workspace/install/tutorial_interfaces/include/tutorial_interfaces/tutorial_interfaces/action/detail/count__struct.hpp
-- Up-to-date: /workspace/install/tutorial_interfaces/include/tutorial_interfaces/tutorial_interfaces/action/detail/count_down__builder.hpp
-- Up-to-date: /workspace/install/tutorial_interfaces/include/tutorial_interfaces/tutorial_interfaces/action/detail/count__traits.hpp
-- Up-to-date: /workspace/install/tutorial_interfaces/include/tutorial_interfaces/tutorial_interfaces/action/detail/fibonacci__struct.hpp
-- Up-to-date: /workspace/install/tutorial_interfaces/include/tutorial_interfaces/tutorial_interfaces/action/detail/count_down__struct.hpp
-- Up-to-date: /workspace/install/tutorial_interfaces/include/tutorial_interfaces/tutorial_interfaces/action/detail/fibonacci__traits.hpp
-- Up-to-date: /workspace/install/tutorial_interfaces/include/tutorial_interfaces/tutorial_interfaces/action/detail/count__builder.hpp
-- Up-to-date: /workspace/install/tutorial_interfaces/include/tutorial_interfaces/tutorial_interfaces/action/detail/fibonacci__builder.hpp
-- Up-to-date: /workspace/install/tutorial_interfaces/include/tutorial_interfaces/tutorial_interfaces/action/detail/count_down__traits.hpp
-- Up-to-date: /workspace/install/tutorial_interfaces/include/tutorial_interfaces/tutorial_interfaces/action/fibonacci.hpp
-- Up-to-date: /workspace/install/tutorial_interfaces/include/tutorial_interfaces/tutorial_interfaces/action/count.hpp
-- Up-to-date: /workspace/install/tutorial_interfaces/include/tutorial_interfaces/tutorial_interfaces/action/count_down.hpp
-- Up-to-date: /workspace/install/tutorial_interfaces/include/tutorial_interfaces/tutorial_interfaces/srv
-- Up-to-date: /workspace/install/tutorial_interfaces/include/tutorial_interfaces/tutorial_interfaces/srv/add_three_ints.hpp
-- Up-to-date: /workspace/install/tutorial_interfaces/include/tutorial_interfaces/tutorial_interfaces/srv/detail
-- Up-to-date: /workspace/install/tutorial_interfaces/include/tutorial_interfaces/tutorial_interfaces/srv/detail/add_three_ints__builder.hpp
-- Up-to-date: /workspace/install/tutorial_interfaces/include/tutorial_interfaces/tutorial_interfaces/srv/detail/add_three_ints__struct.hpp
-- Up-to-date: /workspace/install/tutorial_interfaces/include/tutorial_interfaces/tutorial_interfaces/srv/detail/add_three_ints__traits.hpp
-- Up-to-date: /workspace/install/tutorial_interfaces/include/tutorial_interfaces/tutorial_interfaces/msg
-- Up-to-date: /workspace/install/tutorial_interfaces/include/tutorial_interfaces/tutorial_interfaces/msg/detail
-- Up-to-date: /workspace/install/tutorial_interfaces/include/tutorial_interfaces/tutorial_interfaces/msg/detail/sphere__builder.hpp
-- Up-to-date: /workspace/install/tutorial_interfaces/include/tutorial_interfaces/tutorial_interfaces/msg/detail/num__struct.hpp
-- Up-to-date: /workspace/install/tutorial_interfaces/include/tutorial_interfaces/tutorial_interfaces/msg/detail/sphere__struct.hpp
-- Up-to-date: /workspace/install/tutorial_interfaces/include/tutorial_interfaces/tutorial_interfaces/msg/detail/sphere__traits.hpp
-- Up-to-date: /workspace/install/tutorial_interfaces/include/tutorial_interfaces/tutorial_interfaces/msg/detail/num__builder.hpp
-- Up-to-date: /workspace/install/tutorial_interfaces/include/tutorial_interfaces/tutorial_interfaces/msg/detail/num__traits.hpp
-- Up-to-date: /workspace/install/tutorial_interfaces/include/tutorial_interfaces/tutorial_interfaces/msg/num.hpp
-- Up-to-date: /workspace/install/tutorial_interfaces/include/tutorial_interfaces/tutorial_interfaces/msg/sphere.hpp
-- Up-to-date: /workspace/install/tutorial_interfaces/include/tutorial_interfaces/tutorial_interfaces
-- Up-to-date: /workspace/install/tutorial_interfaces/include/tutorial_interfaces/tutorial_interfaces/action
-- Up-to-date: /workspace/install/tutorial_interfaces/include/tutorial_interfaces/tutorial_interfaces/action/detail
-- Up-to-date: /workspace/install/tutorial_interfaces/include/tutorial_interfaces/tutorial_interfaces/action/detail/fibonacci__rosidl_typesupport_fastrtps_cpp.hpp
-- Up-to-date: /workspace/install/tutorial_interfaces/include/tutorial_interfaces/tutorial_interfaces/action/detail/count__rosidl_typesupport_fastrtps_cpp.hpp
-- Up-to-date: /workspace/install/tutorial_interfaces/include/tutorial_interfaces/tutorial_interfaces/action/detail/count_down__rosidl_typesupport_fastrtps_cpp.hpp
-- Up-to-date: /workspace/install/tutorial_interfaces/include/tutorial_interfaces/tutorial_interfaces/action/detail/dds_fastrtps
-- Up-to-date: /workspace/install/tutorial_interfaces/include/tutorial_interfaces/tutorial_interfaces/srv
-- Up-to-date: /workspace/install/tutorial_interfaces/include/tutorial_interfaces/tutorial_interfaces/srv/detail
-- Up-to-date: /workspace/install/tutorial_interfaces/include/tutorial_interfaces/tutorial_interfaces/srv/detail/add_three_ints__rosidl_typesupport_fastrtps_cpp.hpp
-- Up-to-date: /workspace/install/tutorial_interfaces/include/tutorial_interfaces/tutorial_interfaces/srv/detail/dds_fastrtps
-- Up-to-date: /workspace/install/tutorial_interfaces/include/tutorial_interfaces/tutorial_interfaces/msg
-- Up-to-date: /workspace/install/tutorial_interfaces/include/tutorial_interfaces/tutorial_interfaces/msg/detail
-- Up-to-date: /workspace/install/tutorial_interfaces/include/tutorial_interfaces/tutorial_interfaces/msg/detail/num__rosidl_typesupport_fastrtps_cpp.hpp
-- Up-to-date: /workspace/install/tutorial_interfaces/include/tutorial_interfaces/tutorial_interfaces/msg/detail/sphere__rosidl_typesupport_fastrtps_cpp.hpp
-- Up-to-date: /workspace/install/tutorial_interfaces/include/tutorial_interfaces/tutorial_interfaces/msg/detail/dds_fastrtps
-- Up-to-date: /workspace/install/tutorial_interfaces/include/tutorial_interfaces/tutorial_interfaces/msg/rosidl_typesupport_fastrtps_cpp__visibility_control.h
-- Up-to-date: /workspace/install/tutorial_interfaces/lib/libtutorial_interfaces__rosidl_typesupport_fastrtps_cpp.so
-- Up-to-date: /workspace/install/tutorial_interfaces/include/tutorial_interfaces/tutorial_interfaces
-- Up-to-date: /workspace/install/tutorial_interfaces/include/tutorial_interfaces/tutorial_interfaces/action
-- Up-to-date: /workspace/install/tutorial_interfaces/include/tutorial_interfaces/tutorial_interfaces/action/detail
-- Up-to-date: /workspace/install/tutorial_interfaces/include/tutorial_interfaces/tutorial_interfaces/action/detail/count__type_support.c
-- Up-to-date: /workspace/install/tutorial_interfaces/include/tutorial_interfaces/tutorial_interfaces/action/detail/fibonacci__rosidl_typesupport_introspection_c.h
-- Up-to-date: /workspace/install/tutorial_interfaces/include/tutorial_interfaces/tutorial_interfaces/action/detail/count_down__rosidl_typesupport_introspection_c.h
-- Up-to-date: /workspace/install/tutorial_interfaces/include/tutorial_interfaces/tutorial_interfaces/action/detail/count__rosidl_typesupport_introspection_c.h
-- Up-to-date: /workspace/install/tutorial_interfaces/include/tutorial_interfaces/tutorial_interfaces/action/detail/count_down__type_support.c
-- Up-to-date: /workspace/install/tutorial_interfaces/include/tutorial_interfaces/tutorial_interfaces/action/detail/fibonacci__type_support.c
-- Up-to-date: /workspace/install/tutorial_interfaces/include/tutorial_interfaces/tutorial_interfaces/srv
-- Up-to-date: /workspace/install/tutorial_interfaces/include/tutorial_interfaces/tutorial_interfaces/srv/detail
-- Up-to-date: /workspace/install/tutorial_interfaces/include/tutorial_interfaces/tutorial_interfaces/srv/detail/add_three_ints__type_support.c
-- Up-to-date: /workspace/install/tutorial_interfaces/include/tutorial_interfaces/tutorial_interfaces/srv/detail/add_three_ints__rosidl_typesupport_introspection_c.h
-- Up-to-date: /workspace/install/tutorial_interfaces/include/tutorial_interfaces/tutorial_interfaces/msg
-- Up-to-date: /workspace/install/tutorial_interfaces/include/tutorial_interfaces/tutorial_interfaces/msg/rosidl_typesupport_introspection_c__visibility_control.h
-- Up-to-date: /workspace/install/tutorial_interfaces/include/tutorial_interfaces/tutorial_interfaces/msg/detail
-- Up-to-date: /workspace/install/tutorial_interfaces/include/tutorial_interfaces/tutorial_interfaces/msg/detail/num__rosidl_typesupport_introspection_c.h
-- Up-to-date: /workspace/install/tutorial_interfaces/include/tutorial_interfaces/tutorial_interfaces/msg/detail/num__type_support.c
-- Up-to-date: /workspace/install/tutorial_interfaces/include/tutorial_interfaces/tutorial_interfaces/msg/detail/sphere__rosidl_typesupport_introspection_c.h
-- Up-to-date: /workspace/install/tutorial_interfaces/include/tutorial_interfaces/tutorial_interfaces/msg/detail/sphere__type_support.c
-- Up-to-date: /workspace/install/tutorial_interfaces/lib/libtutorial_interfaces__rosidl_typesupport_introspection_c.so
-- Up-to-date: /workspace/install/tutorial_interfaces/lib/libtutorial_interfaces__rosidl_typesupport_c.so
-- Up-to-date: /workspace/install/tutorial_interfaces/include/tutorial_interfaces/tutorial_interfaces
-- Up-to-date: /workspace/install/tutorial_interfaces/include/tutorial_interfaces/tutorial_interfaces/action
-- Up-to-date: /workspace/install/tutorial_interfaces/include/tutorial_interfaces/tutorial_interfaces/action/detail
-- Up-to-date: /workspace/install/tutorial_interfaces/include/tutorial_interfaces/tutorial_interfaces/action/detail/count_down__rosidl_typesupport_introspection_cpp.hpp
-- Up-to-date: /workspace/install/tutorial_interfaces/include/tutorial_interfaces/tutorial_interfaces/action/detail/count__rosidl_typesupport_introspection_cpp.hpp
-- Up-to-date: /workspace/install/tutorial_interfaces/include/tutorial_interfaces/tutorial_interfaces/action/detail/count_down__type_support.cpp
-- Up-to-date: /workspace/install/tutorial_interfaces/include/tutorial_interfaces/tutorial_interfaces/action/detail/fibonacci__type_support.cpp
-- Up-to-date: /workspace/install/tutorial_interfaces/include/tutorial_interfaces/tutorial_interfaces/action/detail/count__type_support.cpp
-- Up-to-date: /workspace/install/tutorial_interfaces/include/tutorial_interfaces/tutorial_interfaces/action/detail/fibonacci__rosidl_typesupport_introspection_cpp.hpp
-- Up-to-date: /workspace/install/tutorial_interfaces/include/tutorial_interfaces/tutorial_interfaces/srv
-- Up-to-date: /workspace/install/tutorial_interfaces/include/tutorial_interfaces/tutorial_interfaces/srv/detail
-- Up-to-date: /workspace/install/tutorial_interfaces/include/tutorial_interfaces/tutorial_interfaces/srv/detail/add_three_ints__type_support.cpp
-- Up-to-date: /workspace/install/tutorial_interfaces/include/tutorial_interfaces/tutorial_interfaces/srv/detail/add_three_ints__rosidl_typesupport_introspection_cpp.hpp
-- Up-to-date: /workspace/install/tutorial_interfaces/include/tutorial_interfaces/tutorial_interfaces/msg
-- Up-to-date: /workspace/install/tutorial_interfaces/include/tutorial_interfaces/tutorial_interfaces/msg/detail
-- Up-to-date: /workspace/install/tutorial_interfaces/include/tutorial_interfaces/tutorial_interfaces/msg/detail/num__type_support.cpp
-- Up-to-date: /workspace/install/tutorial_interfaces/include/tutorial_interfaces/tutorial_interfaces/msg/detail/sphere__rosidl_typesupport_introspection_cpp.hpp
-- Up-to-date: /workspace/install/tutorial_interfaces/include/tutorial_interfaces/tutorial_interfaces/msg/detail/sphere__type_support.cpp
-- Up-to-date: /workspace/install/tutorial_interfaces/include/tutorial_interfaces/tutorial_interfaces/msg/detail/num__rosidl_typesupport_introspection_cpp.hpp
-- Up-to-date: /workspace/install/tutorial_interfaces/lib/libtutorial_interfaces__rosidl_typesupport_introspection_cpp.so
-- Up-to-date: /workspace/install/tutorial_interfaces/lib/libtutorial_interfaces__rosidl_typesupport_cpp.so
-- Up-to-date: /workspace/install/tutorial_interfaces/share/tutorial_interfaces/environment/pythonpath.sh
-- Up-to-date: /workspace/install/tutorial_interfaces/share/tutorial_interfaces/environment/pythonpath.dsv
-- Up-to-date: /workspace/install/tutorial_interfaces/local/lib/python3.10/dist-packages/tutorial_interfaces-0.0.0-py3.10.egg-info
-- Installing: /workspace/install/tutorial_interfaces/local/lib/python3.10/dist-packages/tutorial_interfaces-0.0.0-py3.10.egg-info/SOURCES.txt
-- Installing: /workspace/install/tutorial_interfaces/local/lib/python3.10/dist-packages/tutorial_interfaces-0.0.0-py3.10.egg-info/dependency_links.txt
-- Installing: /workspace/install/tutorial_interfaces/local/lib/python3.10/dist-packages/tutorial_interfaces-0.0.0-py3.10.egg-info/top_level.txt
-- Installing: /workspace/install/tutorial_interfaces/local/lib/python3.10/dist-packages/tutorial_interfaces-0.0.0-py3.10.egg-info/PKG-INFO
-- Up-to-date: /workspace/install/tutorial_interfaces/local/lib/python3.10/dist-packages/tutorial_interfaces
-- Up-to-date: /workspace/install/tutorial_interfaces/local/lib/python3.10/dist-packages/tutorial_interfaces/action
-- Up-to-date: /workspace/install/tutorial_interfaces/local/lib/python3.10/dist-packages/tutorial_interfaces/action/_count_s.c
-- Up-to-date: /workspace/install/tutorial_interfaces/local/lib/python3.10/dist-packages/tutorial_interfaces/action/_fibonacci.py
-- Up-to-date: /workspace/install/tutorial_interfaces/local/lib/python3.10/dist-packages/tutorial_interfaces/action/_count_down_s.c
-- Up-to-date: /workspace/install/tutorial_interfaces/local/lib/python3.10/dist-packages/tutorial_interfaces/action/_count.py
-- Up-to-date: /workspace/install/tutorial_interfaces/local/lib/python3.10/dist-packages/tutorial_interfaces/action/__init__.py
-- Up-to-date: /workspace/install/tutorial_interfaces/local/lib/python3.10/dist-packages/tutorial_interfaces/action/_count_down.py
-- Up-to-date: /workspace/install/tutorial_interfaces/local/lib/python3.10/dist-packages/tutorial_interfaces/action/_fibonacci_s.c
-- Up-to-date: /workspace/install/tutorial_interfaces/local/lib/python3.10/dist-packages/tutorial_interfaces/tutorial_interfaces_s__rosidl_typesupport_c.cpython-310-x86_64-linux-gnu.so
-- Up-to-date: /workspace/install/tutorial_interfaces/local/lib/python3.10/dist-packages/tutorial_interfaces/tutorial_interfaces_s__rosidl_typesupport_fastrtps_c.cpython-310-x86_64-linux-gnu.so
-- Up-to-date: /workspace/install/tutorial_interfaces/local/lib/python3.10/dist-packages/tutorial_interfaces/_tutorial_interfaces_s.ep.rosidl_typesupport_introspection_c.c
-- Up-to-date: /workspace/install/tutorial_interfaces/local/lib/python3.10/dist-packages/tutorial_interfaces/tutorial_interfaces_s__rosidl_typesupport_introspection_c.cpython-310-x86_64-linux-gnu.so
-- Up-to-date: /workspace/install/tutorial_interfaces/local/lib/python3.10/dist-packages/tutorial_interfaces/srv
-- Up-to-date: /workspace/install/tutorial_interfaces/local/lib/python3.10/dist-packages/tutorial_interfaces/srv/_add_three_ints.py
-- Up-to-date: /workspace/install/tutorial_interfaces/local/lib/python3.10/dist-packages/tutorial_interfaces/srv/__init__.py
-- Up-to-date: /workspace/install/tutorial_interfaces/local/lib/python3.10/dist-packages/tutorial_interfaces/srv/_add_three_ints_s.c
-- Up-to-date: /workspace/install/tutorial_interfaces/local/lib/python3.10/dist-packages/tutorial_interfaces/libtutorial_interfaces__rosidl_generator_py.so
-- Up-to-date: /workspace/install/tutorial_interfaces/local/lib/python3.10/dist-packages/tutorial_interfaces/msg
-- Up-to-date: /workspace/install/tutorial_interfaces/local/lib/python3.10/dist-packages/tutorial_interfaces/msg/_num.py
-- Up-to-date: /workspace/install/tutorial_interfaces/local/lib/python3.10/dist-packages/tutorial_interfaces/msg/_sphere.py
-- Up-to-date: /workspace/install/tutorial_interfaces/local/lib/python3.10/dist-packages/tutorial_interfaces/msg/_sphere_s.c
-- Up-to-date: /workspace/install/tutorial_interfaces/local/lib/python3.10/dist-packages/tutorial_interfaces/msg/_num_s.c
-- Up-to-date: /workspace/install/tutorial_interfaces/local/lib/python3.10/dist-packages/tutorial_interfaces/msg/__init__.py
-- Up-to-date: /workspace/install/tutorial_interfaces/local/lib/python3.10/dist-packages/tutorial_interfaces/__init__.py
-- Up-to-date: /workspace/install/tutorial_interfaces/local/lib/python3.10/dist-packages/tutorial_interfaces/_tutorial_interfaces_s.ep.rosidl_typesupport_c.c
-- Up-to-date: /workspace/install/tutorial_interfaces/local/lib/python3.10/dist-packages/tutorial_interfaces/_tutorial_interfaces_s.ep.rosidl_typesupport_fastrtps_c.c
Listing '/workspace/install/tutorial_interfaces/local/lib/python3.10/dist-packages/tutorial_interfaces'...
Listing '/workspace/install/tutorial_interfaces/local/lib/python3.10/dist-packages/tutorial_interfaces/action'...
Listing '/workspace/install/tutorial_interfaces/local/lib/python3.10/dist-packages/tutorial_interfaces/msg'...
Listing '/workspace/install/tutorial_interfaces/local/lib/python3.10/dist-packages/tutorial_interfaces/srv'...
-- Up-to-date: /workspace/install/tutorial_interfaces/local/lib/python3.10/dist-packages/tutorial_interfaces/tutorial_interfaces_s__rosidl_typesupport_fastrtps_c.cpython-310-x86_64-linux-gnu.so
-- Up-to-date: /workspace/install/tutorial_interfaces/local/lib/python3.10/dist-packages/tutorial_interfaces/tutorial_interfaces_s__rosidl_typesupport_introspection_c.cpython-310-x86_64-linux-gnu.so
-- Up-to-date: /workspace/install/tutorial_interfaces/local/lib/python3.10/dist-packages/tutorial_interfaces/tutorial_interfaces_s__rosidl_typesupport_c.cpython-310-x86_64-linux-gnu.so
-- Up-to-date: /workspace/install/tutorial_interfaces/lib/libtutorial_interfaces__rosidl_generator_py.so
-- Up-to-date: /workspace/install/tutorial_interfaces/share/tutorial_interfaces/msg/Num.idl
-- Up-to-date: /workspace/install/tutorial_interfaces/share/tutorial_interfaces/msg/Sphere.idl
-- Up-to-date: /workspace/install/tutorial_interfaces/share/tutorial_interfaces/srv/AddThreeInts.idl
-- Up-to-date: /workspace/install/tutorial_interfaces/share/tutorial_interfaces/action/Fibonacci.idl
-- Up-to-date: /workspace/install/tutorial_interfaces/share/tutorial_interfaces/action/CountDown.idl
-- Up-to-date: /workspace/install/tutorial_interfaces/share/tutorial_interfaces/msg/Num.msg
-- Up-to-date: /workspace/install/tutorial_interfaces/share/tutorial_interfaces/msg/Sphere.msg
-- Up-to-date: /workspace/install/tutorial_interfaces/share/tutorial_interfaces/srv/AddThreeInts.srv
-- Up-to-date: /workspace/install/tutorial_interfaces/share/tutorial_interfaces/srv/AddThreeInts_Request.msg
-- Up-to-date: /workspace/install/tutorial_interfaces/share/tutorial_interfaces/srv/AddThreeInts_Response.msg
-- Up-to-date: /workspace/install/tutorial_interfaces/share/tutorial_interfaces/action/Fibonacci.action
-- Up-to-date: /workspace/install/tutorial_interfaces/share/tutorial_interfaces/action/CountDown.action
-- Up-to-date: /workspace/install/tutorial_interfaces/share/ament_index/resource_index/package_run_dependencies/tutorial_interfaces
-- Up-to-date: /workspace/install/tutorial_interfaces/share/ament_index/resource_index/parent_prefix_path/tutorial_interfaces
-- Up-to-date: /workspace/install/tutorial_interfaces/share/tutorial_interfaces/environment/ament_prefix_path.sh
-- Up-to-date: /workspace/install/tutorial_interfaces/share/tutorial_interfaces/environment/ament_prefix_path.dsv
-- Up-to-date: /workspace/install/tutorial_interfaces/share/tutorial_interfaces/environment/path.sh
-- Up-to-date: /workspace/install/tutorial_interfaces/share/tutorial_interfaces/environment/path.dsv
-- Up-to-date: /workspace/install/tutorial_interfaces/share/tutorial_interfaces/local_setup.bash
-- Up-to-date: /workspace/install/tutorial_interfaces/share/tutorial_interfaces/local_setup.sh
-- Up-to-date: /workspace/install/tutorial_interfaces/share/tutorial_interfaces/local_setup.zsh
-- Up-to-date: /workspace/install/tutorial_interfaces/share/tutorial_interfaces/local_setup.dsv
-- Installing: /workspace/install/tutorial_interfaces/share/tutorial_interfaces/package.dsv
-- Up-to-date: /workspace/install/tutorial_interfaces/share/ament_index/resource_index/packages/tutorial_interfaces
-- Up-to-date: /workspace/install/tutorial_interfaces/share/tutorial_interfaces/cmake/export_tutorial_interfaces__rosidl_generator_cExport.cmake
-- Up-to-date: /workspace/install/tutorial_interfaces/share/tutorial_interfaces/cmake/export_tutorial_interfaces__rosidl_generator_cExport-noconfig.cmake
-- Up-to-date: /workspace/install/tutorial_interfaces/share/tutorial_interfaces/cmake/export_tutorial_interfaces__rosidl_typesupport_fastrtps_cExport.cmake
-- Up-to-date: /workspace/install/tutorial_interfaces/share/tutorial_interfaces/cmake/export_tutorial_interfaces__rosidl_typesupport_fastrtps_cExport-noconfig.cmake
-- Up-to-date: /workspace/install/tutorial_interfaces/share/tutorial_interfaces/cmake/export_tutorial_interfaces__rosidl_generator_cppExport.cmake
-- Up-to-date: /workspace/install/tutorial_interfaces/share/tutorial_interfaces/cmake/export_tutorial_interfaces__rosidl_typesupport_fastrtps_cppExport.cmake
-- Up-to-date: /workspace/install/tutorial_interfaces/share/tutorial_interfaces/cmake/export_tutorial_interfaces__rosidl_typesupport_fastrtps_cppExport-noconfig.cmake
-- Up-to-date: /workspace/install/tutorial_interfaces/share/tutorial_interfaces/cmake/tutorial_interfaces__rosidl_typesupport_introspection_cExport.cmake
-- Up-to-date: /workspace/install/tutorial_interfaces/share/tutorial_interfaces/cmake/tutorial_interfaces__rosidl_typesupport_introspection_cExport-noconfig.cmake
-- Up-to-date: /workspace/install/tutorial_interfaces/share/tutorial_interfaces/cmake/tutorial_interfaces__rosidl_typesupport_cExport.cmake
-- Up-to-date: /workspace/install/tutorial_interfaces/share/tutorial_interfaces/cmake/tutorial_interfaces__rosidl_typesupport_cExport-noconfig.cmake
-- Up-to-date: /workspace/install/tutorial_interfaces/share/tutorial_interfaces/cmake/tutorial_interfaces__rosidl_typesupport_introspection_cppExport.cmake
-- Up-to-date: /workspace/install/tutorial_interfaces/share/tutorial_interfaces/cmake/tutorial_interfaces__rosidl_typesupport_introspection_cppExport-noconfig.cmake
-- Up-to-date: /workspace/install/tutorial_interfaces/share/tutorial_interfaces/cmake/tutorial_interfaces__rosidl_typesupport_cppExport.cmake
-- Up-to-date: /workspace/install/tutorial_interfaces/share/tutorial_interfaces/cmake/tutorial_interfaces__rosidl_typesupport_cppExport-noconfig.cmake
-- Up-to-date: /workspace/install/tutorial_interfaces/share/tutorial_interfaces/cmake/export_tutorial_interfaces__rosidl_generator_pyExport.cmake
-- Up-to-date: /workspace/install/tutorial_interfaces/share/tutorial_interfaces/cmake/export_tutorial_interfaces__rosidl_generator_pyExport-noconfig.cmake
-- Up-to-date: /workspace/install/tutorial_interfaces/share/tutorial_interfaces/cmake/rosidl_cmake-extras.cmake
-- Up-to-date: /workspace/install/tutorial_interfaces/share/tutorial_interfaces/cmake/ament_cmake_export_dependencies-extras.cmake
-- Up-to-date: /workspace/install/tutorial_interfaces/share/tutorial_interfaces/cmake/ament_cmake_export_include_directories-extras.cmake
-- Up-to-date: /workspace/install/tutorial_interfaces/share/tutorial_interfaces/cmake/ament_cmake_export_libraries-extras.cmake
-- Up-to-date: /workspace/install/tutorial_interfaces/share/tutorial_interfaces/cmake/ament_cmake_export_targets-extras.cmake
-- Up-to-date: /workspace/install/tutorial_interfaces/share/tutorial_interfaces/cmake/rosidl_cmake_export_typesupport_targets-extras.cmake
-- Up-to-date: /workspace/install/tutorial_interfaces/share/tutorial_interfaces/cmake/rosidl_cmake_export_typesupport_libraries-extras.cmake
-- Up-to-date: /workspace/install/tutorial_interfaces/share/tutorial_interfaces/cmake/tutorial_interfacesConfig.cmake
-- Up-to-date: /workspace/install/tutorial_interfaces/share/tutorial_interfaces/cmake/tutorial_interfacesConfig-version.cmake
-- Up-to-date: /workspace/install/tutorial_interfaces/share/tutorial_interfaces/package.xml
