[1.201s] Invoking command in '/workspace/src/my_py_pkg': PYTHONPATH=/workspace/build/my_py_pkg/prefix_override:/workspace/install/my_py_pkg/lib/python3.10/site-packages:${PYTHONPATH} /usr/bin/python3 setup.py egg_info --egg-base ../../build/my_py_pkg build --build-base /workspace/build/my_py_pkg/build install --record /workspace/build/my_py_pkg/install.log --single-version-externally-managed
[1.486s] running egg_info
[1.488s] writing ../../build/my_py_pkg/my_py_pkg.egg-info/PKG-INFO
[1.488s] writing dependency_links to ../../build/my_py_pkg/my_py_pkg.egg-info/dependency_links.txt
[1.488s] writing entry points to ../../build/my_py_pkg/my_py_pkg.egg-info/entry_points.txt
[1.489s] writing requirements to ../../build/my_py_pkg/my_py_pkg.egg-info/requires.txt
[1.489s] writing top-level names to ../../build/my_py_pkg/my_py_pkg.egg-info/top_level.txt
[1.491s] reading manifest file '../../build/my_py_pkg/my_py_pkg.egg-info/SOURCES.txt'
[1.495s] /usr/lib/python3/dist-packages/setuptools/command/install.py:34: SetuptoolsDeprecationWarning: setup.py install is deprecated. Use build and pip and other standards-based tools.
[1.495s]   warnings.warn(
[1.495s] writing manifest file '../../build/my_py_pkg/my_py_pkg.egg-info/SOURCES.txt'
[1.496s] running build
[1.496s] running build_py
[1.496s] running install
[1.497s] running install_lib
[1.497s] running install_data
[1.498s] running install_egg_info
[1.502s] removing '/workspace/install/my_py_pkg/lib/python3.10/site-packages/my_py_pkg-0.0.0-py3.10.egg-info' (and everything under it)
[1.502s] Copying ../../build/my_py_pkg/my_py_pkg.egg-info to /workspace/install/my_py_pkg/lib/python3.10/site-packages/my_py_pkg-0.0.0-py3.10.egg-info
[1.503s] running install_scripts
[1.544s] Installing client script to /workspace/install/my_py_pkg/lib/my_py_pkg
[1.545s] Installing num_count script to /workspace/install/my_py_pkg/lib/my_py_pkg
[1.546s] Installing num_gen script to /workspace/install/my_py_pkg/lib/my_py_pkg
[1.546s] Installing num_reset script to /workspace/install/my_py_pkg/lib/my_py_pkg
[1.546s] Installing server script to /workspace/install/my_py_pkg/lib/my_py_pkg
[1.546s] writing list of installed files to '/workspace/build/my_py_pkg/install.log'
