running egg_info
creating ../../build/srvcli/srvcli.egg-info
writing ../../build/srvcli/srvcli.egg-info/PKG-INFO
writing dependency_links to ../../build/srvcli/srvcli.egg-info/dependency_links.txt
writing entry points to ../../build/srvcli/srvcli.egg-info/entry_points.txt
writing requirements to ../../build/srvcli/srvcli.egg-info/requires.txt
writing top-level names to ../../build/srvcli/srvcli.egg-info/top_level.txt
writing manifest file '../../build/srvcli/srvcli.egg-info/SOURCES.txt'
reading manifest file '../../build/srvcli/srvcli.egg-info/SOURCES.txt'
writing manifest file '../../build/srvcli/srvcli.egg-info/SOURCES.txt'
running build
running build_py
creating /workspace/build/srvcli/build
creating /workspace/build/srvcli/build/lib
creating /workspace/build/srvcli/build/lib/srvcli
copying srvcli/serv_mem.py -> /workspace/build/srvcli/build/lib/srvcli
copying srvcli/__init__.py -> /workspace/build/srvcli/build/lib/srvcli
copying srvcli/cli_mem.py -> /workspace/build/srvcli/build/lib/srvcli
running install
/usr/lib/python3/dist-packages/setuptools/command/install.py:34: SetuptoolsDeprecationWarning: setup.py install is deprecated. Use build and pip and other standards-based tools.
  warnings.warn(
running install_lib
creating /workspace/install/srvcli/lib/python3.10/site-packages/srvcli
copying /workspace/build/srvcli/build/lib/srvcli/serv_mem.py -> /workspace/install/srvcli/lib/python3.10/site-packages/srvcli
copying /workspace/build/srvcli/build/lib/srvcli/__init__.py -> /workspace/install/srvcli/lib/python3.10/site-packages/srvcli
copying /workspace/build/srvcli/build/lib/srvcli/cli_mem.py -> /workspace/install/srvcli/lib/python3.10/site-packages/srvcli
byte-compiling /workspace/install/srvcli/lib/python3.10/site-packages/srvcli/serv_mem.py to serv_mem.cpython-310.pyc
byte-compiling /workspace/install/srvcli/lib/python3.10/site-packages/srvcli/__init__.py to __init__.cpython-310.pyc
byte-compiling /workspace/install/srvcli/lib/python3.10/site-packages/srvcli/cli_mem.py to cli_mem.cpython-310.pyc
running install_data
creating /workspace/install/srvcli/share/ament_index
creating /workspace/install/srvcli/share/ament_index/resource_index
creating /workspace/install/srvcli/share/ament_index/resource_index/packages
copying resource/srvcli -> /workspace/install/srvcli/share/ament_index/resource_index/packages
copying package.xml -> /workspace/install/srvcli/share/srvcli
running install_egg_info
Copying ../../build/srvcli/srvcli.egg-info to /workspace/install/srvcli/lib/python3.10/site-packages/srvcli-0.0.0-py3.10.egg-info
running install_scripts
writing list of installed files to '/workspace/build/srvcli/install.log'
