[0.611s] Invoking command in '/workspace/src/srvcli': PYTHONPATH=/workspace/build/srvcli/prefix_override:/workspace/install/srvcli/lib/python3.10/site-packages:${PYTHONPATH} /usr/bin/python3 setup.py egg_info --egg-base ../../build/srvcli build --build-base /workspace/build/srvcli/build install --record /workspace/build/srvcli/install.log --single-version-externally-managed
[0.885s] running egg_info
[0.886s] creating ../../build/srvcli/srvcli.egg-info
[0.886s] writing ../../build/srvcli/srvcli.egg-info/PKG-INFO
[0.886s] writing dependency_links to ../../build/srvcli/srvcli.egg-info/dependency_links.txt
[0.887s] writing entry points to ../../build/srvcli/srvcli.egg-info/entry_points.txt
[0.887s] writing requirements to ../../build/srvcli/srvcli.egg-info/requires.txt
[0.887s] writing top-level names to ../../build/srvcli/srvcli.egg-info/top_level.txt
[0.887s] writing manifest file '../../build/srvcli/srvcli.egg-info/SOURCES.txt'
[0.888s] reading manifest file '../../build/srvcli/srvcli.egg-info/SOURCES.txt'
[0.889s] writing manifest file '../../build/srvcli/srvcli.egg-info/SOURCES.txt'
[0.889s] running build
[0.890s] running build_py
[0.890s] creating /workspace/build/srvcli/build
[0.890s] creating /workspace/build/srvcli/build/lib
[0.890s] creating /workspace/build/srvcli/build/lib/srvcli
[0.891s] copying srvcli/serv_mem.py -> /workspace/build/srvcli/build/lib/srvcli
[0.891s] copying srvcli/__init__.py -> /workspace/build/srvcli/build/lib/srvcli
[0.891s] copying srvcli/cli_mem.py -> /workspace/build/srvcli/build/lib/srvcli
[0.891s] running install
[0.891s] /usr/lib/python3/dist-packages/setuptools/command/install.py:34: SetuptoolsDeprecationWarning: setup.py install is deprecated. Use build and pip and other standards-based tools.
[0.891s]   warnings.warn(
[0.891s] running install_lib
[0.892s] creating /workspace/install/srvcli/lib/python3.10/site-packages/srvcli
[0.892s] copying /workspace/build/srvcli/build/lib/srvcli/serv_mem.py -> /workspace/install/srvcli/lib/python3.10/site-packages/srvcli
[0.892s] copying /workspace/build/srvcli/build/lib/srvcli/__init__.py -> /workspace/install/srvcli/lib/python3.10/site-packages/srvcli
[0.892s] copying /workspace/build/srvcli/build/lib/srvcli/cli_mem.py -> /workspace/install/srvcli/lib/python3.10/site-packages/srvcli
[0.892s] byte-compiling /workspace/install/srvcli/lib/python3.10/site-packages/srvcli/serv_mem.py to serv_mem.cpython-310.pyc
[0.893s] byte-compiling /workspace/install/srvcli/lib/python3.10/site-packages/srvcli/__init__.py to __init__.cpython-310.pyc
[0.893s] byte-compiling /workspace/install/srvcli/lib/python3.10/site-packages/srvcli/cli_mem.py to cli_mem.cpython-310.pyc
[0.894s] running install_data
[0.894s] creating /workspace/install/srvcli/share/ament_index
[0.894s] creating /workspace/install/srvcli/share/ament_index/resource_index
[0.894s] creating /workspace/install/srvcli/share/ament_index/resource_index/packages
[0.894s] copying resource/srvcli -> /workspace/install/srvcli/share/ament_index/resource_index/packages
[0.894s] copying package.xml -> /workspace/install/srvcli/share/srvcli
[0.895s] running install_egg_info
[0.896s] Copying ../../build/srvcli/srvcli.egg-info to /workspace/install/srvcli/lib/python3.10/site-packages/srvcli-0.0.0-py3.10.egg-info
[0.897s] running install_scripts
[0.922s] writing list of installed files to '/workspace/build/srvcli/install.log'
[0.949s] Invoked command in '/workspace/src/srvcli' returned '0': PYTHONPATH=/workspace/build/srvcli/prefix_override:/workspace/install/srvcli/lib/python3.10/site-packages:${PYTHONPATH} /usr/bin/python3 setup.py egg_info --egg-base ../../build/srvcli build --build-base /workspace/build/srvcli/build install --record /workspace/build/srvcli/install.log --single-version-externally-managed
