[0.129s] Invoking command in '/workspace/src/build/ur3_ros2_gazebo': CMAKE_PREFIX_PATH=${CMAKE_PREFIX_PATH}:/opt/ros/humble /usr/bin/cmake /workspace/src/ros2_RobotSimulation/UniversalRobots/UR3/ur3_ros2_gazebo -DCMAKE_INSTALL_PREFIX=/workspace/src/install/ur3_ros2_gazebo
[0.295s] -- The C compiler identification is GNU 11.3.0
[0.433s] -- The CXX compiler identification is GNU 11.3.0
[0.452s] -- Detecting C compiler ABI info
[0.609s] -- Detecting C compiler ABI info - done
[0.630s] -- Check for working C compiler: /usr/bin/cc - skipped
[0.630s] -- Detecting C compile features
[0.631s] -- Detecting C compile features - done
[0.638s] -- Detecting CXX compiler ABI info
[0.814s] -- Detecting CXX compiler ABI info - done
[0.833s] -- Check for working CXX compiler: /usr/bin/c++ - skipped
[0.834s] -- Detecting CXX compile features
[0.835s] -- Detecting CXX compile features - done
[0.844s] -- Found ament_cmake: 1.3.4 (/opt/ros/humble/share/ament_cmake/cmake)
[1.351s] -- Found Python3: /usr/bin/python3.10 (found version "3.10.6") found components: Interpreter 
[1.595s] -- Found ament_lint_auto: 0.12.6 (/opt/ros/humble/share/ament_lint_auto/cmake)
[1.794s] -- Added test 'copyright' to check source files copyright and LICENSE
[1.804s] -- Added test 'flake8' to check Python code syntax and style conventions
[1.806s] -- Added test 'lint_cmake' to check CMake code style
[1.809s] -- Added test 'pep257' to check Python code against some of the docstring style conventions in PEP 257
[1.813s] -- Added test 'xmllint' to check XML markup files
[1.818s] -- Configuring done
[1.823s] -- Generating done
[1.825s] -- Build files have been written to: /workspace/src/build/ur3_ros2_gazebo
[1.836s] Invoked command in '/workspace/src/build/ur3_ros2_gazebo' returned '0': CMAKE_PREFIX_PATH=${CMAKE_PREFIX_PATH}:/opt/ros/humble /usr/bin/cmake /workspace/src/ros2_RobotSimulation/UniversalRobots/UR3/ur3_ros2_gazebo -DCMAKE_INSTALL_PREFIX=/workspace/src/install/ur3_ros2_gazebo
[1.837s] Invoking command in '/workspace/src/build/ur3_ros2_gazebo': CMAKE_PREFIX_PATH=${CMAKE_PREFIX_PATH}:/opt/ros/humble /usr/bin/cmake --build /workspace/src/build/ur3_ros2_gazebo -- -j12 -l12
[1.935s] Invoked command in '/workspace/src/build/ur3_ros2_gazebo' returned '0': CMAKE_PREFIX_PATH=${CMAKE_PREFIX_PATH}:/opt/ros/humble /usr/bin/cmake --build /workspace/src/build/ur3_ros2_gazebo -- -j12 -l12
[2.030s] Invoking command in '/workspace/src/build/ur3_ros2_gazebo': CMAKE_PREFIX_PATH=${CMAKE_PREFIX_PATH}:/opt/ros/humble /usr/bin/cmake --install /workspace/src/build/ur3_ros2_gazebo
[2.044s] -- Install configuration: ""
[2.044s] -- Installing: /workspace/src/install/ur3_ros2_gazebo/share/ur3_ros2_gazebo/config
[2.044s] -- Installing: /workspace/src/install/ur3_ros2_gazebo/share/ur3_ros2_gazebo/config/physical_parameters.yaml
[2.045s] -- Installing: /workspace/src/install/ur3_ros2_gazebo/share/ur3_ros2_gazebo/config/default_kinematics.yaml
[2.045s] -- Installing: /workspace/src/install/ur3_ros2_gazebo/share/ur3_ros2_gazebo/config/ur3_controller.yaml
[2.045s] -- Installing: /workspace/src/install/ur3_ros2_gazebo/share/ur3_ros2_gazebo/config/visual_parameters.yaml
[2.045s] -- Installing: /workspace/src/install/ur3_ros2_gazebo/share/ur3_ros2_gazebo/config/joint_limits.yaml
[2.046s] -- Installing: /workspace/src/install/ur3_ros2_gazebo/share/ur3_ros2_gazebo/config/initial_positions.yaml
[2.046s] -- Installing: /workspace/src/install/ur3_ros2_gazebo/share/ur3_ros2_gazebo/launch
[2.046s] -- Installing: /workspace/src/install/ur3_ros2_gazebo/share/ur3_ros2_gazebo/launch/ur3_simulation.launch.py
[2.046s] -- Installing: /workspace/src/install/ur3_ros2_gazebo/share/ur3_ros2_gazebo/urdf
[2.047s] -- Installing: /workspace/src/install/ur3_ros2_gazebo/share/ur3_ros2_gazebo/urdf/ur3_ros2control.xacro
[2.047s] -- Installing: /workspace/src/install/ur3_ros2_gazebo/share/ur3_ros2_gazebo/urdf/ur3_transmission.xacro
[2.048s] -- Installing: /workspace/src/install/ur3_ros2_gazebo/share/ur3_ros2_gazebo/urdf/ur3_macro.urdf.xacro
[2.048s] -- Installing: /workspace/src/install/ur3_ros2_gazebo/share/ur3_ros2_gazebo/urdf/ur3_common.xacro
[2.048s] -- Installing: /workspace/src/install/ur3_ros2_gazebo/share/ur3_ros2_gazebo/urdf/ur3.urdf.xacro
[2.048s] -- Installing: /workspace/src/install/ur3_ros2_gazebo/share/ur3_ros2_gazebo/worlds
[2.049s] -- Installing: /workspace/src/install/ur3_ros2_gazebo/share/ur3_ros2_gazebo/worlds/ur3.world
[2.049s] -- Installing: /workspace/src/install/ur3_ros2_gazebo/share/ur3_ros2_gazebo/meshes
[2.049s] -- Installing: /workspace/src/install/ur3_ros2_gazebo/share/ur3_ros2_gazebo/meshes/collision
[2.049s] -- Installing: /workspace/src/install/ur3_ros2_gazebo/share/ur3_ros2_gazebo/meshes/collision/shoulder.stl
[2.050s] -- Installing: /workspace/src/install/ur3_ros2_gazebo/share/ur3_ros2_gazebo/meshes/collision/forearm.stl
[2.052s] -- Installing: /workspace/src/install/ur3_ros2_gazebo/share/ur3_ros2_gazebo/meshes/collision/wrist1.stl
[2.056s] -- Installing: /workspace/src/install/ur3_ros2_gazebo/share/ur3_ros2_gazebo/meshes/collision/base.stl
[2.056s] -- Installing: /workspace/src/install/ur3_ros2_gazebo/share/ur3_ros2_gazebo/meshes/collision/upperarm.stl
[2.056s] -- Installing: /workspace/src/install/ur3_ros2_gazebo/share/ur3_ros2_gazebo/meshes/collision/wrist2.stl
[2.057s] -- Installing: /workspace/src/install/ur3_ros2_gazebo/share/ur3_ros2_gazebo/meshes/collision/wrist3.stl
[2.057s] -- Installing: /workspace/src/install/ur3_ros2_gazebo/share/ur3_ros2_gazebo/meshes/visual
[2.057s] -- Installing: /workspace/src/install/ur3_ros2_gazebo/share/ur3_ros2_gazebo/meshes/visual/base.dae
[2.059s] -- Installing: /workspace/src/install/ur3_ros2_gazebo/share/ur3_ros2_gazebo/meshes/visual/upperarm.dae
[2.065s] -- Installing: /workspace/src/install/ur3_ros2_gazebo/share/ur3_ros2_gazebo/meshes/visual/forearm.dae
[2.067s] -- Installing: /workspace/src/install/ur3_ros2_gazebo/share/ur3_ros2_gazebo/meshes/visual/wrist1.dae
[2.069s] -- Installing: /workspace/src/install/ur3_ros2_gazebo/share/ur3_ros2_gazebo/meshes/visual/shoulder.dae
[2.075s] -- Installing: /workspace/src/install/ur3_ros2_gazebo/share/ur3_ros2_gazebo/meshes/visual/wrist3.dae
[2.075s] -- Installing: /workspace/src/install/ur3_ros2_gazebo/share/ur3_ros2_gazebo/meshes/visual/wrist2.dae
[2.078s] -- Installing: /workspace/src/install/ur3_ros2_gazebo/share/ament_index/resource_index/package_run_dependencies/ur3_ros2_gazebo
[2.079s] -- Installing: /workspace/src/install/ur3_ros2_gazebo/share/ament_index/resource_index/parent_prefix_path/ur3_ros2_gazebo
[2.079s] -- Installing: /workspace/src/install/ur3_ros2_gazebo/share/ur3_ros2_gazebo/environment/ament_prefix_path.sh
[2.079s] -- Installing: /workspace/src/install/ur3_ros2_gazebo/share/ur3_ros2_gazebo/environment/ament_prefix_path.dsv
[2.079s] -- Installing: /workspace/src/install/ur3_ros2_gazebo/share/ur3_ros2_gazebo/environment/path.sh
[2.080s] -- Installing: /workspace/src/install/ur3_ros2_gazebo/share/ur3_ros2_gazebo/environment/path.dsv
[2.080s] -- Installing: /workspace/src/install/ur3_ros2_gazebo/share/ur3_ros2_gazebo/local_setup.bash
[2.080s] -- Installing: /workspace/src/install/ur3_ros2_gazebo/share/ur3_ros2_gazebo/local_setup.sh
[2.081s] -- Installing: /workspace/src/install/ur3_ros2_gazebo/share/ur3_ros2_gazebo/local_setup.zsh
[2.081s] -- Installing: /workspace/src/install/ur3_ros2_gazebo/share/ur3_ros2_gazebo/local_setup.dsv
[2.081s] -- Installing: /workspace/src/install/ur3_ros2_gazebo/share/ur3_ros2_gazebo/package.dsv
[2.082s] -- Installing: /workspace/src/install/ur3_ros2_gazebo/share/ament_index/resource_index/packages/ur3_ros2_gazebo
[2.082s] -- Installing: /workspace/src/install/ur3_ros2_gazebo/share/ur3_ros2_gazebo/cmake/ur3_ros2_gazeboConfig.cmake
[2.082s] -- Installing: /workspace/src/install/ur3_ros2_gazebo/share/ur3_ros2_gazebo/cmake/ur3_ros2_gazeboConfig-version.cmake
[2.082s] -- Installing: /workspace/src/install/ur3_ros2_gazebo/share/ur3_ros2_gazebo/package.xml
[2.089s] Invoked command in '/workspace/src/build/ur3_ros2_gazebo' returned '0': CMAKE_PREFIX_PATH=${CMAKE_PREFIX_PATH}:/opt/ros/humble /usr/bin/cmake --install /workspace/src/build/ur3_ros2_gazebo
