[0.484s] Invoking command in '/workspace/src/srvcli': PYTHONPATH=/workspace/build/srvcli/prefix_override:/workspace/install/srvcli/lib/python3.10/site-packages:${PYTHONPATH} /usr/bin/python3 setup.py egg_info --egg-base ../../build/srvcli build --build-base /workspace/build/srvcli/build install --record /workspace/build/srvcli/install.log --single-version-externally-managed
[0.684s] running egg_info
[0.684s] writing ../../build/srvcli/srvcli.egg-info/PKG-INFO
[0.684s] writing dependency_links to ../../build/srvcli/srvcli.egg-info/dependency_links.txt
[0.685s] writing entry points to ../../build/srvcli/srvcli.egg-info/entry_points.txt
[0.685s] writing requirements to ../../build/srvcli/srvcli.egg-info/requires.txt
[0.685s] writing top-level names to ../../build/srvcli/srvcli.egg-info/top_level.txt
[0.686s] reading manifest file '../../build/srvcli/srvcli.egg-info/SOURCES.txt'
[0.687s] writing manifest file '../../build/srvcli/srvcli.egg-info/SOURCES.txt'
[0.687s] running build
[0.687s] running build_py
[0.687s] running install
[0.687s] /usr/lib/python3/dist-packages/setuptools/command/install.py:34: SetuptoolsDeprecationWarning: setup.py install is deprecated. Use build and pip and other standards-based tools.
[0.687s]   warnings.warn(
[0.687s] running install_lib
[0.688s] running install_data
[0.689s] running install_egg_info
[0.690s] removing '/workspace/install/srvcli/lib/python3.10/site-packages/srvcli-0.0.0-py3.10.egg-info' (and everything under it)
[0.690s] Copying ../../build/srvcli/srvcli.egg-info to /workspace/install/srvcli/lib/python3.10/site-packages/srvcli-0.0.0-py3.10.egg-info
[0.691s] running install_scripts
[0.709s] Installing client script to /workspace/install/srvcli/lib/srvcli
[0.709s] Installing service script to /workspace/install/srvcli/lib/srvcli
[0.709s] writing list of installed files to '/workspace/build/srvcli/install.log'
[0.728s] Invoked command in '/workspace/src/srvcli' returned '0': PYTHONPATH=/workspace/build/srvcli/prefix_override:/workspace/install/srvcli/lib/python3.10/site-packages:${PYTHONPATH} /usr/bin/python3 setup.py egg_info --egg-base ../../build/srvcli build --build-base /workspace/build/srvcli/build install --record /workspace/build/srvcli/install.log --single-version-externally-managed
