[0.842s] Invoking command in '/workspace/src/pubsub': PYTHONPATH=/workspace/build/pubsub/prefix_override:/workspace/install/pubsub/lib/python3.10/site-packages:${PYTHONPATH} /usr/bin/python3 setup.py egg_info --egg-base ../../build/pubsub build --build-base /workspace/build/pubsub/build install --record /workspace/build/pubsub/install.log --single-version-externally-managed
[1.055s] running egg_info
[1.055s] writing ../../build/pubsub/pubsub.egg-info/PKG-INFO
[1.056s] writing dependency_links to ../../build/pubsub/pubsub.egg-info/dependency_links.txt
[1.056s] writing entry points to ../../build/pubsub/pubsub.egg-info/entry_points.txt
[1.056s] writing requirements to ../../build/pubsub/pubsub.egg-info/requires.txt
[1.056s] writing top-level names to ../../build/pubsub/pubsub.egg-info/top_level.txt
[1.058s] reading manifest file '../../build/pubsub/pubsub.egg-info/SOURCES.txt'
[1.059s] writing manifest file '../../build/pubsub/pubsub.egg-info/SOURCES.txt'
[1.059s] running build
[1.059s] running build_py
[1.060s] running install
[1.060s] /usr/lib/python3/dist-packages/setuptools/command/install.py:34: SetuptoolsDeprecationWarning: setup.py install is deprecated. Use build and pip and other standards-based tools.
[1.060s]   warnings.warn(
[1.060s] running install_lib
[1.062s] running install_data
[1.063s] running install_egg_info
[1.064s] removing '/workspace/install/pubsub/lib/python3.10/site-packages/pubsub-0.0.0-py3.10.egg-info' (and everything under it)
[1.065s] Copying ../../build/pubsub/pubsub.egg-info to /workspace/install/pubsub/lib/python3.10/site-packages/pubsub-0.0.0-py3.10.egg-info
[1.066s] running install_scripts
[1.085s] Installing listener script to /workspace/install/pubsub/lib/pubsub
[1.086s] Installing talker script to /workspace/install/pubsub/lib/pubsub
[1.086s] writing list of installed files to '/workspace/build/pubsub/install.log'
[1.118s] Invoked command in '/workspace/src/pubsub' returned '0': PYTHONPATH=/workspace/build/pubsub/prefix_override:/workspace/install/pubsub/lib/python3.10/site-packages:${PYTHONPATH} /usr/bin/python3 setup.py egg_info --egg-base ../../build/pubsub build --build-base /workspace/build/pubsub/build install --record /workspace/build/pubsub/install.log --single-version-externally-managed
