running egg_info
creating ../build/my_py_pkg/my_py_pkg.egg-info
writing ../build/my_py_pkg/my_py_pkg.egg-info/PKG-INFO
writing dependency_links to ../build/my_py_pkg/my_py_pkg.egg-info/dependency_links.txt
writing entry points to ../build/my_py_pkg/my_py_pkg.egg-info/entry_points.txt
writing requirements to ../build/my_py_pkg/my_py_pkg.egg-info/requires.txt
writing top-level names to ../build/my_py_pkg/my_py_pkg.egg-info/top_level.txt
writing manifest file '../build/my_py_pkg/my_py_pkg.egg-info/SOURCES.txt'
reading manifest file '../build/my_py_pkg/my_py_pkg.egg-info/SOURCES.txt'
writing manifest file '../build/my_py_pkg/my_py_pkg.egg-info/SOURCES.txt'
running build
running build_py
creating /workspace/src/build/my_py_pkg/build
creating /workspace/src/build/my_py_pkg/build/lib
creating /workspace/src/build/my_py_pkg/build/lib/my_py_pkg
copying my_py_pkg/number_gen.py -> /workspace/src/build/my_py_pkg/build/lib/my_py_pkg
copying my_py_pkg/add_two_ints_client.py -> /workspace/src/build/my_py_pkg/build/lib/my_py_pkg
copying my_py_pkg/cam_subs.py -> /workspace/src/build/my_py_pkg/build/lib/my_py_pkg
copying my_py_pkg/inv_kinematics.py -> /workspace/src/build/my_py_pkg/build/lib/my_py_pkg
copying my_py_pkg/add_two_ints_server.py -> /workspace/src/build/my_py_pkg/build/lib/my_py_pkg
copying my_py_pkg/lidar_data.py -> /workspace/src/build/my_py_pkg/build/lib/my_py_pkg
copying my_py_pkg/irb120_simulation.launch.py -> /workspace/src/build/my_py_pkg/build/lib/my_py_pkg
copying my_py_pkg/__init__.py -> /workspace/src/build/my_py_pkg/build/lib/my_py_pkg
copying my_py_pkg/num_counter_reset.py -> /workspace/src/build/my_py_pkg/build/lib/my_py_pkg
copying my_py_pkg/number_counter.py -> /workspace/src/build/my_py_pkg/build/lib/my_py_pkg
copying my_py_pkg/processs_image.py -> /workspace/src/build/my_py_pkg/build/lib/my_py_pkg
copying my_py_pkg/endeffector.py -> /workspace/src/build/my_py_pkg/build/lib/my_py_pkg
running install
running install_lib
creating /workspace/src/install/my_py_pkg/lib/python3.10/site-packages/my_py_pkg
copying /workspace/src/build/my_py_pkg/build/lib/my_py_pkg/number_gen.py -> /workspace/src/install/my_py_pkg/lib/python3.10/site-packages/my_py_pkg
copying /workspace/src/build/my_py_pkg/build/lib/my_py_pkg/add_two_ints_client.py -> /workspace/src/install/my_py_pkg/lib/python3.10/site-packages/my_py_pkg
copying /workspace/src/build/my_py_pkg/build/lib/my_py_pkg/cam_subs.py -> /workspace/src/install/my_py_pkg/lib/python3.10/site-packages/my_py_pkg
copying /workspace/src/build/my_py_pkg/build/lib/my_py_pkg/inv_kinematics.py -> /workspace/src/install/my_py_pkg/lib/python3.10/site-packages/my_py_pkg
copying /workspace/src/build/my_py_pkg/build/lib/my_py_pkg/add_two_ints_server.py -> /workspace/src/install/my_py_pkg/lib/python3.10/site-packages/my_py_pkg
copying /workspace/src/build/my_py_pkg/build/lib/my_py_pkg/lidar_data.py -> /workspace/src/install/my_py_pkg/lib/python3.10/site-packages/my_py_pkg
copying /workspace/src/build/my_py_pkg/build/lib/my_py_pkg/irb120_simulation.launch.py -> /workspace/src/install/my_py_pkg/lib/python3.10/site-packages/my_py_pkg
copying /workspace/src/build/my_py_pkg/build/lib/my_py_pkg/__init__.py -> /workspace/src/install/my_py_pkg/lib/python3.10/site-packages/my_py_pkg
copying /workspace/src/build/my_py_pkg/build/lib/my_py_pkg/num_counter_reset.py -> /workspace/src/install/my_py_pkg/lib/python3.10/site-packages/my_py_pkg
copying /workspace/src/build/my_py_pkg/build/lib/my_py_pkg/number_counter.py -> /workspace/src/install/my_py_pkg/lib/python3.10/site-packages/my_py_pkg
copying /workspace/src/build/my_py_pkg/build/lib/my_py_pkg/processs_image.py -> /workspace/src/install/my_py_pkg/lib/python3.10/site-packages/my_py_pkg
copying /workspace/src/build/my_py_pkg/build/lib/my_py_pkg/endeffector.py -> /workspace/src/install/my_py_pkg/lib/python3.10/site-packages/my_py_pkg
byte-compiling /workspace/src/install/my_py_pkg/lib/python3.10/site-packages/my_py_pkg/number_gen.py to number_gen.cpython-310.pyc
byte-compiling /workspace/src/install/my_py_pkg/lib/python3.10/site-packages/my_py_pkg/add_two_ints_client.py to add_two_ints_client.cpython-310.pyc
byte-compiling /workspace/src/install/my_py_pkg/lib/python3.10/site-packages/my_py_pkg/cam_subs.py to cam_subs.cpython-310.pyc
byte-compiling /workspace/src/install/my_py_pkg/lib/python3.10/site-packages/my_py_pkg/inv_kinematics.py to inv_kinematics.cpython-310.pyc
byte-compiling /workspace/src/install/my_py_pkg/lib/python3.10/site-packages/my_py_pkg/add_two_ints_server.py to add_two_ints_server.cpython-310.pyc
byte-compiling /workspace/src/install/my_py_pkg/lib/python3.10/site-packages/my_py_pkg/lidar_data.py to lidar_data.cpython-310.pyc
byte-compiling /workspace/src/install/my_py_pkg/lib/python3.10/site-packages/my_py_pkg/irb120_simulation.launch.py to irb120_simulation.launch.cpython-310.pyc
byte-compiling /workspace/src/install/my_py_pkg/lib/python3.10/site-packages/my_py_pkg/__init__.py to __init__.cpython-310.pyc
byte-compiling /workspace/src/install/my_py_pkg/lib/python3.10/site-packages/my_py_pkg/num_counter_reset.py to num_counter_reset.cpython-310.pyc
byte-compiling /workspace/src/install/my_py_pkg/lib/python3.10/site-packages/my_py_pkg/number_counter.py to number_counter.cpython-310.pyc
byte-compiling /workspace/src/install/my_py_pkg/lib/python3.10/site-packages/my_py_pkg/processs_image.py to processs_image.cpython-310.pyc
byte-compiling /workspace/src/install/my_py_pkg/lib/python3.10/site-packages/my_py_pkg/endeffector.py to endeffector.cpython-310.pyc
running install_data
creating /workspace/src/install/my_py_pkg/share/ament_index
creating /workspace/src/install/my_py_pkg/share/ament_index/resource_index
creating /workspace/src/install/my_py_pkg/share/ament_index/resource_index/packages
copying resource/my_py_pkg -> /workspace/src/install/my_py_pkg/share/ament_index/resource_index/packages
copying package.xml -> /workspace/src/install/my_py_pkg/share/my_py_pkg
running install_egg_info
Copying ../build/my_py_pkg/my_py_pkg.egg-info to /workspace/src/install/my_py_pkg/lib/python3.10/site-packages/my_py_pkg-0.0.0-py3.10.egg-info
running install_scripts
Installing client script to /workspace/src/install/my_py_pkg/lib/my_py_pkg
Installing lidar script to /workspace/src/install/my_py_pkg/lib/my_py_pkg
Installing num_count script to /workspace/src/install/my_py_pkg/lib/my_py_pkg
Installing num_gen script to /workspace/src/install/my_py_pkg/lib/my_py_pkg
Installing num_reset script to /workspace/src/install/my_py_pkg/lib/my_py_pkg
Installing ros2_move script to /workspace/src/install/my_py_pkg/lib/my_py_pkg
Installing server script to /workspace/src/install/my_py_pkg/lib/my_py_pkg
writing list of installed files to '/workspace/src/build/my_py_pkg/install.log'
