[0.137s] Invoking command in '/workspace/src/build/irb120_ros2_moveit2': AMENT_PREFIX_PATH=/workspace/src/install/ros2_data:${AMENT_PREFIX_PATH} CMAKE_PREFIX_PATH=/workspace/src/install/ros2_data:/workspace/src/install/lakme_ros:/workspace/install/lakme_ros:/opt/ros/humble LD_LIBRARY_PATH=/workspace/src/install/ros2_data/lib:${LD_LIBRARY_PATH} PYTHONPATH=/workspace/src/install/ros2_data/local/lib/python3.10/dist-packages:${PYTHONPATH} /usr/bin/cmake /workspace/src/ros2_RobotSimulation/ABBRobots/IRB120/irb120_ros2_moveit2 -DCMAKE_INSTALL_PREFIX=/workspace/src/install/irb120_ros2_moveit2
[0.288s] -- The C compiler identification is GNU 11.3.0
[0.420s] -- The CXX compiler identification is GNU 11.3.0
[0.438s] -- Detecting C compiler ABI info
[0.598s] -- Detecting C compiler ABI info - done
[0.617s] -- Check for working C compiler: /usr/bin/cc - skipped
[0.618s] -- Detecting C compile features
[0.619s] -- Detecting C compile features - done
[0.625s] -- Detecting CXX compiler ABI info
[0.799s] -- Detecting CXX compiler ABI info - done
[0.812s] -- Check for working CXX compiler: /usr/bin/c++ - skipped
[0.812s] -- Detecting CXX compile features
[0.821s] -- Detecting CXX compile features - done
[0.823s] -- Found ament_cmake: 1.3.4 (/opt/ros/humble/share/ament_cmake/cmake)
[1.223s] -- Found Python3: /usr/bin/python3.10 (found version "3.10.6") found components: Interpreter 
[1.503s] -- Found ament_lint_auto: 0.12.6 (/opt/ros/humble/share/ament_lint_auto/cmake)
[1.705s] -- Added test 'copyright' to check source files copyright and LICENSE
[1.709s] -- Added test 'flake8' to check Python code syntax and style conventions
[1.715s] -- Added test 'lint_cmake' to check CMake code style
[1.715s] -- Added test 'pep257' to check Python code against some of the docstring style conventions in PEP 257
[1.716s] -- Added test 'xmllint' to check XML markup files
[1.717s] -- Configuring done
[1.723s] -- Generating done
[1.725s] -- Build files have been written to: /workspace/src/build/irb120_ros2_moveit2
[1.741s] Invoked command in '/workspace/src/build/irb120_ros2_moveit2' returned '0': AMENT_PREFIX_PATH=/workspace/src/install/ros2_data:${AMENT_PREFIX_PATH} CMAKE_PREFIX_PATH=/workspace/src/install/ros2_data:/workspace/src/install/lakme_ros:/workspace/install/lakme_ros:/opt/ros/humble LD_LIBRARY_PATH=/workspace/src/install/ros2_data/lib:${LD_LIBRARY_PATH} PYTHONPATH=/workspace/src/install/ros2_data/local/lib/python3.10/dist-packages:${PYTHONPATH} /usr/bin/cmake /workspace/src/ros2_RobotSimulation/ABBRobots/IRB120/irb120_ros2_moveit2 -DCMAKE_INSTALL_PREFIX=/workspace/src/install/irb120_ros2_moveit2
[1.742s] Invoking command in '/workspace/src/build/irb120_ros2_moveit2': AMENT_PREFIX_PATH=/workspace/src/install/ros2_data:${AMENT_PREFIX_PATH} CMAKE_PREFIX_PATH=/workspace/src/install/ros2_data:/workspace/src/install/lakme_ros:/workspace/install/lakme_ros:/opt/ros/humble LD_LIBRARY_PATH=/workspace/src/install/ros2_data/lib:${LD_LIBRARY_PATH} PYTHONPATH=/workspace/src/install/ros2_data/local/lib/python3.10/dist-packages:${PYTHONPATH} /usr/bin/cmake --build /workspace/src/build/irb120_ros2_moveit2 -- -j12 -l12
[1.809s] Invoked command in '/workspace/src/build/irb120_ros2_moveit2' returned '0': AMENT_PREFIX_PATH=/workspace/src/install/ros2_data:${AMENT_PREFIX_PATH} CMAKE_PREFIX_PATH=/workspace/src/install/ros2_data:/workspace/src/install/lakme_ros:/workspace/install/lakme_ros:/opt/ros/humble LD_LIBRARY_PATH=/workspace/src/install/ros2_data/lib:${LD_LIBRARY_PATH} PYTHONPATH=/workspace/src/install/ros2_data/local/lib/python3.10/dist-packages:${PYTHONPATH} /usr/bin/cmake --build /workspace/src/build/irb120_ros2_moveit2 -- -j12 -l12
[1.850s] Invoking command in '/workspace/src/build/irb120_ros2_moveit2': AMENT_PREFIX_PATH=/workspace/src/install/ros2_data:${AMENT_PREFIX_PATH} CMAKE_PREFIX_PATH=/workspace/src/install/ros2_data:/workspace/src/install/lakme_ros:/workspace/install/lakme_ros:/opt/ros/humble LD_LIBRARY_PATH=/workspace/src/install/ros2_data/lib:${LD_LIBRARY_PATH} PYTHONPATH=/workspace/src/install/ros2_data/local/lib/python3.10/dist-packages:${PYTHONPATH} /usr/bin/cmake --install /workspace/src/build/irb120_ros2_moveit2
[1.866s] -- Install configuration: ""
[1.867s] -- Installing: /workspace/src/install/irb120_ros2_moveit2/share/irb120_ros2_moveit2/config
[1.867s] -- Installing: /workspace/src/install/irb120_ros2_moveit2/share/irb120_ros2_moveit2/config/irb120.srdf
[1.875s] -- Installing: /workspace/src/install/irb120_ros2_moveit2/share/irb120_ros2_moveit2/config/irb120egp64_controllers.yaml
[1.876s] -- Installing: /workspace/src/install/irb120_ros2_moveit2/share/irb120_ros2_moveit2/config/irb120_moveit2.rviz
[1.876s] -- Installing: /workspace/src/install/irb120_ros2_moveit2/share/irb120_ros2_moveit2/config/irb120egp64_moveit2.rviz
[1.876s] -- Installing: /workspace/src/install/irb120_ros2_moveit2/share/irb120_ros2_moveit2/config/ompl_planning.yaml
[1.877s] -- Installing: /workspace/src/install/irb120_ros2_moveit2/share/irb120_ros2_moveit2/config/irb120_controllers.yaml
[1.877s] -- Installing: /workspace/src/install/irb120_ros2_moveit2/share/irb120_ros2_moveit2/config/irb120egp64.srdf
[1.878s] -- Installing: /workspace/src/install/irb120_ros2_moveit2/share/irb120_ros2_moveit2/config/kinematics.yaml
[1.880s] -- Installing: /workspace/src/install/irb120_ros2_moveit2/share/irb120_ros2_moveit2/config/ompl_planning_egp64.yaml
[1.882s] -- Installing: /workspace/src/install/irb120_ros2_moveit2/share/irb120_ros2_moveit2/launch
[1.882s] -- Installing: /workspace/src/install/irb120_ros2_moveit2/share/irb120_ros2_moveit2/launch/irb120_interface.launch.py
[1.883s] -- Installing: /workspace/src/install/irb120_ros2_moveit2/share/irb120_ros2_moveit2/launch/irb120.launch.py
[1.883s] -- Installing: /workspace/src/install/irb120_ros2_moveit2/share/ament_index/resource_index/package_run_dependencies/irb120_ros2_moveit2
[1.883s] -- Installing: /workspace/src/install/irb120_ros2_moveit2/share/ament_index/resource_index/parent_prefix_path/irb120_ros2_moveit2
[1.884s] -- Installing: /workspace/src/install/irb120_ros2_moveit2/share/irb120_ros2_moveit2/environment/ament_prefix_path.sh
[1.884s] -- Installing: /workspace/src/install/irb120_ros2_moveit2/share/irb120_ros2_moveit2/environment/ament_prefix_path.dsv
[1.885s] -- Installing: /workspace/src/install/irb120_ros2_moveit2/share/irb120_ros2_moveit2/environment/path.sh
[1.885s] -- Installing: /workspace/src/install/irb120_ros2_moveit2/share/irb120_ros2_moveit2/environment/path.dsv
[1.885s] -- Installing: /workspace/src/install/irb120_ros2_moveit2/share/irb120_ros2_moveit2/local_setup.bash
[1.885s] -- Installing: /workspace/src/install/irb120_ros2_moveit2/share/irb120_ros2_moveit2/local_setup.sh
[1.890s] -- Installing: /workspace/src/install/irb120_ros2_moveit2/share/irb120_ros2_moveit2/local_setup.zsh
[1.890s] -- Installing: /workspace/src/install/irb120_ros2_moveit2/share/irb120_ros2_moveit2/local_setup.dsv
[1.890s] -- Installing: /workspace/src/install/irb120_ros2_moveit2/share/irb120_ros2_moveit2/package.dsv
[1.890s] -- Installing: /workspace/src/install/irb120_ros2_moveit2/share/ament_index/resource_index/packages/irb120_ros2_moveit2
[1.890s] -- Installing: /workspace/src/install/irb120_ros2_moveit2/share/irb120_ros2_moveit2/cmake/irb120_ros2_moveit2Config.cmake
[1.891s] -- Installing: /workspace/src/install/irb120_ros2_moveit2/share/irb120_ros2_moveit2/cmake/irb120_ros2_moveit2Config-version.cmake
[1.891s] -- Installing: /workspace/src/install/irb120_ros2_moveit2/share/irb120_ros2_moveit2/package.xml
[1.905s] Invoked command in '/workspace/src/build/irb120_ros2_moveit2' returned '0': AMENT_PREFIX_PATH=/workspace/src/install/ros2_data:${AMENT_PREFIX_PATH} CMAKE_PREFIX_PATH=/workspace/src/install/ros2_data:/workspace/src/install/lakme_ros:/workspace/install/lakme_ros:/opt/ros/humble LD_LIBRARY_PATH=/workspace/src/install/ros2_data/lib:${LD_LIBRARY_PATH} PYTHONPATH=/workspace/src/install/ros2_data/local/lib/python3.10/dist-packages:${PYTHONPATH} /usr/bin/cmake --install /workspace/src/build/irb120_ros2_moveit2
