[0.267s] DEBUG:colcon:Command line arguments: ['/usr/bin/colcon', 'build', '--packages-select', 'ros_interfaces']
[0.267s] DEBUG:colcon:Parsed command line arguments: Namespace(log_base=None, log_level=None, verb_name='build', build_base='build', install_base='install', merge_install=False, symlink_install=False, test_result_base=None, continue_on_error=False, executor='parallel', parallel_workers=12, event_handlers=None, ignore_user_meta=False, metas=['./colcon.meta'], base_paths=['.'], packages_ignore=None, packages_ignore_regex=None, paths=None, packages_up_to=None, packages_up_to_regex=None, packages_above=None, packages_above_and_dependencies=None, packages_above_depth=None, packages_select_by_dep=None, packages_skip_by_dep=None, packages_skip_up_to=None, packages_select_build_failed=False, packages_skip_build_finished=False, packages_select_test_failures=False, packages_skip_test_passed=False, packages_select=['ros_interfaces'], packages_skip=None, packages_select_regex=None, packages_skip_regex=None, packages_start=None, packages_end=None, cmake_args=None, cmake_target=None, cmake_target_skip_unavailable=False, cmake_clean_cache=False, cmake_clean_first=False, cmake_force_configure=False, ament_cmake_args=None, catkin_cmake_args=None, catkin_skip_building_tests=False, mixin_files=None, mixin=None, verb_parser=<colcon_mixin.mixin.mixin_argument.MixinArgumentDecorator object at 0x7f6ead08db40>, verb_extension=<colcon_core.verb.build.BuildVerb object at 0x7f6ead8710c0>, main=<bound method BuildVerb.main of <colcon_core.verb.build.BuildVerb object at 0x7f6ead8710c0>>, mixin_verb=('build',))
[0.293s] Level 1:colcon.colcon_core.package_discovery:discover_packages(colcon_meta) check parameters
[0.294s] INFO:colcon.colcon_metadata.package_discovery.colcon_meta:Using configuration from '/root/.colcon/metadata/default/Gazebo.meta'
[0.294s] INFO:colcon.colcon_metadata.package_discovery.colcon_meta:Using configuration from '/root/.colcon/metadata/default/fastrtps.meta'
[0.294s] Level 1:colcon.colcon_core.package_discovery:discover_packages(recursive) check parameters
[0.295s] Level 1:colcon.colcon_core.package_discovery:discover_packages(ignore) check parameters
[0.295s] Level 1:colcon.colcon_core.package_discovery:discover_packages(path) check parameters
[0.295s] Level 1:colcon.colcon_core.package_discovery:discover_packages(colcon_meta) discover
[0.295s] Level 1:colcon.colcon_core.package_discovery:discover_packages(recursive) discover
[0.295s] INFO:colcon.colcon_core.package_discovery:Crawling recursively for packages in '/workspace'
[0.295s] Level 1:colcon.colcon_core.package_identification:_identify(.) by extensions ['ignore', 'ignore_ament_install']
[0.295s] Level 1:colcon.colcon_core.package_identification:_identify(.) by extension 'ignore'
[0.295s] Level 1:colcon.colcon_core.package_identification:_identify(.) by extension 'ignore_ament_install'
[0.295s] Level 1:colcon.colcon_core.package_identification:_identify(.) by extensions ['colcon_pkg']
[0.295s] Level 1:colcon.colcon_core.package_identification:_identify(.) by extension 'colcon_pkg'
[0.295s] Level 1:colcon.colcon_core.package_identification:_identify(.) by extensions ['colcon_meta']
[0.295s] Level 1:colcon.colcon_core.package_identification:_identify(.) by extension 'colcon_meta'
[0.295s] Level 1:colcon.colcon_core.package_identification:_identify(.) by extensions ['ros']
[0.295s] Level 1:colcon.colcon_core.package_identification:_identify(.) by extension 'ros'
[0.305s] Level 1:colcon.colcon_core.package_identification:_identify(.) by extensions ['cmake', 'python']
[0.305s] Level 1:colcon.colcon_core.package_identification:_identify(.) by extension 'cmake'
[0.305s] Level 1:colcon.colcon_core.package_identification:_identify(.) by extension 'python'
[0.305s] Level 1:colcon.colcon_core.package_identification:_identify(.) by extensions ['python_setup_py']
[0.305s] Level 1:colcon.colcon_core.package_identification:_identify(.) by extension 'python_setup_py'
[0.305s] Level 1:colcon.colcon_core.package_identification:_identify(Desktop) by extensions ['ignore', 'ignore_ament_install']
[0.305s] Level 1:colcon.colcon_core.package_identification:_identify(Desktop) by extension 'ignore'
[0.305s] Level 1:colcon.colcon_core.package_identification:_identify(Desktop) by extension 'ignore_ament_install'
[0.305s] Level 1:colcon.colcon_core.package_identification:_identify(Desktop) by extensions ['colcon_pkg']
[0.305s] Level 1:colcon.colcon_core.package_identification:_identify(Desktop) by extension 'colcon_pkg'
[0.305s] Level 1:colcon.colcon_core.package_identification:_identify(Desktop) by extensions ['colcon_meta']
[0.305s] Level 1:colcon.colcon_core.package_identification:_identify(Desktop) by extension 'colcon_meta'
[0.305s] Level 1:colcon.colcon_core.package_identification:_identify(Desktop) by extensions ['ros']
[0.305s] Level 1:colcon.colcon_core.package_identification:_identify(Desktop) by extension 'ros'
[0.305s] Level 1:colcon.colcon_core.package_identification:_identify(Desktop) by extensions ['cmake', 'python']
[0.306s] Level 1:colcon.colcon_core.package_identification:_identify(Desktop) by extension 'cmake'
[0.306s] Level 1:colcon.colcon_core.package_identification:_identify(Desktop) by extension 'python'
[0.306s] Level 1:colcon.colcon_core.package_identification:_identify(Desktop) by extensions ['python_setup_py']
[0.306s] Level 1:colcon.colcon_core.package_identification:_identify(Desktop) by extension 'python_setup_py'
[0.306s] Level 1:colcon.colcon_core.package_identification:_identify(build) by extensions ['ignore', 'ignore_ament_install']
[0.306s] Level 1:colcon.colcon_core.package_identification:_identify(build) by extension 'ignore'
[0.306s] Level 1:colcon.colcon_core.package_identification:_identify(build) ignored
[0.306s] Level 1:colcon.colcon_core.package_identification:_identify(install) by extensions ['ignore', 'ignore_ament_install']
[0.306s] Level 1:colcon.colcon_core.package_identification:_identify(install) by extension 'ignore'
[0.306s] Level 1:colcon.colcon_core.package_identification:_identify(install) ignored
[0.306s] Level 1:colcon.colcon_core.package_identification:_identify(log) by extensions ['ignore', 'ignore_ament_install']
[0.306s] Level 1:colcon.colcon_core.package_identification:_identify(log) by extension 'ignore'
[0.306s] Level 1:colcon.colcon_core.package_identification:_identify(log) ignored
[0.306s] Level 1:colcon.colcon_core.package_identification:_identify(src) by extensions ['ignore', 'ignore_ament_install']
[0.306s] Level 1:colcon.colcon_core.package_identification:_identify(src) by extension 'ignore'
[0.307s] Level 1:colcon.colcon_core.package_identification:_identify(src) by extension 'ignore_ament_install'
[0.307s] Level 1:colcon.colcon_core.package_identification:_identify(src) by extensions ['colcon_pkg']
[0.307s] Level 1:colcon.colcon_core.package_identification:_identify(src) by extension 'colcon_pkg'
[0.307s] Level 1:colcon.colcon_core.package_identification:_identify(src) by extensions ['colcon_meta']
[0.307s] Level 1:colcon.colcon_core.package_identification:_identify(src) by extension 'colcon_meta'
[0.307s] Level 1:colcon.colcon_core.package_identification:_identify(src) by extensions ['ros']
[0.307s] Level 1:colcon.colcon_core.package_identification:_identify(src) by extension 'ros'
[0.307s] Level 1:colcon.colcon_core.package_identification:_identify(src) by extensions ['cmake', 'python']
[0.307s] Level 1:colcon.colcon_core.package_identification:_identify(src) by extension 'cmake'
[0.307s] Level 1:colcon.colcon_core.package_identification:_identify(src) by extension 'python'
[0.307s] Level 1:colcon.colcon_core.package_identification:_identify(src) by extensions ['python_setup_py']
[0.307s] Level 1:colcon.colcon_core.package_identification:_identify(src) by extension 'python_setup_py'
[0.307s] Level 1:colcon.colcon_core.package_identification:_identify(src/my_py_pkg) by extensions ['ignore', 'ignore_ament_install']
[0.307s] Level 1:colcon.colcon_core.package_identification:_identify(src/my_py_pkg) by extension 'ignore'
[0.307s] Level 1:colcon.colcon_core.package_identification:_identify(src/my_py_pkg) by extension 'ignore_ament_install'
[0.307s] Level 1:colcon.colcon_core.package_identification:_identify(src/my_py_pkg) by extensions ['colcon_pkg']
[0.307s] Level 1:colcon.colcon_core.package_identification:_identify(src/my_py_pkg) by extension 'colcon_pkg'
[0.307s] Level 1:colcon.colcon_core.package_identification:_identify(src/my_py_pkg) by extensions ['colcon_meta']
[0.307s] Level 1:colcon.colcon_core.package_identification:_identify(src/my_py_pkg) by extension 'colcon_meta'
[0.307s] Level 1:colcon.colcon_core.package_identification:_identify(src/my_py_pkg) by extensions ['ros']
[0.308s] Level 1:colcon.colcon_core.package_identification:_identify(src/my_py_pkg) by extension 'ros'
[0.310s] DEBUG:colcon.colcon_core.package_identification:Package 'src/my_py_pkg' with type 'ros.ament_python' and name 'my_py_pkg'
[0.310s] Level 1:colcon.colcon_core.package_identification:_identify(src/pubsub) by extensions ['ignore', 'ignore_ament_install']
[0.310s] Level 1:colcon.colcon_core.package_identification:_identify(src/pubsub) by extension 'ignore'
[0.310s] Level 1:colcon.colcon_core.package_identification:_identify(src/pubsub) by extension 'ignore_ament_install'
[0.310s] Level 1:colcon.colcon_core.package_identification:_identify(src/pubsub) by extensions ['colcon_pkg']
[0.310s] Level 1:colcon.colcon_core.package_identification:_identify(src/pubsub) by extension 'colcon_pkg'
[0.310s] Level 1:colcon.colcon_core.package_identification:_identify(src/pubsub) by extensions ['colcon_meta']
[0.310s] Level 1:colcon.colcon_core.package_identification:_identify(src/pubsub) by extension 'colcon_meta'
[0.310s] Level 1:colcon.colcon_core.package_identification:_identify(src/pubsub) by extensions ['ros']
[0.310s] Level 1:colcon.colcon_core.package_identification:_identify(src/pubsub) by extension 'ros'
[0.311s] DEBUG:colcon.colcon_core.package_identification:Package 'src/pubsub' with type 'ros.ament_python' and name 'pubsub'
[0.311s] Level 1:colcon.colcon_core.package_identification:_identify(src/ros_interfaces) by extensions ['ignore', 'ignore_ament_install']
[0.311s] Level 1:colcon.colcon_core.package_identification:_identify(src/ros_interfaces) by extension 'ignore'
[0.311s] Level 1:colcon.colcon_core.package_identification:_identify(src/ros_interfaces) by extension 'ignore_ament_install'
[0.311s] Level 1:colcon.colcon_core.package_identification:_identify(src/ros_interfaces) by extensions ['colcon_pkg']
[0.311s] Level 1:colcon.colcon_core.package_identification:_identify(src/ros_interfaces) by extension 'colcon_pkg'
[0.311s] Level 1:colcon.colcon_core.package_identification:_identify(src/ros_interfaces) by extensions ['colcon_meta']
[0.311s] Level 1:colcon.colcon_core.package_identification:_identify(src/ros_interfaces) by extension 'colcon_meta'
[0.311s] Level 1:colcon.colcon_core.package_identification:_identify(src/ros_interfaces) by extensions ['ros']
[0.311s] Level 1:colcon.colcon_core.package_identification:_identify(src/ros_interfaces) by extension 'ros'
[0.312s] DEBUG:colcon.colcon_core.package_identification:Package 'src/ros_interfaces' with type 'ros.ament_cmake' and name 'ros_interfaces'
[0.312s] Level 1:colcon.colcon_core.package_identification:_identify(src/srvcli) by extensions ['ignore', 'ignore_ament_install']
[0.312s] Level 1:colcon.colcon_core.package_identification:_identify(src/srvcli) by extension 'ignore'
[0.312s] Level 1:colcon.colcon_core.package_identification:_identify(src/srvcli) by extension 'ignore_ament_install'
[0.312s] Level 1:colcon.colcon_core.package_identification:_identify(src/srvcli) by extensions ['colcon_pkg']
[0.312s] Level 1:colcon.colcon_core.package_identification:_identify(src/srvcli) by extension 'colcon_pkg'
[0.312s] Level 1:colcon.colcon_core.package_identification:_identify(src/srvcli) by extensions ['colcon_meta']
[0.312s] Level 1:colcon.colcon_core.package_identification:_identify(src/srvcli) by extension 'colcon_meta'
[0.312s] Level 1:colcon.colcon_core.package_identification:_identify(src/srvcli) by extensions ['ros']
[0.312s] Level 1:colcon.colcon_core.package_identification:_identify(src/srvcli) by extension 'ros'
[0.313s] DEBUG:colcon.colcon_core.package_identification:Package 'src/srvcli' with type 'ros.ament_python' and name 'srvcli'
[0.313s] Level 1:colcon.colcon_core.package_discovery:discover_packages(recursive) using defaults
[0.313s] Level 1:colcon.colcon_core.package_discovery:discover_packages(ignore) discover
[0.313s] Level 1:colcon.colcon_core.package_discovery:discover_packages(ignore) using defaults
[0.313s] Level 1:colcon.colcon_core.package_discovery:discover_packages(path) discover
[0.313s] Level 1:colcon.colcon_core.package_discovery:discover_packages(path) using defaults
[0.332s] INFO:colcon.colcon_core.package_selection:Skipping not selected package 'my_py_pkg' in 'src/my_py_pkg'
[0.332s] INFO:colcon.colcon_core.package_selection:Skipping not selected package 'pubsub' in 'src/pubsub'
[0.332s] INFO:colcon.colcon_core.package_selection:Skipping not selected package 'srvcli' in 'src/srvcli'
[0.333s] Level 5:colcon.colcon_core.verb:set package 'ros_interfaces' build argument 'cmake_args' from command line to 'None'
[0.333s] Level 5:colcon.colcon_core.verb:set package 'ros_interfaces' build argument 'cmake_target' from command line to 'None'
[0.333s] Level 5:colcon.colcon_core.verb:set package 'ros_interfaces' build argument 'cmake_target_skip_unavailable' from command line to 'False'
[0.333s] Level 5:colcon.colcon_core.verb:set package 'ros_interfaces' build argument 'cmake_clean_cache' from command line to 'False'
[0.333s] Level 5:colcon.colcon_core.verb:set package 'ros_interfaces' build argument 'cmake_clean_first' from command line to 'False'
[0.333s] Level 5:colcon.colcon_core.verb:set package 'ros_interfaces' build argument 'cmake_force_configure' from command line to 'False'
[0.333s] Level 5:colcon.colcon_core.verb:set package 'ros_interfaces' build argument 'ament_cmake_args' from command line to 'None'
[0.333s] Level 5:colcon.colcon_core.verb:set package 'ros_interfaces' build argument 'catkin_cmake_args' from command line to 'None'
[0.333s] Level 5:colcon.colcon_core.verb:set package 'ros_interfaces' build argument 'catkin_skip_building_tests' from command line to 'False'
[0.333s] DEBUG:colcon.colcon_core.verb:Building package 'ros_interfaces' with the following arguments: {'ament_cmake_args': None, 'build_base': '/workspace/build/ros_interfaces', 'catkin_cmake_args': None, 'catkin_skip_building_tests': False, 'cmake_args': None, 'cmake_clean_cache': False, 'cmake_clean_first': False, 'cmake_force_configure': False, 'cmake_target': None, 'cmake_target_skip_unavailable': False, 'install_base': '/workspace/install/ros_interfaces', 'merge_install': False, 'path': '/workspace/src/ros_interfaces', 'symlink_install': False, 'test_result_base': None}
[0.334s] INFO:colcon.colcon_core.executor:Executing jobs using 'parallel' executor
[0.336s] DEBUG:colcon.colcon_parallel_executor.executor.parallel:run_until_complete
[0.336s] INFO:colcon.colcon_ros.task.ament_cmake.build:Building ROS package in '/workspace/src/ros_interfaces' with build type 'ament_cmake'
[0.336s] INFO:colcon.colcon_cmake.task.cmake.build:Building CMake package in '/workspace/src/ros_interfaces'
[0.340s] INFO:colcon.colcon_core.plugin_system:Skipping extension 'colcon_core.shell.bat': Not used on non-Windows systems
[0.340s] INFO:colcon.colcon_core.shell:Skip shell extension 'powershell' for command environment: Not usable outside of PowerShell
[0.340s] DEBUG:colcon.colcon_core.shell:Skip shell extension 'dsv' for command environment
[0.352s] DEBUG:colcon.colcon_core.event_handler.log_command:Invoking command in '/workspace/build/ros_interfaces': CMAKE_PREFIX_PATH=${CMAKE_PREFIX_PATH}:/workspace/install/srvcli:/workspace/install/pubsub:/workspace/install/my_py_pkg:/workspace/install/my_package:/opt/ros/humble /usr/bin/cmake --build /workspace/build/ros_interfaces -- -j12 -l12
[6.299s] DEBUG:colcon.colcon_core.event_handler.log_command:Invoked command in '/workspace/build/ros_interfaces' returned '0': CMAKE_PREFIX_PATH=${CMAKE_PREFIX_PATH}:/workspace/install/srvcli:/workspace/install/pubsub:/workspace/install/my_py_pkg:/workspace/install/my_package:/opt/ros/humble /usr/bin/cmake --build /workspace/build/ros_interfaces -- -j12 -l12
[6.436s] DEBUG:colcon.colcon_core.event_handler.log_command:Invoking command in '/workspace/build/ros_interfaces': CMAKE_PREFIX_PATH=${CMAKE_PREFIX_PATH}:/workspace/install/srvcli:/workspace/install/pubsub:/workspace/install/my_py_pkg:/workspace/install/my_package:/opt/ros/humble /usr/bin/cmake --install /workspace/build/ros_interfaces
[6.534s] Level 1:colcon.colcon_core.environment:create_environment_scripts_only(ros_interfaces)
[6.535s] DEBUG:colcon.colcon_core.event_handler.log_command:Invoked command in '/workspace/build/ros_interfaces' returned '0': CMAKE_PREFIX_PATH=${CMAKE_PREFIX_PATH}:/workspace/install/srvcli:/workspace/install/pubsub:/workspace/install/my_py_pkg:/workspace/install/my_package:/opt/ros/humble /usr/bin/cmake --install /workspace/build/ros_interfaces
[6.541s] Level 1:colcon.colcon_core.environment:checking '/workspace/install/ros_interfaces' for CMake module files
[6.542s] Level 1:colcon.colcon_core.environment:checking '/workspace/install/ros_interfaces' for CMake config files
[6.543s] Level 1:colcon.colcon_core.shell:create_environment_hook('ros_interfaces', 'cmake_prefix_path')
[6.544s] INFO:colcon.colcon_core.shell:Creating environment hook '/workspace/install/ros_interfaces/share/ros_interfaces/hook/cmake_prefix_path.ps1'
[6.544s] INFO:colcon.colcon_core.shell:Creating environment descriptor '/workspace/install/ros_interfaces/share/ros_interfaces/hook/cmake_prefix_path.dsv'
[6.545s] INFO:colcon.colcon_core.shell:Creating environment hook '/workspace/install/ros_interfaces/share/ros_interfaces/hook/cmake_prefix_path.sh'
[6.546s] Level 1:colcon.colcon_core.environment:checking '/workspace/install/ros_interfaces/lib'
[6.546s] Level 1:colcon.colcon_core.shell:create_environment_hook('ros_interfaces', 'ld_library_path_lib')
[6.547s] INFO:colcon.colcon_core.shell:Creating environment hook '/workspace/install/ros_interfaces/share/ros_interfaces/hook/ld_library_path_lib.ps1'
[6.548s] INFO:colcon.colcon_core.shell:Creating environment descriptor '/workspace/install/ros_interfaces/share/ros_interfaces/hook/ld_library_path_lib.dsv'
[6.548s] INFO:colcon.colcon_core.shell:Creating environment hook '/workspace/install/ros_interfaces/share/ros_interfaces/hook/ld_library_path_lib.sh'
[6.548s] Level 1:colcon.colcon_core.environment:checking '/workspace/install/ros_interfaces/bin'
[6.548s] Level 1:colcon.colcon_core.environment:checking '/workspace/install/ros_interfaces/lib/pkgconfig/ros_interfaces.pc'
[6.551s] Level 1:colcon.colcon_core.environment:checking '/workspace/install/ros_interfaces/lib/python3.10/site-packages'
[6.551s] Level 1:colcon.colcon_core.environment:checking '/workspace/install/ros_interfaces/bin'
[6.552s] INFO:colcon.colcon_core.shell:Creating package script '/workspace/install/ros_interfaces/share/ros_interfaces/package.ps1'
[6.553s] INFO:colcon.colcon_core.shell:Creating package descriptor '/workspace/install/ros_interfaces/share/ros_interfaces/package.dsv'
[6.554s] INFO:colcon.colcon_core.shell:Creating package script '/workspace/install/ros_interfaces/share/ros_interfaces/package.sh'
[6.555s] INFO:colcon.colcon_core.shell:Creating package script '/workspace/install/ros_interfaces/share/ros_interfaces/package.bash'
[6.556s] INFO:colcon.colcon_core.shell:Creating package script '/workspace/install/ros_interfaces/share/ros_interfaces/package.zsh'
[6.558s] Level 1:colcon.colcon_core.environment:create_file_with_runtime_dependencies(/workspace/install/ros_interfaces/share/colcon-core/packages/ros_interfaces)
[6.706s] Level 1:colcon.colcon_core.environment:create_environment_scripts_only(ros_interfaces)
[6.707s] Level 1:colcon.colcon_core.environment:checking '/workspace/install/ros_interfaces' for CMake module files
[6.708s] Level 1:colcon.colcon_core.environment:checking '/workspace/install/ros_interfaces' for CMake config files
[6.708s] Level 1:colcon.colcon_core.shell:create_environment_hook('ros_interfaces', 'cmake_prefix_path')
[6.709s] INFO:colcon.colcon_core.shell:Creating environment hook '/workspace/install/ros_interfaces/share/ros_interfaces/hook/cmake_prefix_path.ps1'
[6.710s] INFO:colcon.colcon_core.shell:Creating environment descriptor '/workspace/install/ros_interfaces/share/ros_interfaces/hook/cmake_prefix_path.dsv'
[6.710s] INFO:colcon.colcon_core.shell:Creating environment hook '/workspace/install/ros_interfaces/share/ros_interfaces/hook/cmake_prefix_path.sh'
[6.710s] Level 1:colcon.colcon_core.environment:checking '/workspace/install/ros_interfaces/lib'
[6.710s] Level 1:colcon.colcon_core.shell:create_environment_hook('ros_interfaces', 'ld_library_path_lib')
[6.711s] INFO:colcon.colcon_core.shell:Creating environment hook '/workspace/install/ros_interfaces/share/ros_interfaces/hook/ld_library_path_lib.ps1'
[6.712s] INFO:colcon.colcon_core.shell:Creating environment descriptor '/workspace/install/ros_interfaces/share/ros_interfaces/hook/ld_library_path_lib.dsv'
[6.712s] INFO:colcon.colcon_core.shell:Creating environment hook '/workspace/install/ros_interfaces/share/ros_interfaces/hook/ld_library_path_lib.sh'
[6.712s] Level 1:colcon.colcon_core.environment:checking '/workspace/install/ros_interfaces/bin'
[6.712s] Level 1:colcon.colcon_core.environment:checking '/workspace/install/ros_interfaces/lib/pkgconfig/ros_interfaces.pc'
[6.713s] Level 1:colcon.colcon_core.environment:checking '/workspace/install/ros_interfaces/lib/python3.10/site-packages'
[6.713s] Level 1:colcon.colcon_core.environment:checking '/workspace/install/ros_interfaces/bin'
[6.714s] INFO:colcon.colcon_core.shell:Creating package script '/workspace/install/ros_interfaces/share/ros_interfaces/package.ps1'
[6.714s] INFO:colcon.colcon_core.shell:Creating package descriptor '/workspace/install/ros_interfaces/share/ros_interfaces/package.dsv'
[6.715s] INFO:colcon.colcon_core.shell:Creating package script '/workspace/install/ros_interfaces/share/ros_interfaces/package.sh'
[6.715s] INFO:colcon.colcon_core.shell:Creating package script '/workspace/install/ros_interfaces/share/ros_interfaces/package.bash'
[6.716s] INFO:colcon.colcon_core.shell:Creating package script '/workspace/install/ros_interfaces/share/ros_interfaces/package.zsh'
[6.716s] Level 1:colcon.colcon_core.environment:create_file_with_runtime_dependencies(/workspace/install/ros_interfaces/share/colcon-core/packages/ros_interfaces)
[6.716s] DEBUG:colcon.colcon_parallel_executor.executor.parallel:closing loop
[6.717s] DEBUG:colcon.colcon_parallel_executor.executor.parallel:loop closed
[6.717s] DEBUG:colcon.colcon_parallel_executor.executor.parallel:run_until_complete finished with '0'
[6.717s] DEBUG:colcon.colcon_core.event_reactor:joining thread
[6.725s] INFO:colcon.colcon_core.plugin_system:Skipping extension 'colcon_notification.desktop_notification.notify_send': Could not find 'notify-send'
[6.726s] INFO:colcon.colcon_core.plugin_system:Skipping extension 'colcon_notification.desktop_notification.terminal_notifier': Not used on non-Darwin systems
[6.726s] INFO:colcon.colcon_core.plugin_system:Skipping extension 'colcon_notification.desktop_notification.win32': Not used on non-Windows systems
[6.726s] INFO:colcon.colcon_notification.desktop_notification:Sending desktop notification using 'notify2'
[6.729s] DEBUG:colcon.colcon_notification.desktop_notification.notify2:Failed to initialize notify2: org.freedesktop.DBus.Error.Spawn.ExecFailed: /usr/bin/dbus-launch terminated abnormally without any error message
[6.730s] DEBUG:colcon.colcon_core.event_reactor:joined thread
[6.732s] INFO:colcon.colcon_core.shell:Creating prefix script '/workspace/install/local_setup.ps1'
[6.733s] INFO:colcon.colcon_core.shell:Creating prefix util module '/workspace/install/_local_setup_util_ps1.py'
[6.735s] INFO:colcon.colcon_core.shell:Creating prefix chain script '/workspace/install/setup.ps1'
[6.736s] INFO:colcon.colcon_core.shell:Creating prefix script '/workspace/install/local_setup.sh'
[6.737s] INFO:colcon.colcon_core.shell:Creating prefix util module '/workspace/install/_local_setup_util_sh.py'
[6.738s] INFO:colcon.colcon_core.shell:Creating prefix chain script '/workspace/install/setup.sh'
[6.740s] INFO:colcon.colcon_core.shell:Creating prefix script '/workspace/install/local_setup.bash'
[6.741s] INFO:colcon.colcon_core.shell:Creating prefix chain script '/workspace/install/setup.bash'
[6.743s] INFO:colcon.colcon_core.shell:Creating prefix script '/workspace/install/local_setup.zsh'
[6.744s] INFO:colcon.colcon_core.shell:Creating prefix chain script '/workspace/install/setup.zsh'
