[0.692s] Invoking command in '/workspace/src/inverse_kinematics': PYTHONPATH=/workspace/build/inverse_kinematics/prefix_override:/workspace/install/inverse_kinematics/lib/python3.10/site-packages:${PYTHONPATH} /usr/bin/python3 setup.py egg_info --egg-base ../../build/inverse_kinematics build --build-base /workspace/build/inverse_kinematics/build install --record /workspace/build/inverse_kinematics/install.log --single-version-externally-managed
[0.966s] running egg_info
[0.967s] writing ../../build/inverse_kinematics/inverse_kinematics.egg-info/PKG-INFO
[0.967s] writing dependency_links to ../../build/inverse_kinematics/inverse_kinematics.egg-info/dependency_links.txt
[0.967s] writing entry points to ../../build/inverse_kinematics/inverse_kinematics.egg-info/entry_points.txt
[0.968s] writing requirements to ../../build/inverse_kinematics/inverse_kinematics.egg-info/requires.txt
[0.968s] writing top-level names to ../../build/inverse_kinematics/inverse_kinematics.egg-info/top_level.txt
[0.970s] reading manifest file '../../build/inverse_kinematics/inverse_kinematics.egg-info/SOURCES.txt'
[0.971s] writing manifest file '../../build/inverse_kinematics/inverse_kinematics.egg-info/SOURCES.txt'
[0.972s] running build
[0.972s] running build_py
[0.972s] copying inverse_kinematics/serv.py -> /workspace/build/inverse_kinematics/build/lib/inverse_kinematics
[0.972s] copying inverse_kinematics/client.py -> /workspace/build/inverse_kinematics/build/lib/inverse_kinematics
[0.972s] running install
[0.973s] /usr/lib/python3/dist-packages/setuptools/command/install.py:34: SetuptoolsDeprecationWarning: setup.py install is deprecated. Use build and pip and other standards-based tools.
[0.973s]   warnings.warn(
[0.973s] running install_lib
[0.974s] copying /workspace/build/inverse_kinematics/build/lib/inverse_kinematics/serv.py -> /workspace/install/inverse_kinematics/lib/python3.10/site-packages/inverse_kinematics
[0.974s] copying /workspace/build/inverse_kinematics/build/lib/inverse_kinematics/client.py -> /workspace/install/inverse_kinematics/lib/python3.10/site-packages/inverse_kinematics
[0.975s] byte-compiling /workspace/install/inverse_kinematics/lib/python3.10/site-packages/inverse_kinematics/serv.py to serv.cpython-310.pyc
[0.975s] byte-compiling /workspace/install/inverse_kinematics/lib/python3.10/site-packages/inverse_kinematics/client.py to client.cpython-310.pyc
[0.975s]   File "/workspace/install/inverse_kinematics/lib/python3.10/site-packages/inverse_kinematics/serv.py", line 17
[0.976s]     theta1 = # Perform your calculations here based on goal_msg.x, goal_msg.y, goal_msg.l1, goal_msg.l2
[0.976s]              ^^^^^^^^^^^^^^^^^^^^^^^^^^^^^^^^^^^^^^^^^^^^^^^^^^^^^^^^^^^^^^^^^^^^^^^^^^^^^^^^^^^^^^^^^^
[0.976s] SyntaxError: invalid syntax
[0.976s] 
[0.976s]   File "/workspace/install/inverse_kinematics/lib/python3.10/site-packages/inverse_kinematics/client.py", line 28
[0.976s]     theta1 = # Perform your calculations here based on feedback1 and feedback2
[0.977s]              ^^^^^^^^^^^^^^^^^^^^^^^^^^^^^^^^^^^^^^^^^^^^^^^^^^^^^^^^^^^^^^^^^
[0.977s] SyntaxError: invalid syntax
[0.977s] 
[0.977s] running install_data
[0.977s] running install_egg_info
[0.978s] removing '/workspace/install/inverse_kinematics/lib/python3.10/site-packages/inverse_kinematics-0.0.0-py3.10.egg-info' (and everything under it)
[0.978s] Copying ../../build/inverse_kinematics/inverse_kinematics.egg-info to /workspace/install/inverse_kinematics/lib/python3.10/site-packages/inverse_kinematics-0.0.0-py3.10.egg-info
[0.979s] running install_scripts
[1.006s] Installing client script to /workspace/install/inverse_kinematics/lib/inverse_kinematics
[1.006s] Installing server script to /workspace/install/inverse_kinematics/lib/inverse_kinematics
[1.007s] writing list of installed files to '/workspace/build/inverse_kinematics/install.log'
[1.037s] Invoked command in '/workspace/src/inverse_kinematics' returned '0': PYTHONPATH=/workspace/build/inverse_kinematics/prefix_override:/workspace/install/inverse_kinematics/lib/python3.10/site-packages:${PYTHONPATH} /usr/bin/python3 setup.py egg_info --egg-base ../../build/inverse_kinematics build --build-base /workspace/build/inverse_kinematics/build install --record /workspace/build/inverse_kinematics/install.log --single-version-externally-managed
