[0.148s] Invoking command in '/workspace/src/build/irb1200_ros2_moveit2': AMENT_PREFIX_PATH=/workspace/src/install/ros2_data:${AMENT_PREFIX_PATH} CMAKE_PREFIX_PATH=/workspace/src/install/ros2_data:/workspace/src/install/lakme_ros:/workspace/install/lakme_ros:/opt/ros/humble LD_LIBRARY_PATH=/workspace/src/install/ros2_data/lib:${LD_LIBRARY_PATH} PYTHONPATH=/workspace/src/install/ros2_data/local/lib/python3.10/dist-packages:${PYTHONPATH} /usr/bin/cmake /workspace/src/ros2_RobotSimulation/ABBRobots/IRB1200/irb1200_ros2_moveit2 -DCMAKE_INSTALL_PREFIX=/workspace/src/install/irb1200_ros2_moveit2
[0.294s] -- The C compiler identification is GNU 11.3.0
[0.429s] -- The CXX compiler identification is GNU 11.3.0
[0.446s] -- Detecting C compiler ABI info
[0.597s] -- Detecting C compiler ABI info - done
[0.617s] -- Check for working C compiler: /usr/bin/cc - skipped
[0.618s] -- Detecting C compile features
[0.619s] -- Detecting C compile features - done
[0.627s] -- Detecting CXX compiler ABI info
[0.802s] -- Detecting CXX compiler ABI info - done
[0.826s] -- Check for working CXX compiler: /usr/bin/c++ - skipped
[0.826s] -- Detecting CXX compile features
[0.834s] -- Detecting CXX compile features - done
[0.837s] -- Found ament_cmake: 1.3.4 (/opt/ros/humble/share/ament_cmake/cmake)
[1.246s] -- Found Python3: /usr/bin/python3.10 (found version "3.10.6") found components: Interpreter 
[1.521s] -- Found ament_lint_auto: 0.12.6 (/opt/ros/humble/share/ament_lint_auto/cmake)
[1.704s] -- Added test 'copyright' to check source files copyright and LICENSE
[1.704s] -- Added test 'flake8' to check Python code syntax and style conventions
[1.704s] -- Added test 'lint_cmake' to check CMake code style
[1.706s] -- Added test 'pep257' to check Python code against some of the docstring style conventions in PEP 257
[1.708s] -- Added test 'xmllint' to check XML markup files
[1.710s] -- Configuring done
[1.716s] -- Generating done
[1.717s] -- Build files have been written to: /workspace/src/build/irb1200_ros2_moveit2
[1.728s] Invoked command in '/workspace/src/build/irb1200_ros2_moveit2' returned '0': AMENT_PREFIX_PATH=/workspace/src/install/ros2_data:${AMENT_PREFIX_PATH} CMAKE_PREFIX_PATH=/workspace/src/install/ros2_data:/workspace/src/install/lakme_ros:/workspace/install/lakme_ros:/opt/ros/humble LD_LIBRARY_PATH=/workspace/src/install/ros2_data/lib:${LD_LIBRARY_PATH} PYTHONPATH=/workspace/src/install/ros2_data/local/lib/python3.10/dist-packages:${PYTHONPATH} /usr/bin/cmake /workspace/src/ros2_RobotSimulation/ABBRobots/IRB1200/irb1200_ros2_moveit2 -DCMAKE_INSTALL_PREFIX=/workspace/src/install/irb1200_ros2_moveit2
[1.729s] Invoking command in '/workspace/src/build/irb1200_ros2_moveit2': AMENT_PREFIX_PATH=/workspace/src/install/ros2_data:${AMENT_PREFIX_PATH} CMAKE_PREFIX_PATH=/workspace/src/install/ros2_data:/workspace/src/install/lakme_ros:/workspace/install/lakme_ros:/opt/ros/humble LD_LIBRARY_PATH=/workspace/src/install/ros2_data/lib:${LD_LIBRARY_PATH} PYTHONPATH=/workspace/src/install/ros2_data/local/lib/python3.10/dist-packages:${PYTHONPATH} /usr/bin/cmake --build /workspace/src/build/irb1200_ros2_moveit2 -- -j12 -l12
[1.800s] Invoked command in '/workspace/src/build/irb1200_ros2_moveit2' returned '0': AMENT_PREFIX_PATH=/workspace/src/install/ros2_data:${AMENT_PREFIX_PATH} CMAKE_PREFIX_PATH=/workspace/src/install/ros2_data:/workspace/src/install/lakme_ros:/workspace/install/lakme_ros:/opt/ros/humble LD_LIBRARY_PATH=/workspace/src/install/ros2_data/lib:${LD_LIBRARY_PATH} PYTHONPATH=/workspace/src/install/ros2_data/local/lib/python3.10/dist-packages:${PYTHONPATH} /usr/bin/cmake --build /workspace/src/build/irb1200_ros2_moveit2 -- -j12 -l12
[1.841s] Invoking command in '/workspace/src/build/irb1200_ros2_moveit2': AMENT_PREFIX_PATH=/workspace/src/install/ros2_data:${AMENT_PREFIX_PATH} CMAKE_PREFIX_PATH=/workspace/src/install/ros2_data:/workspace/src/install/lakme_ros:/workspace/install/lakme_ros:/opt/ros/humble LD_LIBRARY_PATH=/workspace/src/install/ros2_data/lib:${LD_LIBRARY_PATH} PYTHONPATH=/workspace/src/install/ros2_data/local/lib/python3.10/dist-packages:${PYTHONPATH} /usr/bin/cmake --install /workspace/src/build/irb1200_ros2_moveit2
[1.854s] -- Install configuration: ""
[1.856s] -- Installing: /workspace/src/install/irb1200_ros2_moveit2/share/irb1200_ros2_moveit2/config
[1.857s] -- Installing: /workspace/src/install/irb1200_ros2_moveit2/share/irb1200_ros2_moveit2/config/ompl_planning.yaml
[1.857s] -- Installing: /workspace/src/install/irb1200_ros2_moveit2/share/irb1200_ros2_moveit2/config/irb1200_controllers.yaml
[1.857s] -- Installing: /workspace/src/install/irb1200_ros2_moveit2/share/irb1200_ros2_moveit2/config/irb1200_moveit2.rviz
[1.861s] -- Installing: /workspace/src/install/irb1200_ros2_moveit2/share/irb1200_ros2_moveit2/config/kinematics.yaml
[1.861s] -- Installing: /workspace/src/install/irb1200_ros2_moveit2/share/irb1200_ros2_moveit2/config/irb1200.srdf
[1.864s] -- Installing: /workspace/src/install/irb1200_ros2_moveit2/share/irb1200_ros2_moveit2/launch
[1.865s] -- Installing: /workspace/src/install/irb1200_ros2_moveit2/share/irb1200_ros2_moveit2/launch/irb1200.launch.py
[1.865s] -- Installing: /workspace/src/install/irb1200_ros2_moveit2/share/irb1200_ros2_moveit2/launch/irb1200_interface.launch.py
[1.865s] -- Installing: /workspace/src/install/irb1200_ros2_moveit2/share/ament_index/resource_index/package_run_dependencies/irb1200_ros2_moveit2
[1.865s] -- Installing: /workspace/src/install/irb1200_ros2_moveit2/share/ament_index/resource_index/parent_prefix_path/irb1200_ros2_moveit2
[1.866s] -- Installing: /workspace/src/install/irb1200_ros2_moveit2/share/irb1200_ros2_moveit2/environment/ament_prefix_path.sh
[1.867s] -- Installing: /workspace/src/install/irb1200_ros2_moveit2/share/irb1200_ros2_moveit2/environment/ament_prefix_path.dsv
[1.867s] -- Installing: /workspace/src/install/irb1200_ros2_moveit2/share/irb1200_ros2_moveit2/environment/path.sh
[1.867s] -- Installing: /workspace/src/install/irb1200_ros2_moveit2/share/irb1200_ros2_moveit2/environment/path.dsv
[1.867s] -- Installing: /workspace/src/install/irb1200_ros2_moveit2/share/irb1200_ros2_moveit2/local_setup.bash
[1.867s] -- Installing: /workspace/src/install/irb1200_ros2_moveit2/share/irb1200_ros2_moveit2/local_setup.sh
[1.868s] -- Installing: /workspace/src/install/irb1200_ros2_moveit2/share/irb1200_ros2_moveit2/local_setup.zsh
[1.868s] -- Installing: /workspace/src/install/irb1200_ros2_moveit2/share/irb1200_ros2_moveit2/local_setup.dsv
[1.869s] -- Installing: /workspace/src/install/irb1200_ros2_moveit2/share/irb1200_ros2_moveit2/package.dsv
[1.869s] -- Installing: /workspace/src/install/irb1200_ros2_moveit2/share/ament_index/resource_index/packages/irb1200_ros2_moveit2
[1.870s] -- Installing: /workspace/src/install/irb1200_ros2_moveit2/share/irb1200_ros2_moveit2/cmake/irb1200_ros2_moveit2Config.cmake
[1.871s] -- Installing: /workspace/src/install/irb1200_ros2_moveit2/share/irb1200_ros2_moveit2/cmake/irb1200_ros2_moveit2Config-version.cmake
[1.873s] -- Installing: /workspace/src/install/irb1200_ros2_moveit2/share/irb1200_ros2_moveit2/package.xml
[1.892s] Invoked command in '/workspace/src/build/irb1200_ros2_moveit2' returned '0': AMENT_PREFIX_PATH=/workspace/src/install/ros2_data:${AMENT_PREFIX_PATH} CMAKE_PREFIX_PATH=/workspace/src/install/ros2_data:/workspace/src/install/lakme_ros:/workspace/install/lakme_ros:/opt/ros/humble LD_LIBRARY_PATH=/workspace/src/install/ros2_data/lib:${LD_LIBRARY_PATH} PYTHONPATH=/workspace/src/install/ros2_data/local/lib/python3.10/dist-packages:${PYTHONPATH} /usr/bin/cmake --install /workspace/src/build/irb1200_ros2_moveit2
