[0.415s] Invoking command in '/workspace/src/build/ros2_grasping': CMAKE_PREFIX_PATH=${CMAKE_PREFIX_PATH}:/opt/ros/humble /usr/bin/cmake /workspace/src/ros2_RobotSimulation/ros2_grasping -DCMAKE_INSTALL_PREFIX=/workspace/src/install/ros2_grasping
[0.549s] -- The C compiler identification is GNU 11.3.0
[0.714s] -- The CXX compiler identification is GNU 11.3.0
[0.735s] -- Detecting C compiler ABI info
[0.902s] -- Detecting C compiler ABI info - done
[0.932s] -- Check for working C compiler: /usr/bin/cc - skipped
[0.932s] -- Detecting C compile features
[0.933s] -- Detecting C compile features - done
[0.948s] -- Detecting CXX compiler ABI info
[1.175s] -- Detecting CXX compiler ABI info - done
[1.199s] -- Check for working CXX compiler: /usr/bin/c++ - skipped
[1.199s] -- Detecting CXX compile features
[1.200s] -- Detecting CXX compile features - done
[1.209s] -- Found ament_cmake: 1.3.4 (/opt/ros/humble/share/ament_cmake/cmake)
[1.574s] -- Found Python3: /usr/bin/python3.10 (found version "3.10.6") found components: Interpreter 
[1.763s] -- Found ament_lint_auto: 0.12.6 (/opt/ros/humble/share/ament_lint_auto/cmake)
[2.022s] -- Found rosidl_default_generators: 1.2.0 (/opt/ros/humble/share/rosidl_default_generators/cmake)
[2.032s] -- Using all available rosidl_typesupport_c: rosidl_typesupport_fastrtps_c;rosidl_typesupport_introspection_c
[2.066s] -- Found rosidl_adapter: 3.1.4 (/opt/ros/humble/share/rosidl_adapter/cmake)
[2.214s] -- Using all available rosidl_typesupport_cpp: rosidl_typesupport_fastrtps_cpp;rosidl_typesupport_introspection_cpp
[3.082s] -- Found ament_cmake_ros: 0.10.0 (/opt/ros/humble/share/ament_cmake_ros/cmake)
[3.500s] -- Using all available rosidl_typesupport_c: rosidl_typesupport_fastrtps_c;rosidl_typesupport_introspection_c
[3.979s] -- Using all available rosidl_typesupport_cpp: rosidl_typesupport_fastrtps_cpp;rosidl_typesupport_introspection_cpp
[4.018s] -- Found PythonInterp: /usr/bin/python3 (found suitable version "3.10.6", minimum required is "3.6") 
[4.024s] -- Found python_cmake_module: 0.10.0 (/opt/ros/humble/share/python_cmake_module/cmake)
[4.066s] -- Found PythonLibs: /usr/lib/x86_64-linux-gnu/libpython3.10.so (found suitable version "3.10.6", minimum required is "3.5") 
[4.066s] -- Using PYTHON_EXECUTABLE: /usr/bin/python3
[4.066s] -- Using PYTHON_INCLUDE_DIRS: /usr/include/python3.10
[4.066s] -- Using PYTHON_LIBRARIES: /usr/lib/x86_64-linux-gnu/libpython3.10.so
[4.095s] -- Found PythonExtra: .so  
[4.173s] -- Added test 'copyright' to check source files copyright and LICENSE
[4.185s] -- Added test 'flake8' to check Python code syntax and style conventions
[4.186s] -- Added test 'lint_cmake' to check CMake code style
[4.187s] -- Added test 'pep257' to check Python code against some of the docstring style conventions in PEP 257
[4.189s] -- Added test 'xmllint' to check XML markup files
[4.198s] -- Configuring done
[4.260s] -- Generating done
[4.264s] -- Build files have been written to: /workspace/src/build/ros2_grasping
[4.276s] Invoked command in '/workspace/src/build/ros2_grasping' returned '0': CMAKE_PREFIX_PATH=${CMAKE_PREFIX_PATH}:/opt/ros/humble /usr/bin/cmake /workspace/src/ros2_RobotSimulation/ros2_grasping -DCMAKE_INSTALL_PREFIX=/workspace/src/install/ros2_grasping
[4.278s] Invoking command in '/workspace/src/build/ros2_grasping': CMAKE_PREFIX_PATH=${CMAKE_PREFIX_PATH}:/opt/ros/humble /usr/bin/cmake --build /workspace/src/build/ros2_grasping -- -j12 -l12
[4.338s] [  3%] [34m[1mGenerating C code for ROS interfaces[0m
[4.351s] [  6%] [34m[1mGenerating C++ code for ROS interfaces[0m
[4.369s] [  6%] Built target ament_cmake_python_copy_ros2_grasping
[4.829s] running egg_info
[4.831s] creating ros2_grasping.egg-info
[4.832s] writing ros2_grasping.egg-info/PKG-INFO
[4.832s] writing dependency_links to ros2_grasping.egg-info/dependency_links.txt
[4.832s] writing top-level names to ros2_grasping.egg-info/top_level.txt
[4.833s] writing manifest file 'ros2_grasping.egg-info/SOURCES.txt'
[4.835s] reading manifest file 'ros2_grasping.egg-info/SOURCES.txt'
[4.836s] writing manifest file 'ros2_grasping.egg-info/SOURCES.txt'
[4.890s] [  6%] Built target ament_cmake_python_build_ros2_grasping_egg
[5.312s] [  6%] Built target ros2_grasping__cpp
[5.328s] [  9%] [34m[1mGenerating C++ type support dispatch for ROS interfaces[0m
[5.329s] [ 12%] [34m[1mGenerating C++ introspection for ROS interfaces[0m
[5.331s] [ 16%] [34m[1mGenerating C++ type support for eProsima Fast-RTPS[0m
[5.388s] [ 19%] [32mBuilding C object CMakeFiles/ros2_grasping__rosidl_generator_c.dir/rosidl_generator_c/ros2_grasping/action/detail/attacher__functions.c.o[0m
[5.693s] [ 22%] [32m[1mLinking C shared library libros2_grasping__rosidl_generator_c.so[0m
[5.783s] [ 22%] Built target ros2_grasping__rosidl_generator_c
[5.846s] [ 25%] [34m[1mGenerating C introspection for ROS interfaces[0m
[5.853s] [ 29%] [34m[1mGenerating C type support for eProsima Fast-RTPS[0m
[5.874s] [ 32%] [34m[1mGenerating C type support dispatch for ROS interfaces[0m
[6.107s] [ 35%] [32mBuilding CXX object CMakeFiles/ros2_grasping__rosidl_typesupport_cpp.dir/rosidl_typesupport_cpp/ros2_grasping/action/attacher__type_support.cpp.o[0m
[6.372s] [ 38%] [32mBuilding CXX object CMakeFiles/ros2_grasping__rosidl_typesupport_introspection_cpp.dir/rosidl_typesupport_introspection_cpp/ros2_grasping/action/detail/attacher__type_support.cpp.o[0m
[6.499s] [ 41%] [32mBuilding CXX object CMakeFiles/ros2_grasping__rosidl_typesupport_fastrtps_cpp.dir/rosidl_typesupport_fastrtps_cpp/ros2_grasping/action/detail/dds_fastrtps/attacher__type_support.cpp.o[0m
[6.984s] [ 45%] [32mBuilding CXX object CMakeFiles/ros2_grasping__rosidl_typesupport_c.dir/rosidl_typesupport_c/ros2_grasping/action/attacher__type_support.cpp.o[0m
[7.284s] [ 48%] [32m[1mLinking CXX shared library libros2_grasping__rosidl_typesupport_c.so[0m
[7.375s] [ 51%] [32mBuilding CXX object CMakeFiles/ros2_grasping__rosidl_typesupport_fastrtps_c.dir/rosidl_typesupport_fastrtps_c/ros2_grasping/action/detail/attacher__type_support_c.cpp.o[0m
[7.388s] [ 54%] [32mBuilding C object CMakeFiles/ros2_grasping__rosidl_typesupport_introspection_c.dir/rosidl_typesupport_introspection_c/ros2_grasping/action/detail/attacher__type_support.c.o[0m
[7.589s] [ 54%] Built target ros2_grasping__rosidl_typesupport_c
[7.647s] [ 58%] [32m[1mLinking C shared library libros2_grasping__rosidl_typesupport_introspection_c.so[0m
[7.807s] [ 61%] [32m[1mLinking CXX shared library libros2_grasping__rosidl_typesupport_cpp.so[0m
[7.860s] [ 61%] Built target ros2_grasping__rosidl_typesupport_introspection_c
[8.070s] [ 61%] Built target ros2_grasping__rosidl_typesupport_cpp
[8.446s] [ 64%] [32m[1mLinking CXX shared library libros2_grasping__rosidl_typesupport_fastrtps_cpp.so[0m
[8.593s] [ 67%] [32m[1mLinking CXX shared library libros2_grasping__rosidl_typesupport_introspection_cpp.so[0m
[8.668s] [ 70%] [32m[1mLinking CXX shared library libros2_grasping__rosidl_typesupport_fastrtps_c.so[0m
[8.824s] [ 70%] Built target ros2_grasping__rosidl_typesupport_fastrtps_cpp
[8.856s] [ 70%] Built target ros2_grasping__rosidl_typesupport_introspection_cpp
[9.169s] [ 70%] Built target ros2_grasping__rosidl_typesupport_fastrtps_c
[9.294s] [ 70%] Built target ros2_grasping
[9.376s] [ 74%] [34m[1mGenerating Python code for ROS interfaces[0m
[11.180s] [ 74%] Built target ros2_grasping__py
[11.217s] [ 77%] [32mBuilding C object CMakeFiles/ros2_grasping__rosidl_generator_py.dir/rosidl_generator_py/ros2_grasping/action/_attacher_s.c.o[0m
[11.542s] [ 80%] [32m[1mLinking C shared library rosidl_generator_py/ros2_grasping/libros2_grasping__rosidl_generator_py.so[0m
[11.620s] [ 80%] Built target ros2_grasping__rosidl_generator_py
[11.666s] [ 83%] [32mBuilding C object CMakeFiles/ros2_grasping__rosidl_typesupport_c__pyext.dir/rosidl_generator_py/ros2_grasping/_ros2_grasping_s.ep.rosidl_typesupport_c.c.o[0m
[11.677s] [ 87%] [32mBuilding C object CMakeFiles/ros2_grasping__rosidl_typesupport_fastrtps_c__pyext.dir/rosidl_generator_py/ros2_grasping/_ros2_grasping_s.ep.rosidl_typesupport_fastrtps_c.c.o[0m
[11.681s] [ 90%] [32mBuilding C object CMakeFiles/ros2_grasping__rosidl_typesupport_introspection_c__pyext.dir/rosidl_generator_py/ros2_grasping/_ros2_grasping_s.ep.rosidl_typesupport_introspection_c.c.o[0m
[11.972s] [ 93%] [32m[1mLinking C shared library rosidl_generator_py/ros2_grasping/ros2_grasping_s__rosidl_typesupport_c.cpython-310-x86_64-linux-gnu.so[0m
[12.008s] [ 96%] [32m[1mLinking C shared library rosidl_generator_py/ros2_grasping/ros2_grasping_s__rosidl_typesupport_introspection_c.cpython-310-x86_64-linux-gnu.so[0m
[12.045s] [100%] [32m[1mLinking C shared library rosidl_generator_py/ros2_grasping/ros2_grasping_s__rosidl_typesupport_fastrtps_c.cpython-310-x86_64-linux-gnu.so[0m
[12.133s] [100%] Built target ros2_grasping__rosidl_typesupport_c__pyext
[12.180s] [100%] Built target ros2_grasping__rosidl_typesupport_introspection_c__pyext
[12.220s] [100%] Built target ros2_grasping__rosidl_typesupport_fastrtps_c__pyext
[12.263s] Invoked command in '/workspace/src/build/ros2_grasping' returned '0': CMAKE_PREFIX_PATH=${CMAKE_PREFIX_PATH}:/opt/ros/humble /usr/bin/cmake --build /workspace/src/build/ros2_grasping -- -j12 -l12
[12.419s] Invoking command in '/workspace/src/build/ros2_grasping': CMAKE_PREFIX_PATH=${CMAKE_PREFIX_PATH}:/opt/ros/humble /usr/bin/cmake --install /workspace/src/build/ros2_grasping
[12.437s] -- Install configuration: ""
[12.437s] -- Installing: /workspace/src/install/ros2_grasping/share/ros2_grasping/urdf
[12.437s] -- Installing: /workspace/src/install/ros2_grasping/share/ros2_grasping/urdf/box.urdf
[12.440s] -- Installing: /workspace/src/install/ros2_grasping/share/ros2_grasping/urdf/pizza.urdf
[12.440s] -- Installing: /workspace/src/install/ros2_grasping/share/ros2_grasping/urdf/team11_bot.urdf
[12.440s] -- Installing: /workspace/src/install/ros2_grasping/share/ament_index/resource_index/rosidl_interfaces/ros2_grasping
[12.441s] -- Installing: /workspace/src/install/ros2_grasping/include/ros2_grasping/ros2_grasping
[12.441s] -- Installing: /workspace/src/install/ros2_grasping/include/ros2_grasping/ros2_grasping/action
[12.441s] -- Installing: /workspace/src/install/ros2_grasping/include/ros2_grasping/ros2_grasping/action/detail
[12.441s] -- Installing: /workspace/src/install/ros2_grasping/include/ros2_grasping/ros2_grasping/action/detail/attacher__struct.h
[12.441s] -- Installing: /workspace/src/install/ros2_grasping/include/ros2_grasping/ros2_grasping/action/detail/attacher__type_support.h
[12.441s] -- Installing: /workspace/src/install/ros2_grasping/include/ros2_grasping/ros2_grasping/action/detail/attacher__functions.h
[12.442s] -- Installing: /workspace/src/install/ros2_grasping/include/ros2_grasping/ros2_grasping/action/detail/attacher__functions.c
[12.442s] -- Installing: /workspace/src/install/ros2_grasping/include/ros2_grasping/ros2_grasping/action/attacher.h
[12.442s] -- Installing: /workspace/src/install/ros2_grasping/include/ros2_grasping/ros2_grasping/msg
[12.442s] -- Installing: /workspace/src/install/ros2_grasping/include/ros2_grasping/ros2_grasping/msg/rosidl_generator_c__visibility_control.h
[12.442s] -- Installing: /workspace/src/install/ros2_grasping/share/ros2_grasping/environment/library_path.sh
[12.442s] -- Installing: /workspace/src/install/ros2_grasping/share/ros2_grasping/environment/library_path.dsv
[12.445s] -- Installing: /workspace/src/install/ros2_grasping/lib/libros2_grasping__rosidl_generator_c.so
[12.445s] -- Set runtime path of "/workspace/src/install/ros2_grasping/lib/libros2_grasping__rosidl_generator_c.so" to ""
[12.445s] -- Up-to-date: /workspace/src/install/ros2_grasping/include/ros2_grasping/ros2_grasping
[12.446s] -- Up-to-date: /workspace/src/install/ros2_grasping/include/ros2_grasping/ros2_grasping/action
[12.446s] -- Up-to-date: /workspace/src/install/ros2_grasping/include/ros2_grasping/ros2_grasping/action/detail
[12.446s] -- Installing: /workspace/src/install/ros2_grasping/include/ros2_grasping/ros2_grasping/action/detail/attacher__rosidl_typesupport_fastrtps_c.h
[12.446s] -- Up-to-date: /workspace/src/install/ros2_grasping/include/ros2_grasping/ros2_grasping/msg
[12.446s] -- Installing: /workspace/src/install/ros2_grasping/include/ros2_grasping/ros2_grasping/msg/rosidl_typesupport_fastrtps_c__visibility_control.h
[12.446s] -- Installing: /workspace/src/install/ros2_grasping/lib/libros2_grasping__rosidl_typesupport_fastrtps_c.so
[12.447s] -- Set runtime path of "/workspace/src/install/ros2_grasping/lib/libros2_grasping__rosidl_typesupport_fastrtps_c.so" to ""
[12.447s] -- Up-to-date: /workspace/src/install/ros2_grasping/include/ros2_grasping/ros2_grasping
[12.447s] -- Up-to-date: /workspace/src/install/ros2_grasping/include/ros2_grasping/ros2_grasping/action
[12.447s] -- Up-to-date: /workspace/src/install/ros2_grasping/include/ros2_grasping/ros2_grasping/action/detail
[12.447s] -- Installing: /workspace/src/install/ros2_grasping/include/ros2_grasping/ros2_grasping/action/detail/attacher__rosidl_typesupport_introspection_c.h
[12.447s] -- Installing: /workspace/src/install/ros2_grasping/include/ros2_grasping/ros2_grasping/action/detail/attacher__type_support.c
[12.447s] -- Up-to-date: /workspace/src/install/ros2_grasping/include/ros2_grasping/ros2_grasping/msg
[12.452s] -- Installing: /workspace/src/install/ros2_grasping/include/ros2_grasping/ros2_grasping/msg/rosidl_typesupport_introspection_c__visibility_control.h
[12.452s] -- Installing: /workspace/src/install/ros2_grasping/lib/libros2_grasping__rosidl_typesupport_introspection_c.so
[12.452s] -- Set runtime path of "/workspace/src/install/ros2_grasping/lib/libros2_grasping__rosidl_typesupport_introspection_c.so" to ""
[12.453s] -- Installing: /workspace/src/install/ros2_grasping/lib/libros2_grasping__rosidl_typesupport_c.so
[12.453s] -- Set runtime path of "/workspace/src/install/ros2_grasping/lib/libros2_grasping__rosidl_typesupport_c.so" to ""
[12.453s] -- Up-to-date: /workspace/src/install/ros2_grasping/include/ros2_grasping/ros2_grasping
[12.453s] -- Up-to-date: /workspace/src/install/ros2_grasping/include/ros2_grasping/ros2_grasping/action
[12.453s] -- Up-to-date: /workspace/src/install/ros2_grasping/include/ros2_grasping/ros2_grasping/action/detail
[12.453s] -- Installing: /workspace/src/install/ros2_grasping/include/ros2_grasping/ros2_grasping/action/detail/attacher__builder.hpp
[12.453s] -- Installing: /workspace/src/install/ros2_grasping/include/ros2_grasping/ros2_grasping/action/detail/attacher__struct.hpp
[12.454s] -- Installing: /workspace/src/install/ros2_grasping/include/ros2_grasping/ros2_grasping/action/detail/attacher__traits.hpp
[12.454s] -- Installing: /workspace/src/install/ros2_grasping/include/ros2_grasping/ros2_grasping/action/attacher.hpp
[12.454s] -- Up-to-date: /workspace/src/install/ros2_grasping/include/ros2_grasping/ros2_grasping
[12.454s] -- Up-to-date: /workspace/src/install/ros2_grasping/include/ros2_grasping/ros2_grasping/action
[12.454s] -- Up-to-date: /workspace/src/install/ros2_grasping/include/ros2_grasping/ros2_grasping/action/detail
[12.455s] -- Installing: /workspace/src/install/ros2_grasping/include/ros2_grasping/ros2_grasping/action/detail/attacher__rosidl_typesupport_fastrtps_cpp.hpp
[12.455s] -- Installing: /workspace/src/install/ros2_grasping/include/ros2_grasping/ros2_grasping/action/detail/dds_fastrtps
[12.455s] -- Up-to-date: /workspace/src/install/ros2_grasping/include/ros2_grasping/ros2_grasping/msg
[12.455s] -- Installing: /workspace/src/install/ros2_grasping/include/ros2_grasping/ros2_grasping/msg/rosidl_typesupport_fastrtps_cpp__visibility_control.h
[12.455s] -- Installing: /workspace/src/install/ros2_grasping/lib/libros2_grasping__rosidl_typesupport_fastrtps_cpp.so
[12.455s] -- Set runtime path of "/workspace/src/install/ros2_grasping/lib/libros2_grasping__rosidl_typesupport_fastrtps_cpp.so" to ""
[12.456s] -- Up-to-date: /workspace/src/install/ros2_grasping/include/ros2_grasping/ros2_grasping
[12.456s] -- Up-to-date: /workspace/src/install/ros2_grasping/include/ros2_grasping/ros2_grasping/action
[12.457s] -- Up-to-date: /workspace/src/install/ros2_grasping/include/ros2_grasping/ros2_grasping/action/detail
[12.458s] -- Installing: /workspace/src/install/ros2_grasping/include/ros2_grasping/ros2_grasping/action/detail/attacher__rosidl_typesupport_introspection_cpp.hpp
[12.458s] -- Installing: /workspace/src/install/ros2_grasping/include/ros2_grasping/ros2_grasping/action/detail/attacher__type_support.cpp
[12.458s] -- Installing: /workspace/src/install/ros2_grasping/lib/libros2_grasping__rosidl_typesupport_introspection_cpp.so
[12.458s] -- Set runtime path of "/workspace/src/install/ros2_grasping/lib/libros2_grasping__rosidl_typesupport_introspection_cpp.so" to ""
[12.459s] -- Installing: /workspace/src/install/ros2_grasping/lib/libros2_grasping__rosidl_typesupport_cpp.so
[12.459s] -- Set runtime path of "/workspace/src/install/ros2_grasping/lib/libros2_grasping__rosidl_typesupport_cpp.so" to ""
[12.465s] -- Installing: /workspace/src/install/ros2_grasping/share/ros2_grasping/environment/pythonpath.sh
[12.465s] -- Installing: /workspace/src/install/ros2_grasping/share/ros2_grasping/environment/pythonpath.dsv
[12.465s] -- Installing: /workspace/src/install/ros2_grasping/local/lib/python3.10/dist-packages/ros2_grasping-0.0.0-py3.10.egg-info
[12.465s] -- Installing: /workspace/src/install/ros2_grasping/local/lib/python3.10/dist-packages/ros2_grasping-0.0.0-py3.10.egg-info/SOURCES.txt
[12.465s] -- Installing: /workspace/src/install/ros2_grasping/local/lib/python3.10/dist-packages/ros2_grasping-0.0.0-py3.10.egg-info/dependency_links.txt
[12.465s] -- Installing: /workspace/src/install/ros2_grasping/local/lib/python3.10/dist-packages/ros2_grasping-0.0.0-py3.10.egg-info/top_level.txt
[12.465s] -- Installing: /workspace/src/install/ros2_grasping/local/lib/python3.10/dist-packages/ros2_grasping-0.0.0-py3.10.egg-info/PKG-INFO
[12.466s] -- Installing: /workspace/src/install/ros2_grasping/local/lib/python3.10/dist-packages/ros2_grasping
[12.466s] -- Installing: /workspace/src/install/ros2_grasping/local/lib/python3.10/dist-packages/ros2_grasping/action
[12.466s] -- Installing: /workspace/src/install/ros2_grasping/local/lib/python3.10/dist-packages/ros2_grasping/action/_attacher_s.c
[12.466s] -- Installing: /workspace/src/install/ros2_grasping/local/lib/python3.10/dist-packages/ros2_grasping/action/_attacher.py
[12.466s] -- Installing: /workspace/src/install/ros2_grasping/local/lib/python3.10/dist-packages/ros2_grasping/action/__init__.py
[12.466s] -- Installing: /workspace/src/install/ros2_grasping/local/lib/python3.10/dist-packages/ros2_grasping/ros2_grasping_s__rosidl_typesupport_c.cpython-310-x86_64-linux-gnu.so
[12.466s] -- Installing: /workspace/src/install/ros2_grasping/local/lib/python3.10/dist-packages/ros2_grasping/ros2_grasping_s__rosidl_typesupport_introspection_c.cpython-310-x86_64-linux-gnu.so
[12.467s] -- Installing: /workspace/src/install/ros2_grasping/local/lib/python3.10/dist-packages/ros2_grasping/_ros2_grasping_s.ep.rosidl_typesupport_c.c
[12.467s] -- Installing: /workspace/src/install/ros2_grasping/local/lib/python3.10/dist-packages/ros2_grasping/_ros2_grasping_s.ep.rosidl_typesupport_introspection_c.c
[12.467s] -- Installing: /workspace/src/install/ros2_grasping/local/lib/python3.10/dist-packages/ros2_grasping/libros2_grasping__rosidl_generator_py.so
[12.467s] -- Installing: /workspace/src/install/ros2_grasping/local/lib/python3.10/dist-packages/ros2_grasping/ros2_grasping_s__rosidl_typesupport_fastrtps_c.cpython-310-x86_64-linux-gnu.so
[12.467s] -- Installing: /workspace/src/install/ros2_grasping/local/lib/python3.10/dist-packages/ros2_grasping/_ros2_grasping_s.ep.rosidl_typesupport_fastrtps_c.c
[12.467s] -- Installing: /workspace/src/install/ros2_grasping/local/lib/python3.10/dist-packages/ros2_grasping/__init__.py
[12.535s] Listing '/workspace/src/install/ros2_grasping/local/lib/python3.10/dist-packages/ros2_grasping'...
[12.535s] Compiling '/workspace/src/install/ros2_grasping/local/lib/python3.10/dist-packages/ros2_grasping/__init__.py'...
[12.536s] Listing '/workspace/src/install/ros2_grasping/local/lib/python3.10/dist-packages/ros2_grasping/action'...
[12.536s] Compiling '/workspace/src/install/ros2_grasping/local/lib/python3.10/dist-packages/ros2_grasping/action/__init__.py'...
[12.536s] Compiling '/workspace/src/install/ros2_grasping/local/lib/python3.10/dist-packages/ros2_grasping/action/_attacher.py'...
[12.548s] -- Installing: /workspace/src/install/ros2_grasping/local/lib/python3.10/dist-packages/ros2_grasping/ros2_grasping_s__rosidl_typesupport_fastrtps_c.cpython-310-x86_64-linux-gnu.so
[12.548s] -- Set runtime path of "/workspace/src/install/ros2_grasping/local/lib/python3.10/dist-packages/ros2_grasping/ros2_grasping_s__rosidl_typesupport_fastrtps_c.cpython-310-x86_64-linux-gnu.so" to ""
[12.549s] -- Installing: /workspace/src/install/ros2_grasping/local/lib/python3.10/dist-packages/ros2_grasping/ros2_grasping_s__rosidl_typesupport_introspection_c.cpython-310-x86_64-linux-gnu.so
[12.549s] -- Set runtime path of "/workspace/src/install/ros2_grasping/local/lib/python3.10/dist-packages/ros2_grasping/ros2_grasping_s__rosidl_typesupport_introspection_c.cpython-310-x86_64-linux-gnu.so" to ""
[12.550s] -- Installing: /workspace/src/install/ros2_grasping/local/lib/python3.10/dist-packages/ros2_grasping/ros2_grasping_s__rosidl_typesupport_c.cpython-310-x86_64-linux-gnu.so
[12.550s] -- Set runtime path of "/workspace/src/install/ros2_grasping/local/lib/python3.10/dist-packages/ros2_grasping/ros2_grasping_s__rosidl_typesupport_c.cpython-310-x86_64-linux-gnu.so" to ""
[12.551s] -- Installing: /workspace/src/install/ros2_grasping/lib/libros2_grasping__rosidl_generator_py.so
[12.552s] -- Set runtime path of "/workspace/src/install/ros2_grasping/lib/libros2_grasping__rosidl_generator_py.so" to ""
[12.552s] -- Installing: /workspace/src/install/ros2_grasping/share/ros2_grasping/action/Attacher.idl
[12.552s] -- Installing: /workspace/src/install/ros2_grasping/share/ros2_grasping/action/Attacher.action
[12.552s] -- Installing: /workspace/src/install/ros2_grasping/lib/ros2_grasping/attacher_action.py
[12.553s] -- Installing: /workspace/src/install/ros2_grasping/lib/ros2_grasping/spawn_object.py
[12.553s] -- Installing: /workspace/src/install/ros2_grasping/share/ament_index/resource_index/package_run_dependencies/ros2_grasping
[12.553s] -- Installing: /workspace/src/install/ros2_grasping/share/ament_index/resource_index/parent_prefix_path/ros2_grasping
[12.554s] -- Installing: /workspace/src/install/ros2_grasping/share/ros2_grasping/environment/ament_prefix_path.sh
[12.554s] -- Installing: /workspace/src/install/ros2_grasping/share/ros2_grasping/environment/ament_prefix_path.dsv
[12.554s] -- Installing: /workspace/src/install/ros2_grasping/share/ros2_grasping/environment/path.sh
[12.555s] -- Installing: /workspace/src/install/ros2_grasping/share/ros2_grasping/environment/path.dsv
[12.555s] -- Installing: /workspace/src/install/ros2_grasping/share/ros2_grasping/local_setup.bash
[12.556s] -- Installing: /workspace/src/install/ros2_grasping/share/ros2_grasping/local_setup.sh
[12.556s] -- Installing: /workspace/src/install/ros2_grasping/share/ros2_grasping/local_setup.zsh
[12.557s] -- Installing: /workspace/src/install/ros2_grasping/share/ros2_grasping/local_setup.dsv
[12.557s] -- Installing: /workspace/src/install/ros2_grasping/share/ros2_grasping/package.dsv
[12.557s] -- Installing: /workspace/src/install/ros2_grasping/share/ament_index/resource_index/packages/ros2_grasping
[12.559s] -- Installing: /workspace/src/install/ros2_grasping/share/ros2_grasping/cmake/export_ros2_grasping__rosidl_generator_cExport.cmake
[12.559s] -- Installing: /workspace/src/install/ros2_grasping/share/ros2_grasping/cmake/export_ros2_grasping__rosidl_generator_cExport-noconfig.cmake
[12.559s] -- Installing: /workspace/src/install/ros2_grasping/share/ros2_grasping/cmake/export_ros2_grasping__rosidl_typesupport_fastrtps_cExport.cmake
[12.559s] -- Installing: /workspace/src/install/ros2_grasping/share/ros2_grasping/cmake/export_ros2_grasping__rosidl_typesupport_fastrtps_cExport-noconfig.cmake
[12.560s] -- Installing: /workspace/src/install/ros2_grasping/share/ros2_grasping/cmake/ros2_grasping__rosidl_typesupport_introspection_cExport.cmake
[12.560s] -- Installing: /workspace/src/install/ros2_grasping/share/ros2_grasping/cmake/ros2_grasping__rosidl_typesupport_introspection_cExport-noconfig.cmake
[12.560s] -- Installing: /workspace/src/install/ros2_grasping/share/ros2_grasping/cmake/ros2_grasping__rosidl_typesupport_cExport.cmake
[12.560s] -- Installing: /workspace/src/install/ros2_grasping/share/ros2_grasping/cmake/ros2_grasping__rosidl_typesupport_cExport-noconfig.cmake
[12.560s] -- Installing: /workspace/src/install/ros2_grasping/share/ros2_grasping/cmake/export_ros2_grasping__rosidl_generator_cppExport.cmake
[12.561s] -- Installing: /workspace/src/install/ros2_grasping/share/ros2_grasping/cmake/export_ros2_grasping__rosidl_typesupport_fastrtps_cppExport.cmake
[12.561s] -- Installing: /workspace/src/install/ros2_grasping/share/ros2_grasping/cmake/export_ros2_grasping__rosidl_typesupport_fastrtps_cppExport-noconfig.cmake
[12.561s] -- Installing: /workspace/src/install/ros2_grasping/share/ros2_grasping/cmake/ros2_grasping__rosidl_typesupport_introspection_cppExport.cmake
[12.561s] -- Installing: /workspace/src/install/ros2_grasping/share/ros2_grasping/cmake/ros2_grasping__rosidl_typesupport_introspection_cppExport-noconfig.cmake
[12.561s] -- Installing: /workspace/src/install/ros2_grasping/share/ros2_grasping/cmake/ros2_grasping__rosidl_typesupport_cppExport.cmake
[12.562s] -- Installing: /workspace/src/install/ros2_grasping/share/ros2_grasping/cmake/ros2_grasping__rosidl_typesupport_cppExport-noconfig.cmake
[12.562s] -- Installing: /workspace/src/install/ros2_grasping/share/ros2_grasping/cmake/export_ros2_grasping__rosidl_generator_pyExport.cmake
[12.562s] -- Installing: /workspace/src/install/ros2_grasping/share/ros2_grasping/cmake/export_ros2_grasping__rosidl_generator_pyExport-noconfig.cmake
[12.562s] -- Installing: /workspace/src/install/ros2_grasping/share/ros2_grasping/cmake/rosidl_cmake-extras.cmake
[12.563s] -- Installing: /workspace/src/install/ros2_grasping/share/ros2_grasping/cmake/ament_cmake_export_dependencies-extras.cmake
[12.563s] -- Installing: /workspace/src/install/ros2_grasping/share/ros2_grasping/cmake/ament_cmake_export_include_directories-extras.cmake
[12.563s] -- Installing: /workspace/src/install/ros2_grasping/share/ros2_grasping/cmake/ament_cmake_export_libraries-extras.cmake
[12.563s] -- Installing: /workspace/src/install/ros2_grasping/share/ros2_grasping/cmake/ament_cmake_export_targets-extras.cmake
[12.563s] -- Installing: /workspace/src/install/ros2_grasping/share/ros2_grasping/cmake/rosidl_cmake_export_typesupport_targets-extras.cmake
[12.564s] -- Installing: /workspace/src/install/ros2_grasping/share/ros2_grasping/cmake/rosidl_cmake_export_typesupport_libraries-extras.cmake
[12.565s] -- Installing: /workspace/src/install/ros2_grasping/share/ros2_grasping/cmake/ros2_graspingConfig.cmake
[12.565s] -- Installing: /workspace/src/install/ros2_grasping/share/ros2_grasping/cmake/ros2_graspingConfig-version.cmake
[12.565s] -- Installing: /workspace/src/install/ros2_grasping/share/ros2_grasping/package.xml
[12.573s] Invoked command in '/workspace/src/build/ros2_grasping' returned '0': CMAKE_PREFIX_PATH=${CMAKE_PREFIX_PATH}:/opt/ros/humble /usr/bin/cmake --install /workspace/src/build/ros2_grasping
