[0.916s] Invoking command in '/workspace/build/ros2_mid_actions': CMAKE_PREFIX_PATH=${CMAKE_PREFIX_PATH}:/workspace/install/inverse_kinematics:/workspace/install/srvcli:/workspace/install/pubsub:/workspace/install/my_py_pkg:/workspace/install/my_package:/workspace/install/inv_kine:/opt/ros/humble /usr/bin/cmake --build /workspace/build/ros2_mid_actions -- -j12 -l12
[0.949s] -- Found ament_cmake: 1.3.3 (/opt/ros/humble/share/ament_cmake/cmake)
[1.190s] -- Found ament_lint_auto: 0.12.5 (/opt/ros/humble/share/ament_lint_auto/cmake)
[1.277s] -- Found rosidl_default_generators: 1.2.0 (/opt/ros/humble/share/rosidl_default_generators/cmake)
[1.281s] -- Using all available rosidl_typesupport_c: rosidl_typesupport_fastrtps_c;rosidl_typesupport_introspection_c
[1.285s] -- Found rosidl_adapter: 3.1.4 (/opt/ros/humble/share/rosidl_adapter/cmake)
[1.335s] -- Using all available rosidl_typesupport_cpp: rosidl_typesupport_fastrtps_cpp;rosidl_typesupport_introspection_cpp
[1.929s] -- Found ament_cmake_ros: 0.10.0 (/opt/ros/humble/share/ament_cmake_ros/cmake)
[2.299s] -- Using all available rosidl_typesupport_c: rosidl_typesupport_fastrtps_c;rosidl_typesupport_introspection_c
[2.842s] -- Using all available rosidl_typesupport_cpp: rosidl_typesupport_fastrtps_cpp;rosidl_typesupport_introspection_cpp
[2.873s] -- Found python_cmake_module: 0.10.0 (/opt/ros/humble/share/python_cmake_module/cmake)
[2.917s] -- Using PYTHON_EXECUTABLE: /usr/bin/python3
[2.918s] -- Using PYTHON_INCLUDE_DIRS: /usr/include/python3.10
[2.918s] -- Using PYTHON_LIBRARIES: /usr/lib/x86_64-linux-gnu/libpython3.10.so
[2.971s] -- Added test 'lint_cmake' to check CMake code style
[2.974s] -- Added test 'xmllint' to check XML markup files
[2.981s] -- Configuring done
[3.038s] -- Generating done
[3.042s] -- Build files have been written to: /workspace/build/ros2_mid_actions
[3.072s] [  3%] [34m[1mGenerating C code for ROS interfaces[0m
[3.089s] [  6%] [34m[1mGenerating C++ code for ROS interfaces[0m
[3.109s] [  6%] Built target ament_cmake_python_copy_ros2_mid_actions
[3.437s] running egg_info
[3.439s] writing ros2_mid_actions.egg-info/PKG-INFO
[3.439s] writing dependency_links to ros2_mid_actions.egg-info/dependency_links.txt
[3.440s] writing top-level names to ros2_mid_actions.egg-info/top_level.txt
[3.443s] reading manifest file 'ros2_mid_actions.egg-info/SOURCES.txt'
[3.445s] writing manifest file 'ros2_mid_actions.egg-info/SOURCES.txt'
[3.473s] [  6%] Built target ament_cmake_python_build_ros2_mid_actions_egg
[3.729s] [  6%] Built target ros2_mid_actions__cpp
[3.744s] [ 16%] [34m[1mGenerating C++ type support for eProsima Fast-RTPS[0m
[3.744s] [ 16%] [34m[1mGenerating C++ type support dispatch for ROS interfaces[0m
[3.744s] [ 16%] [34m[1mGenerating C++ introspection for ROS interfaces[0m
[3.744s] [35m[1mConsolidate compiler generated dependencies of target ros2_mid_actions__rosidl_generator_c[0m
[3.759s] [ 19%] [32mBuilding C object CMakeFiles/ros2_mid_actions__rosidl_generator_c.dir/rosidl_generator_c/ros2_mid_actions/action/detail/inverse_kinematics__functions.c.o[0m
[3.940s] [ 22%] [32m[1mLinking C shared library libros2_mid_actions__rosidl_generator_c.so[0m
[3.991s] [ 22%] Built target ros2_mid_actions__rosidl_generator_c
[4.007s] [ 25%] [34m[1mGenerating C type support for eProsima Fast-RTPS[0m
[4.012s] [ 32%] [34m[1mGenerating C introspection for ROS interfaces[0m
[4.013s] [ 32%] [34m[1mGenerating C type support dispatch for ROS interfaces[0m
[4.158s] [35m[1mConsolidate compiler generated dependencies of target ros2_mid_actions__rosidl_typesupport_cpp[0m
[4.185s] [ 35%] [32mBuilding CXX object CMakeFiles/ros2_mid_actions__rosidl_typesupport_cpp.dir/rosidl_typesupport_cpp/ros2_mid_actions/action/inverse_kinematics__type_support.cpp.o[0m
[4.303s] [35m[1mConsolidate compiler generated dependencies of target ros2_mid_actions__rosidl_typesupport_introspection_cpp[0m
[4.332s] [ 38%] [32mBuilding CXX object CMakeFiles/ros2_mid_actions__rosidl_typesupport_introspection_cpp.dir/rosidl_typesupport_introspection_cpp/ros2_mid_actions/action/detail/inverse_kinematics__type_support.cpp.o[0m
[4.511s] [35m[1mConsolidate compiler generated dependencies of target ros2_mid_actions__rosidl_typesupport_fastrtps_cpp[0m
[4.527s] [35m[1mConsolidate compiler generated dependencies of target ros2_mid_actions__rosidl_typesupport_c[0m
[4.541s] [ 41%] [32mBuilding CXX object CMakeFiles/ros2_mid_actions__rosidl_typesupport_fastrtps_cpp.dir/rosidl_typesupport_fastrtps_cpp/ros2_mid_actions/action/detail/dds_fastrtps/inverse_kinematics__type_support.cpp.o[0m
[4.544s] [ 45%] [32mBuilding CXX object CMakeFiles/ros2_mid_actions__rosidl_typesupport_c.dir/rosidl_typesupport_c/ros2_mid_actions/action/inverse_kinematics__type_support.cpp.o[0m
[4.657s] [35m[1mConsolidate compiler generated dependencies of target ros2_mid_actions__rosidl_typesupport_fastrtps_c[0m
[4.660s] [ 48%] [32m[1mLinking CXX shared library libros2_mid_actions__rosidl_typesupport_c.so[0m
[4.684s] [ 51%] [32mBuilding CXX object CMakeFiles/ros2_mid_actions__rosidl_typesupport_fastrtps_c.dir/rosidl_typesupport_fastrtps_c/ros2_mid_actions/action/detail/inverse_kinematics__type_support_c.cpp.o[0m
[4.754s] [ 51%] Built target ros2_mid_actions__rosidl_typesupport_c
[4.791s] [35m[1mConsolidate compiler generated dependencies of target ros2_mid_actions__rosidl_typesupport_introspection_c[0m
[4.816s] [ 54%] [32mBuilding C object CMakeFiles/ros2_mid_actions__rosidl_typesupport_introspection_c.dir/rosidl_typesupport_introspection_c/ros2_mid_actions/action/detail/inverse_kinematics__type_support.c.o[0m
[4.885s] [ 58%] [32m[1mLinking C shared library libros2_mid_actions__rosidl_typesupport_introspection_c.so[0m
[4.940s] [ 58%] Built target ros2_mid_actions__rosidl_typesupport_introspection_c
[5.056s] [ 61%] [32m[1mLinking CXX shared library libros2_mid_actions__rosidl_typesupport_cpp.so[0m
[5.123s] [ 61%] Built target ros2_mid_actions__rosidl_typesupport_cpp
[5.263s] [ 64%] [32m[1mLinking CXX shared library libros2_mid_actions__rosidl_typesupport_introspection_cpp.so[0m
[5.277s] [ 67%] [32m[1mLinking CXX shared library libros2_mid_actions__rosidl_typesupport_fastrtps_c.so[0m
[5.363s] [ 67%] Built target ros2_mid_actions__rosidl_typesupport_introspection_cpp
[5.376s] [ 67%] Built target ros2_mid_actions__rosidl_typesupport_fastrtps_c
[5.380s] [ 70%] [32m[1mLinking CXX shared library libros2_mid_actions__rosidl_typesupport_fastrtps_cpp.so[0m
[5.458s] [ 70%] Built target ros2_mid_actions__rosidl_typesupport_fastrtps_cpp
[5.478s] [ 70%] Built target ros2_mid_actions
[5.508s] [ 74%] [34m[1mGenerating Python code for ROS interfaces[0m
[6.334s] [ 74%] Built target ros2_mid_actions__py
[6.344s] [35m[1mConsolidate compiler generated dependencies of target ros2_mid_actions__rosidl_generator_py[0m
[6.360s] [ 77%] [32mBuilding C object CMakeFiles/ros2_mid_actions__rosidl_generator_py.dir/rosidl_generator_py/ros2_mid_actions/action/_inverse_kinematics_s.c.o[0m
[6.535s] [ 80%] [32m[1mLinking C shared library rosidl_generator_py/ros2_mid_actions/libros2_mid_actions__rosidl_generator_py.so[0m
[6.580s] [ 80%] Built target ros2_mid_actions__rosidl_generator_py
[6.600s] [35m[1mConsolidate compiler generated dependencies of target ros2_mid_actions__rosidl_typesupport_introspection_c__pyext[0m
[6.600s] [35m[1mConsolidate compiler generated dependencies of target ros2_mid_actions__rosidl_typesupport_c__pyext[0m
[6.601s] [35m[1mConsolidate compiler generated dependencies of target ros2_mid_actions__rosidl_typesupport_fastrtps_c__pyext[0m
[6.623s] [ 83%] [32mBuilding C object CMakeFiles/ros2_mid_actions__rosidl_typesupport_c__pyext.dir/rosidl_generator_py/ros2_mid_actions/_ros2_mid_actions_s.ep.rosidl_typesupport_c.c.o[0m
[6.623s] [ 87%] [32mBuilding C object CMakeFiles/ros2_mid_actions__rosidl_typesupport_fastrtps_c__pyext.dir/rosidl_generator_py/ros2_mid_actions/_ros2_mid_actions_s.ep.rosidl_typesupport_fastrtps_c.c.o[0m
[6.624s] [ 90%] [32mBuilding C object CMakeFiles/ros2_mid_actions__rosidl_typesupport_introspection_c__pyext.dir/rosidl_generator_py/ros2_mid_actions/_ros2_mid_actions_s.ep.rosidl_typesupport_introspection_c.c.o[0m
[6.800s] [ 93%] [32m[1mLinking C shared library rosidl_generator_py/ros2_mid_actions/ros2_mid_actions_s__rosidl_typesupport_c.cpython-310-x86_64-linux-gnu.so[0m
[6.800s] [ 96%] [32m[1mLinking C shared library rosidl_generator_py/ros2_mid_actions/ros2_mid_actions_s__rosidl_typesupport_fastrtps_c.cpython-310-x86_64-linux-gnu.so[0m
[6.804s] [100%] [32m[1mLinking C shared library rosidl_generator_py/ros2_mid_actions/ros2_mid_actions_s__rosidl_typesupport_introspection_c.cpython-310-x86_64-linux-gnu.so[0m
[6.857s] [100%] Built target ros2_mid_actions__rosidl_typesupport_fastrtps_c__pyext
[6.857s] [100%] Built target ros2_mid_actions__rosidl_typesupport_c__pyext
[6.859s] [100%] Built target ros2_mid_actions__rosidl_typesupport_introspection_c__pyext
[6.872s] Invoked command in '/workspace/build/ros2_mid_actions' returned '0': CMAKE_PREFIX_PATH=${CMAKE_PREFIX_PATH}:/workspace/install/inverse_kinematics:/workspace/install/srvcli:/workspace/install/pubsub:/workspace/install/my_py_pkg:/workspace/install/my_package:/workspace/install/inv_kine:/opt/ros/humble /usr/bin/cmake --build /workspace/build/ros2_mid_actions -- -j12 -l12
[6.957s] Invoking command in '/workspace/build/ros2_mid_actions': CMAKE_PREFIX_PATH=${CMAKE_PREFIX_PATH}:/workspace/install/inverse_kinematics:/workspace/install/srvcli:/workspace/install/pubsub:/workspace/install/my_py_pkg:/workspace/install/my_package:/workspace/install/inv_kine:/opt/ros/humble /usr/bin/cmake --install /workspace/build/ros2_mid_actions
[6.967s] -- Install configuration: ""
[6.967s] -- Installing: /workspace/install/ros2_mid_actions/share/ament_index/resource_index/rosidl_interfaces/ros2_mid_actions
[6.968s] -- Up-to-date: /workspace/install/ros2_mid_actions/include/ros2_mid_actions/ros2_mid_actions
[6.968s] -- Up-to-date: /workspace/install/ros2_mid_actions/include/ros2_mid_actions/ros2_mid_actions/action
[6.968s] -- Up-to-date: /workspace/install/ros2_mid_actions/include/ros2_mid_actions/ros2_mid_actions/action/detail
[6.968s] -- Up-to-date: /workspace/install/ros2_mid_actions/include/ros2_mid_actions/ros2_mid_actions/action/detail/ik__struct.h
[6.969s] -- Installing: /workspace/install/ros2_mid_actions/include/ros2_mid_actions/ros2_mid_actions/action/detail/inverse_kinematics__type_support.h
[6.969s] -- Up-to-date: /workspace/install/ros2_mid_actions/include/ros2_mid_actions/ros2_mid_actions/action/detail/ik__type_support.h
[6.969s] -- Up-to-date: /workspace/install/ros2_mid_actions/include/ros2_mid_actions/ros2_mid_actions/action/detail/ik__functions.c
[6.969s] -- Installing: /workspace/install/ros2_mid_actions/include/ros2_mid_actions/ros2_mid_actions/action/detail/inverse_kinematics__struct.h
[6.970s] -- Up-to-date: /workspace/install/ros2_mid_actions/include/ros2_mid_actions/ros2_mid_actions/action/detail/ik__functions.h
[6.970s] -- Up-to-date: /workspace/install/ros2_mid_actions/include/ros2_mid_actions/ros2_mid_actions/action/detail/two_r__functions.h
[6.970s] -- Up-to-date: /workspace/install/ros2_mid_actions/include/ros2_mid_actions/ros2_mid_actions/action/detail/two_r__functions.c
[6.970s] -- Up-to-date: /workspace/install/ros2_mid_actions/include/ros2_mid_actions/ros2_mid_actions/action/detail/two_r__type_support.h
[6.970s] -- Installing: /workspace/install/ros2_mid_actions/include/ros2_mid_actions/ros2_mid_actions/action/detail/inverse_kinematics__functions.h
[6.970s] -- Up-to-date: /workspace/install/ros2_mid_actions/include/ros2_mid_actions/ros2_mid_actions/action/detail/two_r__struct.h
[6.970s] -- Installing: /workspace/install/ros2_mid_actions/include/ros2_mid_actions/ros2_mid_actions/action/detail/inverse_kinematics__functions.c
[6.971s] -- Up-to-date: /workspace/install/ros2_mid_actions/include/ros2_mid_actions/ros2_mid_actions/action/ik.h
[6.971s] -- Up-to-date: /workspace/install/ros2_mid_actions/include/ros2_mid_actions/ros2_mid_actions/action/two_r.h
[6.971s] -- Installing: /workspace/install/ros2_mid_actions/include/ros2_mid_actions/ros2_mid_actions/action/inverse_kinematics.h
[6.971s] -- Up-to-date: /workspace/install/ros2_mid_actions/include/ros2_mid_actions/ros2_mid_actions/msg
[6.971s] -- Up-to-date: /workspace/install/ros2_mid_actions/include/ros2_mid_actions/ros2_mid_actions/msg/rosidl_generator_c__visibility_control.h
[6.971s] -- Up-to-date: /workspace/install/ros2_mid_actions/share/ros2_mid_actions/environment/library_path.sh
[6.971s] -- Installing: /workspace/install/ros2_mid_actions/share/ros2_mid_actions/environment/library_path.dsv
[6.972s] -- Installing: /workspace/install/ros2_mid_actions/lib/libros2_mid_actions__rosidl_generator_c.so
[6.972s] -- Set runtime path of "/workspace/install/ros2_mid_actions/lib/libros2_mid_actions__rosidl_generator_c.so" to ""
[6.972s] -- Up-to-date: /workspace/install/ros2_mid_actions/include/ros2_mid_actions/ros2_mid_actions
[6.972s] -- Up-to-date: /workspace/install/ros2_mid_actions/include/ros2_mid_actions/ros2_mid_actions/action
[6.972s] -- Up-to-date: /workspace/install/ros2_mid_actions/include/ros2_mid_actions/ros2_mid_actions/action/detail
[6.973s] -- Installing: /workspace/install/ros2_mid_actions/include/ros2_mid_actions/ros2_mid_actions/action/detail/inverse_kinematics__rosidl_typesupport_fastrtps_c.h
[6.973s] -- Up-to-date: /workspace/install/ros2_mid_actions/include/ros2_mid_actions/ros2_mid_actions/action/detail/ik__rosidl_typesupport_fastrtps_c.h
[6.973s] -- Up-to-date: /workspace/install/ros2_mid_actions/include/ros2_mid_actions/ros2_mid_actions/action/detail/two_r__rosidl_typesupport_fastrtps_c.h
[6.973s] -- Up-to-date: /workspace/install/ros2_mid_actions/include/ros2_mid_actions/ros2_mid_actions/msg
[6.973s] -- Up-to-date: /workspace/install/ros2_mid_actions/include/ros2_mid_actions/ros2_mid_actions/msg/rosidl_typesupport_fastrtps_c__visibility_control.h
[6.973s] -- Installing: /workspace/install/ros2_mid_actions/lib/libros2_mid_actions__rosidl_typesupport_fastrtps_c.so
[6.973s] -- Set runtime path of "/workspace/install/ros2_mid_actions/lib/libros2_mid_actions__rosidl_typesupport_fastrtps_c.so" to ""
[6.974s] -- Up-to-date: /workspace/install/ros2_mid_actions/include/ros2_mid_actions/ros2_mid_actions
[6.974s] -- Up-to-date: /workspace/install/ros2_mid_actions/include/ros2_mid_actions/ros2_mid_actions/action
[6.974s] -- Up-to-date: /workspace/install/ros2_mid_actions/include/ros2_mid_actions/ros2_mid_actions/action/detail
[6.974s] -- Installing: /workspace/install/ros2_mid_actions/include/ros2_mid_actions/ros2_mid_actions/action/detail/inverse_kinematics__rosidl_typesupport_introspection_c.h
[6.974s] -- Up-to-date: /workspace/install/ros2_mid_actions/include/ros2_mid_actions/ros2_mid_actions/action/detail/ik__type_support.c
[6.974s] -- Installing: /workspace/install/ros2_mid_actions/include/ros2_mid_actions/ros2_mid_actions/action/detail/inverse_kinematics__type_support.c
[6.974s] -- Up-to-date: /workspace/install/ros2_mid_actions/include/ros2_mid_actions/ros2_mid_actions/action/detail/two_r__rosidl_typesupport_introspection_c.h
[6.975s] -- Up-to-date: /workspace/install/ros2_mid_actions/include/ros2_mid_actions/ros2_mid_actions/action/detail/two_r__type_support.c
[6.975s] -- Up-to-date: /workspace/install/ros2_mid_actions/include/ros2_mid_actions/ros2_mid_actions/action/detail/ik__rosidl_typesupport_introspection_c.h
[6.975s] -- Up-to-date: /workspace/install/ros2_mid_actions/include/ros2_mid_actions/ros2_mid_actions/msg
[6.975s] -- Up-to-date: /workspace/install/ros2_mid_actions/include/ros2_mid_actions/ros2_mid_actions/msg/rosidl_typesupport_introspection_c__visibility_control.h
[6.975s] -- Installing: /workspace/install/ros2_mid_actions/lib/libros2_mid_actions__rosidl_typesupport_introspection_c.so
[6.976s] -- Set runtime path of "/workspace/install/ros2_mid_actions/lib/libros2_mid_actions__rosidl_typesupport_introspection_c.so" to ""
[6.976s] -- Installing: /workspace/install/ros2_mid_actions/lib/libros2_mid_actions__rosidl_typesupport_c.so
[6.976s] -- Set runtime path of "/workspace/install/ros2_mid_actions/lib/libros2_mid_actions__rosidl_typesupport_c.so" to ""
[6.976s] -- Up-to-date: /workspace/install/ros2_mid_actions/include/ros2_mid_actions/ros2_mid_actions
[6.977s] -- Up-to-date: /workspace/install/ros2_mid_actions/include/ros2_mid_actions/ros2_mid_actions/action
[6.977s] -- Up-to-date: /workspace/install/ros2_mid_actions/include/ros2_mid_actions/ros2_mid_actions/action/detail
[6.977s] -- Up-to-date: /workspace/install/ros2_mid_actions/include/ros2_mid_actions/ros2_mid_actions/action/detail/ik__traits.hpp
[6.977s] -- Up-to-date: /workspace/install/ros2_mid_actions/include/ros2_mid_actions/ros2_mid_actions/action/detail/two_r__struct.hpp
[6.977s] -- Up-to-date: /workspace/install/ros2_mid_actions/include/ros2_mid_actions/ros2_mid_actions/action/detail/ik__builder.hpp
[6.978s] -- Installing: /workspace/install/ros2_mid_actions/include/ros2_mid_actions/ros2_mid_actions/action/detail/inverse_kinematics__builder.hpp
[6.978s] -- Up-to-date: /workspace/install/ros2_mid_actions/include/ros2_mid_actions/ros2_mid_actions/action/detail/two_r__builder.hpp
[6.978s] -- Up-to-date: /workspace/install/ros2_mid_actions/include/ros2_mid_actions/ros2_mid_actions/action/detail/two_r__traits.hpp
[6.978s] -- Installing: /workspace/install/ros2_mid_actions/include/ros2_mid_actions/ros2_mid_actions/action/detail/inverse_kinematics__traits.hpp
[6.978s] -- Installing: /workspace/install/ros2_mid_actions/include/ros2_mid_actions/ros2_mid_actions/action/detail/inverse_kinematics__struct.hpp
[6.978s] -- Up-to-date: /workspace/install/ros2_mid_actions/include/ros2_mid_actions/ros2_mid_actions/action/detail/ik__struct.hpp
[6.979s] -- Up-to-date: /workspace/install/ros2_mid_actions/include/ros2_mid_actions/ros2_mid_actions/action/ik.hpp
[6.979s] -- Installing: /workspace/install/ros2_mid_actions/include/ros2_mid_actions/ros2_mid_actions/action/inverse_kinematics.hpp
[6.979s] -- Up-to-date: /workspace/install/ros2_mid_actions/include/ros2_mid_actions/ros2_mid_actions/action/two_r.hpp
[6.979s] -- Up-to-date: /workspace/install/ros2_mid_actions/include/ros2_mid_actions/ros2_mid_actions
[6.979s] -- Up-to-date: /workspace/install/ros2_mid_actions/include/ros2_mid_actions/ros2_mid_actions/action
[6.980s] -- Up-to-date: /workspace/install/ros2_mid_actions/include/ros2_mid_actions/ros2_mid_actions/action/detail
[6.980s] -- Up-to-date: /workspace/install/ros2_mid_actions/include/ros2_mid_actions/ros2_mid_actions/action/detail/ik__rosidl_typesupport_fastrtps_cpp.hpp
[6.980s] -- Up-to-date: /workspace/install/ros2_mid_actions/include/ros2_mid_actions/ros2_mid_actions/action/detail/dds_fastrtps
[6.980s] -- Installing: /workspace/install/ros2_mid_actions/include/ros2_mid_actions/ros2_mid_actions/action/detail/inverse_kinematics__rosidl_typesupport_fastrtps_cpp.hpp
[6.980s] -- Up-to-date: /workspace/install/ros2_mid_actions/include/ros2_mid_actions/ros2_mid_actions/action/detail/two_r__rosidl_typesupport_fastrtps_cpp.hpp
[6.980s] -- Up-to-date: /workspace/install/ros2_mid_actions/include/ros2_mid_actions/ros2_mid_actions/msg
[6.981s] -- Up-to-date: /workspace/install/ros2_mid_actions/include/ros2_mid_actions/ros2_mid_actions/msg/rosidl_typesupport_fastrtps_cpp__visibility_control.h
[6.981s] -- Installing: /workspace/install/ros2_mid_actions/lib/libros2_mid_actions__rosidl_typesupport_fastrtps_cpp.so
[6.981s] -- Set runtime path of "/workspace/install/ros2_mid_actions/lib/libros2_mid_actions__rosidl_typesupport_fastrtps_cpp.so" to ""
[6.981s] -- Up-to-date: /workspace/install/ros2_mid_actions/include/ros2_mid_actions/ros2_mid_actions
[6.981s] -- Up-to-date: /workspace/install/ros2_mid_actions/include/ros2_mid_actions/ros2_mid_actions/action
[6.982s] -- Up-to-date: /workspace/install/ros2_mid_actions/include/ros2_mid_actions/ros2_mid_actions/action/detail
[6.982s] -- Up-to-date: /workspace/install/ros2_mid_actions/include/ros2_mid_actions/ros2_mid_actions/action/detail/two_r__type_support.cpp
[6.982s] -- Installing: /workspace/install/ros2_mid_actions/include/ros2_mid_actions/ros2_mid_actions/action/detail/inverse_kinematics__type_support.cpp
[6.982s] -- Installing: /workspace/install/ros2_mid_actions/include/ros2_mid_actions/ros2_mid_actions/action/detail/inverse_kinematics__rosidl_typesupport_introspection_cpp.hpp
[6.982s] -- Up-to-date: /workspace/install/ros2_mid_actions/include/ros2_mid_actions/ros2_mid_actions/action/detail/two_r__rosidl_typesupport_introspection_cpp.hpp
[6.982s] -- Up-to-date: /workspace/install/ros2_mid_actions/include/ros2_mid_actions/ros2_mid_actions/action/detail/ik__type_support.cpp
[6.983s] -- Up-to-date: /workspace/install/ros2_mid_actions/include/ros2_mid_actions/ros2_mid_actions/action/detail/ik__rosidl_typesupport_introspection_cpp.hpp
[6.983s] -- Installing: /workspace/install/ros2_mid_actions/lib/libros2_mid_actions__rosidl_typesupport_introspection_cpp.so
[6.983s] -- Set runtime path of "/workspace/install/ros2_mid_actions/lib/libros2_mid_actions__rosidl_typesupport_introspection_cpp.so" to ""
[6.983s] -- Installing: /workspace/install/ros2_mid_actions/lib/libros2_mid_actions__rosidl_typesupport_cpp.so
[6.983s] -- Set runtime path of "/workspace/install/ros2_mid_actions/lib/libros2_mid_actions__rosidl_typesupport_cpp.so" to ""
[6.984s] -- Up-to-date: /workspace/install/ros2_mid_actions/share/ros2_mid_actions/environment/pythonpath.sh
[6.984s] -- Installing: /workspace/install/ros2_mid_actions/share/ros2_mid_actions/environment/pythonpath.dsv
[6.984s] -- Up-to-date: /workspace/install/ros2_mid_actions/local/lib/python3.10/dist-packages/ros2_mid_actions-0.0.0-py3.10.egg-info
[6.984s] -- Installing: /workspace/install/ros2_mid_actions/local/lib/python3.10/dist-packages/ros2_mid_actions-0.0.0-py3.10.egg-info/SOURCES.txt
[6.984s] -- Installing: /workspace/install/ros2_mid_actions/local/lib/python3.10/dist-packages/ros2_mid_actions-0.0.0-py3.10.egg-info/dependency_links.txt
[6.984s] -- Installing: /workspace/install/ros2_mid_actions/local/lib/python3.10/dist-packages/ros2_mid_actions-0.0.0-py3.10.egg-info/top_level.txt
[6.985s] -- Installing: /workspace/install/ros2_mid_actions/local/lib/python3.10/dist-packages/ros2_mid_actions-0.0.0-py3.10.egg-info/PKG-INFO
[6.985s] -- Up-to-date: /workspace/install/ros2_mid_actions/local/lib/python3.10/dist-packages/ros2_mid_actions
[6.985s] -- Up-to-date: /workspace/install/ros2_mid_actions/local/lib/python3.10/dist-packages/ros2_mid_actions/action
[6.985s] -- Up-to-date: /workspace/install/ros2_mid_actions/local/lib/python3.10/dist-packages/ros2_mid_actions/action/_two_r.py
[6.985s] -- Up-to-date: /workspace/install/ros2_mid_actions/local/lib/python3.10/dist-packages/ros2_mid_actions/action/_ik.py
[6.986s] -- Installing: /workspace/install/ros2_mid_actions/local/lib/python3.10/dist-packages/ros2_mid_actions/action/_inverse_kinematics.py
[6.986s] -- Up-to-date: /workspace/install/ros2_mid_actions/local/lib/python3.10/dist-packages/ros2_mid_actions/action/_ik_s.c
[6.986s] -- Installing: /workspace/install/ros2_mid_actions/local/lib/python3.10/dist-packages/ros2_mid_actions/action/_inverse_kinematics_s.c
[6.986s] -- Up-to-date: /workspace/install/ros2_mid_actions/local/lib/python3.10/dist-packages/ros2_mid_actions/action/_two_r_s.c
[6.986s] -- Installing: /workspace/install/ros2_mid_actions/local/lib/python3.10/dist-packages/ros2_mid_actions/action/__init__.py
[6.986s] -- Installing: /workspace/install/ros2_mid_actions/local/lib/python3.10/dist-packages/ros2_mid_actions/libros2_mid_actions__rosidl_generator_py.so
[6.987s] -- Installing: /workspace/install/ros2_mid_actions/local/lib/python3.10/dist-packages/ros2_mid_actions/ros2_mid_actions_s__rosidl_typesupport_c.cpython-310-x86_64-linux-gnu.so
[6.987s] -- Installing: /workspace/install/ros2_mid_actions/local/lib/python3.10/dist-packages/ros2_mid_actions/ros2_mid_actions_s__rosidl_typesupport_introspection_c.cpython-310-x86_64-linux-gnu.so
[6.987s] -- Installing: /workspace/install/ros2_mid_actions/local/lib/python3.10/dist-packages/ros2_mid_actions/_ros2_mid_actions_s.ep.rosidl_typesupport_fastrtps_c.c
[6.987s] -- Installing: /workspace/install/ros2_mid_actions/local/lib/python3.10/dist-packages/ros2_mid_actions/_ros2_mid_actions_s.ep.rosidl_typesupport_introspection_c.c
[6.987s] -- Installing: /workspace/install/ros2_mid_actions/local/lib/python3.10/dist-packages/ros2_mid_actions/__init__.py
[6.987s] -- Installing: /workspace/install/ros2_mid_actions/local/lib/python3.10/dist-packages/ros2_mid_actions/ros2_mid_actions_s__rosidl_typesupport_fastrtps_c.cpython-310-x86_64-linux-gnu.so
[6.987s] -- Installing: /workspace/install/ros2_mid_actions/local/lib/python3.10/dist-packages/ros2_mid_actions/_ros2_mid_actions_s.ep.rosidl_typesupport_c.c
[7.057s] Listing '/workspace/install/ros2_mid_actions/local/lib/python3.10/dist-packages/ros2_mid_actions'...
[7.057s] Compiling '/workspace/install/ros2_mid_actions/local/lib/python3.10/dist-packages/ros2_mid_actions/__init__.py'...
[7.057s] Listing '/workspace/install/ros2_mid_actions/local/lib/python3.10/dist-packages/ros2_mid_actions/action'...
[7.058s] Compiling '/workspace/install/ros2_mid_actions/local/lib/python3.10/dist-packages/ros2_mid_actions/action/__init__.py'...
[7.058s] Compiling '/workspace/install/ros2_mid_actions/local/lib/python3.10/dist-packages/ros2_mid_actions/action/_inverse_kinematics.py'...
[7.063s] -- Installing: /workspace/install/ros2_mid_actions/local/lib/python3.10/dist-packages/ros2_mid_actions/ros2_mid_actions_s__rosidl_typesupport_fastrtps_c.cpython-310-x86_64-linux-gnu.so
[7.063s] -- Set runtime path of "/workspace/install/ros2_mid_actions/local/lib/python3.10/dist-packages/ros2_mid_actions/ros2_mid_actions_s__rosidl_typesupport_fastrtps_c.cpython-310-x86_64-linux-gnu.so" to ""
[7.063s] -- Installing: /workspace/install/ros2_mid_actions/local/lib/python3.10/dist-packages/ros2_mid_actions/ros2_mid_actions_s__rosidl_typesupport_introspection_c.cpython-310-x86_64-linux-gnu.so
[7.064s] -- Set runtime path of "/workspace/install/ros2_mid_actions/local/lib/python3.10/dist-packages/ros2_mid_actions/ros2_mid_actions_s__rosidl_typesupport_introspection_c.cpython-310-x86_64-linux-gnu.so" to ""
[7.064s] -- Installing: /workspace/install/ros2_mid_actions/local/lib/python3.10/dist-packages/ros2_mid_actions/ros2_mid_actions_s__rosidl_typesupport_c.cpython-310-x86_64-linux-gnu.so
[7.065s] -- Set runtime path of "/workspace/install/ros2_mid_actions/local/lib/python3.10/dist-packages/ros2_mid_actions/ros2_mid_actions_s__rosidl_typesupport_c.cpython-310-x86_64-linux-gnu.so" to ""
[7.065s] -- Installing: /workspace/install/ros2_mid_actions/lib/libros2_mid_actions__rosidl_generator_py.so
[7.066s] -- Set runtime path of "/workspace/install/ros2_mid_actions/lib/libros2_mid_actions__rosidl_generator_py.so" to ""
[7.066s] -- Installing: /workspace/install/ros2_mid_actions/share/ros2_mid_actions/action/InverseKinematics.idl
[7.066s] -- Installing: /workspace/install/ros2_mid_actions/share/ros2_mid_actions/action/InverseKinematics.action
[7.067s] -- Up-to-date: /workspace/install/ros2_mid_actions/share/ament_index/resource_index/package_run_dependencies/ros2_mid_actions
[7.067s] -- Up-to-date: /workspace/install/ros2_mid_actions/share/ament_index/resource_index/parent_prefix_path/ros2_mid_actions
[7.067s] -- Up-to-date: /workspace/install/ros2_mid_actions/share/ros2_mid_actions/environment/ament_prefix_path.sh
[7.067s] -- Installing: /workspace/install/ros2_mid_actions/share/ros2_mid_actions/environment/ament_prefix_path.dsv
[7.067s] -- Up-to-date: /workspace/install/ros2_mid_actions/share/ros2_mid_actions/environment/path.sh
[7.068s] -- Installing: /workspace/install/ros2_mid_actions/share/ros2_mid_actions/environment/path.dsv
[7.068s] -- Up-to-date: /workspace/install/ros2_mid_actions/share/ros2_mid_actions/local_setup.bash
[7.068s] -- Up-to-date: /workspace/install/ros2_mid_actions/share/ros2_mid_actions/local_setup.sh
[7.068s] -- Up-to-date: /workspace/install/ros2_mid_actions/share/ros2_mid_actions/local_setup.zsh
[7.068s] -- Installing: /workspace/install/ros2_mid_actions/share/ros2_mid_actions/local_setup.dsv
[7.069s] -- Installing: /workspace/install/ros2_mid_actions/share/ros2_mid_actions/package.dsv
[7.069s] -- Up-to-date: /workspace/install/ros2_mid_actions/share/ament_index/resource_index/packages/ros2_mid_actions
[7.069s] -- Up-to-date: /workspace/install/ros2_mid_actions/share/ros2_mid_actions/cmake/export_ros2_mid_actions__rosidl_generator_cExport.cmake
[7.069s] -- Up-to-date: /workspace/install/ros2_mid_actions/share/ros2_mid_actions/cmake/export_ros2_mid_actions__rosidl_generator_cExport-noconfig.cmake
[7.069s] -- Up-to-date: /workspace/install/ros2_mid_actions/share/ros2_mid_actions/cmake/export_ros2_mid_actions__rosidl_typesupport_fastrtps_cExport.cmake
[7.070s] -- Up-to-date: /workspace/install/ros2_mid_actions/share/ros2_mid_actions/cmake/export_ros2_mid_actions__rosidl_typesupport_fastrtps_cExport-noconfig.cmake
[7.070s] -- Up-to-date: /workspace/install/ros2_mid_actions/share/ros2_mid_actions/cmake/ros2_mid_actions__rosidl_typesupport_introspection_cExport.cmake
[7.070s] -- Up-to-date: /workspace/install/ros2_mid_actions/share/ros2_mid_actions/cmake/ros2_mid_actions__rosidl_typesupport_introspection_cExport-noconfig.cmake
[7.070s] -- Up-to-date: /workspace/install/ros2_mid_actions/share/ros2_mid_actions/cmake/ros2_mid_actions__rosidl_typesupport_cExport.cmake
[7.070s] -- Up-to-date: /workspace/install/ros2_mid_actions/share/ros2_mid_actions/cmake/ros2_mid_actions__rosidl_typesupport_cExport-noconfig.cmake
[7.071s] -- Up-to-date: /workspace/install/ros2_mid_actions/share/ros2_mid_actions/cmake/export_ros2_mid_actions__rosidl_generator_cppExport.cmake
[7.071s] -- Up-to-date: /workspace/install/ros2_mid_actions/share/ros2_mid_actions/cmake/export_ros2_mid_actions__rosidl_typesupport_fastrtps_cppExport.cmake
[7.071s] -- Up-to-date: /workspace/install/ros2_mid_actions/share/ros2_mid_actions/cmake/export_ros2_mid_actions__rosidl_typesupport_fastrtps_cppExport-noconfig.cmake
[7.071s] -- Up-to-date: /workspace/install/ros2_mid_actions/share/ros2_mid_actions/cmake/ros2_mid_actions__rosidl_typesupport_introspection_cppExport.cmake
[7.071s] -- Up-to-date: /workspace/install/ros2_mid_actions/share/ros2_mid_actions/cmake/ros2_mid_actions__rosidl_typesupport_introspection_cppExport-noconfig.cmake
[7.072s] -- Up-to-date: /workspace/install/ros2_mid_actions/share/ros2_mid_actions/cmake/ros2_mid_actions__rosidl_typesupport_cppExport.cmake
[7.072s] -- Up-to-date: /workspace/install/ros2_mid_actions/share/ros2_mid_actions/cmake/ros2_mid_actions__rosidl_typesupport_cppExport-noconfig.cmake
[7.072s] -- Up-to-date: /workspace/install/ros2_mid_actions/share/ros2_mid_actions/cmake/export_ros2_mid_actions__rosidl_generator_pyExport.cmake
[7.072s] -- Up-to-date: /workspace/install/ros2_mid_actions/share/ros2_mid_actions/cmake/export_ros2_mid_actions__rosidl_generator_pyExport-noconfig.cmake
[7.072s] -- Installing: /workspace/install/ros2_mid_actions/share/ros2_mid_actions/cmake/rosidl_cmake-extras.cmake
[7.072s] -- Up-to-date: /workspace/install/ros2_mid_actions/share/ros2_mid_actions/cmake/ament_cmake_export_dependencies-extras.cmake
[7.073s] -- Up-to-date: /workspace/install/ros2_mid_actions/share/ros2_mid_actions/cmake/ament_cmake_export_include_directories-extras.cmake
[7.073s] -- Up-to-date: /workspace/install/ros2_mid_actions/share/ros2_mid_actions/cmake/ament_cmake_export_libraries-extras.cmake
[7.073s] -- Up-to-date: /workspace/install/ros2_mid_actions/share/ros2_mid_actions/cmake/ament_cmake_export_targets-extras.cmake
[7.073s] -- Up-to-date: /workspace/install/ros2_mid_actions/share/ros2_mid_actions/cmake/rosidl_cmake_export_typesupport_targets-extras.cmake
[7.073s] -- Up-to-date: /workspace/install/ros2_mid_actions/share/ros2_mid_actions/cmake/rosidl_cmake_export_typesupport_libraries-extras.cmake
[7.073s] -- Up-to-date: /workspace/install/ros2_mid_actions/share/ros2_mid_actions/cmake/ros2_mid_actionsConfig.cmake
[7.073s] -- Up-to-date: /workspace/install/ros2_mid_actions/share/ros2_mid_actions/cmake/ros2_mid_actionsConfig-version.cmake
[7.073s] -- Up-to-date: /workspace/install/ros2_mid_actions/share/ros2_mid_actions/package.xml
[7.079s] Invoked command in '/workspace/build/ros2_mid_actions' returned '0': CMAKE_PREFIX_PATH=${CMAKE_PREFIX_PATH}:/workspace/install/inverse_kinematics:/workspace/install/srvcli:/workspace/install/pubsub:/workspace/install/my_py_pkg:/workspace/install/my_package:/workspace/install/inv_kine:/opt/ros/humble /usr/bin/cmake --install /workspace/build/ros2_mid_actions
