[0.160s] Invoking command in '/workspace/src/build/cr35ia_ros2_moveit2': AMENT_PREFIX_PATH=/workspace/src/install/ros2_data:${AMENT_PREFIX_PATH} CMAKE_PREFIX_PATH=/workspace/src/install/ros2_data:/workspace/src/install/lakme_ros:/workspace/install/lakme_ros:/opt/ros/humble LD_LIBRARY_PATH=/workspace/src/install/ros2_data/lib:${LD_LIBRARY_PATH} PYTHONPATH=/workspace/src/install/ros2_data/local/lib/python3.10/dist-packages:${PYTHONPATH} /usr/bin/cmake /workspace/src/ros2_RobotSimulation/Fanuc/CR35iA/cr35ia_ros2_moveit2 -DCMAKE_INSTALL_PREFIX=/workspace/src/install/cr35ia_ros2_moveit2
[0.302s] -- The C compiler identification is GNU 11.3.0
[0.444s] -- The CXX compiler identification is GNU 11.3.0
[0.477s] -- Detecting C compiler ABI info
[0.642s] -- Detecting C compiler ABI info - done
[0.658s] -- Check for working C compiler: /usr/bin/cc - skipped
[0.659s] -- Detecting C compile features
[0.659s] -- Detecting C compile features - done
[0.666s] -- Detecting CXX compiler ABI info
[0.857s] -- Detecting CXX compiler ABI info - done
[0.877s] -- Check for working CXX compiler: /usr/bin/c++ - skipped
[0.877s] -- Detecting CXX compile features
[0.878s] -- Detecting CXX compile features - done
[0.887s] -- Found ament_cmake: 1.3.4 (/opt/ros/humble/share/ament_cmake/cmake)
[1.286s] -- Found Python3: /usr/bin/python3.10 (found version "3.10.6") found components: Interpreter 
[1.552s] -- Found ament_lint_auto: 0.12.6 (/opt/ros/humble/share/ament_lint_auto/cmake)
[1.758s] -- Added test 'copyright' to check source files copyright and LICENSE
[1.763s] -- Added test 'flake8' to check Python code syntax and style conventions
[1.764s] -- Added test 'lint_cmake' to check CMake code style
[1.774s] -- Added test 'pep257' to check Python code against some of the docstring style conventions in PEP 257
[1.775s] -- Added test 'xmllint' to check XML markup files
[1.779s] -- Configuring done
[1.780s] -- Generating done
[1.781s] -- Build files have been written to: /workspace/src/build/cr35ia_ros2_moveit2
[1.806s] Invoked command in '/workspace/src/build/cr35ia_ros2_moveit2' returned '0': AMENT_PREFIX_PATH=/workspace/src/install/ros2_data:${AMENT_PREFIX_PATH} CMAKE_PREFIX_PATH=/workspace/src/install/ros2_data:/workspace/src/install/lakme_ros:/workspace/install/lakme_ros:/opt/ros/humble LD_LIBRARY_PATH=/workspace/src/install/ros2_data/lib:${LD_LIBRARY_PATH} PYTHONPATH=/workspace/src/install/ros2_data/local/lib/python3.10/dist-packages:${PYTHONPATH} /usr/bin/cmake /workspace/src/ros2_RobotSimulation/Fanuc/CR35iA/cr35ia_ros2_moveit2 -DCMAKE_INSTALL_PREFIX=/workspace/src/install/cr35ia_ros2_moveit2
[1.806s] Invoking command in '/workspace/src/build/cr35ia_ros2_moveit2': AMENT_PREFIX_PATH=/workspace/src/install/ros2_data:${AMENT_PREFIX_PATH} CMAKE_PREFIX_PATH=/workspace/src/install/ros2_data:/workspace/src/install/lakme_ros:/workspace/install/lakme_ros:/opt/ros/humble LD_LIBRARY_PATH=/workspace/src/install/ros2_data/lib:${LD_LIBRARY_PATH} PYTHONPATH=/workspace/src/install/ros2_data/local/lib/python3.10/dist-packages:${PYTHONPATH} /usr/bin/cmake --build /workspace/src/build/cr35ia_ros2_moveit2 -- -j12 -l12
[1.874s] Invoked command in '/workspace/src/build/cr35ia_ros2_moveit2' returned '0': AMENT_PREFIX_PATH=/workspace/src/install/ros2_data:${AMENT_PREFIX_PATH} CMAKE_PREFIX_PATH=/workspace/src/install/ros2_data:/workspace/src/install/lakme_ros:/workspace/install/lakme_ros:/opt/ros/humble LD_LIBRARY_PATH=/workspace/src/install/ros2_data/lib:${LD_LIBRARY_PATH} PYTHONPATH=/workspace/src/install/ros2_data/local/lib/python3.10/dist-packages:${PYTHONPATH} /usr/bin/cmake --build /workspace/src/build/cr35ia_ros2_moveit2 -- -j12 -l12
[1.955s] Invoking command in '/workspace/src/build/cr35ia_ros2_moveit2': AMENT_PREFIX_PATH=/workspace/src/install/ros2_data:${AMENT_PREFIX_PATH} CMAKE_PREFIX_PATH=/workspace/src/install/ros2_data:/workspace/src/install/lakme_ros:/workspace/install/lakme_ros:/opt/ros/humble LD_LIBRARY_PATH=/workspace/src/install/ros2_data/lib:${LD_LIBRARY_PATH} PYTHONPATH=/workspace/src/install/ros2_data/local/lib/python3.10/dist-packages:${PYTHONPATH} /usr/bin/cmake --install /workspace/src/build/cr35ia_ros2_moveit2
[2.024s] -- Install configuration: ""
[2.024s] -- Installing: /workspace/src/install/cr35ia_ros2_moveit2/share/cr35ia_ros2_moveit2/config
[2.025s] -- Installing: /workspace/src/install/cr35ia_ros2_moveit2/share/cr35ia_ros2_moveit2/config/cr35ia.srdf
[2.033s] -- Installing: /workspace/src/install/cr35ia_ros2_moveit2/share/cr35ia_ros2_moveit2/config/ompl_planning.yaml
[2.033s] -- Installing: /workspace/src/install/cr35ia_ros2_moveit2/share/cr35ia_ros2_moveit2/config/cr35ia_moveit2.rviz
[2.033s] -- Installing: /workspace/src/install/cr35ia_ros2_moveit2/share/cr35ia_ros2_moveit2/config/kinematics.yaml
[2.034s] -- Installing: /workspace/src/install/cr35ia_ros2_moveit2/share/cr35ia_ros2_moveit2/config/cr35ia_controllers.yaml
[2.034s] -- Installing: /workspace/src/install/cr35ia_ros2_moveit2/share/cr35ia_ros2_moveit2/launch
[2.034s] -- Installing: /workspace/src/install/cr35ia_ros2_moveit2/share/cr35ia_ros2_moveit2/launch/cr35ia_interface.launch.py
[2.034s] -- Installing: /workspace/src/install/cr35ia_ros2_moveit2/share/cr35ia_ros2_moveit2/launch/cr35ia.launch.py
[2.034s] -- Installing: /workspace/src/install/cr35ia_ros2_moveit2/share/ament_index/resource_index/package_run_dependencies/cr35ia_ros2_moveit2
[2.035s] -- Installing: /workspace/src/install/cr35ia_ros2_moveit2/share/ament_index/resource_index/parent_prefix_path/cr35ia_ros2_moveit2
[2.035s] -- Installing: /workspace/src/install/cr35ia_ros2_moveit2/share/cr35ia_ros2_moveit2/environment/ament_prefix_path.sh
[2.035s] -- Installing: /workspace/src/install/cr35ia_ros2_moveit2/share/cr35ia_ros2_moveit2/environment/ament_prefix_path.dsv
[2.035s] -- Installing: /workspace/src/install/cr35ia_ros2_moveit2/share/cr35ia_ros2_moveit2/environment/path.sh
[2.035s] -- Installing: /workspace/src/install/cr35ia_ros2_moveit2/share/cr35ia_ros2_moveit2/environment/path.dsv
[2.035s] -- Installing: /workspace/src/install/cr35ia_ros2_moveit2/share/cr35ia_ros2_moveit2/local_setup.bash
[2.036s] -- Installing: /workspace/src/install/cr35ia_ros2_moveit2/share/cr35ia_ros2_moveit2/local_setup.sh
[2.036s] -- Installing: /workspace/src/install/cr35ia_ros2_moveit2/share/cr35ia_ros2_moveit2/local_setup.zsh
[2.036s] -- Installing: /workspace/src/install/cr35ia_ros2_moveit2/share/cr35ia_ros2_moveit2/local_setup.dsv
[2.039s] -- Installing: /workspace/src/install/cr35ia_ros2_moveit2/share/cr35ia_ros2_moveit2/package.dsv
[2.040s] -- Installing: /workspace/src/install/cr35ia_ros2_moveit2/share/ament_index/resource_index/packages/cr35ia_ros2_moveit2
[2.040s] -- Installing: /workspace/src/install/cr35ia_ros2_moveit2/share/cr35ia_ros2_moveit2/cmake/cr35ia_ros2_moveit2Config.cmake
[2.041s] -- Installing: /workspace/src/install/cr35ia_ros2_moveit2/share/cr35ia_ros2_moveit2/cmake/cr35ia_ros2_moveit2Config-version.cmake
[2.041s] -- Installing: /workspace/src/install/cr35ia_ros2_moveit2/share/cr35ia_ros2_moveit2/package.xml
[2.116s] Invoked command in '/workspace/src/build/cr35ia_ros2_moveit2' returned '0': AMENT_PREFIX_PATH=/workspace/src/install/ros2_data:${AMENT_PREFIX_PATH} CMAKE_PREFIX_PATH=/workspace/src/install/ros2_data:/workspace/src/install/lakme_ros:/workspace/install/lakme_ros:/opt/ros/humble LD_LIBRARY_PATH=/workspace/src/install/ros2_data/lib:${LD_LIBRARY_PATH} PYTHONPATH=/workspace/src/install/ros2_data/local/lib/python3.10/dist-packages:${PYTHONPATH} /usr/bin/cmake --install /workspace/src/build/cr35ia_ros2_moveit2
