[0.016s] Invoking command in '/workspace/build/ros_interfaces': CMAKE_PREFIX_PATH=${CMAKE_PREFIX_PATH}:/workspace/install/srvcli:/workspace/install/pubsub:/workspace/install/my_py_pkg:/workspace/install/my_package:/opt/ros/humble /usr/bin/cmake --build /workspace/build/ros_interfaces -- -j12 -l12
[0.079s] [  1%] Built target ros_interfaces__cpp
[0.080s] [ 12%] Built target ros_interfaces__rosidl_generator_c
[0.095s] [ 12%] Built target ament_cmake_python_copy_ros_interfaces
[0.112s] [ 33%] Built target ros_interfaces__rosidl_typesupport_cpp
[0.112s] [ 34%] Built target ros_interfaces__rosidl_typesupport_c
[0.113s] [ 46%] Built target ros_interfaces__rosidl_typesupport_introspection_c
[0.115s] [ 57%] Built target ros_interfaces__rosidl_typesupport_fastrtps_cpp
[0.120s] [ 68%] Built target ros_interfaces__rosidl_typesupport_introspection_cpp
[0.121s] [ 79%] Built target ros_interfaces__rosidl_typesupport_fastrtps_c
[0.144s] [ 79%] Built target ros_interfaces
[0.164s] [ 80%] Built target ros_interfaces__py
[0.188s] [ 90%] Built target ros_interfaces__rosidl_generator_py
[0.215s] [100%] Built target ros_interfaces__rosidl_typesupport_c__pyext
[0.215s] [100%] Built target ros_interfaces__rosidl_typesupport_fastrtps_c__pyext
[0.215s] [100%] Built target ros_interfaces__rosidl_typesupport_introspection_c__pyext
[0.326s] running egg_info
[0.327s] writing ros_interfaces.egg-info/PKG-INFO
[0.327s] writing dependency_links to ros_interfaces.egg-info/dependency_links.txt
[0.327s] writing top-level names to ros_interfaces.egg-info/top_level.txt
[0.329s] reading manifest file 'ros_interfaces.egg-info/SOURCES.txt'
[0.330s] writing manifest file 'ros_interfaces.egg-info/SOURCES.txt'
[0.354s] [100%] Built target ament_cmake_python_build_ros_interfaces_egg
[0.366s] Invoked command in '/workspace/build/ros_interfaces' returned '0': CMAKE_PREFIX_PATH=${CMAKE_PREFIX_PATH}:/workspace/install/srvcli:/workspace/install/pubsub:/workspace/install/my_py_pkg:/workspace/install/my_package:/opt/ros/humble /usr/bin/cmake --build /workspace/build/ros_interfaces -- -j12 -l12
[0.519s] Invoking command in '/workspace/build/ros_interfaces': CMAKE_PREFIX_PATH=${CMAKE_PREFIX_PATH}:/workspace/install/srvcli:/workspace/install/pubsub:/workspace/install/my_py_pkg:/workspace/install/my_package:/opt/ros/humble /usr/bin/cmake --install /workspace/build/ros_interfaces
[0.530s] -- Install configuration: ""
[0.530s] -- Up-to-date: /workspace/install/ros_interfaces/share/ament_index/resource_index/rosidl_interfaces/ros_interfaces
[0.530s] -- Up-to-date: /workspace/install/ros_interfaces/include/ros_interfaces/ros_interfaces
[0.530s] -- Up-to-date: /workspace/install/ros_interfaces/include/ros_interfaces/ros_interfaces/action
[0.531s] -- Up-to-date: /workspace/install/ros_interfaces/include/ros_interfaces/ros_interfaces/action/detail
[0.531s] -- Up-to-date: /workspace/install/ros_interfaces/include/ros_interfaces/ros_interfaces/action/detail/fibonacci__type_support.h
[0.531s] -- Up-to-date: /workspace/install/ros_interfaces/include/ros_interfaces/ros_interfaces/action/detail/count_down__functions.h
[0.531s] -- Up-to-date: /workspace/install/ros_interfaces/include/ros_interfaces/ros_interfaces/action/detail/countdown__type_support.h
[0.531s] -- Up-to-date: /workspace/install/ros_interfaces/include/ros_interfaces/ros_interfaces/action/detail/count_down__struct.h
[0.531s] -- Up-to-date: /workspace/install/ros_interfaces/include/ros_interfaces/ros_interfaces/action/detail/fibonacci__struct.h
[0.531s] -- Up-to-date: /workspace/install/ros_interfaces/include/ros_interfaces/ros_interfaces/action/detail/countdown__functions.c
[0.532s] -- Up-to-date: /workspace/install/ros_interfaces/include/ros_interfaces/ros_interfaces/action/detail/countdown__struct.h
[0.532s] -- Up-to-date: /workspace/install/ros_interfaces/include/ros_interfaces/ros_interfaces/action/detail/fibonacci__functions.h
[0.532s] -- Up-to-date: /workspace/install/ros_interfaces/include/ros_interfaces/ros_interfaces/action/detail/countdown__functions.h
[0.532s] -- Up-to-date: /workspace/install/ros_interfaces/include/ros_interfaces/ros_interfaces/action/detail/fibonacci__functions.c
[0.532s] -- Up-to-date: /workspace/install/ros_interfaces/include/ros_interfaces/ros_interfaces/action/detail/count_down__type_support.h
[0.532s] -- Up-to-date: /workspace/install/ros_interfaces/include/ros_interfaces/ros_interfaces/action/detail/count_down__functions.c
[0.532s] -- Up-to-date: /workspace/install/ros_interfaces/include/ros_interfaces/ros_interfaces/action/count_down.h
[0.532s] -- Up-to-date: /workspace/install/ros_interfaces/include/ros_interfaces/ros_interfaces/action/fibonacci.h
[0.533s] -- Up-to-date: /workspace/install/ros_interfaces/include/ros_interfaces/ros_interfaces/action/countdown.h
[0.533s] -- Up-to-date: /workspace/install/ros_interfaces/include/ros_interfaces/ros_interfaces/srv
[0.533s] -- Up-to-date: /workspace/install/ros_interfaces/include/ros_interfaces/ros_interfaces/srv/add_tree_ints.h
[0.533s] -- Up-to-date: /workspace/install/ros_interfaces/include/ros_interfaces/ros_interfaces/srv/detail
[0.533s] -- Up-to-date: /workspace/install/ros_interfaces/include/ros_interfaces/ros_interfaces/srv/detail/add_tree_ints__functions.c
[0.533s] -- Up-to-date: /workspace/install/ros_interfaces/include/ros_interfaces/ros_interfaces/srv/detail/add_tree_ints__functions.h
[0.533s] -- Up-to-date: /workspace/install/ros_interfaces/include/ros_interfaces/ros_interfaces/srv/detail/add_tree_ints__type_support.h
[0.533s] -- Up-to-date: /workspace/install/ros_interfaces/include/ros_interfaces/ros_interfaces/srv/detail/add_tree_ints__struct.h
[0.533s] -- Up-to-date: /workspace/install/ros_interfaces/include/ros_interfaces/ros_interfaces/msg
[0.533s] -- Up-to-date: /workspace/install/ros_interfaces/include/ros_interfaces/ros_interfaces/msg/num.h
[0.533s] -- Up-to-date: /workspace/install/ros_interfaces/include/ros_interfaces/ros_interfaces/msg/detail
[0.533s] -- Up-to-date: /workspace/install/ros_interfaces/include/ros_interfaces/ros_interfaces/msg/detail/num__struct.h
[0.534s] -- Up-to-date: /workspace/install/ros_interfaces/include/ros_interfaces/ros_interfaces/msg/detail/sphere__functions.h
[0.535s] -- Up-to-date: /workspace/install/ros_interfaces/include/ros_interfaces/ros_interfaces/msg/detail/sphere__functions.c
[0.535s] -- Up-to-date: /workspace/install/ros_interfaces/include/ros_interfaces/ros_interfaces/msg/detail/num__functions.h
[0.535s] -- Up-to-date: /workspace/install/ros_interfaces/include/ros_interfaces/ros_interfaces/msg/detail/sphere__struct.h
[0.535s] -- Up-to-date: /workspace/install/ros_interfaces/include/ros_interfaces/ros_interfaces/msg/detail/sphere__type_support.h
[0.535s] -- Up-to-date: /workspace/install/ros_interfaces/include/ros_interfaces/ros_interfaces/msg/detail/num__type_support.h
[0.535s] -- Up-to-date: /workspace/install/ros_interfaces/include/ros_interfaces/ros_interfaces/msg/detail/num__functions.c
[0.535s] -- Up-to-date: /workspace/install/ros_interfaces/include/ros_interfaces/ros_interfaces/msg/rosidl_generator_c__visibility_control.h
[0.535s] -- Up-to-date: /workspace/install/ros_interfaces/include/ros_interfaces/ros_interfaces/msg/sphere.h
[0.535s] -- Up-to-date: /workspace/install/ros_interfaces/share/ros_interfaces/environment/library_path.sh
[0.536s] -- Up-to-date: /workspace/install/ros_interfaces/share/ros_interfaces/environment/library_path.dsv
[0.536s] -- Up-to-date: /workspace/install/ros_interfaces/lib/libros_interfaces__rosidl_generator_c.so
[0.536s] -- Up-to-date: /workspace/install/ros_interfaces/include/ros_interfaces/ros_interfaces
[0.536s] -- Up-to-date: /workspace/install/ros_interfaces/include/ros_interfaces/ros_interfaces/action
[0.536s] -- Up-to-date: /workspace/install/ros_interfaces/include/ros_interfaces/ros_interfaces/action/detail
[0.536s] -- Up-to-date: /workspace/install/ros_interfaces/include/ros_interfaces/ros_interfaces/action/detail/countdown__rosidl_typesupport_fastrtps_c.h
[0.536s] -- Up-to-date: /workspace/install/ros_interfaces/include/ros_interfaces/ros_interfaces/action/detail/count_down__rosidl_typesupport_fastrtps_c.h
[0.536s] -- Up-to-date: /workspace/install/ros_interfaces/include/ros_interfaces/ros_interfaces/action/detail/fibonacci__rosidl_typesupport_fastrtps_c.h
[0.536s] -- Up-to-date: /workspace/install/ros_interfaces/include/ros_interfaces/ros_interfaces/srv
[0.536s] -- Up-to-date: /workspace/install/ros_interfaces/include/ros_interfaces/ros_interfaces/srv/detail
[0.536s] -- Up-to-date: /workspace/install/ros_interfaces/include/ros_interfaces/ros_interfaces/srv/detail/add_tree_ints__rosidl_typesupport_fastrtps_c.h
[0.536s] -- Up-to-date: /workspace/install/ros_interfaces/include/ros_interfaces/ros_interfaces/msg
[0.536s] -- Up-to-date: /workspace/install/ros_interfaces/include/ros_interfaces/ros_interfaces/msg/detail
[0.537s] -- Up-to-date: /workspace/install/ros_interfaces/include/ros_interfaces/ros_interfaces/msg/detail/num__rosidl_typesupport_fastrtps_c.h
[0.537s] -- Up-to-date: /workspace/install/ros_interfaces/include/ros_interfaces/ros_interfaces/msg/detail/sphere__rosidl_typesupport_fastrtps_c.h
[0.537s] -- Up-to-date: /workspace/install/ros_interfaces/include/ros_interfaces/ros_interfaces/msg/rosidl_typesupport_fastrtps_c__visibility_control.h
[0.537s] -- Up-to-date: /workspace/install/ros_interfaces/lib/libros_interfaces__rosidl_typesupport_fastrtps_c.so
[0.537s] -- Up-to-date: /workspace/install/ros_interfaces/include/ros_interfaces/ros_interfaces
[0.537s] -- Up-to-date: /workspace/install/ros_interfaces/include/ros_interfaces/ros_interfaces/action
[0.537s] -- Up-to-date: /workspace/install/ros_interfaces/include/ros_interfaces/ros_interfaces/action/countdown.hpp
[0.537s] -- Up-to-date: /workspace/install/ros_interfaces/include/ros_interfaces/ros_interfaces/action/detail
[0.537s] -- Up-to-date: /workspace/install/ros_interfaces/include/ros_interfaces/ros_interfaces/action/detail/count_down__builder.hpp
[0.538s] -- Up-to-date: /workspace/install/ros_interfaces/include/ros_interfaces/ros_interfaces/action/detail/fibonacci__struct.hpp
[0.538s] -- Up-to-date: /workspace/install/ros_interfaces/include/ros_interfaces/ros_interfaces/action/detail/countdown__traits.hpp
[0.538s] -- Up-to-date: /workspace/install/ros_interfaces/include/ros_interfaces/ros_interfaces/action/detail/count_down__struct.hpp
[0.538s] -- Up-to-date: /workspace/install/ros_interfaces/include/ros_interfaces/ros_interfaces/action/detail/fibonacci__traits.hpp
[0.538s] -- Up-to-date: /workspace/install/ros_interfaces/include/ros_interfaces/ros_interfaces/action/detail/countdown__builder.hpp
[0.538s] -- Up-to-date: /workspace/install/ros_interfaces/include/ros_interfaces/ros_interfaces/action/detail/fibonacci__builder.hpp
[0.538s] -- Up-to-date: /workspace/install/ros_interfaces/include/ros_interfaces/ros_interfaces/action/detail/countdown__struct.hpp
[0.538s] -- Up-to-date: /workspace/install/ros_interfaces/include/ros_interfaces/ros_interfaces/action/detail/count_down__traits.hpp
[0.538s] -- Up-to-date: /workspace/install/ros_interfaces/include/ros_interfaces/ros_interfaces/action/fibonacci.hpp
[0.538s] -- Up-to-date: /workspace/install/ros_interfaces/include/ros_interfaces/ros_interfaces/action/count_down.hpp
[0.538s] -- Up-to-date: /workspace/install/ros_interfaces/include/ros_interfaces/ros_interfaces/srv
[0.538s] -- Up-to-date: /workspace/install/ros_interfaces/include/ros_interfaces/ros_interfaces/srv/add_tree_ints.hpp
[0.538s] -- Up-to-date: /workspace/install/ros_interfaces/include/ros_interfaces/ros_interfaces/srv/detail
[0.538s] -- Up-to-date: /workspace/install/ros_interfaces/include/ros_interfaces/ros_interfaces/srv/detail/add_tree_ints__struct.hpp
[0.539s] -- Up-to-date: /workspace/install/ros_interfaces/include/ros_interfaces/ros_interfaces/srv/detail/add_tree_ints__builder.hpp
[0.539s] -- Up-to-date: /workspace/install/ros_interfaces/include/ros_interfaces/ros_interfaces/srv/detail/add_tree_ints__traits.hpp
[0.539s] -- Up-to-date: /workspace/install/ros_interfaces/include/ros_interfaces/ros_interfaces/msg
[0.539s] -- Up-to-date: /workspace/install/ros_interfaces/include/ros_interfaces/ros_interfaces/msg/detail
[0.539s] -- Up-to-date: /workspace/install/ros_interfaces/include/ros_interfaces/ros_interfaces/msg/detail/sphere__builder.hpp
[0.539s] -- Up-to-date: /workspace/install/ros_interfaces/include/ros_interfaces/ros_interfaces/msg/detail/num__struct.hpp
[0.539s] -- Up-to-date: /workspace/install/ros_interfaces/include/ros_interfaces/ros_interfaces/msg/detail/sphere__struct.hpp
[0.539s] -- Up-to-date: /workspace/install/ros_interfaces/include/ros_interfaces/ros_interfaces/msg/detail/sphere__traits.hpp
[0.539s] -- Up-to-date: /workspace/install/ros_interfaces/include/ros_interfaces/ros_interfaces/msg/detail/num__builder.hpp
[0.539s] -- Up-to-date: /workspace/install/ros_interfaces/include/ros_interfaces/ros_interfaces/msg/detail/num__traits.hpp
[0.539s] -- Up-to-date: /workspace/install/ros_interfaces/include/ros_interfaces/ros_interfaces/msg/num.hpp
[0.540s] -- Up-to-date: /workspace/install/ros_interfaces/include/ros_interfaces/ros_interfaces/msg/sphere.hpp
[0.540s] -- Up-to-date: /workspace/install/ros_interfaces/include/ros_interfaces/ros_interfaces
[0.540s] -- Up-to-date: /workspace/install/ros_interfaces/include/ros_interfaces/ros_interfaces/action
[0.540s] -- Up-to-date: /workspace/install/ros_interfaces/include/ros_interfaces/ros_interfaces/action/detail
[0.540s] -- Up-to-date: /workspace/install/ros_interfaces/include/ros_interfaces/ros_interfaces/action/detail/fibonacci__rosidl_typesupport_fastrtps_cpp.hpp
[0.540s] -- Up-to-date: /workspace/install/ros_interfaces/include/ros_interfaces/ros_interfaces/action/detail/countdown__rosidl_typesupport_fastrtps_cpp.hpp
[0.540s] -- Up-to-date: /workspace/install/ros_interfaces/include/ros_interfaces/ros_interfaces/action/detail/count_down__rosidl_typesupport_fastrtps_cpp.hpp
[0.540s] -- Up-to-date: /workspace/install/ros_interfaces/include/ros_interfaces/ros_interfaces/action/detail/dds_fastrtps
[0.540s] -- Up-to-date: /workspace/install/ros_interfaces/include/ros_interfaces/ros_interfaces/srv
[0.540s] -- Up-to-date: /workspace/install/ros_interfaces/include/ros_interfaces/ros_interfaces/srv/detail
[0.540s] -- Up-to-date: /workspace/install/ros_interfaces/include/ros_interfaces/ros_interfaces/srv/detail/dds_fastrtps
[0.541s] -- Up-to-date: /workspace/install/ros_interfaces/include/ros_interfaces/ros_interfaces/srv/detail/add_tree_ints__rosidl_typesupport_fastrtps_cpp.hpp
[0.541s] -- Up-to-date: /workspace/install/ros_interfaces/include/ros_interfaces/ros_interfaces/msg
[0.541s] -- Up-to-date: /workspace/install/ros_interfaces/include/ros_interfaces/ros_interfaces/msg/detail
[0.541s] -- Up-to-date: /workspace/install/ros_interfaces/include/ros_interfaces/ros_interfaces/msg/detail/num__rosidl_typesupport_fastrtps_cpp.hpp
[0.541s] -- Up-to-date: /workspace/install/ros_interfaces/include/ros_interfaces/ros_interfaces/msg/detail/sphere__rosidl_typesupport_fastrtps_cpp.hpp
[0.541s] -- Up-to-date: /workspace/install/ros_interfaces/include/ros_interfaces/ros_interfaces/msg/detail/dds_fastrtps
[0.541s] -- Up-to-date: /workspace/install/ros_interfaces/include/ros_interfaces/ros_interfaces/msg/rosidl_typesupport_fastrtps_cpp__visibility_control.h
[0.541s] -- Up-to-date: /workspace/install/ros_interfaces/lib/libros_interfaces__rosidl_typesupport_fastrtps_cpp.so
[0.541s] -- Up-to-date: /workspace/install/ros_interfaces/include/ros_interfaces/ros_interfaces
[0.541s] -- Up-to-date: /workspace/install/ros_interfaces/include/ros_interfaces/ros_interfaces/action
[0.541s] -- Up-to-date: /workspace/install/ros_interfaces/include/ros_interfaces/ros_interfaces/action/detail
[0.542s] -- Up-to-date: /workspace/install/ros_interfaces/include/ros_interfaces/ros_interfaces/action/detail/fibonacci__rosidl_typesupport_introspection_c.h
[0.542s] -- Up-to-date: /workspace/install/ros_interfaces/include/ros_interfaces/ros_interfaces/action/detail/count_down__rosidl_typesupport_introspection_c.h
[0.542s] -- Up-to-date: /workspace/install/ros_interfaces/include/ros_interfaces/ros_interfaces/action/detail/countdown__rosidl_typesupport_introspection_c.h
[0.542s] -- Up-to-date: /workspace/install/ros_interfaces/include/ros_interfaces/ros_interfaces/action/detail/count_down__type_support.c
[0.542s] -- Up-to-date: /workspace/install/ros_interfaces/include/ros_interfaces/ros_interfaces/action/detail/countdown__type_support.c
[0.542s] -- Up-to-date: /workspace/install/ros_interfaces/include/ros_interfaces/ros_interfaces/action/detail/fibonacci__type_support.c
[0.543s] -- Up-to-date: /workspace/install/ros_interfaces/include/ros_interfaces/ros_interfaces/srv
[0.543s] -- Up-to-date: /workspace/install/ros_interfaces/include/ros_interfaces/ros_interfaces/srv/detail
[0.543s] -- Up-to-date: /workspace/install/ros_interfaces/include/ros_interfaces/ros_interfaces/srv/detail/add_tree_ints__rosidl_typesupport_introspection_c.h
[0.543s] -- Up-to-date: /workspace/install/ros_interfaces/include/ros_interfaces/ros_interfaces/srv/detail/add_tree_ints__type_support.c
[0.543s] -- Up-to-date: /workspace/install/ros_interfaces/include/ros_interfaces/ros_interfaces/msg
[0.543s] -- Up-to-date: /workspace/install/ros_interfaces/include/ros_interfaces/ros_interfaces/msg/rosidl_typesupport_introspection_c__visibility_control.h
[0.543s] -- Up-to-date: /workspace/install/ros_interfaces/include/ros_interfaces/ros_interfaces/msg/detail
[0.543s] -- Up-to-date: /workspace/install/ros_interfaces/include/ros_interfaces/ros_interfaces/msg/detail/num__rosidl_typesupport_introspection_c.h
[0.543s] -- Up-to-date: /workspace/install/ros_interfaces/include/ros_interfaces/ros_interfaces/msg/detail/num__type_support.c
[0.544s] -- Up-to-date: /workspace/install/ros_interfaces/include/ros_interfaces/ros_interfaces/msg/detail/sphere__rosidl_typesupport_introspection_c.h
[0.544s] -- Up-to-date: /workspace/install/ros_interfaces/include/ros_interfaces/ros_interfaces/msg/detail/sphere__type_support.c
[0.544s] -- Up-to-date: /workspace/install/ros_interfaces/lib/libros_interfaces__rosidl_typesupport_introspection_c.so
[0.544s] -- Up-to-date: /workspace/install/ros_interfaces/lib/libros_interfaces__rosidl_typesupport_c.so
[0.544s] -- Up-to-date: /workspace/install/ros_interfaces/include/ros_interfaces/ros_interfaces
[0.544s] -- Up-to-date: /workspace/install/ros_interfaces/include/ros_interfaces/ros_interfaces/action
[0.544s] -- Up-to-date: /workspace/install/ros_interfaces/include/ros_interfaces/ros_interfaces/action/detail
[0.544s] -- Up-to-date: /workspace/install/ros_interfaces/include/ros_interfaces/ros_interfaces/action/detail/count_down__rosidl_typesupport_introspection_cpp.hpp
[0.544s] -- Up-to-date: /workspace/install/ros_interfaces/include/ros_interfaces/ros_interfaces/action/detail/count_down__type_support.cpp
[0.545s] -- Up-to-date: /workspace/install/ros_interfaces/include/ros_interfaces/ros_interfaces/action/detail/fibonacci__type_support.cpp
[0.545s] -- Up-to-date: /workspace/install/ros_interfaces/include/ros_interfaces/ros_interfaces/action/detail/countdown__rosidl_typesupport_introspection_cpp.hpp
[0.545s] -- Up-to-date: /workspace/install/ros_interfaces/include/ros_interfaces/ros_interfaces/action/detail/countdown__type_support.cpp
[0.545s] -- Up-to-date: /workspace/install/ros_interfaces/include/ros_interfaces/ros_interfaces/action/detail/fibonacci__rosidl_typesupport_introspection_cpp.hpp
[0.545s] -- Up-to-date: /workspace/install/ros_interfaces/include/ros_interfaces/ros_interfaces/srv
[0.545s] -- Up-to-date: /workspace/install/ros_interfaces/include/ros_interfaces/ros_interfaces/srv/detail
[0.545s] -- Up-to-date: /workspace/install/ros_interfaces/include/ros_interfaces/ros_interfaces/srv/detail/add_tree_ints__rosidl_typesupport_introspection_cpp.hpp
[0.545s] -- Up-to-date: /workspace/install/ros_interfaces/include/ros_interfaces/ros_interfaces/srv/detail/add_tree_ints__type_support.cpp
[0.545s] -- Up-to-date: /workspace/install/ros_interfaces/include/ros_interfaces/ros_interfaces/msg
[0.546s] -- Up-to-date: /workspace/install/ros_interfaces/include/ros_interfaces/ros_interfaces/msg/detail
[0.546s] -- Up-to-date: /workspace/install/ros_interfaces/include/ros_interfaces/ros_interfaces/msg/detail/num__type_support.cpp
[0.546s] -- Up-to-date: /workspace/install/ros_interfaces/include/ros_interfaces/ros_interfaces/msg/detail/sphere__rosidl_typesupport_introspection_cpp.hpp
[0.546s] -- Up-to-date: /workspace/install/ros_interfaces/include/ros_interfaces/ros_interfaces/msg/detail/sphere__type_support.cpp
[0.546s] -- Up-to-date: /workspace/install/ros_interfaces/include/ros_interfaces/ros_interfaces/msg/detail/num__rosidl_typesupport_introspection_cpp.hpp
[0.546s] -- Up-to-date: /workspace/install/ros_interfaces/lib/libros_interfaces__rosidl_typesupport_introspection_cpp.so
[0.546s] -- Up-to-date: /workspace/install/ros_interfaces/lib/libros_interfaces__rosidl_typesupport_cpp.so
[0.546s] -- Up-to-date: /workspace/install/ros_interfaces/share/ros_interfaces/environment/pythonpath.sh
[0.546s] -- Up-to-date: /workspace/install/ros_interfaces/share/ros_interfaces/environment/pythonpath.dsv
[0.547s] -- Up-to-date: /workspace/install/ros_interfaces/local/lib/python3.10/dist-packages/ros_interfaces-0.0.0-py3.10.egg-info
[0.547s] -- Installing: /workspace/install/ros_interfaces/local/lib/python3.10/dist-packages/ros_interfaces-0.0.0-py3.10.egg-info/SOURCES.txt
[0.547s] -- Installing: /workspace/install/ros_interfaces/local/lib/python3.10/dist-packages/ros_interfaces-0.0.0-py3.10.egg-info/dependency_links.txt
[0.547s] -- Installing: /workspace/install/ros_interfaces/local/lib/python3.10/dist-packages/ros_interfaces-0.0.0-py3.10.egg-info/top_level.txt
[0.547s] -- Installing: /workspace/install/ros_interfaces/local/lib/python3.10/dist-packages/ros_interfaces-0.0.0-py3.10.egg-info/PKG-INFO
[0.547s] -- Up-to-date: /workspace/install/ros_interfaces/local/lib/python3.10/dist-packages/ros_interfaces
[0.547s] -- Up-to-date: /workspace/install/ros_interfaces/local/lib/python3.10/dist-packages/ros_interfaces/action
[0.547s] -- Up-to-date: /workspace/install/ros_interfaces/local/lib/python3.10/dist-packages/ros_interfaces/action/_fibonacci.py
[0.547s] -- Up-to-date: /workspace/install/ros_interfaces/local/lib/python3.10/dist-packages/ros_interfaces/action/_count_down_s.c
[0.548s] -- Up-to-date: /workspace/install/ros_interfaces/local/lib/python3.10/dist-packages/ros_interfaces/action/__init__.py
[0.548s] -- Up-to-date: /workspace/install/ros_interfaces/local/lib/python3.10/dist-packages/ros_interfaces/action/_countdown.py
[0.548s] -- Up-to-date: /workspace/install/ros_interfaces/local/lib/python3.10/dist-packages/ros_interfaces/action/_count_down.py
[0.548s] -- Up-to-date: /workspace/install/ros_interfaces/local/lib/python3.10/dist-packages/ros_interfaces/action/_countdown_s.c
[0.548s] -- Up-to-date: /workspace/install/ros_interfaces/local/lib/python3.10/dist-packages/ros_interfaces/action/_fibonacci_s.c
[0.548s] -- Up-to-date: /workspace/install/ros_interfaces/local/lib/python3.10/dist-packages/ros_interfaces/ros_interfaces_s__rosidl_typesupport_c.cpython-310-x86_64-linux-gnu.so
[0.548s] -- Up-to-date: /workspace/install/ros_interfaces/local/lib/python3.10/dist-packages/ros_interfaces/srv
[0.548s] -- Up-to-date: /workspace/install/ros_interfaces/local/lib/python3.10/dist-packages/ros_interfaces/srv/__init__.py
[0.548s] -- Up-to-date: /workspace/install/ros_interfaces/local/lib/python3.10/dist-packages/ros_interfaces/srv/_add_tree_ints.py
[0.548s] -- Up-to-date: /workspace/install/ros_interfaces/local/lib/python3.10/dist-packages/ros_interfaces/srv/_add_tree_ints_s.c
[0.549s] -- Up-to-date: /workspace/install/ros_interfaces/local/lib/python3.10/dist-packages/ros_interfaces/msg
[0.549s] -- Up-to-date: /workspace/install/ros_interfaces/local/lib/python3.10/dist-packages/ros_interfaces/msg/_num.py
[0.549s] -- Up-to-date: /workspace/install/ros_interfaces/local/lib/python3.10/dist-packages/ros_interfaces/msg/_sphere.py
[0.549s] -- Up-to-date: /workspace/install/ros_interfaces/local/lib/python3.10/dist-packages/ros_interfaces/msg/_sphere_s.c
[0.549s] -- Up-to-date: /workspace/install/ros_interfaces/local/lib/python3.10/dist-packages/ros_interfaces/msg/_num_s.c
[0.549s] -- Up-to-date: /workspace/install/ros_interfaces/local/lib/python3.10/dist-packages/ros_interfaces/msg/__init__.py
[0.549s] -- Up-to-date: /workspace/install/ros_interfaces/local/lib/python3.10/dist-packages/ros_interfaces/__init__.py
[0.549s] -- Up-to-date: /workspace/install/ros_interfaces/local/lib/python3.10/dist-packages/ros_interfaces/_ros_interfaces_s.ep.rosidl_typesupport_introspection_c.c
[0.549s] -- Up-to-date: /workspace/install/ros_interfaces/local/lib/python3.10/dist-packages/ros_interfaces/_ros_interfaces_s.ep.rosidl_typesupport_c.c
[0.550s] -- Up-to-date: /workspace/install/ros_interfaces/local/lib/python3.10/dist-packages/ros_interfaces/ros_interfaces_s__rosidl_typesupport_introspection_c.cpython-310-x86_64-linux-gnu.so
[0.550s] -- Up-to-date: /workspace/install/ros_interfaces/local/lib/python3.10/dist-packages/ros_interfaces/ros_interfaces_s__rosidl_typesupport_fastrtps_c.cpython-310-x86_64-linux-gnu.so
[0.550s] -- Up-to-date: /workspace/install/ros_interfaces/local/lib/python3.10/dist-packages/ros_interfaces/_ros_interfaces_s.ep.rosidl_typesupport_fastrtps_c.c
[0.550s] -- Up-to-date: /workspace/install/ros_interfaces/local/lib/python3.10/dist-packages/ros_interfaces/libros_interfaces__rosidl_generator_py.so
[0.580s] Listing '/workspace/install/ros_interfaces/local/lib/python3.10/dist-packages/ros_interfaces'...
[0.580s] Listing '/workspace/install/ros_interfaces/local/lib/python3.10/dist-packages/ros_interfaces/action'...
[0.580s] Listing '/workspace/install/ros_interfaces/local/lib/python3.10/dist-packages/ros_interfaces/msg'...
[0.580s] Listing '/workspace/install/ros_interfaces/local/lib/python3.10/dist-packages/ros_interfaces/srv'...
[0.585s] -- Up-to-date: /workspace/install/ros_interfaces/local/lib/python3.10/dist-packages/ros_interfaces/ros_interfaces_s__rosidl_typesupport_fastrtps_c.cpython-310-x86_64-linux-gnu.so
[0.585s] -- Up-to-date: /workspace/install/ros_interfaces/local/lib/python3.10/dist-packages/ros_interfaces/ros_interfaces_s__rosidl_typesupport_introspection_c.cpython-310-x86_64-linux-gnu.so
[0.586s] -- Up-to-date: /workspace/install/ros_interfaces/local/lib/python3.10/dist-packages/ros_interfaces/ros_interfaces_s__rosidl_typesupport_c.cpython-310-x86_64-linux-gnu.so
[0.586s] -- Up-to-date: /workspace/install/ros_interfaces/lib/libros_interfaces__rosidl_generator_py.so
[0.586s] -- Up-to-date: /workspace/install/ros_interfaces/share/ros_interfaces/msg/Num.idl
[0.586s] -- Up-to-date: /workspace/install/ros_interfaces/share/ros_interfaces/msg/Sphere.idl
[0.586s] -- Up-to-date: /workspace/install/ros_interfaces/share/ros_interfaces/srv/AddTreeInts.idl
[0.587s] -- Up-to-date: /workspace/install/ros_interfaces/share/ros_interfaces/action/Fibonacci.idl
[0.587s] -- Up-to-date: /workspace/install/ros_interfaces/share/ros_interfaces/action/CountDown.idl
[0.587s] -- Up-to-date: /workspace/install/ros_interfaces/share/ros_interfaces/msg/Num.msg
[0.587s] -- Up-to-date: /workspace/install/ros_interfaces/share/ros_interfaces/msg/Sphere.msg
[0.587s] -- Up-to-date: /workspace/install/ros_interfaces/share/ros_interfaces/srv/AddTreeInts.srv
[0.587s] -- Up-to-date: /workspace/install/ros_interfaces/share/ros_interfaces/srv/AddTreeInts_Request.msg
[0.588s] -- Up-to-date: /workspace/install/ros_interfaces/share/ros_interfaces/srv/AddTreeInts_Response.msg
[0.588s] -- Up-to-date: /workspace/install/ros_interfaces/share/ros_interfaces/action/Fibonacci.action
[0.588s] -- Up-to-date: /workspace/install/ros_interfaces/share/ros_interfaces/action/CountDown.action
[0.588s] -- Up-to-date: /workspace/install/ros_interfaces/share/ament_index/resource_index/package_run_dependencies/ros_interfaces
[0.588s] -- Up-to-date: /workspace/install/ros_interfaces/share/ament_index/resource_index/parent_prefix_path/ros_interfaces
[0.588s] -- Up-to-date: /workspace/install/ros_interfaces/share/ros_interfaces/environment/ament_prefix_path.sh
[0.588s] -- Up-to-date: /workspace/install/ros_interfaces/share/ros_interfaces/environment/ament_prefix_path.dsv
[0.588s] -- Up-to-date: /workspace/install/ros_interfaces/share/ros_interfaces/environment/path.sh
[0.588s] -- Up-to-date: /workspace/install/ros_interfaces/share/ros_interfaces/environment/path.dsv
[0.588s] -- Up-to-date: /workspace/install/ros_interfaces/share/ros_interfaces/local_setup.bash
[0.588s] -- Up-to-date: /workspace/install/ros_interfaces/share/ros_interfaces/local_setup.sh
[0.589s] -- Up-to-date: /workspace/install/ros_interfaces/share/ros_interfaces/local_setup.zsh
[0.589s] -- Up-to-date: /workspace/install/ros_interfaces/share/ros_interfaces/local_setup.dsv
[0.589s] -- Up-to-date: /workspace/install/ros_interfaces/share/ros_interfaces/package.dsv
[0.589s] -- Up-to-date: /workspace/install/ros_interfaces/share/ament_index/resource_index/packages/ros_interfaces
[0.589s] -- Up-to-date: /workspace/install/ros_interfaces/share/ros_interfaces/cmake/export_ros_interfaces__rosidl_generator_cExport.cmake
[0.589s] -- Up-to-date: /workspace/install/ros_interfaces/share/ros_interfaces/cmake/export_ros_interfaces__rosidl_generator_cExport-noconfig.cmake
[0.589s] -- Up-to-date: /workspace/install/ros_interfaces/share/ros_interfaces/cmake/export_ros_interfaces__rosidl_typesupport_fastrtps_cExport.cmake
[0.589s] -- Up-to-date: /workspace/install/ros_interfaces/share/ros_interfaces/cmake/export_ros_interfaces__rosidl_typesupport_fastrtps_cExport-noconfig.cmake
[0.589s] -- Up-to-date: /workspace/install/ros_interfaces/share/ros_interfaces/cmake/export_ros_interfaces__rosidl_generator_cppExport.cmake
[0.589s] -- Up-to-date: /workspace/install/ros_interfaces/share/ros_interfaces/cmake/export_ros_interfaces__rosidl_typesupport_fastrtps_cppExport.cmake
[0.589s] -- Up-to-date: /workspace/install/ros_interfaces/share/ros_interfaces/cmake/export_ros_interfaces__rosidl_typesupport_fastrtps_cppExport-noconfig.cmake
[0.589s] -- Up-to-date: /workspace/install/ros_interfaces/share/ros_interfaces/cmake/ros_interfaces__rosidl_typesupport_introspection_cExport.cmake
[0.590s] -- Up-to-date: /workspace/install/ros_interfaces/share/ros_interfaces/cmake/ros_interfaces__rosidl_typesupport_introspection_cExport-noconfig.cmake
[0.590s] -- Up-to-date: /workspace/install/ros_interfaces/share/ros_interfaces/cmake/ros_interfaces__rosidl_typesupport_cExport.cmake
[0.590s] -- Up-to-date: /workspace/install/ros_interfaces/share/ros_interfaces/cmake/ros_interfaces__rosidl_typesupport_cExport-noconfig.cmake
[0.590s] -- Up-to-date: /workspace/install/ros_interfaces/share/ros_interfaces/cmake/ros_interfaces__rosidl_typesupport_introspection_cppExport.cmake
[0.590s] -- Up-to-date: /workspace/install/ros_interfaces/share/ros_interfaces/cmake/ros_interfaces__rosidl_typesupport_introspection_cppExport-noconfig.cmake
[0.590s] -- Up-to-date: /workspace/install/ros_interfaces/share/ros_interfaces/cmake/ros_interfaces__rosidl_typesupport_cppExport.cmake
[0.590s] -- Up-to-date: /workspace/install/ros_interfaces/share/ros_interfaces/cmake/ros_interfaces__rosidl_typesupport_cppExport-noconfig.cmake
[0.590s] -- Up-to-date: /workspace/install/ros_interfaces/share/ros_interfaces/cmake/export_ros_interfaces__rosidl_generator_pyExport.cmake
[0.590s] -- Up-to-date: /workspace/install/ros_interfaces/share/ros_interfaces/cmake/export_ros_interfaces__rosidl_generator_pyExport-noconfig.cmake
[0.590s] -- Up-to-date: /workspace/install/ros_interfaces/share/ros_interfaces/cmake/rosidl_cmake-extras.cmake
[0.590s] -- Up-to-date: /workspace/install/ros_interfaces/share/ros_interfaces/cmake/ament_cmake_export_dependencies-extras.cmake
[0.590s] -- Up-to-date: /workspace/install/ros_interfaces/share/ros_interfaces/cmake/ament_cmake_export_include_directories-extras.cmake
[0.590s] -- Up-to-date: /workspace/install/ros_interfaces/share/ros_interfaces/cmake/ament_cmake_export_libraries-extras.cmake
[0.590s] -- Up-to-date: /workspace/install/ros_interfaces/share/ros_interfaces/cmake/ament_cmake_export_targets-extras.cmake
[0.591s] -- Up-to-date: /workspace/install/ros_interfaces/share/ros_interfaces/cmake/rosidl_cmake_export_typesupport_targets-extras.cmake
[0.591s] -- Up-to-date: /workspace/install/ros_interfaces/share/ros_interfaces/cmake/rosidl_cmake_export_typesupport_libraries-extras.cmake
[0.591s] -- Up-to-date: /workspace/install/ros_interfaces/share/ros_interfaces/cmake/ros_interfacesConfig.cmake
[0.591s] -- Up-to-date: /workspace/install/ros_interfaces/share/ros_interfaces/cmake/ros_interfacesConfig-version.cmake
[0.591s] -- Up-to-date: /workspace/install/ros_interfaces/share/ros_interfaces/package.xml
[0.592s] Invoked command in '/workspace/build/ros_interfaces' returned '0': CMAKE_PREFIX_PATH=${CMAKE_PREFIX_PATH}:/workspace/install/srvcli:/workspace/install/pubsub:/workspace/install/my_py_pkg:/workspace/install/my_package:/opt/ros/humble /usr/bin/cmake --install /workspace/build/ros_interfaces
