[1.107s] Invoking command in '/workspace/src/srvcli': PYTHONPATH=/workspace/build/srvcli/prefix_override:/workspace/install/srvcli/lib/python3.10/site-packages:${PYTHONPATH} /usr/bin/python3 setup.py egg_info --egg-base ../../build/srvcli build --build-base /workspace/build/srvcli/build install --record /workspace/build/srvcli/install.log --single-version-externally-managed
[1.354s] running egg_info
[1.355s] writing ../../build/srvcli/srvcli.egg-info/PKG-INFO
[1.355s] writing dependency_links to ../../build/srvcli/srvcli.egg-info/dependency_links.txt
[1.355s] writing entry points to ../../build/srvcli/srvcli.egg-info/entry_points.txt
[1.355s] writing requirements to ../../build/srvcli/srvcli.egg-info/requires.txt
[1.355s] writing top-level names to ../../build/srvcli/srvcli.egg-info/top_level.txt
[1.357s] reading manifest file '../../build/srvcli/srvcli.egg-info/SOURCES.txt'
[1.358s] writing manifest file '../../build/srvcli/srvcli.egg-info/SOURCES.txt'
[1.358s] running build
[1.358s] running build_py
[1.358s] running install
[1.358s] /usr/lib/python3/dist-packages/setuptools/command/install.py:34: SetuptoolsDeprecationWarning: setup.py install is deprecated. Use build and pip and other standards-based tools.
[1.358s]   warnings.warn(
[1.359s] running install_lib
[1.360s] running install_data
[1.361s] running install_egg_info
[1.362s] removing '/workspace/install/srvcli/lib/python3.10/site-packages/srvcli-0.0.0-py3.10.egg-info' (and everything under it)
[1.362s] Copying ../../build/srvcli/srvcli.egg-info to /workspace/install/srvcli/lib/python3.10/site-packages/srvcli-0.0.0-py3.10.egg-info
[1.363s] running install_scripts
[1.389s] Installing client script to /workspace/install/srvcli/lib/srvcli
[1.389s] Installing service script to /workspace/install/srvcli/lib/srvcli
[1.389s] writing list of installed files to '/workspace/build/srvcli/install.log'
[1.421s] Invoked command in '/workspace/src/srvcli' returned '0': PYTHONPATH=/workspace/build/srvcli/prefix_override:/workspace/install/srvcli/lib/python3.10/site-packages:${PYTHONPATH} /usr/bin/python3 setup.py egg_info --egg-base ../../build/srvcli build --build-base /workspace/build/srvcli/build install --record /workspace/build/srvcli/install.log --single-version-externally-managed
