[0.023s] Invoking command in '/workspace/build/ros_interfaces': CMAKE_PREFIX_PATH=/workspace/install/my_py_pkg:/workspace/install/my_package:/opt/ros/humble /usr/bin/cmake /workspace/src/ros_interfaces -DCMAKE_INSTALL_PREFIX=/workspace/install/ros_interfaces
[0.170s] -- The C compiler identification is GNU 11.3.0
[0.271s] -- The CXX compiler identification is GNU 11.3.0
[0.281s] -- Detecting C compiler ABI info
[0.355s] -- Detecting C compiler ABI info - done
[0.363s] -- Check for working C compiler: /usr/bin/cc - skipped
[0.363s] -- Detecting C compile features
[0.364s] -- Detecting C compile features - done
[0.368s] -- Detecting CXX compiler ABI info
[0.457s] -- Detecting CXX compiler ABI info - done
[0.466s] -- Check for working CXX compiler: /usr/bin/c++ - skipped
[0.467s] -- Detecting CXX compile features
[0.467s] -- Detecting CXX compile features - done
[0.473s] -- Found ament_cmake: 1.3.3 (/opt/ros/humble/share/ament_cmake/cmake)
[0.711s] -- Found Python3: /usr/bin/python3.10 (found version "3.10.6") found components: Interpreter 
[0.821s] -- Found ament_lint_auto: 0.12.5 (/opt/ros/humble/share/ament_lint_auto/cmake)
[0.917s] -- Added test 'lint_cmake' to check CMake code style
[0.919s] -- Added test 'xmllint' to check XML markup files
[0.924s] -- Found geometry_msgs: 4.2.3 (/opt/ros/humble/share/geometry_msgs/cmake)
[0.992s] -- Found rosidl_generator_c: 3.1.4 (/opt/ros/humble/share/rosidl_generator_c/cmake)
[0.999s] -- Found rosidl_adapter: 3.1.4 (/opt/ros/humble/share/rosidl_adapter/cmake)
[1.014s] -- Found rosidl_generator_cpp: 3.1.4 (/opt/ros/humble/share/rosidl_generator_cpp/cmake)
[1.038s] -- Using all available rosidl_typesupport_c: rosidl_typesupport_fastrtps_c;rosidl_typesupport_introspection_c
[1.068s] -- Using all available rosidl_typesupport_cpp: rosidl_typesupport_fastrtps_cpp;rosidl_typesupport_introspection_cpp
[1.208s] -- Found rosidl_default_generators: 1.2.0 (/opt/ros/humble/share/rosidl_default_generators/cmake)
[1.221s] [31mCMake Error at /opt/ros/humble/share/rosidl_cmake/cmake/rosidl_generate_interfaces.cmake:64 (message):
[1.221s]   rosidl_generate_interfaces() must be called before ament_package()
[1.222s] Call Stack (most recent call first):
[1.222s]   CMakeLists.txt:31 (rosidl_generate_interfaces)
[1.222s] 
[1.222s] [0m
[1.222s] -- Configuring incomplete, errors occurred!
[1.222s] See also "/workspace/build/ros_interfaces/CMakeFiles/CMakeOutput.log".
[1.229s] Invoked command in '/workspace/build/ros_interfaces' returned '1': CMAKE_PREFIX_PATH=/workspace/install/my_py_pkg:/workspace/install/my_package:/opt/ros/humble /usr/bin/cmake /workspace/src/ros_interfaces -DCMAKE_INSTALL_PREFIX=/workspace/install/ros_interfaces
