running egg_info
creating ../build/inverse_kinematics/inverse_kinematics.egg-info
writing ../build/inverse_kinematics/inverse_kinematics.egg-info/PKG-INFO
writing dependency_links to ../build/inverse_kinematics/inverse_kinematics.egg-info/dependency_links.txt
writing entry points to ../build/inverse_kinematics/inverse_kinematics.egg-info/entry_points.txt
writing requirements to ../build/inverse_kinematics/inverse_kinematics.egg-info/requires.txt
writing top-level names to ../build/inverse_kinematics/inverse_kinematics.egg-info/top_level.txt
writing manifest file '../build/inverse_kinematics/inverse_kinematics.egg-info/SOURCES.txt'
reading manifest file '../build/inverse_kinematics/inverse_kinematics.egg-info/SOURCES.txt'
writing manifest file '../build/inverse_kinematics/inverse_kinematics.egg-info/SOURCES.txt'
running build
running build_py
creating /workspace/src/build/inverse_kinematics/build
creating /workspace/src/build/inverse_kinematics/build/lib
creating /workspace/src/build/inverse_kinematics/build/lib/inverse_kinematics
copying inverse_kinematics/two_r_client.py -> /workspace/src/build/inverse_kinematics/build/lib/inverse_kinematics
copying inverse_kinematics/__init__.py -> /workspace/src/build/inverse_kinematics/build/lib/inverse_kinematics
copying inverse_kinematics/two_r_server.py -> /workspace/src/build/inverse_kinematics/build/lib/inverse_kinematics
running install
running install_lib
creating /workspace/src/install/inverse_kinematics/lib/python3.10/site-packages/inverse_kinematics
copying /workspace/src/build/inverse_kinematics/build/lib/inverse_kinematics/two_r_client.py -> /workspace/src/install/inverse_kinematics/lib/python3.10/site-packages/inverse_kinematics
copying /workspace/src/build/inverse_kinematics/build/lib/inverse_kinematics/__init__.py -> /workspace/src/install/inverse_kinematics/lib/python3.10/site-packages/inverse_kinematics
copying /workspace/src/build/inverse_kinematics/build/lib/inverse_kinematics/two_r_server.py -> /workspace/src/install/inverse_kinematics/lib/python3.10/site-packages/inverse_kinematics
byte-compiling /workspace/src/install/inverse_kinematics/lib/python3.10/site-packages/inverse_kinematics/two_r_client.py to two_r_client.cpython-310.pyc
/usr/lib/python3/dist-packages/setuptools/command/install.py:34: SetuptoolsDeprecationWarning: setup.py install is deprecated. Use build and pip and other standards-based tools.
  warnings.warn(
byte-compiling /workspace/src/install/inverse_kinematics/lib/python3.10/site-packages/inverse_kinematics/__init__.py to __init__.cpython-310.pyc
byte-compiling /workspace/src/install/inverse_kinematics/lib/python3.10/site-packages/inverse_kinematics/two_r_server.py to two_r_server.cpython-310.pyc
running install_data
creating /workspace/src/install/inverse_kinematics/share/ament_index
creating /workspace/src/install/inverse_kinematics/share/ament_index/resource_index
creating /workspace/src/install/inverse_kinematics/share/ament_index/resource_index/packages
copying resource/inverse_kinematics -> /workspace/src/install/inverse_kinematics/share/ament_index/resource_index/packages
copying package.xml -> /workspace/src/install/inverse_kinematics/share/inverse_kinematics
running install_egg_info
Copying ../build/inverse_kinematics/inverse_kinematics.egg-info to /workspace/src/install/inverse_kinematics/lib/python3.10/site-packages/inverse_kinematics-0.0.0-py3.10.egg-info
running install_scripts
Installing client script to /workspace/src/install/inverse_kinematics/lib/inverse_kinematics
Installing server script to /workspace/src/install/inverse_kinematics/lib/inverse_kinematics
writing list of installed files to '/workspace/src/build/inverse_kinematics/install.log'
