[1.044s] Invoking command in '/workspace/src/srvcli': PYTHONPATH=/workspace/build/srvcli/prefix_override:/workspace/install/srvcli/lib/python3.10/site-packages:${PYTHONPATH} /usr/bin/python3 setup.py egg_info --egg-base ../../build/srvcli build --build-base /workspace/build/srvcli/build install --record /workspace/build/srvcli/install.log --single-version-externally-managed
[1.274s] running egg_info
[1.275s] writing ../../build/srvcli/srvcli.egg-info/PKG-INFO
[1.275s] writing dependency_links to ../../build/srvcli/srvcli.egg-info/dependency_links.txt
[1.275s] writing entry points to ../../build/srvcli/srvcli.egg-info/entry_points.txt
[1.275s] writing requirements to ../../build/srvcli/srvcli.egg-info/requires.txt
[1.276s] writing top-level names to ../../build/srvcli/srvcli.egg-info/top_level.txt
[1.278s] reading manifest file '../../build/srvcli/srvcli.egg-info/SOURCES.txt'
[1.279s] writing manifest file '../../build/srvcli/srvcli.egg-info/SOURCES.txt'
[1.279s] running build
[1.279s] running build_py
[1.280s] running install
[1.280s] /usr/lib/python3/dist-packages/setuptools/command/install.py:34: SetuptoolsDeprecationWarning: setup.py install is deprecated. Use build and pip and other standards-based tools.
[1.280s]   warnings.warn(
[1.280s] running install_lib
[1.282s] running install_data
[1.283s] running install_egg_info
[1.285s] removing '/workspace/install/srvcli/lib/python3.10/site-packages/srvcli-0.0.0-py3.10.egg-info' (and everything under it)
[1.285s] Copying ../../build/srvcli/srvcli.egg-info to /workspace/install/srvcli/lib/python3.10/site-packages/srvcli-0.0.0-py3.10.egg-info
[1.286s] running install_scripts
[1.319s] Installing client script to /workspace/install/srvcli/lib/srvcli
[1.319s] Installing service script to /workspace/install/srvcli/lib/srvcli
[1.319s] writing list of installed files to '/workspace/build/srvcli/install.log'
[1.371s] Invoked command in '/workspace/src/srvcli' returned '0': PYTHONPATH=/workspace/build/srvcli/prefix_override:/workspace/install/srvcli/lib/python3.10/site-packages:${PYTHONPATH} /usr/bin/python3 setup.py egg_info --egg-base ../../build/srvcli build --build-base /workspace/build/srvcli/build install --record /workspace/build/srvcli/install.log --single-version-externally-managed
