[0.048s] Invoking command in '/workspace/build/action_tutorials_interfaces': CMAKE_PREFIX_PATH=${CMAKE_PREFIX_PATH}:/workspace/install/srvcli:/workspace/install/pubsub:/workspace/install/my_py_pkg:/workspace/install/my_package:/opt/ros/humble /usr/bin/cmake /workspace/src/action_tutorials_interfaces -DCMAKE_INSTALL_PREFIX=/workspace/install/action_tutorials_interfaces
[0.586s] -- The C compiler identification is GNU 11.3.0
[0.587s] -- The CXX compiler identification is GNU 11.3.0
[0.587s] -- Detecting C compiler ABI info
[0.587s] -- Detecting C compiler ABI info - done
[0.588s] -- Check for working C compiler: /usr/bin/cc - skipped
[0.588s] -- Detecting C compile features
[0.588s] -- Detecting C compile features - done
[0.589s] -- Detecting CXX compiler ABI info
[0.589s] -- Detecting CXX compiler ABI info - done
[0.589s] -- Check for working CXX compiler: /usr/bin/c++ - skipped
[0.589s] -- Detecting CXX compile features
[0.589s] -- Detecting CXX compile features - done
[0.589s] -- Found ament_cmake: 1.3.3 (/opt/ros/humble/share/ament_cmake/cmake)
[0.590s] -- Found Python3: /usr/bin/python3.10 (found version "3.10.6") found components: Interpreter 
[0.673s] -- Found ament_lint_auto: 0.12.5 (/opt/ros/humble/share/ament_lint_auto/cmake)
[0.765s] -- Found rosidl_default_generators: 1.2.0 (/opt/ros/humble/share/rosidl_default_generators/cmake)
[0.770s] -- Using all available rosidl_typesupport_c: rosidl_typesupport_fastrtps_c;rosidl_typesupport_introspection_c
[0.779s] -- Found rosidl_adapter: 3.1.4 (/opt/ros/humble/share/rosidl_adapter/cmake)
[0.827s] -- Using all available rosidl_typesupport_cpp: rosidl_typesupport_fastrtps_cpp;rosidl_typesupport_introspection_cpp
[1.297s] -- Found ament_cmake_ros: 0.10.0 (/opt/ros/humble/share/ament_cmake_ros/cmake)
[1.573s] -- Using all available rosidl_typesupport_c: rosidl_typesupport_fastrtps_c;rosidl_typesupport_introspection_c
[1.855s] -- Using all available rosidl_typesupport_cpp: rosidl_typesupport_fastrtps_cpp;rosidl_typesupport_introspection_cpp
[1.876s] -- Found PythonInterp: /usr/bin/python3 (found suitable version "3.10.6", minimum required is "3.6") 
[1.879s] -- Found python_cmake_module: 0.10.0 (/opt/ros/humble/share/python_cmake_module/cmake)
[1.900s] -- Found PythonLibs: /usr/lib/x86_64-linux-gnu/libpython3.10.so (found suitable version "3.10.6", minimum required is "3.5") 
[1.900s] -- Using PYTHON_EXECUTABLE: /usr/bin/python3
[1.900s] -- Using PYTHON_INCLUDE_DIRS: /usr/include/python3.10
[1.900s] -- Using PYTHON_LIBRARIES: /usr/lib/x86_64-linux-gnu/libpython3.10.so
[1.920s] -- Found PythonExtra: .so  
[1.965s] -- Added test 'lint_cmake' to check CMake code style
[1.966s] -- Added test 'xmllint' to check XML markup files
[1.971s] -- Configuring done
[2.003s] -- Generating done
[2.005s] -- Build files have been written to: /workspace/build/action_tutorials_interfaces
[2.013s] Invoked command in '/workspace/build/action_tutorials_interfaces' returned '0': CMAKE_PREFIX_PATH=${CMAKE_PREFIX_PATH}:/workspace/install/srvcli:/workspace/install/pubsub:/workspace/install/my_py_pkg:/workspace/install/my_package:/opt/ros/humble /usr/bin/cmake /workspace/src/action_tutorials_interfaces -DCMAKE_INSTALL_PREFIX=/workspace/install/action_tutorials_interfaces
[2.015s] Invoking command in '/workspace/build/action_tutorials_interfaces': CMAKE_PREFIX_PATH=${CMAKE_PREFIX_PATH}:/workspace/install/srvcli:/workspace/install/pubsub:/workspace/install/my_py_pkg:/workspace/install/my_package:/opt/ros/humble /usr/bin/cmake --build /workspace/build/action_tutorials_interfaces -- -j12 -l12
[2.053s] [  3%] [34m[1mGenerating C code for ROS interfaces[0m
[2.062s] [  6%] [34m[1mGenerating C++ code for ROS interfaces[0m
[2.071s] [  6%] Built target ament_cmake_python_copy_action_tutorials_interfaces
[2.316s] running egg_info
[2.317s] creating action_tutorials_interfaces.egg-info
[2.317s] writing action_tutorials_interfaces.egg-info/PKG-INFO
[2.317s] writing dependency_links to action_tutorials_interfaces.egg-info/dependency_links.txt
[2.317s] writing top-level names to action_tutorials_interfaces.egg-info/top_level.txt
[2.318s] writing manifest file 'action_tutorials_interfaces.egg-info/SOURCES.txt'
[2.321s] reading manifest file 'action_tutorials_interfaces.egg-info/SOURCES.txt'
[2.322s] writing manifest file 'action_tutorials_interfaces.egg-info/SOURCES.txt'
[2.355s] [  6%] Built target ament_cmake_python_build_action_tutorials_interfaces_egg
[2.484s] [  6%] Built target action_tutorials_interfaces__cpp
[2.497s] [ 16%] [34m[1mGenerating C++ type support for eProsima Fast-RTPS[0m
[2.497s] [ 16%] [34m[1mGenerating C++ introspection for ROS interfaces[0m
[2.497s] [ 16%] [34m[1mGenerating C++ type support dispatch for ROS interfaces[0m
[2.510s] [ 19%] [32mBuilding C object CMakeFiles/action_tutorials_interfaces__rosidl_generator_c.dir/rosidl_generator_c/action_tutorials_interfaces/action/detail/fibonacci__functions.c.o[0m
[2.675s] [ 22%] [32m[1mLinking C shared library libaction_tutorials_interfaces__rosidl_generator_c.so[0m
[2.719s] [ 22%] Built target action_tutorials_interfaces__rosidl_generator_c
[2.734s] [ 29%] [34m[1mGenerating C type support for eProsima Fast-RTPS[0m
[2.734s] [ 29%] [34m[1mGenerating C type support dispatch for ROS interfaces[0m
[2.736s] [ 32%] [34m[1mGenerating C introspection for ROS interfaces[0m
[2.851s] [ 35%] [32mBuilding CXX object CMakeFiles/action_tutorials_interfaces__rosidl_typesupport_cpp.dir/rosidl_typesupport_cpp/action_tutorials_interfaces/action/fibonacci__type_support.cpp.o[0m
[2.912s] [ 38%] [32mBuilding CXX object CMakeFiles/action_tutorials_interfaces__rosidl_typesupport_introspection_cpp.dir/rosidl_typesupport_introspection_cpp/action_tutorials_interfaces/action/detail/fibonacci__type_support.cpp.o[0m
[3.001s] [ 41%] [32mBuilding CXX object CMakeFiles/action_tutorials_interfaces__rosidl_typesupport_fastrtps_cpp.dir/rosidl_typesupport_fastrtps_cpp/action_tutorials_interfaces/action/detail/dds_fastrtps/fibonacci__type_support.cpp.o[0m
[3.101s] [ 45%] [32mBuilding CXX object CMakeFiles/action_tutorials_interfaces__rosidl_typesupport_c.dir/rosidl_typesupport_c/action_tutorials_interfaces/action/fibonacci__type_support.cpp.o[0m
[3.188s] [ 48%] [32m[1mLinking CXX shared library libaction_tutorials_interfaces__rosidl_typesupport_c.so[0m
[3.256s] [ 51%] [32mBuilding C object CMakeFiles/action_tutorials_interfaces__rosidl_typesupport_introspection_c.dir/rosidl_typesupport_introspection_c/action_tutorials_interfaces/action/detail/fibonacci__type_support.c.o[0m
[3.260s] [ 51%] Built target action_tutorials_interfaces__rosidl_typesupport_c
[3.284s] [ 54%] [32mBuilding CXX object CMakeFiles/action_tutorials_interfaces__rosidl_typesupport_fastrtps_c.dir/rosidl_typesupport_fastrtps_c/action_tutorials_interfaces/action/detail/fibonacci__type_support_c.cpp.o[0m
[3.325s] [ 58%] [32m[1mLinking C shared library libaction_tutorials_interfaces__rosidl_typesupport_introspection_c.so[0m
[3.365s] [ 58%] Built target action_tutorials_interfaces__rosidl_typesupport_introspection_c
[3.511s] [ 61%] [32m[1mLinking CXX shared library libaction_tutorials_interfaces__rosidl_typesupport_cpp.so[0m
[3.567s] [ 61%] Built target action_tutorials_interfaces__rosidl_typesupport_cpp
[3.723s] [ 64%] [32m[1mLinking CXX shared library libaction_tutorials_interfaces__rosidl_typesupport_introspection_cpp.so[0m
[3.749s] [ 67%] [32m[1mLinking CXX shared library libaction_tutorials_interfaces__rosidl_typesupport_fastrtps_c.so[0m
[3.785s] [ 70%] [32m[1mLinking CXX shared library libaction_tutorials_interfaces__rosidl_typesupport_fastrtps_cpp.so[0m
[3.808s] [ 70%] Built target action_tutorials_interfaces__rosidl_typesupport_introspection_cpp
[3.837s] [ 70%] Built target action_tutorials_interfaces__rosidl_typesupport_fastrtps_c
[3.867s] [ 70%] Built target action_tutorials_interfaces__rosidl_typesupport_fastrtps_cpp
[3.888s] [ 70%] Built target action_tutorials_interfaces
[3.909s] [ 74%] [34m[1mGenerating Python code for ROS interfaces[0m
[4.628s] [ 74%] Built target action_tutorials_interfaces__py
[4.652s] [ 77%] [32mBuilding C object CMakeFiles/action_tutorials_interfaces__rosidl_generator_py.dir/rosidl_generator_py/action_tutorials_interfaces/action/_fibonacci_s.c.o[0m
[4.812s] [ 80%] [32m[1mLinking C shared library rosidl_generator_py/action_tutorials_interfaces/libaction_tutorials_interfaces__rosidl_generator_py.so[0m
[4.864s] [ 80%] Built target action_tutorials_interfaces__rosidl_generator_py
[4.889s] [ 87%] [32mBuilding C object CMakeFiles/action_tutorials_interfaces__rosidl_typesupport_c__pyext.dir/rosidl_generator_py/action_tutorials_interfaces/_action_tutorials_interfaces_s.ep.rosidl_typesupport_c.c.o[0m
[4.889s] [ 83%] [32mBuilding C object CMakeFiles/action_tutorials_interfaces__rosidl_typesupport_fastrtps_c__pyext.dir/rosidl_generator_py/action_tutorials_interfaces/_action_tutorials_interfaces_s.ep.rosidl_typesupport_fastrtps_c.c.o[0m
[4.889s] [ 90%] [32mBuilding C object CMakeFiles/action_tutorials_interfaces__rosidl_typesupport_introspection_c__pyext.dir/rosidl_generator_py/action_tutorials_interfaces/_action_tutorials_interfaces_s.ep.rosidl_typesupport_introspection_c.c.o[0m
[5.026s] [ 96%] [32m[1mLinking C shared library rosidl_generator_py/action_tutorials_interfaces/action_tutorials_interfaces_s__rosidl_typesupport_c.cpython-310-x86_64-linux-gnu.so[0m
[5.026s] [ 96%] [32m[1mLinking C shared library rosidl_generator_py/action_tutorials_interfaces/action_tutorials_interfaces_s__rosidl_typesupport_fastrtps_c.cpython-310-x86_64-linux-gnu.so[0m
[5.027s] [100%] [32m[1mLinking C shared library rosidl_generator_py/action_tutorials_interfaces/action_tutorials_interfaces_s__rosidl_typesupport_introspection_c.cpython-310-x86_64-linux-gnu.so[0m
[5.070s] [100%] Built target action_tutorials_interfaces__rosidl_typesupport_c__pyext
[5.070s] [100%] Built target action_tutorials_interfaces__rosidl_typesupport_fastrtps_c__pyext
[5.070s] [100%] Built target action_tutorials_interfaces__rosidl_typesupport_introspection_c__pyext
[5.081s] Invoked command in '/workspace/build/action_tutorials_interfaces' returned '0': CMAKE_PREFIX_PATH=${CMAKE_PREFIX_PATH}:/workspace/install/srvcli:/workspace/install/pubsub:/workspace/install/my_py_pkg:/workspace/install/my_package:/opt/ros/humble /usr/bin/cmake --build /workspace/build/action_tutorials_interfaces -- -j12 -l12
[5.147s] Invoking command in '/workspace/build/action_tutorials_interfaces': CMAKE_PREFIX_PATH=${CMAKE_PREFIX_PATH}:/workspace/install/srvcli:/workspace/install/pubsub:/workspace/install/my_py_pkg:/workspace/install/my_package:/opt/ros/humble /usr/bin/cmake --install /workspace/build/action_tutorials_interfaces
[5.154s] -- Install configuration: ""
[5.154s] -- Installing: /workspace/install/action_tutorials_interfaces/share/ament_index/resource_index/rosidl_interfaces/action_tutorials_interfaces
[5.154s] -- Installing: /workspace/install/action_tutorials_interfaces/include/action_tutorials_interfaces/action_tutorials_interfaces
[5.154s] -- Installing: /workspace/install/action_tutorials_interfaces/include/action_tutorials_interfaces/action_tutorials_interfaces/action
[5.154s] -- Installing: /workspace/install/action_tutorials_interfaces/include/action_tutorials_interfaces/action_tutorials_interfaces/action/detail
[5.154s] -- Installing: /workspace/install/action_tutorials_interfaces/include/action_tutorials_interfaces/action_tutorials_interfaces/action/detail/fibonacci__type_support.h
[5.154s] -- Installing: /workspace/install/action_tutorials_interfaces/include/action_tutorials_interfaces/action_tutorials_interfaces/action/detail/fibonacci__struct.h
[5.155s] -- Installing: /workspace/install/action_tutorials_interfaces/include/action_tutorials_interfaces/action_tutorials_interfaces/action/detail/fibonacci__functions.h
[5.155s] -- Installing: /workspace/install/action_tutorials_interfaces/include/action_tutorials_interfaces/action_tutorials_interfaces/action/detail/fibonacci__functions.c
[5.155s] -- Installing: /workspace/install/action_tutorials_interfaces/include/action_tutorials_interfaces/action_tutorials_interfaces/action/fibonacci.h
[5.155s] -- Installing: /workspace/install/action_tutorials_interfaces/include/action_tutorials_interfaces/action_tutorials_interfaces/msg
[5.155s] -- Installing: /workspace/install/action_tutorials_interfaces/include/action_tutorials_interfaces/action_tutorials_interfaces/msg/rosidl_generator_c__visibility_control.h
[5.155s] -- Installing: /workspace/install/action_tutorials_interfaces/share/action_tutorials_interfaces/environment/library_path.sh
[5.156s] -- Installing: /workspace/install/action_tutorials_interfaces/share/action_tutorials_interfaces/environment/library_path.dsv
[5.156s] -- Installing: /workspace/install/action_tutorials_interfaces/lib/libaction_tutorials_interfaces__rosidl_generator_c.so
[5.156s] -- Set runtime path of "/workspace/install/action_tutorials_interfaces/lib/libaction_tutorials_interfaces__rosidl_generator_c.so" to ""
[5.156s] -- Up-to-date: /workspace/install/action_tutorials_interfaces/include/action_tutorials_interfaces/action_tutorials_interfaces
[5.156s] -- Up-to-date: /workspace/install/action_tutorials_interfaces/include/action_tutorials_interfaces/action_tutorials_interfaces/action
[5.156s] -- Up-to-date: /workspace/install/action_tutorials_interfaces/include/action_tutorials_interfaces/action_tutorials_interfaces/action/detail
[5.156s] -- Installing: /workspace/install/action_tutorials_interfaces/include/action_tutorials_interfaces/action_tutorials_interfaces/action/detail/fibonacci__rosidl_typesupport_fastrtps_c.h
[5.157s] -- Up-to-date: /workspace/install/action_tutorials_interfaces/include/action_tutorials_interfaces/action_tutorials_interfaces/msg
[5.157s] -- Installing: /workspace/install/action_tutorials_interfaces/include/action_tutorials_interfaces/action_tutorials_interfaces/msg/rosidl_typesupport_fastrtps_c__visibility_control.h
[5.157s] -- Installing: /workspace/install/action_tutorials_interfaces/lib/libaction_tutorials_interfaces__rosidl_typesupport_fastrtps_c.so
[5.157s] -- Set runtime path of "/workspace/install/action_tutorials_interfaces/lib/libaction_tutorials_interfaces__rosidl_typesupport_fastrtps_c.so" to ""
[5.157s] -- Up-to-date: /workspace/install/action_tutorials_interfaces/include/action_tutorials_interfaces/action_tutorials_interfaces
[5.157s] -- Up-to-date: /workspace/install/action_tutorials_interfaces/include/action_tutorials_interfaces/action_tutorials_interfaces/action
[5.158s] -- Up-to-date: /workspace/install/action_tutorials_interfaces/include/action_tutorials_interfaces/action_tutorials_interfaces/action/detail
[5.158s] -- Installing: /workspace/install/action_tutorials_interfaces/include/action_tutorials_interfaces/action_tutorials_interfaces/action/detail/fibonacci__rosidl_typesupport_introspection_c.h
[5.158s] -- Installing: /workspace/install/action_tutorials_interfaces/include/action_tutorials_interfaces/action_tutorials_interfaces/action/detail/fibonacci__type_support.c
[5.158s] -- Up-to-date: /workspace/install/action_tutorials_interfaces/include/action_tutorials_interfaces/action_tutorials_interfaces/msg
[5.158s] -- Installing: /workspace/install/action_tutorials_interfaces/include/action_tutorials_interfaces/action_tutorials_interfaces/msg/rosidl_typesupport_introspection_c__visibility_control.h
[5.158s] -- Installing: /workspace/install/action_tutorials_interfaces/lib/libaction_tutorials_interfaces__rosidl_typesupport_introspection_c.so
[5.158s] -- Set runtime path of "/workspace/install/action_tutorials_interfaces/lib/libaction_tutorials_interfaces__rosidl_typesupport_introspection_c.so" to ""
[5.159s] -- Installing: /workspace/install/action_tutorials_interfaces/lib/libaction_tutorials_interfaces__rosidl_typesupport_c.so
[5.159s] -- Set runtime path of "/workspace/install/action_tutorials_interfaces/lib/libaction_tutorials_interfaces__rosidl_typesupport_c.so" to ""
[5.159s] -- Up-to-date: /workspace/install/action_tutorials_interfaces/include/action_tutorials_interfaces/action_tutorials_interfaces
[5.159s] -- Up-to-date: /workspace/install/action_tutorials_interfaces/include/action_tutorials_interfaces/action_tutorials_interfaces/action
[5.159s] -- Up-to-date: /workspace/install/action_tutorials_interfaces/include/action_tutorials_interfaces/action_tutorials_interfaces/action/detail
[5.159s] -- Installing: /workspace/install/action_tutorials_interfaces/include/action_tutorials_interfaces/action_tutorials_interfaces/action/detail/fibonacci__struct.hpp
[5.160s] -- Installing: /workspace/install/action_tutorials_interfaces/include/action_tutorials_interfaces/action_tutorials_interfaces/action/detail/fibonacci__traits.hpp
[5.160s] -- Installing: /workspace/install/action_tutorials_interfaces/include/action_tutorials_interfaces/action_tutorials_interfaces/action/detail/fibonacci__builder.hpp
[5.160s] -- Installing: /workspace/install/action_tutorials_interfaces/include/action_tutorials_interfaces/action_tutorials_interfaces/action/fibonacci.hpp
[5.162s] -- Up-to-date: /workspace/install/action_tutorials_interfaces/include/action_tutorials_interfaces/action_tutorials_interfaces
[5.162s] -- Up-to-date: /workspace/install/action_tutorials_interfaces/include/action_tutorials_interfaces/action_tutorials_interfaces/action
[5.162s] -- Up-to-date: /workspace/install/action_tutorials_interfaces/include/action_tutorials_interfaces/action_tutorials_interfaces/action/detail
[5.162s] -- Installing: /workspace/install/action_tutorials_interfaces/include/action_tutorials_interfaces/action_tutorials_interfaces/action/detail/fibonacci__rosidl_typesupport_fastrtps_cpp.hpp
[5.162s] -- Installing: /workspace/install/action_tutorials_interfaces/include/action_tutorials_interfaces/action_tutorials_interfaces/action/detail/dds_fastrtps
[5.162s] -- Up-to-date: /workspace/install/action_tutorials_interfaces/include/action_tutorials_interfaces/action_tutorials_interfaces/msg
[5.162s] -- Installing: /workspace/install/action_tutorials_interfaces/include/action_tutorials_interfaces/action_tutorials_interfaces/msg/rosidl_typesupport_fastrtps_cpp__visibility_control.h
[5.162s] -- Installing: /workspace/install/action_tutorials_interfaces/lib/libaction_tutorials_interfaces__rosidl_typesupport_fastrtps_cpp.so
[5.162s] -- Set runtime path of "/workspace/install/action_tutorials_interfaces/lib/libaction_tutorials_interfaces__rosidl_typesupport_fastrtps_cpp.so" to ""
[5.162s] -- Up-to-date: /workspace/install/action_tutorials_interfaces/include/action_tutorials_interfaces/action_tutorials_interfaces
[5.163s] -- Up-to-date: /workspace/install/action_tutorials_interfaces/include/action_tutorials_interfaces/action_tutorials_interfaces/action
[5.163s] -- Up-to-date: /workspace/install/action_tutorials_interfaces/include/action_tutorials_interfaces/action_tutorials_interfaces/action/detail
[5.163s] -- Installing: /workspace/install/action_tutorials_interfaces/include/action_tutorials_interfaces/action_tutorials_interfaces/action/detail/fibonacci__type_support.cpp
[5.163s] -- Installing: /workspace/install/action_tutorials_interfaces/include/action_tutorials_interfaces/action_tutorials_interfaces/action/detail/fibonacci__rosidl_typesupport_introspection_cpp.hpp
[5.163s] -- Installing: /workspace/install/action_tutorials_interfaces/lib/libaction_tutorials_interfaces__rosidl_typesupport_introspection_cpp.so
[5.163s] -- Set runtime path of "/workspace/install/action_tutorials_interfaces/lib/libaction_tutorials_interfaces__rosidl_typesupport_introspection_cpp.so" to ""
[5.163s] -- Installing: /workspace/install/action_tutorials_interfaces/lib/libaction_tutorials_interfaces__rosidl_typesupport_cpp.so
[5.163s] -- Set runtime path of "/workspace/install/action_tutorials_interfaces/lib/libaction_tutorials_interfaces__rosidl_typesupport_cpp.so" to ""
[5.163s] -- Installing: /workspace/install/action_tutorials_interfaces/share/action_tutorials_interfaces/environment/pythonpath.sh
[5.163s] -- Installing: /workspace/install/action_tutorials_interfaces/share/action_tutorials_interfaces/environment/pythonpath.dsv
[5.164s] -- Installing: /workspace/install/action_tutorials_interfaces/local/lib/python3.10/dist-packages/action_tutorials_interfaces-0.0.0-py3.10.egg-info
[5.164s] -- Installing: /workspace/install/action_tutorials_interfaces/local/lib/python3.10/dist-packages/action_tutorials_interfaces-0.0.0-py3.10.egg-info/SOURCES.txt
[5.164s] -- Installing: /workspace/install/action_tutorials_interfaces/local/lib/python3.10/dist-packages/action_tutorials_interfaces-0.0.0-py3.10.egg-info/dependency_links.txt
[5.164s] -- Installing: /workspace/install/action_tutorials_interfaces/local/lib/python3.10/dist-packages/action_tutorials_interfaces-0.0.0-py3.10.egg-info/top_level.txt
[5.164s] -- Installing: /workspace/install/action_tutorials_interfaces/local/lib/python3.10/dist-packages/action_tutorials_interfaces-0.0.0-py3.10.egg-info/PKG-INFO
[5.164s] -- Installing: /workspace/install/action_tutorials_interfaces/local/lib/python3.10/dist-packages/action_tutorials_interfaces
[5.164s] -- Installing: /workspace/install/action_tutorials_interfaces/local/lib/python3.10/dist-packages/action_tutorials_interfaces/action
[5.164s] -- Installing: /workspace/install/action_tutorials_interfaces/local/lib/python3.10/dist-packages/action_tutorials_interfaces/action/_fibonacci.py
[5.164s] -- Installing: /workspace/install/action_tutorials_interfaces/local/lib/python3.10/dist-packages/action_tutorials_interfaces/action/__init__.py
[5.165s] -- Installing: /workspace/install/action_tutorials_interfaces/local/lib/python3.10/dist-packages/action_tutorials_interfaces/action/_fibonacci_s.c
[5.165s] -- Installing: /workspace/install/action_tutorials_interfaces/local/lib/python3.10/dist-packages/action_tutorials_interfaces/action_tutorials_interfaces_s__rosidl_typesupport_fastrtps_c.cpython-310-x86_64-linux-gnu.so
[5.165s] -- Installing: /workspace/install/action_tutorials_interfaces/local/lib/python3.10/dist-packages/action_tutorials_interfaces/libaction_tutorials_interfaces__rosidl_generator_py.so
[5.165s] -- Installing: /workspace/install/action_tutorials_interfaces/local/lib/python3.10/dist-packages/action_tutorials_interfaces/_action_tutorials_interfaces_s.ep.rosidl_typesupport_fastrtps_c.c
[5.165s] -- Installing: /workspace/install/action_tutorials_interfaces/local/lib/python3.10/dist-packages/action_tutorials_interfaces/_action_tutorials_interfaces_s.ep.rosidl_typesupport_c.c
[5.165s] -- Installing: /workspace/install/action_tutorials_interfaces/local/lib/python3.10/dist-packages/action_tutorials_interfaces/action_tutorials_interfaces_s__rosidl_typesupport_introspection_c.cpython-310-x86_64-linux-gnu.so
[5.166s] -- Installing: /workspace/install/action_tutorials_interfaces/local/lib/python3.10/dist-packages/action_tutorials_interfaces/__init__.py
[5.166s] -- Installing: /workspace/install/action_tutorials_interfaces/local/lib/python3.10/dist-packages/action_tutorials_interfaces/action_tutorials_interfaces_s__rosidl_typesupport_c.cpython-310-x86_64-linux-gnu.so
[5.166s] -- Installing: /workspace/install/action_tutorials_interfaces/local/lib/python3.10/dist-packages/action_tutorials_interfaces/_action_tutorials_interfaces_s.ep.rosidl_typesupport_introspection_c.c
[5.226s] Listing '/workspace/install/action_tutorials_interfaces/local/lib/python3.10/dist-packages/action_tutorials_interfaces'...
[5.227s] Compiling '/workspace/install/action_tutorials_interfaces/local/lib/python3.10/dist-packages/action_tutorials_interfaces/__init__.py'...
[5.227s] Listing '/workspace/install/action_tutorials_interfaces/local/lib/python3.10/dist-packages/action_tutorials_interfaces/action'...
[5.227s] Compiling '/workspace/install/action_tutorials_interfaces/local/lib/python3.10/dist-packages/action_tutorials_interfaces/action/__init__.py'...
[5.227s] Compiling '/workspace/install/action_tutorials_interfaces/local/lib/python3.10/dist-packages/action_tutorials_interfaces/action/_fibonacci.py'...
[5.236s] -- Installing: /workspace/install/action_tutorials_interfaces/local/lib/python3.10/dist-packages/action_tutorials_interfaces/action_tutorials_interfaces_s__rosidl_typesupport_fastrtps_c.cpython-310-x86_64-linux-gnu.so
[5.236s] -- Set runtime path of "/workspace/install/action_tutorials_interfaces/local/lib/python3.10/dist-packages/action_tutorials_interfaces/action_tutorials_interfaces_s__rosidl_typesupport_fastrtps_c.cpython-310-x86_64-linux-gnu.so" to ""
[5.236s] -- Installing: /workspace/install/action_tutorials_interfaces/local/lib/python3.10/dist-packages/action_tutorials_interfaces/action_tutorials_interfaces_s__rosidl_typesupport_introspection_c.cpython-310-x86_64-linux-gnu.so
[5.236s] -- Set runtime path of "/workspace/install/action_tutorials_interfaces/local/lib/python3.10/dist-packages/action_tutorials_interfaces/action_tutorials_interfaces_s__rosidl_typesupport_introspection_c.cpython-310-x86_64-linux-gnu.so" to ""
[5.237s] -- Installing: /workspace/install/action_tutorials_interfaces/local/lib/python3.10/dist-packages/action_tutorials_interfaces/action_tutorials_interfaces_s__rosidl_typesupport_c.cpython-310-x86_64-linux-gnu.so
[5.237s] -- Set runtime path of "/workspace/install/action_tutorials_interfaces/local/lib/python3.10/dist-packages/action_tutorials_interfaces/action_tutorials_interfaces_s__rosidl_typesupport_c.cpython-310-x86_64-linux-gnu.so" to ""
[5.238s] -- Installing: /workspace/install/action_tutorials_interfaces/lib/libaction_tutorials_interfaces__rosidl_generator_py.so
[5.238s] -- Set runtime path of "/workspace/install/action_tutorials_interfaces/lib/libaction_tutorials_interfaces__rosidl_generator_py.so" to ""
[5.238s] -- Installing: /workspace/install/action_tutorials_interfaces/share/action_tutorials_interfaces/action/Fibonacci.idl
[5.239s] -- Installing: /workspace/install/action_tutorials_interfaces/share/action_tutorials_interfaces/action/Fibonacci.action
[5.239s] -- Installing: /workspace/install/action_tutorials_interfaces/share/ament_index/resource_index/package_run_dependencies/action_tutorials_interfaces
[5.239s] -- Installing: /workspace/install/action_tutorials_interfaces/share/ament_index/resource_index/parent_prefix_path/action_tutorials_interfaces
[5.239s] -- Installing: /workspace/install/action_tutorials_interfaces/share/action_tutorials_interfaces/environment/ament_prefix_path.sh
[5.239s] -- Installing: /workspace/install/action_tutorials_interfaces/share/action_tutorials_interfaces/environment/ament_prefix_path.dsv
[5.240s] -- Installing: /workspace/install/action_tutorials_interfaces/share/action_tutorials_interfaces/environment/path.sh
[5.240s] -- Installing: /workspace/install/action_tutorials_interfaces/share/action_tutorials_interfaces/environment/path.dsv
[5.240s] -- Installing: /workspace/install/action_tutorials_interfaces/share/action_tutorials_interfaces/local_setup.bash
[5.240s] -- Installing: /workspace/install/action_tutorials_interfaces/share/action_tutorials_interfaces/local_setup.sh
[5.240s] -- Installing: /workspace/install/action_tutorials_interfaces/share/action_tutorials_interfaces/local_setup.zsh
[5.240s] -- Installing: /workspace/install/action_tutorials_interfaces/share/action_tutorials_interfaces/local_setup.dsv
[5.240s] -- Installing: /workspace/install/action_tutorials_interfaces/share/action_tutorials_interfaces/package.dsv
[5.240s] -- Installing: /workspace/install/action_tutorials_interfaces/share/ament_index/resource_index/packages/action_tutorials_interfaces
[5.241s] -- Installing: /workspace/install/action_tutorials_interfaces/share/action_tutorials_interfaces/cmake/export_action_tutorials_interfaces__rosidl_generator_cExport.cmake
[5.241s] -- Installing: /workspace/install/action_tutorials_interfaces/share/action_tutorials_interfaces/cmake/export_action_tutorials_interfaces__rosidl_generator_cExport-noconfig.cmake
[5.241s] -- Installing: /workspace/install/action_tutorials_interfaces/share/action_tutorials_interfaces/cmake/export_action_tutorials_interfaces__rosidl_typesupport_fastrtps_cExport.cmake
[5.241s] -- Installing: /workspace/install/action_tutorials_interfaces/share/action_tutorials_interfaces/cmake/export_action_tutorials_interfaces__rosidl_typesupport_fastrtps_cExport-noconfig.cmake
[5.241s] -- Installing: /workspace/install/action_tutorials_interfaces/share/action_tutorials_interfaces/cmake/action_tutorials_interfaces__rosidl_typesupport_introspection_cExport.cmake
[5.242s] -- Installing: /workspace/install/action_tutorials_interfaces/share/action_tutorials_interfaces/cmake/action_tutorials_interfaces__rosidl_typesupport_introspection_cExport-noconfig.cmake
[5.242s] -- Installing: /workspace/install/action_tutorials_interfaces/share/action_tutorials_interfaces/cmake/action_tutorials_interfaces__rosidl_typesupport_cExport.cmake
[5.242s] -- Installing: /workspace/install/action_tutorials_interfaces/share/action_tutorials_interfaces/cmake/action_tutorials_interfaces__rosidl_typesupport_cExport-noconfig.cmake
[5.242s] -- Installing: /workspace/install/action_tutorials_interfaces/share/action_tutorials_interfaces/cmake/export_action_tutorials_interfaces__rosidl_generator_cppExport.cmake
[5.243s] -- Installing: /workspace/install/action_tutorials_interfaces/share/action_tutorials_interfaces/cmake/export_action_tutorials_interfaces__rosidl_typesupport_fastrtps_cppExport.cmake
[5.243s] -- Installing: /workspace/install/action_tutorials_interfaces/share/action_tutorials_interfaces/cmake/export_action_tutorials_interfaces__rosidl_typesupport_fastrtps_cppExport-noconfig.cmake
[5.244s] -- Installing: /workspace/install/action_tutorials_interfaces/share/action_tutorials_interfaces/cmake/action_tutorials_interfaces__rosidl_typesupport_introspection_cppExport.cmake
[5.244s] -- Installing: /workspace/install/action_tutorials_interfaces/share/action_tutorials_interfaces/cmake/action_tutorials_interfaces__rosidl_typesupport_introspection_cppExport-noconfig.cmake
[5.244s] -- Installing: /workspace/install/action_tutorials_interfaces/share/action_tutorials_interfaces/cmake/action_tutorials_interfaces__rosidl_typesupport_cppExport.cmake
[5.245s] -- Installing: /workspace/install/action_tutorials_interfaces/share/action_tutorials_interfaces/cmake/action_tutorials_interfaces__rosidl_typesupport_cppExport-noconfig.cmake
[5.245s] -- Installing: /workspace/install/action_tutorials_interfaces/share/action_tutorials_interfaces/cmake/export_action_tutorials_interfaces__rosidl_generator_pyExport.cmake
[5.245s] -- Installing: /workspace/install/action_tutorials_interfaces/share/action_tutorials_interfaces/cmake/export_action_tutorials_interfaces__rosidl_generator_pyExport-noconfig.cmake
[5.245s] -- Installing: /workspace/install/action_tutorials_interfaces/share/action_tutorials_interfaces/cmake/rosidl_cmake-extras.cmake
[5.245s] -- Installing: /workspace/install/action_tutorials_interfaces/share/action_tutorials_interfaces/cmake/ament_cmake_export_dependencies-extras.cmake
[5.246s] -- Installing: /workspace/install/action_tutorials_interfaces/share/action_tutorials_interfaces/cmake/ament_cmake_export_include_directories-extras.cmake
[5.246s] -- Installing: /workspace/install/action_tutorials_interfaces/share/action_tutorials_interfaces/cmake/ament_cmake_export_libraries-extras.cmake
[5.246s] -- Installing: /workspace/install/action_tutorials_interfaces/share/action_tutorials_interfaces/cmake/ament_cmake_export_targets-extras.cmake
[5.246s] -- Installing: /workspace/install/action_tutorials_interfaces/share/action_tutorials_interfaces/cmake/rosidl_cmake_export_typesupport_targets-extras.cmake
[5.246s] -- Installing: /workspace/install/action_tutorials_interfaces/share/action_tutorials_interfaces/cmake/rosidl_cmake_export_typesupport_libraries-extras.cmake
[5.247s] -- Installing: /workspace/install/action_tutorials_interfaces/share/action_tutorials_interfaces/cmake/action_tutorials_interfacesConfig.cmake
[5.247s] -- Installing: /workspace/install/action_tutorials_interfaces/share/action_tutorials_interfaces/cmake/action_tutorials_interfacesConfig-version.cmake
[5.247s] -- Installing: /workspace/install/action_tutorials_interfaces/share/action_tutorials_interfaces/package.xml
[5.256s] Invoked command in '/workspace/build/action_tutorials_interfaces' returned '0': CMAKE_PREFIX_PATH=${CMAKE_PREFIX_PATH}:/workspace/install/srvcli:/workspace/install/pubsub:/workspace/install/my_py_pkg:/workspace/install/my_package:/opt/ros/humble /usr/bin/cmake --install /workspace/build/action_tutorials_interfaces
