[0.272s] DEBUG:colcon:Command line arguments: ['/usr/bin/colcon', 'build']
[0.272s] DEBUG:colcon:Parsed command line arguments: Namespace(log_base=None, log_level=None, verb_name='build', build_base='build', install_base='install', merge_install=False, symlink_install=False, test_result_base=None, continue_on_error=False, executor='parallel', parallel_workers=12, event_handlers=None, ignore_user_meta=False, metas=['./colcon.meta'], base_paths=['.'], packages_ignore=None, packages_ignore_regex=None, paths=None, packages_up_to=None, packages_up_to_regex=None, packages_above=None, packages_above_and_dependencies=None, packages_above_depth=None, packages_select_by_dep=None, packages_skip_by_dep=None, packages_skip_up_to=None, packages_select_build_failed=False, packages_skip_build_finished=False, packages_select_test_failures=False, packages_skip_test_passed=False, packages_select=None, packages_skip=None, packages_select_regex=None, packages_skip_regex=None, packages_start=None, packages_end=None, cmake_args=None, cmake_target=None, cmake_target_skip_unavailable=False, cmake_clean_cache=False, cmake_clean_first=False, cmake_force_configure=False, ament_cmake_args=None, catkin_cmake_args=None, catkin_skip_building_tests=False, mixin_files=None, mixin=None, verb_parser=<colcon_mixin.mixin.mixin_argument.MixinArgumentDecorator object at 0x7fa295a91b40>, verb_extension=<colcon_core.verb.build.BuildVerb object at 0x7fa2962750f0>, main=<bound method BuildVerb.main of <colcon_core.verb.build.BuildVerb object at 0x7fa2962750f0>>, mixin_verb=('build',))
[0.300s] Level 1:colcon.colcon_core.package_discovery:discover_packages(colcon_meta) check parameters
[0.301s] INFO:colcon.colcon_metadata.package_discovery.colcon_meta:Using configuration from '/root/.colcon/metadata/default/Gazebo.meta'
[0.301s] INFO:colcon.colcon_metadata.package_discovery.colcon_meta:Using configuration from '/root/.colcon/metadata/default/fastrtps.meta'
[0.301s] Level 1:colcon.colcon_core.package_discovery:discover_packages(recursive) check parameters
[0.301s] Level 1:colcon.colcon_core.package_discovery:discover_packages(ignore) check parameters
[0.301s] Level 1:colcon.colcon_core.package_discovery:discover_packages(path) check parameters
[0.301s] Level 1:colcon.colcon_core.package_discovery:discover_packages(colcon_meta) discover
[0.301s] Level 1:colcon.colcon_core.package_discovery:discover_packages(recursive) discover
[0.301s] INFO:colcon.colcon_core.package_discovery:Crawling recursively for packages in '/workspace'
[0.302s] Level 1:colcon.colcon_core.package_identification:_identify(.) by extensions ['ignore', 'ignore_ament_install']
[0.302s] Level 1:colcon.colcon_core.package_identification:_identify(.) by extension 'ignore'
[0.302s] Level 1:colcon.colcon_core.package_identification:_identify(.) by extension 'ignore_ament_install'
[0.302s] Level 1:colcon.colcon_core.package_identification:_identify(.) by extensions ['colcon_pkg']
[0.302s] Level 1:colcon.colcon_core.package_identification:_identify(.) by extension 'colcon_pkg'
[0.302s] Level 1:colcon.colcon_core.package_identification:_identify(.) by extensions ['colcon_meta']
[0.302s] Level 1:colcon.colcon_core.package_identification:_identify(.) by extension 'colcon_meta'
[0.302s] Level 1:colcon.colcon_core.package_identification:_identify(.) by extensions ['ros']
[0.302s] Level 1:colcon.colcon_core.package_identification:_identify(.) by extension 'ros'
[0.311s] Level 1:colcon.colcon_core.package_identification:_identify(.) by extensions ['cmake', 'python']
[0.311s] Level 1:colcon.colcon_core.package_identification:_identify(.) by extension 'cmake'
[0.311s] Level 1:colcon.colcon_core.package_identification:_identify(.) by extension 'python'
[0.311s] Level 1:colcon.colcon_core.package_identification:_identify(.) by extensions ['python_setup_py']
[0.311s] Level 1:colcon.colcon_core.package_identification:_identify(.) by extension 'python_setup_py'
[0.311s] Level 1:colcon.colcon_core.package_identification:_identify(Desktop) by extensions ['ignore', 'ignore_ament_install']
[0.311s] Level 1:colcon.colcon_core.package_identification:_identify(Desktop) by extension 'ignore'
[0.311s] Level 1:colcon.colcon_core.package_identification:_identify(Desktop) by extension 'ignore_ament_install'
[0.312s] Level 1:colcon.colcon_core.package_identification:_identify(Desktop) by extensions ['colcon_pkg']
[0.312s] Level 1:colcon.colcon_core.package_identification:_identify(Desktop) by extension 'colcon_pkg'
[0.312s] Level 1:colcon.colcon_core.package_identification:_identify(Desktop) by extensions ['colcon_meta']
[0.312s] Level 1:colcon.colcon_core.package_identification:_identify(Desktop) by extension 'colcon_meta'
[0.312s] Level 1:colcon.colcon_core.package_identification:_identify(Desktop) by extensions ['ros']
[0.312s] Level 1:colcon.colcon_core.package_identification:_identify(Desktop) by extension 'ros'
[0.312s] Level 1:colcon.colcon_core.package_identification:_identify(Desktop) by extensions ['cmake', 'python']
[0.312s] Level 1:colcon.colcon_core.package_identification:_identify(Desktop) by extension 'cmake'
[0.312s] Level 1:colcon.colcon_core.package_identification:_identify(Desktop) by extension 'python'
[0.312s] Level 1:colcon.colcon_core.package_identification:_identify(Desktop) by extensions ['python_setup_py']
[0.312s] Level 1:colcon.colcon_core.package_identification:_identify(Desktop) by extension 'python_setup_py'
[0.312s] Level 1:colcon.colcon_core.package_identification:_identify(build) by extensions ['ignore', 'ignore_ament_install']
[0.312s] Level 1:colcon.colcon_core.package_identification:_identify(build) by extension 'ignore'
[0.312s] Level 1:colcon.colcon_core.package_identification:_identify(build) ignored
[0.312s] Level 1:colcon.colcon_core.package_identification:_identify(install) by extensions ['ignore', 'ignore_ament_install']
[0.312s] Level 1:colcon.colcon_core.package_identification:_identify(install) by extension 'ignore'
[0.312s] Level 1:colcon.colcon_core.package_identification:_identify(install) ignored
[0.312s] Level 1:colcon.colcon_core.package_identification:_identify(log) by extensions ['ignore', 'ignore_ament_install']
[0.312s] Level 1:colcon.colcon_core.package_identification:_identify(log) by extension 'ignore'
[0.313s] Level 1:colcon.colcon_core.package_identification:_identify(log) ignored
[0.313s] Level 1:colcon.colcon_core.package_identification:_identify(src) by extensions ['ignore', 'ignore_ament_install']
[0.313s] Level 1:colcon.colcon_core.package_identification:_identify(src) by extension 'ignore'
[0.313s] Level 1:colcon.colcon_core.package_identification:_identify(src) by extension 'ignore_ament_install'
[0.313s] Level 1:colcon.colcon_core.package_identification:_identify(src) by extensions ['colcon_pkg']
[0.313s] Level 1:colcon.colcon_core.package_identification:_identify(src) by extension 'colcon_pkg'
[0.313s] Level 1:colcon.colcon_core.package_identification:_identify(src) by extensions ['colcon_meta']
[0.313s] Level 1:colcon.colcon_core.package_identification:_identify(src) by extension 'colcon_meta'
[0.313s] Level 1:colcon.colcon_core.package_identification:_identify(src) by extensions ['ros']
[0.313s] Level 1:colcon.colcon_core.package_identification:_identify(src) by extension 'ros'
[0.313s] Level 1:colcon.colcon_core.package_identification:_identify(src) by extensions ['cmake', 'python']
[0.313s] Level 1:colcon.colcon_core.package_identification:_identify(src) by extension 'cmake'
[0.313s] Level 1:colcon.colcon_core.package_identification:_identify(src) by extension 'python'
[0.313s] Level 1:colcon.colcon_core.package_identification:_identify(src) by extensions ['python_setup_py']
[0.313s] Level 1:colcon.colcon_core.package_identification:_identify(src) by extension 'python_setup_py'
[0.313s] Level 1:colcon.colcon_core.package_identification:_identify(src/my_py_pkg) by extensions ['ignore', 'ignore_ament_install']
[0.313s] Level 1:colcon.colcon_core.package_identification:_identify(src/my_py_pkg) by extension 'ignore'
[0.313s] Level 1:colcon.colcon_core.package_identification:_identify(src/my_py_pkg) by extension 'ignore_ament_install'
[0.313s] Level 1:colcon.colcon_core.package_identification:_identify(src/my_py_pkg) by extensions ['colcon_pkg']
[0.313s] Level 1:colcon.colcon_core.package_identification:_identify(src/my_py_pkg) by extension 'colcon_pkg'
[0.313s] Level 1:colcon.colcon_core.package_identification:_identify(src/my_py_pkg) by extensions ['colcon_meta']
[0.313s] Level 1:colcon.colcon_core.package_identification:_identify(src/my_py_pkg) by extension 'colcon_meta'
[0.313s] Level 1:colcon.colcon_core.package_identification:_identify(src/my_py_pkg) by extensions ['ros']
[0.313s] Level 1:colcon.colcon_core.package_identification:_identify(src/my_py_pkg) by extension 'ros'
[0.315s] DEBUG:colcon.colcon_core.package_identification:Package 'src/my_py_pkg' with type 'ros.ament_python' and name 'my_py_pkg'
[0.315s] Level 1:colcon.colcon_core.package_identification:_identify(src/pubsub) by extensions ['ignore', 'ignore_ament_install']
[0.315s] Level 1:colcon.colcon_core.package_identification:_identify(src/pubsub) by extension 'ignore'
[0.316s] Level 1:colcon.colcon_core.package_identification:_identify(src/pubsub) by extension 'ignore_ament_install'
[0.316s] Level 1:colcon.colcon_core.package_identification:_identify(src/pubsub) by extensions ['colcon_pkg']
[0.316s] Level 1:colcon.colcon_core.package_identification:_identify(src/pubsub) by extension 'colcon_pkg'
[0.316s] Level 1:colcon.colcon_core.package_identification:_identify(src/pubsub) by extensions ['colcon_meta']
[0.316s] Level 1:colcon.colcon_core.package_identification:_identify(src/pubsub) by extension 'colcon_meta'
[0.316s] Level 1:colcon.colcon_core.package_identification:_identify(src/pubsub) by extensions ['ros']
[0.316s] Level 1:colcon.colcon_core.package_identification:_identify(src/pubsub) by extension 'ros'
[0.316s] DEBUG:colcon.colcon_core.package_identification:Package 'src/pubsub' with type 'ros.ament_python' and name 'pubsub'
[0.316s] Level 1:colcon.colcon_core.package_identification:_identify(src/ros_interfaces) by extensions ['ignore', 'ignore_ament_install']
[0.316s] Level 1:colcon.colcon_core.package_identification:_identify(src/ros_interfaces) by extension 'ignore'
[0.316s] Level 1:colcon.colcon_core.package_identification:_identify(src/ros_interfaces) by extension 'ignore_ament_install'
[0.316s] Level 1:colcon.colcon_core.package_identification:_identify(src/ros_interfaces) by extensions ['colcon_pkg']
[0.316s] Level 1:colcon.colcon_core.package_identification:_identify(src/ros_interfaces) by extension 'colcon_pkg'
[0.317s] Level 1:colcon.colcon_core.package_identification:_identify(src/ros_interfaces) by extensions ['colcon_meta']
[0.317s] Level 1:colcon.colcon_core.package_identification:_identify(src/ros_interfaces) by extension 'colcon_meta'
[0.317s] Level 1:colcon.colcon_core.package_identification:_identify(src/ros_interfaces) by extensions ['ros']
[0.317s] Level 1:colcon.colcon_core.package_identification:_identify(src/ros_interfaces) by extension 'ros'
[0.317s] DEBUG:colcon.colcon_core.package_identification:Package 'src/ros_interfaces' with type 'ros.ament_cmake' and name 'ros_interfaces'
[0.317s] Level 1:colcon.colcon_core.package_identification:_identify(srvcli) by extensions ['ignore', 'ignore_ament_install']
[0.317s] Level 1:colcon.colcon_core.package_identification:_identify(srvcli) by extension 'ignore'
[0.317s] Level 1:colcon.colcon_core.package_identification:_identify(srvcli) by extension 'ignore_ament_install'
[0.317s] Level 1:colcon.colcon_core.package_identification:_identify(srvcli) by extensions ['colcon_pkg']
[0.317s] Level 1:colcon.colcon_core.package_identification:_identify(srvcli) by extension 'colcon_pkg'
[0.317s] Level 1:colcon.colcon_core.package_identification:_identify(srvcli) by extensions ['colcon_meta']
[0.317s] Level 1:colcon.colcon_core.package_identification:_identify(srvcli) by extension 'colcon_meta'
[0.318s] Level 1:colcon.colcon_core.package_identification:_identify(srvcli) by extensions ['ros']
[0.318s] Level 1:colcon.colcon_core.package_identification:_identify(srvcli) by extension 'ros'
[0.318s] DEBUG:colcon.colcon_core.package_identification:Package 'srvcli' with type 'ros.ament_python' and name 'srvcli'
[0.318s] Level 1:colcon.colcon_core.package_identification:_identify(tutorial_interfaces) by extensions ['ignore', 'ignore_ament_install']
[0.318s] Level 1:colcon.colcon_core.package_identification:_identify(tutorial_interfaces) by extension 'ignore'
[0.318s] Level 1:colcon.colcon_core.package_identification:_identify(tutorial_interfaces) by extension 'ignore_ament_install'
[0.318s] Level 1:colcon.colcon_core.package_identification:_identify(tutorial_interfaces) by extensions ['colcon_pkg']
[0.318s] Level 1:colcon.colcon_core.package_identification:_identify(tutorial_interfaces) by extension 'colcon_pkg'
[0.318s] Level 1:colcon.colcon_core.package_identification:_identify(tutorial_interfaces) by extensions ['colcon_meta']
[0.318s] Level 1:colcon.colcon_core.package_identification:_identify(tutorial_interfaces) by extension 'colcon_meta'
[0.319s] Level 1:colcon.colcon_core.package_identification:_identify(tutorial_interfaces) by extensions ['ros']
[0.319s] Level 1:colcon.colcon_core.package_identification:_identify(tutorial_interfaces) by extension 'ros'
[0.319s] DEBUG:colcon.colcon_core.package_identification:Package 'tutorial_interfaces' with type 'ros.ament_cmake' and name 'tutorial_interfaces'
[0.319s] Level 1:colcon.colcon_core.package_discovery:discover_packages(recursive) using defaults
[0.319s] Level 1:colcon.colcon_core.package_discovery:discover_packages(ignore) discover
[0.319s] Level 1:colcon.colcon_core.package_discovery:discover_packages(ignore) using defaults
[0.319s] Level 1:colcon.colcon_core.package_discovery:discover_packages(path) discover
[0.319s] Level 1:colcon.colcon_core.package_discovery:discover_packages(path) using defaults
[0.338s] Level 5:colcon.colcon_core.verb:set package 'my_py_pkg' build argument 'cmake_args' from command line to 'None'
[0.338s] Level 5:colcon.colcon_core.verb:set package 'my_py_pkg' build argument 'cmake_target' from command line to 'None'
[0.338s] Level 5:colcon.colcon_core.verb:set package 'my_py_pkg' build argument 'cmake_target_skip_unavailable' from command line to 'False'
[0.338s] Level 5:colcon.colcon_core.verb:set package 'my_py_pkg' build argument 'cmake_clean_cache' from command line to 'False'
[0.338s] Level 5:colcon.colcon_core.verb:set package 'my_py_pkg' build argument 'cmake_clean_first' from command line to 'False'
[0.338s] Level 5:colcon.colcon_core.verb:set package 'my_py_pkg' build argument 'cmake_force_configure' from command line to 'False'
[0.338s] Level 5:colcon.colcon_core.verb:set package 'my_py_pkg' build argument 'ament_cmake_args' from command line to 'None'
[0.338s] Level 5:colcon.colcon_core.verb:set package 'my_py_pkg' build argument 'catkin_cmake_args' from command line to 'None'
[0.338s] Level 5:colcon.colcon_core.verb:set package 'my_py_pkg' build argument 'catkin_skip_building_tests' from command line to 'False'
[0.338s] DEBUG:colcon.colcon_core.verb:Building package 'my_py_pkg' with the following arguments: {'ament_cmake_args': None, 'build_base': '/workspace/build/my_py_pkg', 'catkin_cmake_args': None, 'catkin_skip_building_tests': False, 'cmake_args': None, 'cmake_clean_cache': False, 'cmake_clean_first': False, 'cmake_force_configure': False, 'cmake_target': None, 'cmake_target_skip_unavailable': False, 'install_base': '/workspace/install/my_py_pkg', 'merge_install': False, 'path': '/workspace/src/my_py_pkg', 'symlink_install': False, 'test_result_base': None}
[0.339s] Level 5:colcon.colcon_core.verb:set package 'ros_interfaces' build argument 'cmake_args' from command line to 'None'
[0.339s] Level 5:colcon.colcon_core.verb:set package 'ros_interfaces' build argument 'cmake_target' from command line to 'None'
[0.339s] Level 5:colcon.colcon_core.verb:set package 'ros_interfaces' build argument 'cmake_target_skip_unavailable' from command line to 'False'
[0.339s] Level 5:colcon.colcon_core.verb:set package 'ros_interfaces' build argument 'cmake_clean_cache' from command line to 'False'
[0.339s] Level 5:colcon.colcon_core.verb:set package 'ros_interfaces' build argument 'cmake_clean_first' from command line to 'False'
[0.339s] Level 5:colcon.colcon_core.verb:set package 'ros_interfaces' build argument 'cmake_force_configure' from command line to 'False'
[0.339s] Level 5:colcon.colcon_core.verb:set package 'ros_interfaces' build argument 'ament_cmake_args' from command line to 'None'
[0.339s] Level 5:colcon.colcon_core.verb:set package 'ros_interfaces' build argument 'catkin_cmake_args' from command line to 'None'
[0.339s] Level 5:colcon.colcon_core.verb:set package 'ros_interfaces' build argument 'catkin_skip_building_tests' from command line to 'False'
[0.339s] DEBUG:colcon.colcon_core.verb:Building package 'ros_interfaces' with the following arguments: {'ament_cmake_args': None, 'build_base': '/workspace/build/ros_interfaces', 'catkin_cmake_args': None, 'catkin_skip_building_tests': False, 'cmake_args': None, 'cmake_clean_cache': False, 'cmake_clean_first': False, 'cmake_force_configure': False, 'cmake_target': None, 'cmake_target_skip_unavailable': False, 'install_base': '/workspace/install/ros_interfaces', 'merge_install': False, 'path': '/workspace/src/ros_interfaces', 'symlink_install': False, 'test_result_base': None}
[0.340s] Level 5:colcon.colcon_core.verb:set package 'tutorial_interfaces' build argument 'cmake_args' from command line to 'None'
[0.340s] Level 5:colcon.colcon_core.verb:set package 'tutorial_interfaces' build argument 'cmake_target' from command line to 'None'
[0.340s] Level 5:colcon.colcon_core.verb:set package 'tutorial_interfaces' build argument 'cmake_target_skip_unavailable' from command line to 'False'
[0.340s] Level 5:colcon.colcon_core.verb:set package 'tutorial_interfaces' build argument 'cmake_clean_cache' from command line to 'False'
[0.340s] Level 5:colcon.colcon_core.verb:set package 'tutorial_interfaces' build argument 'cmake_clean_first' from command line to 'False'
[0.340s] Level 5:colcon.colcon_core.verb:set package 'tutorial_interfaces' build argument 'cmake_force_configure' from command line to 'False'
[0.340s] Level 5:colcon.colcon_core.verb:set package 'tutorial_interfaces' build argument 'ament_cmake_args' from command line to 'None'
[0.340s] Level 5:colcon.colcon_core.verb:set package 'tutorial_interfaces' build argument 'catkin_cmake_args' from command line to 'None'
[0.340s] Level 5:colcon.colcon_core.verb:set package 'tutorial_interfaces' build argument 'catkin_skip_building_tests' from command line to 'False'
[0.340s] DEBUG:colcon.colcon_core.verb:Building package 'tutorial_interfaces' with the following arguments: {'ament_cmake_args': None, 'build_base': '/workspace/build/tutorial_interfaces', 'catkin_cmake_args': None, 'catkin_skip_building_tests': False, 'cmake_args': None, 'cmake_clean_cache': False, 'cmake_clean_first': False, 'cmake_force_configure': False, 'cmake_target': None, 'cmake_target_skip_unavailable': False, 'install_base': '/workspace/install/tutorial_interfaces', 'merge_install': False, 'path': '/workspace/tutorial_interfaces', 'symlink_install': False, 'test_result_base': None}
[0.341s] Level 5:colcon.colcon_core.verb:set package 'pubsub' build argument 'cmake_args' from command line to 'None'
[0.341s] Level 5:colcon.colcon_core.verb:set package 'pubsub' build argument 'cmake_target' from command line to 'None'
[0.341s] Level 5:colcon.colcon_core.verb:set package 'pubsub' build argument 'cmake_target_skip_unavailable' from command line to 'False'
[0.341s] Level 5:colcon.colcon_core.verb:set package 'pubsub' build argument 'cmake_clean_cache' from command line to 'False'
[0.341s] Level 5:colcon.colcon_core.verb:set package 'pubsub' build argument 'cmake_clean_first' from command line to 'False'
[0.341s] Level 5:colcon.colcon_core.verb:set package 'pubsub' build argument 'cmake_force_configure' from command line to 'False'
[0.341s] Level 5:colcon.colcon_core.verb:set package 'pubsub' build argument 'ament_cmake_args' from command line to 'None'
[0.341s] Level 5:colcon.colcon_core.verb:set package 'pubsub' build argument 'catkin_cmake_args' from command line to 'None'
[0.341s] Level 5:colcon.colcon_core.verb:set package 'pubsub' build argument 'catkin_skip_building_tests' from command line to 'False'
[0.341s] DEBUG:colcon.colcon_core.verb:Building package 'pubsub' with the following arguments: {'ament_cmake_args': None, 'build_base': '/workspace/build/pubsub', 'catkin_cmake_args': None, 'catkin_skip_building_tests': False, 'cmake_args': None, 'cmake_clean_cache': False, 'cmake_clean_first': False, 'cmake_force_configure': False, 'cmake_target': None, 'cmake_target_skip_unavailable': False, 'install_base': '/workspace/install/pubsub', 'merge_install': False, 'path': '/workspace/src/pubsub', 'symlink_install': False, 'test_result_base': None}
[0.342s] Level 5:colcon.colcon_core.verb:set package 'srvcli' build argument 'cmake_args' from command line to 'None'
[0.342s] Level 5:colcon.colcon_core.verb:set package 'srvcli' build argument 'cmake_target' from command line to 'None'
[0.342s] Level 5:colcon.colcon_core.verb:set package 'srvcli' build argument 'cmake_target_skip_unavailable' from command line to 'False'
[0.342s] Level 5:colcon.colcon_core.verb:set package 'srvcli' build argument 'cmake_clean_cache' from command line to 'False'
[0.342s] Level 5:colcon.colcon_core.verb:set package 'srvcli' build argument 'cmake_clean_first' from command line to 'False'
[0.342s] Level 5:colcon.colcon_core.verb:set package 'srvcli' build argument 'cmake_force_configure' from command line to 'False'
[0.342s] Level 5:colcon.colcon_core.verb:set package 'srvcli' build argument 'ament_cmake_args' from command line to 'None'
[0.342s] Level 5:colcon.colcon_core.verb:set package 'srvcli' build argument 'catkin_cmake_args' from command line to 'None'
[0.342s] Level 5:colcon.colcon_core.verb:set package 'srvcli' build argument 'catkin_skip_building_tests' from command line to 'False'
[0.342s] DEBUG:colcon.colcon_core.verb:Building package 'srvcli' with the following arguments: {'ament_cmake_args': None, 'build_base': '/workspace/build/srvcli', 'catkin_cmake_args': None, 'catkin_skip_building_tests': False, 'cmake_args': None, 'cmake_clean_cache': False, 'cmake_clean_first': False, 'cmake_force_configure': False, 'cmake_target': None, 'cmake_target_skip_unavailable': False, 'install_base': '/workspace/install/srvcli', 'merge_install': False, 'path': '/workspace/srvcli', 'symlink_install': False, 'test_result_base': None}
[0.342s] INFO:colcon.colcon_core.executor:Executing jobs using 'parallel' executor
[0.345s] DEBUG:colcon.colcon_parallel_executor.executor.parallel:run_until_complete
[0.345s] INFO:colcon.colcon_ros.task.ament_cmake.build:Building ROS package in '/workspace/tutorial_interfaces' with build type 'ament_cmake'
[0.345s] INFO:colcon.colcon_cmake.task.cmake.build:Building CMake package in '/workspace/tutorial_interfaces'
[0.350s] INFO:colcon.colcon_core.plugin_system:Skipping extension 'colcon_core.shell.bat': Not used on non-Windows systems
[0.350s] INFO:colcon.colcon_core.shell:Skip shell extension 'powershell' for command environment: Not usable outside of PowerShell
[0.350s] DEBUG:colcon.colcon_core.shell:Skip shell extension 'dsv' for command environment
[0.356s] INFO:colcon.colcon_ros.task.ament_python.build:Building ROS package in '/workspace/src/my_py_pkg' with build type 'ament_python'
[0.356s] Level 1:colcon.colcon_core.shell:create_environment_hook('my_py_pkg', 'ament_prefix_path')
[0.359s] INFO:colcon.colcon_core.shell:Creating environment hook '/workspace/install/my_py_pkg/share/my_py_pkg/hook/ament_prefix_path.ps1'
[0.360s] INFO:colcon.colcon_core.shell:Creating environment descriptor '/workspace/install/my_py_pkg/share/my_py_pkg/hook/ament_prefix_path.dsv'
[0.360s] INFO:colcon.colcon_core.shell:Creating environment hook '/workspace/install/my_py_pkg/share/my_py_pkg/hook/ament_prefix_path.sh'
[0.362s] INFO:colcon.colcon_core.shell:Skip shell extension 'powershell' for command environment: Not usable outside of PowerShell
[0.362s] DEBUG:colcon.colcon_core.shell:Skip shell extension 'dsv' for command environment
[0.366s] INFO:colcon.colcon_ros.task.ament_cmake.build:Building ROS package in '/workspace/src/ros_interfaces' with build type 'ament_cmake'
[0.366s] INFO:colcon.colcon_cmake.task.cmake.build:Building CMake package in '/workspace/src/ros_interfaces'
[0.369s] INFO:colcon.colcon_core.shell:Skip shell extension 'powershell' for command environment: Not usable outside of PowerShell
[0.369s] DEBUG:colcon.colcon_core.shell:Skip shell extension 'dsv' for command environment
[0.380s] DEBUG:colcon.colcon_core.event_handler.log_command:Invoking command in '/workspace/build/tutorial_interfaces': CMAKE_PREFIX_PATH=${CMAKE_PREFIX_PATH}:/workspace/install/pubsub:/workspace/install/srvcli:/workspace/install/my_py_pkg:/workspace/install/my_package:/opt/ros/humble /usr/bin/cmake --build /workspace/build/tutorial_interfaces -- -j12 -l12
[0.718s] INFO:colcon.colcon_core.task.python.build:Building Python package in '/workspace/src/my_py_pkg'
[0.719s] INFO:colcon.colcon_core.shell:Skip shell extension 'powershell' for command environment: Not usable outside of PowerShell
[0.719s] DEBUG:colcon.colcon_core.shell:Skip shell extension 'dsv' for command environment
[0.737s] DEBUG:colcon.colcon_core.event_handler.log_command:Invoking command in '/workspace/build/ros_interfaces': CMAKE_PREFIX_PATH=${CMAKE_PREFIX_PATH}:/workspace/install/pubsub:/workspace/install/srvcli:/workspace/install/my_py_pkg:/workspace/install/my_package:/opt/ros/humble /usr/bin/cmake --build /workspace/build/ros_interfaces -- -j12 -l12
[0.775s] DEBUG:colcon.colcon_core.event_handler.log_command:Invoked command in '/workspace/build/tutorial_interfaces' returned '0': CMAKE_PREFIX_PATH=${CMAKE_PREFIX_PATH}:/workspace/install/pubsub:/workspace/install/srvcli:/workspace/install/my_py_pkg:/workspace/install/my_package:/opt/ros/humble /usr/bin/cmake --build /workspace/build/tutorial_interfaces -- -j12 -l12
[0.989s] DEBUG:colcon.colcon_core.event_handler.log_command:Invoking command in '/workspace/build/tutorial_interfaces': CMAKE_PREFIX_PATH=${CMAKE_PREFIX_PATH}:/workspace/install/pubsub:/workspace/install/srvcli:/workspace/install/my_py_pkg:/workspace/install/my_package:/opt/ros/humble /usr/bin/cmake --install /workspace/build/tutorial_interfaces
[1.069s] Level 1:colcon.colcon_core.environment:create_environment_scripts_only(tutorial_interfaces)
[1.070s] DEBUG:colcon.colcon_core.event_handler.log_command:Invoked command in '/workspace/build/tutorial_interfaces' returned '0': CMAKE_PREFIX_PATH=${CMAKE_PREFIX_PATH}:/workspace/install/pubsub:/workspace/install/srvcli:/workspace/install/my_py_pkg:/workspace/install/my_package:/opt/ros/humble /usr/bin/cmake --install /workspace/build/tutorial_interfaces
[1.077s] Level 1:colcon.colcon_core.environment:checking '/workspace/install/tutorial_interfaces' for CMake module files
[1.078s] Level 1:colcon.colcon_core.environment:checking '/workspace/install/tutorial_interfaces' for CMake config files
[1.079s] Level 1:colcon.colcon_core.shell:create_environment_hook('tutorial_interfaces', 'cmake_prefix_path')
[1.081s] INFO:colcon.colcon_core.shell:Creating environment hook '/workspace/install/tutorial_interfaces/share/tutorial_interfaces/hook/cmake_prefix_path.ps1'
[1.081s] INFO:colcon.colcon_core.shell:Creating environment descriptor '/workspace/install/tutorial_interfaces/share/tutorial_interfaces/hook/cmake_prefix_path.dsv'
[1.082s] INFO:colcon.colcon_core.shell:Creating environment hook '/workspace/install/tutorial_interfaces/share/tutorial_interfaces/hook/cmake_prefix_path.sh'
[1.082s] Level 1:colcon.colcon_core.environment:checking '/workspace/install/tutorial_interfaces/lib'
[1.083s] Level 1:colcon.colcon_core.shell:create_environment_hook('tutorial_interfaces', 'ld_library_path_lib')
[1.084s] INFO:colcon.colcon_core.shell:Creating environment hook '/workspace/install/tutorial_interfaces/share/tutorial_interfaces/hook/ld_library_path_lib.ps1'
[1.084s] INFO:colcon.colcon_core.shell:Creating environment descriptor '/workspace/install/tutorial_interfaces/share/tutorial_interfaces/hook/ld_library_path_lib.dsv'
[1.085s] INFO:colcon.colcon_core.shell:Creating environment hook '/workspace/install/tutorial_interfaces/share/tutorial_interfaces/hook/ld_library_path_lib.sh'
[1.086s] Level 1:colcon.colcon_core.environment:checking '/workspace/install/tutorial_interfaces/bin'
[1.086s] Level 1:colcon.colcon_core.environment:checking '/workspace/install/tutorial_interfaces/lib/pkgconfig/tutorial_interfaces.pc'
[1.086s] Level 1:colcon.colcon_core.environment:checking '/workspace/install/tutorial_interfaces/lib/python3.10/site-packages'
[1.087s] Level 1:colcon.colcon_core.environment:checking '/workspace/install/tutorial_interfaces/bin'
[1.089s] INFO:colcon.colcon_core.shell:Creating package script '/workspace/install/tutorial_interfaces/share/tutorial_interfaces/package.ps1'
[1.090s] INFO:colcon.colcon_core.shell:Creating package descriptor '/workspace/install/tutorial_interfaces/share/tutorial_interfaces/package.dsv'
[1.091s] INFO:colcon.colcon_core.shell:Creating package script '/workspace/install/tutorial_interfaces/share/tutorial_interfaces/package.sh'
[1.091s] INFO:colcon.colcon_core.shell:Creating package script '/workspace/install/tutorial_interfaces/share/tutorial_interfaces/package.bash'
[1.092s] INFO:colcon.colcon_core.shell:Creating package script '/workspace/install/tutorial_interfaces/share/tutorial_interfaces/package.zsh'
[1.093s] Level 1:colcon.colcon_core.environment:create_file_with_runtime_dependencies(/workspace/install/tutorial_interfaces/share/colcon-core/packages/tutorial_interfaces)
[1.179s] DEBUG:colcon.colcon_core.event_handler.log_command:Invoking command in '/workspace/src/my_py_pkg': PYTHONPATH=/workspace/build/my_py_pkg/prefix_override:/workspace/install/my_py_pkg/lib/python3.10/site-packages:${PYTHONPATH} /usr/bin/python3 setup.py egg_info --egg-base ../../build/my_py_pkg build --build-base /workspace/build/my_py_pkg/build install --record /workspace/build/my_py_pkg/install.log --single-version-externally-managed
[1.194s] DEBUG:colcon.colcon_core.event_handler.log_command:Invoked command in '/workspace/build/ros_interfaces' returned '0': CMAKE_PREFIX_PATH=${CMAKE_PREFIX_PATH}:/workspace/install/pubsub:/workspace/install/srvcli:/workspace/install/my_py_pkg:/workspace/install/my_package:/opt/ros/humble /usr/bin/cmake --build /workspace/build/ros_interfaces -- -j12 -l12
[1.255s] Level 1:colcon.colcon_core.environment:create_environment_scripts_only(tutorial_interfaces)
[1.257s] Level 1:colcon.colcon_core.environment:checking '/workspace/install/tutorial_interfaces' for CMake module files
[1.258s] Level 1:colcon.colcon_core.environment:checking '/workspace/install/tutorial_interfaces' for CMake config files
[1.259s] Level 1:colcon.colcon_core.shell:create_environment_hook('tutorial_interfaces', 'cmake_prefix_path')
[1.260s] INFO:colcon.colcon_core.shell:Creating environment hook '/workspace/install/tutorial_interfaces/share/tutorial_interfaces/hook/cmake_prefix_path.ps1'
[1.260s] INFO:colcon.colcon_core.shell:Creating environment descriptor '/workspace/install/tutorial_interfaces/share/tutorial_interfaces/hook/cmake_prefix_path.dsv'
[1.261s] INFO:colcon.colcon_core.shell:Creating environment hook '/workspace/install/tutorial_interfaces/share/tutorial_interfaces/hook/cmake_prefix_path.sh'
[1.261s] Level 1:colcon.colcon_core.environment:checking '/workspace/install/tutorial_interfaces/lib'
[1.261s] Level 1:colcon.colcon_core.shell:create_environment_hook('tutorial_interfaces', 'ld_library_path_lib')
[1.262s] INFO:colcon.colcon_core.shell:Creating environment hook '/workspace/install/tutorial_interfaces/share/tutorial_interfaces/hook/ld_library_path_lib.ps1'
[1.263s] INFO:colcon.colcon_core.shell:Creating environment descriptor '/workspace/install/tutorial_interfaces/share/tutorial_interfaces/hook/ld_library_path_lib.dsv'
[1.263s] INFO:colcon.colcon_core.shell:Creating environment hook '/workspace/install/tutorial_interfaces/share/tutorial_interfaces/hook/ld_library_path_lib.sh'
[1.263s] Level 1:colcon.colcon_core.environment:checking '/workspace/install/tutorial_interfaces/bin'
[1.263s] Level 1:colcon.colcon_core.environment:checking '/workspace/install/tutorial_interfaces/lib/pkgconfig/tutorial_interfaces.pc'
[1.264s] Level 1:colcon.colcon_core.environment:checking '/workspace/install/tutorial_interfaces/lib/python3.10/site-packages'
[1.264s] Level 1:colcon.colcon_core.environment:checking '/workspace/install/tutorial_interfaces/bin'
[1.265s] INFO:colcon.colcon_core.shell:Creating package script '/workspace/install/tutorial_interfaces/share/tutorial_interfaces/package.ps1'
[1.266s] INFO:colcon.colcon_core.shell:Creating package descriptor '/workspace/install/tutorial_interfaces/share/tutorial_interfaces/package.dsv'
[1.266s] INFO:colcon.colcon_core.shell:Creating package script '/workspace/install/tutorial_interfaces/share/tutorial_interfaces/package.sh'
[1.267s] INFO:colcon.colcon_core.shell:Creating package script '/workspace/install/tutorial_interfaces/share/tutorial_interfaces/package.bash'
[1.267s] INFO:colcon.colcon_core.shell:Creating package script '/workspace/install/tutorial_interfaces/share/tutorial_interfaces/package.zsh'
[1.268s] Level 1:colcon.colcon_core.environment:create_file_with_runtime_dependencies(/workspace/install/tutorial_interfaces/share/colcon-core/packages/tutorial_interfaces)
[1.269s] INFO:colcon.colcon_ros.task.ament_python.build:Building ROS package in '/workspace/src/pubsub' with build type 'ament_python'
[1.269s] Level 1:colcon.colcon_core.shell:create_environment_hook('pubsub', 'ament_prefix_path')
[1.272s] INFO:colcon.colcon_core.shell:Creating environment hook '/workspace/install/pubsub/share/pubsub/hook/ament_prefix_path.ps1'
[1.273s] INFO:colcon.colcon_core.shell:Creating environment descriptor '/workspace/install/pubsub/share/pubsub/hook/ament_prefix_path.dsv'
[1.274s] INFO:colcon.colcon_core.shell:Creating environment hook '/workspace/install/pubsub/share/pubsub/hook/ament_prefix_path.sh'
[1.277s] INFO:colcon.colcon_core.shell:Skip shell extension 'powershell' for command environment: Not usable outside of PowerShell
[1.277s] DEBUG:colcon.colcon_core.shell:Skip shell extension 'dsv' for command environment
[1.288s] INFO:colcon.colcon_ros.task.ament_python.build:Building ROS package in '/workspace/srvcli' with build type 'ament_python'
[1.288s] Level 1:colcon.colcon_core.shell:create_environment_hook('srvcli', 'ament_prefix_path')
[1.291s] INFO:colcon.colcon_core.shell:Creating environment hook '/workspace/install/srvcli/share/srvcli/hook/ament_prefix_path.ps1'
[1.292s] INFO:colcon.colcon_core.shell:Creating environment descriptor '/workspace/install/srvcli/share/srvcli/hook/ament_prefix_path.dsv'
[1.293s] INFO:colcon.colcon_core.shell:Creating environment hook '/workspace/install/srvcli/share/srvcli/hook/ament_prefix_path.sh'
[1.297s] INFO:colcon.colcon_core.shell:Skip shell extension 'powershell' for command environment: Not usable outside of PowerShell
[1.297s] DEBUG:colcon.colcon_core.shell:Skip shell extension 'dsv' for command environment
[1.572s] INFO:colcon.colcon_core.task.python.build:Building Python package in '/workspace/src/pubsub'
[1.574s] INFO:colcon.colcon_core.shell:Skip shell extension 'powershell' for command environment: Not usable outside of PowerShell
[1.574s] DEBUG:colcon.colcon_core.shell:Skip shell extension 'dsv' for command environment
[1.582s] DEBUG:colcon.colcon_core.event_handler.log_command:Invoking command in '/workspace/build/ros_interfaces': CMAKE_PREFIX_PATH=${CMAKE_PREFIX_PATH}:/workspace/install/pubsub:/workspace/install/srvcli:/workspace/install/my_py_pkg:/workspace/install/my_package:/opt/ros/humble /usr/bin/cmake --install /workspace/build/ros_interfaces
[1.809s] INFO:colcon.colcon_core.task.python.build:Building Python package in '/workspace/srvcli'
[1.810s] INFO:colcon.colcon_core.shell:Skip shell extension 'powershell' for command environment: Not usable outside of PowerShell
[1.810s] DEBUG:colcon.colcon_core.shell:Skip shell extension 'dsv' for command environment
[1.816s] Level 1:colcon.colcon_core.environment:checking '/workspace/install/my_py_pkg' for CMake module files
[1.817s] DEBUG:colcon.colcon_core.event_handler.log_command:Invoked command in '/workspace/src/my_py_pkg' returned '0': PYTHONPATH=/workspace/build/my_py_pkg/prefix_override:/workspace/install/my_py_pkg/lib/python3.10/site-packages:${PYTHONPATH} /usr/bin/python3 setup.py egg_info --egg-base ../../build/my_py_pkg build --build-base /workspace/build/my_py_pkg/build install --record /workspace/build/my_py_pkg/install.log --single-version-externally-managed
[1.819s] Level 1:colcon.colcon_core.environment:checking '/workspace/install/my_py_pkg' for CMake config files
[1.822s] Level 1:colcon.colcon_core.environment:checking '/workspace/install/my_py_pkg/lib'
[1.822s] Level 1:colcon.colcon_core.environment:checking '/workspace/install/my_py_pkg/bin'
[1.822s] Level 1:colcon.colcon_core.environment:checking '/workspace/install/my_py_pkg/lib/pkgconfig/my_py_pkg.pc'
[1.823s] Level 1:colcon.colcon_core.environment:checking '/workspace/install/my_py_pkg/lib/python3.10/site-packages'
[1.823s] Level 1:colcon.colcon_core.shell:create_environment_hook('my_py_pkg', 'pythonpath')
[1.824s] INFO:colcon.colcon_core.shell:Creating environment hook '/workspace/install/my_py_pkg/share/my_py_pkg/hook/pythonpath.ps1'
[1.825s] INFO:colcon.colcon_core.shell:Creating environment descriptor '/workspace/install/my_py_pkg/share/my_py_pkg/hook/pythonpath.dsv'
[1.826s] INFO:colcon.colcon_core.shell:Creating environment hook '/workspace/install/my_py_pkg/share/my_py_pkg/hook/pythonpath.sh'
[1.826s] Level 1:colcon.colcon_core.environment:checking '/workspace/install/my_py_pkg/bin'
[1.826s] Level 1:colcon.colcon_core.environment:create_environment_scripts_only(my_py_pkg)
[1.828s] INFO:colcon.colcon_core.shell:Creating package script '/workspace/install/my_py_pkg/share/my_py_pkg/package.ps1'
[1.828s] INFO:colcon.colcon_core.shell:Creating package descriptor '/workspace/install/my_py_pkg/share/my_py_pkg/package.dsv'
[1.829s] INFO:colcon.colcon_core.shell:Creating package script '/workspace/install/my_py_pkg/share/my_py_pkg/package.sh'
[1.829s] INFO:colcon.colcon_core.shell:Creating package script '/workspace/install/my_py_pkg/share/my_py_pkg/package.bash'
[1.830s] INFO:colcon.colcon_core.shell:Creating package script '/workspace/install/my_py_pkg/share/my_py_pkg/package.zsh'
[1.830s] Level 1:colcon.colcon_core.environment:create_file_with_runtime_dependencies(/workspace/install/my_py_pkg/share/colcon-core/packages/my_py_pkg)
[1.835s] Level 1:colcon.colcon_core.environment:create_environment_scripts_only(ros_interfaces)
[1.839s] Level 1:colcon.colcon_core.environment:checking '/workspace/install/ros_interfaces' for CMake module files
[1.843s] Level 1:colcon.colcon_core.environment:checking '/workspace/install/ros_interfaces' for CMake config files
[1.847s] Level 1:colcon.colcon_core.shell:create_environment_hook('ros_interfaces', 'cmake_prefix_path')
[1.849s] INFO:colcon.colcon_core.shell:Creating environment hook '/workspace/install/ros_interfaces/share/ros_interfaces/hook/cmake_prefix_path.ps1'
[1.850s] INFO:colcon.colcon_core.shell:Creating environment descriptor '/workspace/install/ros_interfaces/share/ros_interfaces/hook/cmake_prefix_path.dsv'
[1.852s] INFO:colcon.colcon_core.shell:Creating environment hook '/workspace/install/ros_interfaces/share/ros_interfaces/hook/cmake_prefix_path.sh'
[1.853s] Level 1:colcon.colcon_core.environment:checking '/workspace/install/ros_interfaces/lib'
[1.853s] Level 1:colcon.colcon_core.shell:create_environment_hook('ros_interfaces', 'ld_library_path_lib')
[1.855s] INFO:colcon.colcon_core.shell:Creating environment hook '/workspace/install/ros_interfaces/share/ros_interfaces/hook/ld_library_path_lib.ps1'
[1.855s] INFO:colcon.colcon_core.shell:Creating environment descriptor '/workspace/install/ros_interfaces/share/ros_interfaces/hook/ld_library_path_lib.dsv'
[1.856s] INFO:colcon.colcon_core.shell:Creating environment hook '/workspace/install/ros_interfaces/share/ros_interfaces/hook/ld_library_path_lib.sh'
[1.857s] Level 1:colcon.colcon_core.environment:checking '/workspace/install/ros_interfaces/bin'
[1.857s] Level 1:colcon.colcon_core.environment:checking '/workspace/install/ros_interfaces/lib/pkgconfig/ros_interfaces.pc'
[1.857s] Level 1:colcon.colcon_core.environment:checking '/workspace/install/ros_interfaces/lib/python3.10/site-packages'
[1.857s] Level 1:colcon.colcon_core.environment:checking '/workspace/install/ros_interfaces/bin'
[1.860s] INFO:colcon.colcon_core.shell:Creating package script '/workspace/install/ros_interfaces/share/ros_interfaces/package.ps1'
[1.861s] INFO:colcon.colcon_core.shell:Creating package descriptor '/workspace/install/ros_interfaces/share/ros_interfaces/package.dsv'
[1.863s] INFO:colcon.colcon_core.shell:Creating package script '/workspace/install/ros_interfaces/share/ros_interfaces/package.sh'
[1.863s] INFO:colcon.colcon_core.shell:Creating package script '/workspace/install/ros_interfaces/share/ros_interfaces/package.bash'
[1.864s] INFO:colcon.colcon_core.shell:Creating package script '/workspace/install/ros_interfaces/share/ros_interfaces/package.zsh'
[1.865s] Level 1:colcon.colcon_core.environment:create_file_with_runtime_dependencies(/workspace/install/ros_interfaces/share/colcon-core/packages/ros_interfaces)
[1.872s] DEBUG:colcon.colcon_core.event_handler.log_command:Invoked command in '/workspace/build/ros_interfaces' returned '0': CMAKE_PREFIX_PATH=${CMAKE_PREFIX_PATH}:/workspace/install/pubsub:/workspace/install/srvcli:/workspace/install/my_py_pkg:/workspace/install/my_package:/opt/ros/humble /usr/bin/cmake --install /workspace/build/ros_interfaces
[2.023s] Level 1:colcon.colcon_core.environment:create_environment_scripts_only(ros_interfaces)
[2.025s] Level 1:colcon.colcon_core.environment:checking '/workspace/install/ros_interfaces' for CMake module files
[2.026s] Level 1:colcon.colcon_core.environment:checking '/workspace/install/ros_interfaces' for CMake config files
[2.026s] Level 1:colcon.colcon_core.shell:create_environment_hook('ros_interfaces', 'cmake_prefix_path')
[2.028s] INFO:colcon.colcon_core.shell:Creating environment hook '/workspace/install/ros_interfaces/share/ros_interfaces/hook/cmake_prefix_path.ps1'
[2.028s] INFO:colcon.colcon_core.shell:Creating environment descriptor '/workspace/install/ros_interfaces/share/ros_interfaces/hook/cmake_prefix_path.dsv'
[2.028s] INFO:colcon.colcon_core.shell:Creating environment hook '/workspace/install/ros_interfaces/share/ros_interfaces/hook/cmake_prefix_path.sh'
[2.029s] Level 1:colcon.colcon_core.environment:checking '/workspace/install/ros_interfaces/lib'
[2.029s] Level 1:colcon.colcon_core.shell:create_environment_hook('ros_interfaces', 'ld_library_path_lib')
[2.030s] INFO:colcon.colcon_core.shell:Creating environment hook '/workspace/install/ros_interfaces/share/ros_interfaces/hook/ld_library_path_lib.ps1'
[2.030s] INFO:colcon.colcon_core.shell:Creating environment descriptor '/workspace/install/ros_interfaces/share/ros_interfaces/hook/ld_library_path_lib.dsv'
[2.031s] INFO:colcon.colcon_core.shell:Creating environment hook '/workspace/install/ros_interfaces/share/ros_interfaces/hook/ld_library_path_lib.sh'
[2.031s] Level 1:colcon.colcon_core.environment:checking '/workspace/install/ros_interfaces/bin'
[2.031s] Level 1:colcon.colcon_core.environment:checking '/workspace/install/ros_interfaces/lib/pkgconfig/ros_interfaces.pc'
[2.031s] Level 1:colcon.colcon_core.environment:checking '/workspace/install/ros_interfaces/lib/python3.10/site-packages'
[2.032s] Level 1:colcon.colcon_core.environment:checking '/workspace/install/ros_interfaces/bin'
[2.033s] INFO:colcon.colcon_core.shell:Creating package script '/workspace/install/ros_interfaces/share/ros_interfaces/package.ps1'
[2.033s] INFO:colcon.colcon_core.shell:Creating package descriptor '/workspace/install/ros_interfaces/share/ros_interfaces/package.dsv'
[2.034s] INFO:colcon.colcon_core.shell:Creating package script '/workspace/install/ros_interfaces/share/ros_interfaces/package.sh'
[2.034s] INFO:colcon.colcon_core.shell:Creating package script '/workspace/install/ros_interfaces/share/ros_interfaces/package.bash'
[2.035s] INFO:colcon.colcon_core.shell:Creating package script '/workspace/install/ros_interfaces/share/ros_interfaces/package.zsh'
[2.035s] Level 1:colcon.colcon_core.environment:create_file_with_runtime_dependencies(/workspace/install/ros_interfaces/share/colcon-core/packages/ros_interfaces)
[2.213s] DEBUG:colcon.colcon_core.event_handler.log_command:Invoking command in '/workspace/src/pubsub': PYTHONPATH=/workspace/build/pubsub/prefix_override:/workspace/install/pubsub/lib/python3.10/site-packages:${PYTHONPATH} /usr/bin/python3 setup.py egg_info --egg-base ../../build/pubsub build --build-base /workspace/build/pubsub/build install --record /workspace/build/pubsub/install.log --single-version-externally-managed
[2.222s] DEBUG:colcon.colcon_core.event_handler.log_command:Invoking command in '/workspace/srvcli': PYTHONPATH=/workspace/build/srvcli/prefix_override:/workspace/install/srvcli/lib/python3.10/site-packages:${PYTHONPATH} /usr/bin/python3 setup.py egg_info --egg-base ../build/srvcli build --build-base /workspace/build/srvcli/build install --record /workspace/build/srvcli/install.log --single-version-externally-managed
[2.483s] Level 1:colcon.colcon_core.environment:checking '/workspace/install/pubsub' for CMake module files
[2.484s] DEBUG:colcon.colcon_core.event_handler.log_command:Invoked command in '/workspace/src/pubsub' returned '0': PYTHONPATH=/workspace/build/pubsub/prefix_override:/workspace/install/pubsub/lib/python3.10/site-packages:${PYTHONPATH} /usr/bin/python3 setup.py egg_info --egg-base ../../build/pubsub build --build-base /workspace/build/pubsub/build install --record /workspace/build/pubsub/install.log --single-version-externally-managed
[2.485s] Level 1:colcon.colcon_core.environment:checking '/workspace/install/pubsub' for CMake config files
[2.485s] Level 1:colcon.colcon_core.environment:checking '/workspace/install/pubsub/lib'
[2.485s] Level 1:colcon.colcon_core.environment:checking '/workspace/install/pubsub/bin'
[2.486s] Level 1:colcon.colcon_core.environment:checking '/workspace/install/pubsub/lib/pkgconfig/pubsub.pc'
[2.486s] Level 1:colcon.colcon_core.environment:checking '/workspace/install/pubsub/lib/python3.10/site-packages'
[2.486s] Level 1:colcon.colcon_core.shell:create_environment_hook('pubsub', 'pythonpath')
[2.488s] INFO:colcon.colcon_core.shell:Creating environment hook '/workspace/install/pubsub/share/pubsub/hook/pythonpath.ps1'
[2.489s] INFO:colcon.colcon_core.shell:Creating environment descriptor '/workspace/install/pubsub/share/pubsub/hook/pythonpath.dsv'
[2.489s] INFO:colcon.colcon_core.shell:Creating environment hook '/workspace/install/pubsub/share/pubsub/hook/pythonpath.sh'
[2.490s] Level 1:colcon.colcon_core.environment:checking '/workspace/install/pubsub/bin'
[2.490s] Level 1:colcon.colcon_core.environment:create_environment_scripts_only(pubsub)
[2.491s] INFO:colcon.colcon_core.shell:Creating package script '/workspace/install/pubsub/share/pubsub/package.ps1'
[2.492s] INFO:colcon.colcon_core.shell:Creating package descriptor '/workspace/install/pubsub/share/pubsub/package.dsv'
[2.492s] INFO:colcon.colcon_core.shell:Creating package script '/workspace/install/pubsub/share/pubsub/package.sh'
[2.493s] INFO:colcon.colcon_core.shell:Creating package script '/workspace/install/pubsub/share/pubsub/package.bash'
[2.493s] INFO:colcon.colcon_core.shell:Creating package script '/workspace/install/pubsub/share/pubsub/package.zsh'
[2.493s] Level 1:colcon.colcon_core.environment:create_file_with_runtime_dependencies(/workspace/install/pubsub/share/colcon-core/packages/pubsub)
[2.504s] Level 1:colcon.colcon_core.environment:checking '/workspace/install/srvcli' for CMake module files
[2.504s] DEBUG:colcon.colcon_core.event_handler.log_command:Invoked command in '/workspace/srvcli' returned '0': PYTHONPATH=/workspace/build/srvcli/prefix_override:/workspace/install/srvcli/lib/python3.10/site-packages:${PYTHONPATH} /usr/bin/python3 setup.py egg_info --egg-base ../build/srvcli build --build-base /workspace/build/srvcli/build install --record /workspace/build/srvcli/install.log --single-version-externally-managed
[2.505s] Level 1:colcon.colcon_core.environment:checking '/workspace/install/srvcli' for CMake config files
[2.506s] Level 1:colcon.colcon_core.environment:checking '/workspace/install/srvcli/lib'
[2.506s] Level 1:colcon.colcon_core.environment:checking '/workspace/install/srvcli/bin'
[2.506s] Level 1:colcon.colcon_core.environment:checking '/workspace/install/srvcli/lib/pkgconfig/srvcli.pc'
[2.506s] Level 1:colcon.colcon_core.environment:checking '/workspace/install/srvcli/lib/python3.10/site-packages'
[2.506s] Level 1:colcon.colcon_core.shell:create_environment_hook('srvcli', 'pythonpath')
[2.508s] INFO:colcon.colcon_core.shell:Creating environment hook '/workspace/install/srvcli/share/srvcli/hook/pythonpath.ps1'
[2.508s] INFO:colcon.colcon_core.shell:Creating environment descriptor '/workspace/install/srvcli/share/srvcli/hook/pythonpath.dsv'
[2.508s] INFO:colcon.colcon_core.shell:Creating environment hook '/workspace/install/srvcli/share/srvcli/hook/pythonpath.sh'
[2.509s] Level 1:colcon.colcon_core.environment:checking '/workspace/install/srvcli/bin'
[2.509s] Level 1:colcon.colcon_core.environment:create_environment_scripts_only(srvcli)
[2.511s] INFO:colcon.colcon_core.shell:Creating package script '/workspace/install/srvcli/share/srvcli/package.ps1'
[2.511s] INFO:colcon.colcon_core.shell:Creating package descriptor '/workspace/install/srvcli/share/srvcli/package.dsv'
[2.512s] INFO:colcon.colcon_core.shell:Creating package script '/workspace/install/srvcli/share/srvcli/package.sh'
[2.512s] INFO:colcon.colcon_core.shell:Creating package script '/workspace/install/srvcli/share/srvcli/package.bash'
[2.513s] INFO:colcon.colcon_core.shell:Creating package script '/workspace/install/srvcli/share/srvcli/package.zsh'
[2.513s] Level 1:colcon.colcon_core.environment:create_file_with_runtime_dependencies(/workspace/install/srvcli/share/colcon-core/packages/srvcli)
[2.513s] DEBUG:colcon.colcon_parallel_executor.executor.parallel:closing loop
[2.514s] DEBUG:colcon.colcon_parallel_executor.executor.parallel:loop closed
[2.514s] DEBUG:colcon.colcon_parallel_executor.executor.parallel:run_until_complete finished with '0'
[2.514s] DEBUG:colcon.colcon_core.event_reactor:joining thread
[2.524s] INFO:colcon.colcon_core.plugin_system:Skipping extension 'colcon_notification.desktop_notification.notify_send': Could not find 'notify-send'
[2.524s] INFO:colcon.colcon_core.plugin_system:Skipping extension 'colcon_notification.desktop_notification.terminal_notifier': Not used on non-Darwin systems
[2.524s] INFO:colcon.colcon_core.plugin_system:Skipping extension 'colcon_notification.desktop_notification.win32': Not used on non-Windows systems
[2.524s] INFO:colcon.colcon_notification.desktop_notification:Sending desktop notification using 'notify2'
[2.527s] DEBUG:colcon.colcon_notification.desktop_notification.notify2:Failed to initialize notify2: org.freedesktop.DBus.Error.Spawn.ExecFailed: /usr/bin/dbus-launch terminated abnormally without any error message
[2.528s] DEBUG:colcon.colcon_core.event_reactor:joined thread
[2.530s] INFO:colcon.colcon_core.shell:Creating prefix script '/workspace/install/local_setup.ps1'
[2.532s] INFO:colcon.colcon_core.shell:Creating prefix util module '/workspace/install/_local_setup_util_ps1.py'
[2.533s] INFO:colcon.colcon_core.shell:Creating prefix chain script '/workspace/install/setup.ps1'
[2.536s] INFO:colcon.colcon_core.shell:Creating prefix script '/workspace/install/local_setup.sh'
[2.538s] INFO:colcon.colcon_core.shell:Creating prefix util module '/workspace/install/_local_setup_util_sh.py'
[2.538s] INFO:colcon.colcon_core.shell:Creating prefix chain script '/workspace/install/setup.sh'
[2.541s] INFO:colcon.colcon_core.shell:Creating prefix script '/workspace/install/local_setup.bash'
[2.542s] INFO:colcon.colcon_core.shell:Creating prefix chain script '/workspace/install/setup.bash'
[2.543s] INFO:colcon.colcon_core.shell:Creating prefix script '/workspace/install/local_setup.zsh'
[2.544s] INFO:colcon.colcon_core.shell:Creating prefix chain script '/workspace/install/setup.zsh'
