[0.651s] Invoking command in '/workspace/src/my_package': PYTHONPATH=/workspace/build/my_package/prefix_override:/workspace/install/my_package/lib/python3.10/site-packages:${PYTHONPATH} /usr/bin/python3 setup.py egg_info --egg-base ../../build/my_package build --build-base /workspace/build/my_package/build install --record /workspace/build/my_package/install.log --single-version-externally-managed
[0.862s] running egg_info
[0.862s] creating ../../build/my_package/my_package.egg-info
[0.863s] writing ../../build/my_package/my_package.egg-info/PKG-INFO
[0.863s] writing dependency_links to ../../build/my_package/my_package.egg-info/dependency_links.txt
[0.863s] writing entry points to ../../build/my_package/my_package.egg-info/entry_points.txt
[0.863s] writing requirements to ../../build/my_package/my_package.egg-info/requires.txt
[0.863s] writing top-level names to ../../build/my_package/my_package.egg-info/top_level.txt
[0.864s] writing manifest file '../../build/my_package/my_package.egg-info/SOURCES.txt'
[0.865s] reading manifest file '../../build/my_package/my_package.egg-info/SOURCES.txt'
[0.866s] writing manifest file '../../build/my_package/my_package.egg-info/SOURCES.txt'
[0.866s] running build
[0.866s] running build_py
[0.866s] creating /workspace/build/my_package/build
[0.866s] creating /workspace/build/my_package/build/lib
[0.866s] creating /workspace/build/my_package/build/lib/my_package
[0.867s] copying my_package/my_node.py -> /workspace/build/my_package/build/lib/my_package
[0.867s] copying my_package/__init__.py -> /workspace/build/my_package/build/lib/my_package
[0.867s] running install
[0.867s] /usr/lib/python3/dist-packages/setuptools/command/install.py:34: SetuptoolsDeprecationWarning: setup.py install is deprecated. Use build and pip and other standards-based tools.
[0.867s]   warnings.warn(
[0.867s] running install_lib
[0.868s] creating /workspace/install/my_package/lib/python3.10/site-packages/my_package
[0.868s] copying /workspace/build/my_package/build/lib/my_package/my_node.py -> /workspace/install/my_package/lib/python3.10/site-packages/my_package
[0.868s] copying /workspace/build/my_package/build/lib/my_package/__init__.py -> /workspace/install/my_package/lib/python3.10/site-packages/my_package
[0.869s] byte-compiling /workspace/install/my_package/lib/python3.10/site-packages/my_package/my_node.py to my_node.cpython-310.pyc
[0.869s] byte-compiling /workspace/install/my_package/lib/python3.10/site-packages/my_package/__init__.py to __init__.cpython-310.pyc
[0.869s] running install_data
[0.870s] creating /workspace/install/my_package/share/ament_index
[0.870s] creating /workspace/install/my_package/share/ament_index/resource_index
[0.870s] creating /workspace/install/my_package/share/ament_index/resource_index/packages
[0.870s] copying resource/my_package -> /workspace/install/my_package/share/ament_index/resource_index/packages
[0.870s] copying package.xml -> /workspace/install/my_package/share/my_package
[0.870s] running install_egg_info
[0.872s] Copying ../../build/my_package/my_package.egg-info to /workspace/install/my_package/lib/python3.10/site-packages/my_package-0.0.0-py3.10.egg-info
[0.872s] running install_scripts
[0.889s] writing list of installed files to '/workspace/build/my_package/install.log'
[0.907s] Invoked command in '/workspace/src/my_package' returned '0': PYTHONPATH=/workspace/build/my_package/prefix_override:/workspace/install/my_package/lib/python3.10/site-packages:${PYTHONPATH} /usr/bin/python3 setup.py egg_info --egg-base ../../build/my_package build --build-base /workspace/build/my_package/build install --record /workspace/build/my_package/install.log --single-version-externally-managed
