running egg_info
writing ../../build/pubsub/pubsub.egg-info/PKG-INFO
writing dependency_links to ../../build/pubsub/pubsub.egg-info/dependency_links.txt
writing entry points to ../../build/pubsub/pubsub.egg-info/entry_points.txt
writing requirements to ../../build/pubsub/pubsub.egg-info/requires.txt
writing top-level names to ../../build/pubsub/pubsub.egg-info/top_level.txt
reading manifest file '../../build/pubsub/pubsub.egg-info/SOURCES.txt'
writing manifest file '../../build/pubsub/pubsub.egg-info/SOURCES.txt'
running build
running build_py
copying pubsub/sub_mem_fn.py -> /workspace/build/pubsub/build/lib/pubsub
copying pubsub/pub_mem_fn.py -> /workspace/build/pubsub/build/lib/pubsub
running install
running install_lib
copying /workspace/build/pubsub/build/lib/pubsub/sub_mem_fn.py -> /workspace/install/pubsub/lib/python3.10/site-packages/pubsub
copying /workspace/build/pubsub/build/lib/pubsub/pub_mem_fn.py -> /workspace/install/pubsub/lib/python3.10/site-packages/pubsub
byte-compiling /workspace/install/pubsub/lib/python3.10/site-packages/pubsub/sub_mem_fn.py to sub_mem_fn.cpython-310.pyc
byte-compiling /workspace/install/pubsub/lib/python3.10/site-packages/pubsub/pub_mem_fn.py to pub_mem_fn.cpython-310.pyc
running install_data
copying package.xml -> /workspace/install/pubsub/share/pubsub
running install_egg_info
removing '/workspace/install/pubsub/lib/python3.10/site-packages/pubsub-0.0.0-py3.10.egg-info' (and everything under it)
Copying ../../build/pubsub/pubsub.egg-info to /workspace/install/pubsub/lib/python3.10/site-packages/pubsub-0.0.0-py3.10.egg-info
running install_scripts
Installing listener script to /workspace/install/pubsub/lib/pubsub
Installing talker script to /workspace/install/pubsub/lib/pubsub
writing list of installed files to '/workspace/build/pubsub/install.log'
