[0.484s] Invoking command in '/workspace/src/pubsub': PYTHONPATH=/workspace/build/pubsub/prefix_override:/workspace/install/pubsub/lib/python3.10/site-packages:${PYTHONPATH} /usr/bin/python3 setup.py egg_info --egg-base ../../build/pubsub build --build-base /workspace/build/pubsub/build install --record /workspace/build/pubsub/install.log --single-version-externally-managed
[0.685s] running egg_info
[0.686s] writing ../../build/pubsub/pubsub.egg-info/PKG-INFO
[0.686s] writing dependency_links to ../../build/pubsub/pubsub.egg-info/dependency_links.txt
[0.686s] writing entry points to ../../build/pubsub/pubsub.egg-info/entry_points.txt
[0.686s] writing requirements to ../../build/pubsub/pubsub.egg-info/requires.txt
[0.686s] writing top-level names to ../../build/pubsub/pubsub.egg-info/top_level.txt
[0.687s] reading manifest file '../../build/pubsub/pubsub.egg-info/SOURCES.txt'
[0.688s] writing manifest file '../../build/pubsub/pubsub.egg-info/SOURCES.txt'
[0.688s] running build
[0.688s] running build_py
[0.688s] copying pubsub/sub_mem_fn.py -> /workspace/build/pubsub/build/lib/pubsub
[0.688s] copying pubsub/pub_mem_fn.py -> /workspace/build/pubsub/build/lib/pubsub
[0.688s] running install
[0.689s] /usr/lib/python3/dist-packages/setuptools/command/install.py:34: SetuptoolsDeprecationWarning: setup.py install is deprecated. Use build and pip and other standards-based tools.
[0.689s]   warnings.warn(
[0.689s] running install_lib
[0.689s] copying /workspace/build/pubsub/build/lib/pubsub/sub_mem_fn.py -> /workspace/install/pubsub/lib/python3.10/site-packages/pubsub
[0.689s] copying /workspace/build/pubsub/build/lib/pubsub/pub_mem_fn.py -> /workspace/install/pubsub/lib/python3.10/site-packages/pubsub
[0.690s] byte-compiling /workspace/install/pubsub/lib/python3.10/site-packages/pubsub/sub_mem_fn.py to sub_mem_fn.cpython-310.pyc
[0.690s] byte-compiling /workspace/install/pubsub/lib/python3.10/site-packages/pubsub/pub_mem_fn.py to pub_mem_fn.cpython-310.pyc
[0.690s] running install_data
[0.691s] copying package.xml -> /workspace/install/pubsub/share/pubsub
[0.691s] running install_egg_info
[0.692s] removing '/workspace/install/pubsub/lib/python3.10/site-packages/pubsub-0.0.0-py3.10.egg-info' (and everything under it)
[0.692s] Copying ../../build/pubsub/pubsub.egg-info to /workspace/install/pubsub/lib/python3.10/site-packages/pubsub-0.0.0-py3.10.egg-info
[0.693s] running install_scripts
[0.710s] Installing listener script to /workspace/install/pubsub/lib/pubsub
[0.710s] Installing talker script to /workspace/install/pubsub/lib/pubsub
[0.711s] writing list of installed files to '/workspace/build/pubsub/install.log'
[0.729s] Invoked command in '/workspace/src/pubsub' returned '0': PYTHONPATH=/workspace/build/pubsub/prefix_override:/workspace/install/pubsub/lib/python3.10/site-packages:${PYTHONPATH} /usr/bin/python3 setup.py egg_info --egg-base ../../build/pubsub build --build-base /workspace/build/pubsub/build install --record /workspace/build/pubsub/install.log --single-version-externally-managed
