[0.018s] Invoking command in '/workspace/build/ros_interfaces': CMAKE_PREFIX_PATH=${CMAKE_PREFIX_PATH}:/workspace/install/srvcli:/workspace/install/pubsub:/workspace/install/my_py_pkg:/workspace/install/my_package:/opt/ros/humble /usr/bin/cmake --build /workspace/build/ros_interfaces -- -j12 -l12
[0.047s] -- Found ament_cmake: 1.3.3 (/opt/ros/humble/share/ament_cmake/cmake)
[0.194s] -- Found ament_lint_auto: 0.12.5 (/opt/ros/humble/share/ament_lint_auto/cmake)
[0.263s] -- Found geometry_msgs: 4.2.3 (/opt/ros/humble/share/geometry_msgs/cmake)
[0.286s] -- Found rosidl_generator_c: 3.1.4 (/opt/ros/humble/share/rosidl_generator_c/cmake)
[0.289s] -- Found rosidl_adapter: 3.1.4 (/opt/ros/humble/share/rosidl_adapter/cmake)
[0.294s] -- Found rosidl_generator_cpp: 3.1.4 (/opt/ros/humble/share/rosidl_generator_cpp/cmake)
[0.305s] -- Using all available rosidl_typesupport_c: rosidl_typesupport_fastrtps_c;rosidl_typesupport_introspection_c
[0.328s] -- Using all available rosidl_typesupport_cpp: rosidl_typesupport_fastrtps_cpp;rosidl_typesupport_introspection_cpp
[0.448s] -- Found rosidl_default_generators: 1.2.0 (/opt/ros/humble/share/rosidl_default_generators/cmake)
[0.793s] -- Found ament_cmake_ros: 0.10.0 (/opt/ros/humble/share/ament_cmake_ros/cmake)
[1.204s] -- Using all available rosidl_typesupport_c: rosidl_typesupport_fastrtps_c;rosidl_typesupport_introspection_c
[1.362s] -- Using all available rosidl_typesupport_cpp: rosidl_typesupport_fastrtps_cpp;rosidl_typesupport_introspection_cpp
[1.384s] -- Found python_cmake_module: 0.10.0 (/opt/ros/humble/share/python_cmake_module/cmake)
[1.409s] -- Using PYTHON_EXECUTABLE: /usr/bin/python3
[1.409s] -- Using PYTHON_INCLUDE_DIRS: /usr/include/python3.10
[1.409s] -- Using PYTHON_LIBRARIES: /usr/lib/x86_64-linux-gnu/libpython3.10.so
[1.474s] -- Added test 'lint_cmake' to check CMake code style
[1.475s] -- Added test 'xmllint' to check XML markup files
[1.478s] -- Configuring done
[1.520s] -- Generating done
[1.525s] -- Build files have been written to: /workspace/build/ros_interfaces
[1.551s] [35m[1mConsolidate compiler generated dependencies of target ros_interfaces__rosidl_generator_c[0m
[1.562s] [  1%] Built target ros_interfaces__cpp
[1.566s] [  3%] [32m[1mLinking C shared library libros_interfaces__rosidl_generator_c.so[0m
[1.576s] [  3%] Built target ament_cmake_python_copy_ros_interfaces
[1.576s] [35m[1mConsolidate compiler generated dependencies of target ros_interfaces__rosidl_typesupport_cpp[0m
[1.577s] [35m[1mConsolidate compiler generated dependencies of target ros_interfaces__rosidl_typesupport_fastrtps_cpp[0m
[1.578s] [35m[1mConsolidate compiler generated dependencies of target ros_interfaces__rosidl_typesupport_introspection_cpp[0m
[1.604s] [  4%] [32m[1mLinking CXX shared library libros_interfaces__rosidl_typesupport_cpp.so[0m
[1.604s] [  6%] [32m[1mLinking CXX shared library libros_interfaces__rosidl_typesupport_fastrtps_cpp.so[0m
[1.607s] [  7%] [32m[1mLinking CXX shared library libros_interfaces__rosidl_typesupport_introspection_cpp.so[0m
[1.637s] [ 17%] Built target ros_interfaces__rosidl_generator_c
[1.665s] [35m[1mConsolidate compiler generated dependencies of target ros_interfaces__rosidl_typesupport_introspection_c[0m
[1.666s] [35m[1mConsolidate compiler generated dependencies of target ros_interfaces__rosidl_typesupport_fastrtps_c[0m
[1.667s] [35m[1mConsolidate compiler generated dependencies of target ros_interfaces__rosidl_typesupport_c[0m
[1.691s] [ 26%] Built target ros_interfaces__rosidl_typesupport_cpp
[1.691s] [ 28%] [32m[1mLinking C shared library libros_interfaces__rosidl_typesupport_introspection_c.so[0m
[1.692s] [ 30%] [32m[1mLinking CXX shared library libros_interfaces__rosidl_typesupport_c.so[0m
[1.702s] [ 31%] [32m[1mLinking CXX shared library libros_interfaces__rosidl_typesupport_fastrtps_c.so[0m
[1.743s] [ 41%] Built target ros_interfaces__rosidl_typesupport_fastrtps_cpp
[1.755s] [ 50%] Built target ros_interfaces__rosidl_typesupport_introspection_c
[1.756s] [ 60%] Built target ros_interfaces__rosidl_typesupport_introspection_cpp
[1.765s] [ 69%] Built target ros_interfaces__rosidl_typesupport_c
[1.798s] [ 79%] Built target ros_interfaces__rosidl_typesupport_fastrtps_c
[1.821s] [ 79%] Built target ros_interfaces
[1.847s] [ 80%] Built target ros_interfaces__py
[1.860s] [35m[1mConsolidate compiler generated dependencies of target ros_interfaces__rosidl_generator_py[0m
[1.879s] [ 82%] [32m[1mLinking C shared library rosidl_generator_py/ros_interfaces/libros_interfaces__rosidl_generator_py.so[0m
[1.905s] running egg_info
[1.906s] writing ros_interfaces.egg-info/PKG-INFO
[1.906s] writing dependency_links to ros_interfaces.egg-info/dependency_links.txt
[1.907s] writing top-level names to ros_interfaces.egg-info/top_level.txt
[1.910s] reading manifest file 'ros_interfaces.egg-info/SOURCES.txt'
[1.910s] writing manifest file 'ros_interfaces.egg-info/SOURCES.txt'
[1.927s] [ 90%] Built target ros_interfaces__rosidl_generator_py
[1.938s] [ 90%] Built target ament_cmake_python_build_ros_interfaces_egg
[1.940s] [35m[1mConsolidate compiler generated dependencies of target ros_interfaces__rosidl_typesupport_fastrtps_c__pyext[0m
[1.940s] [35m[1mConsolidate compiler generated dependencies of target ros_interfaces__rosidl_typesupport_introspection_c__pyext[0m
[1.940s] [35m[1mConsolidate compiler generated dependencies of target ros_interfaces__rosidl_typesupport_c__pyext[0m
[1.955s] [ 95%] [32m[1mLinking C shared library rosidl_generator_py/ros_interfaces/ros_interfaces_s__rosidl_typesupport_c.cpython-310-x86_64-linux-gnu.so[0m
[1.955s] [ 95%] [32m[1mLinking C shared library rosidl_generator_py/ros_interfaces/ros_interfaces_s__rosidl_typesupport_fastrtps_c.cpython-310-x86_64-linux-gnu.so[0m
[1.955s] [ 95%] [32m[1mLinking C shared library rosidl_generator_py/ros_interfaces/ros_interfaces_s__rosidl_typesupport_introspection_c.cpython-310-x86_64-linux-gnu.so[0m
[2.006s] [ 98%] Built target ros_interfaces__rosidl_typesupport_c__pyext
[2.006s] [ 98%] Built target ros_interfaces__rosidl_typesupport_fastrtps_c__pyext
[2.007s] [100%] Built target ros_interfaces__rosidl_typesupport_introspection_c__pyext
[2.022s] Invoked command in '/workspace/build/ros_interfaces' returned '0': CMAKE_PREFIX_PATH=${CMAKE_PREFIX_PATH}:/workspace/install/srvcli:/workspace/install/pubsub:/workspace/install/my_py_pkg:/workspace/install/my_package:/opt/ros/humble /usr/bin/cmake --build /workspace/build/ros_interfaces -- -j12 -l12
[2.170s] Invoking command in '/workspace/build/ros_interfaces': CMAKE_PREFIX_PATH=${CMAKE_PREFIX_PATH}:/workspace/install/srvcli:/workspace/install/pubsub:/workspace/install/my_py_pkg:/workspace/install/my_package:/opt/ros/humble /usr/bin/cmake --install /workspace/build/ros_interfaces
[2.179s] -- Install configuration: ""
[2.179s] -- Installing: /workspace/install/ros_interfaces/share/ament_index/resource_index/rosidl_interfaces/ros_interfaces
[2.180s] -- Up-to-date: /workspace/install/ros_interfaces/include/ros_interfaces/ros_interfaces
[2.180s] -- Up-to-date: /workspace/install/ros_interfaces/include/ros_interfaces/ros_interfaces/action
[2.180s] -- Up-to-date: /workspace/install/ros_interfaces/include/ros_interfaces/ros_interfaces/action/detail
[2.180s] -- Up-to-date: /workspace/install/ros_interfaces/include/ros_interfaces/ros_interfaces/action/detail/fibonacci__type_support.h
[2.180s] -- Up-to-date: /workspace/install/ros_interfaces/include/ros_interfaces/ros_interfaces/action/detail/count_down__functions.h
[2.180s] -- Up-to-date: /workspace/install/ros_interfaces/include/ros_interfaces/ros_interfaces/action/detail/countdown__type_support.h
[2.181s] -- Up-to-date: /workspace/install/ros_interfaces/include/ros_interfaces/ros_interfaces/action/detail/count_down__struct.h
[2.181s] -- Up-to-date: /workspace/install/ros_interfaces/include/ros_interfaces/ros_interfaces/action/detail/fibonacci__struct.h
[2.181s] -- Up-to-date: /workspace/install/ros_interfaces/include/ros_interfaces/ros_interfaces/action/detail/countdown__functions.c
[2.181s] -- Up-to-date: /workspace/install/ros_interfaces/include/ros_interfaces/ros_interfaces/action/detail/countdown__struct.h
[2.181s] -- Up-to-date: /workspace/install/ros_interfaces/include/ros_interfaces/ros_interfaces/action/detail/fibonacci__functions.h
[2.181s] -- Up-to-date: /workspace/install/ros_interfaces/include/ros_interfaces/ros_interfaces/action/detail/countdown__functions.h
[2.181s] -- Up-to-date: /workspace/install/ros_interfaces/include/ros_interfaces/ros_interfaces/action/detail/fibonacci__functions.c
[2.181s] -- Up-to-date: /workspace/install/ros_interfaces/include/ros_interfaces/ros_interfaces/action/detail/count_down__type_support.h
[2.182s] -- Up-to-date: /workspace/install/ros_interfaces/include/ros_interfaces/ros_interfaces/action/detail/count_down__functions.c
[2.182s] -- Up-to-date: /workspace/install/ros_interfaces/include/ros_interfaces/ros_interfaces/action/count_down.h
[2.182s] -- Up-to-date: /workspace/install/ros_interfaces/include/ros_interfaces/ros_interfaces/action/fibonacci.h
[2.182s] -- Up-to-date: /workspace/install/ros_interfaces/include/ros_interfaces/ros_interfaces/action/countdown.h
[2.182s] -- Up-to-date: /workspace/install/ros_interfaces/include/ros_interfaces/ros_interfaces/srv
[2.182s] -- Up-to-date: /workspace/install/ros_interfaces/include/ros_interfaces/ros_interfaces/srv/add_tree_ints.h
[2.182s] -- Up-to-date: /workspace/install/ros_interfaces/include/ros_interfaces/ros_interfaces/srv/detail
[2.182s] -- Up-to-date: /workspace/install/ros_interfaces/include/ros_interfaces/ros_interfaces/srv/detail/add_tree_ints__functions.c
[2.182s] -- Up-to-date: /workspace/install/ros_interfaces/include/ros_interfaces/ros_interfaces/srv/detail/add_tree_ints__functions.h
[2.182s] -- Up-to-date: /workspace/install/ros_interfaces/include/ros_interfaces/ros_interfaces/srv/detail/add_tree_ints__type_support.h
[2.183s] -- Up-to-date: /workspace/install/ros_interfaces/include/ros_interfaces/ros_interfaces/srv/detail/add_tree_ints__struct.h
[2.183s] -- Up-to-date: /workspace/install/ros_interfaces/include/ros_interfaces/ros_interfaces/msg
[2.183s] -- Up-to-date: /workspace/install/ros_interfaces/include/ros_interfaces/ros_interfaces/msg/num.h
[2.183s] -- Up-to-date: /workspace/install/ros_interfaces/include/ros_interfaces/ros_interfaces/msg/detail
[2.183s] -- Up-to-date: /workspace/install/ros_interfaces/include/ros_interfaces/ros_interfaces/msg/detail/num__struct.h
[2.183s] -- Up-to-date: /workspace/install/ros_interfaces/include/ros_interfaces/ros_interfaces/msg/detail/sphere__functions.h
[2.183s] -- Up-to-date: /workspace/install/ros_interfaces/include/ros_interfaces/ros_interfaces/msg/detail/sphere__functions.c
[2.183s] -- Up-to-date: /workspace/install/ros_interfaces/include/ros_interfaces/ros_interfaces/msg/detail/num__functions.h
[2.183s] -- Up-to-date: /workspace/install/ros_interfaces/include/ros_interfaces/ros_interfaces/msg/detail/sphere__struct.h
[2.184s] -- Up-to-date: /workspace/install/ros_interfaces/include/ros_interfaces/ros_interfaces/msg/detail/sphere__type_support.h
[2.184s] -- Up-to-date: /workspace/install/ros_interfaces/include/ros_interfaces/ros_interfaces/msg/detail/num__type_support.h
[2.184s] -- Up-to-date: /workspace/install/ros_interfaces/include/ros_interfaces/ros_interfaces/msg/detail/num__functions.c
[2.185s] -- Up-to-date: /workspace/install/ros_interfaces/include/ros_interfaces/ros_interfaces/msg/rosidl_generator_c__visibility_control.h
[2.185s] -- Up-to-date: /workspace/install/ros_interfaces/include/ros_interfaces/ros_interfaces/msg/sphere.h
[2.185s] -- Up-to-date: /workspace/install/ros_interfaces/share/ros_interfaces/environment/library_path.sh
[2.185s] -- Installing: /workspace/install/ros_interfaces/share/ros_interfaces/environment/library_path.dsv
[2.185s] -- Installing: /workspace/install/ros_interfaces/lib/libros_interfaces__rosidl_generator_c.so
[2.185s] -- Set runtime path of "/workspace/install/ros_interfaces/lib/libros_interfaces__rosidl_generator_c.so" to ""
[2.185s] -- Up-to-date: /workspace/install/ros_interfaces/include/ros_interfaces/ros_interfaces
[2.185s] -- Up-to-date: /workspace/install/ros_interfaces/include/ros_interfaces/ros_interfaces/action
[2.185s] -- Up-to-date: /workspace/install/ros_interfaces/include/ros_interfaces/ros_interfaces/action/detail
[2.185s] -- Up-to-date: /workspace/install/ros_interfaces/include/ros_interfaces/ros_interfaces/action/detail/countdown__rosidl_typesupport_fastrtps_c.h
[2.185s] -- Up-to-date: /workspace/install/ros_interfaces/include/ros_interfaces/ros_interfaces/action/detail/count_down__rosidl_typesupport_fastrtps_c.h
[2.185s] -- Up-to-date: /workspace/install/ros_interfaces/include/ros_interfaces/ros_interfaces/action/detail/fibonacci__rosidl_typesupport_fastrtps_c.h
[2.186s] -- Up-to-date: /workspace/install/ros_interfaces/include/ros_interfaces/ros_interfaces/srv
[2.186s] -- Up-to-date: /workspace/install/ros_interfaces/include/ros_interfaces/ros_interfaces/srv/detail
[2.186s] -- Up-to-date: /workspace/install/ros_interfaces/include/ros_interfaces/ros_interfaces/srv/detail/add_tree_ints__rosidl_typesupport_fastrtps_c.h
[2.186s] -- Up-to-date: /workspace/install/ros_interfaces/include/ros_interfaces/ros_interfaces/msg
[2.186s] -- Up-to-date: /workspace/install/ros_interfaces/include/ros_interfaces/ros_interfaces/msg/detail
[2.186s] -- Up-to-date: /workspace/install/ros_interfaces/include/ros_interfaces/ros_interfaces/msg/detail/num__rosidl_typesupport_fastrtps_c.h
[2.186s] -- Up-to-date: /workspace/install/ros_interfaces/include/ros_interfaces/ros_interfaces/msg/detail/sphere__rosidl_typesupport_fastrtps_c.h
[2.186s] -- Up-to-date: /workspace/install/ros_interfaces/include/ros_interfaces/ros_interfaces/msg/rosidl_typesupport_fastrtps_c__visibility_control.h
[2.186s] -- Installing: /workspace/install/ros_interfaces/lib/libros_interfaces__rosidl_typesupport_fastrtps_c.so
[2.186s] -- Set runtime path of "/workspace/install/ros_interfaces/lib/libros_interfaces__rosidl_typesupport_fastrtps_c.so" to ""
[2.186s] -- Up-to-date: /workspace/install/ros_interfaces/include/ros_interfaces/ros_interfaces
[2.186s] -- Up-to-date: /workspace/install/ros_interfaces/include/ros_interfaces/ros_interfaces/action
[2.186s] -- Up-to-date: /workspace/install/ros_interfaces/include/ros_interfaces/ros_interfaces/action/countdown.hpp
[2.187s] -- Up-to-date: /workspace/install/ros_interfaces/include/ros_interfaces/ros_interfaces/action/detail
[2.187s] -- Up-to-date: /workspace/install/ros_interfaces/include/ros_interfaces/ros_interfaces/action/detail/count_down__builder.hpp
[2.187s] -- Up-to-date: /workspace/install/ros_interfaces/include/ros_interfaces/ros_interfaces/action/detail/fibonacci__struct.hpp
[2.187s] -- Up-to-date: /workspace/install/ros_interfaces/include/ros_interfaces/ros_interfaces/action/detail/countdown__traits.hpp
[2.187s] -- Up-to-date: /workspace/install/ros_interfaces/include/ros_interfaces/ros_interfaces/action/detail/count_down__struct.hpp
[2.187s] -- Up-to-date: /workspace/install/ros_interfaces/include/ros_interfaces/ros_interfaces/action/detail/fibonacci__traits.hpp
[2.187s] -- Up-to-date: /workspace/install/ros_interfaces/include/ros_interfaces/ros_interfaces/action/detail/countdown__builder.hpp
[2.187s] -- Up-to-date: /workspace/install/ros_interfaces/include/ros_interfaces/ros_interfaces/action/detail/fibonacci__builder.hpp
[2.187s] -- Up-to-date: /workspace/install/ros_interfaces/include/ros_interfaces/ros_interfaces/action/detail/countdown__struct.hpp
[2.187s] -- Up-to-date: /workspace/install/ros_interfaces/include/ros_interfaces/ros_interfaces/action/detail/count_down__traits.hpp
[2.187s] -- Up-to-date: /workspace/install/ros_interfaces/include/ros_interfaces/ros_interfaces/action/fibonacci.hpp
[2.188s] -- Up-to-date: /workspace/install/ros_interfaces/include/ros_interfaces/ros_interfaces/action/count_down.hpp
[2.188s] -- Up-to-date: /workspace/install/ros_interfaces/include/ros_interfaces/ros_interfaces/srv
[2.188s] -- Up-to-date: /workspace/install/ros_interfaces/include/ros_interfaces/ros_interfaces/srv/add_tree_ints.hpp
[2.188s] -- Up-to-date: /workspace/install/ros_interfaces/include/ros_interfaces/ros_interfaces/srv/detail
[2.188s] -- Up-to-date: /workspace/install/ros_interfaces/include/ros_interfaces/ros_interfaces/srv/detail/add_tree_ints__struct.hpp
[2.188s] -- Up-to-date: /workspace/install/ros_interfaces/include/ros_interfaces/ros_interfaces/srv/detail/add_tree_ints__builder.hpp
[2.188s] -- Up-to-date: /workspace/install/ros_interfaces/include/ros_interfaces/ros_interfaces/srv/detail/add_tree_ints__traits.hpp
[2.188s] -- Up-to-date: /workspace/install/ros_interfaces/include/ros_interfaces/ros_interfaces/msg
[2.188s] -- Up-to-date: /workspace/install/ros_interfaces/include/ros_interfaces/ros_interfaces/msg/detail
[2.188s] -- Up-to-date: /workspace/install/ros_interfaces/include/ros_interfaces/ros_interfaces/msg/detail/sphere__builder.hpp
[2.188s] -- Up-to-date: /workspace/install/ros_interfaces/include/ros_interfaces/ros_interfaces/msg/detail/num__struct.hpp
[2.188s] -- Up-to-date: /workspace/install/ros_interfaces/include/ros_interfaces/ros_interfaces/msg/detail/sphere__struct.hpp
[2.188s] -- Up-to-date: /workspace/install/ros_interfaces/include/ros_interfaces/ros_interfaces/msg/detail/sphere__traits.hpp
[2.188s] -- Up-to-date: /workspace/install/ros_interfaces/include/ros_interfaces/ros_interfaces/msg/detail/num__builder.hpp
[2.189s] -- Up-to-date: /workspace/install/ros_interfaces/include/ros_interfaces/ros_interfaces/msg/detail/num__traits.hpp
[2.189s] -- Up-to-date: /workspace/install/ros_interfaces/include/ros_interfaces/ros_interfaces/msg/num.hpp
[2.189s] -- Up-to-date: /workspace/install/ros_interfaces/include/ros_interfaces/ros_interfaces/msg/sphere.hpp
[2.189s] -- Up-to-date: /workspace/install/ros_interfaces/include/ros_interfaces/ros_interfaces
[2.189s] -- Up-to-date: /workspace/install/ros_interfaces/include/ros_interfaces/ros_interfaces/action
[2.189s] -- Up-to-date: /workspace/install/ros_interfaces/include/ros_interfaces/ros_interfaces/action/detail
[2.189s] -- Up-to-date: /workspace/install/ros_interfaces/include/ros_interfaces/ros_interfaces/action/detail/fibonacci__rosidl_typesupport_fastrtps_cpp.hpp
[2.189s] -- Up-to-date: /workspace/install/ros_interfaces/include/ros_interfaces/ros_interfaces/action/detail/countdown__rosidl_typesupport_fastrtps_cpp.hpp
[2.189s] -- Up-to-date: /workspace/install/ros_interfaces/include/ros_interfaces/ros_interfaces/action/detail/count_down__rosidl_typesupport_fastrtps_cpp.hpp
[2.189s] -- Up-to-date: /workspace/install/ros_interfaces/include/ros_interfaces/ros_interfaces/action/detail/dds_fastrtps
[2.189s] -- Up-to-date: /workspace/install/ros_interfaces/include/ros_interfaces/ros_interfaces/srv
[2.189s] -- Up-to-date: /workspace/install/ros_interfaces/include/ros_interfaces/ros_interfaces/srv/detail
[2.189s] -- Up-to-date: /workspace/install/ros_interfaces/include/ros_interfaces/ros_interfaces/srv/detail/dds_fastrtps
[2.190s] -- Up-to-date: /workspace/install/ros_interfaces/include/ros_interfaces/ros_interfaces/srv/detail/add_tree_ints__rosidl_typesupport_fastrtps_cpp.hpp
[2.190s] -- Up-to-date: /workspace/install/ros_interfaces/include/ros_interfaces/ros_interfaces/msg
[2.190s] -- Up-to-date: /workspace/install/ros_interfaces/include/ros_interfaces/ros_interfaces/msg/detail
[2.190s] -- Up-to-date: /workspace/install/ros_interfaces/include/ros_interfaces/ros_interfaces/msg/detail/num__rosidl_typesupport_fastrtps_cpp.hpp
[2.190s] -- Up-to-date: /workspace/install/ros_interfaces/include/ros_interfaces/ros_interfaces/msg/detail/sphere__rosidl_typesupport_fastrtps_cpp.hpp
[2.190s] -- Up-to-date: /workspace/install/ros_interfaces/include/ros_interfaces/ros_interfaces/msg/detail/dds_fastrtps
[2.190s] -- Up-to-date: /workspace/install/ros_interfaces/include/ros_interfaces/ros_interfaces/msg/rosidl_typesupport_fastrtps_cpp__visibility_control.h
[2.190s] -- Installing: /workspace/install/ros_interfaces/lib/libros_interfaces__rosidl_typesupport_fastrtps_cpp.so
[2.190s] -- Set runtime path of "/workspace/install/ros_interfaces/lib/libros_interfaces__rosidl_typesupport_fastrtps_cpp.so" to ""
[2.190s] -- Up-to-date: /workspace/install/ros_interfaces/include/ros_interfaces/ros_interfaces
[2.191s] -- Up-to-date: /workspace/install/ros_interfaces/include/ros_interfaces/ros_interfaces/action
[2.191s] -- Up-to-date: /workspace/install/ros_interfaces/include/ros_interfaces/ros_interfaces/action/detail
[2.191s] -- Up-to-date: /workspace/install/ros_interfaces/include/ros_interfaces/ros_interfaces/action/detail/fibonacci__rosidl_typesupport_introspection_c.h
[2.191s] -- Up-to-date: /workspace/install/ros_interfaces/include/ros_interfaces/ros_interfaces/action/detail/count_down__rosidl_typesupport_introspection_c.h
[2.191s] -- Up-to-date: /workspace/install/ros_interfaces/include/ros_interfaces/ros_interfaces/action/detail/countdown__rosidl_typesupport_introspection_c.h
[2.191s] -- Up-to-date: /workspace/install/ros_interfaces/include/ros_interfaces/ros_interfaces/action/detail/count_down__type_support.c
[2.191s] -- Up-to-date: /workspace/install/ros_interfaces/include/ros_interfaces/ros_interfaces/action/detail/countdown__type_support.c
[2.191s] -- Up-to-date: /workspace/install/ros_interfaces/include/ros_interfaces/ros_interfaces/action/detail/fibonacci__type_support.c
[2.191s] -- Up-to-date: /workspace/install/ros_interfaces/include/ros_interfaces/ros_interfaces/srv
[2.191s] -- Up-to-date: /workspace/install/ros_interfaces/include/ros_interfaces/ros_interfaces/srv/detail
[2.191s] -- Up-to-date: /workspace/install/ros_interfaces/include/ros_interfaces/ros_interfaces/srv/detail/add_tree_ints__rosidl_typesupport_introspection_c.h
[2.191s] -- Up-to-date: /workspace/install/ros_interfaces/include/ros_interfaces/ros_interfaces/srv/detail/add_tree_ints__type_support.c
[2.191s] -- Up-to-date: /workspace/install/ros_interfaces/include/ros_interfaces/ros_interfaces/msg
[2.191s] -- Up-to-date: /workspace/install/ros_interfaces/include/ros_interfaces/ros_interfaces/msg/rosidl_typesupport_introspection_c__visibility_control.h
[2.192s] -- Up-to-date: /workspace/install/ros_interfaces/include/ros_interfaces/ros_interfaces/msg/detail
[2.192s] -- Up-to-date: /workspace/install/ros_interfaces/include/ros_interfaces/ros_interfaces/msg/detail/num__rosidl_typesupport_introspection_c.h
[2.192s] -- Up-to-date: /workspace/install/ros_interfaces/include/ros_interfaces/ros_interfaces/msg/detail/num__type_support.c
[2.192s] -- Up-to-date: /workspace/install/ros_interfaces/include/ros_interfaces/ros_interfaces/msg/detail/sphere__rosidl_typesupport_introspection_c.h
[2.192s] -- Up-to-date: /workspace/install/ros_interfaces/include/ros_interfaces/ros_interfaces/msg/detail/sphere__type_support.c
[2.192s] -- Installing: /workspace/install/ros_interfaces/lib/libros_interfaces__rosidl_typesupport_introspection_c.so
[2.192s] -- Set runtime path of "/workspace/install/ros_interfaces/lib/libros_interfaces__rosidl_typesupport_introspection_c.so" to ""
[2.192s] -- Installing: /workspace/install/ros_interfaces/lib/libros_interfaces__rosidl_typesupport_c.so
[2.192s] -- Set runtime path of "/workspace/install/ros_interfaces/lib/libros_interfaces__rosidl_typesupport_c.so" to ""
[2.192s] -- Up-to-date: /workspace/install/ros_interfaces/include/ros_interfaces/ros_interfaces
[2.192s] -- Up-to-date: /workspace/install/ros_interfaces/include/ros_interfaces/ros_interfaces/action
[2.192s] -- Up-to-date: /workspace/install/ros_interfaces/include/ros_interfaces/ros_interfaces/action/detail
[2.192s] -- Up-to-date: /workspace/install/ros_interfaces/include/ros_interfaces/ros_interfaces/action/detail/count_down__rosidl_typesupport_introspection_cpp.hpp
[2.192s] -- Up-to-date: /workspace/install/ros_interfaces/include/ros_interfaces/ros_interfaces/action/detail/count_down__type_support.cpp
[2.192s] -- Up-to-date: /workspace/install/ros_interfaces/include/ros_interfaces/ros_interfaces/action/detail/fibonacci__type_support.cpp
[2.192s] -- Up-to-date: /workspace/install/ros_interfaces/include/ros_interfaces/ros_interfaces/action/detail/countdown__rosidl_typesupport_introspection_cpp.hpp
[2.193s] -- Up-to-date: /workspace/install/ros_interfaces/include/ros_interfaces/ros_interfaces/action/detail/countdown__type_support.cpp
[2.193s] -- Up-to-date: /workspace/install/ros_interfaces/include/ros_interfaces/ros_interfaces/action/detail/fibonacci__rosidl_typesupport_introspection_cpp.hpp
[2.193s] -- Up-to-date: /workspace/install/ros_interfaces/include/ros_interfaces/ros_interfaces/srv
[2.193s] -- Up-to-date: /workspace/install/ros_interfaces/include/ros_interfaces/ros_interfaces/srv/detail
[2.193s] -- Up-to-date: /workspace/install/ros_interfaces/include/ros_interfaces/ros_interfaces/srv/detail/add_tree_ints__rosidl_typesupport_introspection_cpp.hpp
[2.193s] -- Up-to-date: /workspace/install/ros_interfaces/include/ros_interfaces/ros_interfaces/srv/detail/add_tree_ints__type_support.cpp
[2.193s] -- Up-to-date: /workspace/install/ros_interfaces/include/ros_interfaces/ros_interfaces/msg
[2.193s] -- Up-to-date: /workspace/install/ros_interfaces/include/ros_interfaces/ros_interfaces/msg/detail
[2.193s] -- Up-to-date: /workspace/install/ros_interfaces/include/ros_interfaces/ros_interfaces/msg/detail/num__type_support.cpp
[2.193s] -- Up-to-date: /workspace/install/ros_interfaces/include/ros_interfaces/ros_interfaces/msg/detail/sphere__rosidl_typesupport_introspection_cpp.hpp
[2.193s] -- Up-to-date: /workspace/install/ros_interfaces/include/ros_interfaces/ros_interfaces/msg/detail/sphere__type_support.cpp
[2.193s] -- Up-to-date: /workspace/install/ros_interfaces/include/ros_interfaces/ros_interfaces/msg/detail/num__rosidl_typesupport_introspection_cpp.hpp
[2.193s] -- Installing: /workspace/install/ros_interfaces/lib/libros_interfaces__rosidl_typesupport_introspection_cpp.so
[2.193s] -- Set runtime path of "/workspace/install/ros_interfaces/lib/libros_interfaces__rosidl_typesupport_introspection_cpp.so" to ""
[2.193s] -- Installing: /workspace/install/ros_interfaces/lib/libros_interfaces__rosidl_typesupport_cpp.so
[2.193s] -- Set runtime path of "/workspace/install/ros_interfaces/lib/libros_interfaces__rosidl_typesupport_cpp.so" to ""
[2.194s] -- Up-to-date: /workspace/install/ros_interfaces/share/ros_interfaces/environment/pythonpath.sh
[2.194s] -- Installing: /workspace/install/ros_interfaces/share/ros_interfaces/environment/pythonpath.dsv
[2.194s] -- Up-to-date: /workspace/install/ros_interfaces/local/lib/python3.10/dist-packages/ros_interfaces-0.0.0-py3.10.egg-info
[2.194s] -- Installing: /workspace/install/ros_interfaces/local/lib/python3.10/dist-packages/ros_interfaces-0.0.0-py3.10.egg-info/SOURCES.txt
[2.194s] -- Installing: /workspace/install/ros_interfaces/local/lib/python3.10/dist-packages/ros_interfaces-0.0.0-py3.10.egg-info/dependency_links.txt
[2.194s] -- Installing: /workspace/install/ros_interfaces/local/lib/python3.10/dist-packages/ros_interfaces-0.0.0-py3.10.egg-info/top_level.txt
[2.194s] -- Installing: /workspace/install/ros_interfaces/local/lib/python3.10/dist-packages/ros_interfaces-0.0.0-py3.10.egg-info/PKG-INFO
[2.194s] -- Up-to-date: /workspace/install/ros_interfaces/local/lib/python3.10/dist-packages/ros_interfaces
[2.194s] -- Up-to-date: /workspace/install/ros_interfaces/local/lib/python3.10/dist-packages/ros_interfaces/action
[2.194s] -- Up-to-date: /workspace/install/ros_interfaces/local/lib/python3.10/dist-packages/ros_interfaces/action/_fibonacci.py
[2.194s] -- Up-to-date: /workspace/install/ros_interfaces/local/lib/python3.10/dist-packages/ros_interfaces/action/_count_down_s.c
[2.194s] -- Up-to-date: /workspace/install/ros_interfaces/local/lib/python3.10/dist-packages/ros_interfaces/action/__init__.py
[2.195s] -- Up-to-date: /workspace/install/ros_interfaces/local/lib/python3.10/dist-packages/ros_interfaces/action/_countdown.py
[2.195s] -- Up-to-date: /workspace/install/ros_interfaces/local/lib/python3.10/dist-packages/ros_interfaces/action/_count_down.py
[2.195s] -- Up-to-date: /workspace/install/ros_interfaces/local/lib/python3.10/dist-packages/ros_interfaces/action/_countdown_s.c
[2.195s] -- Up-to-date: /workspace/install/ros_interfaces/local/lib/python3.10/dist-packages/ros_interfaces/action/_fibonacci_s.c
[2.195s] -- Installing: /workspace/install/ros_interfaces/local/lib/python3.10/dist-packages/ros_interfaces/ros_interfaces_s__rosidl_typesupport_c.cpython-310-x86_64-linux-gnu.so
[2.195s] -- Up-to-date: /workspace/install/ros_interfaces/local/lib/python3.10/dist-packages/ros_interfaces/srv
[2.195s] -- Up-to-date: /workspace/install/ros_interfaces/local/lib/python3.10/dist-packages/ros_interfaces/srv/__init__.py
[2.195s] -- Up-to-date: /workspace/install/ros_interfaces/local/lib/python3.10/dist-packages/ros_interfaces/srv/_add_tree_ints.py
[2.195s] -- Up-to-date: /workspace/install/ros_interfaces/local/lib/python3.10/dist-packages/ros_interfaces/srv/_add_tree_ints_s.c
[2.195s] -- Up-to-date: /workspace/install/ros_interfaces/local/lib/python3.10/dist-packages/ros_interfaces/msg
[2.195s] -- Up-to-date: /workspace/install/ros_interfaces/local/lib/python3.10/dist-packages/ros_interfaces/msg/_num.py
[2.196s] -- Up-to-date: /workspace/install/ros_interfaces/local/lib/python3.10/dist-packages/ros_interfaces/msg/_sphere.py
[2.196s] -- Up-to-date: /workspace/install/ros_interfaces/local/lib/python3.10/dist-packages/ros_interfaces/msg/_sphere_s.c
[2.196s] -- Up-to-date: /workspace/install/ros_interfaces/local/lib/python3.10/dist-packages/ros_interfaces/msg/_num_s.c
[2.196s] -- Up-to-date: /workspace/install/ros_interfaces/local/lib/python3.10/dist-packages/ros_interfaces/msg/__init__.py
[2.196s] -- Installing: /workspace/install/ros_interfaces/local/lib/python3.10/dist-packages/ros_interfaces/__init__.py
[2.196s] -- Up-to-date: /workspace/install/ros_interfaces/local/lib/python3.10/dist-packages/ros_interfaces/_ros_interfaces_s.ep.rosidl_typesupport_introspection_c.c
[2.196s] -- Up-to-date: /workspace/install/ros_interfaces/local/lib/python3.10/dist-packages/ros_interfaces/_ros_interfaces_s.ep.rosidl_typesupport_c.c
[2.196s] -- Installing: /workspace/install/ros_interfaces/local/lib/python3.10/dist-packages/ros_interfaces/ros_interfaces_s__rosidl_typesupport_introspection_c.cpython-310-x86_64-linux-gnu.so
[2.196s] -- Installing: /workspace/install/ros_interfaces/local/lib/python3.10/dist-packages/ros_interfaces/ros_interfaces_s__rosidl_typesupport_fastrtps_c.cpython-310-x86_64-linux-gnu.so
[2.196s] -- Up-to-date: /workspace/install/ros_interfaces/local/lib/python3.10/dist-packages/ros_interfaces/_ros_interfaces_s.ep.rosidl_typesupport_fastrtps_c.c
[2.196s] -- Installing: /workspace/install/ros_interfaces/local/lib/python3.10/dist-packages/ros_interfaces/libros_interfaces__rosidl_generator_py.so
[2.229s] Listing '/workspace/install/ros_interfaces/local/lib/python3.10/dist-packages/ros_interfaces'...
[2.229s] Compiling '/workspace/install/ros_interfaces/local/lib/python3.10/dist-packages/ros_interfaces/__init__.py'...
[2.229s] Listing '/workspace/install/ros_interfaces/local/lib/python3.10/dist-packages/ros_interfaces/action'...
[2.229s] Listing '/workspace/install/ros_interfaces/local/lib/python3.10/dist-packages/ros_interfaces/msg'...
[2.229s] Listing '/workspace/install/ros_interfaces/local/lib/python3.10/dist-packages/ros_interfaces/srv'...
[2.235s] -- Installing: /workspace/install/ros_interfaces/local/lib/python3.10/dist-packages/ros_interfaces/ros_interfaces_s__rosidl_typesupport_fastrtps_c.cpython-310-x86_64-linux-gnu.so
[2.235s] -- Set runtime path of "/workspace/install/ros_interfaces/local/lib/python3.10/dist-packages/ros_interfaces/ros_interfaces_s__rosidl_typesupport_fastrtps_c.cpython-310-x86_64-linux-gnu.so" to ""
[2.235s] -- Installing: /workspace/install/ros_interfaces/local/lib/python3.10/dist-packages/ros_interfaces/ros_interfaces_s__rosidl_typesupport_introspection_c.cpython-310-x86_64-linux-gnu.so
[2.236s] -- Set runtime path of "/workspace/install/ros_interfaces/local/lib/python3.10/dist-packages/ros_interfaces/ros_interfaces_s__rosidl_typesupport_introspection_c.cpython-310-x86_64-linux-gnu.so" to ""
[2.236s] -- Installing: /workspace/install/ros_interfaces/local/lib/python3.10/dist-packages/ros_interfaces/ros_interfaces_s__rosidl_typesupport_c.cpython-310-x86_64-linux-gnu.so
[2.237s] -- Set runtime path of "/workspace/install/ros_interfaces/local/lib/python3.10/dist-packages/ros_interfaces/ros_interfaces_s__rosidl_typesupport_c.cpython-310-x86_64-linux-gnu.so" to ""
[2.237s] -- Installing: /workspace/install/ros_interfaces/lib/libros_interfaces__rosidl_generator_py.so
[2.238s] -- Set runtime path of "/workspace/install/ros_interfaces/lib/libros_interfaces__rosidl_generator_py.so" to ""
[2.238s] -- Up-to-date: /workspace/install/ros_interfaces/share/ros_interfaces/msg/Num.idl
[2.238s] -- Up-to-date: /workspace/install/ros_interfaces/share/ros_interfaces/msg/Sphere.idl
[2.238s] -- Up-to-date: /workspace/install/ros_interfaces/share/ros_interfaces/srv/AddTreeInts.idl
[2.239s] -- Up-to-date: /workspace/install/ros_interfaces/share/ros_interfaces/action/Fibonacci.idl
[2.239s] -- Up-to-date: /workspace/install/ros_interfaces/share/ros_interfaces/action/CountDown.idl
[2.239s] -- Up-to-date: /workspace/install/ros_interfaces/share/ros_interfaces/msg/Num.msg
[2.239s] -- Up-to-date: /workspace/install/ros_interfaces/share/ros_interfaces/msg/Sphere.msg
[2.239s] -- Up-to-date: /workspace/install/ros_interfaces/share/ros_interfaces/srv/AddTreeInts.srv
[2.239s] -- Up-to-date: /workspace/install/ros_interfaces/share/ros_interfaces/srv/AddTreeInts_Request.msg
[2.239s] -- Up-to-date: /workspace/install/ros_interfaces/share/ros_interfaces/srv/AddTreeInts_Response.msg
[2.239s] -- Up-to-date: /workspace/install/ros_interfaces/share/ros_interfaces/action/Fibonacci.action
[2.239s] -- Up-to-date: /workspace/install/ros_interfaces/share/ros_interfaces/action/CountDown.action
[2.239s] -- Up-to-date: /workspace/install/ros_interfaces/share/ament_index/resource_index/package_run_dependencies/ros_interfaces
[2.239s] -- Up-to-date: /workspace/install/ros_interfaces/share/ament_index/resource_index/parent_prefix_path/ros_interfaces
[2.239s] -- Up-to-date: /workspace/install/ros_interfaces/share/ros_interfaces/environment/ament_prefix_path.sh
[2.239s] -- Installing: /workspace/install/ros_interfaces/share/ros_interfaces/environment/ament_prefix_path.dsv
[2.240s] -- Up-to-date: /workspace/install/ros_interfaces/share/ros_interfaces/environment/path.sh
[2.240s] -- Installing: /workspace/install/ros_interfaces/share/ros_interfaces/environment/path.dsv
[2.240s] -- Up-to-date: /workspace/install/ros_interfaces/share/ros_interfaces/local_setup.bash
[2.240s] -- Up-to-date: /workspace/install/ros_interfaces/share/ros_interfaces/local_setup.sh
[2.240s] -- Up-to-date: /workspace/install/ros_interfaces/share/ros_interfaces/local_setup.zsh
[2.240s] -- Installing: /workspace/install/ros_interfaces/share/ros_interfaces/local_setup.dsv
[2.240s] -- Installing: /workspace/install/ros_interfaces/share/ros_interfaces/package.dsv
[2.240s] -- Up-to-date: /workspace/install/ros_interfaces/share/ament_index/resource_index/packages/ros_interfaces
[2.241s] -- Up-to-date: /workspace/install/ros_interfaces/share/ros_interfaces/cmake/export_ros_interfaces__rosidl_generator_cExport.cmake
[2.241s] -- Up-to-date: /workspace/install/ros_interfaces/share/ros_interfaces/cmake/export_ros_interfaces__rosidl_generator_cExport-noconfig.cmake
[2.241s] -- Up-to-date: /workspace/install/ros_interfaces/share/ros_interfaces/cmake/export_ros_interfaces__rosidl_typesupport_fastrtps_cExport.cmake
[2.241s] -- Up-to-date: /workspace/install/ros_interfaces/share/ros_interfaces/cmake/export_ros_interfaces__rosidl_typesupport_fastrtps_cExport-noconfig.cmake
[2.241s] -- Up-to-date: /workspace/install/ros_interfaces/share/ros_interfaces/cmake/export_ros_interfaces__rosidl_generator_cppExport.cmake
[2.241s] -- Up-to-date: /workspace/install/ros_interfaces/share/ros_interfaces/cmake/export_ros_interfaces__rosidl_typesupport_fastrtps_cppExport.cmake
[2.241s] -- Up-to-date: /workspace/install/ros_interfaces/share/ros_interfaces/cmake/export_ros_interfaces__rosidl_typesupport_fastrtps_cppExport-noconfig.cmake
[2.241s] -- Up-to-date: /workspace/install/ros_interfaces/share/ros_interfaces/cmake/ros_interfaces__rosidl_typesupport_introspection_cExport.cmake
[2.241s] -- Up-to-date: /workspace/install/ros_interfaces/share/ros_interfaces/cmake/ros_interfaces__rosidl_typesupport_introspection_cExport-noconfig.cmake
[2.242s] -- Up-to-date: /workspace/install/ros_interfaces/share/ros_interfaces/cmake/ros_interfaces__rosidl_typesupport_cExport.cmake
[2.242s] -- Up-to-date: /workspace/install/ros_interfaces/share/ros_interfaces/cmake/ros_interfaces__rosidl_typesupport_cExport-noconfig.cmake
[2.242s] -- Up-to-date: /workspace/install/ros_interfaces/share/ros_interfaces/cmake/ros_interfaces__rosidl_typesupport_introspection_cppExport.cmake
[2.242s] -- Up-to-date: /workspace/install/ros_interfaces/share/ros_interfaces/cmake/ros_interfaces__rosidl_typesupport_introspection_cppExport-noconfig.cmake
[2.242s] -- Up-to-date: /workspace/install/ros_interfaces/share/ros_interfaces/cmake/ros_interfaces__rosidl_typesupport_cppExport.cmake
[2.242s] -- Up-to-date: /workspace/install/ros_interfaces/share/ros_interfaces/cmake/ros_interfaces__rosidl_typesupport_cppExport-noconfig.cmake
[2.242s] -- Up-to-date: /workspace/install/ros_interfaces/share/ros_interfaces/cmake/export_ros_interfaces__rosidl_generator_pyExport.cmake
[2.242s] -- Up-to-date: /workspace/install/ros_interfaces/share/ros_interfaces/cmake/export_ros_interfaces__rosidl_generator_pyExport-noconfig.cmake
[2.242s] -- Installing: /workspace/install/ros_interfaces/share/ros_interfaces/cmake/rosidl_cmake-extras.cmake
[2.242s] -- Up-to-date: /workspace/install/ros_interfaces/share/ros_interfaces/cmake/ament_cmake_export_dependencies-extras.cmake
[2.242s] -- Up-to-date: /workspace/install/ros_interfaces/share/ros_interfaces/cmake/ament_cmake_export_include_directories-extras.cmake
[2.242s] -- Up-to-date: /workspace/install/ros_interfaces/share/ros_interfaces/cmake/ament_cmake_export_libraries-extras.cmake
[2.242s] -- Up-to-date: /workspace/install/ros_interfaces/share/ros_interfaces/cmake/ament_cmake_export_targets-extras.cmake
[2.243s] -- Up-to-date: /workspace/install/ros_interfaces/share/ros_interfaces/cmake/rosidl_cmake_export_typesupport_targets-extras.cmake
[2.243s] -- Up-to-date: /workspace/install/ros_interfaces/share/ros_interfaces/cmake/rosidl_cmake_export_typesupport_libraries-extras.cmake
[2.243s] -- Up-to-date: /workspace/install/ros_interfaces/share/ros_interfaces/cmake/ros_interfacesConfig.cmake
[2.243s] -- Up-to-date: /workspace/install/ros_interfaces/share/ros_interfaces/cmake/ros_interfacesConfig-version.cmake
[2.243s] -- Up-to-date: /workspace/install/ros_interfaces/share/ros_interfaces/package.xml
[2.245s] Invoked command in '/workspace/build/ros_interfaces' returned '0': CMAKE_PREFIX_PATH=${CMAKE_PREFIX_PATH}:/workspace/install/srvcli:/workspace/install/pubsub:/workspace/install/my_py_pkg:/workspace/install/my_package:/opt/ros/humble /usr/bin/cmake --install /workspace/build/ros_interfaces
