[0.684s] Invoking command in '/workspace/src/inverse_kinematics': PYTHONPATH=/workspace/build/inverse_kinematics/prefix_override:/workspace/install/inverse_kinematics/lib/python3.10/site-packages:${PYTHONPATH} /usr/bin/python3 setup.py egg_info --egg-base ../../build/inverse_kinematics build --build-base /workspace/build/inverse_kinematics/build install --record /workspace/build/inverse_kinematics/install.log --single-version-externally-managed
[0.919s] running egg_info
[0.920s] writing ../../build/inverse_kinematics/inverse_kinematics.egg-info/PKG-INFO
[0.920s] writing dependency_links to ../../build/inverse_kinematics/inverse_kinematics.egg-info/dependency_links.txt
[0.921s] writing entry points to ../../build/inverse_kinematics/inverse_kinematics.egg-info/entry_points.txt
[0.921s] writing requirements to ../../build/inverse_kinematics/inverse_kinematics.egg-info/requires.txt
[0.921s] writing top-level names to ../../build/inverse_kinematics/inverse_kinematics.egg-info/top_level.txt
[0.922s] reading manifest file '../../build/inverse_kinematics/inverse_kinematics.egg-info/SOURCES.txt'
[0.923s] writing manifest file '../../build/inverse_kinematics/inverse_kinematics.egg-info/SOURCES.txt'
[0.924s] running build
[0.924s] running build_py
[0.924s] copying inverse_kinematics/serv.py -> /workspace/build/inverse_kinematics/build/lib/inverse_kinematics
[0.924s] running install
[0.925s] /usr/lib/python3/dist-packages/setuptools/command/install.py:34: SetuptoolsDeprecationWarning: setup.py install is deprecated. Use build and pip and other standards-based tools.
[0.925s]   warnings.warn(
[0.925s] running install_lib
[0.926s] copying /workspace/build/inverse_kinematics/build/lib/inverse_kinematics/serv.py -> /workspace/install/inverse_kinematics/lib/python3.10/site-packages/inverse_kinematics
[0.928s] byte-compiling /workspace/install/inverse_kinematics/lib/python3.10/site-packages/inverse_kinematics/serv.py to serv.cpython-310.pyc
[0.929s] running install_data
[0.929s] running install_egg_info
[0.932s] removing '/workspace/install/inverse_kinematics/lib/python3.10/site-packages/inverse_kinematics-0.0.0-py3.10.egg-info' (and everything under it)
[0.932s] Copying ../../build/inverse_kinematics/inverse_kinematics.egg-info to /workspace/install/inverse_kinematics/lib/python3.10/site-packages/inverse_kinematics-0.0.0-py3.10.egg-info
[0.934s] running install_scripts
[0.956s] Installing client script to /workspace/install/inverse_kinematics/lib/inverse_kinematics
[0.957s] Installing server script to /workspace/install/inverse_kinematics/lib/inverse_kinematics
[0.957s] writing list of installed files to '/workspace/build/inverse_kinematics/install.log'
[0.974s] Invoked command in '/workspace/src/inverse_kinematics' returned '0': PYTHONPATH=/workspace/build/inverse_kinematics/prefix_override:/workspace/install/inverse_kinematics/lib/python3.10/site-packages:${PYTHONPATH} /usr/bin/python3 setup.py egg_info --egg-base ../../build/inverse_kinematics build --build-base /workspace/build/inverse_kinematics/build install --record /workspace/build/inverse_kinematics/install.log --single-version-externally-managed
