[1.203s] Invoking command in '/workspace/src/pubsub': PYTHONPATH=/workspace/build/pubsub/prefix_override:/workspace/install/pubsub/lib/python3.10/site-packages:${PYTHONPATH} /usr/bin/python3 setup.py egg_info --egg-base ../../build/pubsub build --build-base /workspace/build/pubsub/build install --record /workspace/build/pubsub/install.log --single-version-externally-managed
[1.491s] running egg_info
[1.492s] writing ../../build/pubsub/pubsub.egg-info/PKG-INFO
[1.492s] writing dependency_links to ../../build/pubsub/pubsub.egg-info/dependency_links.txt
[1.493s] writing entry points to ../../build/pubsub/pubsub.egg-info/entry_points.txt
[1.494s] writing requirements to ../../build/pubsub/pubsub.egg-info/requires.txt
[1.498s] writing top-level names to ../../build/pubsub/pubsub.egg-info/top_level.txt
[1.500s] reading manifest file '../../build/pubsub/pubsub.egg-info/SOURCES.txt'
[1.500s] writing manifest file '../../build/pubsub/pubsub.egg-info/SOURCES.txt'
[1.500s] running build
[1.500s] running build_py
[1.501s] running install
[1.502s] /usr/lib/python3/dist-packages/setuptools/command/install.py:34: SetuptoolsDeprecationWarning: setup.py install is deprecated. Use build and pip and other standards-based tools.
[1.504s]   warnings.warn(
[1.504s] running install_lib
[1.504s] running install_data
[1.505s] running install_egg_info
[1.506s] removing '/workspace/install/pubsub/lib/python3.10/site-packages/pubsub-0.0.0-py3.10.egg-info' (and everything under it)
[1.507s] Copying ../../build/pubsub/pubsub.egg-info to /workspace/install/pubsub/lib/python3.10/site-packages/pubsub-0.0.0-py3.10.egg-info
[1.507s] running install_scripts
[1.540s] Installing listener script to /workspace/install/pubsub/lib/pubsub
[1.540s] Installing talker script to /workspace/install/pubsub/lib/pubsub
[1.540s] writing list of installed files to '/workspace/build/pubsub/install.log'
