[0.118s] Invoking command in '/workspace/src/build/iiwa_ros2_gazebo': CMAKE_PREFIX_PATH=${CMAKE_PREFIX_PATH}:/opt/ros/humble /usr/bin/cmake /workspace/src/ros2_RobotSimulation/Kuka/LBRiiwa/iiwa_ros2_gazebo -DCMAKE_INSTALL_PREFIX=/workspace/src/install/iiwa_ros2_gazebo
[1.133s] -- The C compiler identification is GNU 11.3.0
[1.133s] -- The CXX compiler identification is GNU 11.3.0
[1.133s] -- Detecting C compiler ABI info
[1.133s] -- Detecting C compiler ABI info - done
[1.133s] -- Check for working C compiler: /usr/bin/cc - skipped
[1.134s] -- Detecting C compile features
[1.134s] -- Detecting C compile features - done
[1.134s] -- Detecting CXX compiler ABI info
[1.134s] -- Detecting CXX compiler ABI info - done
[1.134s] -- Check for working CXX compiler: /usr/bin/c++ - skipped
[1.134s] -- Detecting CXX compile features
[1.135s] -- Detecting CXX compile features - done
[1.135s] -- Found ament_cmake: 1.3.4 (/opt/ros/humble/share/ament_cmake/cmake)
[1.135s] -- Found Python3: /usr/bin/python3.10 (found version "3.10.6") found components: Interpreter 
[1.315s] -- Found ament_lint_auto: 0.12.6 (/opt/ros/humble/share/ament_lint_auto/cmake)
[1.539s] -- Added test 'copyright' to check source files copyright and LICENSE
[1.547s] -- Added test 'flake8' to check Python code syntax and style conventions
[1.549s] -- Added test 'lint_cmake' to check CMake code style
[1.551s] -- Added test 'pep257' to check Python code against some of the docstring style conventions in PEP 257
[1.555s] -- Added test 'xmllint' to check XML markup files
[1.561s] -- Configuring done
[1.564s] -- Generating done
[1.566s] -- Build files have been written to: /workspace/src/build/iiwa_ros2_gazebo
[1.606s] Invoked command in '/workspace/src/build/iiwa_ros2_gazebo' returned '0': CMAKE_PREFIX_PATH=${CMAKE_PREFIX_PATH}:/opt/ros/humble /usr/bin/cmake /workspace/src/ros2_RobotSimulation/Kuka/LBRiiwa/iiwa_ros2_gazebo -DCMAKE_INSTALL_PREFIX=/workspace/src/install/iiwa_ros2_gazebo
[1.607s] Invoking command in '/workspace/src/build/iiwa_ros2_gazebo': CMAKE_PREFIX_PATH=${CMAKE_PREFIX_PATH}:/opt/ros/humble /usr/bin/cmake --build /workspace/src/build/iiwa_ros2_gazebo -- -j12 -l12
[1.814s] Invoked command in '/workspace/src/build/iiwa_ros2_gazebo' returned '0': CMAKE_PREFIX_PATH=${CMAKE_PREFIX_PATH}:/opt/ros/humble /usr/bin/cmake --build /workspace/src/build/iiwa_ros2_gazebo -- -j12 -l12
[2.314s] Invoking command in '/workspace/src/build/iiwa_ros2_gazebo': CMAKE_PREFIX_PATH=${CMAKE_PREFIX_PATH}:/opt/ros/humble /usr/bin/cmake --install /workspace/src/build/iiwa_ros2_gazebo
[2.345s] -- Install configuration: ""
[2.350s] -- Installing: /workspace/src/install/iiwa_ros2_gazebo/share/iiwa_ros2_gazebo/config
[2.350s] -- Installing: /workspace/src/install/iiwa_ros2_gazebo/share/iiwa_ros2_gazebo/config/iiwa_controller.yaml
[2.350s] -- Installing: /workspace/src/install/iiwa_ros2_gazebo/share/iiwa_ros2_gazebo/launch
[2.351s] -- Installing: /workspace/src/install/iiwa_ros2_gazebo/share/iiwa_ros2_gazebo/launch/iiwa_simulation.launch.py
[2.351s] -- Installing: /workspace/src/install/iiwa_ros2_gazebo/share/iiwa_ros2_gazebo/urdf
[2.351s] -- Installing: /workspace/src/install/iiwa_ros2_gazebo/share/iiwa_ros2_gazebo/urdf/iiwa.urdf.xacro
[2.351s] -- Installing: /workspace/src/install/iiwa_ros2_gazebo/share/iiwa_ros2_gazebo/urdf/iiwa_macro.urdf.xacro
[2.351s] -- Installing: /workspace/src/install/iiwa_ros2_gazebo/share/iiwa_ros2_gazebo/urdf/iiwa_ros2control.xacro
[2.351s] -- Installing: /workspace/src/install/iiwa_ros2_gazebo/share/iiwa_ros2_gazebo/urdf/iiwa_transmission.xacro
[2.351s] -- Installing: /workspace/src/install/iiwa_ros2_gazebo/share/iiwa_ros2_gazebo/worlds
[2.352s] -- Installing: /workspace/src/install/iiwa_ros2_gazebo/share/iiwa_ros2_gazebo/worlds/iiwa.world
[2.352s] -- Installing: /workspace/src/install/iiwa_ros2_gazebo/share/iiwa_ros2_gazebo/meshes
[2.352s] -- Installing: /workspace/src/install/iiwa_ros2_gazebo/share/iiwa_ros2_gazebo/meshes/collision
[2.352s] -- Installing: /workspace/src/install/iiwa_ros2_gazebo/share/iiwa_ros2_gazebo/meshes/collision/link_4.stl
[2.354s] -- Installing: /workspace/src/install/iiwa_ros2_gazebo/share/iiwa_ros2_gazebo/meshes/collision/link_2.stl
[2.354s] -- Installing: /workspace/src/install/iiwa_ros2_gazebo/share/iiwa_ros2_gazebo/meshes/collision/link_1.stl
[2.354s] -- Installing: /workspace/src/install/iiwa_ros2_gazebo/share/iiwa_ros2_gazebo/meshes/collision/link_7.stl
[2.354s] -- Installing: /workspace/src/install/iiwa_ros2_gazebo/share/iiwa_ros2_gazebo/meshes/collision/base_link.stl
[2.354s] -- Installing: /workspace/src/install/iiwa_ros2_gazebo/share/iiwa_ros2_gazebo/meshes/collision/link_3.stl
[2.355s] -- Installing: /workspace/src/install/iiwa_ros2_gazebo/share/iiwa_ros2_gazebo/meshes/collision/link_6.stl
[2.355s] -- Installing: /workspace/src/install/iiwa_ros2_gazebo/share/iiwa_ros2_gazebo/meshes/collision/link_5.stl
[2.355s] -- Installing: /workspace/src/install/iiwa_ros2_gazebo/share/iiwa_ros2_gazebo/meshes/visual
[2.355s] -- Installing: /workspace/src/install/iiwa_ros2_gazebo/share/iiwa_ros2_gazebo/meshes/visual/base_link.dae
[2.356s] -- Installing: /workspace/src/install/iiwa_ros2_gazebo/share/iiwa_ros2_gazebo/meshes/visual/link_2.dae
[2.357s] -- Installing: /workspace/src/install/iiwa_ros2_gazebo/share/iiwa_ros2_gazebo/meshes/visual/link_1.dae
[2.361s] -- Installing: /workspace/src/install/iiwa_ros2_gazebo/share/iiwa_ros2_gazebo/meshes/visual/link_4.dae
[2.361s] -- Installing: /workspace/src/install/iiwa_ros2_gazebo/share/iiwa_ros2_gazebo/meshes/visual/link_6.dae
[2.369s] -- Installing: /workspace/src/install/iiwa_ros2_gazebo/share/iiwa_ros2_gazebo/meshes/visual/link_7.dae
[2.378s] -- Installing: /workspace/src/install/iiwa_ros2_gazebo/share/iiwa_ros2_gazebo/meshes/visual/link_5.dae
[2.386s] -- Installing: /workspace/src/install/iiwa_ros2_gazebo/share/iiwa_ros2_gazebo/meshes/visual/link_3.dae
[2.386s] -- Installing: /workspace/src/install/iiwa_ros2_gazebo/share/ament_index/resource_index/package_run_dependencies/iiwa_ros2_gazebo
[2.395s] -- Installing: /workspace/src/install/iiwa_ros2_gazebo/share/ament_index/resource_index/parent_prefix_path/iiwa_ros2_gazebo
[2.396s] -- Installing: /workspace/src/install/iiwa_ros2_gazebo/share/iiwa_ros2_gazebo/environment/ament_prefix_path.sh
[2.396s] -- Installing: /workspace/src/install/iiwa_ros2_gazebo/share/iiwa_ros2_gazebo/environment/ament_prefix_path.dsv
[2.405s] -- Installing: /workspace/src/install/iiwa_ros2_gazebo/share/iiwa_ros2_gazebo/environment/path.sh
[2.405s] -- Installing: /workspace/src/install/iiwa_ros2_gazebo/share/iiwa_ros2_gazebo/environment/path.dsv
[2.406s] -- Installing: /workspace/src/install/iiwa_ros2_gazebo/share/iiwa_ros2_gazebo/local_setup.bash
[2.406s] -- Installing: /workspace/src/install/iiwa_ros2_gazebo/share/iiwa_ros2_gazebo/local_setup.sh
[2.406s] -- Installing: /workspace/src/install/iiwa_ros2_gazebo/share/iiwa_ros2_gazebo/local_setup.zsh
[2.406s] -- Installing: /workspace/src/install/iiwa_ros2_gazebo/share/iiwa_ros2_gazebo/local_setup.dsv
[2.406s] -- Installing: /workspace/src/install/iiwa_ros2_gazebo/share/iiwa_ros2_gazebo/package.dsv
[2.407s] -- Installing: /workspace/src/install/iiwa_ros2_gazebo/share/ament_index/resource_index/packages/iiwa_ros2_gazebo
[2.407s] -- Installing: /workspace/src/install/iiwa_ros2_gazebo/share/iiwa_ros2_gazebo/cmake/iiwa_ros2_gazeboConfig.cmake
[2.409s] -- Installing: /workspace/src/install/iiwa_ros2_gazebo/share/iiwa_ros2_gazebo/cmake/iiwa_ros2_gazeboConfig-version.cmake
[2.409s] -- Installing: /workspace/src/install/iiwa_ros2_gazebo/share/iiwa_ros2_gazebo/package.xml
[2.496s] Invoked command in '/workspace/src/build/iiwa_ros2_gazebo' returned '0': CMAKE_PREFIX_PATH=${CMAKE_PREFIX_PATH}:/opt/ros/humble /usr/bin/cmake --install /workspace/src/build/iiwa_ros2_gazebo
