In file included from [01m[K/workspace/build/tutorial_interfaces/rosidl_generator_py/tutorial_interfaces/_tutorial_interfaces_s.ep.rosidl_typesupport_c.c:616[m[K:
[01m[K/workspace/build/tutorial_interfaces/rosidl_generator_c/tutorial_interfaces/action/detail/fibonacci__struct.h:79:10:[m[K [01;31m[Kfatal error: [m[Kunique_identifier_msgs/msg/detail/uuid__struct.h: No such file or directory
   79 | #include [01;31m[K"unique_identifier_msgs/msg/detail/uuid__struct.h"[m[K
      |          [01;31m[K^~~~~~~~~~~~~~~~~~~~~~~~~~~~~~~~~~~~~~~~~~~~~~~~~~[m[K
In file included from [01m[K/workspace/build/tutorial_interfaces/rosidl_generator_py/tutorial_interfaces/_tutorial_interfaces_s.ep.rosidl_typesupport_fastrtps_c.c:616[m[K:
[01m[K/workspace/build/tutorial_interfaces/rosidl_generator_c/tutorial_interfaces/action/detail/fibonacci__struct.h:79:10:[m[K [01;31m[Kfatal error: [m[Kunique_identifier_msgs/msg/detail/uuid__struct.h: No such file or directory
   79 | #include [01;31m[K"unique_identifier_msgs/msg/detail/uuid__struct.h"[m[K
      |          [01;31m[K^~~~~~~~~~~~~~~~~~~~~~~~~~~~~~~~~~~~~~~~~~~~~~~~~~[m[K
compilation terminated.
compilation terminated.
In file included from [01m[K/workspace/build/tutorial_interfaces/rosidl_generator_py/tutorial_interfaces/_tutorial_interfaces_s.ep.rosidl_typesupport_introspection_c.c:616[m[K:
[01m[K/workspace/build/tutorial_interfaces/rosidl_generator_c/tutorial_interfaces/action/detail/fibonacci__struct.h:79:10:[m[K [01;31m[Kfatal error: [m[Kunique_identifier_msgs/msg/detail/uuid__struct.h: No such file or directory
   79 | #include [01;31m[K"unique_identifier_msgs/msg/detail/uuid__struct.h"[m[K
      |          [01;31m[K^~~~~~~~~~~~~~~~~~~~~~~~~~~~~~~~~~~~~~~~~~~~~~~~~~[m[K
compilation terminated.
gmake[2]: *** [CMakeFiles/tutorial_interfaces__rosidl_typesupport_introspection_c__pyext.dir/build.make:76: CMakeFiles/tutorial_interfaces__rosidl_typesupport_introspection_c__pyext.dir/rosidl_generator_py/tutorial_interfaces/_tutorial_interfaces_s.ep.rosidl_typesupport_introspection_c.c.o] Error 1
gmake[2]: *** [CMakeFiles/tutorial_interfaces__rosidl_typesupport_c__pyext.dir/build.make:76: CMakeFiles/tutorial_interfaces__rosidl_typesupport_c__pyext.dir/rosidl_generator_py/tutorial_interfaces/_tutorial_interfaces_s.ep.rosidl_typesupport_c.c.o] Error 1
gmake[2]: *** [CMakeFiles/tutorial_interfaces__rosidl_typesupport_fastrtps_c__pyext.dir/build.make:76: CMakeFiles/tutorial_interfaces__rosidl_typesupport_fastrtps_c__pyext.dir/rosidl_generator_py/tutorial_interfaces/_tutorial_interfaces_s.ep.rosidl_typesupport_fastrtps_c.c.o] Error 1
gmake[1]: *** [CMakeFiles/Makefile2:535: CMakeFiles/tutorial_interfaces__rosidl_typesupport_introspection_c__pyext.dir/all] Error 2
gmake[1]: *** Waiting for unfinished jobs....
gmake[1]: *** [CMakeFiles/Makefile2:564: CMakeFiles/tutorial_interfaces__rosidl_typesupport_c__pyext.dir/all] Error 2
gmake[1]: *** [CMakeFiles/Makefile2:505: CMakeFiles/tutorial_interfaces__rosidl_typesupport_fastrtps_c__pyext.dir/all] Error 2
gmake: *** [Makefile:146: all] Error 2
