[35m[1mConsolidate compiler generated dependencies of target ros2_mid_actions__rosidl_generator_c[0m
[  3%] Built target ros2_mid_actions__cpp
[ 12%] Built target ros2_mid_actions__rosidl_generator_c
[35m[1mConsolidate compiler generated dependencies of target ros2_mid_actions__rosidl_typesupport_cpp[0m
[35m[1mConsolidate compiler generated dependencies of target ros2_mid_actions__rosidl_typesupport_fastrtps_cpp[0m
[ 12%] Built target ament_cmake_python_copy_ros2_mid_actions
[35m[1mConsolidate compiler generated dependencies of target ros2_mid_actions__rosidl_typesupport_introspection_cpp[0m
[35m[1mConsolidate compiler generated dependencies of target ros2_mid_actions__rosidl_typesupport_fastrtps_c[0m
[35m[1mConsolidate compiler generated dependencies of target ros2_mid_actions__rosidl_typesupport_introspection_c[0m
[35m[1mConsolidate compiler generated dependencies of target ros2_mid_actions__rosidl_typesupport_c[0m
[ 22%] Built target ros2_mid_actions__rosidl_typesupport_fastrtps_cpp
[ 32%] Built target ros2_mid_actions__rosidl_typesupport_cpp
[ 41%] Built target ros2_mid_actions__rosidl_typesupport_introspection_cpp
[ 51%] Built target ros2_mid_actions__rosidl_typesupport_introspection_c
[ 61%] Built target ros2_mid_actions__rosidl_typesupport_fastrtps_c
[ 70%] Built target ros2_mid_actions__rosidl_typesupport_c
[ 70%] Built target ros2_mid_actions
[ 74%] Built target ros2_mid_actions__py
[35m[1mConsolidate compiler generated dependencies of target ros2_mid_actions__rosidl_generator_py[0m
[ 80%] Built target ros2_mid_actions__rosidl_generator_py
[35m[1mConsolidate compiler generated dependencies of target ros2_mid_actions__rosidl_typesupport_fastrtps_c__pyext[0m
[35m[1mConsolidate compiler generated dependencies of target ros2_mid_actions__rosidl_typesupport_c__pyext[0m
[35m[1mConsolidate compiler generated dependencies of target ros2_mid_actions__rosidl_typesupport_introspection_c__pyext[0m
[ 93%] Built target ros2_mid_actions__rosidl_typesupport_fastrtps_c__pyext
[100%] Built target ros2_mid_actions__rosidl_typesupport_introspection_c__pyext
[ 93%] Built target ros2_mid_actions__rosidl_typesupport_c__pyext
running egg_info
writing ros2_mid_actions.egg-info/PKG-INFO
writing dependency_links to ros2_mid_actions.egg-info/dependency_links.txt
writing top-level names to ros2_mid_actions.egg-info/top_level.txt
reading manifest file 'ros2_mid_actions.egg-info/SOURCES.txt'
writing manifest file 'ros2_mid_actions.egg-info/SOURCES.txt'
[100%] Built target ament_cmake_python_build_ros2_mid_actions_egg
-- Install configuration: ""
-- Up-to-date: /workspace/install/ros2_mid_actions/share/ament_index/resource_index/rosidl_interfaces/ros2_mid_actions
-- Up-to-date: /workspace/install/ros2_mid_actions/include/ros2_mid_actions/ros2_mid_actions
-- Up-to-date: /workspace/install/ros2_mid_actions/include/ros2_mid_actions/ros2_mid_actions/action
-- Up-to-date: /workspace/install/ros2_mid_actions/include/ros2_mid_actions/ros2_mid_actions/action/detail
-- Up-to-date: /workspace/install/ros2_mid_actions/include/ros2_mid_actions/ros2_mid_actions/action/detail/ik__struct.h
-- Up-to-date: /workspace/install/ros2_mid_actions/include/ros2_mid_actions/ros2_mid_actions/action/detail/inverse_kinematics__type_support.h
-- Up-to-date: /workspace/install/ros2_mid_actions/include/ros2_mid_actions/ros2_mid_actions/action/detail/ik__type_support.h
-- Up-to-date: /workspace/install/ros2_mid_actions/include/ros2_mid_actions/ros2_mid_actions/action/detail/ik__functions.c
-- Up-to-date: /workspace/install/ros2_mid_actions/include/ros2_mid_actions/ros2_mid_actions/action/detail/inverse_kinematics__struct.h
-- Up-to-date: /workspace/install/ros2_mid_actions/include/ros2_mid_actions/ros2_mid_actions/action/detail/ik__functions.h
-- Up-to-date: /workspace/install/ros2_mid_actions/include/ros2_mid_actions/ros2_mid_actions/action/detail/inverse_kinematics__functions.h
-- Up-to-date: /workspace/install/ros2_mid_actions/include/ros2_mid_actions/ros2_mid_actions/action/detail/inverse_kinematics__functions.c
-- Up-to-date: /workspace/install/ros2_mid_actions/include/ros2_mid_actions/ros2_mid_actions/action/ik.h
-- Up-to-date: /workspace/install/ros2_mid_actions/include/ros2_mid_actions/ros2_mid_actions/action/inverse_kinematics.h
-- Up-to-date: /workspace/install/ros2_mid_actions/include/ros2_mid_actions/ros2_mid_actions/msg
-- Up-to-date: /workspace/install/ros2_mid_actions/include/ros2_mid_actions/ros2_mid_actions/msg/rosidl_generator_c__visibility_control.h
-- Up-to-date: /workspace/install/ros2_mid_actions/share/ros2_mid_actions/environment/library_path.sh
-- Up-to-date: /workspace/install/ros2_mid_actions/share/ros2_mid_actions/environment/library_path.dsv
-- Up-to-date: /workspace/install/ros2_mid_actions/lib/libros2_mid_actions__rosidl_generator_c.so
-- Up-to-date: /workspace/install/ros2_mid_actions/include/ros2_mid_actions/ros2_mid_actions
-- Up-to-date: /workspace/install/ros2_mid_actions/include/ros2_mid_actions/ros2_mid_actions/action
-- Up-to-date: /workspace/install/ros2_mid_actions/include/ros2_mid_actions/ros2_mid_actions/action/detail
-- Up-to-date: /workspace/install/ros2_mid_actions/include/ros2_mid_actions/ros2_mid_actions/action/detail/inverse_kinematics__rosidl_typesupport_fastrtps_c.h
-- Up-to-date: /workspace/install/ros2_mid_actions/include/ros2_mid_actions/ros2_mid_actions/action/detail/ik__rosidl_typesupport_fastrtps_c.h
-- Up-to-date: /workspace/install/ros2_mid_actions/include/ros2_mid_actions/ros2_mid_actions/msg
-- Up-to-date: /workspace/install/ros2_mid_actions/include/ros2_mid_actions/ros2_mid_actions/msg/rosidl_typesupport_fastrtps_c__visibility_control.h
-- Up-to-date: /workspace/install/ros2_mid_actions/lib/libros2_mid_actions__rosidl_typesupport_fastrtps_c.so
-- Up-to-date: /workspace/install/ros2_mid_actions/include/ros2_mid_actions/ros2_mid_actions
-- Up-to-date: /workspace/install/ros2_mid_actions/include/ros2_mid_actions/ros2_mid_actions/action
-- Up-to-date: /workspace/install/ros2_mid_actions/include/ros2_mid_actions/ros2_mid_actions/action/detail
-- Up-to-date: /workspace/install/ros2_mid_actions/include/ros2_mid_actions/ros2_mid_actions/action/detail/inverse_kinematics__rosidl_typesupport_introspection_c.h
-- Up-to-date: /workspace/install/ros2_mid_actions/include/ros2_mid_actions/ros2_mid_actions/action/detail/ik__type_support.c
-- Up-to-date: /workspace/install/ros2_mid_actions/include/ros2_mid_actions/ros2_mid_actions/action/detail/inverse_kinematics__type_support.c
-- Up-to-date: /workspace/install/ros2_mid_actions/include/ros2_mid_actions/ros2_mid_actions/action/detail/ik__rosidl_typesupport_introspection_c.h
-- Up-to-date: /workspace/install/ros2_mid_actions/include/ros2_mid_actions/ros2_mid_actions/msg
-- Up-to-date: /workspace/install/ros2_mid_actions/include/ros2_mid_actions/ros2_mid_actions/msg/rosidl_typesupport_introspection_c__visibility_control.h
-- Up-to-date: /workspace/install/ros2_mid_actions/lib/libros2_mid_actions__rosidl_typesupport_introspection_c.so
-- Up-to-date: /workspace/install/ros2_mid_actions/lib/libros2_mid_actions__rosidl_typesupport_c.so
-- Up-to-date: /workspace/install/ros2_mid_actions/include/ros2_mid_actions/ros2_mid_actions
-- Up-to-date: /workspace/install/ros2_mid_actions/include/ros2_mid_actions/ros2_mid_actions/action
-- Up-to-date: /workspace/install/ros2_mid_actions/include/ros2_mid_actions/ros2_mid_actions/action/detail
-- Up-to-date: /workspace/install/ros2_mid_actions/include/ros2_mid_actions/ros2_mid_actions/action/detail/ik__traits.hpp
-- Up-to-date: /workspace/install/ros2_mid_actions/include/ros2_mid_actions/ros2_mid_actions/action/detail/ik__builder.hpp
-- Up-to-date: /workspace/install/ros2_mid_actions/include/ros2_mid_actions/ros2_mid_actions/action/detail/inverse_kinematics__builder.hpp
-- Up-to-date: /workspace/install/ros2_mid_actions/include/ros2_mid_actions/ros2_mid_actions/action/detail/inverse_kinematics__traits.hpp
-- Up-to-date: /workspace/install/ros2_mid_actions/include/ros2_mid_actions/ros2_mid_actions/action/detail/inverse_kinematics__struct.hpp
-- Up-to-date: /workspace/install/ros2_mid_actions/include/ros2_mid_actions/ros2_mid_actions/action/detail/ik__struct.hpp
-- Up-to-date: /workspace/install/ros2_mid_actions/include/ros2_mid_actions/ros2_mid_actions/action/ik.hpp
-- Up-to-date: /workspace/install/ros2_mid_actions/include/ros2_mid_actions/ros2_mid_actions/action/inverse_kinematics.hpp
-- Up-to-date: /workspace/install/ros2_mid_actions/include/ros2_mid_actions/ros2_mid_actions
-- Up-to-date: /workspace/install/ros2_mid_actions/include/ros2_mid_actions/ros2_mid_actions/action
-- Up-to-date: /workspace/install/ros2_mid_actions/include/ros2_mid_actions/ros2_mid_actions/action/detail
-- Up-to-date: /workspace/install/ros2_mid_actions/include/ros2_mid_actions/ros2_mid_actions/action/detail/ik__rosidl_typesupport_fastrtps_cpp.hpp
-- Up-to-date: /workspace/install/ros2_mid_actions/include/ros2_mid_actions/ros2_mid_actions/action/detail/dds_fastrtps
-- Up-to-date: /workspace/install/ros2_mid_actions/include/ros2_mid_actions/ros2_mid_actions/action/detail/inverse_kinematics__rosidl_typesupport_fastrtps_cpp.hpp
-- Up-to-date: /workspace/install/ros2_mid_actions/include/ros2_mid_actions/ros2_mid_actions/msg
-- Up-to-date: /workspace/install/ros2_mid_actions/include/ros2_mid_actions/ros2_mid_actions/msg/rosidl_typesupport_fastrtps_cpp__visibility_control.h
-- Up-to-date: /workspace/install/ros2_mid_actions/lib/libros2_mid_actions__rosidl_typesupport_fastrtps_cpp.so
-- Up-to-date: /workspace/install/ros2_mid_actions/include/ros2_mid_actions/ros2_mid_actions
-- Up-to-date: /workspace/install/ros2_mid_actions/include/ros2_mid_actions/ros2_mid_actions/action
-- Up-to-date: /workspace/install/ros2_mid_actions/include/ros2_mid_actions/ros2_mid_actions/action/detail
-- Up-to-date: /workspace/install/ros2_mid_actions/include/ros2_mid_actions/ros2_mid_actions/action/detail/inverse_kinematics__type_support.cpp
-- Up-to-date: /workspace/install/ros2_mid_actions/include/ros2_mid_actions/ros2_mid_actions/action/detail/inverse_kinematics__rosidl_typesupport_introspection_cpp.hpp
-- Up-to-date: /workspace/install/ros2_mid_actions/include/ros2_mid_actions/ros2_mid_actions/action/detail/ik__type_support.cpp
-- Up-to-date: /workspace/install/ros2_mid_actions/include/ros2_mid_actions/ros2_mid_actions/action/detail/ik__rosidl_typesupport_introspection_cpp.hpp
-- Up-to-date: /workspace/install/ros2_mid_actions/lib/libros2_mid_actions__rosidl_typesupport_introspection_cpp.so
-- Up-to-date: /workspace/install/ros2_mid_actions/lib/libros2_mid_actions__rosidl_typesupport_cpp.so
-- Up-to-date: /workspace/install/ros2_mid_actions/share/ros2_mid_actions/environment/pythonpath.sh
-- Up-to-date: /workspace/install/ros2_mid_actions/share/ros2_mid_actions/environment/pythonpath.dsv
-- Up-to-date: /workspace/install/ros2_mid_actions/local/lib/python3.10/dist-packages/ros2_mid_actions-0.0.0-py3.10.egg-info
-- Installing: /workspace/install/ros2_mid_actions/local/lib/python3.10/dist-packages/ros2_mid_actions-0.0.0-py3.10.egg-info/SOURCES.txt
-- Installing: /workspace/install/ros2_mid_actions/local/lib/python3.10/dist-packages/ros2_mid_actions-0.0.0-py3.10.egg-info/dependency_links.txt
-- Installing: /workspace/install/ros2_mid_actions/local/lib/python3.10/dist-packages/ros2_mid_actions-0.0.0-py3.10.egg-info/top_level.txt
-- Installing: /workspace/install/ros2_mid_actions/local/lib/python3.10/dist-packages/ros2_mid_actions-0.0.0-py3.10.egg-info/PKG-INFO
-- Up-to-date: /workspace/install/ros2_mid_actions/local/lib/python3.10/dist-packages/ros2_mid_actions
-- Up-to-date: /workspace/install/ros2_mid_actions/local/lib/python3.10/dist-packages/ros2_mid_actions/action
-- Up-to-date: /workspace/install/ros2_mid_actions/local/lib/python3.10/dist-packages/ros2_mid_actions/action/_ik.py
-- Up-to-date: /workspace/install/ros2_mid_actions/local/lib/python3.10/dist-packages/ros2_mid_actions/action/_inverse_kinematics.py
-- Up-to-date: /workspace/install/ros2_mid_actions/local/lib/python3.10/dist-packages/ros2_mid_actions/action/_ik_s.c
-- Up-to-date: /workspace/install/ros2_mid_actions/local/lib/python3.10/dist-packages/ros2_mid_actions/action/_inverse_kinematics_s.c
-- Up-to-date: /workspace/install/ros2_mid_actions/local/lib/python3.10/dist-packages/ros2_mid_actions/action/__init__.py
-- Up-to-date: /workspace/install/ros2_mid_actions/local/lib/python3.10/dist-packages/ros2_mid_actions/libros2_mid_actions__rosidl_generator_py.so
-- Up-to-date: /workspace/install/ros2_mid_actions/local/lib/python3.10/dist-packages/ros2_mid_actions/ros2_mid_actions_s__rosidl_typesupport_c.cpython-310-x86_64-linux-gnu.so
-- Up-to-date: /workspace/install/ros2_mid_actions/local/lib/python3.10/dist-packages/ros2_mid_actions/ros2_mid_actions_s__rosidl_typesupport_introspection_c.cpython-310-x86_64-linux-gnu.so
-- Up-to-date: /workspace/install/ros2_mid_actions/local/lib/python3.10/dist-packages/ros2_mid_actions/_ros2_mid_actions_s.ep.rosidl_typesupport_fastrtps_c.c
-- Up-to-date: /workspace/install/ros2_mid_actions/local/lib/python3.10/dist-packages/ros2_mid_actions/_ros2_mid_actions_s.ep.rosidl_typesupport_introspection_c.c
-- Up-to-date: /workspace/install/ros2_mid_actions/local/lib/python3.10/dist-packages/ros2_mid_actions/__init__.py
-- Up-to-date: /workspace/install/ros2_mid_actions/local/lib/python3.10/dist-packages/ros2_mid_actions/ros2_mid_actions_s__rosidl_typesupport_fastrtps_c.cpython-310-x86_64-linux-gnu.so
-- Up-to-date: /workspace/install/ros2_mid_actions/local/lib/python3.10/dist-packages/ros2_mid_actions/_ros2_mid_actions_s.ep.rosidl_typesupport_c.c
Listing '/workspace/install/ros2_mid_actions/local/lib/python3.10/dist-packages/ros2_mid_actions'...
Listing '/workspace/install/ros2_mid_actions/local/lib/python3.10/dist-packages/ros2_mid_actions/action'...
-- Up-to-date: /workspace/install/ros2_mid_actions/local/lib/python3.10/dist-packages/ros2_mid_actions/ros2_mid_actions_s__rosidl_typesupport_fastrtps_c.cpython-310-x86_64-linux-gnu.so
-- Up-to-date: /workspace/install/ros2_mid_actions/local/lib/python3.10/dist-packages/ros2_mid_actions/ros2_mid_actions_s__rosidl_typesupport_introspection_c.cpython-310-x86_64-linux-gnu.so
-- Up-to-date: /workspace/install/ros2_mid_actions/local/lib/python3.10/dist-packages/ros2_mid_actions/ros2_mid_actions_s__rosidl_typesupport_c.cpython-310-x86_64-linux-gnu.so
-- Up-to-date: /workspace/install/ros2_mid_actions/lib/libros2_mid_actions__rosidl_generator_py.so
-- Up-to-date: /workspace/install/ros2_mid_actions/share/ros2_mid_actions/action/IK.idl
-- Up-to-date: /workspace/install/ros2_mid_actions/share/ros2_mid_actions/action/IK.action
-- Up-to-date: /workspace/install/ros2_mid_actions/share/ament_index/resource_index/package_run_dependencies/ros2_mid_actions
-- Up-to-date: /workspace/install/ros2_mid_actions/share/ament_index/resource_index/parent_prefix_path/ros2_mid_actions
-- Up-to-date: /workspace/install/ros2_mid_actions/share/ros2_mid_actions/environment/ament_prefix_path.sh
-- Up-to-date: /workspace/install/ros2_mid_actions/share/ros2_mid_actions/environment/ament_prefix_path.dsv
-- Up-to-date: /workspace/install/ros2_mid_actions/share/ros2_mid_actions/environment/path.sh
-- Up-to-date: /workspace/install/ros2_mid_actions/share/ros2_mid_actions/environment/path.dsv
-- Up-to-date: /workspace/install/ros2_mid_actions/share/ros2_mid_actions/local_setup.bash
-- Up-to-date: /workspace/install/ros2_mid_actions/share/ros2_mid_actions/local_setup.sh
-- Up-to-date: /workspace/install/ros2_mid_actions/share/ros2_mid_actions/local_setup.zsh
-- Up-to-date: /workspace/install/ros2_mid_actions/share/ros2_mid_actions/local_setup.dsv
-- Installing: /workspace/install/ros2_mid_actions/share/ros2_mid_actions/package.dsv
-- Up-to-date: /workspace/install/ros2_mid_actions/share/ament_index/resource_index/packages/ros2_mid_actions
-- Up-to-date: /workspace/install/ros2_mid_actions/share/ros2_mid_actions/cmake/export_ros2_mid_actions__rosidl_generator_cExport.cmake
-- Up-to-date: /workspace/install/ros2_mid_actions/share/ros2_mid_actions/cmake/export_ros2_mid_actions__rosidl_generator_cExport-noconfig.cmake
-- Up-to-date: /workspace/install/ros2_mid_actions/share/ros2_mid_actions/cmake/export_ros2_mid_actions__rosidl_typesupport_fastrtps_cExport.cmake
-- Up-to-date: /workspace/install/ros2_mid_actions/share/ros2_mid_actions/cmake/export_ros2_mid_actions__rosidl_typesupport_fastrtps_cExport-noconfig.cmake
-- Up-to-date: /workspace/install/ros2_mid_actions/share/ros2_mid_actions/cmake/ros2_mid_actions__rosidl_typesupport_introspection_cExport.cmake
-- Up-to-date: /workspace/install/ros2_mid_actions/share/ros2_mid_actions/cmake/ros2_mid_actions__rosidl_typesupport_introspection_cExport-noconfig.cmake
-- Up-to-date: /workspace/install/ros2_mid_actions/share/ros2_mid_actions/cmake/ros2_mid_actions__rosidl_typesupport_cExport.cmake
-- Up-to-date: /workspace/install/ros2_mid_actions/share/ros2_mid_actions/cmake/ros2_mid_actions__rosidl_typesupport_cExport-noconfig.cmake
-- Up-to-date: /workspace/install/ros2_mid_actions/share/ros2_mid_actions/cmake/export_ros2_mid_actions__rosidl_generator_cppExport.cmake
-- Up-to-date: /workspace/install/ros2_mid_actions/share/ros2_mid_actions/cmake/export_ros2_mid_actions__rosidl_typesupport_fastrtps_cppExport.cmake
-- Up-to-date: /workspace/install/ros2_mid_actions/share/ros2_mid_actions/cmake/export_ros2_mid_actions__rosidl_typesupport_fastrtps_cppExport-noconfig.cmake
-- Up-to-date: /workspace/install/ros2_mid_actions/share/ros2_mid_actions/cmake/ros2_mid_actions__rosidl_typesupport_introspection_cppExport.cmake
-- Up-to-date: /workspace/install/ros2_mid_actions/share/ros2_mid_actions/cmake/ros2_mid_actions__rosidl_typesupport_introspection_cppExport-noconfig.cmake
-- Up-to-date: /workspace/install/ros2_mid_actions/share/ros2_mid_actions/cmake/ros2_mid_actions__rosidl_typesupport_cppExport.cmake
-- Up-to-date: /workspace/install/ros2_mid_actions/share/ros2_mid_actions/cmake/ros2_mid_actions__rosidl_typesupport_cppExport-noconfig.cmake
-- Up-to-date: /workspace/install/ros2_mid_actions/share/ros2_mid_actions/cmake/export_ros2_mid_actions__rosidl_generator_pyExport.cmake
-- Up-to-date: /workspace/install/ros2_mid_actions/share/ros2_mid_actions/cmake/export_ros2_mid_actions__rosidl_generator_pyExport-noconfig.cmake
-- Up-to-date: /workspace/install/ros2_mid_actions/share/ros2_mid_actions/cmake/rosidl_cmake-extras.cmake
-- Up-to-date: /workspace/install/ros2_mid_actions/share/ros2_mid_actions/cmake/ament_cmake_export_dependencies-extras.cmake
-- Up-to-date: /workspace/install/ros2_mid_actions/share/ros2_mid_actions/cmake/ament_cmake_export_include_directories-extras.cmake
-- Up-to-date: /workspace/install/ros2_mid_actions/share/ros2_mid_actions/cmake/ament_cmake_export_libraries-extras.cmake
-- Up-to-date: /workspace/install/ros2_mid_actions/share/ros2_mid_actions/cmake/ament_cmake_export_targets-extras.cmake
-- Up-to-date: /workspace/install/ros2_mid_actions/share/ros2_mid_actions/cmake/rosidl_cmake_export_typesupport_targets-extras.cmake
-- Up-to-date: /workspace/install/ros2_mid_actions/share/ros2_mid_actions/cmake/rosidl_cmake_export_typesupport_libraries-extras.cmake
-- Up-to-date: /workspace/install/ros2_mid_actions/share/ros2_mid_actions/cmake/ros2_mid_actionsConfig.cmake
-- Up-to-date: /workspace/install/ros2_mid_actions/share/ros2_mid_actions/cmake/ros2_mid_actionsConfig-version.cmake
-- Up-to-date: /workspace/install/ros2_mid_actions/share/ros2_mid_actions/package.xml
