[0.859s] Invoking command in '/workspace/build/ros2_mid_actions': CMAKE_PREFIX_PATH=${CMAKE_PREFIX_PATH}:/workspace/install/inverse_kinematics:/workspace/install/srvcli:/workspace/install/pubsub:/workspace/install/my_py_pkg:/workspace/install/my_package:/workspace/install/inv_kine:/opt/ros/humble /usr/bin/cmake --build /workspace/build/ros2_mid_actions -- -j12 -l12
[0.920s] [35m[1mConsolidate compiler generated dependencies of target ros2_mid_actions__rosidl_generator_c[0m
[0.934s] [  3%] Built target ros2_mid_actions__cpp
[0.935s] [ 12%] Built target ros2_mid_actions__rosidl_generator_c
[0.953s] [35m[1mConsolidate compiler generated dependencies of target ros2_mid_actions__rosidl_typesupport_cpp[0m
[0.954s] [35m[1mConsolidate compiler generated dependencies of target ros2_mid_actions__rosidl_typesupport_fastrtps_cpp[0m
[0.954s] [ 12%] Built target ament_cmake_python_copy_ros2_mid_actions
[0.956s] [35m[1mConsolidate compiler generated dependencies of target ros2_mid_actions__rosidl_typesupport_introspection_cpp[0m
[0.983s] [35m[1mConsolidate compiler generated dependencies of target ros2_mid_actions__rosidl_typesupport_fastrtps_c[0m
[0.986s] [35m[1mConsolidate compiler generated dependencies of target ros2_mid_actions__rosidl_typesupport_introspection_c[0m
[0.990s] [35m[1mConsolidate compiler generated dependencies of target ros2_mid_actions__rosidl_typesupport_c[0m
[0.993s] [ 22%] Built target ros2_mid_actions__rosidl_typesupport_fastrtps_cpp
[0.994s] [ 32%] Built target ros2_mid_actions__rosidl_typesupport_cpp
[1.005s] [ 41%] Built target ros2_mid_actions__rosidl_typesupport_introspection_cpp
[1.013s] [ 51%] Built target ros2_mid_actions__rosidl_typesupport_introspection_c
[1.014s] [ 61%] Built target ros2_mid_actions__rosidl_typesupport_fastrtps_c
[1.017s] [ 70%] Built target ros2_mid_actions__rosidl_typesupport_c
[1.044s] [ 70%] Built target ros2_mid_actions
[1.074s] [ 74%] Built target ros2_mid_actions__py
[1.091s] [35m[1mConsolidate compiler generated dependencies of target ros2_mid_actions__rosidl_generator_py[0m
[1.113s] [ 80%] Built target ros2_mid_actions__rosidl_generator_py
[1.134s] [35m[1mConsolidate compiler generated dependencies of target ros2_mid_actions__rosidl_typesupport_fastrtps_c__pyext[0m
[1.134s] [35m[1mConsolidate compiler generated dependencies of target ros2_mid_actions__rosidl_typesupport_c__pyext[0m
[1.135s] [35m[1mConsolidate compiler generated dependencies of target ros2_mid_actions__rosidl_typesupport_introspection_c__pyext[0m
[1.163s] [ 93%] Built target ros2_mid_actions__rosidl_typesupport_fastrtps_c__pyext
[1.164s] [100%] Built target ros2_mid_actions__rosidl_typesupport_introspection_c__pyext
[1.166s] [ 93%] Built target ros2_mid_actions__rosidl_typesupport_c__pyext
[1.352s] running egg_info
[1.352s] writing ros2_mid_actions.egg-info/PKG-INFO
[1.353s] writing dependency_links to ros2_mid_actions.egg-info/dependency_links.txt
[1.353s] writing top-level names to ros2_mid_actions.egg-info/top_level.txt
[1.356s] reading manifest file 'ros2_mid_actions.egg-info/SOURCES.txt'
[1.356s] writing manifest file 'ros2_mid_actions.egg-info/SOURCES.txt'
[1.417s] [100%] Built target ament_cmake_python_build_ros2_mid_actions_egg
[1.439s] Invoked command in '/workspace/build/ros2_mid_actions' returned '0': CMAKE_PREFIX_PATH=${CMAKE_PREFIX_PATH}:/workspace/install/inverse_kinematics:/workspace/install/srvcli:/workspace/install/pubsub:/workspace/install/my_py_pkg:/workspace/install/my_package:/workspace/install/inv_kine:/opt/ros/humble /usr/bin/cmake --build /workspace/build/ros2_mid_actions -- -j12 -l12
[1.587s] Invoking command in '/workspace/build/ros2_mid_actions': CMAKE_PREFIX_PATH=${CMAKE_PREFIX_PATH}:/workspace/install/inverse_kinematics:/workspace/install/srvcli:/workspace/install/pubsub:/workspace/install/my_py_pkg:/workspace/install/my_package:/workspace/install/inv_kine:/opt/ros/humble /usr/bin/cmake --install /workspace/build/ros2_mid_actions
[1.600s] -- Install configuration: ""
[1.601s] -- Up-to-date: /workspace/install/ros2_mid_actions/share/ament_index/resource_index/rosidl_interfaces/ros2_mid_actions
[1.601s] -- Up-to-date: /workspace/install/ros2_mid_actions/include/ros2_mid_actions/ros2_mid_actions
[1.602s] -- Up-to-date: /workspace/install/ros2_mid_actions/include/ros2_mid_actions/ros2_mid_actions/action
[1.602s] -- Up-to-date: /workspace/install/ros2_mid_actions/include/ros2_mid_actions/ros2_mid_actions/action/detail
[1.603s] -- Up-to-date: /workspace/install/ros2_mid_actions/include/ros2_mid_actions/ros2_mid_actions/action/detail/ik__struct.h
[1.603s] -- Up-to-date: /workspace/install/ros2_mid_actions/include/ros2_mid_actions/ros2_mid_actions/action/detail/inverse_kinematics__type_support.h
[1.603s] -- Up-to-date: /workspace/install/ros2_mid_actions/include/ros2_mid_actions/ros2_mid_actions/action/detail/ik__type_support.h
[1.604s] -- Up-to-date: /workspace/install/ros2_mid_actions/include/ros2_mid_actions/ros2_mid_actions/action/detail/ik__functions.c
[1.604s] -- Up-to-date: /workspace/install/ros2_mid_actions/include/ros2_mid_actions/ros2_mid_actions/action/detail/inverse_kinematics__struct.h
[1.604s] -- Up-to-date: /workspace/install/ros2_mid_actions/include/ros2_mid_actions/ros2_mid_actions/action/detail/ik__functions.h
[1.605s] -- Up-to-date: /workspace/install/ros2_mid_actions/include/ros2_mid_actions/ros2_mid_actions/action/detail/inverse_kinematics__functions.h
[1.605s] -- Up-to-date: /workspace/install/ros2_mid_actions/include/ros2_mid_actions/ros2_mid_actions/action/detail/inverse_kinematics__functions.c
[1.605s] -- Up-to-date: /workspace/install/ros2_mid_actions/include/ros2_mid_actions/ros2_mid_actions/action/ik.h
[1.606s] -- Up-to-date: /workspace/install/ros2_mid_actions/include/ros2_mid_actions/ros2_mid_actions/action/inverse_kinematics.h
[1.606s] -- Up-to-date: /workspace/install/ros2_mid_actions/include/ros2_mid_actions/ros2_mid_actions/msg
[1.606s] -- Up-to-date: /workspace/install/ros2_mid_actions/include/ros2_mid_actions/ros2_mid_actions/msg/rosidl_generator_c__visibility_control.h
[1.606s] -- Up-to-date: /workspace/install/ros2_mid_actions/share/ros2_mid_actions/environment/library_path.sh
[1.606s] -- Up-to-date: /workspace/install/ros2_mid_actions/share/ros2_mid_actions/environment/library_path.dsv
[1.607s] -- Up-to-date: /workspace/install/ros2_mid_actions/lib/libros2_mid_actions__rosidl_generator_c.so
[1.607s] -- Up-to-date: /workspace/install/ros2_mid_actions/include/ros2_mid_actions/ros2_mid_actions
[1.607s] -- Up-to-date: /workspace/install/ros2_mid_actions/include/ros2_mid_actions/ros2_mid_actions/action
[1.607s] -- Up-to-date: /workspace/install/ros2_mid_actions/include/ros2_mid_actions/ros2_mid_actions/action/detail
[1.607s] -- Up-to-date: /workspace/install/ros2_mid_actions/include/ros2_mid_actions/ros2_mid_actions/action/detail/inverse_kinematics__rosidl_typesupport_fastrtps_c.h
[1.608s] -- Up-to-date: /workspace/install/ros2_mid_actions/include/ros2_mid_actions/ros2_mid_actions/action/detail/ik__rosidl_typesupport_fastrtps_c.h
[1.608s] -- Up-to-date: /workspace/install/ros2_mid_actions/include/ros2_mid_actions/ros2_mid_actions/msg
[1.611s] -- Up-to-date: /workspace/install/ros2_mid_actions/include/ros2_mid_actions/ros2_mid_actions/msg/rosidl_typesupport_fastrtps_c__visibility_control.h
[1.611s] -- Up-to-date: /workspace/install/ros2_mid_actions/lib/libros2_mid_actions__rosidl_typesupport_fastrtps_c.so
[1.611s] -- Up-to-date: /workspace/install/ros2_mid_actions/include/ros2_mid_actions/ros2_mid_actions
[1.611s] -- Up-to-date: /workspace/install/ros2_mid_actions/include/ros2_mid_actions/ros2_mid_actions/action
[1.612s] -- Up-to-date: /workspace/install/ros2_mid_actions/include/ros2_mid_actions/ros2_mid_actions/action/detail
[1.612s] -- Up-to-date: /workspace/install/ros2_mid_actions/include/ros2_mid_actions/ros2_mid_actions/action/detail/inverse_kinematics__rosidl_typesupport_introspection_c.h
[1.612s] -- Up-to-date: /workspace/install/ros2_mid_actions/include/ros2_mid_actions/ros2_mid_actions/action/detail/ik__type_support.c
[1.612s] -- Up-to-date: /workspace/install/ros2_mid_actions/include/ros2_mid_actions/ros2_mid_actions/action/detail/inverse_kinematics__type_support.c
[1.612s] -- Up-to-date: /workspace/install/ros2_mid_actions/include/ros2_mid_actions/ros2_mid_actions/action/detail/ik__rosidl_typesupport_introspection_c.h
[1.613s] -- Up-to-date: /workspace/install/ros2_mid_actions/include/ros2_mid_actions/ros2_mid_actions/msg
[1.613s] -- Up-to-date: /workspace/install/ros2_mid_actions/include/ros2_mid_actions/ros2_mid_actions/msg/rosidl_typesupport_introspection_c__visibility_control.h
[1.613s] -- Up-to-date: /workspace/install/ros2_mid_actions/lib/libros2_mid_actions__rosidl_typesupport_introspection_c.so
[1.613s] -- Up-to-date: /workspace/install/ros2_mid_actions/lib/libros2_mid_actions__rosidl_typesupport_c.so
[1.613s] -- Up-to-date: /workspace/install/ros2_mid_actions/include/ros2_mid_actions/ros2_mid_actions
[1.614s] -- Up-to-date: /workspace/install/ros2_mid_actions/include/ros2_mid_actions/ros2_mid_actions/action
[1.614s] -- Up-to-date: /workspace/install/ros2_mid_actions/include/ros2_mid_actions/ros2_mid_actions/action/detail
[1.614s] -- Up-to-date: /workspace/install/ros2_mid_actions/include/ros2_mid_actions/ros2_mid_actions/action/detail/ik__traits.hpp
[1.614s] -- Up-to-date: /workspace/install/ros2_mid_actions/include/ros2_mid_actions/ros2_mid_actions/action/detail/ik__builder.hpp
[1.614s] -- Up-to-date: /workspace/install/ros2_mid_actions/include/ros2_mid_actions/ros2_mid_actions/action/detail/inverse_kinematics__builder.hpp
[1.615s] -- Up-to-date: /workspace/install/ros2_mid_actions/include/ros2_mid_actions/ros2_mid_actions/action/detail/inverse_kinematics__traits.hpp
[1.615s] -- Up-to-date: /workspace/install/ros2_mid_actions/include/ros2_mid_actions/ros2_mid_actions/action/detail/inverse_kinematics__struct.hpp
[1.615s] -- Up-to-date: /workspace/install/ros2_mid_actions/include/ros2_mid_actions/ros2_mid_actions/action/detail/ik__struct.hpp
[1.615s] -- Up-to-date: /workspace/install/ros2_mid_actions/include/ros2_mid_actions/ros2_mid_actions/action/ik.hpp
[1.616s] -- Up-to-date: /workspace/install/ros2_mid_actions/include/ros2_mid_actions/ros2_mid_actions/action/inverse_kinematics.hpp
[1.617s] -- Up-to-date: /workspace/install/ros2_mid_actions/include/ros2_mid_actions/ros2_mid_actions
[1.617s] -- Up-to-date: /workspace/install/ros2_mid_actions/include/ros2_mid_actions/ros2_mid_actions/action
[1.617s] -- Up-to-date: /workspace/install/ros2_mid_actions/include/ros2_mid_actions/ros2_mid_actions/action/detail
[1.618s] -- Up-to-date: /workspace/install/ros2_mid_actions/include/ros2_mid_actions/ros2_mid_actions/action/detail/ik__rosidl_typesupport_fastrtps_cpp.hpp
[1.618s] -- Up-to-date: /workspace/install/ros2_mid_actions/include/ros2_mid_actions/ros2_mid_actions/action/detail/dds_fastrtps
[1.618s] -- Up-to-date: /workspace/install/ros2_mid_actions/include/ros2_mid_actions/ros2_mid_actions/action/detail/inverse_kinematics__rosidl_typesupport_fastrtps_cpp.hpp
[1.618s] -- Up-to-date: /workspace/install/ros2_mid_actions/include/ros2_mid_actions/ros2_mid_actions/msg
[1.619s] -- Up-to-date: /workspace/install/ros2_mid_actions/include/ros2_mid_actions/ros2_mid_actions/msg/rosidl_typesupport_fastrtps_cpp__visibility_control.h
[1.619s] -- Up-to-date: /workspace/install/ros2_mid_actions/lib/libros2_mid_actions__rosidl_typesupport_fastrtps_cpp.so
[1.619s] -- Up-to-date: /workspace/install/ros2_mid_actions/include/ros2_mid_actions/ros2_mid_actions
[1.619s] -- Up-to-date: /workspace/install/ros2_mid_actions/include/ros2_mid_actions/ros2_mid_actions/action
[1.619s] -- Up-to-date: /workspace/install/ros2_mid_actions/include/ros2_mid_actions/ros2_mid_actions/action/detail
[1.620s] -- Up-to-date: /workspace/install/ros2_mid_actions/include/ros2_mid_actions/ros2_mid_actions/action/detail/inverse_kinematics__type_support.cpp
[1.620s] -- Up-to-date: /workspace/install/ros2_mid_actions/include/ros2_mid_actions/ros2_mid_actions/action/detail/inverse_kinematics__rosidl_typesupport_introspection_cpp.hpp
[1.620s] -- Up-to-date: /workspace/install/ros2_mid_actions/include/ros2_mid_actions/ros2_mid_actions/action/detail/ik__type_support.cpp
[1.620s] -- Up-to-date: /workspace/install/ros2_mid_actions/include/ros2_mid_actions/ros2_mid_actions/action/detail/ik__rosidl_typesupport_introspection_cpp.hpp
[1.620s] -- Up-to-date: /workspace/install/ros2_mid_actions/lib/libros2_mid_actions__rosidl_typesupport_introspection_cpp.so
[1.621s] -- Up-to-date: /workspace/install/ros2_mid_actions/lib/libros2_mid_actions__rosidl_typesupport_cpp.so
[1.621s] -- Up-to-date: /workspace/install/ros2_mid_actions/share/ros2_mid_actions/environment/pythonpath.sh
[1.621s] -- Up-to-date: /workspace/install/ros2_mid_actions/share/ros2_mid_actions/environment/pythonpath.dsv
[1.621s] -- Up-to-date: /workspace/install/ros2_mid_actions/local/lib/python3.10/dist-packages/ros2_mid_actions-0.0.0-py3.10.egg-info
[1.621s] -- Installing: /workspace/install/ros2_mid_actions/local/lib/python3.10/dist-packages/ros2_mid_actions-0.0.0-py3.10.egg-info/SOURCES.txt
[1.621s] -- Installing: /workspace/install/ros2_mid_actions/local/lib/python3.10/dist-packages/ros2_mid_actions-0.0.0-py3.10.egg-info/dependency_links.txt
[1.622s] -- Installing: /workspace/install/ros2_mid_actions/local/lib/python3.10/dist-packages/ros2_mid_actions-0.0.0-py3.10.egg-info/top_level.txt
[1.622s] -- Installing: /workspace/install/ros2_mid_actions/local/lib/python3.10/dist-packages/ros2_mid_actions-0.0.0-py3.10.egg-info/PKG-INFO
[1.622s] -- Up-to-date: /workspace/install/ros2_mid_actions/local/lib/python3.10/dist-packages/ros2_mid_actions
[1.622s] -- Up-to-date: /workspace/install/ros2_mid_actions/local/lib/python3.10/dist-packages/ros2_mid_actions/action
[1.622s] -- Up-to-date: /workspace/install/ros2_mid_actions/local/lib/python3.10/dist-packages/ros2_mid_actions/action/_ik.py
[1.623s] -- Up-to-date: /workspace/install/ros2_mid_actions/local/lib/python3.10/dist-packages/ros2_mid_actions/action/_inverse_kinematics.py
[1.623s] -- Up-to-date: /workspace/install/ros2_mid_actions/local/lib/python3.10/dist-packages/ros2_mid_actions/action/_ik_s.c
[1.623s] -- Up-to-date: /workspace/install/ros2_mid_actions/local/lib/python3.10/dist-packages/ros2_mid_actions/action/_inverse_kinematics_s.c
[1.623s] -- Up-to-date: /workspace/install/ros2_mid_actions/local/lib/python3.10/dist-packages/ros2_mid_actions/action/__init__.py
[1.624s] -- Up-to-date: /workspace/install/ros2_mid_actions/local/lib/python3.10/dist-packages/ros2_mid_actions/libros2_mid_actions__rosidl_generator_py.so
[1.624s] -- Up-to-date: /workspace/install/ros2_mid_actions/local/lib/python3.10/dist-packages/ros2_mid_actions/ros2_mid_actions_s__rosidl_typesupport_c.cpython-310-x86_64-linux-gnu.so
[1.625s] -- Up-to-date: /workspace/install/ros2_mid_actions/local/lib/python3.10/dist-packages/ros2_mid_actions/ros2_mid_actions_s__rosidl_typesupport_introspection_c.cpython-310-x86_64-linux-gnu.so
[1.625s] -- Up-to-date: /workspace/install/ros2_mid_actions/local/lib/python3.10/dist-packages/ros2_mid_actions/_ros2_mid_actions_s.ep.rosidl_typesupport_fastrtps_c.c
[1.625s] -- Up-to-date: /workspace/install/ros2_mid_actions/local/lib/python3.10/dist-packages/ros2_mid_actions/_ros2_mid_actions_s.ep.rosidl_typesupport_introspection_c.c
[1.626s] -- Up-to-date: /workspace/install/ros2_mid_actions/local/lib/python3.10/dist-packages/ros2_mid_actions/__init__.py
[1.626s] -- Up-to-date: /workspace/install/ros2_mid_actions/local/lib/python3.10/dist-packages/ros2_mid_actions/ros2_mid_actions_s__rosidl_typesupport_fastrtps_c.cpython-310-x86_64-linux-gnu.so
[1.626s] -- Up-to-date: /workspace/install/ros2_mid_actions/local/lib/python3.10/dist-packages/ros2_mid_actions/_ros2_mid_actions_s.ep.rosidl_typesupport_c.c
[1.691s] Listing '/workspace/install/ros2_mid_actions/local/lib/python3.10/dist-packages/ros2_mid_actions'...
[1.692s] Listing '/workspace/install/ros2_mid_actions/local/lib/python3.10/dist-packages/ros2_mid_actions/action'...
[1.702s] -- Up-to-date: /workspace/install/ros2_mid_actions/local/lib/python3.10/dist-packages/ros2_mid_actions/ros2_mid_actions_s__rosidl_typesupport_fastrtps_c.cpython-310-x86_64-linux-gnu.so
[1.703s] -- Up-to-date: /workspace/install/ros2_mid_actions/local/lib/python3.10/dist-packages/ros2_mid_actions/ros2_mid_actions_s__rosidl_typesupport_introspection_c.cpython-310-x86_64-linux-gnu.so
[1.704s] -- Up-to-date: /workspace/install/ros2_mid_actions/local/lib/python3.10/dist-packages/ros2_mid_actions/ros2_mid_actions_s__rosidl_typesupport_c.cpython-310-x86_64-linux-gnu.so
[1.705s] -- Up-to-date: /workspace/install/ros2_mid_actions/lib/libros2_mid_actions__rosidl_generator_py.so
[1.705s] -- Up-to-date: /workspace/install/ros2_mid_actions/share/ros2_mid_actions/action/IK.idl
[1.705s] -- Up-to-date: /workspace/install/ros2_mid_actions/share/ros2_mid_actions/action/IK.action
[1.706s] -- Up-to-date: /workspace/install/ros2_mid_actions/share/ament_index/resource_index/package_run_dependencies/ros2_mid_actions
[1.706s] -- Up-to-date: /workspace/install/ros2_mid_actions/share/ament_index/resource_index/parent_prefix_path/ros2_mid_actions
[1.706s] -- Up-to-date: /workspace/install/ros2_mid_actions/share/ros2_mid_actions/environment/ament_prefix_path.sh
[1.707s] -- Up-to-date: /workspace/install/ros2_mid_actions/share/ros2_mid_actions/environment/ament_prefix_path.dsv
[1.707s] -- Up-to-date: /workspace/install/ros2_mid_actions/share/ros2_mid_actions/environment/path.sh
[1.707s] -- Up-to-date: /workspace/install/ros2_mid_actions/share/ros2_mid_actions/environment/path.dsv
[1.708s] -- Up-to-date: /workspace/install/ros2_mid_actions/share/ros2_mid_actions/local_setup.bash
[1.708s] -- Up-to-date: /workspace/install/ros2_mid_actions/share/ros2_mid_actions/local_setup.sh
[1.714s] -- Up-to-date: /workspace/install/ros2_mid_actions/share/ros2_mid_actions/local_setup.zsh
[1.714s] -- Up-to-date: /workspace/install/ros2_mid_actions/share/ros2_mid_actions/local_setup.dsv
[1.715s] -- Installing: /workspace/install/ros2_mid_actions/share/ros2_mid_actions/package.dsv
[1.722s] -- Up-to-date: /workspace/install/ros2_mid_actions/share/ament_index/resource_index/packages/ros2_mid_actions
[1.723s] -- Up-to-date: /workspace/install/ros2_mid_actions/share/ros2_mid_actions/cmake/export_ros2_mid_actions__rosidl_generator_cExport.cmake
[1.723s] -- Up-to-date: /workspace/install/ros2_mid_actions/share/ros2_mid_actions/cmake/export_ros2_mid_actions__rosidl_generator_cExport-noconfig.cmake
[1.731s] -- Up-to-date: /workspace/install/ros2_mid_actions/share/ros2_mid_actions/cmake/export_ros2_mid_actions__rosidl_typesupport_fastrtps_cExport.cmake
[1.731s] -- Up-to-date: /workspace/install/ros2_mid_actions/share/ros2_mid_actions/cmake/export_ros2_mid_actions__rosidl_typesupport_fastrtps_cExport-noconfig.cmake
[1.731s] -- Up-to-date: /workspace/install/ros2_mid_actions/share/ros2_mid_actions/cmake/ros2_mid_actions__rosidl_typesupport_introspection_cExport.cmake
[1.731s] -- Up-to-date: /workspace/install/ros2_mid_actions/share/ros2_mid_actions/cmake/ros2_mid_actions__rosidl_typesupport_introspection_cExport-noconfig.cmake
[1.732s] -- Up-to-date: /workspace/install/ros2_mid_actions/share/ros2_mid_actions/cmake/ros2_mid_actions__rosidl_typesupport_cExport.cmake
[1.732s] -- Up-to-date: /workspace/install/ros2_mid_actions/share/ros2_mid_actions/cmake/ros2_mid_actions__rosidl_typesupport_cExport-noconfig.cmake
[1.733s] -- Up-to-date: /workspace/install/ros2_mid_actions/share/ros2_mid_actions/cmake/export_ros2_mid_actions__rosidl_generator_cppExport.cmake
[1.733s] -- Up-to-date: /workspace/install/ros2_mid_actions/share/ros2_mid_actions/cmake/export_ros2_mid_actions__rosidl_typesupport_fastrtps_cppExport.cmake
[1.734s] -- Up-to-date: /workspace/install/ros2_mid_actions/share/ros2_mid_actions/cmake/export_ros2_mid_actions__rosidl_typesupport_fastrtps_cppExport-noconfig.cmake
[1.734s] -- Up-to-date: /workspace/install/ros2_mid_actions/share/ros2_mid_actions/cmake/ros2_mid_actions__rosidl_typesupport_introspection_cppExport.cmake
[1.734s] -- Up-to-date: /workspace/install/ros2_mid_actions/share/ros2_mid_actions/cmake/ros2_mid_actions__rosidl_typesupport_introspection_cppExport-noconfig.cmake
[1.734s] -- Up-to-date: /workspace/install/ros2_mid_actions/share/ros2_mid_actions/cmake/ros2_mid_actions__rosidl_typesupport_cppExport.cmake
[1.735s] -- Up-to-date: /workspace/install/ros2_mid_actions/share/ros2_mid_actions/cmake/ros2_mid_actions__rosidl_typesupport_cppExport-noconfig.cmake
[1.735s] -- Up-to-date: /workspace/install/ros2_mid_actions/share/ros2_mid_actions/cmake/export_ros2_mid_actions__rosidl_generator_pyExport.cmake
[1.735s] -- Up-to-date: /workspace/install/ros2_mid_actions/share/ros2_mid_actions/cmake/export_ros2_mid_actions__rosidl_generator_pyExport-noconfig.cmake
[1.736s] -- Up-to-date: /workspace/install/ros2_mid_actions/share/ros2_mid_actions/cmake/rosidl_cmake-extras.cmake
[1.736s] -- Up-to-date: /workspace/install/ros2_mid_actions/share/ros2_mid_actions/cmake/ament_cmake_export_dependencies-extras.cmake
[1.736s] -- Up-to-date: /workspace/install/ros2_mid_actions/share/ros2_mid_actions/cmake/ament_cmake_export_include_directories-extras.cmake
[1.736s] -- Up-to-date: /workspace/install/ros2_mid_actions/share/ros2_mid_actions/cmake/ament_cmake_export_libraries-extras.cmake
[1.737s] -- Up-to-date: /workspace/install/ros2_mid_actions/share/ros2_mid_actions/cmake/ament_cmake_export_targets-extras.cmake
[1.737s] -- Up-to-date: /workspace/install/ros2_mid_actions/share/ros2_mid_actions/cmake/rosidl_cmake_export_typesupport_targets-extras.cmake
[1.737s] -- Up-to-date: /workspace/install/ros2_mid_actions/share/ros2_mid_actions/cmake/rosidl_cmake_export_typesupport_libraries-extras.cmake
[1.737s] -- Up-to-date: /workspace/install/ros2_mid_actions/share/ros2_mid_actions/cmake/ros2_mid_actionsConfig.cmake
[1.738s] -- Up-to-date: /workspace/install/ros2_mid_actions/share/ros2_mid_actions/cmake/ros2_mid_actionsConfig-version.cmake
[1.738s] -- Up-to-date: /workspace/install/ros2_mid_actions/share/ros2_mid_actions/package.xml
[1.740s] Invoked command in '/workspace/build/ros2_mid_actions' returned '0': CMAKE_PREFIX_PATH=${CMAKE_PREFIX_PATH}:/workspace/install/inverse_kinematics:/workspace/install/srvcli:/workspace/install/pubsub:/workspace/install/my_py_pkg:/workspace/install/my_package:/workspace/install/inv_kine:/opt/ros/humble /usr/bin/cmake --install /workspace/build/ros2_mid_actions
