[0.974s] Invoking command in '/workspace/src/inverse_kinematics': PYTHONPATH=/workspace/build/inverse_kinematics/prefix_override:/workspace/install/inverse_kinematics/lib/python3.10/site-packages:${PYTHONPATH} /usr/bin/python3 setup.py egg_info --egg-base ../../build/inverse_kinematics build --build-base /workspace/build/inverse_kinematics/build install --record /workspace/build/inverse_kinematics/install.log --single-version-externally-managed
[1.291s] running egg_info
[1.292s] writing ../../build/inverse_kinematics/inverse_kinematics.egg-info/PKG-INFO
[1.292s] writing dependency_links to ../../build/inverse_kinematics/inverse_kinematics.egg-info/dependency_links.txt
[1.292s] writing entry points to ../../build/inverse_kinematics/inverse_kinematics.egg-info/entry_points.txt
[1.293s] writing requirements to ../../build/inverse_kinematics/inverse_kinematics.egg-info/requires.txt
[1.293s] writing top-level names to ../../build/inverse_kinematics/inverse_kinematics.egg-info/top_level.txt
[1.296s] reading manifest file '../../build/inverse_kinematics/inverse_kinematics.egg-info/SOURCES.txt'
[1.298s] writing manifest file '../../build/inverse_kinematics/inverse_kinematics.egg-info/SOURCES.txt'
[1.298s] running build
[1.298s] running build_py
[1.298s] copying inverse_kinematics/serv.py -> /workspace/build/inverse_kinematics/build/lib/inverse_kinematics
[1.299s] running install
[1.299s] /usr/lib/python3/dist-packages/setuptools/command/install.py:34: SetuptoolsDeprecationWarning: setup.py install is deprecated. Use build and pip and other standards-based tools.
[1.299s]   warnings.warn(
[1.300s] running install_lib
[1.302s] copying /workspace/build/inverse_kinematics/build/lib/inverse_kinematics/serv.py -> /workspace/install/inverse_kinematics/lib/python3.10/site-packages/inverse_kinematics
[1.303s] byte-compiling /workspace/install/inverse_kinematics/lib/python3.10/site-packages/inverse_kinematics/serv.py to serv.cpython-310.pyc
[1.305s] running install_data
[1.306s] running install_egg_info
[1.309s] removing '/workspace/install/inverse_kinematics/lib/python3.10/site-packages/inverse_kinematics-0.0.0-py3.10.egg-info' (and everything under it)
[1.309s] Copying ../../build/inverse_kinematics/inverse_kinematics.egg-info to /workspace/install/inverse_kinematics/lib/python3.10/site-packages/inverse_kinematics-0.0.0-py3.10.egg-info
[1.311s] running install_scripts
[1.343s] Installing client script to /workspace/install/inverse_kinematics/lib/inverse_kinematics
[1.343s] Installing server script to /workspace/install/inverse_kinematics/lib/inverse_kinematics
[1.344s] writing list of installed files to '/workspace/build/inverse_kinematics/install.log'
[1.383s] Invoked command in '/workspace/src/inverse_kinematics' returned '0': PYTHONPATH=/workspace/build/inverse_kinematics/prefix_override:/workspace/install/inverse_kinematics/lib/python3.10/site-packages:${PYTHONPATH} /usr/bin/python3 setup.py egg_info --egg-base ../../build/inverse_kinematics build --build-base /workspace/build/inverse_kinematics/build install --record /workspace/build/inverse_kinematics/install.log --single-version-externally-managed
