/workspace/install/my_py_pkg/lib/python3.10/site-packages/my_py_pkg/number_gen.py
/workspace/install/my_py_pkg/lib/python3.10/site-packages/my_py_pkg/add_two_ints_client.py
/workspace/install/my_py_pkg/lib/python3.10/site-packages/my_py_pkg/add_two_ints_server.py
/workspace/install/my_py_pkg/lib/python3.10/site-packages/my_py_pkg/__init__.py
/workspace/install/my_py_pkg/lib/python3.10/site-packages/my_py_pkg/num_counter_reset.py
/workspace/install/my_py_pkg/lib/python3.10/site-packages/my_py_pkg/number_counter.py
/workspace/install/my_py_pkg/lib/python3.10/site-packages/my_py_pkg/__pycache__/number_gen.cpython-310.pyc
/workspace/install/my_py_pkg/lib/python3.10/site-packages/my_py_pkg/__pycache__/add_two_ints_client.cpython-310.pyc
/workspace/install/my_py_pkg/lib/python3.10/site-packages/my_py_pkg/__pycache__/add_two_ints_server.cpython-310.pyc
/workspace/install/my_py_pkg/lib/python3.10/site-packages/my_py_pkg/__pycache__/__init__.cpython-310.pyc
/workspace/install/my_py_pkg/lib/python3.10/site-packages/my_py_pkg/__pycache__/num_counter_reset.cpython-310.pyc
/workspace/install/my_py_pkg/lib/python3.10/site-packages/my_py_pkg/__pycache__/number_counter.cpython-310.pyc
/workspace/install/my_py_pkg/share/ament_index/resource_index/packages/my_py_pkg
/workspace/install/my_py_pkg/share/my_py_pkg/package.xml
/workspace/install/my_py_pkg/lib/python3.10/site-packages/my_py_pkg-0.0.0-py3.10.egg-info/SOURCES.txt
/workspace/install/my_py_pkg/lib/python3.10/site-packages/my_py_pkg-0.0.0-py3.10.egg-info/zip-safe
/workspace/install/my_py_pkg/lib/python3.10/site-packages/my_py_pkg-0.0.0-py3.10.egg-info/entry_points.txt
/workspace/install/my_py_pkg/lib/python3.10/site-packages/my_py_pkg-0.0.0-py3.10.egg-info/requires.txt
/workspace/install/my_py_pkg/lib/python3.10/site-packages/my_py_pkg-0.0.0-py3.10.egg-info/dependency_links.txt
/workspace/install/my_py_pkg/lib/python3.10/site-packages/my_py_pkg-0.0.0-py3.10.egg-info/top_level.txt
/workspace/install/my_py_pkg/lib/python3.10/site-packages/my_py_pkg-0.0.0-py3.10.egg-info/PKG-INFO
/workspace/install/my_py_pkg/lib/my_py_pkg/client
/workspace/install/my_py_pkg/lib/my_py_pkg/num_count
/workspace/install/my_py_pkg/lib/my_py_pkg/num_gen
/workspace/install/my_py_pkg/lib/my_py_pkg/num_reset
/workspace/install/my_py_pkg/lib/my_py_pkg/server
