running egg_info
creating ../../build/my_py_pkg/my_py_pkg.egg-info
writing ../../build/my_py_pkg/my_py_pkg.egg-info/PKG-INFO
writing dependency_links to ../../build/my_py_pkg/my_py_pkg.egg-info/dependency_links.txt
writing entry points to ../../build/my_py_pkg/my_py_pkg.egg-info/entry_points.txt
writing requirements to ../../build/my_py_pkg/my_py_pkg.egg-info/requires.txt
writing top-level names to ../../build/my_py_pkg/my_py_pkg.egg-info/top_level.txt
writing manifest file '../../build/my_py_pkg/my_py_pkg.egg-info/SOURCES.txt'
reading manifest file '../../build/my_py_pkg/my_py_pkg.egg-info/SOURCES.txt'
writing manifest file '../../build/my_py_pkg/my_py_pkg.egg-info/SOURCES.txt'
running build
running build_py
creating /workspace/build/my_py_pkg/build
creating /workspace/build/my_py_pkg/build/lib
creating /workspace/build/my_py_pkg/build/lib/my_py_pkg
copying my_py_pkg/number_counter.py -> /workspace/build/my_py_pkg/build/lib/my_py_pkg
copying my_py_pkg/add_two_ints_server.py -> /workspace/build/my_py_pkg/build/lib/my_py_pkg
copying my_py_pkg/number_gen.py -> /workspace/build/my_py_pkg/build/lib/my_py_pkg
copying my_py_pkg/add_two_ints_client.py -> /workspace/build/my_py_pkg/build/lib/my_py_pkg
copying my_py_pkg/__init__.py -> /workspace/build/my_py_pkg/build/lib/my_py_pkg
running install
/usr/lib/python3/dist-packages/setuptools/command/install.py:34: SetuptoolsDeprecationWarning: setup.py install is deprecated. Use build and pip and other standards-based tools.
  warnings.warn(
running install_lib
creating /workspace/install/my_py_pkg/lib/python3.10/site-packages/my_py_pkg
copying /workspace/build/my_py_pkg/build/lib/my_py_pkg/number_counter.py -> /workspace/install/my_py_pkg/lib/python3.10/site-packages/my_py_pkg
copying /workspace/build/my_py_pkg/build/lib/my_py_pkg/add_two_ints_server.py -> /workspace/install/my_py_pkg/lib/python3.10/site-packages/my_py_pkg
copying /workspace/build/my_py_pkg/build/lib/my_py_pkg/number_gen.py -> /workspace/install/my_py_pkg/lib/python3.10/site-packages/my_py_pkg
copying /workspace/build/my_py_pkg/build/lib/my_py_pkg/add_two_ints_client.py -> /workspace/install/my_py_pkg/lib/python3.10/site-packages/my_py_pkg
copying /workspace/build/my_py_pkg/build/lib/my_py_pkg/__init__.py -> /workspace/install/my_py_pkg/lib/python3.10/site-packages/my_py_pkg
byte-compiling /workspace/install/my_py_pkg/lib/python3.10/site-packages/my_py_pkg/number_counter.py to number_counter.cpython-310.pyc
byte-compiling /workspace/install/my_py_pkg/lib/python3.10/site-packages/my_py_pkg/add_two_ints_server.py to add_two_ints_server.cpython-310.pyc
byte-compiling /workspace/install/my_py_pkg/lib/python3.10/site-packages/my_py_pkg/number_gen.py to number_gen.cpython-310.pyc
byte-compiling /workspace/install/my_py_pkg/lib/python3.10/site-packages/my_py_pkg/add_two_ints_client.py to add_two_ints_client.cpython-310.pyc
byte-compiling /workspace/install/my_py_pkg/lib/python3.10/site-packages/my_py_pkg/__init__.py to __init__.cpython-310.pyc
running install_data
creating /workspace/install/my_py_pkg/share/ament_index
creating /workspace/install/my_py_pkg/share/ament_index/resource_index
creating /workspace/install/my_py_pkg/share/ament_index/resource_index/packages
copying resource/my_py_pkg -> /workspace/install/my_py_pkg/share/ament_index/resource_index/packages
copying package.xml -> /workspace/install/my_py_pkg/share/my_py_pkg
running install_egg_info
Copying ../../build/my_py_pkg/my_py_pkg.egg-info to /workspace/install/my_py_pkg/lib/python3.10/site-packages/my_py_pkg-0.0.0-py3.10.egg-info
running install_scripts
Installing client script to /workspace/install/my_py_pkg/lib/my_py_pkg
Installing num_count script to /workspace/install/my_py_pkg/lib/my_py_pkg
Installing num_gen script to /workspace/install/my_py_pkg/lib/my_py_pkg
Installing server script to /workspace/install/my_py_pkg/lib/my_py_pkg
writing list of installed files to '/workspace/build/my_py_pkg/install.log'
