[0.580s] Invoking command in '/workspace/src/my_py_pkg': PYTHONPATH=/workspace/build/my_py_pkg/prefix_override:/workspace/install/my_py_pkg/lib/python3.10/site-packages:${PYTHONPATH} /usr/bin/python3 setup.py egg_info --egg-base ../../build/my_py_pkg build --build-base /workspace/build/my_py_pkg/build install --record /workspace/build/my_py_pkg/install.log --single-version-externally-managed
[0.842s] running egg_info
[0.842s] creating ../../build/my_py_pkg/my_py_pkg.egg-info
[0.843s] writing ../../build/my_py_pkg/my_py_pkg.egg-info/PKG-INFO
[0.843s] writing dependency_links to ../../build/my_py_pkg/my_py_pkg.egg-info/dependency_links.txt
[0.843s] writing entry points to ../../build/my_py_pkg/my_py_pkg.egg-info/entry_points.txt
[0.844s] writing requirements to ../../build/my_py_pkg/my_py_pkg.egg-info/requires.txt
[0.844s] writing top-level names to ../../build/my_py_pkg/my_py_pkg.egg-info/top_level.txt
[0.844s] writing manifest file '../../build/my_py_pkg/my_py_pkg.egg-info/SOURCES.txt'
[0.845s] reading manifest file '../../build/my_py_pkg/my_py_pkg.egg-info/SOURCES.txt'
[0.846s] writing manifest file '../../build/my_py_pkg/my_py_pkg.egg-info/SOURCES.txt'
[0.846s] running build
[0.847s] running build_py
[0.847s] creating /workspace/build/my_py_pkg/build
[0.847s] creating /workspace/build/my_py_pkg/build/lib
[0.848s] creating /workspace/build/my_py_pkg/build/lib/my_py_pkg
[0.848s] copying my_py_pkg/number_counter.py -> /workspace/build/my_py_pkg/build/lib/my_py_pkg
[0.848s] copying my_py_pkg/add_two_ints_server.py -> /workspace/build/my_py_pkg/build/lib/my_py_pkg
[0.848s] copying my_py_pkg/number_gen.py -> /workspace/build/my_py_pkg/build/lib/my_py_pkg
[0.848s] copying my_py_pkg/add_two_ints_client.py -> /workspace/build/my_py_pkg/build/lib/my_py_pkg
[0.848s] copying my_py_pkg/__init__.py -> /workspace/build/my_py_pkg/build/lib/my_py_pkg
[0.848s] running install
[0.849s] /usr/lib/python3/dist-packages/setuptools/command/install.py:34: SetuptoolsDeprecationWarning: setup.py install is deprecated. Use build and pip and other standards-based tools.
[0.849s]   warnings.warn(
[0.849s] running install_lib
[0.850s] creating /workspace/install/my_py_pkg/lib/python3.10/site-packages/my_py_pkg
[0.850s] copying /workspace/build/my_py_pkg/build/lib/my_py_pkg/number_counter.py -> /workspace/install/my_py_pkg/lib/python3.10/site-packages/my_py_pkg
[0.850s] copying /workspace/build/my_py_pkg/build/lib/my_py_pkg/add_two_ints_server.py -> /workspace/install/my_py_pkg/lib/python3.10/site-packages/my_py_pkg
[0.850s] copying /workspace/build/my_py_pkg/build/lib/my_py_pkg/number_gen.py -> /workspace/install/my_py_pkg/lib/python3.10/site-packages/my_py_pkg
[0.850s] copying /workspace/build/my_py_pkg/build/lib/my_py_pkg/add_two_ints_client.py -> /workspace/install/my_py_pkg/lib/python3.10/site-packages/my_py_pkg
[0.850s] copying /workspace/build/my_py_pkg/build/lib/my_py_pkg/__init__.py -> /workspace/install/my_py_pkg/lib/python3.10/site-packages/my_py_pkg
[0.851s] byte-compiling /workspace/install/my_py_pkg/lib/python3.10/site-packages/my_py_pkg/number_counter.py to number_counter.cpython-310.pyc
[0.851s] byte-compiling /workspace/install/my_py_pkg/lib/python3.10/site-packages/my_py_pkg/add_two_ints_server.py to add_two_ints_server.cpython-310.pyc
[0.852s] byte-compiling /workspace/install/my_py_pkg/lib/python3.10/site-packages/my_py_pkg/number_gen.py to number_gen.cpython-310.pyc
[0.852s] byte-compiling /workspace/install/my_py_pkg/lib/python3.10/site-packages/my_py_pkg/add_two_ints_client.py to add_two_ints_client.cpython-310.pyc
[0.853s] byte-compiling /workspace/install/my_py_pkg/lib/python3.10/site-packages/my_py_pkg/__init__.py to __init__.cpython-310.pyc
[0.853s] running install_data
[0.854s] creating /workspace/install/my_py_pkg/share/ament_index
[0.854s] creating /workspace/install/my_py_pkg/share/ament_index/resource_index
[0.855s] creating /workspace/install/my_py_pkg/share/ament_index/resource_index/packages
[0.855s] copying resource/my_py_pkg -> /workspace/install/my_py_pkg/share/ament_index/resource_index/packages
[0.855s] copying package.xml -> /workspace/install/my_py_pkg/share/my_py_pkg
[0.855s] running install_egg_info
[0.856s] Copying ../../build/my_py_pkg/my_py_pkg.egg-info to /workspace/install/my_py_pkg/lib/python3.10/site-packages/my_py_pkg-0.0.0-py3.10.egg-info
[0.857s] running install_scripts
[0.876s] Installing client script to /workspace/install/my_py_pkg/lib/my_py_pkg
[0.876s] Installing num_count script to /workspace/install/my_py_pkg/lib/my_py_pkg
[0.877s] Installing num_gen script to /workspace/install/my_py_pkg/lib/my_py_pkg
[0.877s] Installing server script to /workspace/install/my_py_pkg/lib/my_py_pkg
[0.877s] writing list of installed files to '/workspace/build/my_py_pkg/install.log'
[0.895s] Invoked command in '/workspace/src/my_py_pkg' returned '0': PYTHONPATH=/workspace/build/my_py_pkg/prefix_override:/workspace/install/my_py_pkg/lib/python3.10/site-packages:${PYTHONPATH} /usr/bin/python3 setup.py egg_info --egg-base ../../build/my_py_pkg build --build-base /workspace/build/my_py_pkg/build install --record /workspace/build/my_py_pkg/install.log --single-version-externally-managed
