[0.281s] DEBUG:colcon:Command line arguments: ['/usr/bin/colcon', 'build', '--packages-select', 'irb120_ros2_gazebo']
[0.281s] DEBUG:colcon:Parsed command line arguments: Namespace(log_base=None, log_level=None, verb_name='build', build_base='build', install_base='install', merge_install=False, symlink_install=False, test_result_base=None, continue_on_error=False, executor='parallel', parallel_workers=12, event_handlers=None, ignore_user_meta=False, metas=['./colcon.meta'], base_paths=['.'], packages_ignore=None, packages_ignore_regex=None, paths=None, packages_up_to=None, packages_up_to_regex=None, packages_above=None, packages_above_and_dependencies=None, packages_above_depth=None, packages_select_by_dep=None, packages_skip_by_dep=None, packages_skip_up_to=None, packages_select_build_failed=False, packages_skip_build_finished=False, packages_select_test_failures=False, packages_skip_test_passed=False, packages_select=['irb120_ros2_gazebo'], packages_skip=None, packages_select_regex=None, packages_skip_regex=None, packages_start=None, packages_end=None, cmake_args=None, cmake_target=None, cmake_target_skip_unavailable=False, cmake_clean_cache=False, cmake_clean_first=False, cmake_force_configure=False, ament_cmake_args=None, catkin_cmake_args=None, catkin_skip_building_tests=False, mixin_files=None, mixin=None, verb_parser=<colcon_mixin.mixin.mixin_argument.MixinArgumentDecorator object at 0x7f927e6fc700>, verb_extension=<colcon_core.verb.build.BuildVerb object at 0x7f927eeb9600>, main=<bound method BuildVerb.main of <colcon_core.verb.build.BuildVerb object at 0x7f927eeb9600>>, mixin_verb=('build',))
[0.306s] Level 1:colcon.colcon_core.package_discovery:discover_packages(colcon_meta) check parameters
[0.307s] INFO:colcon.colcon_metadata.package_discovery.colcon_meta:Using configuration from '/root/.colcon/metadata/default/Gazebo.meta'
[0.307s] INFO:colcon.colcon_metadata.package_discovery.colcon_meta:Using configuration from '/root/.colcon/metadata/default/fastrtps.meta'
[0.307s] Level 1:colcon.colcon_core.package_discovery:discover_packages(recursive) check parameters
[0.307s] Level 1:colcon.colcon_core.package_discovery:discover_packages(ignore) check parameters
[0.307s] Level 1:colcon.colcon_core.package_discovery:discover_packages(path) check parameters
[0.307s] Level 1:colcon.colcon_core.package_discovery:discover_packages(colcon_meta) discover
[0.307s] Level 1:colcon.colcon_core.package_discovery:discover_packages(recursive) discover
[0.307s] INFO:colcon.colcon_core.package_discovery:Crawling recursively for packages in '/workspace/src'
[0.307s] Level 1:colcon.colcon_core.package_identification:_identify(.) by extensions ['ignore', 'ignore_ament_install']
[0.307s] Level 1:colcon.colcon_core.package_identification:_identify(.) by extension 'ignore'
[0.307s] Level 1:colcon.colcon_core.package_identification:_identify(.) by extension 'ignore_ament_install'
[0.307s] Level 1:colcon.colcon_core.package_identification:_identify(.) by extensions ['colcon_pkg']
[0.307s] Level 1:colcon.colcon_core.package_identification:_identify(.) by extension 'colcon_pkg'
[0.308s] Level 1:colcon.colcon_core.package_identification:_identify(.) by extensions ['colcon_meta']
[0.308s] Level 1:colcon.colcon_core.package_identification:_identify(.) by extension 'colcon_meta'
[0.308s] Level 1:colcon.colcon_core.package_identification:_identify(.) by extensions ['ros']
[0.308s] Level 1:colcon.colcon_core.package_identification:_identify(.) by extension 'ros'
[0.316s] Level 1:colcon.colcon_core.package_identification:_identify(.) by extensions ['cmake', 'python']
[0.316s] Level 1:colcon.colcon_core.package_identification:_identify(.) by extension 'cmake'
[0.316s] Level 1:colcon.colcon_core.package_identification:_identify(.) by extension 'python'
[0.316s] Level 1:colcon.colcon_core.package_identification:_identify(.) by extensions ['python_setup_py']
[0.316s] Level 1:colcon.colcon_core.package_identification:_identify(.) by extension 'python_setup_py'
[0.317s] Level 1:colcon.colcon_core.package_identification:_identify(articubot_one) by extensions ['ignore', 'ignore_ament_install']
[0.317s] Level 1:colcon.colcon_core.package_identification:_identify(articubot_one) by extension 'ignore'
[0.317s] Level 1:colcon.colcon_core.package_identification:_identify(articubot_one) by extension 'ignore_ament_install'
[0.317s] Level 1:colcon.colcon_core.package_identification:_identify(articubot_one) by extensions ['colcon_pkg']
[0.317s] Level 1:colcon.colcon_core.package_identification:_identify(articubot_one) by extension 'colcon_pkg'
[0.317s] Level 1:colcon.colcon_core.package_identification:_identify(articubot_one) by extensions ['colcon_meta']
[0.317s] Level 1:colcon.colcon_core.package_identification:_identify(articubot_one) by extension 'colcon_meta'
[0.317s] Level 1:colcon.colcon_core.package_identification:_identify(articubot_one) by extensions ['ros']
[0.317s] Level 1:colcon.colcon_core.package_identification:_identify(articubot_one) by extension 'ros'
[0.319s] DEBUG:colcon.colcon_core.package_identification:Package 'articubot_one' with type 'ros.ament_cmake' and name 'articubot_one'
[0.319s] Level 1:colcon.colcon_core.package_identification:_identify(build) by extensions ['ignore', 'ignore_ament_install']
[0.319s] Level 1:colcon.colcon_core.package_identification:_identify(build) by extension 'ignore'
[0.319s] Level 1:colcon.colcon_core.package_identification:_identify(build) ignored
[0.319s] Level 1:colcon.colcon_core.package_identification:_identify(install) by extensions ['ignore', 'ignore_ament_install']
[0.319s] Level 1:colcon.colcon_core.package_identification:_identify(install) by extension 'ignore'
[0.319s] Level 1:colcon.colcon_core.package_identification:_identify(install) ignored
[0.320s] Level 1:colcon.colcon_core.package_identification:_identify(inverse_kinematics) by extensions ['ignore', 'ignore_ament_install']
[0.320s] Level 1:colcon.colcon_core.package_identification:_identify(inverse_kinematics) by extension 'ignore'
[0.320s] Level 1:colcon.colcon_core.package_identification:_identify(inverse_kinematics) by extension 'ignore_ament_install'
[0.320s] Level 1:colcon.colcon_core.package_identification:_identify(inverse_kinematics) by extensions ['colcon_pkg']
[0.320s] Level 1:colcon.colcon_core.package_identification:_identify(inverse_kinematics) by extension 'colcon_pkg'
[0.320s] Level 1:colcon.colcon_core.package_identification:_identify(inverse_kinematics) by extensions ['colcon_meta']
[0.320s] Level 1:colcon.colcon_core.package_identification:_identify(inverse_kinematics) by extension 'colcon_meta'
[0.320s] Level 1:colcon.colcon_core.package_identification:_identify(inverse_kinematics) by extensions ['ros']
[0.320s] Level 1:colcon.colcon_core.package_identification:_identify(inverse_kinematics) by extension 'ros'
[0.320s] DEBUG:colcon.colcon_core.package_identification:Package 'inverse_kinematics' with type 'ros.ament_python' and name 'inverse_kinematics'
[0.320s] Level 1:colcon.colcon_core.package_identification:_identify(lakme_ros) by extensions ['ignore', 'ignore_ament_install']
[0.320s] Level 1:colcon.colcon_core.package_identification:_identify(lakme_ros) by extension 'ignore'
[0.320s] Level 1:colcon.colcon_core.package_identification:_identify(lakme_ros) by extension 'ignore_ament_install'
[0.320s] Level 1:colcon.colcon_core.package_identification:_identify(lakme_ros) by extensions ['colcon_pkg']
[0.320s] Level 1:colcon.colcon_core.package_identification:_identify(lakme_ros) by extension 'colcon_pkg'
[0.320s] Level 1:colcon.colcon_core.package_identification:_identify(lakme_ros) by extensions ['colcon_meta']
[0.320s] Level 1:colcon.colcon_core.package_identification:_identify(lakme_ros) by extension 'colcon_meta'
[0.321s] Level 1:colcon.colcon_core.package_identification:_identify(lakme_ros) by extensions ['ros']
[0.321s] Level 1:colcon.colcon_core.package_identification:_identify(lakme_ros) by extension 'ros'
[0.321s] DEBUG:colcon.colcon_core.package_identification:Package 'lakme_ros' with type 'ros.ament_cmake' and name 'lakme_ros'
[0.321s] Level 1:colcon.colcon_core.package_identification:_identify(log) by extensions ['ignore', 'ignore_ament_install']
[0.321s] Level 1:colcon.colcon_core.package_identification:_identify(log) by extension 'ignore'
[0.321s] Level 1:colcon.colcon_core.package_identification:_identify(log) ignored
[0.321s] Level 1:colcon.colcon_core.package_identification:_identify(my_py_pkg) by extensions ['ignore', 'ignore_ament_install']
[0.321s] Level 1:colcon.colcon_core.package_identification:_identify(my_py_pkg) by extension 'ignore'
[0.321s] Level 1:colcon.colcon_core.package_identification:_identify(my_py_pkg) by extension 'ignore_ament_install'
[0.321s] Level 1:colcon.colcon_core.package_identification:_identify(my_py_pkg) by extensions ['colcon_pkg']
[0.321s] Level 1:colcon.colcon_core.package_identification:_identify(my_py_pkg) by extension 'colcon_pkg'
[0.321s] Level 1:colcon.colcon_core.package_identification:_identify(my_py_pkg) by extensions ['colcon_meta']
[0.321s] Level 1:colcon.colcon_core.package_identification:_identify(my_py_pkg) by extension 'colcon_meta'
[0.321s] Level 1:colcon.colcon_core.package_identification:_identify(my_py_pkg) by extensions ['ros']
[0.322s] Level 1:colcon.colcon_core.package_identification:_identify(my_py_pkg) by extension 'ros'
[0.322s] DEBUG:colcon.colcon_core.package_identification:Package 'my_py_pkg' with type 'ros.ament_python' and name 'my_py_pkg'
[0.322s] Level 1:colcon.colcon_core.package_identification:_identify(my_robot_package) by extensions ['ignore', 'ignore_ament_install']
[0.322s] Level 1:colcon.colcon_core.package_identification:_identify(my_robot_package) by extension 'ignore'
[0.322s] Level 1:colcon.colcon_core.package_identification:_identify(my_robot_package) by extension 'ignore_ament_install'
[0.322s] Level 1:colcon.colcon_core.package_identification:_identify(my_robot_package) by extensions ['colcon_pkg']
[0.322s] Level 1:colcon.colcon_core.package_identification:_identify(my_robot_package) by extension 'colcon_pkg'
[0.322s] Level 1:colcon.colcon_core.package_identification:_identify(my_robot_package) by extensions ['colcon_meta']
[0.322s] Level 1:colcon.colcon_core.package_identification:_identify(my_robot_package) by extension 'colcon_meta'
[0.322s] Level 1:colcon.colcon_core.package_identification:_identify(my_robot_package) by extensions ['ros']
[0.322s] Level 1:colcon.colcon_core.package_identification:_identify(my_robot_package) by extension 'ros'
[0.323s] DEBUG:colcon.colcon_core.package_identification:Package 'my_robot_package' with type 'ros.ament_cmake' and name 'my_robot_package'
[0.323s] Level 1:colcon.colcon_core.package_identification:_identify(pubsub) by extensions ['ignore', 'ignore_ament_install']
[0.323s] Level 1:colcon.colcon_core.package_identification:_identify(pubsub) by extension 'ignore'
[0.323s] Level 1:colcon.colcon_core.package_identification:_identify(pubsub) by extension 'ignore_ament_install'
[0.323s] Level 1:colcon.colcon_core.package_identification:_identify(pubsub) by extensions ['colcon_pkg']
[0.323s] Level 1:colcon.colcon_core.package_identification:_identify(pubsub) by extension 'colcon_pkg'
[0.323s] Level 1:colcon.colcon_core.package_identification:_identify(pubsub) by extensions ['colcon_meta']
[0.323s] Level 1:colcon.colcon_core.package_identification:_identify(pubsub) by extension 'colcon_meta'
[0.323s] Level 1:colcon.colcon_core.package_identification:_identify(pubsub) by extensions ['ros']
[0.323s] Level 1:colcon.colcon_core.package_identification:_identify(pubsub) by extension 'ros'
[0.323s] DEBUG:colcon.colcon_core.package_identification:Package 'pubsub' with type 'ros.ament_python' and name 'pubsub'
[0.324s] Level 1:colcon.colcon_core.package_identification:_identify(ros2_RobotSimulation) by extensions ['ignore', 'ignore_ament_install']
[0.324s] Level 1:colcon.colcon_core.package_identification:_identify(ros2_RobotSimulation) by extension 'ignore'
[0.324s] Level 1:colcon.colcon_core.package_identification:_identify(ros2_RobotSimulation) by extension 'ignore_ament_install'
[0.324s] Level 1:colcon.colcon_core.package_identification:_identify(ros2_RobotSimulation) by extensions ['colcon_pkg']
[0.324s] Level 1:colcon.colcon_core.package_identification:_identify(ros2_RobotSimulation) by extension 'colcon_pkg'
[0.324s] Level 1:colcon.colcon_core.package_identification:_identify(ros2_RobotSimulation) by extensions ['colcon_meta']
[0.324s] Level 1:colcon.colcon_core.package_identification:_identify(ros2_RobotSimulation) by extension 'colcon_meta'
[0.324s] Level 1:colcon.colcon_core.package_identification:_identify(ros2_RobotSimulation) by extensions ['ros']
[0.324s] Level 1:colcon.colcon_core.package_identification:_identify(ros2_RobotSimulation) by extension 'ros'
[0.324s] Level 1:colcon.colcon_core.package_identification:_identify(ros2_RobotSimulation) by extensions ['cmake', 'python']
[0.324s] Level 1:colcon.colcon_core.package_identification:_identify(ros2_RobotSimulation) by extension 'cmake'
[0.324s] Level 1:colcon.colcon_core.package_identification:_identify(ros2_RobotSimulation) by extension 'python'
[0.324s] Level 1:colcon.colcon_core.package_identification:_identify(ros2_RobotSimulation) by extensions ['python_setup_py']
[0.324s] Level 1:colcon.colcon_core.package_identification:_identify(ros2_RobotSimulation) by extension 'python_setup_py'
[0.324s] Level 1:colcon.colcon_core.package_identification:_identify(ros2_RobotSimulation/ABBRobots) by extensions ['ignore', 'ignore_ament_install']
[0.324s] Level 1:colcon.colcon_core.package_identification:_identify(ros2_RobotSimulation/ABBRobots) by extension 'ignore'
[0.324s] Level 1:colcon.colcon_core.package_identification:_identify(ros2_RobotSimulation/ABBRobots) by extension 'ignore_ament_install'
[0.324s] Level 1:colcon.colcon_core.package_identification:_identify(ros2_RobotSimulation/ABBRobots) by extensions ['colcon_pkg']
[0.324s] Level 1:colcon.colcon_core.package_identification:_identify(ros2_RobotSimulation/ABBRobots) by extension 'colcon_pkg'
[0.324s] Level 1:colcon.colcon_core.package_identification:_identify(ros2_RobotSimulation/ABBRobots) by extensions ['colcon_meta']
[0.324s] Level 1:colcon.colcon_core.package_identification:_identify(ros2_RobotSimulation/ABBRobots) by extension 'colcon_meta'
[0.324s] Level 1:colcon.colcon_core.package_identification:_identify(ros2_RobotSimulation/ABBRobots) by extensions ['ros']
[0.324s] Level 1:colcon.colcon_core.package_identification:_identify(ros2_RobotSimulation/ABBRobots) by extension 'ros'
[0.325s] Level 1:colcon.colcon_core.package_identification:_identify(ros2_RobotSimulation/ABBRobots) by extensions ['cmake', 'python']
[0.325s] Level 1:colcon.colcon_core.package_identification:_identify(ros2_RobotSimulation/ABBRobots) by extension 'cmake'
[0.325s] Level 1:colcon.colcon_core.package_identification:_identify(ros2_RobotSimulation/ABBRobots) by extension 'python'
[0.325s] Level 1:colcon.colcon_core.package_identification:_identify(ros2_RobotSimulation/ABBRobots) by extensions ['python_setup_py']
[0.325s] Level 1:colcon.colcon_core.package_identification:_identify(ros2_RobotSimulation/ABBRobots) by extension 'python_setup_py'
[0.325s] Level 1:colcon.colcon_core.package_identification:_identify(ros2_RobotSimulation/ABBRobots/IRB120) by extensions ['ignore', 'ignore_ament_install']
[0.325s] Level 1:colcon.colcon_core.package_identification:_identify(ros2_RobotSimulation/ABBRobots/IRB120) by extension 'ignore'
[0.325s] Level 1:colcon.colcon_core.package_identification:_identify(ros2_RobotSimulation/ABBRobots/IRB120) by extension 'ignore_ament_install'
[0.325s] Level 1:colcon.colcon_core.package_identification:_identify(ros2_RobotSimulation/ABBRobots/IRB120) by extensions ['colcon_pkg']
[0.325s] Level 1:colcon.colcon_core.package_identification:_identify(ros2_RobotSimulation/ABBRobots/IRB120) by extension 'colcon_pkg'
[0.325s] Level 1:colcon.colcon_core.package_identification:_identify(ros2_RobotSimulation/ABBRobots/IRB120) by extensions ['colcon_meta']
[0.325s] Level 1:colcon.colcon_core.package_identification:_identify(ros2_RobotSimulation/ABBRobots/IRB120) by extension 'colcon_meta'
[0.325s] Level 1:colcon.colcon_core.package_identification:_identify(ros2_RobotSimulation/ABBRobots/IRB120) by extensions ['ros']
[0.325s] Level 1:colcon.colcon_core.package_identification:_identify(ros2_RobotSimulation/ABBRobots/IRB120) by extension 'ros'
[0.325s] Level 1:colcon.colcon_core.package_identification:_identify(ros2_RobotSimulation/ABBRobots/IRB120) by extensions ['cmake', 'python']
[0.325s] Level 1:colcon.colcon_core.package_identification:_identify(ros2_RobotSimulation/ABBRobots/IRB120) by extension 'cmake'
[0.325s] Level 1:colcon.colcon_core.package_identification:_identify(ros2_RobotSimulation/ABBRobots/IRB120) by extension 'python'
[0.325s] Level 1:colcon.colcon_core.package_identification:_identify(ros2_RobotSimulation/ABBRobots/IRB120) by extensions ['python_setup_py']
[0.325s] Level 1:colcon.colcon_core.package_identification:_identify(ros2_RobotSimulation/ABBRobots/IRB120) by extension 'python_setup_py'
[0.325s] Level 1:colcon.colcon_core.package_identification:_identify(ros2_RobotSimulation/ABBRobots/IRB120/irb120_ros2_gazebo) by extensions ['ignore', 'ignore_ament_install']
[0.325s] Level 1:colcon.colcon_core.package_identification:_identify(ros2_RobotSimulation/ABBRobots/IRB120/irb120_ros2_gazebo) by extension 'ignore'
[0.325s] Level 1:colcon.colcon_core.package_identification:_identify(ros2_RobotSimulation/ABBRobots/IRB120/irb120_ros2_gazebo) by extension 'ignore_ament_install'
[0.326s] Level 1:colcon.colcon_core.package_identification:_identify(ros2_RobotSimulation/ABBRobots/IRB120/irb120_ros2_gazebo) by extensions ['colcon_pkg']
[0.326s] Level 1:colcon.colcon_core.package_identification:_identify(ros2_RobotSimulation/ABBRobots/IRB120/irb120_ros2_gazebo) by extension 'colcon_pkg'
[0.326s] Level 1:colcon.colcon_core.package_identification:_identify(ros2_RobotSimulation/ABBRobots/IRB120/irb120_ros2_gazebo) by extensions ['colcon_meta']
[0.326s] Level 1:colcon.colcon_core.package_identification:_identify(ros2_RobotSimulation/ABBRobots/IRB120/irb120_ros2_gazebo) by extension 'colcon_meta'
[0.326s] Level 1:colcon.colcon_core.package_identification:_identify(ros2_RobotSimulation/ABBRobots/IRB120/irb120_ros2_gazebo) by extensions ['ros']
[0.326s] Level 1:colcon.colcon_core.package_identification:_identify(ros2_RobotSimulation/ABBRobots/IRB120/irb120_ros2_gazebo) by extension 'ros'
[0.326s] DEBUG:colcon.colcon_core.package_identification:Package 'ros2_RobotSimulation/ABBRobots/IRB120/irb120_ros2_gazebo' with type 'ros.ament_cmake' and name 'irb120_ros2_gazebo'
[0.326s] Level 1:colcon.colcon_core.package_identification:_identify(ros2_RobotSimulation/ABBRobots/IRB120/irb120_ros2_moveit2) by extensions ['ignore', 'ignore_ament_install']
[0.326s] Level 1:colcon.colcon_core.package_identification:_identify(ros2_RobotSimulation/ABBRobots/IRB120/irb120_ros2_moveit2) by extension 'ignore'
[0.326s] Level 1:colcon.colcon_core.package_identification:_identify(ros2_RobotSimulation/ABBRobots/IRB120/irb120_ros2_moveit2) by extension 'ignore_ament_install'
[0.326s] Level 1:colcon.colcon_core.package_identification:_identify(ros2_RobotSimulation/ABBRobots/IRB120/irb120_ros2_moveit2) by extensions ['colcon_pkg']
[0.326s] Level 1:colcon.colcon_core.package_identification:_identify(ros2_RobotSimulation/ABBRobots/IRB120/irb120_ros2_moveit2) by extension 'colcon_pkg'
[0.326s] Level 1:colcon.colcon_core.package_identification:_identify(ros2_RobotSimulation/ABBRobots/IRB120/irb120_ros2_moveit2) by extensions ['colcon_meta']
[0.326s] Level 1:colcon.colcon_core.package_identification:_identify(ros2_RobotSimulation/ABBRobots/IRB120/irb120_ros2_moveit2) by extension 'colcon_meta'
[0.326s] Level 1:colcon.colcon_core.package_identification:_identify(ros2_RobotSimulation/ABBRobots/IRB120/irb120_ros2_moveit2) by extensions ['ros']
[0.327s] Level 1:colcon.colcon_core.package_identification:_identify(ros2_RobotSimulation/ABBRobots/IRB120/irb120_ros2_moveit2) by extension 'ros'
[0.327s] DEBUG:colcon.colcon_core.package_identification:Package 'ros2_RobotSimulation/ABBRobots/IRB120/irb120_ros2_moveit2' with type 'ros.ament_cmake' and name 'irb120_ros2_moveit2'
[0.327s] Level 1:colcon.colcon_core.package_identification:_identify(ros2_RobotSimulation/ABBRobots/IRB1200) by extensions ['ignore', 'ignore_ament_install']
[0.327s] Level 1:colcon.colcon_core.package_identification:_identify(ros2_RobotSimulation/ABBRobots/IRB1200) by extension 'ignore'
[0.327s] Level 1:colcon.colcon_core.package_identification:_identify(ros2_RobotSimulation/ABBRobots/IRB1200) by extension 'ignore_ament_install'
[0.327s] Level 1:colcon.colcon_core.package_identification:_identify(ros2_RobotSimulation/ABBRobots/IRB1200) by extensions ['colcon_pkg']
[0.327s] Level 1:colcon.colcon_core.package_identification:_identify(ros2_RobotSimulation/ABBRobots/IRB1200) by extension 'colcon_pkg'
[0.327s] Level 1:colcon.colcon_core.package_identification:_identify(ros2_RobotSimulation/ABBRobots/IRB1200) by extensions ['colcon_meta']
[0.327s] Level 1:colcon.colcon_core.package_identification:_identify(ros2_RobotSimulation/ABBRobots/IRB1200) by extension 'colcon_meta'
[0.327s] Level 1:colcon.colcon_core.package_identification:_identify(ros2_RobotSimulation/ABBRobots/IRB1200) by extensions ['ros']
[0.327s] Level 1:colcon.colcon_core.package_identification:_identify(ros2_RobotSimulation/ABBRobots/IRB1200) by extension 'ros'
[0.327s] Level 1:colcon.colcon_core.package_identification:_identify(ros2_RobotSimulation/ABBRobots/IRB1200) by extensions ['cmake', 'python']
[0.327s] Level 1:colcon.colcon_core.package_identification:_identify(ros2_RobotSimulation/ABBRobots/IRB1200) by extension 'cmake'
[0.327s] Level 1:colcon.colcon_core.package_identification:_identify(ros2_RobotSimulation/ABBRobots/IRB1200) by extension 'python'
[0.327s] Level 1:colcon.colcon_core.package_identification:_identify(ros2_RobotSimulation/ABBRobots/IRB1200) by extensions ['python_setup_py']
[0.328s] Level 1:colcon.colcon_core.package_identification:_identify(ros2_RobotSimulation/ABBRobots/IRB1200) by extension 'python_setup_py'
[0.328s] Level 1:colcon.colcon_core.package_identification:_identify(ros2_RobotSimulation/ABBRobots/IRB1200/irb1200_ros2_gazebo) by extensions ['ignore', 'ignore_ament_install']
[0.328s] Level 1:colcon.colcon_core.package_identification:_identify(ros2_RobotSimulation/ABBRobots/IRB1200/irb1200_ros2_gazebo) by extension 'ignore'
[0.328s] Level 1:colcon.colcon_core.package_identification:_identify(ros2_RobotSimulation/ABBRobots/IRB1200/irb1200_ros2_gazebo) by extension 'ignore_ament_install'
[0.328s] Level 1:colcon.colcon_core.package_identification:_identify(ros2_RobotSimulation/ABBRobots/IRB1200/irb1200_ros2_gazebo) by extensions ['colcon_pkg']
[0.328s] Level 1:colcon.colcon_core.package_identification:_identify(ros2_RobotSimulation/ABBRobots/IRB1200/irb1200_ros2_gazebo) by extension 'colcon_pkg'
[0.328s] Level 1:colcon.colcon_core.package_identification:_identify(ros2_RobotSimulation/ABBRobots/IRB1200/irb1200_ros2_gazebo) by extensions ['colcon_meta']
[0.328s] Level 1:colcon.colcon_core.package_identification:_identify(ros2_RobotSimulation/ABBRobots/IRB1200/irb1200_ros2_gazebo) by extension 'colcon_meta'
[0.328s] Level 1:colcon.colcon_core.package_identification:_identify(ros2_RobotSimulation/ABBRobots/IRB1200/irb1200_ros2_gazebo) by extensions ['ros']
[0.328s] Level 1:colcon.colcon_core.package_identification:_identify(ros2_RobotSimulation/ABBRobots/IRB1200/irb1200_ros2_gazebo) by extension 'ros'
[0.328s] DEBUG:colcon.colcon_core.package_identification:Package 'ros2_RobotSimulation/ABBRobots/IRB1200/irb1200_ros2_gazebo' with type 'ros.ament_cmake' and name 'irb1200_ros2_gazebo'
[0.328s] Level 1:colcon.colcon_core.package_identification:_identify(ros2_RobotSimulation/ABBRobots/IRB1200/irb1200_ros2_moveit2) by extensions ['ignore', 'ignore_ament_install']
[0.328s] Level 1:colcon.colcon_core.package_identification:_identify(ros2_RobotSimulation/ABBRobots/IRB1200/irb1200_ros2_moveit2) by extension 'ignore'
[0.329s] Level 1:colcon.colcon_core.package_identification:_identify(ros2_RobotSimulation/ABBRobots/IRB1200/irb1200_ros2_moveit2) by extension 'ignore_ament_install'
[0.329s] Level 1:colcon.colcon_core.package_identification:_identify(ros2_RobotSimulation/ABBRobots/IRB1200/irb1200_ros2_moveit2) by extensions ['colcon_pkg']
[0.329s] Level 1:colcon.colcon_core.package_identification:_identify(ros2_RobotSimulation/ABBRobots/IRB1200/irb1200_ros2_moveit2) by extension 'colcon_pkg'
[0.329s] Level 1:colcon.colcon_core.package_identification:_identify(ros2_RobotSimulation/ABBRobots/IRB1200/irb1200_ros2_moveit2) by extensions ['colcon_meta']
[0.329s] Level 1:colcon.colcon_core.package_identification:_identify(ros2_RobotSimulation/ABBRobots/IRB1200/irb1200_ros2_moveit2) by extension 'colcon_meta'
[0.329s] Level 1:colcon.colcon_core.package_identification:_identify(ros2_RobotSimulation/ABBRobots/IRB1200/irb1200_ros2_moveit2) by extensions ['ros']
[0.329s] Level 1:colcon.colcon_core.package_identification:_identify(ros2_RobotSimulation/ABBRobots/IRB1200/irb1200_ros2_moveit2) by extension 'ros'
[0.329s] DEBUG:colcon.colcon_core.package_identification:Package 'ros2_RobotSimulation/ABBRobots/IRB1200/irb1200_ros2_moveit2' with type 'ros.ament_cmake' and name 'irb1200_ros2_moveit2'
[0.329s] Level 1:colcon.colcon_core.package_identification:_identify(ros2_RobotSimulation/ABBRobots/IRB6640) by extensions ['ignore', 'ignore_ament_install']
[0.329s] Level 1:colcon.colcon_core.package_identification:_identify(ros2_RobotSimulation/ABBRobots/IRB6640) by extension 'ignore'
[0.330s] Level 1:colcon.colcon_core.package_identification:_identify(ros2_RobotSimulation/ABBRobots/IRB6640) by extension 'ignore_ament_install'
[0.330s] Level 1:colcon.colcon_core.package_identification:_identify(ros2_RobotSimulation/ABBRobots/IRB6640) by extensions ['colcon_pkg']
[0.330s] Level 1:colcon.colcon_core.package_identification:_identify(ros2_RobotSimulation/ABBRobots/IRB6640) by extension 'colcon_pkg'
[0.330s] Level 1:colcon.colcon_core.package_identification:_identify(ros2_RobotSimulation/ABBRobots/IRB6640) by extensions ['colcon_meta']
[0.330s] Level 1:colcon.colcon_core.package_identification:_identify(ros2_RobotSimulation/ABBRobots/IRB6640) by extension 'colcon_meta'
[0.330s] Level 1:colcon.colcon_core.package_identification:_identify(ros2_RobotSimulation/ABBRobots/IRB6640) by extensions ['ros']
[0.330s] Level 1:colcon.colcon_core.package_identification:_identify(ros2_RobotSimulation/ABBRobots/IRB6640) by extension 'ros'
[0.330s] Level 1:colcon.colcon_core.package_identification:_identify(ros2_RobotSimulation/ABBRobots/IRB6640) by extensions ['cmake', 'python']
[0.330s] Level 1:colcon.colcon_core.package_identification:_identify(ros2_RobotSimulation/ABBRobots/IRB6640) by extension 'cmake'
[0.330s] Level 1:colcon.colcon_core.package_identification:_identify(ros2_RobotSimulation/ABBRobots/IRB6640) by extension 'python'
[0.330s] Level 1:colcon.colcon_core.package_identification:_identify(ros2_RobotSimulation/ABBRobots/IRB6640) by extensions ['python_setup_py']
[0.330s] Level 1:colcon.colcon_core.package_identification:_identify(ros2_RobotSimulation/ABBRobots/IRB6640) by extension 'python_setup_py'
[0.330s] Level 1:colcon.colcon_core.package_identification:_identify(ros2_RobotSimulation/ABBRobots/IRB6640/irb6640_ros2_gazebo) by extensions ['ignore', 'ignore_ament_install']
[0.330s] Level 1:colcon.colcon_core.package_identification:_identify(ros2_RobotSimulation/ABBRobots/IRB6640/irb6640_ros2_gazebo) by extension 'ignore'
[0.330s] Level 1:colcon.colcon_core.package_identification:_identify(ros2_RobotSimulation/ABBRobots/IRB6640/irb6640_ros2_gazebo) by extension 'ignore_ament_install'
[0.330s] Level 1:colcon.colcon_core.package_identification:_identify(ros2_RobotSimulation/ABBRobots/IRB6640/irb6640_ros2_gazebo) by extensions ['colcon_pkg']
[0.330s] Level 1:colcon.colcon_core.package_identification:_identify(ros2_RobotSimulation/ABBRobots/IRB6640/irb6640_ros2_gazebo) by extension 'colcon_pkg'
[0.330s] Level 1:colcon.colcon_core.package_identification:_identify(ros2_RobotSimulation/ABBRobots/IRB6640/irb6640_ros2_gazebo) by extensions ['colcon_meta']
[0.330s] Level 1:colcon.colcon_core.package_identification:_identify(ros2_RobotSimulation/ABBRobots/IRB6640/irb6640_ros2_gazebo) by extension 'colcon_meta'
[0.330s] Level 1:colcon.colcon_core.package_identification:_identify(ros2_RobotSimulation/ABBRobots/IRB6640/irb6640_ros2_gazebo) by extensions ['ros']
[0.330s] Level 1:colcon.colcon_core.package_identification:_identify(ros2_RobotSimulation/ABBRobots/IRB6640/irb6640_ros2_gazebo) by extension 'ros'
[0.331s] DEBUG:colcon.colcon_core.package_identification:Package 'ros2_RobotSimulation/ABBRobots/IRB6640/irb6640_ros2_gazebo' with type 'ros.ament_cmake' and name 'irb6640_ros2_gazebo'
[0.331s] Level 1:colcon.colcon_core.package_identification:_identify(ros2_RobotSimulation/ABBRobots/IRB6640/irb6640_ros2_moveit2) by extensions ['ignore', 'ignore_ament_install']
[0.331s] Level 1:colcon.colcon_core.package_identification:_identify(ros2_RobotSimulation/ABBRobots/IRB6640/irb6640_ros2_moveit2) by extension 'ignore'
[0.331s] Level 1:colcon.colcon_core.package_identification:_identify(ros2_RobotSimulation/ABBRobots/IRB6640/irb6640_ros2_moveit2) by extension 'ignore_ament_install'
[0.331s] Level 1:colcon.colcon_core.package_identification:_identify(ros2_RobotSimulation/ABBRobots/IRB6640/irb6640_ros2_moveit2) by extensions ['colcon_pkg']
[0.331s] Level 1:colcon.colcon_core.package_identification:_identify(ros2_RobotSimulation/ABBRobots/IRB6640/irb6640_ros2_moveit2) by extension 'colcon_pkg'
[0.331s] Level 1:colcon.colcon_core.package_identification:_identify(ros2_RobotSimulation/ABBRobots/IRB6640/irb6640_ros2_moveit2) by extensions ['colcon_meta']
[0.331s] Level 1:colcon.colcon_core.package_identification:_identify(ros2_RobotSimulation/ABBRobots/IRB6640/irb6640_ros2_moveit2) by extension 'colcon_meta'
[0.331s] Level 1:colcon.colcon_core.package_identification:_identify(ros2_RobotSimulation/ABBRobots/IRB6640/irb6640_ros2_moveit2) by extensions ['ros']
[0.331s] Level 1:colcon.colcon_core.package_identification:_identify(ros2_RobotSimulation/ABBRobots/IRB6640/irb6640_ros2_moveit2) by extension 'ros'
[0.331s] DEBUG:colcon.colcon_core.package_identification:Package 'ros2_RobotSimulation/ABBRobots/IRB6640/irb6640_ros2_moveit2' with type 'ros.ament_cmake' and name 'irb6640_ros2_moveit2'
[0.332s] Level 1:colcon.colcon_core.package_identification:_identify(ros2_RobotSimulation/Fanuc) by extensions ['ignore', 'ignore_ament_install']
[0.332s] Level 1:colcon.colcon_core.package_identification:_identify(ros2_RobotSimulation/Fanuc) by extension 'ignore'
[0.332s] Level 1:colcon.colcon_core.package_identification:_identify(ros2_RobotSimulation/Fanuc) by extension 'ignore_ament_install'
[0.332s] Level 1:colcon.colcon_core.package_identification:_identify(ros2_RobotSimulation/Fanuc) by extensions ['colcon_pkg']
[0.332s] Level 1:colcon.colcon_core.package_identification:_identify(ros2_RobotSimulation/Fanuc) by extension 'colcon_pkg'
[0.332s] Level 1:colcon.colcon_core.package_identification:_identify(ros2_RobotSimulation/Fanuc) by extensions ['colcon_meta']
[0.332s] Level 1:colcon.colcon_core.package_identification:_identify(ros2_RobotSimulation/Fanuc) by extension 'colcon_meta'
[0.332s] Level 1:colcon.colcon_core.package_identification:_identify(ros2_RobotSimulation/Fanuc) by extensions ['ros']
[0.332s] Level 1:colcon.colcon_core.package_identification:_identify(ros2_RobotSimulation/Fanuc) by extension 'ros'
[0.332s] Level 1:colcon.colcon_core.package_identification:_identify(ros2_RobotSimulation/Fanuc) by extensions ['cmake', 'python']
[0.332s] Level 1:colcon.colcon_core.package_identification:_identify(ros2_RobotSimulation/Fanuc) by extension 'cmake'
[0.332s] Level 1:colcon.colcon_core.package_identification:_identify(ros2_RobotSimulation/Fanuc) by extension 'python'
[0.332s] Level 1:colcon.colcon_core.package_identification:_identify(ros2_RobotSimulation/Fanuc) by extensions ['python_setup_py']
[0.332s] Level 1:colcon.colcon_core.package_identification:_identify(ros2_RobotSimulation/Fanuc) by extension 'python_setup_py'
[0.332s] Level 1:colcon.colcon_core.package_identification:_identify(ros2_RobotSimulation/Fanuc/CR35iA) by extensions ['ignore', 'ignore_ament_install']
[0.332s] Level 1:colcon.colcon_core.package_identification:_identify(ros2_RobotSimulation/Fanuc/CR35iA) by extension 'ignore'
[0.332s] Level 1:colcon.colcon_core.package_identification:_identify(ros2_RobotSimulation/Fanuc/CR35iA) by extension 'ignore_ament_install'
[0.332s] Level 1:colcon.colcon_core.package_identification:_identify(ros2_RobotSimulation/Fanuc/CR35iA) by extensions ['colcon_pkg']
[0.332s] Level 1:colcon.colcon_core.package_identification:_identify(ros2_RobotSimulation/Fanuc/CR35iA) by extension 'colcon_pkg'
[0.332s] Level 1:colcon.colcon_core.package_identification:_identify(ros2_RobotSimulation/Fanuc/CR35iA) by extensions ['colcon_meta']
[0.332s] Level 1:colcon.colcon_core.package_identification:_identify(ros2_RobotSimulation/Fanuc/CR35iA) by extension 'colcon_meta'
[0.332s] Level 1:colcon.colcon_core.package_identification:_identify(ros2_RobotSimulation/Fanuc/CR35iA) by extensions ['ros']
[0.333s] Level 1:colcon.colcon_core.package_identification:_identify(ros2_RobotSimulation/Fanuc/CR35iA) by extension 'ros'
[0.333s] Level 1:colcon.colcon_core.package_identification:_identify(ros2_RobotSimulation/Fanuc/CR35iA) by extensions ['cmake', 'python']
[0.333s] Level 1:colcon.colcon_core.package_identification:_identify(ros2_RobotSimulation/Fanuc/CR35iA) by extension 'cmake'
[0.333s] Level 1:colcon.colcon_core.package_identification:_identify(ros2_RobotSimulation/Fanuc/CR35iA) by extension 'python'
[0.333s] Level 1:colcon.colcon_core.package_identification:_identify(ros2_RobotSimulation/Fanuc/CR35iA) by extensions ['python_setup_py']
[0.333s] Level 1:colcon.colcon_core.package_identification:_identify(ros2_RobotSimulation/Fanuc/CR35iA) by extension 'python_setup_py'
[0.333s] Level 1:colcon.colcon_core.package_identification:_identify(ros2_RobotSimulation/Fanuc/CR35iA/cr35ia_ros2_gazebo) by extensions ['ignore', 'ignore_ament_install']
[0.333s] Level 1:colcon.colcon_core.package_identification:_identify(ros2_RobotSimulation/Fanuc/CR35iA/cr35ia_ros2_gazebo) by extension 'ignore'
[0.333s] Level 1:colcon.colcon_core.package_identification:_identify(ros2_RobotSimulation/Fanuc/CR35iA/cr35ia_ros2_gazebo) by extension 'ignore_ament_install'
[0.333s] Level 1:colcon.colcon_core.package_identification:_identify(ros2_RobotSimulation/Fanuc/CR35iA/cr35ia_ros2_gazebo) by extensions ['colcon_pkg']
[0.333s] Level 1:colcon.colcon_core.package_identification:_identify(ros2_RobotSimulation/Fanuc/CR35iA/cr35ia_ros2_gazebo) by extension 'colcon_pkg'
[0.333s] Level 1:colcon.colcon_core.package_identification:_identify(ros2_RobotSimulation/Fanuc/CR35iA/cr35ia_ros2_gazebo) by extensions ['colcon_meta']
[0.333s] Level 1:colcon.colcon_core.package_identification:_identify(ros2_RobotSimulation/Fanuc/CR35iA/cr35ia_ros2_gazebo) by extension 'colcon_meta'
[0.333s] Level 1:colcon.colcon_core.package_identification:_identify(ros2_RobotSimulation/Fanuc/CR35iA/cr35ia_ros2_gazebo) by extensions ['ros']
[0.333s] Level 1:colcon.colcon_core.package_identification:_identify(ros2_RobotSimulation/Fanuc/CR35iA/cr35ia_ros2_gazebo) by extension 'ros'
[0.333s] DEBUG:colcon.colcon_core.package_identification:Package 'ros2_RobotSimulation/Fanuc/CR35iA/cr35ia_ros2_gazebo' with type 'ros.ament_cmake' and name 'cr35ia_ros2_gazebo'
[0.334s] Level 1:colcon.colcon_core.package_identification:_identify(ros2_RobotSimulation/Fanuc/CR35iA/cr35ia_ros2_moveit2) by extensions ['ignore', 'ignore_ament_install']
[0.334s] Level 1:colcon.colcon_core.package_identification:_identify(ros2_RobotSimulation/Fanuc/CR35iA/cr35ia_ros2_moveit2) by extension 'ignore'
[0.334s] Level 1:colcon.colcon_core.package_identification:_identify(ros2_RobotSimulation/Fanuc/CR35iA/cr35ia_ros2_moveit2) by extension 'ignore_ament_install'
[0.334s] Level 1:colcon.colcon_core.package_identification:_identify(ros2_RobotSimulation/Fanuc/CR35iA/cr35ia_ros2_moveit2) by extensions ['colcon_pkg']
[0.334s] Level 1:colcon.colcon_core.package_identification:_identify(ros2_RobotSimulation/Fanuc/CR35iA/cr35ia_ros2_moveit2) by extension 'colcon_pkg'
[0.334s] Level 1:colcon.colcon_core.package_identification:_identify(ros2_RobotSimulation/Fanuc/CR35iA/cr35ia_ros2_moveit2) by extensions ['colcon_meta']
[0.334s] Level 1:colcon.colcon_core.package_identification:_identify(ros2_RobotSimulation/Fanuc/CR35iA/cr35ia_ros2_moveit2) by extension 'colcon_meta'
[0.334s] Level 1:colcon.colcon_core.package_identification:_identify(ros2_RobotSimulation/Fanuc/CR35iA/cr35ia_ros2_moveit2) by extensions ['ros']
[0.334s] Level 1:colcon.colcon_core.package_identification:_identify(ros2_RobotSimulation/Fanuc/CR35iA/cr35ia_ros2_moveit2) by extension 'ros'
[0.334s] DEBUG:colcon.colcon_core.package_identification:Package 'ros2_RobotSimulation/Fanuc/CR35iA/cr35ia_ros2_moveit2' with type 'ros.ament_cmake' and name 'cr35ia_ros2_moveit2'
[0.334s] Level 1:colcon.colcon_core.package_identification:_identify(ros2_RobotSimulation/Kuka) by extensions ['ignore', 'ignore_ament_install']
[0.335s] Level 1:colcon.colcon_core.package_identification:_identify(ros2_RobotSimulation/Kuka) by extension 'ignore'
[0.335s] Level 1:colcon.colcon_core.package_identification:_identify(ros2_RobotSimulation/Kuka) by extension 'ignore_ament_install'
[0.335s] Level 1:colcon.colcon_core.package_identification:_identify(ros2_RobotSimulation/Kuka) by extensions ['colcon_pkg']
[0.335s] Level 1:colcon.colcon_core.package_identification:_identify(ros2_RobotSimulation/Kuka) by extension 'colcon_pkg'
[0.335s] Level 1:colcon.colcon_core.package_identification:_identify(ros2_RobotSimulation/Kuka) by extensions ['colcon_meta']
[0.335s] Level 1:colcon.colcon_core.package_identification:_identify(ros2_RobotSimulation/Kuka) by extension 'colcon_meta'
[0.335s] Level 1:colcon.colcon_core.package_identification:_identify(ros2_RobotSimulation/Kuka) by extensions ['ros']
[0.335s] Level 1:colcon.colcon_core.package_identification:_identify(ros2_RobotSimulation/Kuka) by extension 'ros'
[0.335s] Level 1:colcon.colcon_core.package_identification:_identify(ros2_RobotSimulation/Kuka) by extensions ['cmake', 'python']
[0.335s] Level 1:colcon.colcon_core.package_identification:_identify(ros2_RobotSimulation/Kuka) by extension 'cmake'
[0.335s] Level 1:colcon.colcon_core.package_identification:_identify(ros2_RobotSimulation/Kuka) by extension 'python'
[0.335s] Level 1:colcon.colcon_core.package_identification:_identify(ros2_RobotSimulation/Kuka) by extensions ['python_setup_py']
[0.335s] Level 1:colcon.colcon_core.package_identification:_identify(ros2_RobotSimulation/Kuka) by extension 'python_setup_py'
[0.335s] Level 1:colcon.colcon_core.package_identification:_identify(ros2_RobotSimulation/Kuka/LBRiiwa) by extensions ['ignore', 'ignore_ament_install']
[0.335s] Level 1:colcon.colcon_core.package_identification:_identify(ros2_RobotSimulation/Kuka/LBRiiwa) by extension 'ignore'
[0.335s] Level 1:colcon.colcon_core.package_identification:_identify(ros2_RobotSimulation/Kuka/LBRiiwa) by extension 'ignore_ament_install'
[0.335s] Level 1:colcon.colcon_core.package_identification:_identify(ros2_RobotSimulation/Kuka/LBRiiwa) by extensions ['colcon_pkg']
[0.335s] Level 1:colcon.colcon_core.package_identification:_identify(ros2_RobotSimulation/Kuka/LBRiiwa) by extension 'colcon_pkg'
[0.335s] Level 1:colcon.colcon_core.package_identification:_identify(ros2_RobotSimulation/Kuka/LBRiiwa) by extensions ['colcon_meta']
[0.335s] Level 1:colcon.colcon_core.package_identification:_identify(ros2_RobotSimulation/Kuka/LBRiiwa) by extension 'colcon_meta'
[0.335s] Level 1:colcon.colcon_core.package_identification:_identify(ros2_RobotSimulation/Kuka/LBRiiwa) by extensions ['ros']
[0.335s] Level 1:colcon.colcon_core.package_identification:_identify(ros2_RobotSimulation/Kuka/LBRiiwa) by extension 'ros'
[0.335s] Level 1:colcon.colcon_core.package_identification:_identify(ros2_RobotSimulation/Kuka/LBRiiwa) by extensions ['cmake', 'python']
[0.335s] Level 1:colcon.colcon_core.package_identification:_identify(ros2_RobotSimulation/Kuka/LBRiiwa) by extension 'cmake'
[0.336s] Level 1:colcon.colcon_core.package_identification:_identify(ros2_RobotSimulation/Kuka/LBRiiwa) by extension 'python'
[0.336s] Level 1:colcon.colcon_core.package_identification:_identify(ros2_RobotSimulation/Kuka/LBRiiwa) by extensions ['python_setup_py']
[0.336s] Level 1:colcon.colcon_core.package_identification:_identify(ros2_RobotSimulation/Kuka/LBRiiwa) by extension 'python_setup_py'
[0.336s] Level 1:colcon.colcon_core.package_identification:_identify(ros2_RobotSimulation/Kuka/LBRiiwa/iiwa_ros2_gazebo) by extensions ['ignore', 'ignore_ament_install']
[0.336s] Level 1:colcon.colcon_core.package_identification:_identify(ros2_RobotSimulation/Kuka/LBRiiwa/iiwa_ros2_gazebo) by extension 'ignore'
[0.336s] Level 1:colcon.colcon_core.package_identification:_identify(ros2_RobotSimulation/Kuka/LBRiiwa/iiwa_ros2_gazebo) by extension 'ignore_ament_install'
[0.336s] Level 1:colcon.colcon_core.package_identification:_identify(ros2_RobotSimulation/Kuka/LBRiiwa/iiwa_ros2_gazebo) by extensions ['colcon_pkg']
[0.336s] Level 1:colcon.colcon_core.package_identification:_identify(ros2_RobotSimulation/Kuka/LBRiiwa/iiwa_ros2_gazebo) by extension 'colcon_pkg'
[0.336s] Level 1:colcon.colcon_core.package_identification:_identify(ros2_RobotSimulation/Kuka/LBRiiwa/iiwa_ros2_gazebo) by extensions ['colcon_meta']
[0.336s] Level 1:colcon.colcon_core.package_identification:_identify(ros2_RobotSimulation/Kuka/LBRiiwa/iiwa_ros2_gazebo) by extension 'colcon_meta'
[0.336s] Level 1:colcon.colcon_core.package_identification:_identify(ros2_RobotSimulation/Kuka/LBRiiwa/iiwa_ros2_gazebo) by extensions ['ros']
[0.336s] Level 1:colcon.colcon_core.package_identification:_identify(ros2_RobotSimulation/Kuka/LBRiiwa/iiwa_ros2_gazebo) by extension 'ros'
[0.337s] DEBUG:colcon.colcon_core.package_identification:Package 'ros2_RobotSimulation/Kuka/LBRiiwa/iiwa_ros2_gazebo' with type 'ros.ament_cmake' and name 'iiwa_ros2_gazebo'
[0.337s] Level 1:colcon.colcon_core.package_identification:_identify(ros2_RobotSimulation/Kuka/LBRiiwa/iiwa_ros2_moveit2) by extensions ['ignore', 'ignore_ament_install']
[0.337s] Level 1:colcon.colcon_core.package_identification:_identify(ros2_RobotSimulation/Kuka/LBRiiwa/iiwa_ros2_moveit2) by extension 'ignore'
[0.337s] Level 1:colcon.colcon_core.package_identification:_identify(ros2_RobotSimulation/Kuka/LBRiiwa/iiwa_ros2_moveit2) by extension 'ignore_ament_install'
[0.337s] Level 1:colcon.colcon_core.package_identification:_identify(ros2_RobotSimulation/Kuka/LBRiiwa/iiwa_ros2_moveit2) by extensions ['colcon_pkg']
[0.337s] Level 1:colcon.colcon_core.package_identification:_identify(ros2_RobotSimulation/Kuka/LBRiiwa/iiwa_ros2_moveit2) by extension 'colcon_pkg'
[0.337s] Level 1:colcon.colcon_core.package_identification:_identify(ros2_RobotSimulation/Kuka/LBRiiwa/iiwa_ros2_moveit2) by extensions ['colcon_meta']
[0.337s] Level 1:colcon.colcon_core.package_identification:_identify(ros2_RobotSimulation/Kuka/LBRiiwa/iiwa_ros2_moveit2) by extension 'colcon_meta'
[0.337s] Level 1:colcon.colcon_core.package_identification:_identify(ros2_RobotSimulation/Kuka/LBRiiwa/iiwa_ros2_moveit2) by extensions ['ros']
[0.337s] Level 1:colcon.colcon_core.package_identification:_identify(ros2_RobotSimulation/Kuka/LBRiiwa/iiwa_ros2_moveit2) by extension 'ros'
[0.337s] DEBUG:colcon.colcon_core.package_identification:Package 'ros2_RobotSimulation/Kuka/LBRiiwa/iiwa_ros2_moveit2' with type 'ros.ament_cmake' and name 'iiwa_ros2_moveit2'
[0.338s] Level 1:colcon.colcon_core.package_identification:_identify(ros2_RobotSimulation/PandaRobot) by extensions ['ignore', 'ignore_ament_install']
[0.338s] Level 1:colcon.colcon_core.package_identification:_identify(ros2_RobotSimulation/PandaRobot) by extension 'ignore'
[0.338s] Level 1:colcon.colcon_core.package_identification:_identify(ros2_RobotSimulation/PandaRobot) by extension 'ignore_ament_install'
[0.338s] Level 1:colcon.colcon_core.package_identification:_identify(ros2_RobotSimulation/PandaRobot) by extensions ['colcon_pkg']
[0.338s] Level 1:colcon.colcon_core.package_identification:_identify(ros2_RobotSimulation/PandaRobot) by extension 'colcon_pkg'
[0.338s] Level 1:colcon.colcon_core.package_identification:_identify(ros2_RobotSimulation/PandaRobot) by extensions ['colcon_meta']
[0.338s] Level 1:colcon.colcon_core.package_identification:_identify(ros2_RobotSimulation/PandaRobot) by extension 'colcon_meta'
[0.338s] Level 1:colcon.colcon_core.package_identification:_identify(ros2_RobotSimulation/PandaRobot) by extensions ['ros']
[0.338s] Level 1:colcon.colcon_core.package_identification:_identify(ros2_RobotSimulation/PandaRobot) by extension 'ros'
[0.338s] Level 1:colcon.colcon_core.package_identification:_identify(ros2_RobotSimulation/PandaRobot) by extensions ['cmake', 'python']
[0.338s] Level 1:colcon.colcon_core.package_identification:_identify(ros2_RobotSimulation/PandaRobot) by extension 'cmake'
[0.338s] Level 1:colcon.colcon_core.package_identification:_identify(ros2_RobotSimulation/PandaRobot) by extension 'python'
[0.338s] Level 1:colcon.colcon_core.package_identification:_identify(ros2_RobotSimulation/PandaRobot) by extensions ['python_setup_py']
[0.338s] Level 1:colcon.colcon_core.package_identification:_identify(ros2_RobotSimulation/PandaRobot) by extension 'python_setup_py'
[0.338s] Level 1:colcon.colcon_core.package_identification:_identify(ros2_RobotSimulation/PandaRobot/panda_ros2_gazebo) by extensions ['ignore', 'ignore_ament_install']
[0.338s] Level 1:colcon.colcon_core.package_identification:_identify(ros2_RobotSimulation/PandaRobot/panda_ros2_gazebo) by extension 'ignore'
[0.338s] Level 1:colcon.colcon_core.package_identification:_identify(ros2_RobotSimulation/PandaRobot/panda_ros2_gazebo) by extension 'ignore_ament_install'
[0.338s] Level 1:colcon.colcon_core.package_identification:_identify(ros2_RobotSimulation/PandaRobot/panda_ros2_gazebo) by extensions ['colcon_pkg']
[0.338s] Level 1:colcon.colcon_core.package_identification:_identify(ros2_RobotSimulation/PandaRobot/panda_ros2_gazebo) by extension 'colcon_pkg'
[0.338s] Level 1:colcon.colcon_core.package_identification:_identify(ros2_RobotSimulation/PandaRobot/panda_ros2_gazebo) by extensions ['colcon_meta']
[0.338s] Level 1:colcon.colcon_core.package_identification:_identify(ros2_RobotSimulation/PandaRobot/panda_ros2_gazebo) by extension 'colcon_meta'
[0.338s] Level 1:colcon.colcon_core.package_identification:_identify(ros2_RobotSimulation/PandaRobot/panda_ros2_gazebo) by extensions ['ros']
[0.338s] Level 1:colcon.colcon_core.package_identification:_identify(ros2_RobotSimulation/PandaRobot/panda_ros2_gazebo) by extension 'ros'
[0.339s] DEBUG:colcon.colcon_core.package_identification:Package 'ros2_RobotSimulation/PandaRobot/panda_ros2_gazebo' with type 'ros.ament_cmake' and name 'panda_ros2_gazebo'
[0.339s] Level 1:colcon.colcon_core.package_identification:_identify(ros2_RobotSimulation/PandaRobot/panda_ros2_moveit2) by extensions ['ignore', 'ignore_ament_install']
[0.339s] Level 1:colcon.colcon_core.package_identification:_identify(ros2_RobotSimulation/PandaRobot/panda_ros2_moveit2) by extension 'ignore'
[0.339s] Level 1:colcon.colcon_core.package_identification:_identify(ros2_RobotSimulation/PandaRobot/panda_ros2_moveit2) by extension 'ignore_ament_install'
[0.339s] Level 1:colcon.colcon_core.package_identification:_identify(ros2_RobotSimulation/PandaRobot/panda_ros2_moveit2) by extensions ['colcon_pkg']
[0.339s] Level 1:colcon.colcon_core.package_identification:_identify(ros2_RobotSimulation/PandaRobot/panda_ros2_moveit2) by extension 'colcon_pkg'
[0.339s] Level 1:colcon.colcon_core.package_identification:_identify(ros2_RobotSimulation/PandaRobot/panda_ros2_moveit2) by extensions ['colcon_meta']
[0.339s] Level 1:colcon.colcon_core.package_identification:_identify(ros2_RobotSimulation/PandaRobot/panda_ros2_moveit2) by extension 'colcon_meta'
[0.339s] Level 1:colcon.colcon_core.package_identification:_identify(ros2_RobotSimulation/PandaRobot/panda_ros2_moveit2) by extensions ['ros']
[0.339s] Level 1:colcon.colcon_core.package_identification:_identify(ros2_RobotSimulation/PandaRobot/panda_ros2_moveit2) by extension 'ros'
[0.340s] DEBUG:colcon.colcon_core.package_identification:Package 'ros2_RobotSimulation/PandaRobot/panda_ros2_moveit2' with type 'ros.ament_cmake' and name 'panda_ros2_moveit2'
[0.340s] Level 1:colcon.colcon_core.package_identification:_identify(ros2_RobotSimulation/UniversalRobots) by extensions ['ignore', 'ignore_ament_install']
[0.340s] Level 1:colcon.colcon_core.package_identification:_identify(ros2_RobotSimulation/UniversalRobots) by extension 'ignore'
[0.340s] Level 1:colcon.colcon_core.package_identification:_identify(ros2_RobotSimulation/UniversalRobots) by extension 'ignore_ament_install'
[0.340s] Level 1:colcon.colcon_core.package_identification:_identify(ros2_RobotSimulation/UniversalRobots) by extensions ['colcon_pkg']
[0.340s] Level 1:colcon.colcon_core.package_identification:_identify(ros2_RobotSimulation/UniversalRobots) by extension 'colcon_pkg'
[0.340s] Level 1:colcon.colcon_core.package_identification:_identify(ros2_RobotSimulation/UniversalRobots) by extensions ['colcon_meta']
[0.340s] Level 1:colcon.colcon_core.package_identification:_identify(ros2_RobotSimulation/UniversalRobots) by extension 'colcon_meta'
[0.340s] Level 1:colcon.colcon_core.package_identification:_identify(ros2_RobotSimulation/UniversalRobots) by extensions ['ros']
[0.340s] Level 1:colcon.colcon_core.package_identification:_identify(ros2_RobotSimulation/UniversalRobots) by extension 'ros'
[0.340s] Level 1:colcon.colcon_core.package_identification:_identify(ros2_RobotSimulation/UniversalRobots) by extensions ['cmake', 'python']
[0.340s] Level 1:colcon.colcon_core.package_identification:_identify(ros2_RobotSimulation/UniversalRobots) by extension 'cmake'
[0.340s] Level 1:colcon.colcon_core.package_identification:_identify(ros2_RobotSimulation/UniversalRobots) by extension 'python'
[0.340s] Level 1:colcon.colcon_core.package_identification:_identify(ros2_RobotSimulation/UniversalRobots) by extensions ['python_setup_py']
[0.340s] Level 1:colcon.colcon_core.package_identification:_identify(ros2_RobotSimulation/UniversalRobots) by extension 'python_setup_py'
[0.340s] Level 1:colcon.colcon_core.package_identification:_identify(ros2_RobotSimulation/UniversalRobots/UR10) by extensions ['ignore', 'ignore_ament_install']
[0.341s] Level 1:colcon.colcon_core.package_identification:_identify(ros2_RobotSimulation/UniversalRobots/UR10) by extension 'ignore'
[0.341s] Level 1:colcon.colcon_core.package_identification:_identify(ros2_RobotSimulation/UniversalRobots/UR10) by extension 'ignore_ament_install'
[0.341s] Level 1:colcon.colcon_core.package_identification:_identify(ros2_RobotSimulation/UniversalRobots/UR10) by extensions ['colcon_pkg']
[0.341s] Level 1:colcon.colcon_core.package_identification:_identify(ros2_RobotSimulation/UniversalRobots/UR10) by extension 'colcon_pkg'
[0.341s] Level 1:colcon.colcon_core.package_identification:_identify(ros2_RobotSimulation/UniversalRobots/UR10) by extensions ['colcon_meta']
[0.341s] Level 1:colcon.colcon_core.package_identification:_identify(ros2_RobotSimulation/UniversalRobots/UR10) by extension 'colcon_meta'
[0.341s] Level 1:colcon.colcon_core.package_identification:_identify(ros2_RobotSimulation/UniversalRobots/UR10) by extensions ['ros']
[0.341s] Level 1:colcon.colcon_core.package_identification:_identify(ros2_RobotSimulation/UniversalRobots/UR10) by extension 'ros'
[0.341s] Level 1:colcon.colcon_core.package_identification:_identify(ros2_RobotSimulation/UniversalRobots/UR10) by extensions ['cmake', 'python']
[0.341s] Level 1:colcon.colcon_core.package_identification:_identify(ros2_RobotSimulation/UniversalRobots/UR10) by extension 'cmake'
[0.341s] Level 1:colcon.colcon_core.package_identification:_identify(ros2_RobotSimulation/UniversalRobots/UR10) by extension 'python'
[0.341s] Level 1:colcon.colcon_core.package_identification:_identify(ros2_RobotSimulation/UniversalRobots/UR10) by extensions ['python_setup_py']
[0.341s] Level 1:colcon.colcon_core.package_identification:_identify(ros2_RobotSimulation/UniversalRobots/UR10) by extension 'python_setup_py'
[0.341s] Level 1:colcon.colcon_core.package_identification:_identify(ros2_RobotSimulation/UniversalRobots/UR10/ur10_ros2_gazebo) by extensions ['ignore', 'ignore_ament_install']
[0.341s] Level 1:colcon.colcon_core.package_identification:_identify(ros2_RobotSimulation/UniversalRobots/UR10/ur10_ros2_gazebo) by extension 'ignore'
[0.341s] Level 1:colcon.colcon_core.package_identification:_identify(ros2_RobotSimulation/UniversalRobots/UR10/ur10_ros2_gazebo) by extension 'ignore_ament_install'
[0.341s] Level 1:colcon.colcon_core.package_identification:_identify(ros2_RobotSimulation/UniversalRobots/UR10/ur10_ros2_gazebo) by extensions ['colcon_pkg']
[0.341s] Level 1:colcon.colcon_core.package_identification:_identify(ros2_RobotSimulation/UniversalRobots/UR10/ur10_ros2_gazebo) by extension 'colcon_pkg'
[0.341s] Level 1:colcon.colcon_core.package_identification:_identify(ros2_RobotSimulation/UniversalRobots/UR10/ur10_ros2_gazebo) by extensions ['colcon_meta']
[0.341s] Level 1:colcon.colcon_core.package_identification:_identify(ros2_RobotSimulation/UniversalRobots/UR10/ur10_ros2_gazebo) by extension 'colcon_meta'
[0.341s] Level 1:colcon.colcon_core.package_identification:_identify(ros2_RobotSimulation/UniversalRobots/UR10/ur10_ros2_gazebo) by extensions ['ros']
[0.341s] Level 1:colcon.colcon_core.package_identification:_identify(ros2_RobotSimulation/UniversalRobots/UR10/ur10_ros2_gazebo) by extension 'ros'
[0.342s] DEBUG:colcon.colcon_core.package_identification:Package 'ros2_RobotSimulation/UniversalRobots/UR10/ur10_ros2_gazebo' with type 'ros.ament_cmake' and name 'ur10_ros2_gazebo'
[0.342s] Level 1:colcon.colcon_core.package_identification:_identify(ros2_RobotSimulation/UniversalRobots/UR10/ur10_ros2_moveit2) by extensions ['ignore', 'ignore_ament_install']
[0.342s] Level 1:colcon.colcon_core.package_identification:_identify(ros2_RobotSimulation/UniversalRobots/UR10/ur10_ros2_moveit2) by extension 'ignore'
[0.342s] Level 1:colcon.colcon_core.package_identification:_identify(ros2_RobotSimulation/UniversalRobots/UR10/ur10_ros2_moveit2) by extension 'ignore_ament_install'
[0.342s] Level 1:colcon.colcon_core.package_identification:_identify(ros2_RobotSimulation/UniversalRobots/UR10/ur10_ros2_moveit2) by extensions ['colcon_pkg']
[0.342s] Level 1:colcon.colcon_core.package_identification:_identify(ros2_RobotSimulation/UniversalRobots/UR10/ur10_ros2_moveit2) by extension 'colcon_pkg'
[0.342s] Level 1:colcon.colcon_core.package_identification:_identify(ros2_RobotSimulation/UniversalRobots/UR10/ur10_ros2_moveit2) by extensions ['colcon_meta']
[0.342s] Level 1:colcon.colcon_core.package_identification:_identify(ros2_RobotSimulation/UniversalRobots/UR10/ur10_ros2_moveit2) by extension 'colcon_meta'
[0.342s] Level 1:colcon.colcon_core.package_identification:_identify(ros2_RobotSimulation/UniversalRobots/UR10/ur10_ros2_moveit2) by extensions ['ros']
[0.342s] Level 1:colcon.colcon_core.package_identification:_identify(ros2_RobotSimulation/UniversalRobots/UR10/ur10_ros2_moveit2) by extension 'ros'
[0.343s] DEBUG:colcon.colcon_core.package_identification:Package 'ros2_RobotSimulation/UniversalRobots/UR10/ur10_ros2_moveit2' with type 'ros.ament_cmake' and name 'ur10_ros2_moveit2'
[0.343s] Level 1:colcon.colcon_core.package_identification:_identify(ros2_RobotSimulation/UniversalRobots/UR3) by extensions ['ignore', 'ignore_ament_install']
[0.343s] Level 1:colcon.colcon_core.package_identification:_identify(ros2_RobotSimulation/UniversalRobots/UR3) by extension 'ignore'
[0.343s] Level 1:colcon.colcon_core.package_identification:_identify(ros2_RobotSimulation/UniversalRobots/UR3) by extension 'ignore_ament_install'
[0.343s] Level 1:colcon.colcon_core.package_identification:_identify(ros2_RobotSimulation/UniversalRobots/UR3) by extensions ['colcon_pkg']
[0.343s] Level 1:colcon.colcon_core.package_identification:_identify(ros2_RobotSimulation/UniversalRobots/UR3) by extension 'colcon_pkg'
[0.343s] Level 1:colcon.colcon_core.package_identification:_identify(ros2_RobotSimulation/UniversalRobots/UR3) by extensions ['colcon_meta']
[0.343s] Level 1:colcon.colcon_core.package_identification:_identify(ros2_RobotSimulation/UniversalRobots/UR3) by extension 'colcon_meta'
[0.343s] Level 1:colcon.colcon_core.package_identification:_identify(ros2_RobotSimulation/UniversalRobots/UR3) by extensions ['ros']
[0.343s] Level 1:colcon.colcon_core.package_identification:_identify(ros2_RobotSimulation/UniversalRobots/UR3) by extension 'ros'
[0.343s] Level 1:colcon.colcon_core.package_identification:_identify(ros2_RobotSimulation/UniversalRobots/UR3) by extensions ['cmake', 'python']
[0.343s] Level 1:colcon.colcon_core.package_identification:_identify(ros2_RobotSimulation/UniversalRobots/UR3) by extension 'cmake'
[0.343s] Level 1:colcon.colcon_core.package_identification:_identify(ros2_RobotSimulation/UniversalRobots/UR3) by extension 'python'
[0.343s] Level 1:colcon.colcon_core.package_identification:_identify(ros2_RobotSimulation/UniversalRobots/UR3) by extensions ['python_setup_py']
[0.343s] Level 1:colcon.colcon_core.package_identification:_identify(ros2_RobotSimulation/UniversalRobots/UR3) by extension 'python_setup_py'
[0.343s] Level 1:colcon.colcon_core.package_identification:_identify(ros2_RobotSimulation/UniversalRobots/UR3/ur3_ros2_gazebo) by extensions ['ignore', 'ignore_ament_install']
[0.344s] Level 1:colcon.colcon_core.package_identification:_identify(ros2_RobotSimulation/UniversalRobots/UR3/ur3_ros2_gazebo) by extension 'ignore'
[0.344s] Level 1:colcon.colcon_core.package_identification:_identify(ros2_RobotSimulation/UniversalRobots/UR3/ur3_ros2_gazebo) by extension 'ignore_ament_install'
[0.344s] Level 1:colcon.colcon_core.package_identification:_identify(ros2_RobotSimulation/UniversalRobots/UR3/ur3_ros2_gazebo) by extensions ['colcon_pkg']
[0.344s] Level 1:colcon.colcon_core.package_identification:_identify(ros2_RobotSimulation/UniversalRobots/UR3/ur3_ros2_gazebo) by extension 'colcon_pkg'
[0.344s] Level 1:colcon.colcon_core.package_identification:_identify(ros2_RobotSimulation/UniversalRobots/UR3/ur3_ros2_gazebo) by extensions ['colcon_meta']
[0.344s] Level 1:colcon.colcon_core.package_identification:_identify(ros2_RobotSimulation/UniversalRobots/UR3/ur3_ros2_gazebo) by extension 'colcon_meta'
[0.344s] Level 1:colcon.colcon_core.package_identification:_identify(ros2_RobotSimulation/UniversalRobots/UR3/ur3_ros2_gazebo) by extensions ['ros']
[0.344s] Level 1:colcon.colcon_core.package_identification:_identify(ros2_RobotSimulation/UniversalRobots/UR3/ur3_ros2_gazebo) by extension 'ros'
[0.344s] DEBUG:colcon.colcon_core.package_identification:Package 'ros2_RobotSimulation/UniversalRobots/UR3/ur3_ros2_gazebo' with type 'ros.ament_cmake' and name 'ur3_ros2_gazebo'
[0.344s] Level 1:colcon.colcon_core.package_identification:_identify(ros2_RobotSimulation/UniversalRobots/UR3/ur3_ros2_moveit2) by extensions ['ignore', 'ignore_ament_install']
[0.344s] Level 1:colcon.colcon_core.package_identification:_identify(ros2_RobotSimulation/UniversalRobots/UR3/ur3_ros2_moveit2) by extension 'ignore'
[0.344s] Level 1:colcon.colcon_core.package_identification:_identify(ros2_RobotSimulation/UniversalRobots/UR3/ur3_ros2_moveit2) by extension 'ignore_ament_install'
[0.344s] Level 1:colcon.colcon_core.package_identification:_identify(ros2_RobotSimulation/UniversalRobots/UR3/ur3_ros2_moveit2) by extensions ['colcon_pkg']
[0.344s] Level 1:colcon.colcon_core.package_identification:_identify(ros2_RobotSimulation/UniversalRobots/UR3/ur3_ros2_moveit2) by extension 'colcon_pkg'
[0.345s] Level 1:colcon.colcon_core.package_identification:_identify(ros2_RobotSimulation/UniversalRobots/UR3/ur3_ros2_moveit2) by extensions ['colcon_meta']
[0.345s] Level 1:colcon.colcon_core.package_identification:_identify(ros2_RobotSimulation/UniversalRobots/UR3/ur3_ros2_moveit2) by extension 'colcon_meta'
[0.345s] Level 1:colcon.colcon_core.package_identification:_identify(ros2_RobotSimulation/UniversalRobots/UR3/ur3_ros2_moveit2) by extensions ['ros']
[0.345s] Level 1:colcon.colcon_core.package_identification:_identify(ros2_RobotSimulation/UniversalRobots/UR3/ur3_ros2_moveit2) by extension 'ros'
[0.345s] DEBUG:colcon.colcon_core.package_identification:Package 'ros2_RobotSimulation/UniversalRobots/UR3/ur3_ros2_moveit2' with type 'ros.ament_cmake' and name 'ur3_ros2_moveit2'
[0.345s] Level 1:colcon.colcon_core.package_identification:_identify(ros2_RobotSimulation/UniversalRobots/UR5) by extensions ['ignore', 'ignore_ament_install']
[0.345s] Level 1:colcon.colcon_core.package_identification:_identify(ros2_RobotSimulation/UniversalRobots/UR5) by extension 'ignore'
[0.345s] Level 1:colcon.colcon_core.package_identification:_identify(ros2_RobotSimulation/UniversalRobots/UR5) by extension 'ignore_ament_install'
[0.345s] Level 1:colcon.colcon_core.package_identification:_identify(ros2_RobotSimulation/UniversalRobots/UR5) by extensions ['colcon_pkg']
[0.345s] Level 1:colcon.colcon_core.package_identification:_identify(ros2_RobotSimulation/UniversalRobots/UR5) by extension 'colcon_pkg'
[0.346s] Level 1:colcon.colcon_core.package_identification:_identify(ros2_RobotSimulation/UniversalRobots/UR5) by extensions ['colcon_meta']
[0.346s] Level 1:colcon.colcon_core.package_identification:_identify(ros2_RobotSimulation/UniversalRobots/UR5) by extension 'colcon_meta'
[0.346s] Level 1:colcon.colcon_core.package_identification:_identify(ros2_RobotSimulation/UniversalRobots/UR5) by extensions ['ros']
[0.346s] Level 1:colcon.colcon_core.package_identification:_identify(ros2_RobotSimulation/UniversalRobots/UR5) by extension 'ros'
[0.346s] Level 1:colcon.colcon_core.package_identification:_identify(ros2_RobotSimulation/UniversalRobots/UR5) by extensions ['cmake', 'python']
[0.346s] Level 1:colcon.colcon_core.package_identification:_identify(ros2_RobotSimulation/UniversalRobots/UR5) by extension 'cmake'
[0.346s] Level 1:colcon.colcon_core.package_identification:_identify(ros2_RobotSimulation/UniversalRobots/UR5) by extension 'python'
[0.346s] Level 1:colcon.colcon_core.package_identification:_identify(ros2_RobotSimulation/UniversalRobots/UR5) by extensions ['python_setup_py']
[0.346s] Level 1:colcon.colcon_core.package_identification:_identify(ros2_RobotSimulation/UniversalRobots/UR5) by extension 'python_setup_py'
[0.346s] Level 1:colcon.colcon_core.package_identification:_identify(ros2_RobotSimulation/UniversalRobots/UR5/ur5_ros2_gazebo) by extensions ['ignore', 'ignore_ament_install']
[0.346s] Level 1:colcon.colcon_core.package_identification:_identify(ros2_RobotSimulation/UniversalRobots/UR5/ur5_ros2_gazebo) by extension 'ignore'
[0.346s] Level 1:colcon.colcon_core.package_identification:_identify(ros2_RobotSimulation/UniversalRobots/UR5/ur5_ros2_gazebo) by extension 'ignore_ament_install'
[0.346s] Level 1:colcon.colcon_core.package_identification:_identify(ros2_RobotSimulation/UniversalRobots/UR5/ur5_ros2_gazebo) by extensions ['colcon_pkg']
[0.346s] Level 1:colcon.colcon_core.package_identification:_identify(ros2_RobotSimulation/UniversalRobots/UR5/ur5_ros2_gazebo) by extension 'colcon_pkg'
[0.346s] Level 1:colcon.colcon_core.package_identification:_identify(ros2_RobotSimulation/UniversalRobots/UR5/ur5_ros2_gazebo) by extensions ['colcon_meta']
[0.346s] Level 1:colcon.colcon_core.package_identification:_identify(ros2_RobotSimulation/UniversalRobots/UR5/ur5_ros2_gazebo) by extension 'colcon_meta'
[0.346s] Level 1:colcon.colcon_core.package_identification:_identify(ros2_RobotSimulation/UniversalRobots/UR5/ur5_ros2_gazebo) by extensions ['ros']
[0.346s] Level 1:colcon.colcon_core.package_identification:_identify(ros2_RobotSimulation/UniversalRobots/UR5/ur5_ros2_gazebo) by extension 'ros'
[0.347s] DEBUG:colcon.colcon_core.package_identification:Package 'ros2_RobotSimulation/UniversalRobots/UR5/ur5_ros2_gazebo' with type 'ros.ament_cmake' and name 'ur5_ros2_gazebo'
[0.347s] Level 1:colcon.colcon_core.package_identification:_identify(ros2_RobotSimulation/UniversalRobots/UR5/ur5_ros2_moveit2) by extensions ['ignore', 'ignore_ament_install']
[0.347s] Level 1:colcon.colcon_core.package_identification:_identify(ros2_RobotSimulation/UniversalRobots/UR5/ur5_ros2_moveit2) by extension 'ignore'
[0.347s] Level 1:colcon.colcon_core.package_identification:_identify(ros2_RobotSimulation/UniversalRobots/UR5/ur5_ros2_moveit2) by extension 'ignore_ament_install'
[0.347s] Level 1:colcon.colcon_core.package_identification:_identify(ros2_RobotSimulation/UniversalRobots/UR5/ur5_ros2_moveit2) by extensions ['colcon_pkg']
[0.347s] Level 1:colcon.colcon_core.package_identification:_identify(ros2_RobotSimulation/UniversalRobots/UR5/ur5_ros2_moveit2) by extension 'colcon_pkg'
[0.347s] Level 1:colcon.colcon_core.package_identification:_identify(ros2_RobotSimulation/UniversalRobots/UR5/ur5_ros2_moveit2) by extensions ['colcon_meta']
[0.347s] Level 1:colcon.colcon_core.package_identification:_identify(ros2_RobotSimulation/UniversalRobots/UR5/ur5_ros2_moveit2) by extension 'colcon_meta'
[0.347s] Level 1:colcon.colcon_core.package_identification:_identify(ros2_RobotSimulation/UniversalRobots/UR5/ur5_ros2_moveit2) by extensions ['ros']
[0.347s] Level 1:colcon.colcon_core.package_identification:_identify(ros2_RobotSimulation/UniversalRobots/UR5/ur5_ros2_moveit2) by extension 'ros'
[0.348s] DEBUG:colcon.colcon_core.package_identification:Package 'ros2_RobotSimulation/UniversalRobots/UR5/ur5_ros2_moveit2' with type 'ros.ament_cmake' and name 'ur5_ros2_moveit2'
[0.348s] Level 1:colcon.colcon_core.package_identification:_identify(ros2_RobotSimulation/include) by extensions ['ignore', 'ignore_ament_install']
[0.348s] Level 1:colcon.colcon_core.package_identification:_identify(ros2_RobotSimulation/include) by extension 'ignore'
[0.348s] Level 1:colcon.colcon_core.package_identification:_identify(ros2_RobotSimulation/include) by extension 'ignore_ament_install'
[0.348s] Level 1:colcon.colcon_core.package_identification:_identify(ros2_RobotSimulation/include) by extensions ['colcon_pkg']
[0.348s] Level 1:colcon.colcon_core.package_identification:_identify(ros2_RobotSimulation/include) by extension 'colcon_pkg'
[0.348s] Level 1:colcon.colcon_core.package_identification:_identify(ros2_RobotSimulation/include) by extensions ['colcon_meta']
[0.348s] Level 1:colcon.colcon_core.package_identification:_identify(ros2_RobotSimulation/include) by extension 'colcon_meta'
[0.348s] Level 1:colcon.colcon_core.package_identification:_identify(ros2_RobotSimulation/include) by extensions ['ros']
[0.348s] Level 1:colcon.colcon_core.package_identification:_identify(ros2_RobotSimulation/include) by extension 'ros'
[0.348s] Level 1:colcon.colcon_core.package_identification:_identify(ros2_RobotSimulation/include) by extensions ['cmake', 'python']
[0.348s] Level 1:colcon.colcon_core.package_identification:_identify(ros2_RobotSimulation/include) by extension 'cmake'
[0.348s] Level 1:colcon.colcon_core.package_identification:_identify(ros2_RobotSimulation/include) by extension 'python'
[0.348s] Level 1:colcon.colcon_core.package_identification:_identify(ros2_RobotSimulation/include) by extensions ['python_setup_py']
[0.348s] Level 1:colcon.colcon_core.package_identification:_identify(ros2_RobotSimulation/include) by extension 'python_setup_py'
[0.348s] Level 1:colcon.colcon_core.package_identification:_identify(ros2_RobotSimulation/media) by extensions ['ignore', 'ignore_ament_install']
[0.348s] Level 1:colcon.colcon_core.package_identification:_identify(ros2_RobotSimulation/media) by extension 'ignore'
[0.348s] Level 1:colcon.colcon_core.package_identification:_identify(ros2_RobotSimulation/media) by extension 'ignore_ament_install'
[0.348s] Level 1:colcon.colcon_core.package_identification:_identify(ros2_RobotSimulation/media) by extensions ['colcon_pkg']
[0.349s] Level 1:colcon.colcon_core.package_identification:_identify(ros2_RobotSimulation/media) by extension 'colcon_pkg'
[0.349s] Level 1:colcon.colcon_core.package_identification:_identify(ros2_RobotSimulation/media) by extensions ['colcon_meta']
[0.349s] Level 1:colcon.colcon_core.package_identification:_identify(ros2_RobotSimulation/media) by extension 'colcon_meta'
[0.349s] Level 1:colcon.colcon_core.package_identification:_identify(ros2_RobotSimulation/media) by extensions ['ros']
[0.349s] Level 1:colcon.colcon_core.package_identification:_identify(ros2_RobotSimulation/media) by extension 'ros'
[0.349s] Level 1:colcon.colcon_core.package_identification:_identify(ros2_RobotSimulation/media) by extensions ['cmake', 'python']
[0.349s] Level 1:colcon.colcon_core.package_identification:_identify(ros2_RobotSimulation/media) by extension 'cmake'
[0.349s] Level 1:colcon.colcon_core.package_identification:_identify(ros2_RobotSimulation/media) by extension 'python'
[0.349s] Level 1:colcon.colcon_core.package_identification:_identify(ros2_RobotSimulation/media) by extensions ['python_setup_py']
[0.349s] Level 1:colcon.colcon_core.package_identification:_identify(ros2_RobotSimulation/media) by extension 'python_setup_py'
[0.349s] Level 1:colcon.colcon_core.package_identification:_identify(ros2_RobotSimulation/ros2_actions) by extensions ['ignore', 'ignore_ament_install']
[0.349s] Level 1:colcon.colcon_core.package_identification:_identify(ros2_RobotSimulation/ros2_actions) by extension 'ignore'
[0.349s] Level 1:colcon.colcon_core.package_identification:_identify(ros2_RobotSimulation/ros2_actions) by extension 'ignore_ament_install'
[0.349s] Level 1:colcon.colcon_core.package_identification:_identify(ros2_RobotSimulation/ros2_actions) by extensions ['colcon_pkg']
[0.349s] Level 1:colcon.colcon_core.package_identification:_identify(ros2_RobotSimulation/ros2_actions) by extension 'colcon_pkg'
[0.349s] Level 1:colcon.colcon_core.package_identification:_identify(ros2_RobotSimulation/ros2_actions) by extensions ['colcon_meta']
[0.349s] Level 1:colcon.colcon_core.package_identification:_identify(ros2_RobotSimulation/ros2_actions) by extension 'colcon_meta'
[0.349s] Level 1:colcon.colcon_core.package_identification:_identify(ros2_RobotSimulation/ros2_actions) by extensions ['ros']
[0.349s] Level 1:colcon.colcon_core.package_identification:_identify(ros2_RobotSimulation/ros2_actions) by extension 'ros'
[0.350s] DEBUG:colcon.colcon_core.package_identification:Package 'ros2_RobotSimulation/ros2_actions' with type 'ros.ament_cmake' and name 'ros2_actions'
[0.350s] Level 1:colcon.colcon_core.package_identification:_identify(ros2_RobotSimulation/ros2_data) by extensions ['ignore', 'ignore_ament_install']
[0.350s] Level 1:colcon.colcon_core.package_identification:_identify(ros2_RobotSimulation/ros2_data) by extension 'ignore'
[0.350s] Level 1:colcon.colcon_core.package_identification:_identify(ros2_RobotSimulation/ros2_data) by extension 'ignore_ament_install'
[0.350s] Level 1:colcon.colcon_core.package_identification:_identify(ros2_RobotSimulation/ros2_data) by extensions ['colcon_pkg']
[0.350s] Level 1:colcon.colcon_core.package_identification:_identify(ros2_RobotSimulation/ros2_data) by extension 'colcon_pkg'
[0.350s] Level 1:colcon.colcon_core.package_identification:_identify(ros2_RobotSimulation/ros2_data) by extensions ['colcon_meta']
[0.350s] Level 1:colcon.colcon_core.package_identification:_identify(ros2_RobotSimulation/ros2_data) by extension 'colcon_meta'
[0.350s] Level 1:colcon.colcon_core.package_identification:_identify(ros2_RobotSimulation/ros2_data) by extensions ['ros']
[0.350s] Level 1:colcon.colcon_core.package_identification:_identify(ros2_RobotSimulation/ros2_data) by extension 'ros'
[0.351s] DEBUG:colcon.colcon_core.package_identification:Package 'ros2_RobotSimulation/ros2_data' with type 'ros.ament_cmake' and name 'ros2_data'
[0.351s] Level 1:colcon.colcon_core.package_identification:_identify(ros2_RobotSimulation/ros2_execution) by extensions ['ignore', 'ignore_ament_install']
[0.351s] Level 1:colcon.colcon_core.package_identification:_identify(ros2_RobotSimulation/ros2_execution) by extension 'ignore'
[0.351s] Level 1:colcon.colcon_core.package_identification:_identify(ros2_RobotSimulation/ros2_execution) by extension 'ignore_ament_install'
[0.351s] Level 1:colcon.colcon_core.package_identification:_identify(ros2_RobotSimulation/ros2_execution) by extensions ['colcon_pkg']
[0.351s] Level 1:colcon.colcon_core.package_identification:_identify(ros2_RobotSimulation/ros2_execution) by extension 'colcon_pkg'
[0.351s] Level 1:colcon.colcon_core.package_identification:_identify(ros2_RobotSimulation/ros2_execution) by extensions ['colcon_meta']
[0.351s] Level 1:colcon.colcon_core.package_identification:_identify(ros2_RobotSimulation/ros2_execution) by extension 'colcon_meta'
[0.351s] Level 1:colcon.colcon_core.package_identification:_identify(ros2_RobotSimulation/ros2_execution) by extensions ['ros']
[0.351s] Level 1:colcon.colcon_core.package_identification:_identify(ros2_RobotSimulation/ros2_execution) by extension 'ros'
[0.352s] DEBUG:colcon.colcon_core.package_identification:Package 'ros2_RobotSimulation/ros2_execution' with type 'ros.ament_cmake' and name 'ros2_execution'
[0.352s] Level 1:colcon.colcon_core.package_identification:_identify(ros2_RobotSimulation/ros2_grasping) by extensions ['ignore', 'ignore_ament_install']
[0.352s] Level 1:colcon.colcon_core.package_identification:_identify(ros2_RobotSimulation/ros2_grasping) by extension 'ignore'
[0.352s] Level 1:colcon.colcon_core.package_identification:_identify(ros2_RobotSimulation/ros2_grasping) by extension 'ignore_ament_install'
[0.352s] Level 1:colcon.colcon_core.package_identification:_identify(ros2_RobotSimulation/ros2_grasping) by extensions ['colcon_pkg']
[0.352s] Level 1:colcon.colcon_core.package_identification:_identify(ros2_RobotSimulation/ros2_grasping) by extension 'colcon_pkg'
[0.352s] Level 1:colcon.colcon_core.package_identification:_identify(ros2_RobotSimulation/ros2_grasping) by extensions ['colcon_meta']
[0.352s] Level 1:colcon.colcon_core.package_identification:_identify(ros2_RobotSimulation/ros2_grasping) by extension 'colcon_meta'
[0.352s] Level 1:colcon.colcon_core.package_identification:_identify(ros2_RobotSimulation/ros2_grasping) by extensions ['ros']
[0.352s] Level 1:colcon.colcon_core.package_identification:_identify(ros2_RobotSimulation/ros2_grasping) by extension 'ros'
[0.353s] DEBUG:colcon.colcon_core.package_identification:Package 'ros2_RobotSimulation/ros2_grasping' with type 'ros.ament_cmake' and name 'ros2_grasping'
[0.353s] Level 1:colcon.colcon_core.package_identification:_identify(ros2_mid_actions) by extensions ['ignore', 'ignore_ament_install']
[0.353s] Level 1:colcon.colcon_core.package_identification:_identify(ros2_mid_actions) by extension 'ignore'
[0.353s] Level 1:colcon.colcon_core.package_identification:_identify(ros2_mid_actions) by extension 'ignore_ament_install'
[0.353s] Level 1:colcon.colcon_core.package_identification:_identify(ros2_mid_actions) by extensions ['colcon_pkg']
[0.353s] Level 1:colcon.colcon_core.package_identification:_identify(ros2_mid_actions) by extension 'colcon_pkg'
[0.353s] Level 1:colcon.colcon_core.package_identification:_identify(ros2_mid_actions) by extensions ['colcon_meta']
[0.353s] Level 1:colcon.colcon_core.package_identification:_identify(ros2_mid_actions) by extension 'colcon_meta'
[0.353s] Level 1:colcon.colcon_core.package_identification:_identify(ros2_mid_actions) by extensions ['ros']
[0.353s] Level 1:colcon.colcon_core.package_identification:_identify(ros2_mid_actions) by extension 'ros'
[0.353s] DEBUG:colcon.colcon_core.package_identification:Package 'ros2_mid_actions' with type 'ros.ament_cmake' and name 'ros2_mid_actions'
[0.354s] Level 1:colcon.colcon_core.package_identification:_identify(ros_interfaces) by extensions ['ignore', 'ignore_ament_install']
[0.354s] Level 1:colcon.colcon_core.package_identification:_identify(ros_interfaces) by extension 'ignore'
[0.354s] Level 1:colcon.colcon_core.package_identification:_identify(ros_interfaces) by extension 'ignore_ament_install'
[0.354s] Level 1:colcon.colcon_core.package_identification:_identify(ros_interfaces) by extensions ['colcon_pkg']
[0.354s] Level 1:colcon.colcon_core.package_identification:_identify(ros_interfaces) by extension 'colcon_pkg'
[0.354s] Level 1:colcon.colcon_core.package_identification:_identify(ros_interfaces) by extensions ['colcon_meta']
[0.354s] Level 1:colcon.colcon_core.package_identification:_identify(ros_interfaces) by extension 'colcon_meta'
[0.354s] Level 1:colcon.colcon_core.package_identification:_identify(ros_interfaces) by extensions ['ros']
[0.354s] Level 1:colcon.colcon_core.package_identification:_identify(ros_interfaces) by extension 'ros'
[0.354s] DEBUG:colcon.colcon_core.package_identification:Package 'ros_interfaces' with type 'ros.ament_cmake' and name 'ros_interfaces'
[0.354s] Level 1:colcon.colcon_core.package_identification:_identify(srvcli) by extensions ['ignore', 'ignore_ament_install']
[0.354s] Level 1:colcon.colcon_core.package_identification:_identify(srvcli) by extension 'ignore'
[0.355s] Level 1:colcon.colcon_core.package_identification:_identify(srvcli) by extension 'ignore_ament_install'
[0.355s] Level 1:colcon.colcon_core.package_identification:_identify(srvcli) by extensions ['colcon_pkg']
[0.355s] Level 1:colcon.colcon_core.package_identification:_identify(srvcli) by extension 'colcon_pkg'
[0.355s] Level 1:colcon.colcon_core.package_identification:_identify(srvcli) by extensions ['colcon_meta']
[0.355s] Level 1:colcon.colcon_core.package_identification:_identify(srvcli) by extension 'colcon_meta'
[0.355s] Level 1:colcon.colcon_core.package_identification:_identify(srvcli) by extensions ['ros']
[0.355s] Level 1:colcon.colcon_core.package_identification:_identify(srvcli) by extension 'ros'
[0.355s] DEBUG:colcon.colcon_core.package_identification:Package 'srvcli' with type 'ros.ament_python' and name 'srvcli'
[0.355s] Level 1:colcon.colcon_core.package_discovery:discover_packages(recursive) using defaults
[0.355s] Level 1:colcon.colcon_core.package_discovery:discover_packages(ignore) discover
[0.355s] Level 1:colcon.colcon_core.package_discovery:discover_packages(ignore) using defaults
[0.355s] Level 1:colcon.colcon_core.package_discovery:discover_packages(path) discover
[0.355s] Level 1:colcon.colcon_core.package_discovery:discover_packages(path) using defaults
[0.377s] INFO:colcon.colcon_core.package_selection:Skipping not selected package 'articubot_one' in 'articubot_one'
[0.377s] INFO:colcon.colcon_core.package_selection:Skipping not selected package 'cr35ia_ros2_gazebo' in 'ros2_RobotSimulation/Fanuc/CR35iA/cr35ia_ros2_gazebo'
[0.377s] INFO:colcon.colcon_core.package_selection:Skipping not selected package 'iiwa_ros2_gazebo' in 'ros2_RobotSimulation/Kuka/LBRiiwa/iiwa_ros2_gazebo'
[0.377s] INFO:colcon.colcon_core.package_selection:Skipping not selected package 'inverse_kinematics' in 'inverse_kinematics'
[0.377s] INFO:colcon.colcon_core.package_selection:Skipping not selected package 'irb1200_ros2_gazebo' in 'ros2_RobotSimulation/ABBRobots/IRB1200/irb1200_ros2_gazebo'
[0.377s] INFO:colcon.colcon_core.package_selection:Skipping not selected package 'irb6640_ros2_gazebo' in 'ros2_RobotSimulation/ABBRobots/IRB6640/irb6640_ros2_gazebo'
[0.377s] INFO:colcon.colcon_core.package_selection:Skipping not selected package 'lakme_ros' in 'lakme_ros'
[0.377s] INFO:colcon.colcon_core.package_selection:Skipping not selected package 'my_py_pkg' in 'my_py_pkg'
[0.377s] INFO:colcon.colcon_core.package_selection:Skipping not selected package 'my_robot_package' in 'my_robot_package'
[0.377s] INFO:colcon.colcon_core.package_selection:Skipping not selected package 'panda_ros2_gazebo' in 'ros2_RobotSimulation/PandaRobot/panda_ros2_gazebo'
[0.377s] INFO:colcon.colcon_core.package_selection:Skipping not selected package 'pubsub' in 'pubsub'
[0.377s] INFO:colcon.colcon_core.package_selection:Skipping not selected package 'ros2_data' in 'ros2_RobotSimulation/ros2_data'
[0.377s] INFO:colcon.colcon_core.package_selection:Skipping not selected package 'ros2_execution' in 'ros2_RobotSimulation/ros2_execution'
[0.377s] INFO:colcon.colcon_core.package_selection:Skipping not selected package 'ros2_grasping' in 'ros2_RobotSimulation/ros2_grasping'
[0.377s] INFO:colcon.colcon_core.package_selection:Skipping not selected package 'ros2_mid_actions' in 'ros2_mid_actions'
[0.377s] INFO:colcon.colcon_core.package_selection:Skipping not selected package 'ros_interfaces' in 'ros_interfaces'
[0.377s] INFO:colcon.colcon_core.package_selection:Skipping not selected package 'srvcli' in 'srvcli'
[0.377s] INFO:colcon.colcon_core.package_selection:Skipping not selected package 'ur10_ros2_gazebo' in 'ros2_RobotSimulation/UniversalRobots/UR10/ur10_ros2_gazebo'
[0.377s] INFO:colcon.colcon_core.package_selection:Skipping not selected package 'ur3_ros2_gazebo' in 'ros2_RobotSimulation/UniversalRobots/UR3/ur3_ros2_gazebo'
[0.377s] INFO:colcon.colcon_core.package_selection:Skipping not selected package 'ur5_ros2_gazebo' in 'ros2_RobotSimulation/UniversalRobots/UR5/ur5_ros2_gazebo'
[0.377s] INFO:colcon.colcon_core.package_selection:Skipping not selected package 'cr35ia_ros2_moveit2' in 'ros2_RobotSimulation/Fanuc/CR35iA/cr35ia_ros2_moveit2'
[0.377s] INFO:colcon.colcon_core.package_selection:Skipping not selected package 'iiwa_ros2_moveit2' in 'ros2_RobotSimulation/Kuka/LBRiiwa/iiwa_ros2_moveit2'
[0.377s] INFO:colcon.colcon_core.package_selection:Skipping not selected package 'irb1200_ros2_moveit2' in 'ros2_RobotSimulation/ABBRobots/IRB1200/irb1200_ros2_moveit2'
[0.378s] INFO:colcon.colcon_core.package_selection:Skipping not selected package 'irb120_ros2_moveit2' in 'ros2_RobotSimulation/ABBRobots/IRB120/irb120_ros2_moveit2'
[0.378s] INFO:colcon.colcon_core.package_selection:Skipping not selected package 'irb6640_ros2_moveit2' in 'ros2_RobotSimulation/ABBRobots/IRB6640/irb6640_ros2_moveit2'
[0.378s] INFO:colcon.colcon_core.package_selection:Skipping not selected package 'panda_ros2_moveit2' in 'ros2_RobotSimulation/PandaRobot/panda_ros2_moveit2'
[0.378s] INFO:colcon.colcon_core.package_selection:Skipping not selected package 'ros2_actions' in 'ros2_RobotSimulation/ros2_actions'
[0.378s] INFO:colcon.colcon_core.package_selection:Skipping not selected package 'ur10_ros2_moveit2' in 'ros2_RobotSimulation/UniversalRobots/UR10/ur10_ros2_moveit2'
[0.378s] INFO:colcon.colcon_core.package_selection:Skipping not selected package 'ur3_ros2_moveit2' in 'ros2_RobotSimulation/UniversalRobots/UR3/ur3_ros2_moveit2'
[0.378s] INFO:colcon.colcon_core.package_selection:Skipping not selected package 'ur5_ros2_moveit2' in 'ros2_RobotSimulation/UniversalRobots/UR5/ur5_ros2_moveit2'
[0.378s] Level 5:colcon.colcon_core.verb:set package 'irb120_ros2_gazebo' build argument 'cmake_args' from command line to 'None'
[0.378s] Level 5:colcon.colcon_core.verb:set package 'irb120_ros2_gazebo' build argument 'cmake_target' from command line to 'None'
[0.378s] Level 5:colcon.colcon_core.verb:set package 'irb120_ros2_gazebo' build argument 'cmake_target_skip_unavailable' from command line to 'False'
[0.379s] Level 5:colcon.colcon_core.verb:set package 'irb120_ros2_gazebo' build argument 'cmake_clean_cache' from command line to 'False'
[0.379s] Level 5:colcon.colcon_core.verb:set package 'irb120_ros2_gazebo' build argument 'cmake_clean_first' from command line to 'False'
[0.379s] Level 5:colcon.colcon_core.verb:set package 'irb120_ros2_gazebo' build argument 'cmake_force_configure' from command line to 'False'
[0.379s] Level 5:colcon.colcon_core.verb:set package 'irb120_ros2_gazebo' build argument 'ament_cmake_args' from command line to 'None'
[0.379s] Level 5:colcon.colcon_core.verb:set package 'irb120_ros2_gazebo' build argument 'catkin_cmake_args' from command line to 'None'
[0.379s] Level 5:colcon.colcon_core.verb:set package 'irb120_ros2_gazebo' build argument 'catkin_skip_building_tests' from command line to 'False'
[0.379s] DEBUG:colcon.colcon_core.verb:Building package 'irb120_ros2_gazebo' with the following arguments: {'ament_cmake_args': None, 'build_base': '/workspace/src/build/irb120_ros2_gazebo', 'catkin_cmake_args': None, 'catkin_skip_building_tests': False, 'cmake_args': None, 'cmake_clean_cache': False, 'cmake_clean_first': False, 'cmake_force_configure': False, 'cmake_target': None, 'cmake_target_skip_unavailable': False, 'install_base': '/workspace/src/install/irb120_ros2_gazebo', 'merge_install': False, 'path': '/workspace/src/ros2_RobotSimulation/ABBRobots/IRB120/irb120_ros2_gazebo', 'symlink_install': False, 'test_result_base': None}
[0.379s] INFO:colcon.colcon_core.executor:Executing jobs using 'parallel' executor
[0.382s] DEBUG:colcon.colcon_parallel_executor.executor.parallel:run_until_complete
[0.382s] INFO:colcon.colcon_ros.task.ament_cmake.build:Building ROS package in '/workspace/src/ros2_RobotSimulation/ABBRobots/IRB120/irb120_ros2_gazebo' with build type 'ament_cmake'
[0.382s] INFO:colcon.colcon_cmake.task.cmake.build:Building CMake package in '/workspace/src/ros2_RobotSimulation/ABBRobots/IRB120/irb120_ros2_gazebo'
[0.387s] INFO:colcon.colcon_core.plugin_system:Skipping extension 'colcon_core.shell.bat': Not used on non-Windows systems
[0.388s] INFO:colcon.colcon_core.shell:Skip shell extension 'powershell' for command environment: Not usable outside of PowerShell
[0.388s] DEBUG:colcon.colcon_core.shell:Skip shell extension 'dsv' for command environment
[0.402s] DEBUG:colcon.colcon_core.event_handler.log_command:Invoking command in '/workspace/src/build/irb120_ros2_gazebo': CMAKE_PREFIX_PATH=${CMAKE_PREFIX_PATH}:/workspace/src/install/srvcli:/workspace/src/install/pubsub:/workspace/src/install/my_py_pkg:/workspace/src/install/inverse_kinematics:/opt/ros/humble /usr/bin/cmake --build /workspace/src/build/irb120_ros2_gazebo -- -j12 -l12
[0.449s] DEBUG:colcon.colcon_core.event_handler.log_command:Invoked command in '/workspace/src/build/irb120_ros2_gazebo' returned '0': CMAKE_PREFIX_PATH=${CMAKE_PREFIX_PATH}:/workspace/src/install/srvcli:/workspace/src/install/pubsub:/workspace/src/install/my_py_pkg:/workspace/src/install/inverse_kinematics:/opt/ros/humble /usr/bin/cmake --build /workspace/src/build/irb120_ros2_gazebo -- -j12 -l12
[0.481s] DEBUG:colcon.colcon_core.event_handler.log_command:Invoking command in '/workspace/src/build/irb120_ros2_gazebo': CMAKE_PREFIX_PATH=${CMAKE_PREFIX_PATH}:/workspace/src/install/srvcli:/workspace/src/install/pubsub:/workspace/src/install/my_py_pkg:/workspace/src/install/inverse_kinematics:/opt/ros/humble /usr/bin/cmake --install /workspace/src/build/irb120_ros2_gazebo
[0.491s] Level 1:colcon.colcon_core.environment:create_environment_scripts_only(irb120_ros2_gazebo)
[0.494s] DEBUG:colcon.colcon_core.event_handler.log_command:Invoked command in '/workspace/src/build/irb120_ros2_gazebo' returned '0': CMAKE_PREFIX_PATH=${CMAKE_PREFIX_PATH}:/workspace/src/install/srvcli:/workspace/src/install/pubsub:/workspace/src/install/my_py_pkg:/workspace/src/install/inverse_kinematics:/opt/ros/humble /usr/bin/cmake --install /workspace/src/build/irb120_ros2_gazebo
[0.497s] Level 1:colcon.colcon_core.environment:checking '/workspace/src/install/irb120_ros2_gazebo' for CMake module files
[0.497s] Level 1:colcon.colcon_core.environment:checking '/workspace/src/install/irb120_ros2_gazebo' for CMake config files
[0.497s] Level 1:colcon.colcon_core.shell:create_environment_hook('irb120_ros2_gazebo', 'cmake_prefix_path')
[0.499s] INFO:colcon.colcon_core.shell:Creating environment hook '/workspace/src/install/irb120_ros2_gazebo/share/irb120_ros2_gazebo/hook/cmake_prefix_path.ps1'
[0.499s] INFO:colcon.colcon_core.shell:Creating environment descriptor '/workspace/src/install/irb120_ros2_gazebo/share/irb120_ros2_gazebo/hook/cmake_prefix_path.dsv'
[0.499s] INFO:colcon.colcon_core.shell:Creating environment hook '/workspace/src/install/irb120_ros2_gazebo/share/irb120_ros2_gazebo/hook/cmake_prefix_path.sh'
[0.500s] Level 1:colcon.colcon_core.environment:checking '/workspace/src/install/irb120_ros2_gazebo/bin'
[0.500s] Level 1:colcon.colcon_core.environment:checking '/workspace/src/install/irb120_ros2_gazebo/lib/pkgconfig/irb120_ros2_gazebo.pc'
[0.502s] Level 1:colcon.colcon_core.environment:checking '/workspace/src/install/irb120_ros2_gazebo/lib/python3.10/site-packages'
[0.502s] Level 1:colcon.colcon_core.environment:checking '/workspace/src/install/irb120_ros2_gazebo/bin'
[0.503s] INFO:colcon.colcon_core.shell:Creating package script '/workspace/src/install/irb120_ros2_gazebo/share/irb120_ros2_gazebo/package.ps1'
[0.504s] INFO:colcon.colcon_core.shell:Creating package descriptor '/workspace/src/install/irb120_ros2_gazebo/share/irb120_ros2_gazebo/package.dsv'
[0.505s] INFO:colcon.colcon_core.shell:Creating package script '/workspace/src/install/irb120_ros2_gazebo/share/irb120_ros2_gazebo/package.sh'
[0.505s] INFO:colcon.colcon_core.shell:Creating package script '/workspace/src/install/irb120_ros2_gazebo/share/irb120_ros2_gazebo/package.bash'
[0.506s] INFO:colcon.colcon_core.shell:Creating package script '/workspace/src/install/irb120_ros2_gazebo/share/irb120_ros2_gazebo/package.zsh'
[0.507s] Level 1:colcon.colcon_core.environment:create_file_with_runtime_dependencies(/workspace/src/install/irb120_ros2_gazebo/share/colcon-core/packages/irb120_ros2_gazebo)
[0.534s] Level 1:colcon.colcon_core.environment:create_environment_scripts_only(irb120_ros2_gazebo)
[0.537s] Level 1:colcon.colcon_core.environment:checking '/workspace/src/install/irb120_ros2_gazebo' for CMake module files
[0.537s] Level 1:colcon.colcon_core.environment:checking '/workspace/src/install/irb120_ros2_gazebo' for CMake config files
[0.537s] Level 1:colcon.colcon_core.shell:create_environment_hook('irb120_ros2_gazebo', 'cmake_prefix_path')
[0.539s] INFO:colcon.colcon_core.shell:Creating environment hook '/workspace/src/install/irb120_ros2_gazebo/share/irb120_ros2_gazebo/hook/cmake_prefix_path.ps1'
[0.539s] INFO:colcon.colcon_core.shell:Creating environment descriptor '/workspace/src/install/irb120_ros2_gazebo/share/irb120_ros2_gazebo/hook/cmake_prefix_path.dsv'
[0.539s] INFO:colcon.colcon_core.shell:Creating environment hook '/workspace/src/install/irb120_ros2_gazebo/share/irb120_ros2_gazebo/hook/cmake_prefix_path.sh'
[0.540s] Level 1:colcon.colcon_core.environment:checking '/workspace/src/install/irb120_ros2_gazebo/bin'
[0.540s] Level 1:colcon.colcon_core.environment:checking '/workspace/src/install/irb120_ros2_gazebo/lib/pkgconfig/irb120_ros2_gazebo.pc'
[0.540s] Level 1:colcon.colcon_core.environment:checking '/workspace/src/install/irb120_ros2_gazebo/lib/python3.10/site-packages'
[0.540s] Level 1:colcon.colcon_core.environment:checking '/workspace/src/install/irb120_ros2_gazebo/bin'
[0.541s] INFO:colcon.colcon_core.shell:Creating package script '/workspace/src/install/irb120_ros2_gazebo/share/irb120_ros2_gazebo/package.ps1'
[0.542s] INFO:colcon.colcon_core.shell:Creating package descriptor '/workspace/src/install/irb120_ros2_gazebo/share/irb120_ros2_gazebo/package.dsv'
[0.542s] INFO:colcon.colcon_core.shell:Creating package script '/workspace/src/install/irb120_ros2_gazebo/share/irb120_ros2_gazebo/package.sh'
[0.543s] INFO:colcon.colcon_core.shell:Creating package script '/workspace/src/install/irb120_ros2_gazebo/share/irb120_ros2_gazebo/package.bash'
[0.543s] INFO:colcon.colcon_core.shell:Creating package script '/workspace/src/install/irb120_ros2_gazebo/share/irb120_ros2_gazebo/package.zsh'
[0.543s] Level 1:colcon.colcon_core.environment:create_file_with_runtime_dependencies(/workspace/src/install/irb120_ros2_gazebo/share/colcon-core/packages/irb120_ros2_gazebo)
[0.544s] DEBUG:colcon.colcon_parallel_executor.executor.parallel:closing loop
[0.544s] DEBUG:colcon.colcon_parallel_executor.executor.parallel:loop closed
[0.544s] DEBUG:colcon.colcon_parallel_executor.executor.parallel:run_until_complete finished with '0'
[0.544s] DEBUG:colcon.colcon_core.event_reactor:joining thread
[0.551s] INFO:colcon.colcon_core.plugin_system:Skipping extension 'colcon_notification.desktop_notification.notify_send': Could not find 'notify-send'
[0.551s] INFO:colcon.colcon_core.plugin_system:Skipping extension 'colcon_notification.desktop_notification.terminal_notifier': Not used on non-Darwin systems
[0.551s] INFO:colcon.colcon_core.plugin_system:Skipping extension 'colcon_notification.desktop_notification.win32': Not used on non-Windows systems
[0.551s] INFO:colcon.colcon_notification.desktop_notification:Sending desktop notification using 'notify2'
[0.553s] DEBUG:colcon.colcon_notification.desktop_notification.notify2:Failed to initialize notify2: org.freedesktop.DBus.Error.Spawn.ExecFailed: /usr/bin/dbus-launch terminated abnormally without any error message
[0.554s] DEBUG:colcon.colcon_core.event_reactor:joined thread
[0.555s] INFO:colcon.colcon_core.shell:Creating prefix script '/workspace/src/install/local_setup.ps1'
[0.557s] INFO:colcon.colcon_core.shell:Creating prefix util module '/workspace/src/install/_local_setup_util_ps1.py'
[0.558s] INFO:colcon.colcon_core.shell:Creating prefix chain script '/workspace/src/install/setup.ps1'
[0.561s] INFO:colcon.colcon_core.shell:Creating prefix script '/workspace/src/install/local_setup.sh'
[0.561s] INFO:colcon.colcon_core.shell:Creating prefix util module '/workspace/src/install/_local_setup_util_sh.py'
[0.562s] INFO:colcon.colcon_core.shell:Creating prefix chain script '/workspace/src/install/setup.sh'
[0.564s] INFO:colcon.colcon_core.shell:Creating prefix script '/workspace/src/install/local_setup.bash'
[0.565s] INFO:colcon.colcon_core.shell:Creating prefix chain script '/workspace/src/install/setup.bash'
[0.571s] INFO:colcon.colcon_core.shell:Creating prefix script '/workspace/src/install/local_setup.zsh'
[0.571s] INFO:colcon.colcon_core.shell:Creating prefix chain script '/workspace/src/install/setup.zsh'
