[0.073s] Invoking command in '/workspace/src/build/ur3_ros2_moveit2': AMENT_PREFIX_PATH=/workspace/src/install/ros2_data:${AMENT_PREFIX_PATH} CMAKE_PREFIX_PATH=/workspace/src/install/ros2_data:/workspace/src/install/lakme_ros:/workspace/install/lakme_ros:/opt/ros/humble LD_LIBRARY_PATH=/workspace/src/install/ros2_data/lib:${LD_LIBRARY_PATH} PYTHONPATH=/workspace/src/install/ros2_data/local/lib/python3.10/dist-packages:${PYTHONPATH} /usr/bin/cmake /workspace/src/ros2_RobotSimulation/UniversalRobots/UR3/ur3_ros2_moveit2 -DCMAKE_INSTALL_PREFIX=/workspace/src/install/ur3_ros2_moveit2
[1.628s] -- The C compiler identification is GNU 11.3.0
[1.628s] -- The CXX compiler identification is GNU 11.3.0
[1.629s] -- Detecting C compiler ABI info
[1.630s] -- Detecting C compiler ABI info - done
[1.630s] -- Check for working C compiler: /usr/bin/cc - skipped
[1.630s] -- Detecting C compile features
[1.630s] -- Detecting C compile features - done
[1.631s] -- Detecting CXX compiler ABI info
[1.631s] -- Detecting CXX compiler ABI info - done
[1.631s] -- Check for working CXX compiler: /usr/bin/c++ - skipped
[1.631s] -- Detecting CXX compile features
[1.631s] -- Detecting CXX compile features - done
[1.631s] -- Found ament_cmake: 1.3.4 (/opt/ros/humble/share/ament_cmake/cmake)
[1.631s] -- Found Python3: /usr/bin/python3.10 (found version "3.10.6") found components: Interpreter 
[1.632s] -- Found ament_lint_auto: 0.12.6 (/opt/ros/humble/share/ament_lint_auto/cmake)
[1.671s] -- Added test 'copyright' to check source files copyright and LICENSE
[1.681s] -- Added test 'flake8' to check Python code syntax and style conventions
[1.684s] -- Added test 'lint_cmake' to check CMake code style
[1.687s] -- Added test 'pep257' to check Python code against some of the docstring style conventions in PEP 257
[1.688s] -- Added test 'xmllint' to check XML markup files
[1.690s] -- Configuring done
[1.692s] -- Generating done
[1.693s] -- Build files have been written to: /workspace/src/build/ur3_ros2_moveit2
[1.700s] Invoked command in '/workspace/src/build/ur3_ros2_moveit2' returned '0': AMENT_PREFIX_PATH=/workspace/src/install/ros2_data:${AMENT_PREFIX_PATH} CMAKE_PREFIX_PATH=/workspace/src/install/ros2_data:/workspace/src/install/lakme_ros:/workspace/install/lakme_ros:/opt/ros/humble LD_LIBRARY_PATH=/workspace/src/install/ros2_data/lib:${LD_LIBRARY_PATH} PYTHONPATH=/workspace/src/install/ros2_data/local/lib/python3.10/dist-packages:${PYTHONPATH} /usr/bin/cmake /workspace/src/ros2_RobotSimulation/UniversalRobots/UR3/ur3_ros2_moveit2 -DCMAKE_INSTALL_PREFIX=/workspace/src/install/ur3_ros2_moveit2
[1.701s] Invoking command in '/workspace/src/build/ur3_ros2_moveit2': AMENT_PREFIX_PATH=/workspace/src/install/ros2_data:${AMENT_PREFIX_PATH} CMAKE_PREFIX_PATH=/workspace/src/install/ros2_data:/workspace/src/install/lakme_ros:/workspace/install/lakme_ros:/opt/ros/humble LD_LIBRARY_PATH=/workspace/src/install/ros2_data/lib:${LD_LIBRARY_PATH} PYTHONPATH=/workspace/src/install/ros2_data/local/lib/python3.10/dist-packages:${PYTHONPATH} /usr/bin/cmake --build /workspace/src/build/ur3_ros2_moveit2 -- -j12 -l12
[1.781s] Invoked command in '/workspace/src/build/ur3_ros2_moveit2' returned '0': AMENT_PREFIX_PATH=/workspace/src/install/ros2_data:${AMENT_PREFIX_PATH} CMAKE_PREFIX_PATH=/workspace/src/install/ros2_data:/workspace/src/install/lakme_ros:/workspace/install/lakme_ros:/opt/ros/humble LD_LIBRARY_PATH=/workspace/src/install/ros2_data/lib:${LD_LIBRARY_PATH} PYTHONPATH=/workspace/src/install/ros2_data/local/lib/python3.10/dist-packages:${PYTHONPATH} /usr/bin/cmake --build /workspace/src/build/ur3_ros2_moveit2 -- -j12 -l12
[1.834s] Invoking command in '/workspace/src/build/ur3_ros2_moveit2': AMENT_PREFIX_PATH=/workspace/src/install/ros2_data:${AMENT_PREFIX_PATH} CMAKE_PREFIX_PATH=/workspace/src/install/ros2_data:/workspace/src/install/lakme_ros:/workspace/install/lakme_ros:/opt/ros/humble LD_LIBRARY_PATH=/workspace/src/install/ros2_data/lib:${LD_LIBRARY_PATH} PYTHONPATH=/workspace/src/install/ros2_data/local/lib/python3.10/dist-packages:${PYTHONPATH} /usr/bin/cmake --install /workspace/src/build/ur3_ros2_moveit2
[1.872s] -- Install configuration: ""
[1.873s] -- Installing: /workspace/src/install/ur3_ros2_moveit2/share/ur3_ros2_moveit2/config
[1.873s] -- Installing: /workspace/src/install/ur3_ros2_moveit2/share/ur3_ros2_moveit2/config/ur3_moveit2.rviz
[1.873s] -- Installing: /workspace/src/install/ur3_ros2_moveit2/share/ur3_ros2_moveit2/config/ompl_planning.yaml
[1.873s] -- Installing: /workspace/src/install/ur3_ros2_moveit2/share/ur3_ros2_moveit2/config/ur3_controllers.yaml
[1.874s] -- Installing: /workspace/src/install/ur3_ros2_moveit2/share/ur3_ros2_moveit2/config/chomp_planning.yaml
[1.874s] -- Installing: /workspace/src/install/ur3_ros2_moveit2/share/ur3_ros2_moveit2/config/kinematics.yaml
[1.874s] -- Installing: /workspace/src/install/ur3_ros2_moveit2/share/ur3_ros2_moveit2/config/ur3.srdf
[1.874s] -- Installing: /workspace/src/install/ur3_ros2_moveit2/share/ur3_ros2_moveit2/launch
[1.874s] -- Installing: /workspace/src/install/ur3_ros2_moveit2/share/ur3_ros2_moveit2/launch/ur3.launch.py
[1.875s] -- Installing: /workspace/src/install/ur3_ros2_moveit2/share/ur3_ros2_moveit2/launch/ur3_interface.launch.py
[1.875s] -- Installing: /workspace/src/install/ur3_ros2_moveit2/share/ament_index/resource_index/package_run_dependencies/ur3_ros2_moveit2
[1.875s] -- Installing: /workspace/src/install/ur3_ros2_moveit2/share/ament_index/resource_index/parent_prefix_path/ur3_ros2_moveit2
[1.875s] -- Installing: /workspace/src/install/ur3_ros2_moveit2/share/ur3_ros2_moveit2/environment/ament_prefix_path.sh
[1.876s] -- Installing: /workspace/src/install/ur3_ros2_moveit2/share/ur3_ros2_moveit2/environment/ament_prefix_path.dsv
[1.877s] -- Installing: /workspace/src/install/ur3_ros2_moveit2/share/ur3_ros2_moveit2/environment/path.sh
[1.877s] -- Installing: /workspace/src/install/ur3_ros2_moveit2/share/ur3_ros2_moveit2/environment/path.dsv
[1.877s] -- Installing: /workspace/src/install/ur3_ros2_moveit2/share/ur3_ros2_moveit2/local_setup.bash
[1.878s] -- Installing: /workspace/src/install/ur3_ros2_moveit2/share/ur3_ros2_moveit2/local_setup.sh
[1.878s] -- Installing: /workspace/src/install/ur3_ros2_moveit2/share/ur3_ros2_moveit2/local_setup.zsh
[1.878s] -- Installing: /workspace/src/install/ur3_ros2_moveit2/share/ur3_ros2_moveit2/local_setup.dsv
[1.878s] -- Installing: /workspace/src/install/ur3_ros2_moveit2/share/ur3_ros2_moveit2/package.dsv
[1.878s] -- Installing: /workspace/src/install/ur3_ros2_moveit2/share/ament_index/resource_index/packages/ur3_ros2_moveit2
[1.879s] -- Installing: /workspace/src/install/ur3_ros2_moveit2/share/ur3_ros2_moveit2/cmake/ur3_ros2_moveit2Config.cmake
[1.879s] -- Installing: /workspace/src/install/ur3_ros2_moveit2/share/ur3_ros2_moveit2/cmake/ur3_ros2_moveit2Config-version.cmake
[1.879s] -- Installing: /workspace/src/install/ur3_ros2_moveit2/share/ur3_ros2_moveit2/package.xml
[1.908s] Invoked command in '/workspace/src/build/ur3_ros2_moveit2' returned '0': AMENT_PREFIX_PATH=/workspace/src/install/ros2_data:${AMENT_PREFIX_PATH} CMAKE_PREFIX_PATH=/workspace/src/install/ros2_data:/workspace/src/install/lakme_ros:/workspace/install/lakme_ros:/opt/ros/humble LD_LIBRARY_PATH=/workspace/src/install/ros2_data/lib:${LD_LIBRARY_PATH} PYTHONPATH=/workspace/src/install/ros2_data/local/lib/python3.10/dist-packages:${PYTHONPATH} /usr/bin/cmake --install /workspace/src/build/ur3_ros2_moveit2
