[0.080s] Invoking command in '/workspace/src/build/ur10_ros2_moveit2': AMENT_PREFIX_PATH=/workspace/src/install/ros2_data:${AMENT_PREFIX_PATH} CMAKE_PREFIX_PATH=/workspace/src/install/ros2_data:/workspace/src/install/lakme_ros:/workspace/install/lakme_ros:/opt/ros/humble LD_LIBRARY_PATH=/workspace/src/install/ros2_data/lib:${LD_LIBRARY_PATH} PYTHONPATH=/workspace/src/install/ros2_data/local/lib/python3.10/dist-packages:${PYTHONPATH} /usr/bin/cmake /workspace/src/ros2_RobotSimulation/UniversalRobots/UR10/ur10_ros2_moveit2 -DCMAKE_INSTALL_PREFIX=/workspace/src/install/ur10_ros2_moveit2
[0.241s] -- The C compiler identification is GNU 11.3.0
[0.370s] -- The CXX compiler identification is GNU 11.3.0
[0.392s] -- Detecting C compiler ABI info
[0.543s] -- Detecting C compiler ABI info - done
[0.562s] -- Check for working C compiler: /usr/bin/cc - skipped
[0.563s] -- Detecting C compile features
[0.563s] -- Detecting C compile features - done
[0.570s] -- Detecting CXX compiler ABI info
[0.754s] -- Detecting CXX compiler ABI info - done
[0.766s] -- Check for working CXX compiler: /usr/bin/c++ - skipped
[0.767s] -- Detecting CXX compile features
[0.768s] -- Detecting CXX compile features - done
[0.775s] -- Found ament_cmake: 1.3.4 (/opt/ros/humble/share/ament_cmake/cmake)
[1.170s] -- Found Python3: /usr/bin/python3.10 (found version "3.10.6") found components: Interpreter 
[1.445s] -- Found ament_lint_auto: 0.12.6 (/opt/ros/humble/share/ament_lint_auto/cmake)
[1.646s] -- Added test 'copyright' to check source files copyright and LICENSE
[1.651s] -- Added test 'flake8' to check Python code syntax and style conventions
[1.652s] -- Added test 'lint_cmake' to check CMake code style
[1.653s] -- Added test 'pep257' to check Python code against some of the docstring style conventions in PEP 257
[1.655s] -- Added test 'xmllint' to check XML markup files
[1.658s] -- Configuring done
[1.672s] -- Generating done
[1.674s] -- Build files have been written to: /workspace/src/build/ur10_ros2_moveit2
[1.678s] Invoked command in '/workspace/src/build/ur10_ros2_moveit2' returned '0': AMENT_PREFIX_PATH=/workspace/src/install/ros2_data:${AMENT_PREFIX_PATH} CMAKE_PREFIX_PATH=/workspace/src/install/ros2_data:/workspace/src/install/lakme_ros:/workspace/install/lakme_ros:/opt/ros/humble LD_LIBRARY_PATH=/workspace/src/install/ros2_data/lib:${LD_LIBRARY_PATH} PYTHONPATH=/workspace/src/install/ros2_data/local/lib/python3.10/dist-packages:${PYTHONPATH} /usr/bin/cmake /workspace/src/ros2_RobotSimulation/UniversalRobots/UR10/ur10_ros2_moveit2 -DCMAKE_INSTALL_PREFIX=/workspace/src/install/ur10_ros2_moveit2
[1.683s] Invoking command in '/workspace/src/build/ur10_ros2_moveit2': AMENT_PREFIX_PATH=/workspace/src/install/ros2_data:${AMENT_PREFIX_PATH} CMAKE_PREFIX_PATH=/workspace/src/install/ros2_data:/workspace/src/install/lakme_ros:/workspace/install/lakme_ros:/opt/ros/humble LD_LIBRARY_PATH=/workspace/src/install/ros2_data/lib:${LD_LIBRARY_PATH} PYTHONPATH=/workspace/src/install/ros2_data/local/lib/python3.10/dist-packages:${PYTHONPATH} /usr/bin/cmake --build /workspace/src/build/ur10_ros2_moveit2 -- -j12 -l12
[1.759s] Invoked command in '/workspace/src/build/ur10_ros2_moveit2' returned '0': AMENT_PREFIX_PATH=/workspace/src/install/ros2_data:${AMENT_PREFIX_PATH} CMAKE_PREFIX_PATH=/workspace/src/install/ros2_data:/workspace/src/install/lakme_ros:/workspace/install/lakme_ros:/opt/ros/humble LD_LIBRARY_PATH=/workspace/src/install/ros2_data/lib:${LD_LIBRARY_PATH} PYTHONPATH=/workspace/src/install/ros2_data/local/lib/python3.10/dist-packages:${PYTHONPATH} /usr/bin/cmake --build /workspace/src/build/ur10_ros2_moveit2 -- -j12 -l12
[1.849s] Invoking command in '/workspace/src/build/ur10_ros2_moveit2': AMENT_PREFIX_PATH=/workspace/src/install/ros2_data:${AMENT_PREFIX_PATH} CMAKE_PREFIX_PATH=/workspace/src/install/ros2_data:/workspace/src/install/lakme_ros:/workspace/install/lakme_ros:/opt/ros/humble LD_LIBRARY_PATH=/workspace/src/install/ros2_data/lib:${LD_LIBRARY_PATH} PYTHONPATH=/workspace/src/install/ros2_data/local/lib/python3.10/dist-packages:${PYTHONPATH} /usr/bin/cmake --install /workspace/src/build/ur10_ros2_moveit2
[1.900s] -- Install configuration: ""
[1.901s] -- Installing: /workspace/src/install/ur10_ros2_moveit2/share/ur10_ros2_moveit2/config
[1.901s] -- Installing: /workspace/src/install/ur10_ros2_moveit2/share/ur10_ros2_moveit2/config/ur10_controllers.yaml
[1.901s] -- Installing: /workspace/src/install/ur10_ros2_moveit2/share/ur10_ros2_moveit2/config/ompl_planning.yaml
[1.904s] -- Installing: /workspace/src/install/ur10_ros2_moveit2/share/ur10_ros2_moveit2/config/ur10_moveit2.rviz
[1.904s] -- Installing: /workspace/src/install/ur10_ros2_moveit2/share/ur10_ros2_moveit2/config/ur10.srdf
[1.905s] -- Installing: /workspace/src/install/ur10_ros2_moveit2/share/ur10_ros2_moveit2/config/chomp_planning.yaml
[1.905s] -- Installing: /workspace/src/install/ur10_ros2_moveit2/share/ur10_ros2_moveit2/config/kinematics.yaml
[1.905s] -- Installing: /workspace/src/install/ur10_ros2_moveit2/share/ur10_ros2_moveit2/launch
[1.905s] -- Installing: /workspace/src/install/ur10_ros2_moveit2/share/ur10_ros2_moveit2/launch/ur10.launch.py
[1.905s] -- Installing: /workspace/src/install/ur10_ros2_moveit2/share/ur10_ros2_moveit2/launch/ur10_interface.launch.py
[1.906s] -- Installing: /workspace/src/install/ur10_ros2_moveit2/share/ament_index/resource_index/package_run_dependencies/ur10_ros2_moveit2
[1.906s] -- Installing: /workspace/src/install/ur10_ros2_moveit2/share/ament_index/resource_index/parent_prefix_path/ur10_ros2_moveit2
[1.906s] -- Installing: /workspace/src/install/ur10_ros2_moveit2/share/ur10_ros2_moveit2/environment/ament_prefix_path.sh
[1.906s] -- Installing: /workspace/src/install/ur10_ros2_moveit2/share/ur10_ros2_moveit2/environment/ament_prefix_path.dsv
[1.906s] -- Installing: /workspace/src/install/ur10_ros2_moveit2/share/ur10_ros2_moveit2/environment/path.sh
[1.906s] -- Installing: /workspace/src/install/ur10_ros2_moveit2/share/ur10_ros2_moveit2/environment/path.dsv
[1.907s] -- Installing: /workspace/src/install/ur10_ros2_moveit2/share/ur10_ros2_moveit2/local_setup.bash
[1.907s] -- Installing: /workspace/src/install/ur10_ros2_moveit2/share/ur10_ros2_moveit2/local_setup.sh
[1.909s] -- Installing: /workspace/src/install/ur10_ros2_moveit2/share/ur10_ros2_moveit2/local_setup.zsh
[1.909s] -- Installing: /workspace/src/install/ur10_ros2_moveit2/share/ur10_ros2_moveit2/local_setup.dsv
[1.910s] -- Installing: /workspace/src/install/ur10_ros2_moveit2/share/ur10_ros2_moveit2/package.dsv
[1.910s] -- Installing: /workspace/src/install/ur10_ros2_moveit2/share/ament_index/resource_index/packages/ur10_ros2_moveit2
[1.910s] -- Installing: /workspace/src/install/ur10_ros2_moveit2/share/ur10_ros2_moveit2/cmake/ur10_ros2_moveit2Config.cmake
[1.910s] -- Installing: /workspace/src/install/ur10_ros2_moveit2/share/ur10_ros2_moveit2/cmake/ur10_ros2_moveit2Config-version.cmake
[1.911s] -- Installing: /workspace/src/install/ur10_ros2_moveit2/share/ur10_ros2_moveit2/package.xml
[1.985s] Invoked command in '/workspace/src/build/ur10_ros2_moveit2' returned '0': AMENT_PREFIX_PATH=/workspace/src/install/ros2_data:${AMENT_PREFIX_PATH} CMAKE_PREFIX_PATH=/workspace/src/install/ros2_data:/workspace/src/install/lakme_ros:/workspace/install/lakme_ros:/opt/ros/humble LD_LIBRARY_PATH=/workspace/src/install/ros2_data/lib:${LD_LIBRARY_PATH} PYTHONPATH=/workspace/src/install/ros2_data/local/lib/python3.10/dist-packages:${PYTHONPATH} /usr/bin/cmake --install /workspace/src/build/ur10_ros2_moveit2
