[0.103s] Invoking command in '/workspace/src/build/irb120_ros2_moveit2': AMENT_PREFIX_PATH=/workspace/src/install/ros2_data:${AMENT_PREFIX_PATH} CMAKE_PREFIX_PATH=/workspace/src/install/ros2_data:/workspace/src/install/lakme_ros:/workspace/install/lakme_ros:/opt/ros/humble LD_LIBRARY_PATH=/workspace/src/install/ros2_data/lib:${LD_LIBRARY_PATH} PYTHONPATH=/workspace/src/install/ros2_data/local/lib/python3.10/dist-packages:${PYTHONPATH} /usr/bin/cmake /workspace/src/ros2_RobotSimulation/ABBRobots/IRB120/irb120_ros2_moveit2 -DCMAKE_INSTALL_PREFIX=/workspace/src/install/irb120_ros2_moveit2
[0.239s] -- The C compiler identification is GNU 11.3.0
[0.390s] -- The CXX compiler identification is GNU 11.3.0
[0.406s] -- Detecting C compiler ABI info
[0.572s] -- Detecting C compiler ABI info - done
[0.595s] -- Check for working C compiler: /usr/bin/cc - skipped
[0.596s] -- Detecting C compile features
[0.597s] -- Detecting C compile features - done
[0.607s] -- Detecting CXX compiler ABI info
[0.847s] -- Detecting CXX compiler ABI info - done
[0.867s] -- Check for working CXX compiler: /usr/bin/c++ - skipped
[0.868s] -- Detecting CXX compile features
[0.869s] -- Detecting CXX compile features - done
[0.878s] -- Found ament_cmake: 1.3.4 (/opt/ros/humble/share/ament_cmake/cmake)
[1.314s] -- Found Python3: /usr/bin/python3.10 (found version "3.10.6") found components: Interpreter 
[1.525s] -- Found ament_lint_auto: 0.12.6 (/opt/ros/humble/share/ament_lint_auto/cmake)
[1.722s] -- Added test 'copyright' to check source files copyright and LICENSE
[1.734s] -- Added test 'flake8' to check Python code syntax and style conventions
[1.735s] -- Added test 'lint_cmake' to check CMake code style
[1.736s] -- Added test 'pep257' to check Python code against some of the docstring style conventions in PEP 257
[1.738s] -- Added test 'xmllint' to check XML markup files
[1.740s] -- Configuring done
[1.746s] -- Generating done
[1.747s] -- Build files have been written to: /workspace/src/build/irb120_ros2_moveit2
[1.764s] Invoked command in '/workspace/src/build/irb120_ros2_moveit2' returned '0': AMENT_PREFIX_PATH=/workspace/src/install/ros2_data:${AMENT_PREFIX_PATH} CMAKE_PREFIX_PATH=/workspace/src/install/ros2_data:/workspace/src/install/lakme_ros:/workspace/install/lakme_ros:/opt/ros/humble LD_LIBRARY_PATH=/workspace/src/install/ros2_data/lib:${LD_LIBRARY_PATH} PYTHONPATH=/workspace/src/install/ros2_data/local/lib/python3.10/dist-packages:${PYTHONPATH} /usr/bin/cmake /workspace/src/ros2_RobotSimulation/ABBRobots/IRB120/irb120_ros2_moveit2 -DCMAKE_INSTALL_PREFIX=/workspace/src/install/irb120_ros2_moveit2
[1.765s] Invoking command in '/workspace/src/build/irb120_ros2_moveit2': AMENT_PREFIX_PATH=/workspace/src/install/ros2_data:${AMENT_PREFIX_PATH} CMAKE_PREFIX_PATH=/workspace/src/install/ros2_data:/workspace/src/install/lakme_ros:/workspace/install/lakme_ros:/opt/ros/humble LD_LIBRARY_PATH=/workspace/src/install/ros2_data/lib:${LD_LIBRARY_PATH} PYTHONPATH=/workspace/src/install/ros2_data/local/lib/python3.10/dist-packages:${PYTHONPATH} /usr/bin/cmake --build /workspace/src/build/irb120_ros2_moveit2 -- -j12 -l12
[1.829s] Invoked command in '/workspace/src/build/irb120_ros2_moveit2' returned '0': AMENT_PREFIX_PATH=/workspace/src/install/ros2_data:${AMENT_PREFIX_PATH} CMAKE_PREFIX_PATH=/workspace/src/install/ros2_data:/workspace/src/install/lakme_ros:/workspace/install/lakme_ros:/opt/ros/humble LD_LIBRARY_PATH=/workspace/src/install/ros2_data/lib:${LD_LIBRARY_PATH} PYTHONPATH=/workspace/src/install/ros2_data/local/lib/python3.10/dist-packages:${PYTHONPATH} /usr/bin/cmake --build /workspace/src/build/irb120_ros2_moveit2 -- -j12 -l12
[1.869s] Invoking command in '/workspace/src/build/irb120_ros2_moveit2': AMENT_PREFIX_PATH=/workspace/src/install/ros2_data:${AMENT_PREFIX_PATH} CMAKE_PREFIX_PATH=/workspace/src/install/ros2_data:/workspace/src/install/lakme_ros:/workspace/install/lakme_ros:/opt/ros/humble LD_LIBRARY_PATH=/workspace/src/install/ros2_data/lib:${LD_LIBRARY_PATH} PYTHONPATH=/workspace/src/install/ros2_data/local/lib/python3.10/dist-packages:${PYTHONPATH} /usr/bin/cmake --install /workspace/src/build/irb120_ros2_moveit2
[1.891s] -- Install configuration: ""
[1.892s] -- Installing: /workspace/src/install/irb120_ros2_moveit2/share/irb120_ros2_moveit2/config
[1.893s] -- Installing: /workspace/src/install/irb120_ros2_moveit2/share/irb120_ros2_moveit2/config/irb120.srdf
[1.896s] -- Installing: /workspace/src/install/irb120_ros2_moveit2/share/irb120_ros2_moveit2/config/irb120egp64_controllers.yaml
[1.897s] -- Installing: /workspace/src/install/irb120_ros2_moveit2/share/irb120_ros2_moveit2/config/irb120_moveit2.rviz
[1.898s] -- Installing: /workspace/src/install/irb120_ros2_moveit2/share/irb120_ros2_moveit2/config/irb120egp64_moveit2.rviz
[1.898s] -- Installing: /workspace/src/install/irb120_ros2_moveit2/share/irb120_ros2_moveit2/config/ompl_planning.yaml
[1.898s] -- Installing: /workspace/src/install/irb120_ros2_moveit2/share/irb120_ros2_moveit2/config/irb120_controllers.yaml
[1.898s] -- Installing: /workspace/src/install/irb120_ros2_moveit2/share/irb120_ros2_moveit2/config/irb120egp64.srdf
[1.899s] -- Installing: /workspace/src/install/irb120_ros2_moveit2/share/irb120_ros2_moveit2/config/kinematics.yaml
[1.899s] -- Installing: /workspace/src/install/irb120_ros2_moveit2/share/irb120_ros2_moveit2/config/ompl_planning_egp64.yaml
[1.899s] -- Installing: /workspace/src/install/irb120_ros2_moveit2/share/irb120_ros2_moveit2/launch
[1.900s] -- Installing: /workspace/src/install/irb120_ros2_moveit2/share/irb120_ros2_moveit2/launch/irb120_interface.launch.py
[1.903s] -- Installing: /workspace/src/install/irb120_ros2_moveit2/share/irb120_ros2_moveit2/launch/irb120.launch.py
[1.903s] -- Installing: /workspace/src/install/irb120_ros2_moveit2/share/ament_index/resource_index/package_run_dependencies/irb120_ros2_moveit2
[1.904s] -- Installing: /workspace/src/install/irb120_ros2_moveit2/share/ament_index/resource_index/parent_prefix_path/irb120_ros2_moveit2
[1.904s] -- Installing: /workspace/src/install/irb120_ros2_moveit2/share/irb120_ros2_moveit2/environment/ament_prefix_path.sh
[1.904s] -- Installing: /workspace/src/install/irb120_ros2_moveit2/share/irb120_ros2_moveit2/environment/ament_prefix_path.dsv
[1.904s] -- Installing: /workspace/src/install/irb120_ros2_moveit2/share/irb120_ros2_moveit2/environment/path.sh
[1.904s] -- Installing: /workspace/src/install/irb120_ros2_moveit2/share/irb120_ros2_moveit2/environment/path.dsv
[1.907s] -- Installing: /workspace/src/install/irb120_ros2_moveit2/share/irb120_ros2_moveit2/local_setup.bash
[1.907s] -- Installing: /workspace/src/install/irb120_ros2_moveit2/share/irb120_ros2_moveit2/local_setup.sh
[1.908s] -- Installing: /workspace/src/install/irb120_ros2_moveit2/share/irb120_ros2_moveit2/local_setup.zsh
[1.909s] -- Installing: /workspace/src/install/irb120_ros2_moveit2/share/irb120_ros2_moveit2/local_setup.dsv
[1.909s] -- Installing: /workspace/src/install/irb120_ros2_moveit2/share/irb120_ros2_moveit2/package.dsv
[1.910s] -- Installing: /workspace/src/install/irb120_ros2_moveit2/share/ament_index/resource_index/packages/irb120_ros2_moveit2
[1.911s] -- Installing: /workspace/src/install/irb120_ros2_moveit2/share/irb120_ros2_moveit2/cmake/irb120_ros2_moveit2Config.cmake
[1.912s] -- Installing: /workspace/src/install/irb120_ros2_moveit2/share/irb120_ros2_moveit2/cmake/irb120_ros2_moveit2Config-version.cmake
[1.913s] -- Installing: /workspace/src/install/irb120_ros2_moveit2/share/irb120_ros2_moveit2/package.xml
[1.920s] Invoked command in '/workspace/src/build/irb120_ros2_moveit2' returned '0': AMENT_PREFIX_PATH=/workspace/src/install/ros2_data:${AMENT_PREFIX_PATH} CMAKE_PREFIX_PATH=/workspace/src/install/ros2_data:/workspace/src/install/lakme_ros:/workspace/install/lakme_ros:/opt/ros/humble LD_LIBRARY_PATH=/workspace/src/install/ros2_data/lib:${LD_LIBRARY_PATH} PYTHONPATH=/workspace/src/install/ros2_data/local/lib/python3.10/dist-packages:${PYTHONPATH} /usr/bin/cmake --install /workspace/src/build/irb120_ros2_moveit2
