[0.013s] Invoking command in '/workspace/build/tutorial_interfaces': CMAKE_PREFIX_PATH=${CMAKE_PREFIX_PATH}:/workspace/install/srvcli:/workspace/install/pubsub:/workspace/install/my_py_pkg:/workspace/install/my_package:/opt/ros/humble /usr/bin/cmake /workspace/tutorial_interfaces -DCMAKE_INSTALL_PREFIX=/workspace/install/tutorial_interfaces
[0.140s] -- The C compiler identification is GNU 11.3.0
[0.270s] -- The CXX compiler identification is GNU 11.3.0
[0.278s] -- Detecting C compiler ABI info
[0.343s] -- Detecting C compiler ABI info - done
[0.349s] -- Check for working C compiler: /usr/bin/cc - skipped
[0.350s] -- Detecting C compile features
[0.350s] -- Detecting C compile features - done
[0.353s] -- Detecting CXX compiler ABI info
[0.421s] -- Detecting CXX compiler ABI info - done
[0.428s] -- Check for working CXX compiler: /usr/bin/c++ - skipped
[0.428s] -- Detecting CXX compile features
[0.429s] -- Detecting CXX compile features - done
[0.434s] -- Found ament_cmake: 1.3.3 (/opt/ros/humble/share/ament_cmake/cmake)
[0.595s] -- Found Python3: /usr/bin/python3.10 (found version "3.10.6") found components: Interpreter 
[0.721s] -- Found ament_lint_auto: 0.12.5 (/opt/ros/humble/share/ament_lint_auto/cmake)
[0.800s] -- Found geometry_msgs: 4.2.3 (/opt/ros/humble/share/geometry_msgs/cmake)
[0.852s] -- Found rosidl_generator_c: 3.1.4 (/opt/ros/humble/share/rosidl_generator_c/cmake)
[0.859s] -- Found rosidl_adapter: 3.1.4 (/opt/ros/humble/share/rosidl_adapter/cmake)
[0.870s] -- Found rosidl_generator_cpp: 3.1.4 (/opt/ros/humble/share/rosidl_generator_cpp/cmake)
[0.888s] -- Using all available rosidl_typesupport_c: rosidl_typesupport_fastrtps_c;rosidl_typesupport_introspection_c
[0.912s] -- Using all available rosidl_typesupport_cpp: rosidl_typesupport_fastrtps_cpp;rosidl_typesupport_introspection_cpp
[1.044s] -- Found rosidl_default_generators: 1.2.0 (/opt/ros/humble/share/rosidl_default_generators/cmake)
[1.264s] -- Found ament_cmake_ros: 0.10.0 (/opt/ros/humble/share/ament_cmake_ros/cmake)
[1.652s] -- Using all available rosidl_typesupport_c: rosidl_typesupport_fastrtps_c;rosidl_typesupport_introspection_c
[1.803s] -- Using all available rosidl_typesupport_cpp: rosidl_typesupport_fastrtps_cpp;rosidl_typesupport_introspection_cpp
[1.825s] -- Found PythonInterp: /usr/bin/python3 (found suitable version "3.10.6", minimum required is "3.6") 
[1.828s] -- Found python_cmake_module: 0.10.0 (/opt/ros/humble/share/python_cmake_module/cmake)
[1.854s] -- Found PythonLibs: /usr/lib/x86_64-linux-gnu/libpython3.10.so (found suitable version "3.10.6", minimum required is "3.5") 
[1.854s] -- Using PYTHON_EXECUTABLE: /usr/bin/python3
[1.854s] -- Using PYTHON_INCLUDE_DIRS: /usr/include/python3.10
[1.854s] -- Using PYTHON_LIBRARIES: /usr/lib/x86_64-linux-gnu/libpython3.10.so
[1.874s] -- Found PythonExtra: .so  
[1.937s] -- Added test 'lint_cmake' to check CMake code style
[1.939s] -- Added test 'xmllint' to check XML markup files
[1.945s] -- Configuring done
[1.981s] -- Generating done
[1.983s] -- Build files have been written to: /workspace/build/tutorial_interfaces
[1.992s] Invoked command in '/workspace/build/tutorial_interfaces' returned '0': CMAKE_PREFIX_PATH=${CMAKE_PREFIX_PATH}:/workspace/install/srvcli:/workspace/install/pubsub:/workspace/install/my_py_pkg:/workspace/install/my_package:/opt/ros/humble /usr/bin/cmake /workspace/tutorial_interfaces -DCMAKE_INSTALL_PREFIX=/workspace/install/tutorial_interfaces
[1.994s] Invoking command in '/workspace/build/tutorial_interfaces': CMAKE_PREFIX_PATH=${CMAKE_PREFIX_PATH}:/workspace/install/srvcli:/workspace/install/pubsub:/workspace/install/my_py_pkg:/workspace/install/my_package:/opt/ros/humble /usr/bin/cmake --build /workspace/build/tutorial_interfaces -- -j12 -l12
[2.032s] [  2%] [34m[1mGenerating C code for ROS interfaces[0m
[2.044s] [  4%] [34m[1mGenerating C++ code for ROS interfaces[0m
[2.053s] [  4%] Built target ament_cmake_python_copy_tutorial_interfaces
[2.248s] running egg_info
[2.249s] creating tutorial_interfaces.egg-info
[2.249s] writing tutorial_interfaces.egg-info/PKG-INFO
[2.249s] writing dependency_links to tutorial_interfaces.egg-info/dependency_links.txt
[2.250s] writing top-level names to tutorial_interfaces.egg-info/top_level.txt
[2.250s] writing manifest file 'tutorial_interfaces.egg-info/SOURCES.txt'
[2.252s] reading manifest file 'tutorial_interfaces.egg-info/SOURCES.txt'
[2.253s] writing manifest file 'tutorial_interfaces.egg-info/SOURCES.txt'
[2.275s] [  4%] Built target ament_cmake_python_build_tutorial_interfaces_egg
[2.394s] [  4%] Built target tutorial_interfaces__cpp
[2.404s] [  8%] [34m[1mGenerating C++ introspection for ROS interfaces[0m
[2.404s] [  8%] [34m[1mGenerating C++ type support dispatch for ROS interfaces[0m
[2.404s] [ 10%] [34m[1mGenerating C++ type support for eProsima Fast-RTPS[0m
[2.414s] [ 12%] [32mBuilding C object CMakeFiles/tutorial_interfaces__rosidl_generator_c.dir/rosidl_generator_c/tutorial_interfaces/msg/detail/num__functions.c.o[0m
[2.415s] [ 14%] [32mBuilding C object CMakeFiles/tutorial_interfaces__rosidl_generator_c.dir/rosidl_generator_c/tutorial_interfaces/srv/detail/add_three_ints__functions.c.o[0m
[2.415s] [ 17%] [32mBuilding C object CMakeFiles/tutorial_interfaces__rosidl_generator_c.dir/rosidl_generator_c/tutorial_interfaces/msg/detail/sphere__functions.c.o[0m
[2.488s] [ 19%] [32m[1mLinking C shared library libtutorial_interfaces__rosidl_generator_c.so[0m
[2.526s] [ 19%] Built target tutorial_interfaces__rosidl_generator_c
[2.537s] [ 25%] [34m[1mGenerating C introspection for ROS interfaces[0m
[2.538s] [ 25%] [34m[1mGenerating C type support for eProsima Fast-RTPS[0m
[2.538s] [ 25%] [34m[1mGenerating C type support dispatch for ROS interfaces[0m
[2.693s] [ 29%] [32mBuilding CXX object CMakeFiles/tutorial_interfaces__rosidl_typesupport_cpp.dir/rosidl_typesupport_cpp/tutorial_interfaces/srv/add_three_ints__type_support.cpp.o[0m
[2.693s] [ 29%] [32mBuilding CXX object CMakeFiles/tutorial_interfaces__rosidl_typesupport_cpp.dir/rosidl_typesupport_cpp/tutorial_interfaces/msg/num__type_support.cpp.o[0m
[2.694s] [ 31%] [32mBuilding CXX object CMakeFiles/tutorial_interfaces__rosidl_typesupport_cpp.dir/rosidl_typesupport_cpp/tutorial_interfaces/msg/sphere__type_support.cpp.o[0m
[2.724s] [ 34%] [32mBuilding CXX object CMakeFiles/tutorial_interfaces__rosidl_typesupport_introspection_cpp.dir/rosidl_typesupport_introspection_cpp/tutorial_interfaces/msg/detail/sphere__type_support.cpp.o[0m
[2.724s] [ 36%] [32mBuilding CXX object CMakeFiles/tutorial_interfaces__rosidl_typesupport_introspection_cpp.dir/rosidl_typesupport_introspection_cpp/tutorial_interfaces/msg/detail/num__type_support.cpp.o[0m
[2.725s] [ 38%] [32mBuilding CXX object CMakeFiles/tutorial_interfaces__rosidl_typesupport_introspection_cpp.dir/rosidl_typesupport_introspection_cpp/tutorial_interfaces/srv/detail/add_three_ints__type_support.cpp.o[0m
[2.840s] [ 42%] [32mBuilding CXX object CMakeFiles/tutorial_interfaces__rosidl_typesupport_fastrtps_cpp.dir/rosidl_typesupport_fastrtps_cpp/tutorial_interfaces/msg/detail/dds_fastrtps/num__type_support.cpp.o[0m
[2.841s] [ 42%] [32mBuilding CXX object CMakeFiles/tutorial_interfaces__rosidl_typesupport_fastrtps_cpp.dir/rosidl_typesupport_fastrtps_cpp/tutorial_interfaces/msg/detail/dds_fastrtps/sphere__type_support.cpp.o[0m
[2.853s] [ 44%] [32mBuilding CXX object CMakeFiles/tutorial_interfaces__rosidl_typesupport_fastrtps_cpp.dir/rosidl_typesupport_fastrtps_cpp/tutorial_interfaces/srv/detail/dds_fastrtps/add_three_ints__type_support.cpp.o[0m
[3.031s] [ 46%] [32mBuilding CXX object CMakeFiles/tutorial_interfaces__rosidl_typesupport_c.dir/rosidl_typesupport_c/tutorial_interfaces/msg/num__type_support.cpp.o[0m
[3.041s] [ 48%] [32mBuilding C object CMakeFiles/tutorial_interfaces__rosidl_typesupport_introspection_c.dir/rosidl_typesupport_introspection_c/tutorial_interfaces/msg/detail/num__type_support.c.o[0m
[3.111s] [ 51%] [32mBuilding C object CMakeFiles/tutorial_interfaces__rosidl_typesupport_introspection_c.dir/rosidl_typesupport_introspection_c/tutorial_interfaces/msg/detail/sphere__type_support.c.o[0m
[3.153s] [ 53%] [32mBuilding CXX object CMakeFiles/tutorial_interfaces__rosidl_typesupport_c.dir/rosidl_typesupport_c/tutorial_interfaces/msg/sphere__type_support.cpp.o[0m
[3.155s] [ 55%] [32mBuilding CXX object CMakeFiles/tutorial_interfaces__rosidl_typesupport_c.dir/rosidl_typesupport_c/tutorial_interfaces/srv/add_three_ints__type_support.cpp.o[0m
[3.174s] [ 57%] [32mBuilding C object CMakeFiles/tutorial_interfaces__rosidl_typesupport_introspection_c.dir/rosidl_typesupport_introspection_c/tutorial_interfaces/srv/detail/add_three_ints__type_support.c.o[0m
[3.199s] [ 59%] [32m[1mLinking CXX shared library libtutorial_interfaces__rosidl_typesupport_cpp.so[0m
[3.201s] [ 61%] [32mBuilding CXX object CMakeFiles/tutorial_interfaces__rosidl_typesupport_fastrtps_c.dir/rosidl_typesupport_fastrtps_c/tutorial_interfaces/msg/detail/num__type_support_c.cpp.o[0m
[3.205s] [ 63%] [32mBuilding CXX object CMakeFiles/tutorial_interfaces__rosidl_typesupport_fastrtps_c.dir/rosidl_typesupport_fastrtps_c/tutorial_interfaces/msg/detail/sphere__type_support_c.cpp.o[0m
[3.209s] [ 65%] [32m[1mLinking CXX shared library libtutorial_interfaces__rosidl_typesupport_c.so[0m
[3.210s] [ 68%] [32mBuilding CXX object CMakeFiles/tutorial_interfaces__rosidl_typesupport_fastrtps_c.dir/rosidl_typesupport_fastrtps_c/tutorial_interfaces/srv/detail/add_three_ints__type_support_c.cpp.o[0m
[3.237s] [ 70%] [32m[1mLinking C shared library libtutorial_interfaces__rosidl_typesupport_introspection_c.so[0m
[3.283s] [ 70%] Built target tutorial_interfaces__rosidl_typesupport_cpp
[3.295s] [ 70%] Built target tutorial_interfaces__rosidl_typesupport_c
[3.302s] [ 70%] Built target tutorial_interfaces__rosidl_typesupport_introspection_c
[3.369s] [ 72%] [32m[1mLinking CXX shared library libtutorial_interfaces__rosidl_typesupport_introspection_cpp.so[0m
[3.441s] [ 72%] Built target tutorial_interfaces__rosidl_typesupport_introspection_cpp
[3.532s] [ 74%] [32m[1mLinking CXX shared library libtutorial_interfaces__rosidl_typesupport_fastrtps_cpp.so[0m
[3.606s] [ 74%] Built target tutorial_interfaces__rosidl_typesupport_fastrtps_cpp
[3.656s] [ 76%] [32m[1mLinking CXX shared library libtutorial_interfaces__rosidl_typesupport_fastrtps_c.so[0m
[3.722s] [ 76%] Built target tutorial_interfaces__rosidl_typesupport_fastrtps_c
[3.745s] [ 76%] Built target tutorial_interfaces
[3.765s] [ 78%] [34m[1mGenerating Python code for ROS interfaces[0m
[4.194s] [ 78%] Built target tutorial_interfaces__py
[4.214s] [ 85%] [32mBuilding C object CMakeFiles/tutorial_interfaces__rosidl_generator_py.dir/rosidl_generator_py/tutorial_interfaces/msg/_sphere_s.c.o[0m
[4.214s] [ 85%] [32mBuilding C object CMakeFiles/tutorial_interfaces__rosidl_generator_py.dir/rosidl_generator_py/tutorial_interfaces/srv/_add_three_ints_s.c.o[0m
[4.214s] [ 85%] [32mBuilding C object CMakeFiles/tutorial_interfaces__rosidl_generator_py.dir/rosidl_generator_py/tutorial_interfaces/msg/_num_s.c.o[0m
[4.331s] [ 87%] [32m[1mLinking C shared library rosidl_generator_py/tutorial_interfaces/libtutorial_interfaces__rosidl_generator_py.so[0m
[4.370s] [ 87%] Built target tutorial_interfaces__rosidl_generator_py
[4.389s] [ 93%] [32mBuilding C object CMakeFiles/tutorial_interfaces__rosidl_typesupport_c__pyext.dir/rosidl_generator_py/tutorial_interfaces/_tutorial_interfaces_s.ep.rosidl_typesupport_c.c.o[0m
[4.389s] [ 93%] [32mBuilding C object CMakeFiles/tutorial_interfaces__rosidl_typesupport_introspection_c__pyext.dir/rosidl_generator_py/tutorial_interfaces/_tutorial_interfaces_s.ep.rosidl_typesupport_introspection_c.c.o[0m
[4.389s] [ 93%] [32mBuilding C object CMakeFiles/tutorial_interfaces__rosidl_typesupport_fastrtps_c__pyext.dir/rosidl_generator_py/tutorial_interfaces/_tutorial_interfaces_s.ep.rosidl_typesupport_fastrtps_c.c.o[0m
[4.493s] [100%] [32m[1mLinking C shared library rosidl_generator_py/tutorial_interfaces/tutorial_interfaces_s__rosidl_typesupport_fastrtps_c.cpython-310-x86_64-linux-gnu.so[0m
[4.494s] [100%] [32m[1mLinking C shared library rosidl_generator_py/tutorial_interfaces/tutorial_interfaces_s__rosidl_typesupport_c.cpython-310-x86_64-linux-gnu.so[0m
[4.494s] [100%] [32m[1mLinking C shared library rosidl_generator_py/tutorial_interfaces/tutorial_interfaces_s__rosidl_typesupport_introspection_c.cpython-310-x86_64-linux-gnu.so[0m
[4.533s] [100%] Built target tutorial_interfaces__rosidl_typesupport_c__pyext
[4.534s] [100%] Built target tutorial_interfaces__rosidl_typesupport_fastrtps_c__pyext
[4.534s] [100%] Built target tutorial_interfaces__rosidl_typesupport_introspection_c__pyext
[4.546s] Invoked command in '/workspace/build/tutorial_interfaces' returned '0': CMAKE_PREFIX_PATH=${CMAKE_PREFIX_PATH}:/workspace/install/srvcli:/workspace/install/pubsub:/workspace/install/my_py_pkg:/workspace/install/my_package:/opt/ros/humble /usr/bin/cmake --build /workspace/build/tutorial_interfaces -- -j12 -l12
[4.639s] Invoking command in '/workspace/build/tutorial_interfaces': CMAKE_PREFIX_PATH=${CMAKE_PREFIX_PATH}:/workspace/install/srvcli:/workspace/install/pubsub:/workspace/install/my_py_pkg:/workspace/install/my_package:/opt/ros/humble /usr/bin/cmake --install /workspace/build/tutorial_interfaces
[4.646s] -- Install configuration: ""
[4.647s] -- Installing: /workspace/install/tutorial_interfaces/share/ament_index/resource_index/rosidl_interfaces/tutorial_interfaces
[4.647s] -- Installing: /workspace/install/tutorial_interfaces/include/tutorial_interfaces/tutorial_interfaces
[4.647s] -- Installing: /workspace/install/tutorial_interfaces/include/tutorial_interfaces/tutorial_interfaces/srv
[4.647s] -- Installing: /workspace/install/tutorial_interfaces/include/tutorial_interfaces/tutorial_interfaces/srv/detail
[4.647s] -- Installing: /workspace/install/tutorial_interfaces/include/tutorial_interfaces/tutorial_interfaces/srv/detail/add_three_ints__functions.h
[4.647s] -- Installing: /workspace/install/tutorial_interfaces/include/tutorial_interfaces/tutorial_interfaces/srv/detail/add_three_ints__struct.h
[4.647s] -- Installing: /workspace/install/tutorial_interfaces/include/tutorial_interfaces/tutorial_interfaces/srv/detail/add_three_ints__functions.c
[4.647s] -- Installing: /workspace/install/tutorial_interfaces/include/tutorial_interfaces/tutorial_interfaces/srv/detail/add_three_ints__type_support.h
[4.647s] -- Installing: /workspace/install/tutorial_interfaces/include/tutorial_interfaces/tutorial_interfaces/srv/add_three_ints.h
[4.647s] -- Installing: /workspace/install/tutorial_interfaces/include/tutorial_interfaces/tutorial_interfaces/msg
[4.647s] -- Installing: /workspace/install/tutorial_interfaces/include/tutorial_interfaces/tutorial_interfaces/msg/num.h
[4.647s] -- Installing: /workspace/install/tutorial_interfaces/include/tutorial_interfaces/tutorial_interfaces/msg/detail
[4.648s] -- Installing: /workspace/install/tutorial_interfaces/include/tutorial_interfaces/tutorial_interfaces/msg/detail/num__struct.h
[4.648s] -- Installing: /workspace/install/tutorial_interfaces/include/tutorial_interfaces/tutorial_interfaces/msg/detail/sphere__functions.h
[4.648s] -- Installing: /workspace/install/tutorial_interfaces/include/tutorial_interfaces/tutorial_interfaces/msg/detail/sphere__functions.c
[4.648s] -- Installing: /workspace/install/tutorial_interfaces/include/tutorial_interfaces/tutorial_interfaces/msg/detail/num__functions.h
[4.648s] -- Installing: /workspace/install/tutorial_interfaces/include/tutorial_interfaces/tutorial_interfaces/msg/detail/sphere__struct.h
[4.648s] -- Installing: /workspace/install/tutorial_interfaces/include/tutorial_interfaces/tutorial_interfaces/msg/detail/sphere__type_support.h
[4.648s] -- Installing: /workspace/install/tutorial_interfaces/include/tutorial_interfaces/tutorial_interfaces/msg/detail/num__type_support.h
[4.648s] -- Installing: /workspace/install/tutorial_interfaces/include/tutorial_interfaces/tutorial_interfaces/msg/detail/num__functions.c
[4.648s] -- Installing: /workspace/install/tutorial_interfaces/include/tutorial_interfaces/tutorial_interfaces/msg/rosidl_generator_c__visibility_control.h
[4.648s] -- Installing: /workspace/install/tutorial_interfaces/include/tutorial_interfaces/tutorial_interfaces/msg/sphere.h
[4.649s] -- Installing: /workspace/install/tutorial_interfaces/share/tutorial_interfaces/environment/library_path.sh
[4.649s] -- Installing: /workspace/install/tutorial_interfaces/share/tutorial_interfaces/environment/library_path.dsv
[4.649s] -- Installing: /workspace/install/tutorial_interfaces/lib/libtutorial_interfaces__rosidl_generator_c.so
[4.649s] -- Set runtime path of "/workspace/install/tutorial_interfaces/lib/libtutorial_interfaces__rosidl_generator_c.so" to ""
[4.649s] -- Up-to-date: /workspace/install/tutorial_interfaces/include/tutorial_interfaces/tutorial_interfaces
[4.649s] -- Up-to-date: /workspace/install/tutorial_interfaces/include/tutorial_interfaces/tutorial_interfaces/srv
[4.649s] -- Up-to-date: /workspace/install/tutorial_interfaces/include/tutorial_interfaces/tutorial_interfaces/srv/detail
[4.650s] -- Installing: /workspace/install/tutorial_interfaces/include/tutorial_interfaces/tutorial_interfaces/srv/detail/add_three_ints__rosidl_typesupport_fastrtps_c.h
[4.650s] -- Up-to-date: /workspace/install/tutorial_interfaces/include/tutorial_interfaces/tutorial_interfaces/msg
[4.650s] -- Up-to-date: /workspace/install/tutorial_interfaces/include/tutorial_interfaces/tutorial_interfaces/msg/detail
[4.650s] -- Installing: /workspace/install/tutorial_interfaces/include/tutorial_interfaces/tutorial_interfaces/msg/detail/num__rosidl_typesupport_fastrtps_c.h
[4.650s] -- Installing: /workspace/install/tutorial_interfaces/include/tutorial_interfaces/tutorial_interfaces/msg/detail/sphere__rosidl_typesupport_fastrtps_c.h
[4.650s] -- Installing: /workspace/install/tutorial_interfaces/include/tutorial_interfaces/tutorial_interfaces/msg/rosidl_typesupport_fastrtps_c__visibility_control.h
[4.650s] -- Installing: /workspace/install/tutorial_interfaces/lib/libtutorial_interfaces__rosidl_typesupport_fastrtps_c.so
[4.650s] -- Set runtime path of "/workspace/install/tutorial_interfaces/lib/libtutorial_interfaces__rosidl_typesupport_fastrtps_c.so" to ""
[4.650s] -- Up-to-date: /workspace/install/tutorial_interfaces/include/tutorial_interfaces/tutorial_interfaces
[4.650s] -- Up-to-date: /workspace/install/tutorial_interfaces/include/tutorial_interfaces/tutorial_interfaces/srv
[4.650s] -- Installing: /workspace/install/tutorial_interfaces/include/tutorial_interfaces/tutorial_interfaces/srv/add_three_ints.hpp
[4.650s] -- Up-to-date: /workspace/install/tutorial_interfaces/include/tutorial_interfaces/tutorial_interfaces/srv/detail
[4.650s] -- Installing: /workspace/install/tutorial_interfaces/include/tutorial_interfaces/tutorial_interfaces/srv/detail/add_three_ints__builder.hpp
[4.650s] -- Installing: /workspace/install/tutorial_interfaces/include/tutorial_interfaces/tutorial_interfaces/srv/detail/add_three_ints__struct.hpp
[4.650s] -- Installing: /workspace/install/tutorial_interfaces/include/tutorial_interfaces/tutorial_interfaces/srv/detail/add_three_ints__traits.hpp
[4.650s] -- Up-to-date: /workspace/install/tutorial_interfaces/include/tutorial_interfaces/tutorial_interfaces/msg
[4.651s] -- Up-to-date: /workspace/install/tutorial_interfaces/include/tutorial_interfaces/tutorial_interfaces/msg/detail
[4.651s] -- Installing: /workspace/install/tutorial_interfaces/include/tutorial_interfaces/tutorial_interfaces/msg/detail/sphere__builder.hpp
[4.651s] -- Installing: /workspace/install/tutorial_interfaces/include/tutorial_interfaces/tutorial_interfaces/msg/detail/num__struct.hpp
[4.651s] -- Installing: /workspace/install/tutorial_interfaces/include/tutorial_interfaces/tutorial_interfaces/msg/detail/sphere__struct.hpp
[4.651s] -- Installing: /workspace/install/tutorial_interfaces/include/tutorial_interfaces/tutorial_interfaces/msg/detail/sphere__traits.hpp
[4.651s] -- Installing: /workspace/install/tutorial_interfaces/include/tutorial_interfaces/tutorial_interfaces/msg/detail/num__builder.hpp
[4.651s] -- Installing: /workspace/install/tutorial_interfaces/include/tutorial_interfaces/tutorial_interfaces/msg/detail/num__traits.hpp
[4.651s] -- Installing: /workspace/install/tutorial_interfaces/include/tutorial_interfaces/tutorial_interfaces/msg/num.hpp
[4.651s] -- Installing: /workspace/install/tutorial_interfaces/include/tutorial_interfaces/tutorial_interfaces/msg/sphere.hpp
[4.651s] -- Up-to-date: /workspace/install/tutorial_interfaces/include/tutorial_interfaces/tutorial_interfaces
[4.651s] -- Up-to-date: /workspace/install/tutorial_interfaces/include/tutorial_interfaces/tutorial_interfaces/srv
[4.652s] -- Up-to-date: /workspace/install/tutorial_interfaces/include/tutorial_interfaces/tutorial_interfaces/srv/detail
[4.652s] -- Installing: /workspace/install/tutorial_interfaces/include/tutorial_interfaces/tutorial_interfaces/srv/detail/add_three_ints__rosidl_typesupport_fastrtps_cpp.hpp
[4.652s] -- Installing: /workspace/install/tutorial_interfaces/include/tutorial_interfaces/tutorial_interfaces/srv/detail/dds_fastrtps
[4.652s] -- Up-to-date: /workspace/install/tutorial_interfaces/include/tutorial_interfaces/tutorial_interfaces/msg
[4.652s] -- Up-to-date: /workspace/install/tutorial_interfaces/include/tutorial_interfaces/tutorial_interfaces/msg/detail
[4.652s] -- Installing: /workspace/install/tutorial_interfaces/include/tutorial_interfaces/tutorial_interfaces/msg/detail/num__rosidl_typesupport_fastrtps_cpp.hpp
[4.652s] -- Installing: /workspace/install/tutorial_interfaces/include/tutorial_interfaces/tutorial_interfaces/msg/detail/sphere__rosidl_typesupport_fastrtps_cpp.hpp
[4.652s] -- Installing: /workspace/install/tutorial_interfaces/include/tutorial_interfaces/tutorial_interfaces/msg/detail/dds_fastrtps
[4.652s] -- Installing: /workspace/install/tutorial_interfaces/include/tutorial_interfaces/tutorial_interfaces/msg/rosidl_typesupport_fastrtps_cpp__visibility_control.h
[4.652s] -- Installing: /workspace/install/tutorial_interfaces/lib/libtutorial_interfaces__rosidl_typesupport_fastrtps_cpp.so
[4.653s] -- Set runtime path of "/workspace/install/tutorial_interfaces/lib/libtutorial_interfaces__rosidl_typesupport_fastrtps_cpp.so" to ""
[4.653s] -- Up-to-date: /workspace/install/tutorial_interfaces/include/tutorial_interfaces/tutorial_interfaces
[4.653s] -- Up-to-date: /workspace/install/tutorial_interfaces/include/tutorial_interfaces/tutorial_interfaces/srv
[4.653s] -- Up-to-date: /workspace/install/tutorial_interfaces/include/tutorial_interfaces/tutorial_interfaces/srv/detail
[4.653s] -- Installing: /workspace/install/tutorial_interfaces/include/tutorial_interfaces/tutorial_interfaces/srv/detail/add_three_ints__type_support.c
[4.653s] -- Installing: /workspace/install/tutorial_interfaces/include/tutorial_interfaces/tutorial_interfaces/srv/detail/add_three_ints__rosidl_typesupport_introspection_c.h
[4.653s] -- Up-to-date: /workspace/install/tutorial_interfaces/include/tutorial_interfaces/tutorial_interfaces/msg
[4.653s] -- Installing: /workspace/install/tutorial_interfaces/include/tutorial_interfaces/tutorial_interfaces/msg/rosidl_typesupport_introspection_c__visibility_control.h
[4.653s] -- Up-to-date: /workspace/install/tutorial_interfaces/include/tutorial_interfaces/tutorial_interfaces/msg/detail
[4.653s] -- Installing: /workspace/install/tutorial_interfaces/include/tutorial_interfaces/tutorial_interfaces/msg/detail/num__rosidl_typesupport_introspection_c.h
[4.654s] -- Installing: /workspace/install/tutorial_interfaces/include/tutorial_interfaces/tutorial_interfaces/msg/detail/num__type_support.c
[4.654s] -- Installing: /workspace/install/tutorial_interfaces/include/tutorial_interfaces/tutorial_interfaces/msg/detail/sphere__rosidl_typesupport_introspection_c.h
[4.654s] -- Installing: /workspace/install/tutorial_interfaces/include/tutorial_interfaces/tutorial_interfaces/msg/detail/sphere__type_support.c
[4.654s] -- Installing: /workspace/install/tutorial_interfaces/lib/libtutorial_interfaces__rosidl_typesupport_introspection_c.so
[4.654s] -- Set runtime path of "/workspace/install/tutorial_interfaces/lib/libtutorial_interfaces__rosidl_typesupport_introspection_c.so" to ""
[4.654s] -- Installing: /workspace/install/tutorial_interfaces/lib/libtutorial_interfaces__rosidl_typesupport_c.so
[4.654s] -- Set runtime path of "/workspace/install/tutorial_interfaces/lib/libtutorial_interfaces__rosidl_typesupport_c.so" to ""
[4.654s] -- Up-to-date: /workspace/install/tutorial_interfaces/include/tutorial_interfaces/tutorial_interfaces
[4.654s] -- Up-to-date: /workspace/install/tutorial_interfaces/include/tutorial_interfaces/tutorial_interfaces/srv
[4.654s] -- Up-to-date: /workspace/install/tutorial_interfaces/include/tutorial_interfaces/tutorial_interfaces/srv/detail
[4.654s] -- Installing: /workspace/install/tutorial_interfaces/include/tutorial_interfaces/tutorial_interfaces/srv/detail/add_three_ints__type_support.cpp
[4.655s] -- Installing: /workspace/install/tutorial_interfaces/include/tutorial_interfaces/tutorial_interfaces/srv/detail/add_three_ints__rosidl_typesupport_introspection_cpp.hpp
[4.655s] -- Up-to-date: /workspace/install/tutorial_interfaces/include/tutorial_interfaces/tutorial_interfaces/msg
[4.655s] -- Up-to-date: /workspace/install/tutorial_interfaces/include/tutorial_interfaces/tutorial_interfaces/msg/detail
[4.655s] -- Installing: /workspace/install/tutorial_interfaces/include/tutorial_interfaces/tutorial_interfaces/msg/detail/num__type_support.cpp
[4.655s] -- Installing: /workspace/install/tutorial_interfaces/include/tutorial_interfaces/tutorial_interfaces/msg/detail/sphere__rosidl_typesupport_introspection_cpp.hpp
[4.655s] -- Installing: /workspace/install/tutorial_interfaces/include/tutorial_interfaces/tutorial_interfaces/msg/detail/sphere__type_support.cpp
[4.655s] -- Installing: /workspace/install/tutorial_interfaces/include/tutorial_interfaces/tutorial_interfaces/msg/detail/num__rosidl_typesupport_introspection_cpp.hpp
[4.655s] -- Installing: /workspace/install/tutorial_interfaces/lib/libtutorial_interfaces__rosidl_typesupport_introspection_cpp.so
[4.655s] -- Set runtime path of "/workspace/install/tutorial_interfaces/lib/libtutorial_interfaces__rosidl_typesupport_introspection_cpp.so" to ""
[4.655s] -- Installing: /workspace/install/tutorial_interfaces/lib/libtutorial_interfaces__rosidl_typesupport_cpp.so
[4.655s] -- Set runtime path of "/workspace/install/tutorial_interfaces/lib/libtutorial_interfaces__rosidl_typesupport_cpp.so" to ""
[4.656s] -- Installing: /workspace/install/tutorial_interfaces/share/tutorial_interfaces/environment/pythonpath.sh
[4.656s] -- Installing: /workspace/install/tutorial_interfaces/share/tutorial_interfaces/environment/pythonpath.dsv
[4.656s] -- Installing: /workspace/install/tutorial_interfaces/local/lib/python3.10/dist-packages/tutorial_interfaces-0.0.0-py3.10.egg-info
[4.656s] -- Installing: /workspace/install/tutorial_interfaces/local/lib/python3.10/dist-packages/tutorial_interfaces-0.0.0-py3.10.egg-info/SOURCES.txt
[4.656s] -- Installing: /workspace/install/tutorial_interfaces/local/lib/python3.10/dist-packages/tutorial_interfaces-0.0.0-py3.10.egg-info/dependency_links.txt
[4.656s] -- Installing: /workspace/install/tutorial_interfaces/local/lib/python3.10/dist-packages/tutorial_interfaces-0.0.0-py3.10.egg-info/top_level.txt
[4.656s] -- Installing: /workspace/install/tutorial_interfaces/local/lib/python3.10/dist-packages/tutorial_interfaces-0.0.0-py3.10.egg-info/PKG-INFO
[4.656s] -- Installing: /workspace/install/tutorial_interfaces/local/lib/python3.10/dist-packages/tutorial_interfaces
[4.656s] -- Installing: /workspace/install/tutorial_interfaces/local/lib/python3.10/dist-packages/tutorial_interfaces/tutorial_interfaces_s__rosidl_typesupport_c.cpython-310-x86_64-linux-gnu.so
[4.657s] -- Installing: /workspace/install/tutorial_interfaces/local/lib/python3.10/dist-packages/tutorial_interfaces/tutorial_interfaces_s__rosidl_typesupport_fastrtps_c.cpython-310-x86_64-linux-gnu.so
[4.657s] -- Installing: /workspace/install/tutorial_interfaces/local/lib/python3.10/dist-packages/tutorial_interfaces/_tutorial_interfaces_s.ep.rosidl_typesupport_introspection_c.c
[4.657s] -- Installing: /workspace/install/tutorial_interfaces/local/lib/python3.10/dist-packages/tutorial_interfaces/tutorial_interfaces_s__rosidl_typesupport_introspection_c.cpython-310-x86_64-linux-gnu.so
[4.657s] -- Installing: /workspace/install/tutorial_interfaces/local/lib/python3.10/dist-packages/tutorial_interfaces/srv
[4.657s] -- Installing: /workspace/install/tutorial_interfaces/local/lib/python3.10/dist-packages/tutorial_interfaces/srv/_add_three_ints.py
[4.657s] -- Installing: /workspace/install/tutorial_interfaces/local/lib/python3.10/dist-packages/tutorial_interfaces/srv/__init__.py
[4.657s] -- Installing: /workspace/install/tutorial_interfaces/local/lib/python3.10/dist-packages/tutorial_interfaces/srv/_add_three_ints_s.c
[4.657s] -- Installing: /workspace/install/tutorial_interfaces/local/lib/python3.10/dist-packages/tutorial_interfaces/libtutorial_interfaces__rosidl_generator_py.so
[4.657s] -- Installing: /workspace/install/tutorial_interfaces/local/lib/python3.10/dist-packages/tutorial_interfaces/msg
[4.658s] -- Installing: /workspace/install/tutorial_interfaces/local/lib/python3.10/dist-packages/tutorial_interfaces/msg/_num.py
[4.658s] -- Installing: /workspace/install/tutorial_interfaces/local/lib/python3.10/dist-packages/tutorial_interfaces/msg/_sphere.py
[4.658s] -- Installing: /workspace/install/tutorial_interfaces/local/lib/python3.10/dist-packages/tutorial_interfaces/msg/_sphere_s.c
[4.658s] -- Installing: /workspace/install/tutorial_interfaces/local/lib/python3.10/dist-packages/tutorial_interfaces/msg/_num_s.c
[4.658s] -- Installing: /workspace/install/tutorial_interfaces/local/lib/python3.10/dist-packages/tutorial_interfaces/msg/__init__.py
[4.658s] -- Installing: /workspace/install/tutorial_interfaces/local/lib/python3.10/dist-packages/tutorial_interfaces/__init__.py
[4.658s] -- Installing: /workspace/install/tutorial_interfaces/local/lib/python3.10/dist-packages/tutorial_interfaces/_tutorial_interfaces_s.ep.rosidl_typesupport_c.c
[4.658s] -- Installing: /workspace/install/tutorial_interfaces/local/lib/python3.10/dist-packages/tutorial_interfaces/_tutorial_interfaces_s.ep.rosidl_typesupport_fastrtps_c.c
[4.698s] Listing '/workspace/install/tutorial_interfaces/local/lib/python3.10/dist-packages/tutorial_interfaces'...
[4.698s] Compiling '/workspace/install/tutorial_interfaces/local/lib/python3.10/dist-packages/tutorial_interfaces/__init__.py'...
[4.698s] Listing '/workspace/install/tutorial_interfaces/local/lib/python3.10/dist-packages/tutorial_interfaces/msg'...
[4.698s] Compiling '/workspace/install/tutorial_interfaces/local/lib/python3.10/dist-packages/tutorial_interfaces/msg/__init__.py'...
[4.698s] Compiling '/workspace/install/tutorial_interfaces/local/lib/python3.10/dist-packages/tutorial_interfaces/msg/_num.py'...
[4.698s] Compiling '/workspace/install/tutorial_interfaces/local/lib/python3.10/dist-packages/tutorial_interfaces/msg/_sphere.py'...
[4.698s] Listing '/workspace/install/tutorial_interfaces/local/lib/python3.10/dist-packages/tutorial_interfaces/srv'...
[4.698s] Compiling '/workspace/install/tutorial_interfaces/local/lib/python3.10/dist-packages/tutorial_interfaces/srv/__init__.py'...
[4.699s] Compiling '/workspace/install/tutorial_interfaces/local/lib/python3.10/dist-packages/tutorial_interfaces/srv/_add_three_ints.py'...
[4.702s] -- Installing: /workspace/install/tutorial_interfaces/local/lib/python3.10/dist-packages/tutorial_interfaces/tutorial_interfaces_s__rosidl_typesupport_fastrtps_c.cpython-310-x86_64-linux-gnu.so
[4.702s] -- Set runtime path of "/workspace/install/tutorial_interfaces/local/lib/python3.10/dist-packages/tutorial_interfaces/tutorial_interfaces_s__rosidl_typesupport_fastrtps_c.cpython-310-x86_64-linux-gnu.so" to ""
[4.702s] -- Installing: /workspace/install/tutorial_interfaces/local/lib/python3.10/dist-packages/tutorial_interfaces/tutorial_interfaces_s__rosidl_typesupport_introspection_c.cpython-310-x86_64-linux-gnu.so
[4.702s] -- Set runtime path of "/workspace/install/tutorial_interfaces/local/lib/python3.10/dist-packages/tutorial_interfaces/tutorial_interfaces_s__rosidl_typesupport_introspection_c.cpython-310-x86_64-linux-gnu.so" to ""
[4.703s] -- Installing: /workspace/install/tutorial_interfaces/local/lib/python3.10/dist-packages/tutorial_interfaces/tutorial_interfaces_s__rosidl_typesupport_c.cpython-310-x86_64-linux-gnu.so
[4.703s] -- Set runtime path of "/workspace/install/tutorial_interfaces/local/lib/python3.10/dist-packages/tutorial_interfaces/tutorial_interfaces_s__rosidl_typesupport_c.cpython-310-x86_64-linux-gnu.so" to ""
[4.703s] -- Installing: /workspace/install/tutorial_interfaces/lib/libtutorial_interfaces__rosidl_generator_py.so
[4.703s] -- Set runtime path of "/workspace/install/tutorial_interfaces/lib/libtutorial_interfaces__rosidl_generator_py.so" to ""
[4.704s] -- Installing: /workspace/install/tutorial_interfaces/share/tutorial_interfaces/msg/Num.idl
[4.704s] -- Installing: /workspace/install/tutorial_interfaces/share/tutorial_interfaces/msg/Sphere.idl
[4.704s] -- Installing: /workspace/install/tutorial_interfaces/share/tutorial_interfaces/srv/AddThreeInts.idl
[4.704s] -- Installing: /workspace/install/tutorial_interfaces/share/tutorial_interfaces/msg/Num.msg
[4.704s] -- Installing: /workspace/install/tutorial_interfaces/share/tutorial_interfaces/msg/Sphere.msg
[4.704s] -- Installing: /workspace/install/tutorial_interfaces/share/tutorial_interfaces/srv/AddThreeInts.srv
[4.704s] -- Installing: /workspace/install/tutorial_interfaces/share/tutorial_interfaces/srv/AddThreeInts_Request.msg
[4.704s] -- Installing: /workspace/install/tutorial_interfaces/share/tutorial_interfaces/srv/AddThreeInts_Response.msg
[4.704s] -- Installing: /workspace/install/tutorial_interfaces/share/ament_index/resource_index/package_run_dependencies/tutorial_interfaces
[4.705s] -- Installing: /workspace/install/tutorial_interfaces/share/ament_index/resource_index/parent_prefix_path/tutorial_interfaces
[4.705s] -- Installing: /workspace/install/tutorial_interfaces/share/tutorial_interfaces/environment/ament_prefix_path.sh
[4.705s] -- Installing: /workspace/install/tutorial_interfaces/share/tutorial_interfaces/environment/ament_prefix_path.dsv
[4.705s] -- Installing: /workspace/install/tutorial_interfaces/share/tutorial_interfaces/environment/path.sh
[4.705s] -- Installing: /workspace/install/tutorial_interfaces/share/tutorial_interfaces/environment/path.dsv
[4.705s] -- Installing: /workspace/install/tutorial_interfaces/share/tutorial_interfaces/local_setup.bash
[4.705s] -- Installing: /workspace/install/tutorial_interfaces/share/tutorial_interfaces/local_setup.sh
[4.706s] -- Installing: /workspace/install/tutorial_interfaces/share/tutorial_interfaces/local_setup.zsh
[4.706s] -- Installing: /workspace/install/tutorial_interfaces/share/tutorial_interfaces/local_setup.dsv
[4.706s] -- Installing: /workspace/install/tutorial_interfaces/share/tutorial_interfaces/package.dsv
[4.706s] -- Installing: /workspace/install/tutorial_interfaces/share/ament_index/resource_index/packages/tutorial_interfaces
[4.706s] -- Installing: /workspace/install/tutorial_interfaces/share/tutorial_interfaces/cmake/export_tutorial_interfaces__rosidl_generator_cExport.cmake
[4.706s] -- Installing: /workspace/install/tutorial_interfaces/share/tutorial_interfaces/cmake/export_tutorial_interfaces__rosidl_generator_cExport-noconfig.cmake
[4.706s] -- Installing: /workspace/install/tutorial_interfaces/share/tutorial_interfaces/cmake/export_tutorial_interfaces__rosidl_typesupport_fastrtps_cExport.cmake
[4.707s] -- Installing: /workspace/install/tutorial_interfaces/share/tutorial_interfaces/cmake/export_tutorial_interfaces__rosidl_typesupport_fastrtps_cExport-noconfig.cmake
[4.707s] -- Installing: /workspace/install/tutorial_interfaces/share/tutorial_interfaces/cmake/export_tutorial_interfaces__rosidl_generator_cppExport.cmake
[4.707s] -- Installing: /workspace/install/tutorial_interfaces/share/tutorial_interfaces/cmake/export_tutorial_interfaces__rosidl_typesupport_fastrtps_cppExport.cmake
[4.707s] -- Installing: /workspace/install/tutorial_interfaces/share/tutorial_interfaces/cmake/export_tutorial_interfaces__rosidl_typesupport_fastrtps_cppExport-noconfig.cmake
[4.707s] -- Installing: /workspace/install/tutorial_interfaces/share/tutorial_interfaces/cmake/tutorial_interfaces__rosidl_typesupport_introspection_cExport.cmake
[4.707s] -- Installing: /workspace/install/tutorial_interfaces/share/tutorial_interfaces/cmake/tutorial_interfaces__rosidl_typesupport_introspection_cExport-noconfig.cmake
[4.707s] -- Installing: /workspace/install/tutorial_interfaces/share/tutorial_interfaces/cmake/tutorial_interfaces__rosidl_typesupport_cExport.cmake
[4.708s] -- Installing: /workspace/install/tutorial_interfaces/share/tutorial_interfaces/cmake/tutorial_interfaces__rosidl_typesupport_cExport-noconfig.cmake
[4.708s] -- Installing: /workspace/install/tutorial_interfaces/share/tutorial_interfaces/cmake/tutorial_interfaces__rosidl_typesupport_introspection_cppExport.cmake
[4.708s] -- Installing: /workspace/install/tutorial_interfaces/share/tutorial_interfaces/cmake/tutorial_interfaces__rosidl_typesupport_introspection_cppExport-noconfig.cmake
[4.708s] -- Installing: /workspace/install/tutorial_interfaces/share/tutorial_interfaces/cmake/tutorial_interfaces__rosidl_typesupport_cppExport.cmake
[4.708s] -- Installing: /workspace/install/tutorial_interfaces/share/tutorial_interfaces/cmake/tutorial_interfaces__rosidl_typesupport_cppExport-noconfig.cmake
[4.708s] -- Installing: /workspace/install/tutorial_interfaces/share/tutorial_interfaces/cmake/export_tutorial_interfaces__rosidl_generator_pyExport.cmake
[4.708s] -- Installing: /workspace/install/tutorial_interfaces/share/tutorial_interfaces/cmake/export_tutorial_interfaces__rosidl_generator_pyExport-noconfig.cmake
[4.708s] -- Installing: /workspace/install/tutorial_interfaces/share/tutorial_interfaces/cmake/rosidl_cmake-extras.cmake
[4.708s] -- Installing: /workspace/install/tutorial_interfaces/share/tutorial_interfaces/cmake/ament_cmake_export_dependencies-extras.cmake
[4.709s] -- Installing: /workspace/install/tutorial_interfaces/share/tutorial_interfaces/cmake/ament_cmake_export_include_directories-extras.cmake
[4.709s] -- Installing: /workspace/install/tutorial_interfaces/share/tutorial_interfaces/cmake/ament_cmake_export_libraries-extras.cmake
[4.709s] -- Installing: /workspace/install/tutorial_interfaces/share/tutorial_interfaces/cmake/ament_cmake_export_targets-extras.cmake
[4.709s] -- Installing: /workspace/install/tutorial_interfaces/share/tutorial_interfaces/cmake/rosidl_cmake_export_typesupport_targets-extras.cmake
[4.709s] -- Installing: /workspace/install/tutorial_interfaces/share/tutorial_interfaces/cmake/rosidl_cmake_export_typesupport_libraries-extras.cmake
[4.709s] -- Installing: /workspace/install/tutorial_interfaces/share/tutorial_interfaces/cmake/tutorial_interfacesConfig.cmake
[4.709s] -- Installing: /workspace/install/tutorial_interfaces/share/tutorial_interfaces/cmake/tutorial_interfacesConfig-version.cmake
[4.709s] -- Installing: /workspace/install/tutorial_interfaces/share/tutorial_interfaces/package.xml
[4.712s] Invoked command in '/workspace/build/tutorial_interfaces' returned '0': CMAKE_PREFIX_PATH=${CMAKE_PREFIX_PATH}:/workspace/install/srvcli:/workspace/install/pubsub:/workspace/install/my_py_pkg:/workspace/install/my_package:/opt/ros/humble /usr/bin/cmake --install /workspace/build/tutorial_interfaces
