[1.957s] Invoking command in '/workspace/src/pubsub': PYTHONPATH=/workspace/build/pubsub/prefix_override:/workspace/install/pubsub/lib/python3.10/site-packages:${PYTHONPATH} /usr/bin/python3 setup.py egg_info --egg-base ../../build/pubsub build --build-base /workspace/build/pubsub/build install --record /workspace/build/pubsub/install.log --single-version-externally-managed
[2.381s] running egg_info
[2.382s] writing ../../build/pubsub/pubsub.egg-info/PKG-INFO
[2.385s] writing dependency_links to ../../build/pubsub/pubsub.egg-info/dependency_links.txt
[2.385s] writing entry points to ../../build/pubsub/pubsub.egg-info/entry_points.txt
[2.385s] writing requirements to ../../build/pubsub/pubsub.egg-info/requires.txt
[2.385s] writing top-level names to ../../build/pubsub/pubsub.egg-info/top_level.txt
[2.386s] reading manifest file '../../build/pubsub/pubsub.egg-info/SOURCES.txt'
[2.387s] writing manifest file '../../build/pubsub/pubsub.egg-info/SOURCES.txt'
[2.388s] running build
[2.388s] running build_py
[2.388s] running install
[2.388s] /usr/lib/python3/dist-packages/setuptools/command/install.py:34: SetuptoolsDeprecationWarning: setup.py install is deprecated. Use build and pip and other standards-based tools.
[2.388s]   warnings.warn(
[2.389s] running install_lib
[2.392s] running install_data
[2.393s] running install_egg_info
[2.397s] removing '/workspace/install/pubsub/lib/python3.10/site-packages/pubsub-0.0.0-py3.10.egg-info' (and everything under it)
[2.398s] Copying ../../build/pubsub/pubsub.egg-info to /workspace/install/pubsub/lib/python3.10/site-packages/pubsub-0.0.0-py3.10.egg-info
[2.400s] running install_scripts
[2.443s] Installing listener script to /workspace/install/pubsub/lib/pubsub
[2.444s] Installing talker script to /workspace/install/pubsub/lib/pubsub
[2.444s] writing list of installed files to '/workspace/build/pubsub/install.log'
[2.498s] Invoked command in '/workspace/src/pubsub' returned '0': PYTHONPATH=/workspace/build/pubsub/prefix_override:/workspace/install/pubsub/lib/python3.10/site-packages:${PYTHONPATH} /usr/bin/python3 setup.py egg_info --egg-base ../../build/pubsub build --build-base /workspace/build/pubsub/build install --record /workspace/build/pubsub/install.log --single-version-externally-managed
